[ 2017-09-29T16:05:04+08:00 ] 127.0.0.1 /yoyo/index.php?s=/coin/index/index.html
INFO: [ app_init ] --START--
INFO: Run Behavior\BuildLiteBehavior [ RunTime:0.000000s ]
INFO: Run Common\Behavior\InitHookBehavior [ RunTime:0.000000s ]
INFO: [ app_init ] --END-- [ RunTime:0.000000s ]
NOTIC: [8] Undefined index: router F:\wamp64\www\yoyo\Application\Common\Common\function.php 第 1936 行.
NOTIC: [8] Undefined index: router F:\wamp64\www\yoyo\Application\Common\Common\function.php 第 1936 行.
NOTIC: [8] Undefined index: router F:\wamp64\www\yoyo\Application\Common\Common\function.php 第 1936 行.
NOTIC: [8] Undefined index: router F:\wamp64\www\yoyo\Application\Common\Common\function.php 第 1936 行.
NOTIC: [8] Undefined index: router F:\wamp64\www\yoyo\Application\Common\Common\function.php 第 1936 行.
SQL: SHOW COLUMNS FROM `ocenter_config` [ RunTime:0.000000s ]
SQL: SELECT `type`,`name`,`value` FROM `ocenter_config` WHERE `status` = 1  [ RunTime:0.000000s ]
INFO: [ app_begin ] --START--
INFO: Run Behavior\ReadHtmlCacheBehavior [ RunTime:0.000000s ]
INFO: Run Behavior\CheckLangBehavior [ RunTime:0.000000s ]
INFO: [ app_begin ] --END-- [ RunTime:0.010000s ]
NOTIC: [8192] mysql_connect(): The mysql extension is deprecated and will be removed in the future: use mysqli or PDO instead F:\wamp64\www\yoyo\ThinkPHP\Library\Think\Session\Driver\Db.class.php 第 95 行.
SQL: SHOW COLUMNS FROM `ocenter_module` [ RunTime:0.000000s ]
SQL: SELECT `type`,`name`,`value` FROM `ocenter_config` WHERE `status` = 1  [ RunTime:0.000000s ]
NOTIC: [8] Undefined variable: token F:\wamp64\www\yoyo\Application\Common\Model\ModuleModel.class.php 第 242 行.
NOTIC: [8] Undefined variable: res F:\wamp64\www\yoyo\Application\Common\Common\role.php 第 147 行.
INFO: [ action_begin ] --START--
INFO: Run Common\Behavior\InitModuleInfoBehavior [ RunTime:0.000000s ]
INFO: [ action_begin ] --END-- [ RunTime:0.000000s ]
SQL: SHOW COLUMNS FROM `ocenter_tradead` [ RunTime:0.000000s ]
SQL: SELECT ocenter_tradead.pay_type,ocenter_tradead.type,ocenter_tradead.id,ocenter_tradead.uid,ocenter_tradead.price,ocenter_tradead.currency,ocenter_tradead.min_price,ocenter_tradead.max_price,ocenter_member.nickname,ocenter_member.trade_num,ocenter_avatar.path,ocenter_country.en_name as countryEn,ocenter_pay.name as payName,ocenter_pay.en_name as payEn FROM `ocenter_tradead` INNER JOIN ocenter_member on ocenter_tradead.uid = ocenter_member.uid INNER JOIN ocenter_avatar on ocenter_avatar.uid = ocenter_member.uid INNER JOIN ocenter_country on ocenter_tradead.country = ocenter_country.id INNER JOIN ocenter_pay on ocenter_tradead.pay_type = ocenter_pay.id  WHERE ( ocenter_tradead.status=1 )  [ RunTime:0.010000s ]
SQL: SHOW COLUMNS FROM `ocenter_country` [ RunTime:0.000000s ]
SQL: SELECT `id`,`name`,`code` FROM `ocenter_country`  [ RunTime:0.000000s ]
SQL: SHOW COLUMNS FROM `ocenter_currency` [ RunTime:0.000000s ]
SQL: SELECT * FROM `ocenter_currency`  [ RunTime:0.000000s ]
INFO: [ view_parse ] --START--
INFO: [ template_filter ] --START--
INFO: Run Behavior\ContentReplaceBehavior [ RunTime:0.010000s ]
INFO: [ template_filter ] --END-- [ RunTime:0.010000s ]
INFO: [ syncMeta ] --START--
INFO: Run Addons\SyncLogin\SyncLoginAddon [ RunTime:0.000000s ]
INFO: [ syncMeta ] --END-- [ RunTime:0.000000s ]
NOTIC: [8] Undefined variable: seo F:\wamp64\www\yoyo\Runtime\Cache\Coin\b91f86efc2b241962bea0f8bdf3cb772.php 第 9 行.
SQL: SHOW COLUMNS FROM `ocenter_seo_rule` [ RunTime:0.000000s ]
NOTIC: [8192] mysql_escape_string(): This function is deprecated; use mysql_real_escape_string() instead. F:\wamp64\www\yoyo\Application\Common\Model\SeoRuleModel.class.php 第 78 行.
NOTIC: [8192] mysql_escape_string(): This function is deprecated; use mysql_real_escape_string() instead. F:\wamp64\www\yoyo\Application\Common\Model\SeoRuleModel.class.php 第 79 行.
NOTIC: [8192] mysql_escape_string(): This function is deprecated; use mysql_real_escape_string() instead. F:\wamp64\www\yoyo\Application\Common\Model\SeoRuleModel.class.php 第 80 行.
SQL: SELECT * FROM `ocenter_seo_rule` WHERE ( (app='' or app='Coin') and (controller='' or controller='Index') and (action='' or action='index') and status=1 ) ORDER BY sort asc  [ RunTime:0.000000s ]
SQL: SELECT `type`,`name`,`value` FROM `ocenter_config` WHERE `status` = 1  [ RunTime:0.000000s ]
SQL: SHOW COLUMNS FROM `ocenter_pushing` [ RunTime:0.000000s ]
ERR: 1146:Table 'yoyobit.ocenter_pushing' doesn't exist
 [ SQL语句 ] : SHOW COLUMNS FROM `ocenter_pushing`
SQL: SHOW COLUMNS FROM `ocenter_member` [ RunTime:0.000000s ]
SQL: SELECT `value` FROM `ocenter_config` WHERE `name` = '_CONFIG_LOGO' LIMIT 1   [ RunTime:0.000000s ]
SQL: SHOW COLUMNS FROM `ocenter_channel` [ RunTime:0.000000s ]
NOTIC: [8] Undefined index: _ F:\wamp64\www\yoyo\Runtime\Cache\Coin\b91f86efc2b241962bea0f8bdf3cb772.php 第 144 行.
NOTIC: [8] Undefined index: _ F:\wamp64\www\yoyo\Runtime\Cache\Coin\b91f86efc2b241962bea0f8bdf3cb772.php 第 144 行.
NOTIC: [8] Undefined index: _ F:\wamp64\www\yoyo\Runtime\Cache\Coin\b91f86efc2b241962bea0f8bdf3cb772.php 第 144 行.
NOTIC: [8] Undefined index: _ F:\wamp64\www\yoyo\Runtime\Cache\Coin\b91f86efc2b241962bea0f8bdf3cb772.php 第 144 行.
SQL: SHOW COLUMNS FROM `ocenter_member` [ RunTime:0.001000s ]
SQL: SELECT `reg_time` FROM `ocenter_member` WHERE `uid` = 1 LIMIT 1   [ RunTime:0.000000s ]
SQL: SHOW COLUMNS FROM `ocenter_user_config` [ RunTime:0.000000s ]
SQL: SELECT * FROM `ocenter_user_config` WHERE `uid` = 1 AND `name` = 'user_cover' AND `role_id` = 0 AND `model` = '' LIMIT 1   [ RunTime:0.000000s ]
SQL: SHOW COLUMNS FROM `ocenter_picture` [ RunTime:0.000000s ]
SQL: SELECT * FROM `ocenter_picture` WHERE `status` = 1 AND `id` = null LIMIT 1   [ RunTime:0.000000s ]
NOTIC: [2] unlink(./Runtime/Temp/945c180f3240ad0e35d9eb8beb06401b.php): No such file or directory F:\wamp64\www\yoyo\ThinkPHP\Library\Think\Cache\Driver\File.class.php 第 157 行.
NOTIC: [2] unlink(./Runtime/Temp/deec309cb1249b5b7776ac8c8f45123b.php): No such file or directory F:\wamp64\www\yoyo\ThinkPHP\Library\Think\Cache\Driver\File.class.php 第 157 行.
NOTIC: [8] Undefined offset: 1 F:\wamp64\www\yoyo\Application\Ucenter\Model\TitleModel.class.php 第 96 行.
NOTIC: [8] Undefined offset: 1 F:\wamp64\www\yoyo\Application\Ucenter\Model\TitleModel.class.php 第 96 行.
NOTIC: [8] Undefined offset: 1 F:\wamp64\www\yoyo\Application\Ucenter\Model\TitleModel.class.php 第 96 行.
NOTIC: [8] Undefined offset: 1 F:\wamp64\www\yoyo\Application\Ucenter\Model\TitleModel.class.php 第 96 行.
SQL: SELECT `type`,`name`,`value` FROM `ocenter_config` WHERE `status` = 1  [ RunTime:0.000000s ]
NOTIC: [8] Undefined variable: token F:\wamp64\www\yoyo\Application\Common\Model\ModuleModel.class.php 第 242 行.
NOTIC: [8] Undefined variable: res F:\wamp64\www\yoyo\Application\Common\Common\role.php 第 147 行.
INFO: [ action_begin ] --START--
INFO: Run Common\Behavior\InitModuleInfoBehavior [ RunTime:0.000000s ]
INFO: [ action_begin ] --END-- [ RunTime:-0.093000s ]
INFO: [ view_parse ] --START--
INFO: [ template_filter ] --START--
INFO: Run Behavior\ContentReplaceBehavior [ RunTime:0.000000s ]
INFO: [ template_filter ] --END-- [ RunTime:-0.053000s ]
NOTIC: [8] Undefined index: title F:\wamp64\www\yoyo\Runtime\Cache\Coin\7ac86ee1d16e058d630e77679d9f3d59.php 第 6 行.
NOTIC: [8] Undefined index: children F:\wamp64\www\yoyo\Runtime\Cache\Coin\7ac86ee1d16e058d630e77679d9f3d59.php 第 15 行.
NOTIC: [8] Undefined index: li_class F:\wamp64\www\yoyo\Runtime\Cache\Coin\7ac86ee1d16e058d630e77679d9f3d59.php 第 31 行.
NOTIC: [8] Undefined index: a_class F:\wamp64\www\yoyo\Runtime\Cache\Coin\7ac86ee1d16e058d630e77679d9f3d59.php 第 32 行.
NOTIC: [8] Undefined index: icon F:\wamp64\www\yoyo\Runtime\Cache\Coin\7ac86ee1d16e058d630e77679d9f3d59.php 第 33 行.
NOTIC: [8] Undefined index: children F:\wamp64\www\yoyo\Runtime\Cache\Coin\7ac86ee1d16e058d630e77679d9f3d59.php 第 15 行.
NOTIC: [8] Undefined index: li_class F:\wamp64\www\yoyo\Runtime\Cache\Coin\7ac86ee1d16e058d630e77679d9f3d59.php 第 31 行.
NOTIC: [8] Undefined index: a_class F:\wamp64\www\yoyo\Runtime\Cache\Coin\7ac86ee1d16e058d630e77679d9f3d59.php 第 32 行.
NOTIC: [8] Undefined index: icon F:\wamp64\www\yoyo\Runtime\Cache\Coin\7ac86ee1d16e058d630e77679d9f3d59.php 第 33 行.
NOTIC: [8] Undefined index: children F:\wamp64\www\yoyo\Runtime\Cache\Coin\7ac86ee1d16e058d630e77679d9f3d59.php 第 15 行.
NOTIC: [8] Undefined index: li_class F:\wamp64\www\yoyo\Runtime\Cache\Coin\7ac86ee1d16e058d630e77679d9f3d59.php 第 31 行.
NOTIC: [8] Undefined index: a_class F:\wamp64\www\yoyo\Runtime\Cache\Coin\7ac86ee1d16e058d630e77679d9f3d59.php 第 32 行.
NOTIC: [8] Undefined index: icon F:\wamp64\www\yoyo\Runtime\Cache\Coin\7ac86ee1d16e058d630e77679d9f3d59.php 第 33 行.
NOTIC: [8] Undefined index: children F:\wamp64\www\yoyo\Runtime\Cache\Coin\7ac86ee1d16e058d630e77679d9f3d59.php 第 15 行.
NOTIC: [8] Undefined index: li_class F:\wamp64\www\yoyo\Runtime\Cache\Coin\7ac86ee1d16e058d630e77679d9f3d59.php 第 31 行.
NOTIC: [8] Undefined index: a_class F:\wamp64\www\yoyo\Runtime\Cache\Coin\7ac86ee1d16e058d630e77679d9f3d59.php 第 32 行.
NOTIC: [8] Undefined index: icon F:\wamp64\www\yoyo\Runtime\Cache\Coin\7ac86ee1d16e058d630e77679d9f3d59.php 第 33 行.
NOTIC: [8] Undefined index: children F:\wamp64\www\yoyo\Runtime\Cache\Coin\7ac86ee1d16e058d630e77679d9f3d59.php 第 15 行.
NOTIC: [8] Undefined index: li_class F:\wamp64\www\yoyo\Runtime\Cache\Coin\7ac86ee1d16e058d630e77679d9f3d59.php 第 31 行.
NOTIC: [8] Undefined index: a_class F:\wamp64\www\yoyo\Runtime\Cache\Coin\7ac86ee1d16e058d630e77679d9f3d59.php 第 32 行.
NOTIC: [8] Undefined index: icon F:\wamp64\www\yoyo\Runtime\Cache\Coin\7ac86ee1d16e058d630e77679d9f3d59.php 第 33 行.
NOTIC: [8] Undefined index: right F:\wamp64\www\yoyo\Runtime\Cache\Coin\7ac86ee1d16e058d630e77679d9f3d59.php 第 36 行.
INFO: Run Behavior\ParseTemplateBehavior [ RunTime:0.020000s ]
INFO: [ view_parse ] --END-- [ RunTime:0.020000s ]
INFO: [ view_filter ] --START--
INFO: Run Behavior\WriteHtmlCacheBehavior [ RunTime:0.000000s ]
INFO: [ view_filter ] --END-- [ RunTime:0.000000s ]
NOTIC: [8] Undefined index: name F:\wamp64\www\yoyo\Runtime\Cache\Coin\b91f86efc2b241962bea0f8bdf3cb772.php 第 435 行.
NOTIC: [8] Undefined index: name F:\wamp64\www\yoyo\Runtime\Cache\Coin\b91f86efc2b241962bea0f8bdf3cb772.php 第 435 行.
NOTIC: [8] Undefined index: name F:\wamp64\www\yoyo\Runtime\Cache\Coin\b91f86efc2b241962bea0f8bdf3cb772.php 第 435 行.
NOTIC: [8] Undefined index: name F:\wamp64\www\yoyo\Runtime\Cache\Coin\b91f86efc2b241962bea0f8bdf3cb772.php 第 435 行.
NOTIC: [8] Undefined index: name F:\wamp64\www\yoyo\Runtime\Cache\Coin\b91f86efc2b241962bea0f8bdf3cb772.php 第 435 行.
NOTIC: [8] Undefined index: name F:\wamp64\www\yoyo\Runtime\Cache\Coin\b91f86efc2b241962bea0f8bdf3cb772.php 第 435 行.
NOTIC: [8] Undefined index: name F:\wamp64\www\yoyo\Runtime\Cache\Coin\b91f86efc2b241962bea0f8bdf3cb772.php 第 435 行.
NOTIC: [8] Undefined index: name F:\wamp64\www\yoyo\Runtime\Cache\Coin\b91f86efc2b241962bea0f8bdf3cb772.php 第 435 行.
NOTIC: [8] Undefined index: name F:\wamp64\www\yoyo\Runtime\Cache\Coin\b91f86efc2b241962bea0f8bdf3cb772.php 第 435 行.
NOTIC: [8] Undefined index: name F:\wamp64\www\yoyo\Runtime\Cache\Coin\b91f86efc2b241962bea0f8bdf3cb772.php 第 435 行.
NOTIC: [8] Undefined index: name F:\wamp64\www\yoyo\Runtime\Cache\Coin\b91f86efc2b241962bea0f8bdf3cb772.php 第 435 行.
NOTIC: [8] Undefined index: name F:\wamp64\www\yoyo\Runtime\Cache\Coin\b91f86efc2b241962bea0f8bdf3cb772.php 第 435 行.
NOTIC: [8] Undefined index: name F:\wamp64\www\yoyo\Runtime\Cache\Coin\b91f86efc2b241962bea0f8bdf3cb772.php 第 435 行.
NOTIC: [8] Undefined index: name F:\wamp64\www\yoyo\Runtime\Cache\Coin\b91f86efc2b241962bea0f8bdf3cb772.php 第 435 行.
NOTIC: [8] Undefined index: name F:\wamp64\www\yoyo\Runtime\Cache\Coin\b91f86efc2b241962bea0f8bdf3cb772.php 第 435 行.
NOTIC: [8] Undefined index: name F:\wamp64\www\yoyo\Runtime\Cache\Coin\b91f86efc2b241962bea0f8bdf3cb772.php 第 435 行.
NOTIC: [8] Undefined index: name F:\wamp64\www\yoyo\Runtime\Cache\Coin\b91f86efc2b241962bea0f8bdf3cb772.php 第 435 行.
NOTIC: [8] Undefined index: name F:\wamp64\www\yoyo\Runtime\Cache\Coin\b91f86efc2b241962bea0f8bdf3cb772.php 第 435 行.
NOTIC: [8] Undefined index: name F:\wamp64\www\yoyo\Runtime\Cache\Coin\b91f86efc2b241962bea0f8bdf3cb772.php 第 435 行.
NOTIC: [8] Undefined index: name F:\wamp64\www\yoyo\Runtime\Cache\Coin\b91f86efc2b241962bea0f8bdf3cb772.php 第 435 行.
NOTIC: [8] Undefined index: name F:\wamp64\www\yoyo\Runtime\Cache\Coin\b91f86efc2b241962bea0f8bdf3cb772.php 第 435 行.
NOTIC: [8] Undefined index: name F:\wamp64\www\yoyo\Runtime\Cache\Coin\b91f86efc2b241962bea0f8bdf3cb772.php 第 435 行.
NOTIC: [8] Undefined index: name F:\wamp64\www\yoyo\Runtime\Cache\Coin\b91f86efc2b241962bea0f8bdf3cb772.php 第 435 行.
NOTIC: [8] Undefined index: name F:\wamp64\www\yoyo\Runtime\Cache\Coin\b91f86efc2b241962bea0f8bdf3cb772.php 第 435 行.
NOTIC: [8] Undefined index: name F:\wamp64\www\yoyo\Runtime\Cache\Coin\b91f86efc2b241962bea0f8bdf3cb772.php 第 435 行.
NOTIC: [8] Undefined index: name F:\wamp64\www\yoyo\Runtime\Cache\Coin\b91f86efc2b241962bea0f8bdf3cb772.php 第 435 行.
NOTIC: [8] Undefined index: name F:\wamp64\www\yoyo\Runtime\Cache\Coin\b91f86efc2b241962bea0f8bdf3cb772.php 第 435 行.
NOTIC: [8] Undefined index: name F:\wamp64\www\yoyo\Runtime\Cache\Coin\b91f86efc2b241962bea0f8bdf3cb772.php 第 435 行.
NOTIC: [8] Undefined index: name F:\wamp64\www\yoyo\Runtime\Cache\Coin\b91f86efc2b241962bea0f8bdf3cb772.php 第 435 行.
NOTIC: [8] Undefined index: name F:\wamp64\www\yoyo\Runtime\Cache\Coin\b91f86efc2b241962bea0f8bdf3cb772.php 第 435 行.
NOTIC: [8] Undefined index: name F:\wamp64\www\yoyo\Runtime\Cache\Coin\b91f86efc2b241962bea0f8bdf3cb772.php 第 435 行.
NOTIC: [8] Undefined index: name F:\wamp64\www\yoyo\Runtime\Cache\Coin\b91f86efc2b241962bea0f8bdf3cb772.php 第 435 行.
NOTIC: [8] Undefined index: name F:\wamp64\www\yoyo\Runtime\Cache\Coin\b91f86efc2b241962bea0f8bdf3cb772.php 第 435 行.
NOTIC: [8] Undefined index: name F:\wamp64\www\yoyo\Runtime\Cache\Coin\b91f86efc2b241962bea0f8bdf3cb772.php 第 435 行.
NOTIC: [8] Undefined index: name F:\wamp64\www\yoyo\Runtime\Cache\Coin\b91f86efc2b241962bea0f8bdf3cb772.php 第 435 行.
NOTIC: [8] Undefined index: name F:\wamp64\www\yoyo\Runtime\Cache\Coin\b91f86efc2b241962bea0f8bdf3cb772.php 第 435 行.
NOTIC: [8] Undefined index: name F:\wamp64\www\yoyo\Runtime\Cache\Coin\b91f86efc2b241962bea0f8bdf3cb772.php 第 435 行.
NOTIC: [8] Undefined index: name F:\wamp64\www\yoyo\Runtime\Cache\Coin\b91f86efc2b241962bea0f8bdf3cb772.php 第 435 行.
NOTIC: [8] Undefined index: name F:\wamp64\www\yoyo\Runtime\Cache\Coin\b91f86efc2b241962bea0f8bdf3cb772.php 第 435 行.
NOTIC: [8] Undefined index: name F:\wamp64\www\yoyo\Runtime\Cache\Coin\b91f86efc2b241962bea0f8bdf3cb772.php 第 435 行.
NOTIC: [8] Undefined index: name F:\wamp64\www\yoyo\Runtime\Cache\Coin\b91f86efc2b241962bea0f8bdf3cb772.php 第 435 行.
NOTIC: [8] Undefined index: name F:\wamp64\www\yoyo\Runtime\Cache\Coin\b91f86efc2b241962bea0f8bdf3cb772.php 第 435 行.
NOTIC: [8] Undefined index: name F:\wamp64\www\yoyo\Runtime\Cache\Coin\b91f86efc2b241962bea0f8bdf3cb772.php 第 435 行.
NOTIC: [8] Undefined index: name F:\wamp64\www\yoyo\Runtime\Cache\Coin\b91f86efc2b241962bea0f8bdf3cb772.php 第 435 行.
NOTIC: [8] Undefined index: name F:\wamp64\www\yoyo\Runtime\Cache\Coin\b91f86efc2b241962bea0f8bdf3cb772.php 第 435 行.
NOTIC: [8] Undefined index: name F:\wamp64\www\yoyo\Runtime\Cache\Coin\b91f86efc2b241962bea0f8bdf3cb772.php 第 435 行.
NOTIC: [8] Undefined index: name F:\wamp64\www\yoyo\Runtime\Cache\Coin\b91f86efc2b241962bea0f8bdf3cb772.php 第 435 行.
NOTIC: [8] Undefined index: name F:\wamp64\www\yoyo\Runtime\Cache\Coin\b91f86efc2b241962bea0f8bdf3cb772.php 第 435 行.
NOTIC: [8] Undefined index: name F:\wamp64\www\yoyo\Runtime\Cache\Coin\b91f86efc2b241962bea0f8bdf3cb772.php 第 435 行.
NOTIC: [8] Undefined index: name F:\wamp64\www\yoyo\Runtime\Cache\Coin\b91f86efc2b241962bea0f8bdf3cb772.php 第 435 行.
NOTIC: [8] Undefined index: name F:\wamp64\www\yoyo\Runtime\Cache\Coin\b91f86efc2b241962bea0f8bdf3cb772.php 第 435 行.
NOTIC: [8] Undefined index: name F:\wamp64\www\yoyo\Runtime\Cache\Coin\b91f86efc2b241962bea0f8bdf3cb772.php 第 435 行.
NOTIC: [8] Undefined index: name F:\wamp64\www\yoyo\Runtime\Cache\Coin\b91f86efc2b241962bea0f8bdf3cb772.php 第 435 行.
NOTIC: [8] Undefined index: name F:\wamp64\www\yoyo\Runtime\Cache\Coin\b91f86efc2b241962bea0f8bdf3cb772.php 第 435 行.
NOTIC: [8] Undefined index: name F:\wamp64\www\yoyo\Runtime\Cache\Coin\b91f86efc2b241962bea0f8bdf3cb772.php 第 435 行.
NOTIC: [8] Undefined index: name F:\wamp64\www\yoyo\Runtime\Cache\Coin\b91f86efc2b241962bea0f8bdf3cb772.php 第 435 行.
NOTIC: [8] Undefined index: name F:\wamp64\www\yoyo\Runtime\Cache\Coin\b91f86efc2b241962bea0f8bdf3cb772.php 第 435 行.
NOTIC: [8] Undefined index: name F:\wamp64\www\yoyo\Runtime\Cache\Coin\b91f86efc2b241962bea0f8bdf3cb772.php 第 435 行.
NOTIC: [8] Undefined index: name F:\wamp64\www\yoyo\Runtime\Cache\Coin\b91f86efc2b241962bea0f8bdf3cb772.php 第 435 行.
NOTIC: [8] Undefined index: name F:\wamp64\www\yoyo\Runtime\Cache\Coin\b91f86efc2b241962bea0f8bdf3cb772.php 第 435 行.
NOTIC: [8] Undefined index: name F:\wamp64\www\yoyo\Runtime\Cache\Coin\b91f86efc2b241962bea0f8bdf3cb772.php 第 435 行.
NOTIC: [8] Undefined index: name F:\wamp64\www\yoyo\Runtime\Cache\Coin\b91f86efc2b241962bea0f8bdf3cb772.php 第 435 行.
NOTIC: [8] Undefined index: name F:\wamp64\www\yoyo\Runtime\Cache\Coin\b91f86efc2b241962bea0f8bdf3cb772.php 第 435 行.
NOTIC: [8] Undefined index: name F:\wamp64\www\yoyo\Runtime\Cache\Coin\b91f86efc2b241962bea0f8bdf3cb772.php 第 435 行.
NOTIC: [8] Undefined index: name F:\wamp64\www\yoyo\Runtime\Cache\Coin\b91f86efc2b241962bea0f8bdf3cb772.php 第 435 行.
NOTIC: [8] Undefined index: name F:\wamp64\www\yoyo\Runtime\Cache\Coin\b91f86efc2b241962bea0f8bdf3cb772.php 第 435 行.
NOTIC: [8] Undefined index: name F:\wamp64\www\yoyo\Runtime\Cache\Coin\b91f86efc2b241962bea0f8bdf3cb772.php 第 435 行.
NOTIC: [8] Undefined index: name F:\wamp64\www\yoyo\Runtime\Cache\Coin\b91f86efc2b241962bea0f8bdf3cb772.php 第 435 行.
NOTIC: [8] Undefined index: name F:\wamp64\www\yoyo\Runtime\Cache\Coin\b91f86efc2b241962bea0f8bdf3cb772.php 第 435 行.
NOTIC: [8] Undefined index: name F:\wamp64\www\yoyo\Runtime\Cache\Coin\b91f86efc2b241962bea0f8bdf3cb772.php 第 435 行.
NOTIC: [8] Undefined index: name F:\wamp64\www\yoyo\Runtime\Cache\Coin\b91f86efc2b241962bea0f8bdf3cb772.php 第 435 行.
NOTIC: [8] Undefined index: name F:\wamp64\www\yoyo\Runtime\Cache\Coin\b91f86efc2b241962bea0f8bdf3cb772.php 第 435 行.
NOTIC: [8] Undefined index: name F:\wamp64\www\yoyo\Runtime\Cache\Coin\b91f86efc2b241962bea0f8bdf3cb772.php 第 435 行.
NOTIC: [8] Undefined index: name F:\wamp64\www\yoyo\Runtime\Cache\Coin\b91f86efc2b241962bea0f8bdf3cb772.php 第 435 行.
NOTIC: [8] Undefined index: name F:\wamp64\www\yoyo\Runtime\Cache\Coin\b91f86efc2b241962bea0f8bdf3cb772.php 第 435 行.
NOTIC: [8] Undefined index: name F:\wamp64\www\yoyo\Runtime\Cache\Coin\b91f86efc2b241962bea0f8bdf3cb772.php 第 435 行.
NOTIC: [8] Undefined index: name F:\wamp64\www\yoyo\Runtime\Cache\Coin\b91f86efc2b241962bea0f8bdf3cb772.php 第 435 行.
NOTIC: [8] Undefined index: name F:\wamp64\www\yoyo\Runtime\Cache\Coin\b91f86efc2b241962bea0f8bdf3cb772.php 第 435 行.
NOTIC: [8] Undefined index: name F:\wamp64\www\yoyo\Runtime\Cache\Coin\b91f86efc2b241962bea0f8bdf3cb772.php 第 435 行.
NOTIC: [8] Undefined index: name F:\wamp64\www\yoyo\Runtime\Cache\Coin\b91f86efc2b241962bea0f8bdf3cb772.php 第 435 行.
NOTIC: [8] Undefined index: name F:\wamp64\www\yoyo\Runtime\Cache\Coin\b91f86efc2b241962bea0f8bdf3cb772.php 第 435 行.
NOTIC: [8] Undefined index: name F:\wamp64\www\yoyo\Runtime\Cache\Coin\b91f86efc2b241962bea0f8bdf3cb772.php 第 435 行.
NOTIC: [8] Undefined index: name F:\wamp64\www\yoyo\Runtime\Cache\Coin\b91f86efc2b241962bea0f8bdf3cb772.php 第 435 行.
NOTIC: [8] Undefined index: name F:\wamp64\www\yoyo\Runtime\Cache\Coin\b91f86efc2b241962bea0f8bdf3cb772.php 第 435 行.
NOTIC: [8] Undefined index: name F:\wamp64\www\yoyo\Runtime\Cache\Coin\b91f86efc2b241962bea0f8bdf3cb772.php 第 435 行.
NOTIC: [8] Undefined index: name F:\wamp64\www\yoyo\Runtime\Cache\Coin\b91f86efc2b241962bea0f8bdf3cb772.php 第 435 行.
NOTIC: [8] Undefined index: name F:\wamp64\www\yoyo\Runtime\Cache\Coin\b91f86efc2b241962bea0f8bdf3cb772.php 第 435 行.
NOTIC: [8] Undefined index: name F:\wamp64\www\yoyo\Runtime\Cache\Coin\b91f86efc2b241962bea0f8bdf3cb772.php 第 435 行.
NOTIC: [8] Undefined index: name F:\wamp64\www\yoyo\Runtime\Cache\Coin\b91f86efc2b241962bea0f8bdf3cb772.php 第 435 行.
NOTIC: [8] Undefined index: name F:\wamp64\www\yoyo\Runtime\Cache\Coin\b91f86efc2b241962bea0f8bdf3cb772.php 第 435 行.
NOTIC: [8] Undefined index: name F:\wamp64\www\yoyo\Runtime\Cache\Coin\b91f86efc2b241962bea0f8bdf3cb772.php 第 435 行.
NOTIC: [8] Undefined index: name F:\wamp64\www\yoyo\Runtime\Cache\Coin\b91f86efc2b241962bea0f8bdf3cb772.php 第 435 行.
NOTIC: [8] Undefined index: name F:\wamp64\www\yoyo\Runtime\Cache\Coin\b91f86efc2b241962bea0f8bdf3cb772.php 第 435 行.
NOTIC: [8] Undefined index: name F:\wamp64\www\yoyo\Runtime\Cache\Coin\b91f86efc2b241962bea0f8bdf3cb772.php 第 435 行.
NOTIC: [8] Undefined index: name F:\wamp64\www\yoyo\Runtime\Cache\Coin\b91f86efc2b241962bea0f8bdf3cb772.php 第 435 行.
NOTIC: [8] Undefined index: name F:\wamp64\www\yoyo\Runtime\Cache\Coin\b91f86efc2b241962bea0f8bdf3cb772.php 第 435 行.
NOTIC: [8] Undefined index: name F:\wamp64\www\yoyo\Runtime\Cache\Coin\b91f86efc2b241962bea0f8bdf3cb772.php 第 435 行.
NOTIC: [8] Undefined index: name F:\wamp64\www\yoyo\Runtime\Cache\Coin\b91f86efc2b241962bea0f8bdf3cb772.php 第 435 行.
NOTIC: [8] Undefined index: name F:\wamp64\www\yoyo\Runtime\Cache\Coin\b91f86efc2b241962bea0f8bdf3cb772.php 第 435 行.
NOTIC: [8] Undefined index: name F:\wamp64\www\yoyo\Runtime\Cache\Coin\b91f86efc2b241962bea0f8bdf3cb772.php 第 435 行.
NOTIC: [8] Undefined index: name F:\wamp64\www\yoyo\Runtime\Cache\Coin\b91f86efc2b241962bea0f8bdf3cb772.php 第 435 行.
NOTIC: [8] Undefined index: name F:\wamp64\www\yoyo\Runtime\Cache\Coin\b91f86efc2b241962bea0f8bdf3cb772.php 第 435 行.
NOTIC: [8] Undefined index: name F:\wamp64\www\yoyo\Runtime\Cache\Coin\b91f86efc2b241962bea0f8bdf3cb772.php 第 435 行.
NOTIC: [8] Undefined index: name F:\wamp64\www\yoyo\Runtime\Cache\Coin\b91f86efc2b241962bea0f8bdf3cb772.php 第 435 行.
NOTIC: [8] Undefined index: name F:\wamp64\www\yoyo\Runtime\Cache\Coin\b91f86efc2b241962bea0f8bdf3cb772.php 第 435 行.
NOTIC: [8] Undefined index: name F:\wamp64\www\yoyo\Runtime\Cache\Coin\b91f86efc2b241962bea0f8bdf3cb772.php 第 435 行.
NOTIC: [8] Undefined index: name F:\wamp64\www\yoyo\Runtime\Cache\Coin\b91f86efc2b241962bea0f8bdf3cb772.php 第 435 行.
NOTIC: [8] Undefined index: name F:\wamp64\www\yoyo\Runtime\Cache\Coin\b91f86efc2b241962bea0f8bdf3cb772.php 第 435 行.
NOTIC: [8] Undefined index: name F:\wamp64\www\yoyo\Runtime\Cache\Coin\b91f86efc2b241962bea0f8bdf3cb772.php 第 435 行.
NOTIC: [8] Undefined index: name F:\wamp64\www\yoyo\Runtime\Cache\Coin\b91f86efc2b241962bea0f8bdf3cb772.php 第 435 行.
NOTIC: [8] Undefined index: name F:\wamp64\www\yoyo\Runtime\Cache\Coin\b91f86efc2b241962bea0f8bdf3cb772.php 第 435 行.
NOTIC: [8] Undefined index: name F:\wamp64\www\yoyo\Runtime\Cache\Coin\b91f86efc2b241962bea0f8bdf3cb772.php 第 435 行.
NOTIC: [8] Undefined index: name F:\wamp64\www\yoyo\Runtime\Cache\Coin\b91f86efc2b241962bea0f8bdf3cb772.php 第 435 行.
NOTIC: [8] Undefined index: name F:\wamp64\www\yoyo\Runtime\Cache\Coin\b91f86efc2b241962bea0f8bdf3cb772.php 第 435 行.
NOTIC: [8] Undefined index: name F:\wamp64\www\yoyo\Runtime\Cache\Coin\b91f86efc2b241962bea0f8bdf3cb772.php 第 435 行.
NOTIC: [8] Undefined index: name F:\wamp64\www\yoyo\Runtime\Cache\Coin\b91f86efc2b241962bea0f8bdf3cb772.php 第 435 行.
NOTIC: [8] Undefined index: name F:\wamp64\www\yoyo\Runtime\Cache\Coin\b91f86efc2b241962bea0f8bdf3cb772.php 第 435 行.
NOTIC: [8] Undefined index: name F:\wamp64\www\yoyo\Runtime\Cache\Coin\b91f86efc2b241962bea0f8bdf3cb772.php 第 435 行.
NOTIC: [8] Undefined index: name F:\wamp64\www\yoyo\Runtime\Cache\Coin\b91f86efc2b241962bea0f8bdf3cb772.php 第 435 行.
NOTIC: [8] Undefined index: name F:\wamp64\www\yoyo\Runtime\Cache\Coin\b91f86efc2b241962bea0f8bdf3cb772.php 第 435 行.
NOTIC: [8] Undefined index: name F:\wamp64\www\yoyo\Runtime\Cache\Coin\b91f86efc2b241962bea0f8bdf3cb772.php 第 435 行.
NOTIC: [8] Undefined index: name F:\wamp64\www\yoyo\Runtime\Cache\Coin\b91f86efc2b241962bea0f8bdf3cb772.php 第 435 行.
NOTIC: [8] Undefined index: name F:\wamp64\www\yoyo\Runtime\Cache\Coin\b91f86efc2b241962bea0f8bdf3cb772.php 第 435 行.
NOTIC: [8] Undefined index: name F:\wamp64\www\yoyo\Runtime\Cache\Coin\b91f86efc2b241962bea0f8bdf3cb772.php 第 435 行.
NOTIC: [8] Undefined index: name F:\wamp64\www\yoyo\Runtime\Cache\Coin\b91f86efc2b241962bea0f8bdf3cb772.php 第 435 行.
NOTIC: [8] Undefined index: name F:\wamp64\www\yoyo\Runtime\Cache\Coin\b91f86efc2b241962bea0f8bdf3cb772.php 第 435 行.
NOTIC: [8] Undefined index: name F:\wamp64\www\yoyo\Runtime\Cache\Coin\b91f86efc2b241962bea0f8bdf3cb772.php 第 435 行.
NOTIC: [8] Undefined index: name F:\wamp64\www\yoyo\Runtime\Cache\Coin\b91f86efc2b241962bea0f8bdf3cb772.php 第 435 行.
NOTIC: [8] Undefined index: name F:\wamp64\www\yoyo\Runtime\Cache\Coin\b91f86efc2b241962bea0f8bdf3cb772.php 第 435 行.
NOTIC: [8] Undefined index: name F:\wamp64\www\yoyo\Runtime\Cache\Coin\b91f86efc2b241962bea0f8bdf3cb772.php 第 435 行.
NOTIC: [8] Undefined index: name F:\wamp64\www\yoyo\Runtime\Cache\Coin\b91f86efc2b241962bea0f8bdf3cb772.php 第 435 行.
NOTIC: [8] Undefined index: name F:\wamp64\www\yoyo\Runtime\Cache\Coin\b91f86efc2b241962bea0f8bdf3cb772.php 第 435 行.
NOTIC: [8] Undefined index: name F:\wamp64\www\yoyo\Runtime\Cache\Coin\b91f86efc2b241962bea0f8bdf3cb772.php 第 435 行.
NOTIC: [8] Undefined index: name F:\wamp64\www\yoyo\Runtime\Cache\Coin\b91f86efc2b241962bea0f8bdf3cb772.php 第 435 行.
NOTIC: [8] Undefined index: name F:\wamp64\www\yoyo\Runtime\Cache\Coin\b91f86efc2b241962bea0f8bdf3cb772.php 第 435 行.
NOTIC: [8] Undefined index: name F:\wamp64\www\yoyo\Runtime\Cache\Coin\b91f86efc2b241962bea0f8bdf3cb772.php 第 435 行.
NOTIC: [8] Undefined index: name F:\wamp64\www\yoyo\Runtime\Cache\Coin\b91f86efc2b241962bea0f8bdf3cb772.php 第 435 行.
NOTIC: [8] Undefined index: name F:\wamp64\www\yoyo\Runtime\Cache\Coin\b91f86efc2b241962bea0f8bdf3cb772.php 第 435 行.
NOTIC: [8] Undefined index: name F:\wamp64\www\yoyo\Runtime\Cache\Coin\b91f86efc2b241962bea0f8bdf3cb772.php 第 435 行.
NOTIC: [8] Undefined index: name F:\wamp64\www\yoyo\Runtime\Cache\Coin\b91f86efc2b241962bea0f8bdf3cb772.php 第 435 行.
NOTIC: [8] Undefined index: name F:\wamp64\www\yoyo\Runtime\Cache\Coin\b91f86efc2b241962bea0f8bdf3cb772.php 第 435 行.
NOTIC: [8] Undefined index: name F:\wamp64\www\yoyo\Runtime\Cache\Coin\b91f86efc2b241962bea0f8bdf3cb772.php 第 435 行.
NOTIC: [8] Undefined index: name F:\wamp64\www\yoyo\Runtime\Cache\Coin\b91f86efc2b241962bea0f8bdf3cb772.php 第 435 行.
NOTIC: [8] Undefined index: name F:\wamp64\www\yoyo\Runtime\Cache\Coin\b91f86efc2b241962bea0f8bdf3cb772.php 第 435 行.
NOTIC: [8] Undefined index: name F:\wamp64\www\yoyo\Runtime\Cache\Coin\b91f86efc2b241962bea0f8bdf3cb772.php 第 435 行.
NOTIC: [8] Undefined index: name F:\wamp64\www\yoyo\Runtime\Cache\Coin\b91f86efc2b241962bea0f8bdf3cb772.php 第 435 行.
NOTIC: [8] Undefined index: name F:\wamp64\www\yoyo\Runtime\Cache\Coin\b91f86efc2b241962bea0f8bdf3cb772.php 第 435 行.
NOTIC: [8] Undefined index: name F:\wamp64\www\yoyo\Runtime\Cache\Coin\b91f86efc2b241962bea0f8bdf3cb772.php 第 435 行.
NOTIC: [8] Undefined index: name F:\wamp64\www\yoyo\Runtime\Cache\Coin\b91f86efc2b241962bea0f8bdf3cb772.php 第 435 行.
NOTIC: [8] Undefined index: name F:\wamp64\www\yoyo\Runtime\Cache\Coin\b91f86efc2b241962bea0f8bdf3cb772.php 第 435 行.
NOTIC: [8] Undefined index: name F:\wamp64\www\yoyo\Runtime\Cache\Coin\b91f86efc2b241962bea0f8bdf3cb772.php 第 435 行.
NOTIC: [8] Undefined index: name F:\wamp64\www\yoyo\Runtime\Cache\Coin\b91f86efc2b241962bea0f8bdf3cb772.php 第 435 行.
NOTIC: [8] Undefined index: name F:\wamp64\www\yoyo\Runtime\Cache\Coin\b91f86efc2b241962bea0f8bdf3cb772.php 第 435 行.
NOTIC: [8] Undefined index: name F:\wamp64\www\yoyo\Runtime\Cache\Coin\b91f86efc2b241962bea0f8bdf3cb772.php 第 435 行.
NOTIC: [8] Undefined index: name F:\wamp64\www\yoyo\Runtime\Cache\Coin\b91f86efc2b241962bea0f8bdf3cb772.php 第 435 行.
NOTIC: [8] Undefined index: name F:\wamp64\www\yoyo\Runtime\Cache\Coin\b91f86efc2b241962bea0f8bdf3cb772.php 第 435 行.
NOTIC: [8] Undefined index: name F:\wamp64\www\yoyo\Runtime\Cache\Coin\b91f86efc2b241962bea0f8bdf3cb772.php 第 435 行.
NOTIC: [8] Undefined index: name F:\wamp64\www\yoyo\Runtime\Cache\Coin\b91f86efc2b241962bea0f8bdf3cb772.php 第 435 行.
NOTIC: [8] Undefined index: name F:\wamp64\www\yoyo\Runtime\Cache\Coin\b91f86efc2b241962bea0f8bdf3cb772.php 第 435 行.
NOTIC: [8] Undefined index: name F:\wamp64\www\yoyo\Runtime\Cache\Coin\b91f86efc2b241962bea0f8bdf3cb772.php 第 435 行.
NOTIC: [8] Undefined index: name F:\wamp64\www\yoyo\Runtime\Cache\Coin\b91f86efc2b241962bea0f8bdf3cb772.php 第 435 行.
NOTIC: [8] Undefined index: name F:\wamp64\www\yoyo\Runtime\Cache\Coin\b91f86efc2b241962bea0f8bdf3cb772.php 第 435 行.
NOTIC: [8] Undefined index: name F:\wamp64\www\yoyo\Runtime\Cache\Coin\b91f86efc2b241962bea0f8bdf3cb772.php 第 435 行.
NOTIC: [8] Undefined index: name F:\wamp64\www\yoyo\Runtime\Cache\Coin\b91f86efc2b241962bea0f8bdf3cb772.php 第 435 行.
NOTIC: [8] Undefined index: name F:\wamp64\www\yoyo\Runtime\Cache\Coin\b91f86efc2b241962bea0f8bdf3cb772.php 第 435 行.
NOTIC: [8] Undefined index: name F:\wamp64\www\yoyo\Runtime\Cache\Coin\b91f86efc2b241962bea0f8bdf3cb772.php 第 435 行.
NOTIC: [8] Undefined index: name F:\wamp64\www\yoyo\Runtime\Cache\Coin\b91f86efc2b241962bea0f8bdf3cb772.php 第 435 行.
NOTIC: [8] Undefined index: name F:\wamp64\www\yoyo\Runtime\Cache\Coin\b91f86efc2b241962bea0f8bdf3cb772.php 第 435 行.
NOTIC: [8] Undefined index: name F:\wamp64\www\yoyo\Runtime\Cache\Coin\b91f86efc2b241962bea0f8bdf3cb772.php 第 435 行.
NOTIC: [8] Undefined index: name F:\wamp64\www\yoyo\Runtime\Cache\Coin\b91f86efc2b241962bea0f8bdf3cb772.php 第 435 行.
NOTIC: [8] Undefined index: name F:\wamp64\www\yoyo\Runtime\Cache\Coin\b91f86efc2b241962bea0f8bdf3cb772.php 第 435 行.
NOTIC: [8] Undefined index: name F:\wamp64\www\yoyo\Runtime\Cache\Coin\b91f86efc2b241962bea0f8bdf3cb772.php 第 435 行.
NOTIC: [8] Undefined index: id F:\wamp64\www\yoyo\Runtime\Cache\Coin\b91f86efc2b241962bea0f8bdf3cb772.php 第 439 行.
NOTIC: [8] Undefined index: name F:\wamp64\www\yoyo\Runtime\Cache\Coin\b91f86efc2b241962bea0f8bdf3cb772.php 第 440 行.
NOTIC: [8] Undefined index: id F:\wamp64\www\yoyo\Runtime\Cache\Coin\b91f86efc2b241962bea0f8bdf3cb772.php 第 439 行.
NOTIC: [8] Undefined index: name F:\wamp64\www\yoyo\Runtime\Cache\Coin\b91f86efc2b241962bea0f8bdf3cb772.php 第 440 行.
NOTIC: [8] Undefined index: id F:\wamp64\www\yoyo\Runtime\Cache\Coin\b91f86efc2b241962bea0f8bdf3cb772.php 第 439 行.
NOTIC: [8] Undefined index: name F:\wamp64\www\yoyo\Runtime\Cache\Coin\b91f86efc2b241962bea0f8bdf3cb772.php 第 440 行.
NOTIC: [8] Undefined index: id F:\wamp64\www\yoyo\Runtime\Cache\Coin\b91f86efc2b241962bea0f8bdf3cb772.php 第 439 行.
NOTIC: [8] Undefined index: name F:\wamp64\www\yoyo\Runtime\Cache\Coin\b91f86efc2b241962bea0f8bdf3cb772.php 第 440 行.
NOTIC: [8] Undefined index: id F:\wamp64\www\yoyo\Runtime\Cache\Coin\b91f86efc2b241962bea0f8bdf3cb772.php 第 439 行.
NOTIC: [8] Undefined index: name F:\wamp64\www\yoyo\Runtime\Cache\Coin\b91f86efc2b241962bea0f8bdf3cb772.php 第 440 行.
NOTIC: [8] Undefined index: id F:\wamp64\www\yoyo\Runtime\Cache\Coin\b91f86efc2b241962bea0f8bdf3cb772.php 第 439 行.
NOTIC: [8] Undefined index: name F:\wamp64\www\yoyo\Runtime\Cache\Coin\b91f86efc2b241962bea0f8bdf3cb772.php 第 440 行.
NOTIC: [8] Undefined index: id F:\wamp64\www\yoyo\Runtime\Cache\Coin\b91f86efc2b241962bea0f8bdf3cb772.php 第 439 行.
NOTIC: [8] Undefined index: name F:\wamp64\www\yoyo\Runtime\Cache\Coin\b91f86efc2b241962bea0f8bdf3cb772.php 第 440 行.
NOTIC: [8] Undefined index: id F:\wamp64\www\yoyo\Runtime\Cache\Coin\b91f86efc2b241962bea0f8bdf3cb772.php 第 439 行.
NOTIC: [8] Undefined index: name F:\wamp64\www\yoyo\Runtime\Cache\Coin\b91f86efc2b241962bea0f8bdf3cb772.php 第 440 行.
NOTIC: [8] Undefined index: id F:\wamp64\www\yoyo\Runtime\Cache\Coin\b91f86efc2b241962bea0f8bdf3cb772.php 第 439 行.
NOTIC: [8] Undefined index: name F:\wamp64\www\yoyo\Runtime\Cache\Coin\b91f86efc2b241962bea0f8bdf3cb772.php 第 440 行.
NOTIC: [8] Undefined index: id F:\wamp64\www\yoyo\Runtime\Cache\Coin\b91f86efc2b241962bea0f8bdf3cb772.php 第 439 行.
NOTIC: [8] Undefined index: name F:\wamp64\www\yoyo\Runtime\Cache\Coin\b91f86efc2b241962bea0f8bdf3cb772.php 第 440 行.
SQL: SELECT `type`,`name`,`value` FROM `ocenter_config` WHERE `status` = 1  [ RunTime:0.000000s ]
NOTIC: [8] Undefined variable: token F:\wamp64\www\yoyo\Application\Common\Model\ModuleModel.class.php 第 242 行.
NOTIC: [8] Undefined variable: res F:\wamp64\www\yoyo\Application\Common\Common\role.php 第 147 行.
INFO: [ action_begin ] --START--
INFO: Run Common\Behavior\InitModuleInfoBehavior [ RunTime:0.000000s ]
INFO: [ action_begin ] --END-- [ RunTime:-0.123000s ]
NOTIC: [2] Missing argument 1 for Common\Widget\SuperLinksWidget::superLinks() F:\wamp64\www\yoyo\Application\Common\Widget\SuperLinksWidget.class.php 第 15 行.
SQL: SHOW COLUMNS FROM `ocenter_super_links` [ RunTime:0.000000s ]
SQL: SELECT * FROM `ocenter_super_links` WHERE ( status = 1 ) ORDER BY level desc,id asc  [ RunTime:0.000000s ]
NOTIC: [2] Invalid argument supplied for foreach() F:\wamp64\www\yoyo\Application\Common\Model\SuperLinksModel.class.php 第 37 行.
NOTIC: [8] Undefined variable: data F:\wamp64\www\yoyo\Application\Common\Model\SuperLinksModel.class.php 第 48 行.
NOTIC: [8] Undefined variable: param F:\wamp64\www\yoyo\Application\Common\Widget\SuperLinksWidget.class.php 第 19 行.
INFO: [ view_parse ] --START--
INFO: [ template_filter ] --START--
INFO: Run Behavior\ContentReplaceBehavior [ RunTime:0.000000s ]
INFO: [ template_filter ] --END-- [ RunTime:-0.083000s ]
INFO: Run Behavior\ParseTemplateBehavior [ RunTime:0.010000s ]
INFO: [ view_parse ] --END-- [ RunTime:-0.020000s ]
INFO: [ view_filter ] --START--
INFO: Run Behavior\WriteHtmlCacheBehavior [ RunTime:0.000000s ]
INFO: [ view_filter ] --END-- [ RunTime:-0.030000s ]
SQL: SELECT `value` FROM `ocenter_config` WHERE `name` = '_CONFIG_QRCODE_BOTTOM' LIMIT 1   [ RunTime:0.000000s ]
NOTIC: [8] Undefined variable: site F:\wamp64\www\yoyo\Runtime\Cache\Coin\b91f86efc2b241962bea0f8bdf3cb772.php 第 549 行.
INFO: [ pageFooter ] --START--
INFO: Run Addons\SuperLinks\SuperLinksAddon [ RunTime:0.000000s ]
INFO: [ pageFooter ] --END-- [ RunTime:0.000000s ]
SQL: SELECT `type`,`name`,`value` FROM `ocenter_config` WHERE `status` = 1  [ RunTime:0.000000s ]
NOTIC: [8] Undefined variable: token F:\wamp64\www\yoyo\Application\Common\Model\ModuleModel.class.php 第 242 行.
NOTIC: [8] Undefined variable: res F:\wamp64\www\yoyo\Application\Common\Common\role.php 第 147 行.
INFO: [ action_begin ] --START--
INFO: Run Common\Behavior\InitModuleInfoBehavior [ RunTime:0.000000s ]
INFO: [ action_begin ] --END-- [ RunTime:-0.143000s ]
SQL: SELECT `type`,`name`,`value` FROM `ocenter_config` WHERE `status` = 1  [ RunTime:0.000000s ]
NOTIC: [8] Undefined variable: token F:\wamp64\www\yoyo\Application\Common\Model\ModuleModel.class.php 第 242 行.
NOTIC: [8] Undefined variable: res F:\wamp64\www\yoyo\Application\Common\Common\role.php 第 147 行.
INFO: [ action_begin ] --START--
INFO: Run Common\Behavior\InitModuleInfoBehavior [ RunTime:0.000000s ]
INFO: [ action_begin ] --END-- [ RunTime:-0.153000s ]
INFO: [ view_parse ] --START--
INFO: [ template_filter ] --START--
INFO: Run Behavior\ContentReplaceBehavior [ RunTime:0.000000s ]
INFO: [ template_filter ] --END-- [ RunTime:-0.103000s ]
INFO: Run Behavior\ParseTemplateBehavior [ RunTime:0.000000s ]
INFO: [ view_parse ] --END-- [ RunTime:-0.040000s ]
INFO: [ view_filter ] --START--
INFO: Run Behavior\WriteHtmlCacheBehavior [ RunTime:0.000000s ]
INFO: [ view_filter ] --END-- [ RunTime:-0.040000s ]
INFO: Run Behavior\ParseTemplateBehavior [ RunTime:0.000000s ]
INFO: [ view_parse ] --END-- [ RunTime:-0.040000s ]
INFO: [ view_filter ] --START--
INFO: Run Behavior\WriteHtmlCacheBehavior [ RunTime:0.000000s ]
INFO: [ view_filter ] --END-- [ RunTime:-0.040000s ]
INFO: [ app_end ] --START--
INFO: Run Behavior\ShowPageTraceBehavior [ RunTime:0.000000s ]
INFO: [ app_end ] --END-- [ RunTime:0.000000s ]

