[ 2017-10-29T15:34:33+08:00 ] 127.0.0.1 /yoyo/order/2017102610053505
INFO: [ app_init ] --START--
INFO: Run Behavior\BuildLiteBehavior [ RunTime:0.000000s ]
INFO: Run Common\Behavior\InitHookBehavior [ RunTime:0.002000s ]
INFO: [ app_init ] --END-- [ RunTime:0.002000s ]
NOTIC: [8] Undefined index: router F:\wamp64\www\yoyo\Application\Common\Common\function.php 第 1936 行.
NOTIC: [8] Undefined index: router F:\wamp64\www\yoyo\Application\Common\Common\function.php 第 1936 行.
NOTIC: [8] Undefined index: router F:\wamp64\www\yoyo\Application\Common\Common\function.php 第 1936 行.
NOTIC: [8] Undefined index: router F:\wamp64\www\yoyo\Application\Common\Common\function.php 第 1936 行.
NOTIC: [8] Undefined index: router F:\wamp64\www\yoyo\Application\Common\Common\function.php 第 1936 行.
NOTIC: [8] Undefined index: router F:\wamp64\www\yoyo\Application\Common\Common\function.php 第 1936 行.
SQL: SHOW COLUMNS FROM `ocenter_config` [ RunTime:0.001000s ]
SQL: SELECT `type`,`name`,`value` FROM `ocenter_config` WHERE `status` = 1  [ RunTime:0.001000s ]
INFO: [ app_begin ] --START--
INFO: Run Behavior\ReadHtmlCacheBehavior [ RunTime:0.001000s ]
INFO: Run Behavior\CheckLangBehavior [ RunTime:0.018000s ]
INFO: [ app_begin ] --END-- [ RunTime:0.019000s ]
NOTIC: [8192] mysql_connect(): The mysql extension is deprecated and will be removed in the future: use mysqli or PDO instead F:\wamp64\www\yoyo\ThinkPHP\Library\Think\Session\Driver\Db.class.php 第 95 行.
SQL: SHOW COLUMNS FROM `ocenter_module` [ RunTime:0.001000s ]
SQL: SELECT `type`,`name`,`value` FROM `ocenter_config` WHERE `status` = 1  [ RunTime:0.000000s ]
NOTIC: [8] Undefined variable: token F:\wamp64\www\yoyo\Application\Common\Model\ModuleModel.class.php 第 242 行.
NOTIC: [8] Undefined variable: res F:\wamp64\www\yoyo\Application\Common\Common\role.php 第 147 行.
INFO: [ action_begin ] --START--
INFO: Run Common\Behavior\InitModuleInfoBehavior [ RunTime:0.000000s ]
INFO: [ action_begin ] --END-- [ RunTime:0.000000s ]
NOTIC: [8] Undefined variable: module F:\wamp64\www\yoyo\ThinkPHP\Common\functions.php 第 1052 行.
NOTIC: [8] Undefined variable: var F:\wamp64\www\yoyo\ThinkPHP\Common\functions.php 第 1052 行.
NOTIC: [8] Undefined variable: varController F:\wamp64\www\yoyo\ThinkPHP\Common\functions.php 第 1052 行.
NOTIC: [8] Undefined variable: var F:\wamp64\www\yoyo\ThinkPHP\Common\functions.php 第 1052 行.
NOTIC: [8] Undefined variable: varAction F:\wamp64\www\yoyo\ThinkPHP\Common\functions.php 第 1052 行.
NOTIC: [8] Undefined variable: module F:\wamp64\www\yoyo\ThinkPHP\Common\functions.php 第 1052 行.
NOTIC: [8] Undefined variable: var F:\wamp64\www\yoyo\ThinkPHP\Common\functions.php 第 1052 行.
NOTIC: [8] Undefined variable: varController F:\wamp64\www\yoyo\ThinkPHP\Common\functions.php 第 1052 行.
NOTIC: [8] Undefined variable: var F:\wamp64\www\yoyo\ThinkPHP\Common\functions.php 第 1052 行.
NOTIC: [8] Undefined variable: varAction F:\wamp64\www\yoyo\ThinkPHP\Common\functions.php 第 1052 行.
NOTIC: [8] Undefined variable: module F:\wamp64\www\yoyo\ThinkPHP\Common\functions.php 第 1052 行.
NOTIC: [8] Undefined variable: var F:\wamp64\www\yoyo\ThinkPHP\Common\functions.php 第 1052 行.
NOTIC: [8] Undefined variable: varController F:\wamp64\www\yoyo\ThinkPHP\Common\functions.php 第 1052 行.
NOTIC: [8] Undefined variable: var F:\wamp64\www\yoyo\ThinkPHP\Common\functions.php 第 1052 行.
NOTIC: [8] Undefined variable: varAction F:\wamp64\www\yoyo\ThinkPHP\Common\functions.php 第 1052 行.
NOTIC: [8] Undefined variable: module F:\wamp64\www\yoyo\ThinkPHP\Common\functions.php 第 1052 行.
NOTIC: [8] Undefined variable: var F:\wamp64\www\yoyo\ThinkPHP\Common\functions.php 第 1052 行.
NOTIC: [8] Undefined variable: varController F:\wamp64\www\yoyo\ThinkPHP\Common\functions.php 第 1052 行.
NOTIC: [8] Undefined variable: var F:\wamp64\www\yoyo\ThinkPHP\Common\functions.php 第 1052 行.
NOTIC: [8] Undefined variable: varAction F:\wamp64\www\yoyo\ThinkPHP\Common\functions.php 第 1052 行.
NOTIC: [8] Undefined variable: module F:\wamp64\www\yoyo\ThinkPHP\Common\functions.php 第 1052 行.
NOTIC: [8] Undefined variable: var F:\wamp64\www\yoyo\ThinkPHP\Common\functions.php 第 1052 行.
NOTIC: [8] Undefined variable: varController F:\wamp64\www\yoyo\ThinkPHP\Common\functions.php 第 1052 行.
NOTIC: [8] Undefined variable: var F:\wamp64\www\yoyo\ThinkPHP\Common\functions.php 第 1052 行.
NOTIC: [8] Undefined variable: varAction F:\wamp64\www\yoyo\ThinkPHP\Common\functions.php 第 1052 行.
SQL: SHOW COLUMNS FROM `ocenter_trade_order` [ RunTime:0.000000s ]
SQL: SELECT ocenter_tradead.pay_remark,ocenter_pay.en_name as payType,ocenter_country.en_name as countryEn,ocenter_trade_order.ad_id,ocenter_tradead.type,ocenter_trade_order.order_id,ocenter_trade_order.pay_code,ocenter_trade_order.ad_uid,ocenter_trade_order.get_uid,ocenter_tradead.price,ocenter_trade_order.trade_price,ocenter_tradead.currency,ocenter_tradead.coin_type,ocenter_trade_order.coin_num,ocenter_trade_order.status,ocenter_tradead.pay_time,ocenter_trade_order.create_time,ocenter_trade_order.update_time,ocenter_member.nickname,ocenter_member.trade_count,ocenter_member.trade_score FROM `ocenter_trade_order` INNER JOIN ocenter_member on ocenter_trade_order.ad_uid = ocenter_member.uid INNER JOIN ocenter_tradead on ocenter_trade_order.ad_id = ocenter_tradead.id INNER JOIN ocenter_country on ocenter_tradead.country = ocenter_country.id INNER JOIN ocenter_pay on ocenter_tradead.pay_type = ocenter_pay.id  WHERE ( ocenter_trade_order.order_id='2017102610053505' and (ocenter_trade_order.ad_uid=1 or ocenter_trade_order.get_uid=1) ) LIMIT 1   [ RunTime:0.000000s ]
SQL: SHOW COLUMNS FROM `ocenter_member` [ RunTime:0.000000s ]
SQL: SELECT nickname as getName,trade_count as tradeCount,trade_score as tradeScore FROM `ocenter_member` WHERE ( uid=100 ) LIMIT 1   [ RunTime:0.000000s ]
INFO: [ view_parse ] --START--
INFO: [ template_filter ] --START--
INFO: Run Behavior\ContentReplaceBehavior [ RunTime:0.001000s ]
INFO: [ template_filter ] --END-- [ RunTime:0.001000s ]
INFO: [ syncMeta ] --START--
INFO: Run Addons\SyncLogin\SyncLoginAddon [ RunTime:0.001000s ]
INFO: [ syncMeta ] --END-- [ RunTime:0.001000s ]
NOTIC: [8] Undefined variable: seo F:\wamp64\www\yoyo\Runtime\Cache\Coin\3435759ffcecd45988fbcdaed4c274d1.php 第 9 行.
SQL: SHOW COLUMNS FROM `ocenter_seo_rule` [ RunTime:0.000000s ]
NOTIC: [8192] mysql_escape_string(): This function is deprecated; use mysql_real_escape_string() instead. F:\wamp64\www\yoyo\Application\Common\Model\SeoRuleModel.class.php 第 78 行.
NOTIC: [8192] mysql_escape_string(): This function is deprecated; use mysql_real_escape_string() instead. F:\wamp64\www\yoyo\Application\Common\Model\SeoRuleModel.class.php 第 79 行.
NOTIC: [8192] mysql_escape_string(): This function is deprecated; use mysql_real_escape_string() instead. F:\wamp64\www\yoyo\Application\Common\Model\SeoRuleModel.class.php 第 80 行.
SQL: SELECT * FROM `ocenter_seo_rule` WHERE ( (app='' or app='Coin') and (controller='' or controller='Index') and (action='' or action='order') and status=1 ) ORDER BY sort asc  [ RunTime:0.000000s ]
SQL: SELECT `type`,`name`,`value` FROM `ocenter_config` WHERE `status` = 1  [ RunTime:0.000000s ]
SQL: SHOW COLUMNS FROM `ocenter_pushing` [ RunTime:0.000000s ]
ERR: 1146:Table 'yoyobit.ocenter_pushing' doesn't exist
 [ SQL语句 ] : SHOW COLUMNS FROM `ocenter_pushing`
SQL: SHOW COLUMNS FROM `ocenter_member` [ RunTime:0.000000s ]
SQL: SHOW COLUMNS FROM `ocenter_channel` [ RunTime:0.000000s ]
NOTIC: [8] Undefined index: _ F:\wamp64\www\yoyo\Runtime\Cache\Coin\3435759ffcecd45988fbcdaed4c274d1.php 第 152 行.
NOTIC: [8] Undefined index: _ F:\wamp64\www\yoyo\Runtime\Cache\Coin\3435759ffcecd45988fbcdaed4c274d1.php 第 152 行.
NOTIC: [8] Undefined index: _ F:\wamp64\www\yoyo\Runtime\Cache\Coin\3435759ffcecd45988fbcdaed4c274d1.php 第 152 行.
NOTIC: [8] Undefined variable: module F:\wamp64\www\yoyo\ThinkPHP\Common\functions.php 第 1052 行.
NOTIC: [8] Undefined variable: var F:\wamp64\www\yoyo\ThinkPHP\Common\functions.php 第 1052 行.
NOTIC: [8] Undefined variable: varController F:\wamp64\www\yoyo\ThinkPHP\Common\functions.php 第 1052 行.
NOTIC: [8] Undefined variable: var F:\wamp64\www\yoyo\ThinkPHP\Common\functions.php 第 1052 行.
NOTIC: [8] Undefined variable: varAction F:\wamp64\www\yoyo\ThinkPHP\Common\functions.php 第 1052 行.
NOTIC: [8] Undefined index: _ F:\wamp64\www\yoyo\Runtime\Cache\Coin\3435759ffcecd45988fbcdaed4c274d1.php 第 152 行.
NOTIC: [8] Undefined index: _ F:\wamp64\www\yoyo\Runtime\Cache\Coin\3435759ffcecd45988fbcdaed4c274d1.php 第 152 行.
NOTIC: [8] Undefined variable: module F:\wamp64\www\yoyo\ThinkPHP\Common\functions.php 第 1052 行.
NOTIC: [8] Undefined variable: var F:\wamp64\www\yoyo\ThinkPHP\Common\functions.php 第 1052 行.
NOTIC: [8] Undefined variable: varController F:\wamp64\www\yoyo\ThinkPHP\Common\functions.php 第 1052 行.
NOTIC: [8] Undefined variable: var F:\wamp64\www\yoyo\ThinkPHP\Common\functions.php 第 1052 行.
NOTIC: [8] Undefined variable: varAction F:\wamp64\www\yoyo\ThinkPHP\Common\functions.php 第 1052 行.
NOTIC: [8] Undefined variable: module F:\wamp64\www\yoyo\ThinkPHP\Common\functions.php 第 1052 行.
NOTIC: [8] Undefined variable: var F:\wamp64\www\yoyo\ThinkPHP\Common\functions.php 第 1052 行.
NOTIC: [8] Undefined variable: varController F:\wamp64\www\yoyo\ThinkPHP\Common\functions.php 第 1052 行.
NOTIC: [8] Undefined variable: var F:\wamp64\www\yoyo\ThinkPHP\Common\functions.php 第 1052 行.
NOTIC: [8] Undefined variable: varAction F:\wamp64\www\yoyo\ThinkPHP\Common\functions.php 第 1052 行.
NOTIC: [8] Undefined variable: module F:\wamp64\www\yoyo\ThinkPHP\Common\functions.php 第 1052 行.
NOTIC: [8] Undefined variable: var F:\wamp64\www\yoyo\ThinkPHP\Common\functions.php 第 1052 行.
NOTIC: [8] Undefined variable: varController F:\wamp64\www\yoyo\ThinkPHP\Common\functions.php 第 1052 行.
NOTIC: [8] Undefined variable: var F:\wamp64\www\yoyo\ThinkPHP\Common\functions.php 第 1052 行.
NOTIC: [8] Undefined variable: varAction F:\wamp64\www\yoyo\ThinkPHP\Common\functions.php 第 1052 行.
NOTIC: [8] Undefined variable: module F:\wamp64\www\yoyo\ThinkPHP\Common\functions.php 第 1052 行.
NOTIC: [8] Undefined variable: var F:\wamp64\www\yoyo\ThinkPHP\Common\functions.php 第 1052 行.
NOTIC: [8] Undefined variable: varController F:\wamp64\www\yoyo\ThinkPHP\Common\functions.php 第 1052 行.
NOTIC: [8] Undefined variable: var F:\wamp64\www\yoyo\ThinkPHP\Common\functions.php 第 1052 行.
NOTIC: [8] Undefined variable: varAction F:\wamp64\www\yoyo\ThinkPHP\Common\functions.php 第 1052 行.
SQL: SHOW COLUMNS FROM `ocenter_member` [ RunTime:0.001000s ]
SQL: SELECT `reg_time` FROM `ocenter_member` WHERE `uid` = 1 LIMIT 1   [ RunTime:0.000000s ]
SQL: SHOW COLUMNS FROM `ocenter_user_config` [ RunTime:0.001000s ]
SQL: SELECT * FROM `ocenter_user_config` WHERE `uid` = 1 AND `name` = 'user_cover' AND `role_id` = 0 AND `model` = '' LIMIT 1   [ RunTime:0.001000s ]
SQL: SHOW COLUMNS FROM `ocenter_picture` [ RunTime:0.000000s ]
SQL: SELECT * FROM `ocenter_picture` WHERE `status` = 1 AND `id` = null LIMIT 1   [ RunTime:0.000000s ]
NOTIC: [2] unlink(./Runtime/Temp/945c180f3240ad0e35d9eb8beb06401b.php): No such file or directory F:\wamp64\www\yoyo\ThinkPHP\Library\Think\Cache\Driver\File.class.php 第 157 行.
NOTIC: [2] unlink(./Runtime/Temp/deec309cb1249b5b7776ac8c8f45123b.php): No such file or directory F:\wamp64\www\yoyo\ThinkPHP\Library\Think\Cache\Driver\File.class.php 第 157 行.
NOTIC: [8] Undefined index: space_url F:\wamp64\www\yoyo\Runtime\Cache\Coin\3435759ffcecd45988fbcdaed4c274d1.php 第 225 行.
NOTIC: [8] Undefined index: score F:\wamp64\www\yoyo\Runtime\Cache\Coin\3435759ffcecd45988fbcdaed4c274d1.php 第 257 行.
NOTIC: [8] Undefined index: score F:\wamp64\www\yoyo\Runtime\Cache\Coin\3435759ffcecd45988fbcdaed4c274d1.php 第 269 行.
NOTIC: [8] Undefined variable: module F:\wamp64\www\yoyo\ThinkPHP\Common\functions.php 第 1052 行.
NOTIC: [8] Undefined variable: var F:\wamp64\www\yoyo\ThinkPHP\Common\functions.php 第 1052 行.
NOTIC: [8] Undefined variable: varController F:\wamp64\www\yoyo\ThinkPHP\Common\functions.php 第 1052 行.
NOTIC: [8] Undefined variable: var F:\wamp64\www\yoyo\ThinkPHP\Common\functions.php 第 1052 行.
NOTIC: [8] Undefined variable: varAction F:\wamp64\www\yoyo\ThinkPHP\Common\functions.php 第 1052 行.
NOTIC: [8] Undefined variable: module F:\wamp64\www\yoyo\ThinkPHP\Common\functions.php 第 1052 行.
NOTIC: [8] Undefined variable: var F:\wamp64\www\yoyo\ThinkPHP\Common\functions.php 第 1052 行.
NOTIC: [8] Undefined variable: varController F:\wamp64\www\yoyo\ThinkPHP\Common\functions.php 第 1052 行.
NOTIC: [8] Undefined variable: var F:\wamp64\www\yoyo\ThinkPHP\Common\functions.php 第 1052 行.
NOTIC: [8] Undefined variable: varAction F:\wamp64\www\yoyo\ThinkPHP\Common\functions.php 第 1052 行.
SQL: SHOW COLUMNS FROM `ocenter_talk` [ RunTime:0.000000s ]
SQL: SHOW COLUMNS FROM `ocenter_talk_push` [ RunTime:0.001000s ]
SQL: SELECT * FROM `ocenter_talk_push` WHERE `uid` = 1 AND `status` <> -1  [ RunTime:0.000000s ]
NOTIC: [2] Invalid argument supplied for foreach() F:\wamp64\www\yoyo\Application\Common\Model\TalkModel.class.php 第 78 行.
SQL: SHOW COLUMNS FROM `ocenter_talk_message_push` [ RunTime:0.000000s ]
SQL: SELECT * FROM `ocenter_talk_message_push` WHERE `uid` = 1 AND `status` <> -1  [ RunTime:0.000000s ]
NOTIC: [2] Invalid argument supplied for foreach() F:\wamp64\www\yoyo\Application\Common\Model\TalkModel.class.php 第 86 行.
SQL: SELECT * FROM `ocenter_talk` WHERE ( uids like"%[1]%" and status=1 and order_id=2017102610053505 ) ORDER BY update_time desc  [ RunTime:0.000000s ]
SQL: SHOW COLUMNS FROM `ocenter_talk_message` [ RunTime:0.000000s ]
SQL: SELECT * FROM `ocenter_talk_message` WHERE ( talk_id=4 ) ORDER BY create_time desc LIMIT 1   [ RunTime:0.000000s ]
NOTIC: [8] Undefined index: content F:\wamp64\www\yoyo\Application\Common\Model\TalkModel.class.php 第 115 行.
SQL: SHOW COLUMNS FROM `ocenter_follow` [ RunTime:0.000000s ]
SQL: SELECT * FROM `ocenter_follow` WHERE `who_follow` = 1 AND `follow_who` = 100 LIMIT 1   [ RunTime:0.000000s ]
SQL: SHOW COLUMNS FROM `ocenter_talk_push` [ RunTime:0.001000s ]
SQL: DELETE FROM `ocenter_talk_push` WHERE `uid` = 1 [ RunTime:0.001000s ]
SQL: DELETE FROM `ocenter_talk_message_push` WHERE `uid` = 1 [ RunTime:0.000000s ]
NOTIC: [8] Undefined variable: module F:\wamp64\www\yoyo\ThinkPHP\Common\functions.php 第 1052 行.
NOTIC: [8] Undefined variable: var F:\wamp64\www\yoyo\ThinkPHP\Common\functions.php 第 1052 行.
NOTIC: [8] Undefined variable: varController F:\wamp64\www\yoyo\ThinkPHP\Common\functions.php 第 1052 行.
NOTIC: [8] Undefined variable: var F:\wamp64\www\yoyo\ThinkPHP\Common\functions.php 第 1052 行.
NOTIC: [8] Undefined variable: varAction F:\wamp64\www\yoyo\ThinkPHP\Common\functions.php 第 1052 行.
NOTIC: [8] Undefined variable: info F:\wamp64\www\yoyo\Runtime\Cache\Coin\3435759ffcecd45988fbcdaed4c274d1.php 第 545 行.
NOTIC: [8] Undefined variable: module F:\wamp64\www\yoyo\ThinkPHP\Common\functions.php 第 1052 行.
NOTIC: [8] Undefined variable: var F:\wamp64\www\yoyo\ThinkPHP\Common\functions.php 第 1052 行.
NOTIC: [8] Undefined variable: varController F:\wamp64\www\yoyo\ThinkPHP\Common\functions.php 第 1052 行.
NOTIC: [8] Undefined variable: var F:\wamp64\www\yoyo\ThinkPHP\Common\functions.php 第 1052 行.
NOTIC: [8] Undefined variable: varAction F:\wamp64\www\yoyo\ThinkPHP\Common\functions.php 第 1052 行.
NOTIC: [8] Undefined variable: module F:\wamp64\www\yoyo\ThinkPHP\Common\functions.php 第 1052 行.
NOTIC: [8] Undefined variable: var F:\wamp64\www\yoyo\ThinkPHP\Common\functions.php 第 1052 行.
NOTIC: [8] Undefined variable: varController F:\wamp64\www\yoyo\ThinkPHP\Common\functions.php 第 1052 行.
NOTIC: [8] Undefined variable: var F:\wamp64\www\yoyo\ThinkPHP\Common\functions.php 第 1052 行.
NOTIC: [8] Undefined variable: varAction F:\wamp64\www\yoyo\ThinkPHP\Common\functions.php 第 1052 行.
NOTIC: [8] Undefined variable: module F:\wamp64\www\yoyo\ThinkPHP\Common\functions.php 第 1052 行.
NOTIC: [8] Undefined variable: var F:\wamp64\www\yoyo\ThinkPHP\Common\functions.php 第 1052 行.
NOTIC: [8] Undefined variable: varController F:\wamp64\www\yoyo\ThinkPHP\Common\functions.php 第 1052 行.
NOTIC: [8] Undefined variable: var F:\wamp64\www\yoyo\ThinkPHP\Common\functions.php 第 1052 行.
NOTIC: [8] Undefined variable: varAction F:\wamp64\www\yoyo\ThinkPHP\Common\functions.php 第 1052 行.
NOTIC: [8] Undefined variable: module F:\wamp64\www\yoyo\ThinkPHP\Common\functions.php 第 1052 行.
NOTIC: [8] Undefined variable: var F:\wamp64\www\yoyo\ThinkPHP\Common\functions.php 第 1052 行.
NOTIC: [8] Undefined variable: varController F:\wamp64\www\yoyo\ThinkPHP\Common\functions.php 第 1052 行.
NOTIC: [8] Undefined variable: var F:\wamp64\www\yoyo\ThinkPHP\Common\functions.php 第 1052 行.
NOTIC: [8] Undefined variable: varAction F:\wamp64\www\yoyo\ThinkPHP\Common\functions.php 第 1052 行.
SQL: SELECT `type`,`name`,`value` FROM `ocenter_config` WHERE `status` = 1  [ RunTime:0.001000s ]
NOTIC: [8] Undefined variable: token F:\wamp64\www\yoyo\Application\Common\Model\ModuleModel.class.php 第 242 行.
NOTIC: [8] Undefined variable: res F:\wamp64\www\yoyo\Application\Common\Common\role.php 第 147 行.
INFO: [ action_begin ] --START--
INFO: Run Common\Behavior\InitModuleInfoBehavior [ RunTime:0.000000s ]
INFO: [ action_begin ] --END-- [ RunTime:-0.131000s ]
NOTIC: [2] Missing argument 1 for Common\Widget\SuperLinksWidget::superLinks() F:\wamp64\www\yoyo\Application\Common\Widget\SuperLinksWidget.class.php 第 15 行.
SQL: SHOW COLUMNS FROM `ocenter_super_links` [ RunTime:0.001000s ]
SQL: SELECT * FROM `ocenter_super_links` WHERE ( status = 1 ) ORDER BY level desc,id asc  [ RunTime:0.000000s ]
NOTIC: [2] Invalid argument supplied for foreach() F:\wamp64\www\yoyo\Application\Common\Model\SuperLinksModel.class.php 第 37 行.
NOTIC: [8] Undefined variable: data F:\wamp64\www\yoyo\Application\Common\Model\SuperLinksModel.class.php 第 48 行.
NOTIC: [8] Undefined variable: param F:\wamp64\www\yoyo\Application\Common\Widget\SuperLinksWidget.class.php 第 19 行.
INFO: [ view_parse ] --START--
INFO: [ template_filter ] --START--
INFO: Run Behavior\ContentReplaceBehavior [ RunTime:0.000000s ]
INFO: [ template_filter ] --END-- [ RunTime:-0.079000s ]
INFO: Run Behavior\ParseTemplateBehavior [ RunTime:0.007000s ]
INFO: [ view_parse ] --END-- [ RunTime:0.007000s ]
INFO: [ view_filter ] --START--
INFO: Run Behavior\WriteHtmlCacheBehavior [ RunTime:0.000000s ]
INFO: [ view_filter ] --END-- [ RunTime:0.000000s ]
SQL: SELECT `value` FROM `ocenter_config` WHERE `name` = '_CONFIG_QRCODE_BOTTOM' LIMIT 1   [ RunTime:0.000000s ]
NOTIC: [8] Undefined variable: site F:\wamp64\www\yoyo\Runtime\Cache\Coin\3435759ffcecd45988fbcdaed4c274d1.php 第 721 行.
INFO: [ pageFooter ] --START--
INFO: Run Addons\SuperLinks\SuperLinksAddon [ RunTime:0.000000s ]
INFO: [ pageFooter ] --END-- [ RunTime:0.000000s ]
SQL: SELECT `type`,`name`,`value` FROM `ocenter_config` WHERE `status` = 1  [ RunTime:0.001000s ]
NOTIC: [8] Undefined variable: token F:\wamp64\www\yoyo\Application\Common\Model\ModuleModel.class.php 第 242 行.
NOTIC: [8] Undefined variable: res F:\wamp64\www\yoyo\Application\Common\Common\role.php 第 147 行.
INFO: [ action_begin ] --START--
INFO: Run Common\Behavior\InitModuleInfoBehavior [ RunTime:0.000000s ]
INFO: [ action_begin ] --END-- [ RunTime:-0.147000s ]
SQL: SELECT `type`,`name`,`value` FROM `ocenter_config` WHERE `status` = 1  [ RunTime:0.001000s ]
NOTIC: [8] Undefined variable: token F:\wamp64\www\yoyo\Application\Common\Model\ModuleModel.class.php 第 242 行.
NOTIC: [8] Undefined variable: res F:\wamp64\www\yoyo\Application\Common\Common\role.php 第 147 行.
INFO: [ action_begin ] --START--
INFO: Run Common\Behavior\InitModuleInfoBehavior [ RunTime:0.000000s ]
INFO: [ action_begin ] --END-- [ RunTime:-0.152000s ]
INFO: [ view_parse ] --START--
INFO: [ template_filter ] --START--
INFO: Run Behavior\ContentReplaceBehavior [ RunTime:0.000000s ]
INFO: [ template_filter ] --END-- [ RunTime:-0.095000s ]
INFO: Run Behavior\ParseTemplateBehavior [ RunTime:0.004000s ]
INFO: [ view_parse ] --END-- [ RunTime:-0.012000s ]
INFO: [ view_filter ] --START--
INFO: Run Behavior\WriteHtmlCacheBehavior [ RunTime:0.000000s ]
INFO: [ view_filter ] --END-- [ RunTime:-0.016000s ]
INFO: Run Behavior\ParseTemplateBehavior [ RunTime:0.004000s ]
INFO: [ view_parse ] --END-- [ RunTime:-0.012000s ]
INFO: [ view_filter ] --START--
INFO: Run Behavior\WriteHtmlCacheBehavior [ RunTime:0.000000s ]
INFO: [ view_filter ] --END-- [ RunTime:-0.016000s ]
INFO: [ app_end ] --START--
INFO: Run Behavior\ShowPageTraceBehavior [ RunTime:0.001000s ]
INFO: [ app_end ] --END-- [ RunTime:0.001000s ]

[ 2017-10-29T15:41:39+08:00 ] 127.0.0.1 /yoyo/coin/index/index.html
INFO: [ app_init ] --START--
INFO: Run Behavior\BuildLiteBehavior [ RunTime:0.000000s ]
INFO: Run Common\Behavior\InitHookBehavior [ RunTime:0.002000s ]
INFO: [ app_init ] --END-- [ RunTime:0.002000s ]
NOTIC: [8] Undefined index: router F:\wamp64\www\yoyo\Application\Common\Common\function.php 第 1936 行.
NOTIC: [8] Undefined index: router F:\wamp64\www\yoyo\Application\Common\Common\function.php 第 1936 行.
NOTIC: [8] Undefined index: router F:\wamp64\www\yoyo\Application\Common\Common\function.php 第 1936 行.
NOTIC: [8] Undefined index: router F:\wamp64\www\yoyo\Application\Common\Common\function.php 第 1936 行.
NOTIC: [8] Undefined index: router F:\wamp64\www\yoyo\Application\Common\Common\function.php 第 1936 行.
NOTIC: [8] Undefined index: router F:\wamp64\www\yoyo\Application\Common\Common\function.php 第 1936 行.
SQL: SHOW COLUMNS FROM `ocenter_config` [ RunTime:0.001000s ]
SQL: SELECT `type`,`name`,`value` FROM `ocenter_config` WHERE `status` = 1  [ RunTime:0.000000s ]
INFO: [ app_begin ] --START--
INFO: Run Behavior\ReadHtmlCacheBehavior [ RunTime:0.000000s ]
INFO: Run Behavior\CheckLangBehavior [ RunTime:0.013000s ]
INFO: [ app_begin ] --END-- [ RunTime:0.013000s ]
NOTIC: [8192] mysql_connect(): The mysql extension is deprecated and will be removed in the future: use mysqli or PDO instead F:\wamp64\www\yoyo\ThinkPHP\Library\Think\Session\Driver\Db.class.php 第 95 行.
SQL: SHOW COLUMNS FROM `ocenter_module` [ RunTime:0.001000s ]
SQL: SELECT `type`,`name`,`value` FROM `ocenter_config` WHERE `status` = 1  [ RunTime:0.001000s ]
NOTIC: [8] Undefined variable: token F:\wamp64\www\yoyo\Application\Common\Model\ModuleModel.class.php 第 242 行.
NOTIC: [8] Undefined variable: res F:\wamp64\www\yoyo\Application\Common\Common\role.php 第 147 行.
INFO: [ action_begin ] --START--
INFO: Run Common\Behavior\InitModuleInfoBehavior [ RunTime:0.000000s ]
INFO: [ action_begin ] --END-- [ RunTime:0.000000s ]
NOTIC: [8] Undefined variable: module F:\wamp64\www\yoyo\ThinkPHP\Common\functions.php 第 1052 行.
NOTIC: [8] Undefined variable: var F:\wamp64\www\yoyo\ThinkPHP\Common\functions.php 第 1052 行.
NOTIC: [8] Undefined variable: varController F:\wamp64\www\yoyo\ThinkPHP\Common\functions.php 第 1052 行.
NOTIC: [8] Undefined variable: var F:\wamp64\www\yoyo\ThinkPHP\Common\functions.php 第 1052 行.
NOTIC: [8] Undefined variable: varAction F:\wamp64\www\yoyo\ThinkPHP\Common\functions.php 第 1052 行.
NOTIC: [8] Undefined variable: module F:\wamp64\www\yoyo\ThinkPHP\Common\functions.php 第 1052 行.
NOTIC: [8] Undefined variable: var F:\wamp64\www\yoyo\ThinkPHP\Common\functions.php 第 1052 行.
NOTIC: [8] Undefined variable: varController F:\wamp64\www\yoyo\ThinkPHP\Common\functions.php 第 1052 行.
NOTIC: [8] Undefined variable: var F:\wamp64\www\yoyo\ThinkPHP\Common\functions.php 第 1052 行.
NOTIC: [8] Undefined variable: varAction F:\wamp64\www\yoyo\ThinkPHP\Common\functions.php 第 1052 行.
NOTIC: [8] Undefined variable: module F:\wamp64\www\yoyo\ThinkPHP\Common\functions.php 第 1052 行.
NOTIC: [8] Undefined variable: var F:\wamp64\www\yoyo\ThinkPHP\Common\functions.php 第 1052 行.
NOTIC: [8] Undefined variable: varController F:\wamp64\www\yoyo\ThinkPHP\Common\functions.php 第 1052 行.
NOTIC: [8] Undefined variable: var F:\wamp64\www\yoyo\ThinkPHP\Common\functions.php 第 1052 行.
NOTIC: [8] Undefined variable: varAction F:\wamp64\www\yoyo\ThinkPHP\Common\functions.php 第 1052 行.
NOTIC: [8] Undefined variable: module F:\wamp64\www\yoyo\ThinkPHP\Common\functions.php 第 1052 行.
NOTIC: [8] Undefined variable: var F:\wamp64\www\yoyo\ThinkPHP\Common\functions.php 第 1052 行.
NOTIC: [8] Undefined variable: varController F:\wamp64\www\yoyo\ThinkPHP\Common\functions.php 第 1052 行.
NOTIC: [8] Undefined variable: var F:\wamp64\www\yoyo\ThinkPHP\Common\functions.php 第 1052 行.
NOTIC: [8] Undefined variable: varAction F:\wamp64\www\yoyo\ThinkPHP\Common\functions.php 第 1052 行.
NOTIC: [8] Undefined variable: module F:\wamp64\www\yoyo\ThinkPHP\Common\functions.php 第 1052 行.
NOTIC: [8] Undefined variable: var F:\wamp64\www\yoyo\ThinkPHP\Common\functions.php 第 1052 行.
NOTIC: [8] Undefined variable: varController F:\wamp64\www\yoyo\ThinkPHP\Common\functions.php 第 1052 行.
NOTIC: [8] Undefined variable: var F:\wamp64\www\yoyo\ThinkPHP\Common\functions.php 第 1052 行.
NOTIC: [8] Undefined variable: varAction F:\wamp64\www\yoyo\ThinkPHP\Common\functions.php 第 1052 行.
SQL: SHOW COLUMNS FROM `ocenter_tradead` [ RunTime:0.000000s ]
SQL: SELECT ocenter_tradead.pay_type,ocenter_tradead.type,ocenter_tradead.id,ocenter_tradead.uid,ocenter_tradead.price,ocenter_tradead.currency,ocenter_tradead.min_price,ocenter_tradead.max_price,ocenter_member.nickname,ocenter_member.trade_count,ocenter_member.trade_score,ocenter_country.en_name as countryEn FROM `ocenter_tradead` INNER JOIN ocenter_member on ocenter_tradead.uid = ocenter_member.uid INNER JOIN ocenter_country on ocenter_tradead.country = ocenter_country.id  WHERE ocenter_tradead.status = 1 AND ocenter_country.id = 45 AND ocenter_tradead.currency = 'CNY' AND ocenter_tradead.start0 <= '15.41' AND ocenter_tradead.end0 >= '15.41' ORDER BY ocenter_tradead.id desc LIMIT 10   [ RunTime:0.000000s ]
SQL: SHOW COLUMNS FROM `ocenter_country` [ RunTime:0.001000s ]
SQL: SELECT `id`,`name`,`code` FROM `ocenter_country`  [ RunTime:0.000000s ]
SQL: SHOW COLUMNS FROM `ocenter_currency` [ RunTime:0.001000s ]
SQL: SELECT * FROM `ocenter_currency`  [ RunTime:0.000000s ]
SQL: SHOW COLUMNS FROM `ocenter_pay` [ RunTime:0.000000s ]
SQL: SELECT * FROM `ocenter_pay`  [ RunTime:0.000000s ]
INFO: [ view_parse ] --START--
INFO: [ template_filter ] --START--
INFO: Run Behavior\ContentReplaceBehavior [ RunTime:0.000000s ]
INFO: [ template_filter ] --END-- [ RunTime:0.001000s ]
INFO: [ syncMeta ] --START--
INFO: Run Addons\SyncLogin\SyncLoginAddon [ RunTime:0.001000s ]
INFO: [ syncMeta ] --END-- [ RunTime:0.002000s ]
NOTIC: [8] Undefined variable: seo F:\wamp64\www\yoyo\Runtime\Cache\Coin\b91f86efc2b241962bea0f8bdf3cb772.php 第 9 行.
SQL: SHOW COLUMNS FROM `ocenter_seo_rule` [ RunTime:0.001000s ]
NOTIC: [8192] mysql_escape_string(): This function is deprecated; use mysql_real_escape_string() instead. F:\wamp64\www\yoyo\Application\Common\Model\SeoRuleModel.class.php 第 78 行.
NOTIC: [8192] mysql_escape_string(): This function is deprecated; use mysql_real_escape_string() instead. F:\wamp64\www\yoyo\Application\Common\Model\SeoRuleModel.class.php 第 79 行.
NOTIC: [8192] mysql_escape_string(): This function is deprecated; use mysql_real_escape_string() instead. F:\wamp64\www\yoyo\Application\Common\Model\SeoRuleModel.class.php 第 80 行.
SQL: SELECT * FROM `ocenter_seo_rule` WHERE ( (app='' or app='Coin') and (controller='' or controller='Index') and (action='' or action='index') and status=1 ) ORDER BY sort asc  [ RunTime:0.000000s ]
SQL: SELECT `type`,`name`,`value` FROM `ocenter_config` WHERE `status` = 1  [ RunTime:0.000000s ]
SQL: SHOW COLUMNS FROM `ocenter_pushing` [ RunTime:0.000000s ]
ERR: 1146:Table 'yoyobit.ocenter_pushing' doesn't exist
 [ SQL语句 ] : SHOW COLUMNS FROM `ocenter_pushing`
SQL: SHOW COLUMNS FROM `ocenter_member` [ RunTime:0.000000s ]
SQL: SHOW COLUMNS FROM `ocenter_channel` [ RunTime:0.000000s ]
NOTIC: [8] Undefined index: _ F:\wamp64\www\yoyo\Runtime\Cache\Coin\b91f86efc2b241962bea0f8bdf3cb772.php 第 152 行.
NOTIC: [8] Undefined index: _ F:\wamp64\www\yoyo\Runtime\Cache\Coin\b91f86efc2b241962bea0f8bdf3cb772.php 第 152 行.
NOTIC: [8] Undefined index: _ F:\wamp64\www\yoyo\Runtime\Cache\Coin\b91f86efc2b241962bea0f8bdf3cb772.php 第 152 行.
NOTIC: [8] Undefined variable: module F:\wamp64\www\yoyo\ThinkPHP\Common\functions.php 第 1052 行.
NOTIC: [8] Undefined variable: var F:\wamp64\www\yoyo\ThinkPHP\Common\functions.php 第 1052 行.
NOTIC: [8] Undefined variable: varController F:\wamp64\www\yoyo\ThinkPHP\Common\functions.php 第 1052 行.
NOTIC: [8] Undefined variable: var F:\wamp64\www\yoyo\ThinkPHP\Common\functions.php 第 1052 行.
NOTIC: [8] Undefined variable: varAction F:\wamp64\www\yoyo\ThinkPHP\Common\functions.php 第 1052 行.
NOTIC: [8] Undefined index: _ F:\wamp64\www\yoyo\Runtime\Cache\Coin\b91f86efc2b241962bea0f8bdf3cb772.php 第 152 行.
NOTIC: [8] Undefined index: _ F:\wamp64\www\yoyo\Runtime\Cache\Coin\b91f86efc2b241962bea0f8bdf3cb772.php 第 152 行.
NOTIC: [8] Undefined variable: module F:\wamp64\www\yoyo\ThinkPHP\Common\functions.php 第 1052 行.
NOTIC: [8] Undefined variable: var F:\wamp64\www\yoyo\ThinkPHP\Common\functions.php 第 1052 行.
NOTIC: [8] Undefined variable: varController F:\wamp64\www\yoyo\ThinkPHP\Common\functions.php 第 1052 行.
NOTIC: [8] Undefined variable: var F:\wamp64\www\yoyo\ThinkPHP\Common\functions.php 第 1052 行.
NOTIC: [8] Undefined variable: varAction F:\wamp64\www\yoyo\ThinkPHP\Common\functions.php 第 1052 行.
NOTIC: [8] Undefined variable: module F:\wamp64\www\yoyo\ThinkPHP\Common\functions.php 第 1052 行.
NOTIC: [8] Undefined variable: var F:\wamp64\www\yoyo\ThinkPHP\Common\functions.php 第 1052 行.
NOTIC: [8] Undefined variable: varController F:\wamp64\www\yoyo\ThinkPHP\Common\functions.php 第 1052 行.
NOTIC: [8] Undefined variable: var F:\wamp64\www\yoyo\ThinkPHP\Common\functions.php 第 1052 行.
NOTIC: [8] Undefined variable: varAction F:\wamp64\www\yoyo\ThinkPHP\Common\functions.php 第 1052 行.
NOTIC: [8] Undefined variable: module F:\wamp64\www\yoyo\ThinkPHP\Common\functions.php 第 1052 行.
NOTIC: [8] Undefined variable: var F:\wamp64\www\yoyo\ThinkPHP\Common\functions.php 第 1052 行.
NOTIC: [8] Undefined variable: varController F:\wamp64\www\yoyo\ThinkPHP\Common\functions.php 第 1052 行.
NOTIC: [8] Undefined variable: var F:\wamp64\www\yoyo\ThinkPHP\Common\functions.php 第 1052 行.
NOTIC: [8] Undefined variable: varAction F:\wamp64\www\yoyo\ThinkPHP\Common\functions.php 第 1052 行.
NOTIC: [8] Undefined variable: module F:\wamp64\www\yoyo\ThinkPHP\Common\functions.php 第 1052 行.
NOTIC: [8] Undefined variable: var F:\wamp64\www\yoyo\ThinkPHP\Common\functions.php 第 1052 行.
NOTIC: [8] Undefined variable: varController F:\wamp64\www\yoyo\ThinkPHP\Common\functions.php 第 1052 行.
NOTIC: [8] Undefined variable: var F:\wamp64\www\yoyo\ThinkPHP\Common\functions.php 第 1052 行.
NOTIC: [8] Undefined variable: varAction F:\wamp64\www\yoyo\ThinkPHP\Common\functions.php 第 1052 行.
SQL: SHOW COLUMNS FROM `ocenter_member` [ RunTime:0.000000s ]
SQL: SELECT `reg_time` FROM `ocenter_member` WHERE `uid` = 1 LIMIT 1   [ RunTime:0.000000s ]
SQL: SHOW COLUMNS FROM `ocenter_user_config` [ RunTime:0.001000s ]
SQL: SELECT * FROM `ocenter_user_config` WHERE `uid` = 1 AND `name` = 'user_cover' AND `role_id` = 0 AND `model` = '' LIMIT 1   [ RunTime:0.001000s ]
SQL: SHOW COLUMNS FROM `ocenter_picture` [ RunTime:0.000000s ]
SQL: SELECT * FROM `ocenter_picture` WHERE `status` = 1 AND `id` = null LIMIT 1   [ RunTime:0.001000s ]
NOTIC: [2] unlink(./Runtime/Temp/945c180f3240ad0e35d9eb8beb06401b.php): No such file or directory F:\wamp64\www\yoyo\ThinkPHP\Library\Think\Cache\Driver\File.class.php 第 157 行.
NOTIC: [2] unlink(./Runtime/Temp/deec309cb1249b5b7776ac8c8f45123b.php): No such file or directory F:\wamp64\www\yoyo\ThinkPHP\Library\Think\Cache\Driver\File.class.php 第 157 行.
NOTIC: [8] Undefined index: space_url F:\wamp64\www\yoyo\Runtime\Cache\Coin\b91f86efc2b241962bea0f8bdf3cb772.php 第 225 行.
NOTIC: [8] Undefined index: score F:\wamp64\www\yoyo\Runtime\Cache\Coin\b91f86efc2b241962bea0f8bdf3cb772.php 第 257 行.
NOTIC: [8] Undefined index: score F:\wamp64\www\yoyo\Runtime\Cache\Coin\b91f86efc2b241962bea0f8bdf3cb772.php 第 269 行.
NOTIC: [8] Undefined variable: module F:\wamp64\www\yoyo\ThinkPHP\Common\functions.php 第 1052 行.
NOTIC: [8] Undefined variable: var F:\wamp64\www\yoyo\ThinkPHP\Common\functions.php 第 1052 行.
NOTIC: [8] Undefined variable: varController F:\wamp64\www\yoyo\ThinkPHP\Common\functions.php 第 1052 行.
NOTIC: [8] Undefined variable: var F:\wamp64\www\yoyo\ThinkPHP\Common\functions.php 第 1052 行.
NOTIC: [8] Undefined variable: varAction F:\wamp64\www\yoyo\ThinkPHP\Common\functions.php 第 1052 行.
NOTIC: [8] Undefined variable: module F:\wamp64\www\yoyo\ThinkPHP\Common\functions.php 第 1052 行.
NOTIC: [8] Undefined variable: var F:\wamp64\www\yoyo\ThinkPHP\Common\functions.php 第 1052 行.
NOTIC: [8] Undefined variable: varController F:\wamp64\www\yoyo\ThinkPHP\Common\functions.php 第 1052 行.
NOTIC: [8] Undefined variable: var F:\wamp64\www\yoyo\ThinkPHP\Common\functions.php 第 1052 行.
NOTIC: [8] Undefined variable: varAction F:\wamp64\www\yoyo\ThinkPHP\Common\functions.php 第 1052 行.
SQL: SELECT `type`,`name`,`value` FROM `ocenter_config` WHERE `status` = 1  [ RunTime:0.000000s ]
NOTIC: [8] Undefined variable: token F:\wamp64\www\yoyo\Application\Common\Model\ModuleModel.class.php 第 242 行.
NOTIC: [8] Undefined variable: res F:\wamp64\www\yoyo\Application\Common\Common\role.php 第 147 行.
INFO: [ action_begin ] --START--
INFO: Run Common\Behavior\InitModuleInfoBehavior [ RunTime:0.000000s ]
INFO: [ action_begin ] --END-- [ RunTime:-0.101000s ]
INFO: [ view_parse ] --START--
INFO: [ template_filter ] --START--
INFO: Run Behavior\ContentReplaceBehavior [ RunTime:0.000000s ]
INFO: [ template_filter ] --END-- [ RunTime:-0.065000s ]
NOTIC: [8] Undefined index: title F:\wamp64\www\yoyo\Runtime\Cache\Coin\7ac86ee1d16e058d630e77679d9f3d59.php 第 6 行.
NOTIC: [8] Undefined index: children F:\wamp64\www\yoyo\Runtime\Cache\Coin\7ac86ee1d16e058d630e77679d9f3d59.php 第 15 行.
NOTIC: [8] Undefined index: li_class F:\wamp64\www\yoyo\Runtime\Cache\Coin\7ac86ee1d16e058d630e77679d9f3d59.php 第 31 行.
NOTIC: [8] Undefined index: a_class F:\wamp64\www\yoyo\Runtime\Cache\Coin\7ac86ee1d16e058d630e77679d9f3d59.php 第 32 行.
NOTIC: [8] Undefined index: icon F:\wamp64\www\yoyo\Runtime\Cache\Coin\7ac86ee1d16e058d630e77679d9f3d59.php 第 33 行.
NOTIC: [8] Undefined index: children F:\wamp64\www\yoyo\Runtime\Cache\Coin\7ac86ee1d16e058d630e77679d9f3d59.php 第 15 行.
NOTIC: [8] Undefined index: li_class F:\wamp64\www\yoyo\Runtime\Cache\Coin\7ac86ee1d16e058d630e77679d9f3d59.php 第 31 行.
NOTIC: [8] Undefined index: a_class F:\wamp64\www\yoyo\Runtime\Cache\Coin\7ac86ee1d16e058d630e77679d9f3d59.php 第 32 行.
NOTIC: [8] Undefined index: icon F:\wamp64\www\yoyo\Runtime\Cache\Coin\7ac86ee1d16e058d630e77679d9f3d59.php 第 33 行.
NOTIC: [8] Undefined index: children F:\wamp64\www\yoyo\Runtime\Cache\Coin\7ac86ee1d16e058d630e77679d9f3d59.php 第 15 行.
NOTIC: [8] Undefined index: li_class F:\wamp64\www\yoyo\Runtime\Cache\Coin\7ac86ee1d16e058d630e77679d9f3d59.php 第 31 行.
NOTIC: [8] Undefined index: a_class F:\wamp64\www\yoyo\Runtime\Cache\Coin\7ac86ee1d16e058d630e77679d9f3d59.php 第 32 行.
NOTIC: [8] Undefined index: icon F:\wamp64\www\yoyo\Runtime\Cache\Coin\7ac86ee1d16e058d630e77679d9f3d59.php 第 33 行.
NOTIC: [8] Undefined index: children F:\wamp64\www\yoyo\Runtime\Cache\Coin\7ac86ee1d16e058d630e77679d9f3d59.php 第 15 行.
NOTIC: [8] Undefined index: li_class F:\wamp64\www\yoyo\Runtime\Cache\Coin\7ac86ee1d16e058d630e77679d9f3d59.php 第 31 行.
NOTIC: [8] Undefined index: a_class F:\wamp64\www\yoyo\Runtime\Cache\Coin\7ac86ee1d16e058d630e77679d9f3d59.php 第 32 行.
NOTIC: [8] Undefined index: icon F:\wamp64\www\yoyo\Runtime\Cache\Coin\7ac86ee1d16e058d630e77679d9f3d59.php 第 33 行.
NOTIC: [8] Undefined index: children F:\wamp64\www\yoyo\Runtime\Cache\Coin\7ac86ee1d16e058d630e77679d9f3d59.php 第 15 行.
NOTIC: [8] Undefined index: li_class F:\wamp64\www\yoyo\Runtime\Cache\Coin\7ac86ee1d16e058d630e77679d9f3d59.php 第 31 行.
NOTIC: [8] Undefined index: a_class F:\wamp64\www\yoyo\Runtime\Cache\Coin\7ac86ee1d16e058d630e77679d9f3d59.php 第 32 行.
NOTIC: [8] Undefined index: icon F:\wamp64\www\yoyo\Runtime\Cache\Coin\7ac86ee1d16e058d630e77679d9f3d59.php 第 33 行.
NOTIC: [8] Undefined index: right F:\wamp64\www\yoyo\Runtime\Cache\Coin\7ac86ee1d16e058d630e77679d9f3d59.php 第 36 行.
INFO: Run Behavior\ParseTemplateBehavior [ RunTime:0.018000s ]
INFO: [ view_parse ] --END-- [ RunTime:0.018000s ]
INFO: [ view_filter ] --START--
INFO: Run Behavior\WriteHtmlCacheBehavior [ RunTime:0.001000s ]
INFO: [ view_filter ] --END-- [ RunTime:0.001000s ]
SQL: SHOW COLUMNS FROM `ocenter_avatar` [ RunTime:0.001000s ]
SQL: SELECT `path` FROM `ocenter_avatar` WHERE ( uid=1 ) LIMIT 1   [ RunTime:0.001000s ]
SQL: SHOW COLUMNS FROM `ocenter_pay` [ RunTime:0.000000s ]
SQL: SELECT * FROM `ocenter_pay` WHERE ( id in (1,2,3) )  [ RunTime:0.000000s ]
SQL: SELECT `path` FROM `ocenter_avatar` WHERE ( uid=1 ) LIMIT 1   [ RunTime:0.000000s ]
SQL: SELECT * FROM `ocenter_pay` WHERE ( id in (3,4) )  [ RunTime:0.000000s ]
SQL: SELECT `type`,`name`,`value` FROM `ocenter_config` WHERE `status` = 1  [ RunTime:0.000000s ]
NOTIC: [8] Undefined variable: token F:\wamp64\www\yoyo\Application\Common\Model\ModuleModel.class.php 第 242 行.
NOTIC: [8] Undefined variable: res F:\wamp64\www\yoyo\Application\Common\Common\role.php 第 147 行.
INFO: [ action_begin ] --START--
INFO: Run Common\Behavior\InitModuleInfoBehavior [ RunTime:0.000000s ]
INFO: [ action_begin ] --END-- [ RunTime:-0.131000s ]
NOTIC: [2] Missing argument 1 for Common\Widget\SuperLinksWidget::superLinks() F:\wamp64\www\yoyo\Application\Common\Widget\SuperLinksWidget.class.php 第 15 行.
SQL: SHOW COLUMNS FROM `ocenter_super_links` [ RunTime:0.001000s ]
SQL: SELECT * FROM `ocenter_super_links` WHERE ( status = 1 ) ORDER BY level desc,id asc  [ RunTime:0.000000s ]
NOTIC: [2] Invalid argument supplied for foreach() F:\wamp64\www\yoyo\Application\Common\Model\SuperLinksModel.class.php 第 37 行.
NOTIC: [8] Undefined variable: data F:\wamp64\www\yoyo\Application\Common\Model\SuperLinksModel.class.php 第 48 行.
NOTIC: [8] Undefined variable: param F:\wamp64\www\yoyo\Application\Common\Widget\SuperLinksWidget.class.php 第 19 行.
INFO: [ view_parse ] --START--
INFO: [ template_filter ] --START--
INFO: Run Behavior\ContentReplaceBehavior [ RunTime:0.000000s ]
INFO: [ template_filter ] --END-- [ RunTime:-0.087000s ]
INFO: Run Behavior\ParseTemplateBehavior [ RunTime:0.007000s ]
INFO: [ view_parse ] --END-- [ RunTime:-0.012000s ]
INFO: [ view_filter ] --START--
INFO: Run Behavior\WriteHtmlCacheBehavior [ RunTime:0.000000s ]
INFO: [ view_filter ] --END-- [ RunTime:-0.018000s ]
SQL: SELECT `value` FROM `ocenter_config` WHERE `name` = '_CONFIG_QRCODE_BOTTOM' LIMIT 1   [ RunTime:0.000000s ]
NOTIC: [8] Undefined variable: site F:\wamp64\www\yoyo\Runtime\Cache\Coin\b91f86efc2b241962bea0f8bdf3cb772.php 第 546 行.
INFO: [ pageFooter ] --START--
INFO: Run Addons\SuperLinks\SuperLinksAddon [ RunTime:0.000000s ]
INFO: [ pageFooter ] --END-- [ RunTime:0.000000s ]
SQL: SELECT `type`,`name`,`value` FROM `ocenter_config` WHERE `status` = 1  [ RunTime:0.001000s ]
NOTIC: [8] Undefined variable: token F:\wamp64\www\yoyo\Application\Common\Model\ModuleModel.class.php 第 242 行.
NOTIC: [8] Undefined variable: res F:\wamp64\www\yoyo\Application\Common\Common\role.php 第 147 行.
INFO: [ action_begin ] --START--
INFO: Run Common\Behavior\InitModuleInfoBehavior [ RunTime:0.000000s ]
INFO: [ action_begin ] --END-- [ RunTime:-0.147000s ]
SQL: SELECT `type`,`name`,`value` FROM `ocenter_config` WHERE `status` = 1  [ RunTime:0.000000s ]
NOTIC: [8] Undefined variable: token F:\wamp64\www\yoyo\Application\Common\Model\ModuleModel.class.php 第 242 行.
NOTIC: [8] Undefined variable: res F:\wamp64\www\yoyo\Application\Common\Common\role.php 第 147 行.
INFO: [ action_begin ] --START--
INFO: Run Common\Behavior\InitModuleInfoBehavior [ RunTime:0.000000s ]
INFO: [ action_begin ] --END-- [ RunTime:-0.151000s ]
INFO: [ view_parse ] --START--
INFO: [ template_filter ] --START--
INFO: Run Behavior\ContentReplaceBehavior [ RunTime:0.000000s ]
INFO: [ template_filter ] --END-- [ RunTime:-0.102000s ]
INFO: Run Behavior\ParseTemplateBehavior [ RunTime:0.003000s ]
INFO: [ view_parse ] --END-- [ RunTime:-0.030000s ]
INFO: [ view_filter ] --START--
INFO: Run Behavior\WriteHtmlCacheBehavior [ RunTime:0.000000s ]
INFO: [ view_filter ] --END-- [ RunTime:-0.032000s ]
INFO: Run Behavior\ParseTemplateBehavior [ RunTime:0.003000s ]
INFO: [ view_parse ] --END-- [ RunTime:-0.030000s ]
INFO: [ view_filter ] --START--
INFO: Run Behavior\WriteHtmlCacheBehavior [ RunTime:0.000000s ]
INFO: [ view_filter ] --END-- [ RunTime:-0.032000s ]
INFO: [ app_end ] --START--
INFO: Run Behavior\ShowPageTraceBehavior [ RunTime:0.000000s ]
INFO: [ app_end ] --END-- [ RunTime:0.000000s ]

