[ 2017-11-07T17:49:08+08:00 ] 127.0.0.1 /yoyo/coin/btc.html
INFO: [ app_init ] --START--
INFO: Run Behavior\BuildLiteBehavior [ RunTime:0.000008s ]
INFO: Run Common\Behavior\InitHookBehavior [ RunTime:0.000686s ]
INFO: [ app_init ] --END-- [ RunTime:0.000738s ]
NOTIC: [8] Undefined index: router /Applications/XAMPP/xamppfiles/htdocs/yoyo/Application/Common/Common/function.php 第 1936 行.
NOTIC: [8] Undefined index: router /Applications/XAMPP/xamppfiles/htdocs/yoyo/Application/Common/Common/function.php 第 1936 行.
NOTIC: [8] Undefined index: router /Applications/XAMPP/xamppfiles/htdocs/yoyo/Application/Common/Common/function.php 第 1936 行.
NOTIC: [8] Undefined index: router /Applications/XAMPP/xamppfiles/htdocs/yoyo/Application/Common/Common/function.php 第 1936 行.
NOTIC: [8] Undefined index: router /Applications/XAMPP/xamppfiles/htdocs/yoyo/Application/Common/Common/function.php 第 1936 行.
NOTIC: [8] Undefined index: router /Applications/XAMPP/xamppfiles/htdocs/yoyo/Application/Common/Common/function.php 第 1936 行.
SQL: SHOW COLUMNS FROM `ocenter_config` [ RunTime:0.003320s ]
SQL: SELECT `type`,`name`,`value` FROM `ocenter_config` WHERE `status` = 1  [ RunTime:0.000398s ]
INFO: [ app_begin ] --START--
INFO: Run Behavior\ReadHtmlCacheBehavior [ RunTime:0.000292s ]
INFO: Run Behavior\CheckLangBehavior [ RunTime:0.009697s ]
INFO: [ app_begin ] --END-- [ RunTime:0.010082s ]
NOTIC: [8192] mysql_connect(): The mysql extension is deprecated and will be removed in the future: use mysqli or PDO instead /Applications/XAMPP/xamppfiles/htdocs/yoyo/ThinkPHP/Library/Think/Session/Driver/Db.class.php 第 95 行.
SQL: SHOW COLUMNS FROM `ocenter_module` [ RunTime:0.002216s ]
SQL: SELECT `type`,`name`,`value` FROM `ocenter_config` WHERE `status` = 1  [ RunTime:0.000367s ]
NOTIC: [8] Undefined variable: token /Applications/XAMPP/xamppfiles/htdocs/yoyo/Application/Common/Model/ModuleModel.class.php 第 242 行.
NOTIC: [8] Undefined variable: res /Applications/XAMPP/xamppfiles/htdocs/yoyo/Application/Common/Common/role.php 第 147 行.
INFO: [ action_begin ] --START--
INFO: Run Common\Behavior\InitModuleInfoBehavior [ RunTime:0.000126s ]
INFO: [ action_begin ] --END-- [ RunTime:0.000155s ]
NOTIC: [8] Undefined variable: module /Applications/XAMPP/xamppfiles/htdocs/yoyo/ThinkPHP/Common/functions.php 第 1052 行.
NOTIC: [8] Undefined variable: var /Applications/XAMPP/xamppfiles/htdocs/yoyo/ThinkPHP/Common/functions.php 第 1052 行.
NOTIC: [8] Undefined variable: varController /Applications/XAMPP/xamppfiles/htdocs/yoyo/ThinkPHP/Common/functions.php 第 1052 行.
NOTIC: [8] Undefined variable: var /Applications/XAMPP/xamppfiles/htdocs/yoyo/ThinkPHP/Common/functions.php 第 1052 行.
NOTIC: [8] Undefined variable: varAction /Applications/XAMPP/xamppfiles/htdocs/yoyo/ThinkPHP/Common/functions.php 第 1052 行.
NOTIC: [8] Undefined variable: module /Applications/XAMPP/xamppfiles/htdocs/yoyo/ThinkPHP/Common/functions.php 第 1052 行.
NOTIC: [8] Undefined variable: var /Applications/XAMPP/xamppfiles/htdocs/yoyo/ThinkPHP/Common/functions.php 第 1052 行.
NOTIC: [8] Undefined variable: varController /Applications/XAMPP/xamppfiles/htdocs/yoyo/ThinkPHP/Common/functions.php 第 1052 行.
NOTIC: [8] Undefined variable: var /Applications/XAMPP/xamppfiles/htdocs/yoyo/ThinkPHP/Common/functions.php 第 1052 行.
NOTIC: [8] Undefined variable: varAction /Applications/XAMPP/xamppfiles/htdocs/yoyo/ThinkPHP/Common/functions.php 第 1052 行.
SQL: SHOW COLUMNS FROM `ocenter_tradead` [ RunTime:0.003544s ]
SQL: SELECT COUNT(*) AS tp_count FROM `ocenter_tradead` WHERE t.status = 1 AND t.coin_type = 1 AND t.country = 45 AND t.currency = 'CNY' AND t.start2 <= '17.49' AND t.end2 >= '17.49' LIMIT 1   [ RunTime:0.000226s ]
ERR: 1054:Unknown column 't.status' in 'where clause'
 [ SQL语句 ] : SELECT COUNT(*) AS tp_count FROM `ocenter_tradead` WHERE t.status = 1 AND t.coin_type = 1 AND t.country = 45 AND t.currency = 'CNY' AND t.start2 <= '17.49' AND t.end2 >= '17.49' LIMIT 1  
SQL: SELECT t.pay_type,t.type,t.id,t.uid,t.price,a.path,a.driver,t.currency,t.min_price,t.max_price,m.nickname,m.trade_count,m.trade_score,c.en_name as countryEn FROM ocenter_tradead t INNER JOIN ocenter_member m on t.uid = m.uid INNER JOIN ocenter_avatar a on t.uid = a.uid INNER JOIN ocenter_country c on t.country = c.id  WHERE t.status = 1 AND t.coin_type = 1 AND t.country = 45 AND t.currency = 'CNY' AND t.start2 <= '17.49' AND t.end2 >= '17.49' ORDER BY t.id desc LIMIT 0,10   [ RunTime:0.000482s ]
SQL: SHOW COLUMNS FROM `ocenter_country` [ RunTime:0.002060s ]
SQL: SELECT `id`,`name`,`code` FROM `ocenter_country`  [ RunTime:0.000399s ]
SQL: SHOW COLUMNS FROM `ocenter_currency` [ RunTime:0.001935s ]
SQL: SELECT * FROM `ocenter_currency`  [ RunTime:0.000542s ]
SQL: SHOW COLUMNS FROM `ocenter_pay` [ RunTime:0.001977s ]
SQL: SELECT * FROM `ocenter_pay`  [ RunTime:0.000230s ]
INFO: [ view_parse ] --START--
INFO: [ template_filter ] --START--
INFO: Run Behavior\ContentReplaceBehavior [ RunTime:0.000397s ]
INFO: [ template_filter ] --END-- [ RunTime:0.000463s ]
INFO: [ syncMeta ] --START--
SQL: SHOW COLUMNS FROM `ocenter_addons` [ RunTime:0.002169s ]
SQL: SELECT `config` FROM `ocenter_addons` WHERE `name` = 'SyncLogin' AND `status` = 1 LIMIT 1   [ RunTime:0.000283s ]
INFO: Run Addons\SyncLogin\SyncLoginAddon [ RunTime:0.003514s ]
INFO: [ syncMeta ] --END-- [ RunTime:0.003568s ]
NOTIC: [8] Undefined variable: seo /Applications/XAMPP/xamppfiles/htdocs/yoyo/Runtime/Cache/Coin/25b15131347d0b58a887f4a8f92d9d0b.php 第 9 行.
SQL: SHOW COLUMNS FROM `ocenter_seo_rule` [ RunTime:0.001117s ]
NOTIC: [8192] mysql_escape_string(): This function is deprecated; use mysql_real_escape_string() instead. /Applications/XAMPP/xamppfiles/htdocs/yoyo/Application/Common/Model/SeoRuleModel.class.php 第 78 行.
NOTIC: [8192] mysql_escape_string(): This function is deprecated; use mysql_real_escape_string() instead. /Applications/XAMPP/xamppfiles/htdocs/yoyo/Application/Common/Model/SeoRuleModel.class.php 第 79 行.
NOTIC: [8192] mysql_escape_string(): This function is deprecated; use mysql_real_escape_string() instead. /Applications/XAMPP/xamppfiles/htdocs/yoyo/Application/Common/Model/SeoRuleModel.class.php 第 80 行.
SQL: SELECT * FROM `ocenter_seo_rule` WHERE ( (app='' or app='Coin') and (controller='' or controller='Index') and (action='' or action='btc') and status=1 ) ORDER BY sort asc  [ RunTime:0.000318s ]
SQL: SELECT `value` FROM `ocenter_config` WHERE `name` = '_CONFIG_WEB_SITE_NAME' LIMIT 1   [ RunTime:0.000207s ]
SQL: SELECT `type`,`name`,`value` FROM `ocenter_config` WHERE `status` = 1  [ RunTime:0.000380s ]
SQL: SELECT `value` FROM `ocenter_config` WHERE `name` = '_CONFIG_GET_INFORMATION' LIMIT 1   [ RunTime:0.000200s ]
SQL: SELECT `value` FROM `ocenter_config` WHERE `name` = '_CONFIG_GET_INFORMATION_INTERNAL' LIMIT 1   [ RunTime:0.000232s ]
SQL: SELECT `value` FROM `ocenter_config` WHERE `name` = '_CONFIG_WEBSOCKET_ADDRESS' LIMIT 1   [ RunTime:0.000235s ]
SQL: SELECT `value` FROM `ocenter_config` WHERE `name` = '_CONFIG_WEBSOCKET_PORT' LIMIT 1   [ RunTime:0.000276s ]
SQL: SELECT `value` FROM `ocenter_config` WHERE `name` = '_WEIBO_COMMENT_ORDER' LIMIT 1   [ RunTime:0.000197s ]
SQL: SHOW COLUMNS FROM `ocenter_pushing` [ RunTime:0.001942s ]
ERR: 1146:Table 'yoyobit.ocenter_pushing' doesn't exist
 [ SQL语句 ] : SHOW COLUMNS FROM `ocenter_pushing`
NOTIC: [2] fsockopen(): unable to connect to 127.0.0.1:8000 (Connection refused) /Applications/XAMPP/xamppfiles/htdocs/yoyo/ThinkPHP/Library/Vendor/socketio/WebSocketClient.php 第 81 行.
NOTIC: [2] socket_set_timeout() expects parameter 1 to be resource, boolean given /Applications/XAMPP/xamppfiles/htdocs/yoyo/ThinkPHP/Library/Vendor/socketio/WebSocketClient.php 第 82 行.
NOTIC: [2] fwrite() expects parameter 1 to be resource, boolean given /Applications/XAMPP/xamppfiles/htdocs/yoyo/ThinkPHP/Library/Vendor/socketio/WebSocketClient.php 第 84 行.
NOTIC: [2] fread() expects parameter 1 to be resource, boolean given /Applications/XAMPP/xamppfiles/htdocs/yoyo/ThinkPHP/Library/Vendor/socketio/WebSocketClient.php 第 89 行.
SQL: SELECT `value` FROM `ocenter_config` WHERE `name` = '_WEIBO_WEIBO_NUM' LIMIT 1   [ RunTime:0.000437s ]
SQL: SHOW COLUMNS FROM `ocenter_member` [ RunTime:0.004629s ]
SQL: SHOW COLUMNS FROM `ocenter_channel` [ RunTime:0.002253s ]
SQL: SELECT `id`,`pid`,`title`,`url`,`sort`,`create_time`,`update_time`,`status`,`target`,`color`,`band_color`,`band_text`,`icon`,`image`,`remark` FROM `ocenter_channel` WHERE `status` = 1 ORDER BY sort  [ RunTime:0.000436s ]
NOTIC: [8] Undefined index: _ /Applications/XAMPP/xamppfiles/htdocs/yoyo/Runtime/Cache/Coin/25b15131347d0b58a887f4a8f92d9d0b.php 第 152 行.
NOTIC: [8] Undefined index: _ /Applications/XAMPP/xamppfiles/htdocs/yoyo/Runtime/Cache/Coin/25b15131347d0b58a887f4a8f92d9d0b.php 第 152 行.
NOTIC: [8] Undefined variable: module /Applications/XAMPP/xamppfiles/htdocs/yoyo/ThinkPHP/Common/functions.php 第 1052 行.
NOTIC: [8] Undefined variable: var /Applications/XAMPP/xamppfiles/htdocs/yoyo/ThinkPHP/Common/functions.php 第 1052 行.
NOTIC: [8] Undefined variable: varController /Applications/XAMPP/xamppfiles/htdocs/yoyo/ThinkPHP/Common/functions.php 第 1052 行.
NOTIC: [8] Undefined variable: var /Applications/XAMPP/xamppfiles/htdocs/yoyo/ThinkPHP/Common/functions.php 第 1052 行.
NOTIC: [8] Undefined variable: varAction /Applications/XAMPP/xamppfiles/htdocs/yoyo/ThinkPHP/Common/functions.php 第 1052 行.
NOTIC: [8] Undefined index: _ /Applications/XAMPP/xamppfiles/htdocs/yoyo/Runtime/Cache/Coin/25b15131347d0b58a887f4a8f92d9d0b.php 第 152 行.
NOTIC: [8] Undefined variable: module /Applications/XAMPP/xamppfiles/htdocs/yoyo/ThinkPHP/Common/functions.php 第 1052 行.
NOTIC: [8] Undefined variable: var /Applications/XAMPP/xamppfiles/htdocs/yoyo/ThinkPHP/Common/functions.php 第 1052 行.
NOTIC: [8] Undefined variable: varController /Applications/XAMPP/xamppfiles/htdocs/yoyo/ThinkPHP/Common/functions.php 第 1052 行.
NOTIC: [8] Undefined variable: var /Applications/XAMPP/xamppfiles/htdocs/yoyo/ThinkPHP/Common/functions.php 第 1052 行.
NOTIC: [8] Undefined variable: varAction /Applications/XAMPP/xamppfiles/htdocs/yoyo/ThinkPHP/Common/functions.php 第 1052 行.
NOTIC: [8] Undefined index: _ /Applications/XAMPP/xamppfiles/htdocs/yoyo/Runtime/Cache/Coin/25b15131347d0b58a887f4a8f92d9d0b.php 第 152 行.
NOTIC: [8] Undefined variable: module /Applications/XAMPP/xamppfiles/htdocs/yoyo/ThinkPHP/Common/functions.php 第 1052 行.
NOTIC: [8] Undefined variable: var /Applications/XAMPP/xamppfiles/htdocs/yoyo/ThinkPHP/Common/functions.php 第 1052 行.
NOTIC: [8] Undefined variable: varController /Applications/XAMPP/xamppfiles/htdocs/yoyo/ThinkPHP/Common/functions.php 第 1052 行.
NOTIC: [8] Undefined variable: var /Applications/XAMPP/xamppfiles/htdocs/yoyo/ThinkPHP/Common/functions.php 第 1052 行.
NOTIC: [8] Undefined variable: varAction /Applications/XAMPP/xamppfiles/htdocs/yoyo/ThinkPHP/Common/functions.php 第 1052 行.
NOTIC: [8] Undefined index: _ /Applications/XAMPP/xamppfiles/htdocs/yoyo/Runtime/Cache/Coin/25b15131347d0b58a887f4a8f92d9d0b.php 第 152 行.
NOTIC: [8] Undefined index: _ /Applications/XAMPP/xamppfiles/htdocs/yoyo/Runtime/Cache/Coin/25b15131347d0b58a887f4a8f92d9d0b.php 第 152 行.
NOTIC: [8] Undefined variable: module /Applications/XAMPP/xamppfiles/htdocs/yoyo/ThinkPHP/Common/functions.php 第 1052 行.
NOTIC: [8] Undefined variable: var /Applications/XAMPP/xamppfiles/htdocs/yoyo/ThinkPHP/Common/functions.php 第 1052 行.
NOTIC: [8] Undefined variable: varController /Applications/XAMPP/xamppfiles/htdocs/yoyo/ThinkPHP/Common/functions.php 第 1052 行.
NOTIC: [8] Undefined variable: var /Applications/XAMPP/xamppfiles/htdocs/yoyo/ThinkPHP/Common/functions.php 第 1052 行.
NOTIC: [8] Undefined variable: varAction /Applications/XAMPP/xamppfiles/htdocs/yoyo/ThinkPHP/Common/functions.php 第 1052 行.
NOTIC: [8] Undefined variable: module /Applications/XAMPP/xamppfiles/htdocs/yoyo/ThinkPHP/Common/functions.php 第 1052 行.
NOTIC: [8] Undefined variable: var /Applications/XAMPP/xamppfiles/htdocs/yoyo/ThinkPHP/Common/functions.php 第 1052 行.
NOTIC: [8] Undefined variable: varController /Applications/XAMPP/xamppfiles/htdocs/yoyo/ThinkPHP/Common/functions.php 第 1052 行.
NOTIC: [8] Undefined variable: var /Applications/XAMPP/xamppfiles/htdocs/yoyo/ThinkPHP/Common/functions.php 第 1052 行.
NOTIC: [8] Undefined variable: varAction /Applications/XAMPP/xamppfiles/htdocs/yoyo/ThinkPHP/Common/functions.php 第 1052 行.
NOTIC: [8] Undefined variable: module /Applications/XAMPP/xamppfiles/htdocs/yoyo/ThinkPHP/Common/functions.php 第 1052 行.
NOTIC: [8] Undefined variable: var /Applications/XAMPP/xamppfiles/htdocs/yoyo/ThinkPHP/Common/functions.php 第 1052 行.
NOTIC: [8] Undefined variable: varController /Applications/XAMPP/xamppfiles/htdocs/yoyo/ThinkPHP/Common/functions.php 第 1052 行.
NOTIC: [8] Undefined variable: var /Applications/XAMPP/xamppfiles/htdocs/yoyo/ThinkPHP/Common/functions.php 第 1052 行.
NOTIC: [8] Undefined variable: varAction /Applications/XAMPP/xamppfiles/htdocs/yoyo/ThinkPHP/Common/functions.php 第 1052 行.
NOTIC: [8] Undefined variable: module /Applications/XAMPP/xamppfiles/htdocs/yoyo/ThinkPHP/Common/functions.php 第 1052 行.
NOTIC: [8] Undefined variable: var /Applications/XAMPP/xamppfiles/htdocs/yoyo/ThinkPHP/Common/functions.php 第 1052 行.
NOTIC: [8] Undefined variable: varController /Applications/XAMPP/xamppfiles/htdocs/yoyo/ThinkPHP/Common/functions.php 第 1052 行.
NOTIC: [8] Undefined variable: var /Applications/XAMPP/xamppfiles/htdocs/yoyo/ThinkPHP/Common/functions.php 第 1052 行.
NOTIC: [8] Undefined variable: varAction /Applications/XAMPP/xamppfiles/htdocs/yoyo/ThinkPHP/Common/functions.php 第 1052 行.
SQL: SHOW COLUMNS FROM `ocenter_member` [ RunTime:0.002542s ]
SQL: SELECT `reg_time` FROM `ocenter_member` WHERE `uid` = 1 LIMIT 1   [ RunTime:0.000259s ]
SQL: select uid,nickname,score1 from `ocenter_member`,`ocenter_ucenter_member` where uid=id and uid=1 limit 1 [ RunTime:0.000284s ]
SQL: SELECT `value` FROM `ocenter_config` WHERE `name` = '_USERCONFIG_LEVEL' LIMIT 1   [ RunTime:0.000261s ]
SQL: SHOW COLUMNS FROM `ocenter_follow` [ RunTime:0.002494s ]
SQL: SELECT COUNT(*) AS tp_count FROM `ocenter_follow` WHERE ( follow_who=1 and trust=0 ) LIMIT 1   [ RunTime:0.000358s ]
SQL: SELECT COUNT(*) AS tp_count FROM `ocenter_follow` WHERE ( who_follow=1 and trust=0 ) LIMIT 1   [ RunTime:0.000356s ]
SQL: SELECT COUNT(*) AS tp_count FROM `ocenter_follow` WHERE ( who_follow=1 and trust=1 ) LIMIT 1   [ RunTime:0.000393s ]
SQL: SHOW COLUMNS FROM `ocenter_user_config` [ RunTime:0.001153s ]
SQL: SELECT * FROM `ocenter_user_config` WHERE `uid` = 1 AND `name` = 'user_cover' AND `role_id` = 0 AND `model` = '' LIMIT 1   [ RunTime:0.000200s ]
SQL: SHOW COLUMNS FROM `ocenter_picture` [ RunTime:0.001780s ]
SQL: SELECT * FROM `ocenter_picture` WHERE `status` = 1 AND `id` = null LIMIT 1   [ RunTime:0.000298s ]
NOTIC: [2] unlink(./Runtime/Temp/945c180f3240ad0e35d9eb8beb06401b.php): No such file or directory /Applications/XAMPP/xamppfiles/htdocs/yoyo/ThinkPHP/Library/Think/Cache/Driver/File.class.php 第 157 行.
NOTIC: [2] unlink(./Runtime/Temp/deec309cb1249b5b7776ac8c8f45123b.php): No such file or directory /Applications/XAMPP/xamppfiles/htdocs/yoyo/ThinkPHP/Library/Think/Cache/Driver/File.class.php 第 157 行.
NOTIC: [8] Undefined index: space_url /Applications/XAMPP/xamppfiles/htdocs/yoyo/Runtime/Cache/Coin/25b15131347d0b58a887f4a8f92d9d0b.php 第 225 行.
NOTIC: [8] Undefined index: score /Applications/XAMPP/xamppfiles/htdocs/yoyo/Runtime/Cache/Coin/25b15131347d0b58a887f4a8f92d9d0b.php 第 257 行.
NOTIC: [8] Undefined index: score /Applications/XAMPP/xamppfiles/htdocs/yoyo/Runtime/Cache/Coin/25b15131347d0b58a887f4a8f92d9d0b.php 第 269 行.
SQL: SHOW COLUMNS FROM `ocenter_user_nav` [ RunTime:0.002209s ]
SQL: SELECT * FROM `ocenter_user_nav` WHERE ( status=1 ) ORDER BY sort asc  [ RunTime:0.000375s ]
NOTIC: [8] Undefined variable: module /Applications/XAMPP/xamppfiles/htdocs/yoyo/ThinkPHP/Common/functions.php 第 1052 行.
NOTIC: [8] Undefined variable: var /Applications/XAMPP/xamppfiles/htdocs/yoyo/ThinkPHP/Common/functions.php 第 1052 行.
NOTIC: [8] Undefined variable: varController /Applications/XAMPP/xamppfiles/htdocs/yoyo/ThinkPHP/Common/functions.php 第 1052 行.
NOTIC: [8] Undefined variable: var /Applications/XAMPP/xamppfiles/htdocs/yoyo/ThinkPHP/Common/functions.php 第 1052 行.
NOTIC: [8] Undefined variable: varAction /Applications/XAMPP/xamppfiles/htdocs/yoyo/ThinkPHP/Common/functions.php 第 1052 行.
NOTIC: [8] Undefined variable: module /Applications/XAMPP/xamppfiles/htdocs/yoyo/ThinkPHP/Common/functions.php 第 1052 行.
NOTIC: [8] Undefined variable: var /Applications/XAMPP/xamppfiles/htdocs/yoyo/ThinkPHP/Common/functions.php 第 1052 行.
NOTIC: [8] Undefined variable: varController /Applications/XAMPP/xamppfiles/htdocs/yoyo/ThinkPHP/Common/functions.php 第 1052 行.
NOTIC: [8] Undefined variable: var /Applications/XAMPP/xamppfiles/htdocs/yoyo/ThinkPHP/Common/functions.php 第 1052 行.
NOTIC: [8] Undefined variable: varAction /Applications/XAMPP/xamppfiles/htdocs/yoyo/ThinkPHP/Common/functions.php 第 1052 行.
SQL: SELECT `value` FROM `ocenter_config` WHERE `name` = '_INVITE_REGISTER_TYPE' LIMIT 1   [ RunTime:0.000268s ]
SQL: SELECT `type`,`name`,`value` FROM `ocenter_config` WHERE `status` = 1  [ RunTime:0.000348s ]
NOTIC: [8] Undefined variable: token /Applications/XAMPP/xamppfiles/htdocs/yoyo/Application/Common/Model/ModuleModel.class.php 第 242 行.
NOTIC: [8] Undefined variable: res /Applications/XAMPP/xamppfiles/htdocs/yoyo/Application/Common/Common/role.php 第 147 行.
INFO: [ action_begin ] --START--
INFO: Run Common\Behavior\InitModuleInfoBehavior [ RunTime:0.000006s ]
INFO: [ action_begin ] --END-- [ RunTime:-1.091386s ]
INFO: [ view_parse ] --START--
INFO: [ template_filter ] --START--
INFO: Run Behavior\ContentReplaceBehavior [ RunTime:0.000044s ]
INFO: [ template_filter ] --END-- [ RunTime:-1.063778s ]
NOTIC: [8] Undefined index: title /Applications/XAMPP/xamppfiles/htdocs/yoyo/Runtime/Cache/Coin/7ac86ee1d16e058d630e77679d9f3d59.php 第 6 行.
NOTIC: [8] Undefined index: children /Applications/XAMPP/xamppfiles/htdocs/yoyo/Runtime/Cache/Coin/7ac86ee1d16e058d630e77679d9f3d59.php 第 15 行.
NOTIC: [8] Undefined index: li_class /Applications/XAMPP/xamppfiles/htdocs/yoyo/Runtime/Cache/Coin/7ac86ee1d16e058d630e77679d9f3d59.php 第 31 行.
NOTIC: [8] Undefined index: a_class /Applications/XAMPP/xamppfiles/htdocs/yoyo/Runtime/Cache/Coin/7ac86ee1d16e058d630e77679d9f3d59.php 第 32 行.
NOTIC: [8] Undefined index: icon /Applications/XAMPP/xamppfiles/htdocs/yoyo/Runtime/Cache/Coin/7ac86ee1d16e058d630e77679d9f3d59.php 第 33 行.
NOTIC: [8] Undefined index: children /Applications/XAMPP/xamppfiles/htdocs/yoyo/Runtime/Cache/Coin/7ac86ee1d16e058d630e77679d9f3d59.php 第 15 行.
NOTIC: [8] Undefined index: li_class /Applications/XAMPP/xamppfiles/htdocs/yoyo/Runtime/Cache/Coin/7ac86ee1d16e058d630e77679d9f3d59.php 第 31 行.
NOTIC: [8] Undefined index: a_class /Applications/XAMPP/xamppfiles/htdocs/yoyo/Runtime/Cache/Coin/7ac86ee1d16e058d630e77679d9f3d59.php 第 32 行.
NOTIC: [8] Undefined index: icon /Applications/XAMPP/xamppfiles/htdocs/yoyo/Runtime/Cache/Coin/7ac86ee1d16e058d630e77679d9f3d59.php 第 33 行.
NOTIC: [8] Undefined index: right /Applications/XAMPP/xamppfiles/htdocs/yoyo/Runtime/Cache/Coin/7ac86ee1d16e058d630e77679d9f3d59.php 第 36 行.
INFO: Run Behavior\ParseTemplateBehavior [ RunTime:0.006902s ]
INFO: [ view_parse ] --END-- [ RunTime:0.006928s ]
INFO: [ view_filter ] --START--
INFO: Run Behavior\WriteHtmlCacheBehavior [ RunTime:0.000099s ]
INFO: [ view_filter ] --END-- [ RunTime:0.000118s ]
SQL: SHOW COLUMNS FROM `ocenter_pay` [ RunTime:0.001935s ]
SQL: SELECT * FROM `ocenter_pay` WHERE ( id in (2) )  [ RunTime:0.000231s ]
SQL: SELECT * FROM `ocenter_pay` WHERE ( id in (1,2,3) )  [ RunTime:0.000244s ]
SQL: SELECT * FROM `ocenter_pay` WHERE ( id in (3,4) )  [ RunTime:0.000188s ]
SQL: SELECT `value` FROM `ocenter_config` WHERE `name` = '_CONFIG_ABOUT_US' LIMIT 1   [ RunTime:0.000192s ]
SQL: SELECT `value` FROM `ocenter_config` WHERE `name` = '_CONFIG_COPY_RIGHT' LIMIT 1   [ RunTime:0.000222s ]
NOTIC: [8] Undefined variable: site /Applications/XAMPP/xamppfiles/htdocs/yoyo/Runtime/Cache/Coin/25b15131347d0b58a887f4a8f92d9d0b.php 第 595 行.
INFO: [ pageFooter ] --START--
INFO: Run Addons\SuperLinks\SuperLinksAddon [ RunTime:0.000491s ]
INFO: [ pageFooter ] --END-- [ RunTime:0.000526s ]
SQL: SELECT `type`,`name`,`value` FROM `ocenter_config` WHERE `status` = 1  [ RunTime:0.000392s ]
NOTIC: [8] Undefined variable: token /Applications/XAMPP/xamppfiles/htdocs/yoyo/Application/Common/Model/ModuleModel.class.php 第 242 行.
NOTIC: [8] Undefined variable: res /Applications/XAMPP/xamppfiles/htdocs/yoyo/Application/Common/Common/role.php 第 147 行.
INFO: [ action_begin ] --START--
INFO: Run Common\Behavior\InitModuleInfoBehavior [ RunTime:0.000006s ]
INFO: [ action_begin ] --END-- [ RunTime:-1.105608s ]
SQL: SHOW COLUMNS FROM `ocenter_announce` [ RunTime:0.002068s ]
SQL: SELECT * FROM `ocenter_announce` WHERE `status` = 1 AND `is_force` = 1 AND `end_time` > 1510048148 ORDER BY sort desc,create_time desc  [ RunTime:0.000202s ]
SQL: SELECT `type`,`name`,`value` FROM `ocenter_config` WHERE `status` = 1  [ RunTime:0.000377s ]
NOTIC: [8] Undefined variable: token /Applications/XAMPP/xamppfiles/htdocs/yoyo/Application/Common/Model/ModuleModel.class.php 第 242 行.
NOTIC: [8] Undefined variable: res /Applications/XAMPP/xamppfiles/htdocs/yoyo/Application/Common/Common/role.php 第 147 行.
INFO: [ action_begin ] --START--
INFO: Run Common\Behavior\InitModuleInfoBehavior [ RunTime:0.000010s ]
INFO: [ action_begin ] --END-- [ RunTime:-1.110638s ]
INFO: [ view_parse ] --START--
INFO: [ template_filter ] --START--
INFO: Run Behavior\ContentReplaceBehavior [ RunTime:0.000045s ]
INFO: [ template_filter ] --END-- [ RunTime:-1.078858s ]
INFO: Run Behavior\ParseTemplateBehavior [ RunTime:0.001868s ]
INFO: [ view_parse ] --END-- [ RunTime:-0.012322s ]
INFO: [ view_filter ] --START--
INFO: Run Behavior\WriteHtmlCacheBehavior [ RunTime:0.000009s ]
INFO: [ view_filter ] --END-- [ RunTime:-0.014121s ]
INFO: Run Behavior\ParseTemplateBehavior [ RunTime:0.002093s ]
INFO: [ view_parse ] --END-- [ RunTime:-0.012322s ]
INFO: [ view_filter ] --START--
INFO: Run Behavior\WriteHtmlCacheBehavior [ RunTime:0.000005s ]
INFO: [ view_filter ] --END-- [ RunTime:-0.014340s ]
INFO: [ app_end ] --START--
INFO: Run Behavior\ShowPageTraceBehavior [ RunTime:0.000543s ]
INFO: [ app_end ] --END-- [ RunTime:0.000579s ]

[ 2017-11-07T17:52:32+08:00 ] 127.0.0.1 /yoyo/coin/btc.html
INFO: [ app_init ] --START--
INFO: Run Behavior\BuildLiteBehavior [ RunTime:0.000009s ]
INFO: Run Common\Behavior\InitHookBehavior [ RunTime:0.000783s ]
INFO: [ app_init ] --END-- [ RunTime:0.000845s ]
NOTIC: [8] Undefined index: router /Applications/XAMPP/xamppfiles/htdocs/yoyo/Application/Common/Common/function.php 第 1936 行.
NOTIC: [8] Undefined index: router /Applications/XAMPP/xamppfiles/htdocs/yoyo/Application/Common/Common/function.php 第 1936 行.
NOTIC: [8] Undefined index: router /Applications/XAMPP/xamppfiles/htdocs/yoyo/Application/Common/Common/function.php 第 1936 行.
NOTIC: [8] Undefined index: router /Applications/XAMPP/xamppfiles/htdocs/yoyo/Application/Common/Common/function.php 第 1936 行.
NOTIC: [8] Undefined index: router /Applications/XAMPP/xamppfiles/htdocs/yoyo/Application/Common/Common/function.php 第 1936 行.
NOTIC: [8] Undefined index: router /Applications/XAMPP/xamppfiles/htdocs/yoyo/Application/Common/Common/function.php 第 1936 行.
SQL: SHOW COLUMNS FROM `ocenter_config` [ RunTime:0.007321s ]
SQL: SELECT `type`,`name`,`value` FROM `ocenter_config` WHERE `status` = 1  [ RunTime:0.000781s ]
INFO: [ app_begin ] --START--
INFO: Run Behavior\ReadHtmlCacheBehavior [ RunTime:0.000318s ]
INFO: Run Behavior\CheckLangBehavior [ RunTime:0.010361s ]
INFO: [ app_begin ] --END-- [ RunTime:0.010746s ]
NOTIC: [8192] mysql_connect(): The mysql extension is deprecated and will be removed in the future: use mysqli or PDO instead /Applications/XAMPP/xamppfiles/htdocs/yoyo/ThinkPHP/Library/Think/Session/Driver/Db.class.php 第 95 行.
SQL: SHOW COLUMNS FROM `ocenter_module` [ RunTime:0.002073s ]
SQL: SELECT `type`,`name`,`value` FROM `ocenter_config` WHERE `status` = 1  [ RunTime:0.000383s ]
NOTIC: [8] Undefined variable: token /Applications/XAMPP/xamppfiles/htdocs/yoyo/Application/Common/Model/ModuleModel.class.php 第 242 行.
NOTIC: [8] Undefined variable: res /Applications/XAMPP/xamppfiles/htdocs/yoyo/Application/Common/Common/role.php 第 147 行.
INFO: [ action_begin ] --START--
INFO: Run Common\Behavior\InitModuleInfoBehavior [ RunTime:0.000135s ]
INFO: [ action_begin ] --END-- [ RunTime:0.000166s ]
NOTIC: [8] Undefined variable: module /Applications/XAMPP/xamppfiles/htdocs/yoyo/ThinkPHP/Common/functions.php 第 1052 行.
NOTIC: [8] Undefined variable: var /Applications/XAMPP/xamppfiles/htdocs/yoyo/ThinkPHP/Common/functions.php 第 1052 行.
NOTIC: [8] Undefined variable: varController /Applications/XAMPP/xamppfiles/htdocs/yoyo/ThinkPHP/Common/functions.php 第 1052 行.
NOTIC: [8] Undefined variable: var /Applications/XAMPP/xamppfiles/htdocs/yoyo/ThinkPHP/Common/functions.php 第 1052 行.
NOTIC: [8] Undefined variable: varAction /Applications/XAMPP/xamppfiles/htdocs/yoyo/ThinkPHP/Common/functions.php 第 1052 行.
NOTIC: [8] Undefined variable: module /Applications/XAMPP/xamppfiles/htdocs/yoyo/ThinkPHP/Common/functions.php 第 1052 行.
NOTIC: [8] Undefined variable: var /Applications/XAMPP/xamppfiles/htdocs/yoyo/ThinkPHP/Common/functions.php 第 1052 行.
NOTIC: [8] Undefined variable: varController /Applications/XAMPP/xamppfiles/htdocs/yoyo/ThinkPHP/Common/functions.php 第 1052 行.
NOTIC: [8] Undefined variable: var /Applications/XAMPP/xamppfiles/htdocs/yoyo/ThinkPHP/Common/functions.php 第 1052 行.
NOTIC: [8] Undefined variable: varAction /Applications/XAMPP/xamppfiles/htdocs/yoyo/ThinkPHP/Common/functions.php 第 1052 行.
SQL: SHOW COLUMNS FROM `ocenter_tradead` [ RunTime:0.003433s ]
SQL: SELECT COUNT(*) AS tp_count FROM `ocenter_tradead` WHERE t.status = 1 AND t.coin_type = 1 AND t.country = 45 AND t.currency = 'CNY' AND t.start2 <= '17.52' AND t.end2 >= '17.52' LIMIT 1   [ RunTime:0.000179s ]
ERR: 1054:Unknown column 't.status' in 'where clause'
 [ SQL语句 ] : SELECT COUNT(*) AS tp_count FROM `ocenter_tradead` WHERE t.status = 1 AND t.coin_type = 1 AND t.country = 45 AND t.currency = 'CNY' AND t.start2 <= '17.52' AND t.end2 >= '17.52' LIMIT 1  
SQL: SELECT t.pay_type,t.type,t.id,t.uid,t.price,a.path,a.driver,t.currency,t.min_price,t.max_price,m.nickname,m.trade_count,m.trade_score,c.en_name as countryEn FROM ocenter_tradead t INNER JOIN ocenter_member m on t.uid = m.uid INNER JOIN ocenter_avatar a on t.uid = a.uid INNER JOIN ocenter_country c on t.country = c.id  WHERE t.status = 1 AND t.coin_type = 1 AND t.country = 45 AND t.currency = 'CNY' AND t.start2 <= '17.52' AND t.end2 >= '17.52' ORDER BY t.id desc LIMIT 0,10   [ RunTime:0.000479s ]
SQL: SHOW COLUMNS FROM `ocenter_country` [ RunTime:0.002136s ]
SQL: SELECT `id`,`name`,`code` FROM `ocenter_country`  [ RunTime:0.000431s ]
SQL: SHOW COLUMNS FROM `ocenter_currency` [ RunTime:0.001924s ]
SQL: SELECT * FROM `ocenter_currency`  [ RunTime:0.000364s ]
SQL: SHOW COLUMNS FROM `ocenter_pay` [ RunTime:0.001947s ]
SQL: SELECT * FROM `ocenter_pay`  [ RunTime:0.000239s ]
INFO: [ view_parse ] --START--
INFO: [ template_filter ] --START--
INFO: Run Behavior\ContentReplaceBehavior [ RunTime:0.000339s ]
INFO: [ template_filter ] --END-- [ RunTime:0.000379s ]
INFO: [ syncMeta ] --START--
INFO: Run Addons\SyncLogin\SyncLoginAddon [ RunTime:0.000588s ]
INFO: [ syncMeta ] --END-- [ RunTime:0.000632s ]
NOTIC: [8] Undefined variable: seo /Applications/XAMPP/xamppfiles/htdocs/yoyo/Runtime/Cache/Coin/25b15131347d0b58a887f4a8f92d9d0b.php 第 9 行.
SQL: SHOW COLUMNS FROM `ocenter_seo_rule` [ RunTime:0.001881s ]
SQL: SELECT `type`,`name`,`value` FROM `ocenter_config` WHERE `status` = 1  [ RunTime:0.000344s ]
SQL: SHOW COLUMNS FROM `ocenter_pushing` [ RunTime:0.001913s ]
ERR: 1146:Table 'yoyobit.ocenter_pushing' doesn't exist
 [ SQL语句 ] : SHOW COLUMNS FROM `ocenter_pushing`
SQL: SHOW COLUMNS FROM `ocenter_member` [ RunTime:0.003328s ]
SQL: SHOW COLUMNS FROM `ocenter_channel` [ RunTime:0.002010s ]
NOTIC: [8] Undefined index: _ /Applications/XAMPP/xamppfiles/htdocs/yoyo/Runtime/Cache/Coin/25b15131347d0b58a887f4a8f92d9d0b.php 第 152 行.
NOTIC: [8] Undefined index: _ /Applications/XAMPP/xamppfiles/htdocs/yoyo/Runtime/Cache/Coin/25b15131347d0b58a887f4a8f92d9d0b.php 第 152 行.
NOTIC: [8] Undefined variable: module /Applications/XAMPP/xamppfiles/htdocs/yoyo/ThinkPHP/Common/functions.php 第 1052 行.
NOTIC: [8] Undefined variable: var /Applications/XAMPP/xamppfiles/htdocs/yoyo/ThinkPHP/Common/functions.php 第 1052 行.
NOTIC: [8] Undefined variable: varController /Applications/XAMPP/xamppfiles/htdocs/yoyo/ThinkPHP/Common/functions.php 第 1052 行.
NOTIC: [8] Undefined variable: var /Applications/XAMPP/xamppfiles/htdocs/yoyo/ThinkPHP/Common/functions.php 第 1052 行.
NOTIC: [8] Undefined variable: varAction /Applications/XAMPP/xamppfiles/htdocs/yoyo/ThinkPHP/Common/functions.php 第 1052 行.
NOTIC: [8] Undefined index: _ /Applications/XAMPP/xamppfiles/htdocs/yoyo/Runtime/Cache/Coin/25b15131347d0b58a887f4a8f92d9d0b.php 第 152 行.
NOTIC: [8] Undefined variable: module /Applications/XAMPP/xamppfiles/htdocs/yoyo/ThinkPHP/Common/functions.php 第 1052 行.
NOTIC: [8] Undefined variable: var /Applications/XAMPP/xamppfiles/htdocs/yoyo/ThinkPHP/Common/functions.php 第 1052 行.
NOTIC: [8] Undefined variable: varController /Applications/XAMPP/xamppfiles/htdocs/yoyo/ThinkPHP/Common/functions.php 第 1052 行.
NOTIC: [8] Undefined variable: var /Applications/XAMPP/xamppfiles/htdocs/yoyo/ThinkPHP/Common/functions.php 第 1052 行.
NOTIC: [8] Undefined variable: varAction /Applications/XAMPP/xamppfiles/htdocs/yoyo/ThinkPHP/Common/functions.php 第 1052 行.
NOTIC: [8] Undefined index: _ /Applications/XAMPP/xamppfiles/htdocs/yoyo/Runtime/Cache/Coin/25b15131347d0b58a887f4a8f92d9d0b.php 第 152 行.
NOTIC: [8] Undefined variable: module /Applications/XAMPP/xamppfiles/htdocs/yoyo/ThinkPHP/Common/functions.php 第 1052 行.
NOTIC: [8] Undefined variable: var /Applications/XAMPP/xamppfiles/htdocs/yoyo/ThinkPHP/Common/functions.php 第 1052 行.
NOTIC: [8] Undefined variable: varController /Applications/XAMPP/xamppfiles/htdocs/yoyo/ThinkPHP/Common/functions.php 第 1052 行.
NOTIC: [8] Undefined variable: var /Applications/XAMPP/xamppfiles/htdocs/yoyo/ThinkPHP/Common/functions.php 第 1052 行.
NOTIC: [8] Undefined variable: varAction /Applications/XAMPP/xamppfiles/htdocs/yoyo/ThinkPHP/Common/functions.php 第 1052 行.
NOTIC: [8] Undefined index: _ /Applications/XAMPP/xamppfiles/htdocs/yoyo/Runtime/Cache/Coin/25b15131347d0b58a887f4a8f92d9d0b.php 第 152 行.
NOTIC: [8] Undefined index: _ /Applications/XAMPP/xamppfiles/htdocs/yoyo/Runtime/Cache/Coin/25b15131347d0b58a887f4a8f92d9d0b.php 第 152 行.
NOTIC: [8] Undefined variable: module /Applications/XAMPP/xamppfiles/htdocs/yoyo/ThinkPHP/Common/functions.php 第 1052 行.
NOTIC: [8] Undefined variable: var /Applications/XAMPP/xamppfiles/htdocs/yoyo/ThinkPHP/Common/functions.php 第 1052 行.
NOTIC: [8] Undefined variable: varController /Applications/XAMPP/xamppfiles/htdocs/yoyo/ThinkPHP/Common/functions.php 第 1052 行.
NOTIC: [8] Undefined variable: var /Applications/XAMPP/xamppfiles/htdocs/yoyo/ThinkPHP/Common/functions.php 第 1052 行.
NOTIC: [8] Undefined variable: varAction /Applications/XAMPP/xamppfiles/htdocs/yoyo/ThinkPHP/Common/functions.php 第 1052 行.
NOTIC: [8] Undefined variable: module /Applications/XAMPP/xamppfiles/htdocs/yoyo/ThinkPHP/Common/functions.php 第 1052 行.
NOTIC: [8] Undefined variable: var /Applications/XAMPP/xamppfiles/htdocs/yoyo/ThinkPHP/Common/functions.php 第 1052 行.
NOTIC: [8] Undefined variable: varController /Applications/XAMPP/xamppfiles/htdocs/yoyo/ThinkPHP/Common/functions.php 第 1052 行.
NOTIC: [8] Undefined variable: var /Applications/XAMPP/xamppfiles/htdocs/yoyo/ThinkPHP/Common/functions.php 第 1052 行.
NOTIC: [8] Undefined variable: varAction /Applications/XAMPP/xamppfiles/htdocs/yoyo/ThinkPHP/Common/functions.php 第 1052 行.
NOTIC: [8] Undefined variable: module /Applications/XAMPP/xamppfiles/htdocs/yoyo/ThinkPHP/Common/functions.php 第 1052 行.
NOTIC: [8] Undefined variable: var /Applications/XAMPP/xamppfiles/htdocs/yoyo/ThinkPHP/Common/functions.php 第 1052 行.
NOTIC: [8] Undefined variable: varController /Applications/XAMPP/xamppfiles/htdocs/yoyo/ThinkPHP/Common/functions.php 第 1052 行.
NOTIC: [8] Undefined variable: var /Applications/XAMPP/xamppfiles/htdocs/yoyo/ThinkPHP/Common/functions.php 第 1052 行.
NOTIC: [8] Undefined variable: varAction /Applications/XAMPP/xamppfiles/htdocs/yoyo/ThinkPHP/Common/functions.php 第 1052 行.
NOTIC: [8] Undefined variable: module /Applications/XAMPP/xamppfiles/htdocs/yoyo/ThinkPHP/Common/functions.php 第 1052 行.
NOTIC: [8] Undefined variable: var /Applications/XAMPP/xamppfiles/htdocs/yoyo/ThinkPHP/Common/functions.php 第 1052 行.
NOTIC: [8] Undefined variable: varController /Applications/XAMPP/xamppfiles/htdocs/yoyo/ThinkPHP/Common/functions.php 第 1052 行.
NOTIC: [8] Undefined variable: var /Applications/XAMPP/xamppfiles/htdocs/yoyo/ThinkPHP/Common/functions.php 第 1052 行.
NOTIC: [8] Undefined variable: varAction /Applications/XAMPP/xamppfiles/htdocs/yoyo/ThinkPHP/Common/functions.php 第 1052 行.
SQL: SHOW COLUMNS FROM `ocenter_member` [ RunTime:0.003604s ]
SQL: SELECT `reg_time` FROM `ocenter_member` WHERE `uid` = 1 LIMIT 1   [ RunTime:0.000247s ]
SQL: SHOW COLUMNS FROM `ocenter_user_config` [ RunTime:0.002219s ]
SQL: SELECT * FROM `ocenter_user_config` WHERE `uid` = 1 AND `name` = 'user_cover' AND `role_id` = 0 AND `model` = '' LIMIT 1   [ RunTime:0.000320s ]
SQL: SHOW COLUMNS FROM `ocenter_picture` [ RunTime:0.002051s ]
SQL: SELECT * FROM `ocenter_picture` WHERE `status` = 1 AND `id` = null LIMIT 1   [ RunTime:0.000265s ]
NOTIC: [2] unlink(./Runtime/Temp/945c180f3240ad0e35d9eb8beb06401b.php): No such file or directory /Applications/XAMPP/xamppfiles/htdocs/yoyo/ThinkPHP/Library/Think/Cache/Driver/File.class.php 第 157 行.
NOTIC: [2] unlink(./Runtime/Temp/deec309cb1249b5b7776ac8c8f45123b.php): No such file or directory /Applications/XAMPP/xamppfiles/htdocs/yoyo/ThinkPHP/Library/Think/Cache/Driver/File.class.php 第 157 行.
NOTIC: [8] Undefined index: space_url /Applications/XAMPP/xamppfiles/htdocs/yoyo/Runtime/Cache/Coin/25b15131347d0b58a887f4a8f92d9d0b.php 第 225 行.
NOTIC: [8] Undefined index: score /Applications/XAMPP/xamppfiles/htdocs/yoyo/Runtime/Cache/Coin/25b15131347d0b58a887f4a8f92d9d0b.php 第 257 行.
NOTIC: [8] Undefined index: score /Applications/XAMPP/xamppfiles/htdocs/yoyo/Runtime/Cache/Coin/25b15131347d0b58a887f4a8f92d9d0b.php 第 269 行.
NOTIC: [8] Undefined variable: module /Applications/XAMPP/xamppfiles/htdocs/yoyo/ThinkPHP/Common/functions.php 第 1052 行.
NOTIC: [8] Undefined variable: var /Applications/XAMPP/xamppfiles/htdocs/yoyo/ThinkPHP/Common/functions.php 第 1052 行.
NOTIC: [8] Undefined variable: varController /Applications/XAMPP/xamppfiles/htdocs/yoyo/ThinkPHP/Common/functions.php 第 1052 行.
NOTIC: [8] Undefined variable: var /Applications/XAMPP/xamppfiles/htdocs/yoyo/ThinkPHP/Common/functions.php 第 1052 行.
NOTIC: [8] Undefined variable: varAction /Applications/XAMPP/xamppfiles/htdocs/yoyo/ThinkPHP/Common/functions.php 第 1052 行.
NOTIC: [8] Undefined variable: module /Applications/XAMPP/xamppfiles/htdocs/yoyo/ThinkPHP/Common/functions.php 第 1052 行.
NOTIC: [8] Undefined variable: var /Applications/XAMPP/xamppfiles/htdocs/yoyo/ThinkPHP/Common/functions.php 第 1052 行.
NOTIC: [8] Undefined variable: varController /Applications/XAMPP/xamppfiles/htdocs/yoyo/ThinkPHP/Common/functions.php 第 1052 行.
NOTIC: [8] Undefined variable: var /Applications/XAMPP/xamppfiles/htdocs/yoyo/ThinkPHP/Common/functions.php 第 1052 行.
NOTIC: [8] Undefined variable: varAction /Applications/XAMPP/xamppfiles/htdocs/yoyo/ThinkPHP/Common/functions.php 第 1052 行.
SQL: SELECT `type`,`name`,`value` FROM `ocenter_config` WHERE `status` = 1  [ RunTime:0.000350s ]
NOTIC: [8] Undefined variable: token /Applications/XAMPP/xamppfiles/htdocs/yoyo/Application/Common/Model/ModuleModel.class.php 第 242 行.
NOTIC: [8] Undefined variable: res /Applications/XAMPP/xamppfiles/htdocs/yoyo/Application/Common/Common/role.php 第 147 行.
INFO: [ action_begin ] --START--
INFO: Run Common\Behavior\InitModuleInfoBehavior [ RunTime:0.000006s ]
INFO: [ action_begin ] --END-- [ RunTime:-0.069116s ]
INFO: [ view_parse ] --START--
INFO: [ template_filter ] --START--
INFO: Run Behavior\ContentReplaceBehavior [ RunTime:0.000045s ]
INFO: [ template_filter ] --END-- [ RunTime:-0.039964s ]
NOTIC: [8] Undefined index: title /Applications/XAMPP/xamppfiles/htdocs/yoyo/Runtime/Cache/Coin/7ac86ee1d16e058d630e77679d9f3d59.php 第 6 行.
NOTIC: [8] Undefined index: children /Applications/XAMPP/xamppfiles/htdocs/yoyo/Runtime/Cache/Coin/7ac86ee1d16e058d630e77679d9f3d59.php 第 15 行.
NOTIC: [8] Undefined index: li_class /Applications/XAMPP/xamppfiles/htdocs/yoyo/Runtime/Cache/Coin/7ac86ee1d16e058d630e77679d9f3d59.php 第 31 行.
NOTIC: [8] Undefined index: a_class /Applications/XAMPP/xamppfiles/htdocs/yoyo/Runtime/Cache/Coin/7ac86ee1d16e058d630e77679d9f3d59.php 第 32 行.
NOTIC: [8] Undefined index: icon /Applications/XAMPP/xamppfiles/htdocs/yoyo/Runtime/Cache/Coin/7ac86ee1d16e058d630e77679d9f3d59.php 第 33 行.
NOTIC: [8] Undefined index: children /Applications/XAMPP/xamppfiles/htdocs/yoyo/Runtime/Cache/Coin/7ac86ee1d16e058d630e77679d9f3d59.php 第 15 行.
NOTIC: [8] Undefined index: li_class /Applications/XAMPP/xamppfiles/htdocs/yoyo/Runtime/Cache/Coin/7ac86ee1d16e058d630e77679d9f3d59.php 第 31 行.
NOTIC: [8] Undefined index: a_class /Applications/XAMPP/xamppfiles/htdocs/yoyo/Runtime/Cache/Coin/7ac86ee1d16e058d630e77679d9f3d59.php 第 32 行.
NOTIC: [8] Undefined index: icon /Applications/XAMPP/xamppfiles/htdocs/yoyo/Runtime/Cache/Coin/7ac86ee1d16e058d630e77679d9f3d59.php 第 33 行.
NOTIC: [8] Undefined index: right /Applications/XAMPP/xamppfiles/htdocs/yoyo/Runtime/Cache/Coin/7ac86ee1d16e058d630e77679d9f3d59.php 第 36 行.
INFO: Run Behavior\ParseTemplateBehavior [ RunTime:0.007172s ]
INFO: [ view_parse ] --END-- [ RunTime:0.007198s ]
INFO: [ view_filter ] --START--
INFO: Run Behavior\WriteHtmlCacheBehavior [ RunTime:0.000093s ]
INFO: [ view_filter ] --END-- [ RunTime:0.000113s ]
SQL: SHOW COLUMNS FROM `ocenter_pay` [ RunTime:0.003382s ]
SQL: SELECT * FROM `ocenter_pay` WHERE ( id in (4) )  [ RunTime:0.000277s ]
SQL: SELECT * FROM `ocenter_pay` WHERE ( id in (6) )  [ RunTime:0.000180s ]
SQL: SELECT * FROM `ocenter_pay` WHERE ( id in (2) )  [ RunTime:0.000203s ]
SQL: SELECT * FROM `ocenter_pay` WHERE ( id in (1,2,3) )  [ RunTime:0.000432s ]
SQL: SELECT * FROM `ocenter_pay` WHERE ( id in (3,4) )  [ RunTime:0.000233s ]
NOTIC: [8] Undefined variable: site /Applications/XAMPP/xamppfiles/htdocs/yoyo/Runtime/Cache/Coin/25b15131347d0b58a887f4a8f92d9d0b.php 第 595 行.
INFO: [ pageFooter ] --START--
INFO: Run Addons\SuperLinks\SuperLinksAddon [ RunTime:0.000340s ]
INFO: [ pageFooter ] --END-- [ RunTime:0.000368s ]
SQL: SELECT `type`,`name`,`value` FROM `ocenter_config` WHERE `status` = 1  [ RunTime:0.000375s ]
NOTIC: [8] Undefined variable: token /Applications/XAMPP/xamppfiles/htdocs/yoyo/Application/Common/Model/ModuleModel.class.php 第 242 行.
NOTIC: [8] Undefined variable: res /Applications/XAMPP/xamppfiles/htdocs/yoyo/Application/Common/Common/role.php 第 147 行.
INFO: [ action_begin ] --START--
INFO: Run Common\Behavior\InitModuleInfoBehavior [ RunTime:0.000007s ]
INFO: [ action_begin ] --END-- [ RunTime:-0.085039s ]
SQL: SELECT `type`,`name`,`value` FROM `ocenter_config` WHERE `status` = 1  [ RunTime:0.000368s ]
NOTIC: [8] Undefined variable: token /Applications/XAMPP/xamppfiles/htdocs/yoyo/Application/Common/Model/ModuleModel.class.php 第 242 行.
NOTIC: [8] Undefined variable: res /Applications/XAMPP/xamppfiles/htdocs/yoyo/Application/Common/Common/role.php 第 147 行.
INFO: [ action_begin ] --START--
INFO: Run Common\Behavior\InitModuleInfoBehavior [ RunTime:0.000006s ]
INFO: [ action_begin ] --END-- [ RunTime:-0.086561s ]
INFO: [ view_parse ] --START--
INFO: [ template_filter ] --START--
INFO: Run Behavior\ContentReplaceBehavior [ RunTime:0.000044s ]
INFO: [ template_filter ] --END-- [ RunTime:-0.052394s ]
INFO: Run Behavior\ParseTemplateBehavior [ RunTime:0.001373s ]
INFO: [ view_parse ] --END-- [ RunTime:-0.010067s ]
INFO: [ view_filter ] --START--
INFO: Run Behavior\WriteHtmlCacheBehavior [ RunTime:0.000008s ]
INFO: [ view_filter ] --END-- [ RunTime:-0.011359s ]
INFO: Run Behavior\ParseTemplateBehavior [ RunTime:0.001576s ]
INFO: [ view_parse ] --END-- [ RunTime:-0.010067s ]
INFO: [ view_filter ] --START--
INFO: Run Behavior\WriteHtmlCacheBehavior [ RunTime:0.000053s ]
INFO: [ view_filter ] --END-- [ RunTime:-0.011553s ]
INFO: [ app_end ] --START--
INFO: Run Behavior\ShowPageTraceBehavior [ RunTime:0.000548s ]
INFO: [ app_end ] --END-- [ RunTime:0.000601s ]

[ 2017-11-07T17:53:49+08:00 ] 127.0.0.1 /yoyo/coin/btc.html
INFO: [ app_init ] --START--
INFO: Run Behavior\BuildLiteBehavior [ RunTime:0.000011s ]
INFO: Run Common\Behavior\InitHookBehavior [ RunTime:0.001284s ]
INFO: [ app_init ] --END-- [ RunTime:0.001373s ]
NOTIC: [8] Undefined index: router /Applications/XAMPP/xamppfiles/htdocs/yoyo/Application/Common/Common/function.php 第 1936 行.
NOTIC: [8] Undefined index: router /Applications/XAMPP/xamppfiles/htdocs/yoyo/Application/Common/Common/function.php 第 1936 行.
NOTIC: [8] Undefined index: router /Applications/XAMPP/xamppfiles/htdocs/yoyo/Application/Common/Common/function.php 第 1936 行.
NOTIC: [8] Undefined index: router /Applications/XAMPP/xamppfiles/htdocs/yoyo/Application/Common/Common/function.php 第 1936 行.
NOTIC: [8] Undefined index: router /Applications/XAMPP/xamppfiles/htdocs/yoyo/Application/Common/Common/function.php 第 1936 行.
NOTIC: [8] Undefined index: router /Applications/XAMPP/xamppfiles/htdocs/yoyo/Application/Common/Common/function.php 第 1936 行.
SQL: SHOW COLUMNS FROM `ocenter_config` [ RunTime:0.002036s ]
SQL: SELECT `type`,`name`,`value` FROM `ocenter_config` WHERE `status` = 1  [ RunTime:0.000354s ]
INFO: [ app_begin ] --START--
INFO: Run Behavior\ReadHtmlCacheBehavior [ RunTime:0.000433s ]
INFO: Run Behavior\CheckLangBehavior [ RunTime:0.014744s ]
INFO: [ app_begin ] --END-- [ RunTime:0.015270s ]
NOTIC: [8192] mysql_connect(): The mysql extension is deprecated and will be removed in the future: use mysqli or PDO instead /Applications/XAMPP/xamppfiles/htdocs/yoyo/ThinkPHP/Library/Think/Session/Driver/Db.class.php 第 95 行.
SQL: SHOW COLUMNS FROM `ocenter_module` [ RunTime:0.002362s ]
SQL: SELECT `type`,`name`,`value` FROM `ocenter_config` WHERE `status` = 1  [ RunTime:0.000488s ]
NOTIC: [8] Undefined variable: token /Applications/XAMPP/xamppfiles/htdocs/yoyo/Application/Common/Model/ModuleModel.class.php 第 242 行.
NOTIC: [8] Undefined variable: res /Applications/XAMPP/xamppfiles/htdocs/yoyo/Application/Common/Common/role.php 第 147 行.
INFO: [ action_begin ] --START--
INFO: Run Common\Behavior\InitModuleInfoBehavior [ RunTime:0.000206s ]
INFO: [ action_begin ] --END-- [ RunTime:0.000258s ]
NOTIC: [8] Undefined variable: module /Applications/XAMPP/xamppfiles/htdocs/yoyo/ThinkPHP/Common/functions.php 第 1052 行.
NOTIC: [8] Undefined variable: var /Applications/XAMPP/xamppfiles/htdocs/yoyo/ThinkPHP/Common/functions.php 第 1052 行.
NOTIC: [8] Undefined variable: varController /Applications/XAMPP/xamppfiles/htdocs/yoyo/ThinkPHP/Common/functions.php 第 1052 行.
NOTIC: [8] Undefined variable: var /Applications/XAMPP/xamppfiles/htdocs/yoyo/ThinkPHP/Common/functions.php 第 1052 行.
NOTIC: [8] Undefined variable: varAction /Applications/XAMPP/xamppfiles/htdocs/yoyo/ThinkPHP/Common/functions.php 第 1052 行.
NOTIC: [8] Undefined variable: module /Applications/XAMPP/xamppfiles/htdocs/yoyo/ThinkPHP/Common/functions.php 第 1052 行.
NOTIC: [8] Undefined variable: var /Applications/XAMPP/xamppfiles/htdocs/yoyo/ThinkPHP/Common/functions.php 第 1052 行.
NOTIC: [8] Undefined variable: varController /Applications/XAMPP/xamppfiles/htdocs/yoyo/ThinkPHP/Common/functions.php 第 1052 行.
NOTIC: [8] Undefined variable: var /Applications/XAMPP/xamppfiles/htdocs/yoyo/ThinkPHP/Common/functions.php 第 1052 行.
NOTIC: [8] Undefined variable: varAction /Applications/XAMPP/xamppfiles/htdocs/yoyo/ThinkPHP/Common/functions.php 第 1052 行.
SQL: SHOW COLUMNS FROM `ocenter_tradead` [ RunTime:0.003583s ]
SQL: SELECT COUNT(*) AS tp_count FROM `ocenter_tradead` WHERE t.status = 1 AND t.coin_type = 1 AND t.country = 45 AND t.currency = 'CNY' AND t.start2 <= '17.53' AND t.end2 >= '17.53' LIMIT 1   [ RunTime:0.000188s ]
ERR: 1054:Unknown column 't.status' in 'where clause'
 [ SQL语句 ] : SELECT COUNT(*) AS tp_count FROM `ocenter_tradead` WHERE t.status = 1 AND t.coin_type = 1 AND t.country = 45 AND t.currency = 'CNY' AND t.start2 <= '17.53' AND t.end2 >= '17.53' LIMIT 1  
SQL: SELECT t.pay_type,t.type,t.id,t.uid,t.price,a.path,a.driver,t.currency,t.min_price,t.max_price,m.nickname,m.trade_count,m.trade_score,c.en_name as countryEn FROM ocenter_tradead t INNER JOIN ocenter_member m on t.uid = m.uid INNER JOIN ocenter_avatar a on t.uid = a.uid INNER JOIN ocenter_country c on t.country = c.id  WHERE t.status = 1 AND t.coin_type = 1 AND t.country = 45 AND t.currency = 'CNY' AND t.start2 <= '17.53' AND t.end2 >= '17.53' ORDER BY t.id desc LIMIT 0,10   [ RunTime:0.000688s ]
SQL: SHOW COLUMNS FROM `ocenter_country` [ RunTime:0.002872s ]
SQL: SELECT `id`,`name`,`code` FROM `ocenter_country`  [ RunTime:0.000511s ]
SQL: SHOW COLUMNS FROM `ocenter_currency` [ RunTime:0.001715s ]
SQL: SELECT * FROM `ocenter_currency`  [ RunTime:0.000495s ]
SQL: SHOW COLUMNS FROM `ocenter_pay` [ RunTime:0.002289s ]
SQL: SELECT * FROM `ocenter_pay`  [ RunTime:0.000300s ]
INFO: [ view_parse ] --START--
INFO: [ template_filter ] --START--
INFO: Run Behavior\ContentReplaceBehavior [ RunTime:0.000355s ]
INFO: [ template_filter ] --END-- [ RunTime:0.000410s ]
INFO: [ syncMeta ] --START--
INFO: Run Addons\SyncLogin\SyncLoginAddon [ RunTime:0.000699s ]
INFO: [ syncMeta ] --END-- [ RunTime:0.000760s ]
NOTIC: [8] Undefined variable: seo /Applications/XAMPP/xamppfiles/htdocs/yoyo/Runtime/Cache/Coin/25b15131347d0b58a887f4a8f92d9d0b.php 第 9 行.
SQL: SHOW COLUMNS FROM `ocenter_seo_rule` [ RunTime:0.002080s ]
SQL: SELECT `type`,`name`,`value` FROM `ocenter_config` WHERE `status` = 1  [ RunTime:0.000374s ]
SQL: SHOW COLUMNS FROM `ocenter_pushing` [ RunTime:0.001967s ]
ERR: 1146:Table 'yoyobit.ocenter_pushing' doesn't exist
 [ SQL语句 ] : SHOW COLUMNS FROM `ocenter_pushing`
SQL: SHOW COLUMNS FROM `ocenter_member` [ RunTime:0.004674s ]
SQL: SHOW COLUMNS FROM `ocenter_channel` [ RunTime:0.002243s ]
NOTIC: [8] Undefined index: _ /Applications/XAMPP/xamppfiles/htdocs/yoyo/Runtime/Cache/Coin/25b15131347d0b58a887f4a8f92d9d0b.php 第 152 行.
NOTIC: [8] Undefined index: _ /Applications/XAMPP/xamppfiles/htdocs/yoyo/Runtime/Cache/Coin/25b15131347d0b58a887f4a8f92d9d0b.php 第 152 行.
NOTIC: [8] Undefined variable: module /Applications/XAMPP/xamppfiles/htdocs/yoyo/ThinkPHP/Common/functions.php 第 1052 行.
NOTIC: [8] Undefined variable: var /Applications/XAMPP/xamppfiles/htdocs/yoyo/ThinkPHP/Common/functions.php 第 1052 行.
NOTIC: [8] Undefined variable: varController /Applications/XAMPP/xamppfiles/htdocs/yoyo/ThinkPHP/Common/functions.php 第 1052 行.
NOTIC: [8] Undefined variable: var /Applications/XAMPP/xamppfiles/htdocs/yoyo/ThinkPHP/Common/functions.php 第 1052 行.
NOTIC: [8] Undefined variable: varAction /Applications/XAMPP/xamppfiles/htdocs/yoyo/ThinkPHP/Common/functions.php 第 1052 行.
NOTIC: [8] Undefined index: _ /Applications/XAMPP/xamppfiles/htdocs/yoyo/Runtime/Cache/Coin/25b15131347d0b58a887f4a8f92d9d0b.php 第 152 行.
NOTIC: [8] Undefined variable: module /Applications/XAMPP/xamppfiles/htdocs/yoyo/ThinkPHP/Common/functions.php 第 1052 行.
NOTIC: [8] Undefined variable: var /Applications/XAMPP/xamppfiles/htdocs/yoyo/ThinkPHP/Common/functions.php 第 1052 行.
NOTIC: [8] Undefined variable: varController /Applications/XAMPP/xamppfiles/htdocs/yoyo/ThinkPHP/Common/functions.php 第 1052 行.
NOTIC: [8] Undefined variable: var /Applications/XAMPP/xamppfiles/htdocs/yoyo/ThinkPHP/Common/functions.php 第 1052 行.
NOTIC: [8] Undefined variable: varAction /Applications/XAMPP/xamppfiles/htdocs/yoyo/ThinkPHP/Common/functions.php 第 1052 行.
NOTIC: [8] Undefined index: _ /Applications/XAMPP/xamppfiles/htdocs/yoyo/Runtime/Cache/Coin/25b15131347d0b58a887f4a8f92d9d0b.php 第 152 行.
NOTIC: [8] Undefined variable: module /Applications/XAMPP/xamppfiles/htdocs/yoyo/ThinkPHP/Common/functions.php 第 1052 行.
NOTIC: [8] Undefined variable: var /Applications/XAMPP/xamppfiles/htdocs/yoyo/ThinkPHP/Common/functions.php 第 1052 行.
NOTIC: [8] Undefined variable: varController /Applications/XAMPP/xamppfiles/htdocs/yoyo/ThinkPHP/Common/functions.php 第 1052 行.
NOTIC: [8] Undefined variable: var /Applications/XAMPP/xamppfiles/htdocs/yoyo/ThinkPHP/Common/functions.php 第 1052 行.
NOTIC: [8] Undefined variable: varAction /Applications/XAMPP/xamppfiles/htdocs/yoyo/ThinkPHP/Common/functions.php 第 1052 行.
NOTIC: [8] Undefined index: _ /Applications/XAMPP/xamppfiles/htdocs/yoyo/Runtime/Cache/Coin/25b15131347d0b58a887f4a8f92d9d0b.php 第 152 行.
NOTIC: [8] Undefined index: _ /Applications/XAMPP/xamppfiles/htdocs/yoyo/Runtime/Cache/Coin/25b15131347d0b58a887f4a8f92d9d0b.php 第 152 行.
NOTIC: [8] Undefined variable: module /Applications/XAMPP/xamppfiles/htdocs/yoyo/ThinkPHP/Common/functions.php 第 1052 行.
NOTIC: [8] Undefined variable: var /Applications/XAMPP/xamppfiles/htdocs/yoyo/ThinkPHP/Common/functions.php 第 1052 行.
NOTIC: [8] Undefined variable: varController /Applications/XAMPP/xamppfiles/htdocs/yoyo/ThinkPHP/Common/functions.php 第 1052 行.
NOTIC: [8] Undefined variable: var /Applications/XAMPP/xamppfiles/htdocs/yoyo/ThinkPHP/Common/functions.php 第 1052 行.
NOTIC: [8] Undefined variable: varAction /Applications/XAMPP/xamppfiles/htdocs/yoyo/ThinkPHP/Common/functions.php 第 1052 行.
NOTIC: [8] Undefined variable: module /Applications/XAMPP/xamppfiles/htdocs/yoyo/ThinkPHP/Common/functions.php 第 1052 行.
NOTIC: [8] Undefined variable: var /Applications/XAMPP/xamppfiles/htdocs/yoyo/ThinkPHP/Common/functions.php 第 1052 行.
NOTIC: [8] Undefined variable: varController /Applications/XAMPP/xamppfiles/htdocs/yoyo/ThinkPHP/Common/functions.php 第 1052 行.
NOTIC: [8] Undefined variable: var /Applications/XAMPP/xamppfiles/htdocs/yoyo/ThinkPHP/Common/functions.php 第 1052 行.
NOTIC: [8] Undefined variable: varAction /Applications/XAMPP/xamppfiles/htdocs/yoyo/ThinkPHP/Common/functions.php 第 1052 行.
NOTIC: [8] Undefined variable: module /Applications/XAMPP/xamppfiles/htdocs/yoyo/ThinkPHP/Common/functions.php 第 1052 行.
NOTIC: [8] Undefined variable: var /Applications/XAMPP/xamppfiles/htdocs/yoyo/ThinkPHP/Common/functions.php 第 1052 行.
NOTIC: [8] Undefined variable: varController /Applications/XAMPP/xamppfiles/htdocs/yoyo/ThinkPHP/Common/functions.php 第 1052 行.
NOTIC: [8] Undefined variable: var /Applications/XAMPP/xamppfiles/htdocs/yoyo/ThinkPHP/Common/functions.php 第 1052 行.
NOTIC: [8] Undefined variable: varAction /Applications/XAMPP/xamppfiles/htdocs/yoyo/ThinkPHP/Common/functions.php 第 1052 行.
NOTIC: [8] Undefined variable: module /Applications/XAMPP/xamppfiles/htdocs/yoyo/ThinkPHP/Common/functions.php 第 1052 行.
NOTIC: [8] Undefined variable: var /Applications/XAMPP/xamppfiles/htdocs/yoyo/ThinkPHP/Common/functions.php 第 1052 行.
NOTIC: [8] Undefined variable: varController /Applications/XAMPP/xamppfiles/htdocs/yoyo/ThinkPHP/Common/functions.php 第 1052 行.
NOTIC: [8] Undefined variable: var /Applications/XAMPP/xamppfiles/htdocs/yoyo/ThinkPHP/Common/functions.php 第 1052 行.
NOTIC: [8] Undefined variable: varAction /Applications/XAMPP/xamppfiles/htdocs/yoyo/ThinkPHP/Common/functions.php 第 1052 行.
SQL: SHOW COLUMNS FROM `ocenter_member` [ RunTime:0.003426s ]
SQL: SELECT `reg_time` FROM `ocenter_member` WHERE `uid` = 1 LIMIT 1   [ RunTime:0.000252s ]
SQL: SHOW COLUMNS FROM `ocenter_user_config` [ RunTime:0.002106s ]
SQL: SELECT * FROM `ocenter_user_config` WHERE `uid` = 1 AND `name` = 'user_cover' AND `role_id` = 0 AND `model` = '' LIMIT 1   [ RunTime:0.000268s ]
SQL: SHOW COLUMNS FROM `ocenter_picture` [ RunTime:0.001933s ]
SQL: SELECT * FROM `ocenter_picture` WHERE `status` = 1 AND `id` = null LIMIT 1   [ RunTime:0.000239s ]
NOTIC: [2] unlink(./Runtime/Temp/945c180f3240ad0e35d9eb8beb06401b.php): No such file or directory /Applications/XAMPP/xamppfiles/htdocs/yoyo/ThinkPHP/Library/Think/Cache/Driver/File.class.php 第 157 行.
NOTIC: [2] unlink(./Runtime/Temp/deec309cb1249b5b7776ac8c8f45123b.php): No such file or directory /Applications/XAMPP/xamppfiles/htdocs/yoyo/ThinkPHP/Library/Think/Cache/Driver/File.class.php 第 157 行.
NOTIC: [8] Undefined index: space_url /Applications/XAMPP/xamppfiles/htdocs/yoyo/Runtime/Cache/Coin/25b15131347d0b58a887f4a8f92d9d0b.php 第 225 行.
NOTIC: [8] Undefined index: score /Applications/XAMPP/xamppfiles/htdocs/yoyo/Runtime/Cache/Coin/25b15131347d0b58a887f4a8f92d9d0b.php 第 257 行.
NOTIC: [8] Undefined index: score /Applications/XAMPP/xamppfiles/htdocs/yoyo/Runtime/Cache/Coin/25b15131347d0b58a887f4a8f92d9d0b.php 第 269 行.
NOTIC: [8] Undefined variable: module /Applications/XAMPP/xamppfiles/htdocs/yoyo/ThinkPHP/Common/functions.php 第 1052 行.
NOTIC: [8] Undefined variable: var /Applications/XAMPP/xamppfiles/htdocs/yoyo/ThinkPHP/Common/functions.php 第 1052 行.
NOTIC: [8] Undefined variable: varController /Applications/XAMPP/xamppfiles/htdocs/yoyo/ThinkPHP/Common/functions.php 第 1052 行.
NOTIC: [8] Undefined variable: var /Applications/XAMPP/xamppfiles/htdocs/yoyo/ThinkPHP/Common/functions.php 第 1052 行.
NOTIC: [8] Undefined variable: varAction /Applications/XAMPP/xamppfiles/htdocs/yoyo/ThinkPHP/Common/functions.php 第 1052 行.
NOTIC: [8] Undefined variable: module /Applications/XAMPP/xamppfiles/htdocs/yoyo/ThinkPHP/Common/functions.php 第 1052 行.
NOTIC: [8] Undefined variable: var /Applications/XAMPP/xamppfiles/htdocs/yoyo/ThinkPHP/Common/functions.php 第 1052 行.
NOTIC: [8] Undefined variable: varController /Applications/XAMPP/xamppfiles/htdocs/yoyo/ThinkPHP/Common/functions.php 第 1052 行.
NOTIC: [8] Undefined variable: var /Applications/XAMPP/xamppfiles/htdocs/yoyo/ThinkPHP/Common/functions.php 第 1052 行.
NOTIC: [8] Undefined variable: varAction /Applications/XAMPP/xamppfiles/htdocs/yoyo/ThinkPHP/Common/functions.php 第 1052 行.
SQL: SELECT `type`,`name`,`value` FROM `ocenter_config` WHERE `status` = 1  [ RunTime:0.000421s ]
NOTIC: [8] Undefined variable: token /Applications/XAMPP/xamppfiles/htdocs/yoyo/Application/Common/Model/ModuleModel.class.php 第 242 行.
NOTIC: [8] Undefined variable: res /Applications/XAMPP/xamppfiles/htdocs/yoyo/Application/Common/Common/role.php 第 147 行.
INFO: [ action_begin ] --START--
INFO: Run Common\Behavior\InitModuleInfoBehavior [ RunTime:0.000006s ]
INFO: [ action_begin ] --END-- [ RunTime:-0.073895s ]
INFO: [ view_parse ] --START--
INFO: [ template_filter ] --START--
INFO: Run Behavior\ContentReplaceBehavior [ RunTime:0.000045s ]
INFO: [ template_filter ] --END-- [ RunTime:-0.041764s ]
NOTIC: [8] Undefined index: title /Applications/XAMPP/xamppfiles/htdocs/yoyo/Runtime/Cache/Coin/7ac86ee1d16e058d630e77679d9f3d59.php 第 6 行.
NOTIC: [8] Undefined index: children /Applications/XAMPP/xamppfiles/htdocs/yoyo/Runtime/Cache/Coin/7ac86ee1d16e058d630e77679d9f3d59.php 第 15 行.
NOTIC: [8] Undefined index: li_class /Applications/XAMPP/xamppfiles/htdocs/yoyo/Runtime/Cache/Coin/7ac86ee1d16e058d630e77679d9f3d59.php 第 31 行.
NOTIC: [8] Undefined index: a_class /Applications/XAMPP/xamppfiles/htdocs/yoyo/Runtime/Cache/Coin/7ac86ee1d16e058d630e77679d9f3d59.php 第 32 行.
NOTIC: [8] Undefined index: icon /Applications/XAMPP/xamppfiles/htdocs/yoyo/Runtime/Cache/Coin/7ac86ee1d16e058d630e77679d9f3d59.php 第 33 行.
NOTIC: [8] Undefined index: children /Applications/XAMPP/xamppfiles/htdocs/yoyo/Runtime/Cache/Coin/7ac86ee1d16e058d630e77679d9f3d59.php 第 15 行.
NOTIC: [8] Undefined index: li_class /Applications/XAMPP/xamppfiles/htdocs/yoyo/Runtime/Cache/Coin/7ac86ee1d16e058d630e77679d9f3d59.php 第 31 行.
NOTIC: [8] Undefined index: a_class /Applications/XAMPP/xamppfiles/htdocs/yoyo/Runtime/Cache/Coin/7ac86ee1d16e058d630e77679d9f3d59.php 第 32 行.
NOTIC: [8] Undefined index: icon /Applications/XAMPP/xamppfiles/htdocs/yoyo/Runtime/Cache/Coin/7ac86ee1d16e058d630e77679d9f3d59.php 第 33 行.
NOTIC: [8] Undefined index: right /Applications/XAMPP/xamppfiles/htdocs/yoyo/Runtime/Cache/Coin/7ac86ee1d16e058d630e77679d9f3d59.php 第 36 行.
INFO: Run Behavior\ParseTemplateBehavior [ RunTime:0.007387s ]
INFO: [ view_parse ] --END-- [ RunTime:0.007415s ]
INFO: [ view_filter ] --START--
INFO: Run Behavior\WriteHtmlCacheBehavior [ RunTime:0.000104s ]
INFO: [ view_filter ] --END-- [ RunTime:0.000126s ]
SQL: SHOW COLUMNS FROM `ocenter_pay` [ RunTime:0.002436s ]
SQL: SELECT * FROM `ocenter_pay` WHERE ( id in (4) )  [ RunTime:0.002201s ]
SQL: SELECT * FROM `ocenter_pay` WHERE ( id in (6) )  [ RunTime:0.001101s ]
SQL: SELECT * FROM `ocenter_pay` WHERE ( id in (2) )  [ RunTime:0.000414s ]
SQL: SELECT * FROM `ocenter_pay` WHERE ( id in (1,2,3) )  [ RunTime:0.000876s ]
SQL: SELECT * FROM `ocenter_pay` WHERE ( id in (3,4) )  [ RunTime:0.000523s ]
NOTIC: [8] Undefined variable: site /Applications/XAMPP/xamppfiles/htdocs/yoyo/Runtime/Cache/Coin/25b15131347d0b58a887f4a8f92d9d0b.php 第 595 行.
INFO: [ pageFooter ] --START--
INFO: Run Addons\SuperLinks\SuperLinksAddon [ RunTime:0.000362s ]
INFO: [ pageFooter ] --END-- [ RunTime:0.000399s ]
SQL: SELECT `type`,`name`,`value` FROM `ocenter_config` WHERE `status` = 1  [ RunTime:0.000539s ]
NOTIC: [8] Undefined variable: token /Applications/XAMPP/xamppfiles/htdocs/yoyo/Application/Common/Model/ModuleModel.class.php 第 242 行.
NOTIC: [8] Undefined variable: res /Applications/XAMPP/xamppfiles/htdocs/yoyo/Application/Common/Common/role.php 第 147 行.
INFO: [ action_begin ] --START--
INFO: Run Common\Behavior\InitModuleInfoBehavior [ RunTime:0.000010s ]
INFO: [ action_begin ] --END-- [ RunTime:-0.095567s ]
SQL: SELECT `type`,`name`,`value` FROM `ocenter_config` WHERE `status` = 1  [ RunTime:0.000769s ]
NOTIC: [8] Undefined variable: token /Applications/XAMPP/xamppfiles/htdocs/yoyo/Application/Common/Model/ModuleModel.class.php 第 242 行.
NOTIC: [8] Undefined variable: res /Applications/XAMPP/xamppfiles/htdocs/yoyo/Application/Common/Common/role.php 第 147 行.
INFO: [ action_begin ] --START--
INFO: Run Common\Behavior\InitModuleInfoBehavior [ RunTime:0.000009s ]
INFO: [ action_begin ] --END-- [ RunTime:-0.098123s ]
INFO: [ view_parse ] --START--
INFO: [ template_filter ] --START--
INFO: Run Behavior\ContentReplaceBehavior [ RunTime:0.000026s ]
INFO: [ template_filter ] --END-- [ RunTime:-0.060786s ]
INFO: Run Behavior\ParseTemplateBehavior [ RunTime:0.001122s ]
INFO: [ view_parse ] --END-- [ RunTime:-0.016742s ]
INFO: [ view_filter ] --START--
INFO: Run Behavior\WriteHtmlCacheBehavior [ RunTime:0.000007s ]
INFO: [ view_filter ] --END-- [ RunTime:-0.017774s ]
INFO: Run Behavior\ParseTemplateBehavior [ RunTime:0.001335s ]
INFO: [ view_parse ] --END-- [ RunTime:-0.016742s ]
INFO: [ view_filter ] --START--
INFO: Run Behavior\WriteHtmlCacheBehavior [ RunTime:0.000004s ]
INFO: [ view_filter ] --END-- [ RunTime:-0.017975s ]
INFO: [ app_end ] --START--
INFO: Run Behavior\ShowPageTraceBehavior [ RunTime:0.000838s ]
INFO: [ app_end ] --END-- [ RunTime:0.000883s ]

