[ 2017-10-28T16:53:04+08:00 ] 127.0.0.1 /yoyo/index.php?s=/core/public/atwhojson.html
INFO: [ app_init ] --START--
INFO: Run Behavior\BuildLiteBehavior [ RunTime:0.000012s ]
INFO: Run Common\Behavior\InitHookBehavior [ RunTime:0.001161s ]
INFO: [ app_init ] --END-- [ RunTime:0.001311s ]
NOTIC: [8] Undefined index: router /Applications/XAMPP/xamppfiles/htdocs/yoyo/Application/Common/Common/function.php 第 1936 行.
NOTIC: [8] Undefined index: router /Applications/XAMPP/xamppfiles/htdocs/yoyo/Application/Common/Common/function.php 第 1936 行.
NOTIC: [8] Undefined index: router /Applications/XAMPP/xamppfiles/htdocs/yoyo/Application/Common/Common/function.php 第 1936 行.
NOTIC: [8] Undefined index: router /Applications/XAMPP/xamppfiles/htdocs/yoyo/Application/Common/Common/function.php 第 1936 行.
NOTIC: [8] Undefined index: router /Applications/XAMPP/xamppfiles/htdocs/yoyo/Application/Common/Common/function.php 第 1936 行.
NOTIC: [8] Undefined index: router /Applications/XAMPP/xamppfiles/htdocs/yoyo/Application/Common/Common/function.php 第 1936 行.
SQL: SHOW COLUMNS FROM `ocenter_config` [ RunTime:0.009375s ]
SQL: SELECT `type`,`name`,`value` FROM `ocenter_config` WHERE `status` = 1  [ RunTime:0.000408s ]
INFO: [ app_begin ] --START--
INFO: Run Behavior\ReadHtmlCacheBehavior [ RunTime:0.000482s ]
INFO: Run Behavior\CheckLangBehavior [ RunTime:0.015619s ]
INFO: [ app_begin ] --END-- [ RunTime:0.016204s ]
NOTIC: [8192] mysql_connect(): The mysql extension is deprecated and will be removed in the future: use mysqli or PDO instead /Applications/XAMPP/xamppfiles/htdocs/yoyo/ThinkPHP/Library/Think/Session/Driver/Db.class.php 第 95 行.
SQL: SHOW COLUMNS FROM `ocenter_module` [ RunTime:0.003388s ]
SQL: SELECT `type`,`name`,`value` FROM `ocenter_config` WHERE `status` = 1  [ RunTime:0.000371s ]
NOTIC: [8] Undefined variable: token /Applications/XAMPP/xamppfiles/htdocs/yoyo/Application/Common/Model/ModuleModel.class.php 第 242 行.
NOTIC: [8] Undefined variable: res /Applications/XAMPP/xamppfiles/htdocs/yoyo/Application/Common/Common/role.php 第 147 行.
INFO: [ action_begin ] --START--
INFO: Run Common\Behavior\InitModuleInfoBehavior [ RunTime:0.000123s ]
INFO: [ action_begin ] --END-- [ RunTime:0.000152s ]
SQL: SHOW COLUMNS FROM `ocenter_follow` [ RunTime:0.003576s ]
SQL: SELECT * FROM `ocenter_follow` WHERE `who_follow` = 1 OR `follow_who` = 1  [ RunTime:0.000345s ]
SQL: select id from `ocenter_member`,`ocenter_ucenter_member` where uid=id and uid=1 limit 1 [ RunTime:0.000274s ]
SQL: SHOW COLUMNS FROM `ocenter_pin_yin` [ RunTime:0.001957s ]
ERR: 1146:Table 'yoyobit.ocenter_pin_yin' doesn't exist
 [ SQL语句 ] : SHOW COLUMNS FROM `ocenter_pin_yin`
SQL: select id from `ocenter_member`,`ocenter_ucenter_member` where uid=id and uid=100 limit 1 [ RunTime:0.000291s ]
SQL: SHOW COLUMNS FROM `ocenter_follow` [ RunTime:0.001156s ]
SQL: SELECT * FROM `ocenter_follow` WHERE `who_follow` = 1 AND `follow_who` = 100 LIMIT 1   [ RunTime:0.000256s ]

[ 2017-10-28T17:00:49+08:00 ] 127.0.0.1 /yoyo/index.php?s=/core/public/atwhojson.html
INFO: [ app_init ] --START--
INFO: Run Behavior\BuildLiteBehavior [ RunTime:0.000014s ]
INFO: Run Common\Behavior\InitHookBehavior [ RunTime:0.003878s ]
INFO: [ app_init ] --END-- [ RunTime:0.004017s ]
NOTIC: [8] Undefined index: router /Applications/XAMPP/xamppfiles/htdocs/yoyo/Application/Common/Common/function.php 第 1936 行.
NOTIC: [8] Undefined index: router /Applications/XAMPP/xamppfiles/htdocs/yoyo/Application/Common/Common/function.php 第 1936 行.
NOTIC: [8] Undefined index: router /Applications/XAMPP/xamppfiles/htdocs/yoyo/Application/Common/Common/function.php 第 1936 行.
NOTIC: [8] Undefined index: router /Applications/XAMPP/xamppfiles/htdocs/yoyo/Application/Common/Common/function.php 第 1936 行.
NOTIC: [8] Undefined index: router /Applications/XAMPP/xamppfiles/htdocs/yoyo/Application/Common/Common/function.php 第 1936 行.
NOTIC: [8] Undefined index: router /Applications/XAMPP/xamppfiles/htdocs/yoyo/Application/Common/Common/function.php 第 1936 行.
SQL: SHOW COLUMNS FROM `ocenter_config` [ RunTime:0.003988s ]
SQL: SELECT `type`,`name`,`value` FROM `ocenter_config` WHERE `status` = 1  [ RunTime:0.000407s ]
INFO: [ app_begin ] --START--
INFO: Run Behavior\ReadHtmlCacheBehavior [ RunTime:0.000368s ]
INFO: Run Behavior\CheckLangBehavior [ RunTime:0.021695s ]
INFO: [ app_begin ] --END-- [ RunTime:0.022132s ]
NOTIC: [8192] mysql_connect(): The mysql extension is deprecated and will be removed in the future: use mysqli or PDO instead /Applications/XAMPP/xamppfiles/htdocs/yoyo/ThinkPHP/Library/Think/Session/Driver/Db.class.php 第 95 行.
SQL: SHOW COLUMNS FROM `ocenter_module` [ RunTime:0.004898s ]
SQL: SELECT `type`,`name`,`value` FROM `ocenter_config` WHERE `status` = 1  [ RunTime:0.000778s ]
NOTIC: [8] Undefined variable: token /Applications/XAMPP/xamppfiles/htdocs/yoyo/Application/Common/Model/ModuleModel.class.php 第 242 行.
NOTIC: [8] Undefined variable: res /Applications/XAMPP/xamppfiles/htdocs/yoyo/Application/Common/Common/role.php 第 147 行.
INFO: [ action_begin ] --START--
INFO: Run Common\Behavior\InitModuleInfoBehavior [ RunTime:0.000142s ]
INFO: [ action_begin ] --END-- [ RunTime:0.000175s ]

[ 2017-10-28T17:02:08+08:00 ] 127.0.0.1 /yoyo/index.php?s=/core/file/uploadpicture/session_id/6l1473s8rr78d1533jq9v36qi3.html
INFO: [ app_init ] --START--
INFO: Run Behavior\BuildLiteBehavior [ RunTime:0.000008s ]
INFO: Run Common\Behavior\InitHookBehavior [ RunTime:0.000686s ]
INFO: [ app_init ] --END-- [ RunTime:0.000740s ]
NOTIC: [8] Undefined index: router /Applications/XAMPP/xamppfiles/htdocs/yoyo/Application/Common/Common/function.php 第 1936 行.
NOTIC: [8] Undefined index: router /Applications/XAMPP/xamppfiles/htdocs/yoyo/Application/Common/Common/function.php 第 1936 行.
NOTIC: [8] Undefined index: router /Applications/XAMPP/xamppfiles/htdocs/yoyo/Application/Common/Common/function.php 第 1936 行.
NOTIC: [8] Undefined index: router /Applications/XAMPP/xamppfiles/htdocs/yoyo/Application/Common/Common/function.php 第 1936 行.
NOTIC: [8] Undefined index: router /Applications/XAMPP/xamppfiles/htdocs/yoyo/Application/Common/Common/function.php 第 1936 行.
NOTIC: [8] Undefined index: router /Applications/XAMPP/xamppfiles/htdocs/yoyo/Application/Common/Common/function.php 第 1936 行.
SQL: SHOW COLUMNS FROM `ocenter_config` [ RunTime:0.003032s ]
SQL: SELECT `type`,`name`,`value` FROM `ocenter_config` WHERE `status` = 1  [ RunTime:0.000652s ]
INFO: [ app_begin ] --START--
INFO: Run Behavior\ReadHtmlCacheBehavior [ RunTime:0.000295s ]
INFO: Run Behavior\CheckLangBehavior [ RunTime:0.019851s ]
INFO: [ app_begin ] --END-- [ RunTime:0.020236s ]
NOTIC: [8192] mysql_connect(): The mysql extension is deprecated and will be removed in the future: use mysqli or PDO instead /Applications/XAMPP/xamppfiles/htdocs/yoyo/ThinkPHP/Library/Think/Session/Driver/Db.class.php 第 95 行.
SQL: SHOW COLUMNS FROM `ocenter_module` [ RunTime:0.001980s ]
SQL: SELECT `type`,`name`,`value` FROM `ocenter_config` WHERE `status` = 1  [ RunTime:0.000325s ]
NOTIC: [8] Undefined variable: token /Applications/XAMPP/xamppfiles/htdocs/yoyo/Application/Common/Model/ModuleModel.class.php 第 242 行.
NOTIC: [8] Undefined variable: res /Applications/XAMPP/xamppfiles/htdocs/yoyo/Application/Common/Common/role.php 第 147 行.
INFO: [ action_begin ] --START--
INFO: Run Common\Behavior\InitModuleInfoBehavior [ RunTime:0.000251s ]
INFO: [ action_begin ] --END-- [ RunTime:0.000298s ]
SQL: SHOW COLUMNS FROM `ocenter_picture` [ RunTime:0.003947s ]
SQL: SELECT `value` FROM `ocenter_config` WHERE `name` = '_CONFIG_PICTURE_UPLOAD_DRIVER' LIMIT 1   [ RunTime:0.000435s ]
NOTIC: [8] Undefined index: ext /Applications/XAMPP/xamppfiles/htdocs/yoyo/Application/Admin/Model/PictureModel.class.php 第 45 行.
SQL: SELECT `value` FROM `ocenter_config` WHERE `name` = '_PICTURE_WATER_OPEN' LIMIT 1   [ RunTime:0.000407s ]
SQL: SELECT `id`,`type`,`path`,`url`,`md5`,`sha1`,`status`,`create_time`,`width`,`height` FROM `ocenter_picture` WHERE `md5` = '3e1b1cfc4ce4fd1403a41defee340aab' AND `sha1` = '46b2ed5b24b8d0c6a7b0eaa9716c9bb778a72007' AND `type` = 'local' LIMIT 1   [ RunTime:0.001659s ]
NOTIC: [2] mkdir(): File exists /Applications/XAMPP/xamppfiles/htdocs/yoyo/ThinkPHP/Library/Think/Upload/Driver/Local.class.php 第 101 行.

[ 2017-10-28T17:02:08+08:00 ] 127.0.0.1 /yoyo/index.php?s=/core/file/uploadpicture/session_id/6l1473s8rr78d1533jq9v36qi3.html
INFO: [ app_init ] --START--
INFO: Run Behavior\BuildLiteBehavior [ RunTime:0.000008s ]
INFO: Run Common\Behavior\InitHookBehavior [ RunTime:0.000693s ]
INFO: [ app_init ] --END-- [ RunTime:0.000749s ]
NOTIC: [8] Undefined index: router /Applications/XAMPP/xamppfiles/htdocs/yoyo/Application/Common/Common/function.php 第 1936 行.
NOTIC: [8] Undefined index: router /Applications/XAMPP/xamppfiles/htdocs/yoyo/Application/Common/Common/function.php 第 1936 行.
NOTIC: [8] Undefined index: router /Applications/XAMPP/xamppfiles/htdocs/yoyo/Application/Common/Common/function.php 第 1936 行.
NOTIC: [8] Undefined index: router /Applications/XAMPP/xamppfiles/htdocs/yoyo/Application/Common/Common/function.php 第 1936 行.
NOTIC: [8] Undefined index: router /Applications/XAMPP/xamppfiles/htdocs/yoyo/Application/Common/Common/function.php 第 1936 行.
NOTIC: [8] Undefined index: router /Applications/XAMPP/xamppfiles/htdocs/yoyo/Application/Common/Common/function.php 第 1936 行.
SQL: SHOW COLUMNS FROM `ocenter_config` [ RunTime:0.003230s ]
SQL: SELECT `type`,`name`,`value` FROM `ocenter_config` WHERE `status` = 1  [ RunTime:0.000697s ]
INFO: [ app_begin ] --START--
INFO: Run Behavior\ReadHtmlCacheBehavior [ RunTime:0.000413s ]
INFO: Run Behavior\CheckLangBehavior [ RunTime:0.022148s ]
INFO: [ app_begin ] --END-- [ RunTime:0.022661s ]
NOTIC: [8192] mysql_connect(): The mysql extension is deprecated and will be removed in the future: use mysqli or PDO instead /Applications/XAMPP/xamppfiles/htdocs/yoyo/ThinkPHP/Library/Think/Session/Driver/Db.class.php 第 95 行.
SQL: SHOW COLUMNS FROM `ocenter_module` [ RunTime:0.001453s ]
SQL: SELECT `type`,`name`,`value` FROM `ocenter_config` WHERE `status` = 1  [ RunTime:0.000277s ]
NOTIC: [8] Undefined variable: token /Applications/XAMPP/xamppfiles/htdocs/yoyo/Application/Common/Model/ModuleModel.class.php 第 242 行.
NOTIC: [8] Undefined variable: res /Applications/XAMPP/xamppfiles/htdocs/yoyo/Application/Common/Common/role.php 第 147 行.
INFO: [ action_begin ] --START--
INFO: Run Common\Behavior\InitModuleInfoBehavior [ RunTime:0.000265s ]
INFO: [ action_begin ] --END-- [ RunTime:0.000316s ]
SQL: SHOW COLUMNS FROM `ocenter_picture` [ RunTime:0.003773s ]
SQL: SELECT `value` FROM `ocenter_config` WHERE `name` = '_CONFIG_PICTURE_UPLOAD_DRIVER' LIMIT 1   [ RunTime:0.000342s ]
NOTIC: [8] Undefined index: ext /Applications/XAMPP/xamppfiles/htdocs/yoyo/Application/Admin/Model/PictureModel.class.php 第 45 行.
SQL: SELECT `value` FROM `ocenter_config` WHERE `name` = '_PICTURE_WATER_OPEN' LIMIT 1   [ RunTime:0.000406s ]
SQL: SELECT `id`,`type`,`path`,`url`,`md5`,`sha1`,`status`,`create_time`,`width`,`height` FROM `ocenter_picture` WHERE `md5` = 'c965422f8517d573961468c2b6b44b99' AND `sha1` = '27041c08e5aa80c1b079034b757636fa2ea9f389' AND `type` = 'local' LIMIT 1   [ RunTime:0.001658s ]
SQL: INSERT INTO `ocenter_picture` (`type`,`md5`,`sha1`,`path`,`width`,`height`,`status`,`create_time`) VALUES ('local','c965422f8517d573961468c2b6b44b99','27041c08e5aa80c1b079034b757636fa2ea9f389','/Uploads/Picture/2017-10-28/59f44790777f4.png',64,64,1,1509181328) [ RunTime:0.000182s ]
NOTIC: [8] Undefined index: Filedata /Applications/XAMPP/xamppfiles/htdocs/yoyo/Application/Core/Controller/FileController.class.php 第 125 行.
NOTIC: [8] Undefined index: download /Applications/XAMPP/xamppfiles/htdocs/yoyo/Application/Core/Controller/FileController.class.php 第 128 行.

[ 2017-10-28T17:07:27+08:00 ] 127.0.0.1 /yoyo/index.php?s=/core/file/uploadpicture/session_id/6l1473s8rr78d1533jq9v36qi3.html
INFO: [ app_init ] --START--
INFO: Run Behavior\BuildLiteBehavior [ RunTime:0.000012s ]
INFO: Run Common\Behavior\InitHookBehavior [ RunTime:0.001030s ]
INFO: [ app_init ] --END-- [ RunTime:0.001117s ]
NOTIC: [8] Undefined index: router /Applications/XAMPP/xamppfiles/htdocs/yoyo/Application/Common/Common/function.php 第 1936 行.
NOTIC: [8] Undefined index: router /Applications/XAMPP/xamppfiles/htdocs/yoyo/Application/Common/Common/function.php 第 1936 行.
NOTIC: [8] Undefined index: router /Applications/XAMPP/xamppfiles/htdocs/yoyo/Application/Common/Common/function.php 第 1936 行.
NOTIC: [8] Undefined index: router /Applications/XAMPP/xamppfiles/htdocs/yoyo/Application/Common/Common/function.php 第 1936 行.
NOTIC: [8] Undefined index: router /Applications/XAMPP/xamppfiles/htdocs/yoyo/Application/Common/Common/function.php 第 1936 行.
NOTIC: [8] Undefined index: router /Applications/XAMPP/xamppfiles/htdocs/yoyo/Application/Common/Common/function.php 第 1936 行.
SQL: SHOW COLUMNS FROM `ocenter_config` [ RunTime:0.004604s ]
SQL: SELECT `type`,`name`,`value` FROM `ocenter_config` WHERE `status` = 1  [ RunTime:0.001107s ]
INFO: [ app_begin ] --START--
INFO: Run Behavior\ReadHtmlCacheBehavior [ RunTime:0.000540s ]
INFO: Run Behavior\CheckLangBehavior [ RunTime:0.020259s ]
INFO: [ app_begin ] --END-- [ RunTime:0.020925s ]
NOTIC: [8192] mysql_connect(): The mysql extension is deprecated and will be removed in the future: use mysqli or PDO instead /Applications/XAMPP/xamppfiles/htdocs/yoyo/ThinkPHP/Library/Think/Session/Driver/Db.class.php 第 95 行.
SQL: SHOW COLUMNS FROM `ocenter_module` [ RunTime:0.002644s ]
SQL: SELECT `type`,`name`,`value` FROM `ocenter_config` WHERE `status` = 1  [ RunTime:0.000399s ]
NOTIC: [8] Undefined variable: token /Applications/XAMPP/xamppfiles/htdocs/yoyo/Application/Common/Model/ModuleModel.class.php 第 242 行.
NOTIC: [8] Undefined variable: res /Applications/XAMPP/xamppfiles/htdocs/yoyo/Application/Common/Common/role.php 第 147 行.
INFO: [ action_begin ] --START--
INFO: Run Common\Behavior\InitModuleInfoBehavior [ RunTime:0.000147s ]
INFO: [ action_begin ] --END-- [ RunTime:0.000194s ]
SQL: SHOW COLUMNS FROM `ocenter_picture` [ RunTime:0.002113s ]
NOTIC: [8] Undefined index: ext /Applications/XAMPP/xamppfiles/htdocs/yoyo/Application/Admin/Model/PictureModel.class.php 第 45 行.
SQL: SELECT `id`,`type`,`path`,`url`,`md5`,`sha1`,`status`,`create_time`,`width`,`height` FROM `ocenter_picture` WHERE `md5` = 'f4f2b74a5bc54e0850983dc7e88b0912' AND `sha1` = '98f939ea8e97315f5d925002b4654de835e677eb' AND `type` = 'local' LIMIT 1   [ RunTime:0.001710s ]
SQL: INSERT INTO `ocenter_picture` (`type`,`md5`,`sha1`,`path`,`width`,`height`,`status`,`create_time`) VALUES ('local','f4f2b74a5bc54e0850983dc7e88b0912','98f939ea8e97315f5d925002b4654de835e677eb','/Uploads/Picture/2017-10-28/59f448cf52ca7.png',64,64,1,1509181647) [ RunTime:0.000190s ]
NOTIC: [8] Undefined index: Filedata /Applications/XAMPP/xamppfiles/htdocs/yoyo/Application/Core/Controller/FileController.class.php 第 125 行.
NOTIC: [8] Undefined index: download /Applications/XAMPP/xamppfiles/htdocs/yoyo/Application/Core/Controller/FileController.class.php 第 128 行.

[ 2017-10-28T17:07:27+08:00 ] 127.0.0.1 /yoyo/index.php?s=/core/file/uploadpicture/session_id/6l1473s8rr78d1533jq9v36qi3.html
INFO: [ app_init ] --START--
INFO: Run Behavior\BuildLiteBehavior [ RunTime:0.000011s ]
INFO: Run Common\Behavior\InitHookBehavior [ RunTime:0.002010s ]
INFO: [ app_init ] --END-- [ RunTime:0.002102s ]
NOTIC: [8] Undefined index: router /Applications/XAMPP/xamppfiles/htdocs/yoyo/Application/Common/Common/function.php 第 1936 行.
NOTIC: [8] Undefined index: router /Applications/XAMPP/xamppfiles/htdocs/yoyo/Application/Common/Common/function.php 第 1936 行.
NOTIC: [8] Undefined index: router /Applications/XAMPP/xamppfiles/htdocs/yoyo/Application/Common/Common/function.php 第 1936 行.
NOTIC: [8] Undefined index: router /Applications/XAMPP/xamppfiles/htdocs/yoyo/Application/Common/Common/function.php 第 1936 行.
NOTIC: [8] Undefined index: router /Applications/XAMPP/xamppfiles/htdocs/yoyo/Application/Common/Common/function.php 第 1936 行.
NOTIC: [8] Undefined index: router /Applications/XAMPP/xamppfiles/htdocs/yoyo/Application/Common/Common/function.php 第 1936 行.
SQL: SHOW COLUMNS FROM `ocenter_config` [ RunTime:0.004715s ]
SQL: SELECT `type`,`name`,`value` FROM `ocenter_config` WHERE `status` = 1  [ RunTime:0.000587s ]
INFO: [ app_begin ] --START--
INFO: Run Behavior\ReadHtmlCacheBehavior [ RunTime:0.000381s ]
INFO: Run Behavior\CheckLangBehavior [ RunTime:0.020365s ]
INFO: [ app_begin ] --END-- [ RunTime:0.020834s ]
NOTIC: [8192] mysql_connect(): The mysql extension is deprecated and will be removed in the future: use mysqli or PDO instead /Applications/XAMPP/xamppfiles/htdocs/yoyo/ThinkPHP/Library/Think/Session/Driver/Db.class.php 第 95 行.
SQL: SHOW COLUMNS FROM `ocenter_module` [ RunTime:0.002854s ]
SQL: SELECT `type`,`name`,`value` FROM `ocenter_config` WHERE `status` = 1  [ RunTime:0.000615s ]
NOTIC: [8] Undefined variable: token /Applications/XAMPP/xamppfiles/htdocs/yoyo/Application/Common/Model/ModuleModel.class.php 第 242 行.
NOTIC: [8] Undefined variable: res /Applications/XAMPP/xamppfiles/htdocs/yoyo/Application/Common/Common/role.php 第 147 行.
INFO: [ action_begin ] --START--
INFO: Run Common\Behavior\InitModuleInfoBehavior [ RunTime:0.000140s ]
INFO: [ action_begin ] --END-- [ RunTime:0.000175s ]
SQL: SHOW COLUMNS FROM `ocenter_picture` [ RunTime:0.002243s ]
NOTIC: [8] Undefined index: ext /Applications/XAMPP/xamppfiles/htdocs/yoyo/Application/Admin/Model/PictureModel.class.php 第 45 行.
SQL: SELECT `id`,`type`,`path`,`url`,`md5`,`sha1`,`status`,`create_time`,`width`,`height` FROM `ocenter_picture` WHERE `md5` = 'd210b64eb578681df53b9e42fd50e4c8' AND `sha1` = '08e038b1b5a4900fb842807ec1ca96b1717eb598' AND `type` = 'local' LIMIT 1   [ RunTime:0.001598s ]
SQL: INSERT INTO `ocenter_picture` (`type`,`md5`,`sha1`,`path`,`width`,`height`,`status`,`create_time`) VALUES ('local','d210b64eb578681df53b9e42fd50e4c8','08e038b1b5a4900fb842807ec1ca96b1717eb598','/Uploads/Picture/2017-10-28/59f448cf52aeb.png',64,64,1,1509181647) [ RunTime:0.000289s ]
NOTIC: [8] Undefined index: Filedata /Applications/XAMPP/xamppfiles/htdocs/yoyo/Application/Core/Controller/FileController.class.php 第 125 行.
NOTIC: [8] Undefined index: download /Applications/XAMPP/xamppfiles/htdocs/yoyo/Application/Core/Controller/FileController.class.php 第 128 行.

[ 2017-10-28T17:07:27+08:00 ] 127.0.0.1 /yoyo/index.php?s=/core/file/uploadpicture/session_id/6l1473s8rr78d1533jq9v36qi3.html
INFO: [ app_init ] --START--
INFO: Run Behavior\BuildLiteBehavior [ RunTime:0.000013s ]
INFO: Run Common\Behavior\InitHookBehavior [ RunTime:0.001267s ]
INFO: [ app_init ] --END-- [ RunTime:0.001395s ]
NOTIC: [8] Undefined index: router /Applications/XAMPP/xamppfiles/htdocs/yoyo/Application/Common/Common/function.php 第 1936 行.
NOTIC: [8] Undefined index: router /Applications/XAMPP/xamppfiles/htdocs/yoyo/Application/Common/Common/function.php 第 1936 行.
NOTIC: [8] Undefined index: router /Applications/XAMPP/xamppfiles/htdocs/yoyo/Application/Common/Common/function.php 第 1936 行.
NOTIC: [8] Undefined index: router /Applications/XAMPP/xamppfiles/htdocs/yoyo/Application/Common/Common/function.php 第 1936 行.
NOTIC: [8] Undefined index: router /Applications/XAMPP/xamppfiles/htdocs/yoyo/Application/Common/Common/function.php 第 1936 行.
NOTIC: [8] Undefined index: router /Applications/XAMPP/xamppfiles/htdocs/yoyo/Application/Common/Common/function.php 第 1936 行.
SQL: SHOW COLUMNS FROM `ocenter_config` [ RunTime:0.003626s ]
SQL: SELECT `type`,`name`,`value` FROM `ocenter_config` WHERE `status` = 1  [ RunTime:0.002307s ]
INFO: [ app_begin ] --START--
INFO: Run Behavior\ReadHtmlCacheBehavior [ RunTime:0.000841s ]
INFO: Run Behavior\CheckLangBehavior [ RunTime:0.015420s ]
INFO: [ app_begin ] --END-- [ RunTime:0.016401s ]
NOTIC: [8192] mysql_connect(): The mysql extension is deprecated and will be removed in the future: use mysqli or PDO instead /Applications/XAMPP/xamppfiles/htdocs/yoyo/ThinkPHP/Library/Think/Session/Driver/Db.class.php 第 95 行.
SQL: SHOW COLUMNS FROM `ocenter_module` [ RunTime:0.001504s ]
SQL: SELECT `type`,`name`,`value` FROM `ocenter_config` WHERE `status` = 1  [ RunTime:0.000461s ]
NOTIC: [8] Undefined variable: token /Applications/XAMPP/xamppfiles/htdocs/yoyo/Application/Common/Model/ModuleModel.class.php 第 242 行.
NOTIC: [8] Undefined variable: res /Applications/XAMPP/xamppfiles/htdocs/yoyo/Application/Common/Common/role.php 第 147 行.
INFO: [ action_begin ] --START--
INFO: Run Common\Behavior\InitModuleInfoBehavior [ RunTime:0.000122s ]
INFO: [ action_begin ] --END-- [ RunTime:0.000154s ]
SQL: SHOW COLUMNS FROM `ocenter_picture` [ RunTime:0.004880s ]
NOTIC: [8] Undefined index: ext /Applications/XAMPP/xamppfiles/htdocs/yoyo/Application/Admin/Model/PictureModel.class.php 第 45 行.
SQL: SELECT `id`,`type`,`path`,`url`,`md5`,`sha1`,`status`,`create_time`,`width`,`height` FROM `ocenter_picture` WHERE `md5` = '3791f6823476966248476d2bbec1abb7' AND `sha1` = '50df03a1cba3db7d61f44f29fd0f921ce9c7412a' AND `type` = 'local' LIMIT 1   [ RunTime:0.001099s ]
SQL: INSERT INTO `ocenter_picture` (`type`,`md5`,`sha1`,`path`,`width`,`height`,`status`,`create_time`) VALUES ('local','3791f6823476966248476d2bbec1abb7','50df03a1cba3db7d61f44f29fd0f921ce9c7412a','/Uploads/Picture/2017-10-28/59f448cf55399.png',64,64,1,1509181647) [ RunTime:0.000471s ]
NOTIC: [8] Undefined index: Filedata /Applications/XAMPP/xamppfiles/htdocs/yoyo/Application/Core/Controller/FileController.class.php 第 125 行.
NOTIC: [8] Undefined index: download /Applications/XAMPP/xamppfiles/htdocs/yoyo/Application/Core/Controller/FileController.class.php 第 128 行.

[ 2017-10-28T17:07:27+08:00 ] 127.0.0.1 /yoyo/index.php?s=/core/file/uploadpicture/session_id/6l1473s8rr78d1533jq9v36qi3.html
INFO: [ app_init ] --START--
INFO: Run Behavior\BuildLiteBehavior [ RunTime:0.000023s ]
INFO: Run Common\Behavior\InitHookBehavior [ RunTime:0.002000s ]
INFO: [ app_init ] --END-- [ RunTime:0.002155s ]
NOTIC: [8] Undefined index: router /Applications/XAMPP/xamppfiles/htdocs/yoyo/Application/Common/Common/function.php 第 1936 行.
NOTIC: [8] Undefined index: router /Applications/XAMPP/xamppfiles/htdocs/yoyo/Application/Common/Common/function.php 第 1936 行.
NOTIC: [8] Undefined index: router /Applications/XAMPP/xamppfiles/htdocs/yoyo/Application/Common/Common/function.php 第 1936 行.
NOTIC: [8] Undefined index: router /Applications/XAMPP/xamppfiles/htdocs/yoyo/Application/Common/Common/function.php 第 1936 行.
NOTIC: [8] Undefined index: router /Applications/XAMPP/xamppfiles/htdocs/yoyo/Application/Common/Common/function.php 第 1936 行.
NOTIC: [8] Undefined index: router /Applications/XAMPP/xamppfiles/htdocs/yoyo/Application/Common/Common/function.php 第 1936 行.
SQL: SHOW COLUMNS FROM `ocenter_config` [ RunTime:0.002109s ]
SQL: SELECT `type`,`name`,`value` FROM `ocenter_config` WHERE `status` = 1  [ RunTime:0.000385s ]
INFO: [ app_begin ] --START--
INFO: Run Behavior\ReadHtmlCacheBehavior [ RunTime:0.000440s ]
INFO: Run Behavior\CheckLangBehavior [ RunTime:0.011834s ]
INFO: [ app_begin ] --END-- [ RunTime:0.012381s ]
NOTIC: [8192] mysql_connect(): The mysql extension is deprecated and will be removed in the future: use mysqli or PDO instead /Applications/XAMPP/xamppfiles/htdocs/yoyo/ThinkPHP/Library/Think/Session/Driver/Db.class.php 第 95 行.
SQL: SHOW COLUMNS FROM `ocenter_module` [ RunTime:0.003470s ]
SQL: SELECT `type`,`name`,`value` FROM `ocenter_config` WHERE `status` = 1  [ RunTime:0.000641s ]
NOTIC: [8] Undefined variable: token /Applications/XAMPP/xamppfiles/htdocs/yoyo/Application/Common/Model/ModuleModel.class.php 第 242 行.
NOTIC: [8] Undefined variable: res /Applications/XAMPP/xamppfiles/htdocs/yoyo/Application/Common/Common/role.php 第 147 行.
INFO: [ action_begin ] --START--
INFO: Run Common\Behavior\InitModuleInfoBehavior [ RunTime:0.000117s ]
INFO: [ action_begin ] --END-- [ RunTime:0.000147s ]
SQL: SHOW COLUMNS FROM `ocenter_picture` [ RunTime:0.002293s ]
NOTIC: [8] Undefined index: ext /Applications/XAMPP/xamppfiles/htdocs/yoyo/Application/Admin/Model/PictureModel.class.php 第 45 行.
SQL: SELECT `id`,`type`,`path`,`url`,`md5`,`sha1`,`status`,`create_time`,`width`,`height` FROM `ocenter_picture` WHERE `md5` = '395ec8324f2037c87b31e9c4ef667293' AND `sha1` = '33f5813f6a9b5bb9129b2307fdb3e3eabec4c26a' AND `type` = 'local' LIMIT 1   [ RunTime:0.000344s ]
SQL: INSERT INTO `ocenter_picture` (`type`,`md5`,`sha1`,`path`,`width`,`height`,`status`,`create_time`) VALUES ('local','395ec8324f2037c87b31e9c4ef667293','33f5813f6a9b5bb9129b2307fdb3e3eabec4c26a','/Uploads/Picture/2017-10-28/59f448cf715dc.png',64,64,1,1509181647) [ RunTime:0.000272s ]
NOTIC: [8] Undefined index: Filedata /Applications/XAMPP/xamppfiles/htdocs/yoyo/Application/Core/Controller/FileController.class.php 第 125 行.
NOTIC: [8] Undefined index: download /Applications/XAMPP/xamppfiles/htdocs/yoyo/Application/Core/Controller/FileController.class.php 第 128 行.

