[ 2017-10-15T07:59:58+08:00 ] 127.0.0.1 /yoyo/index.php?s=/core/public/firstuserrun/time/1508025597/token/87626120062baded6644d9d563beaf2d.html
INFO: [ app_init ] --START--
INFO: Run Behavior\BuildLiteBehavior [ RunTime:0.000013s ]
INFO: Run Common\Behavior\InitHookBehavior [ RunTime:0.001262s ]
INFO: [ app_init ] --END-- [ RunTime:0.001377s ]
NOTIC: [8] Undefined index: HTTP_USER_AGENT /Applications/XAMPP/xamppfiles/htdocs/yoyo/Application/Common/Common/function.php 第 1780 行.
NOTIC: [8] Undefined index: HTTP_USER_AGENT /Applications/XAMPP/xamppfiles/htdocs/yoyo/Application/Common/Common/function.php 第 1780 行.
NOTIC: [8] Undefined index: HTTP_USER_AGENT /Applications/XAMPP/xamppfiles/htdocs/yoyo/Application/Common/Common/function.php 第 1780 行.
NOTIC: [8] Undefined index: HTTP_USER_AGENT /Applications/XAMPP/xamppfiles/htdocs/yoyo/Application/Common/Common/function.php 第 1780 行.
NOTIC: [8] Undefined index: HTTP_USER_AGENT /Applications/XAMPP/xamppfiles/htdocs/yoyo/Application/Common/Common/function.php 第 1780 行.
NOTIC: [8] Undefined index: HTTP_USER_AGENT /Applications/XAMPP/xamppfiles/htdocs/yoyo/Application/Common/Common/function.php 第 1780 行.
NOTIC: [8] Undefined index: HTTP_USER_AGENT /Applications/XAMPP/xamppfiles/htdocs/yoyo/Application/Common/Common/function.php 第 1780 行.
NOTIC: [8] Undefined index: HTTP_USER_AGENT /Applications/XAMPP/xamppfiles/htdocs/yoyo/Application/Common/Common/function.php 第 1780 行.
NOTIC: [8] Undefined index: HTTP_USER_AGENT /Applications/XAMPP/xamppfiles/htdocs/yoyo/Application/Common/Common/function.php 第 1780 行.
NOTIC: [8] Undefined index: HTTP_USER_AGENT /Applications/XAMPP/xamppfiles/htdocs/yoyo/Application/Common/Common/function.php 第 1780 行.
NOTIC: [8] Undefined index: HTTP_USER_AGENT /Applications/XAMPP/xamppfiles/htdocs/yoyo/Application/Common/Common/function.php 第 1780 行.
NOTIC: [8] Undefined index: HTTP_USER_AGENT /Applications/XAMPP/xamppfiles/htdocs/yoyo/Application/Common/Common/function.php 第 1780 行.
NOTIC: [8] Undefined index: HTTP_USER_AGENT /Applications/XAMPP/xamppfiles/htdocs/yoyo/Application/Common/Common/function.php 第 1780 行.
NOTIC: [8] Undefined index: router /Applications/XAMPP/xamppfiles/htdocs/yoyo/Application/Common/Common/function.php 第 1936 行.
NOTIC: [8] Undefined index: router /Applications/XAMPP/xamppfiles/htdocs/yoyo/Application/Common/Common/function.php 第 1936 行.
NOTIC: [8] Undefined index: HTTP_USER_AGENT /Applications/XAMPP/xamppfiles/htdocs/yoyo/Application/Common/Common/function.php 第 1780 行.
NOTIC: [8] Undefined index: HTTP_USER_AGENT /Applications/XAMPP/xamppfiles/htdocs/yoyo/Application/Common/Common/function.php 第 1780 行.
NOTIC: [8] Undefined index: router /Applications/XAMPP/xamppfiles/htdocs/yoyo/Application/Common/Common/function.php 第 1936 行.
NOTIC: [8] Undefined index: router /Applications/XAMPP/xamppfiles/htdocs/yoyo/Application/Common/Common/function.php 第 1936 行.
NOTIC: [8] Undefined index: router /Applications/XAMPP/xamppfiles/htdocs/yoyo/Application/Common/Common/function.php 第 1936 行.
NOTIC: [8] Undefined index: router /Applications/XAMPP/xamppfiles/htdocs/yoyo/Application/Common/Common/function.php 第 1936 行.
NOTIC: [8] Undefined index: router /Applications/XAMPP/xamppfiles/htdocs/yoyo/Application/Common/Common/function.php 第 1936 行.
NOTIC: [8] Undefined index: HTTP_USER_AGENT /Applications/XAMPP/xamppfiles/htdocs/yoyo/Application/Common/Common/function.php 第 1780 行.
SQL: SHOW COLUMNS FROM `ocenter_config` [ RunTime:0.002149s ]
SQL: SELECT `type`,`name`,`value` FROM `ocenter_config` WHERE `status` = 1  [ RunTime:0.000397s ]
INFO: [ app_begin ] --START--
INFO: Run Behavior\ReadHtmlCacheBehavior [ RunTime:0.000331s ]
INFO: Run Behavior\CheckLangBehavior [ RunTime:0.009450s ]
INFO: [ app_begin ] --END-- [ RunTime:0.009871s ]
NOTIC: [8192] mysql_connect(): The mysql extension is deprecated and will be removed in the future: use mysqli or PDO instead /Applications/XAMPP/xamppfiles/htdocs/yoyo/ThinkPHP/Library/Think/Session/Driver/Db.class.php 第 95 行.
SQL: SHOW COLUMNS FROM `ocenter_module` [ RunTime:0.003128s ]
SQL: SELECT `type`,`name`,`value` FROM `ocenter_config` WHERE `status` = 1  [ RunTime:0.000479s ]
NOTIC: [8] Undefined variable: token /Applications/XAMPP/xamppfiles/htdocs/yoyo/Application/Common/Model/ModuleModel.class.php 第 242 行.
NOTIC: [8] Undefined variable: res /Applications/XAMPP/xamppfiles/htdocs/yoyo/Application/Common/Common/role.php 第 147 行.
INFO: [ action_begin ] --START--
INFO: Run Common\Behavior\InitModuleInfoBehavior [ RunTime:0.000180s ]
INFO: [ action_begin ] --END-- [ RunTime:0.000226s ]
SQL: REPLACE INTO `ocenter_config` (`name`,`type`,`title`,`group`,`extra`,`remark`,`create_time`,`update_time`,`status`,`value`,`sort`) VALUES ('_CONFIG_FIRST_USER_RUN',0,'',0,'','',1508025598,1508025598,1,'2017-10-15',0) [ RunTime:0.001474s ]
NOTIC: [2] unlink(./Runtime/Temp/02e1f2a7f69b0087bd2c92f0e04f9583.php): No such file or directory /Applications/XAMPP/xamppfiles/htdocs/yoyo/ThinkPHP/Library/Think/Cache/Driver/File.class.php 第 157 行.
SQL: SHOW COLUMNS FROM `ocenter_schedule` [ RunTime:0.002707s ]
SQL: SHOW COLUMNS FROM `ocenter_count_lost` [ RunTime:0.003978s ]
SQL: SHOW COLUMNS FROM `ocenter_count_remain` [ RunTime:0.001452s ]
SQL: SHOW COLUMNS FROM `ocenter_count_consumption` [ RunTime:0.002100s ]
ERR: 1146:Table 'yoyobit.ocenter_count_consumption' doesn't exist
 [ SQL语句 ] : SHOW COLUMNS FROM `ocenter_count_consumption`
SQL: SHOW COLUMNS FROM `ocenter_count_active` [ RunTime:0.004168s ]
SQL: SHOW COLUMNS FROM `ocenter_count` [ RunTime:0.002083s ]
ERR: 1146:Table 'yoyobit.ocenter_count' doesn't exist
 [ SQL语句 ] : SHOW COLUMNS FROM `ocenter_count`
SQL: SELECT * FROM `ocenter_count_lost` WHERE `date` = 1507910400 LIMIT 1   [ RunTime:0.000296s ]
SQL: SHOW COLUMNS FROM `ocenter_member` [ RunTime:0.004785s ]
SQL: SELECT COUNT(*) AS tp_count FROM `ocenter_member` WHERE `status` = 1 LIMIT 1   [ RunTime:0.000500s ]
SQL: SELECT `value` FROM `ocenter_config` WHERE `name` = '_COUNT_LOST_LONG' LIMIT 1   [ RunTime:0.000268s ]
SQL: SELECT COUNT(*) AS tp_count FROM `ocenter_member` WHERE `status` = 1 AND `last_login_time` < 1505404800 LIMIT 1   [ RunTime:0.000380s ]
SQL: SELECT * FROM `ocenter_count_lost` WHERE `date` = 1507824000 LIMIT 1   [ RunTime:0.001012s ]
SQL: INSERT INTO `ocenter_count_lost` (`new_lost`,`date`,`user_num`,`lost_num`,`rate`,`create_time`) VALUES (0,1507910400,3,0,0,1508025598) [ RunTime:0.000265s ]
SQL: SELECT * FROM `ocenter_count_remain` WHERE `date` = 1507824000 LIMIT 1   [ RunTime:0.000314s ]
SQL: SELECT `uid` FROM `ocenter_member` WHERE `reg_time` BETWEEN 1507824000 AND 1507910399 AND `status` = 1  [ RunTime:0.000360s ]
NOTIC: [2] array_column() expects parameter 1 to be array, null given /Applications/XAMPP/xamppfiles/htdocs/yoyo/Application/Admin/Model/CountModel.class.php 第 116 行.
SQL: INSERT INTO `ocenter_count_remain` (`reg_num`,`date`,`day1_num`) VALUES (0,1507824000,0) [ RunTime:0.003425s ]
SQL: SELECT * FROM `ocenter_count_remain` WHERE `date` = 1507737600 LIMIT 1   [ RunTime:0.000381s ]
SQL: SELECT `uid` FROM `ocenter_member` WHERE `reg_time` BETWEEN 1507737600 AND 1507823999 AND `status` = 1  [ RunTime:0.000415s ]
SQL: SHOW COLUMNS FROM `ocenter_action` [ RunTime:0.004710s ]
SQL: SELECT `id` FROM `ocenter_action` WHERE `name` = 'user_login' AND `status` = 1 LIMIT 1   [ RunTime:0.000318s ]
SQL: SHOW COLUMNS FROM `ocenter_action_log` [ RunTime:0.002625s ]
SQL: SELECT `user_id` FROM `ocenter_action_log` WHERE `action_id` = 3 AND `user_id` IN ('116') AND `create_time` BETWEEN 1507910400 AND 1507996799  [ RunTime:0.001999s ]
NOTIC: [2] array_column() expects parameter 1 to be array, null given /Applications/XAMPP/xamppfiles/htdocs/yoyo/Application/Admin/Model/CountModel.class.php 第 134 行.
NOTIC: [2] array_unique() expects parameter 1 to be array, null given /Applications/XAMPP/xamppfiles/htdocs/yoyo/Application/Admin/Model/CountModel.class.php 第 135 行.
SQL: UPDATE `ocenter_count_remain` SET `date`=1507737600,`day1_num`=0,`day2_num`=0,`day3_num`=0,`day4_num`=0,`day5_num`=0,`day6_num`=0,`day7_num`=0,`day8_num`=0,`reg_num`=1 WHERE `id` = 30 [ RunTime:0.000302s ]
SQL: SELECT * FROM `ocenter_count_remain` WHERE `date` = 1507651200 LIMIT 1   [ RunTime:0.000282s ]
SQL: SELECT `uid` FROM `ocenter_member` WHERE `reg_time` BETWEEN 1507651200 AND 1507737599 AND `status` = 1  [ RunTime:0.000294s ]
NOTIC: [2] array_column() expects parameter 1 to be array, null given /Applications/XAMPP/xamppfiles/htdocs/yoyo/Application/Admin/Model/CountModel.class.php 第 116 行.
SQL: UPDATE `ocenter_count_remain` SET `date`=1507651200,`day1_num`=0,`day2_num`=0,`day3_num`=0,`day4_num`=0,`day5_num`=0,`day6_num`=0,`day7_num`=0,`day8_num`=0,`reg_num`=0 WHERE `id` = 29 [ RunTime:0.000251s ]
SQL: SELECT * FROM `ocenter_count_remain` WHERE `date` = 1507564800 LIMIT 1   [ RunTime:0.000225s ]
SQL: SELECT `uid` FROM `ocenter_member` WHERE `reg_time` BETWEEN 1507564800 AND 1507651199 AND `status` = 1  [ RunTime:0.000274s ]
NOTIC: [2] array_column() expects parameter 1 to be array, null given /Applications/XAMPP/xamppfiles/htdocs/yoyo/Application/Admin/Model/CountModel.class.php 第 116 行.
SQL: UPDATE `ocenter_count_remain` SET `date`=1507564800,`day1_num`=0,`day2_num`=0,`day3_num`=0,`day4_num`=0,`day5_num`=0,`day6_num`=0,`day7_num`=0,`day8_num`=0,`reg_num`=0 WHERE `id` = 28 [ RunTime:0.000287s ]
SQL: SELECT * FROM `ocenter_count_remain` WHERE `date` = 1507478400 LIMIT 1   [ RunTime:0.000358s ]
SQL: SELECT `uid` FROM `ocenter_member` WHERE `reg_time` BETWEEN 1507478400 AND 1507564799 AND `status` = 1  [ RunTime:0.000322s ]
NOTIC: [2] array_column() expects parameter 1 to be array, null given /Applications/XAMPP/xamppfiles/htdocs/yoyo/Application/Admin/Model/CountModel.class.php 第 116 行.
SQL: UPDATE `ocenter_count_remain` SET `date`=1507478400,`day1_num`=0,`day2_num`=0,`day3_num`=0,`day4_num`=0,`day5_num`=0,`day6_num`=0,`day7_num`=0,`day8_num`=0,`reg_num`=0 WHERE `id` = 27 [ RunTime:0.000938s ]
SQL: SELECT * FROM `ocenter_count_remain` WHERE `date` = 1507392000 LIMIT 1   [ RunTime:0.000385s ]
SQL: SELECT `uid` FROM `ocenter_member` WHERE `reg_time` BETWEEN 1507392000 AND 1507478399 AND `status` = 1  [ RunTime:0.000382s ]
NOTIC: [2] array_column() expects parameter 1 to be array, null given /Applications/XAMPP/xamppfiles/htdocs/yoyo/Application/Admin/Model/CountModel.class.php 第 116 行.
SQL: UPDATE `ocenter_count_remain` SET `date`=1507392000,`day1_num`=0,`day2_num`=0,`day3_num`=0,`day4_num`=0,`day5_num`=0,`day6_num`=0,`day7_num`=0,`day8_num`=0,`reg_num`=0 WHERE `id` = 26 [ RunTime:0.000371s ]
SQL: SELECT * FROM `ocenter_count_remain` WHERE `date` = 1507305600 LIMIT 1   [ RunTime:0.000536s ]
SQL: SELECT `uid` FROM `ocenter_member` WHERE `reg_time` BETWEEN 1507305600 AND 1507391999 AND `status` = 1  [ RunTime:0.000413s ]
NOTIC: [2] array_column() expects parameter 1 to be array, null given /Applications/XAMPP/xamppfiles/htdocs/yoyo/Application/Admin/Model/CountModel.class.php 第 116 行.
SQL: UPDATE `ocenter_count_remain` SET `date`=1507305600,`day1_num`=0,`day2_num`=0,`day3_num`=0,`day4_num`=0,`day5_num`=0,`day6_num`=0,`day7_num`=0,`day8_num`=0,`reg_num`=0 WHERE `id` = 25 [ RunTime:0.000446s ]
SQL: SELECT * FROM `ocenter_count_remain` WHERE `date` = 1507219200 LIMIT 1   [ RunTime:0.000373s ]
SQL: SELECT `uid` FROM `ocenter_member` WHERE `reg_time` BETWEEN 1507219200 AND 1507305599 AND `status` = 1  [ RunTime:0.000427s ]
NOTIC: [2] array_column() expects parameter 1 to be array, null given /Applications/XAMPP/xamppfiles/htdocs/yoyo/Application/Admin/Model/CountModel.class.php 第 116 行.
SQL: UPDATE `ocenter_count_remain` SET `date`=1507219200,`day1_num`=0,`day2_num`=0,`day3_num`=0,`day4_num`=0,`day5_num`=0,`day6_num`=0,`day7_num`=0,`day8_num`=0,`reg_num`=0 WHERE `id` = 24 [ RunTime:0.000320s ]
SQL: SELECT COUNT(*) AS tp_count FROM `ocenter_member` WHERE `status` = 1 LIMIT 1   [ RunTime:0.000338s ]
SQL: SELECT `user_id` FROM `ocenter_action_log` WHERE `action_id` = 3 AND `create_time` BETWEEN 1507910400 AND 1507996799  [ RunTime:0.003249s ]
SQL: INSERT INTO `ocenter_count_active` (`num`,`type`,`date`) VALUES (2,'day',1507910400) [ RunTime:0.001414s ]
SQL: SELECT `user_id` FROM `ocenter_action_log` WHERE `action_id` = 3 AND `create_time` BETWEEN 1507392000 AND 1507996799  [ RunTime:0.000663s ]
SQL: INSERT INTO `ocenter_count_active` (`num`,`type`,`date`) VALUES (3,'week',1507392007) [ RunTime:0.000285s ]
SQL: SELECT * FROM `ocenter_count_consumption` WHERE `date` = 1507910400 LIMIT 1   [ RunTime:0.000274s ]
ERR: 1146:Table 'yoyobit.ocenter_count_consumption' doesn't exist
 [ SQL语句 ] : SELECT * FROM `ocenter_count_consumption` WHERE `date` = 1507910400 LIMIT 1  
SQL: SHOW COLUMNS FROM `ocenter_pingxx_charge` [ RunTime:0.002247s ]
ERR: 1146:Table 'yoyobit.ocenter_pingxx_charge' doesn't exist
 [ SQL语句 ] : SHOW COLUMNS FROM `ocenter_pingxx_charge`
SQL: SHOW COLUMNS FROM `ocenter_recharge_record_alipay` [ RunTime:0.001897s ]
ERR: 1146:Table 'yoyobit.ocenter_recharge_record_alipay' doesn't exist
 [ SQL语句 ] : SHOW COLUMNS FROM `ocenter_recharge_record_alipay`
SQL: SHOW COLUMNS FROM `ocenter_order_link` [ RunTime:0.001898s ]
ERR: 1146:Table 'yoyobit.ocenter_order_link' doesn't exist
 [ SQL语句 ] : SHOW COLUMNS FROM `ocenter_order_link`
SQL: SELECT * FROM `ocenter_pingxx_charge` WHERE `time_paid` BETWEEN 1507910400 AND 1507996799 AND `paid` = 1  [ RunTime:0.000255s ]
ERR: 1146:Table 'yoyobit.ocenter_pingxx_charge' doesn't exist
 [ SQL语句 ] : SELECT * FROM `ocenter_pingxx_charge` WHERE `time_paid` BETWEEN 1507910400 AND 1507996799 AND `paid` = 1 
SQL: SELECT * FROM `ocenter_recharge_record_alipay` WHERE `notify_time` BETWEEN 1507910400 AND 1507996799 AND `trade_status` IN ('TRADE_SUCCESS','TRADE_FINISHED')  [ RunTime:0.000199s ]
ERR: 1146:Table 'yoyobit.ocenter_recharge_record_alipay' doesn't exist
 [ SQL语句 ] : SELECT * FROM `ocenter_recharge_record_alipay` WHERE `notify_time` BETWEEN 1507910400 AND 1507996799 AND `trade_status` IN ('TRADE_SUCCESS','TRADE_FINISHED') 
NOTIC: [2] Invalid argument supplied for foreach() /Applications/XAMPP/xamppfiles/htdocs/yoyo/Application/Admin/Model/CountModel.class.php 第 292 行.
NOTIC: [2] Invalid argument supplied for foreach() /Applications/XAMPP/xamppfiles/htdocs/yoyo/Application/Admin/Model/CountModel.class.php 第 297 行.
SQL: INSERT INTO `ocenter_count_consumption` (`date`,`total_fee`,`user_num`) VALUES (1507910400,'0.00',0) [ RunTime:0.000166s ]
ERR: 1146:Table 'yoyobit.ocenter_count_consumption' doesn't exist
 [ SQL语句 ] : INSERT INTO `ocenter_count_consumption` (`date`,`total_fee`,`user_num`) VALUES (1507910400,'0.00',0)
SQL: SHOW COLUMNS FROM `ocenter_checkin` [ RunTime:0.004854s ]
SQL: SHOW COLUMNS FROM `ocenter_member` [ RunTime:0.003343s ]
SQL: SELECT `uid` FROM `ocenter_member` WHERE `con_check` > 0  [ RunTime:0.000301s ]
NOTIC: [2] Invalid argument supplied for foreach() /Applications/XAMPP/xamppfiles/htdocs/yoyo/Addons/CheckIn/Model/CheckInModel.class.php 第 37 行.
SQL: SELECT `type`,`name`,`value` FROM `ocenter_config` WHERE `status` = 1  [ RunTime:0.000540s ]
NOTIC: [8] Undefined variable: token /Applications/XAMPP/xamppfiles/htdocs/yoyo/Application/Common/Model/ModuleModel.class.php 第 242 行.
NOTIC: [8] Undefined variable: res /Applications/XAMPP/xamppfiles/htdocs/yoyo/Application/Common/Common/role.php 第 147 行.
INFO: [ action_begin ] --START--
INFO: Run Common\Behavior\InitModuleInfoBehavior [ RunTime:0.000006s ]
INFO: [ action_begin ] --END-- [ RunTime:-0.110099s ]
SQL: SELECT COUNT(id) AS tp_count FROM `ocenter_action_log` LIMIT 1   [ RunTime:0.000292s ]
SQL: SHOW COLUMNS FROM `ocenter_score_log` [ RunTime:0.004648s ]
SQL: SELECT COUNT(id) AS tp_count FROM `ocenter_score_log` LIMIT 1   [ RunTime:0.000179s ]
SQL: SELECT `type`,`name`,`value` FROM `ocenter_config` WHERE `status` = 1  [ RunTime:0.000412s ]
NOTIC: [8] Undefined variable: token /Applications/XAMPP/xamppfiles/htdocs/yoyo/Application/Common/Model/ModuleModel.class.php 第 242 行.
NOTIC: [8] Undefined variable: res /Applications/XAMPP/xamppfiles/htdocs/yoyo/Application/Common/Common/role.php 第 147 行.
INFO: [ action_begin ] --START--
INFO: Run Common\Behavior\InitModuleInfoBehavior [ RunTime:0.000007s ]
INFO: [ action_begin ] --END-- [ RunTime:-0.121025s ]
NOTIC: [8] Undefined index: uid /Applications/XAMPP/xamppfiles/htdocs/yoyo/Application/Ucenter/Controller/BaseController.class.php 第 17 行.
SQL: SELECT `value` FROM `ocenter_config` WHERE `name` = '_CONFIG_ERROR_WAIT_TIME' LIMIT 1   [ RunTime:0.000327s ]
INFO: [ view_parse ] --START--
INFO: [ template_filter ] --START--
INFO: Run Behavior\ContentReplaceBehavior [ RunTime:0.000206s ]
INFO: [ template_filter ] --END-- [ RunTime:0.000295s ]
INFO: [ syncMeta ] --START--
INFO: Run Addons\SyncLogin\SyncLoginAddon [ RunTime:0.000648s ]
INFO: [ syncMeta ] --END-- [ RunTime:0.000700s ]
NOTIC: [8] Undefined variable: seo /Applications/XAMPP/xamppfiles/htdocs/yoyo/Runtime/Cache/Core/4ec9e90e742e78571a1db70e3c92ab19.php 第 9 行.
SQL: SHOW COLUMNS FROM `ocenter_seo_rule` [ RunTime:0.001964s ]
NOTIC: [8192] mysql_escape_string(): This function is deprecated; use mysql_real_escape_string() instead. /Applications/XAMPP/xamppfiles/htdocs/yoyo/Application/Common/Model/SeoRuleModel.class.php 第 78 行.
NOTIC: [8192] mysql_escape_string(): This function is deprecated; use mysql_real_escape_string() instead. /Applications/XAMPP/xamppfiles/htdocs/yoyo/Application/Common/Model/SeoRuleModel.class.php 第 79 行.
NOTIC: [8192] mysql_escape_string(): This function is deprecated; use mysql_real_escape_string() instead. /Applications/XAMPP/xamppfiles/htdocs/yoyo/Application/Common/Model/SeoRuleModel.class.php 第 80 行.
SQL: SELECT * FROM `ocenter_seo_rule` WHERE ( (app='' or app='Core') and (controller='' or controller='Public') and (action='' or action='firstuserrun') and status=1 ) ORDER BY sort asc  [ RunTime:0.000308s ]
SQL: SELECT `type`,`name`,`value` FROM `ocenter_config` WHERE `status` = 1  [ RunTime:0.000340s ]
SQL: SHOW COLUMNS FROM `ocenter_pushing` [ RunTime:0.003177s ]
ERR: 1146:Table 'yoyobit.ocenter_pushing' doesn't exist
 [ SQL语句 ] : SHOW COLUMNS FROM `ocenter_pushing`
SQL: SHOW COLUMNS FROM `ocenter_member` [ RunTime:0.002814s ]
NOTIC: [8] Undefined offset: 1 /Applications/XAMPP/xamppfiles/htdocs/yoyo/Application/Common/Model/MemberModel.class.php 第 267 行.
SQL: SHOW COLUMNS FROM `ocenter_user_token` [ RunTime:0.002541s ]
SQL: SELECT * FROM `ocenter_user_token` WHERE `uid` = null LIMIT 1   [ RunTime:0.000334s ]
NOTIC: [8] Undefined variable: nav /Applications/XAMPP/xamppfiles/htdocs/yoyo/Runtime/Cache/Core/4ec9e90e742e78571a1db70e3c92ab19.php 第 151 行.
NOTIC: [8] Undefined variable: nav /Applications/XAMPP/xamppfiles/htdocs/yoyo/Runtime/Cache/Core/4ec9e90e742e78571a1db70e3c92ab19.php 第 181 行.
NOTIC: [8] Undefined variable: nav /Applications/XAMPP/xamppfiles/htdocs/yoyo/Runtime/Cache/Core/4ec9e90e742e78571a1db70e3c92ab19.php 第 182 行.
NOTIC: [8] Undefined variable: nav /Applications/XAMPP/xamppfiles/htdocs/yoyo/Runtime/Cache/Core/4ec9e90e742e78571a1db70e3c92ab19.php 第 182 行.
NOTIC: [8] Undefined variable: nav /Applications/XAMPP/xamppfiles/htdocs/yoyo/Runtime/Cache/Core/4ec9e90e742e78571a1db70e3c92ab19.php 第 182 行.
NOTIC: [8] Undefined variable: nav /Applications/XAMPP/xamppfiles/htdocs/yoyo/Runtime/Cache/Core/4ec9e90e742e78571a1db70e3c92ab19.php 第 183 行.
NOTIC: [8] Undefined variable: nav /Applications/XAMPP/xamppfiles/htdocs/yoyo/Runtime/Cache/Core/4ec9e90e742e78571a1db70e3c92ab19.php 第 184 行.
NOTIC: [8] Undefined variable: nav /Applications/XAMPP/xamppfiles/htdocs/yoyo/Runtime/Cache/Core/4ec9e90e742e78571a1db70e3c92ab19.php 第 185 行.
NOTIC: [8] Undefined variable: nav /Applications/XAMPP/xamppfiles/htdocs/yoyo/Runtime/Cache/Core/4ec9e90e742e78571a1db70e3c92ab19.php 第 185 行.
NOTIC: [8] Undefined variable: nav /Applications/XAMPP/xamppfiles/htdocs/yoyo/Runtime/Cache/Core/4ec9e90e742e78571a1db70e3c92ab19.php 第 185 行.
SQL: SHOW COLUMNS FROM `ocenter_auth_rule` [ RunTime:0.011093s ]
SQL: SELECT * FROM `ocenter_auth_rule` WHERE `name` = 'Core/Admin/View' AND `status` = 1 LIMIT 1   [ RunTime:0.000522s ]
SQL: SELECT `value` FROM `ocenter_config` WHERE `name` = '_CONFIG_JUMP_BACKGROUND' LIMIT 1   [ RunTime:0.000304s ]
SQL: SELECT `type`,`name`,`value` FROM `ocenter_config` WHERE `status` = 1  [ RunTime:0.000339s ]
NOTIC: [8] Undefined variable: token /Applications/XAMPP/xamppfiles/htdocs/yoyo/Application/Common/Model/ModuleModel.class.php 第 242 行.
NOTIC: [8] Undefined variable: res /Applications/XAMPP/xamppfiles/htdocs/yoyo/Application/Common/Common/role.php 第 147 行.
INFO: [ action_begin ] --START--
INFO: Run Common\Behavior\InitModuleInfoBehavior [ RunTime:0.000007s ]
INFO: [ action_begin ] --END-- [ RunTime:-0.177487s ]
NOTIC: [2] Missing argument 1 for Common\Widget\SuperLinksWidget::superLinks() /Applications/XAMPP/xamppfiles/htdocs/yoyo/Application/Common/Widget/SuperLinksWidget.class.php 第 15 行.
SQL: SHOW COLUMNS FROM `ocenter_super_links` [ RunTime:0.003358s ]
SQL: SELECT * FROM `ocenter_super_links` WHERE ( status = 1 ) ORDER BY level desc,id asc  [ RunTime:0.000221s ]
NOTIC: [2] Invalid argument supplied for foreach() /Applications/XAMPP/xamppfiles/htdocs/yoyo/Application/Common/Model/SuperLinksModel.class.php 第 37 行.
NOTIC: [8] Undefined variable: data /Applications/XAMPP/xamppfiles/htdocs/yoyo/Application/Common/Model/SuperLinksModel.class.php 第 48 行.
NOTIC: [8] Undefined variable: param /Applications/XAMPP/xamppfiles/htdocs/yoyo/Application/Common/Widget/SuperLinksWidget.class.php 第 19 行.
INFO: [ view_parse ] --START--
INFO: [ template_filter ] --START--
INFO: Run Behavior\ContentReplaceBehavior [ RunTime:0.000037s ]
INFO: [ template_filter ] --END-- [ RunTime:-0.046204s ]
INFO: Run Behavior\ParseTemplateBehavior [ RunTime:0.003194s ]
INFO: [ view_parse ] --END-- [ RunTime:0.003248s ]
INFO: [ view_filter ] --START--
INFO: Run Behavior\WriteHtmlCacheBehavior [ RunTime:0.000121s ]
INFO: [ view_filter ] --END-- [ RunTime:0.000146s ]
SQL: SELECT `value` FROM `ocenter_config` WHERE `name` = '_CONFIG_QRCODE_BOTTOM' LIMIT 1   [ RunTime:0.000378s ]
NOTIC: [8] Undefined variable: site /Applications/XAMPP/xamppfiles/htdocs/yoyo/Runtime/Cache/Core/4ec9e90e742e78571a1db70e3c92ab19.php 第 518 行.
INFO: [ pageFooter ] --START--
INFO: Run Addons\SuperLinks\SuperLinksAddon [ RunTime:0.000709s ]
INFO: [ pageFooter ] --END-- [ RunTime:0.000764s ]
SQL: SELECT `type`,`name`,`value` FROM `ocenter_config` WHERE `status` = 1  [ RunTime:0.000533s ]
NOTIC: [8] Undefined variable: token /Applications/XAMPP/xamppfiles/htdocs/yoyo/Application/Common/Model/ModuleModel.class.php 第 242 行.
NOTIC: [8] Undefined variable: res /Applications/XAMPP/xamppfiles/htdocs/yoyo/Application/Common/Common/role.php 第 147 行.
INFO: [ action_begin ] --START--
INFO: Run Common\Behavior\InitModuleInfoBehavior [ RunTime:0.000007s ]
INFO: [ action_begin ] --END-- [ RunTime:-0.188948s ]
SQL: SELECT `type`,`name`,`value` FROM `ocenter_config` WHERE `status` = 1  [ RunTime:0.000514s ]
NOTIC: [8] Undefined variable: token /Applications/XAMPP/xamppfiles/htdocs/yoyo/Application/Common/Model/ModuleModel.class.php 第 242 行.
NOTIC: [8] Undefined variable: res /Applications/XAMPP/xamppfiles/htdocs/yoyo/Application/Common/Common/role.php 第 147 行.
INFO: [ action_begin ] --START--
INFO: Run Common\Behavior\InitModuleInfoBehavior [ RunTime:0.000008s ]
INFO: [ action_begin ] --END-- [ RunTime:-0.190709s ]
INFO: Run Behavior\ParseTemplateBehavior [ RunTime:0.008835s ]
INFO: [ view_parse ] --END-- [ RunTime:0.003248s ]
INFO: [ view_filter ] --START--
INFO: Run Behavior\WriteHtmlCacheBehavior [ RunTime:0.000007s ]
INFO: [ view_filter ] --END-- [ RunTime:-0.005460s ]

