[ 2017-11-13T00:38:57+08:00 ] 127.0.0.1 /yoyo/core/public/firstuserrun/time/1510504737/token/3f91cfe23eb260aeeeb30562881016ca.html
INFO: [ app_init ] --START--
INFO: Run Behavior\BuildLiteBehavior [ RunTime:0.000014s ]
INFO: Run Common\Behavior\InitHookBehavior [ RunTime:0.001256s ]
INFO: [ app_init ] --END-- [ RunTime:0.002669s ]
NOTIC: [8] Undefined index: HTTP_USER_AGENT /Applications/XAMPP/xamppfiles/htdocs/yoyo/Application/Common/Common/function.php 第 1780 行.
NOTIC: [8] Undefined index: HTTP_USER_AGENT /Applications/XAMPP/xamppfiles/htdocs/yoyo/Application/Common/Common/function.php 第 1780 行.
NOTIC: [8] Undefined index: router /Applications/XAMPP/xamppfiles/htdocs/yoyo/Application/Common/Common/function.php 第 1936 行.
NOTIC: [8] Undefined index: router /Applications/XAMPP/xamppfiles/htdocs/yoyo/Application/Common/Common/function.php 第 1936 行.
NOTIC: [8] Undefined index: HTTP_USER_AGENT /Applications/XAMPP/xamppfiles/htdocs/yoyo/Application/Common/Common/function.php 第 1780 行.
NOTIC: [8] Undefined index: HTTP_USER_AGENT /Applications/XAMPP/xamppfiles/htdocs/yoyo/Application/Common/Common/function.php 第 1780 行.
NOTIC: [8] Undefined index: router /Applications/XAMPP/xamppfiles/htdocs/yoyo/Application/Common/Common/function.php 第 1936 行.
NOTIC: [8] Undefined index: router /Applications/XAMPP/xamppfiles/htdocs/yoyo/Application/Common/Common/function.php 第 1936 行.
NOTIC: [8] Undefined index: router /Applications/XAMPP/xamppfiles/htdocs/yoyo/Application/Common/Common/function.php 第 1936 行.
NOTIC: [8] Undefined index: router /Applications/XAMPP/xamppfiles/htdocs/yoyo/Application/Common/Common/function.php 第 1936 行.
NOTIC: [8] Undefined index: HTTP_USER_AGENT /Applications/XAMPP/xamppfiles/htdocs/yoyo/Application/Common/Common/function.php 第 1780 行.
NOTIC: [8] Undefined index: HTTP_USER_AGENT /Applications/XAMPP/xamppfiles/htdocs/yoyo/Application/Common/Common/function.php 第 1780 行.
NOTIC: [8] Undefined index: HTTP_USER_AGENT /Applications/XAMPP/xamppfiles/htdocs/yoyo/Application/Common/Common/function.php 第 1780 行.
NOTIC: [8] Undefined index: HTTP_USER_AGENT /Applications/XAMPP/xamppfiles/htdocs/yoyo/Application/Common/Common/function.php 第 1780 行.
NOTIC: [8] Undefined index: HTTP_USER_AGENT /Applications/XAMPP/xamppfiles/htdocs/yoyo/Application/Common/Common/function.php 第 1780 行.
NOTIC: [8] Undefined index: HTTP_USER_AGENT /Applications/XAMPP/xamppfiles/htdocs/yoyo/Application/Common/Common/function.php 第 1780 行.
NOTIC: [8] Undefined index: HTTP_USER_AGENT /Applications/XAMPP/xamppfiles/htdocs/yoyo/Application/Common/Common/function.php 第 1780 行.
NOTIC: [8] Undefined index: HTTP_USER_AGENT /Applications/XAMPP/xamppfiles/htdocs/yoyo/Application/Common/Common/function.php 第 1780 行.
NOTIC: [8] Undefined index: HTTP_USER_AGENT /Applications/XAMPP/xamppfiles/htdocs/yoyo/Application/Common/Common/function.php 第 1780 行.
NOTIC: [8] Undefined index: HTTP_USER_AGENT /Applications/XAMPP/xamppfiles/htdocs/yoyo/Application/Common/Common/function.php 第 1780 行.
NOTIC: [8] Undefined index: HTTP_USER_AGENT /Applications/XAMPP/xamppfiles/htdocs/yoyo/Application/Common/Common/function.php 第 1780 行.
SQL: SHOW COLUMNS FROM `ocenter_config` [ RunTime:0.002272s ]
SQL: SELECT `type`,`name`,`value` FROM `ocenter_config` WHERE `status` = 1  [ RunTime:0.000409s ]
INFO: [ app_begin ] --START--
INFO: Run Behavior\ReadHtmlCacheBehavior [ RunTime:0.000441s ]
INFO: Run Behavior\CheckLangBehavior [ RunTime:0.014227s ]
INFO: [ app_begin ] --END-- [ RunTime:0.014767s ]
NOTIC: [8192] mysql_connect(): The mysql extension is deprecated and will be removed in the future: use mysqli or PDO instead /Applications/XAMPP/xamppfiles/htdocs/yoyo/ThinkPHP/Library/Think/Session/Driver/Db.class.php 第 95 行.
SQL: SHOW COLUMNS FROM `ocenter_module` [ RunTime:0.004639s ]
SQL: SELECT `type`,`name`,`value` FROM `ocenter_config` WHERE `status` = 1  [ RunTime:0.000379s ]
NOTIC: [8] Undefined variable: token /Applications/XAMPP/xamppfiles/htdocs/yoyo/Application/Common/Model/ModuleModel.class.php 第 242 行.
NOTIC: [8] Undefined variable: res /Applications/XAMPP/xamppfiles/htdocs/yoyo/Application/Common/Common/role.php 第 147 行.
INFO: [ action_begin ] --START--
INFO: Run Common\Behavior\InitModuleInfoBehavior [ RunTime:0.000149s ]
INFO: [ action_begin ] --END-- [ RunTime:0.000184s ]
SQL: REPLACE INTO `ocenter_config` (`name`,`type`,`title`,`group`,`extra`,`remark`,`create_time`,`update_time`,`status`,`value`,`sort`) VALUES ('_CONFIG_FIRST_USER_RUN',0,'',0,'','',1510504737,1510504737,1,'2017-11-13',0) [ RunTime:0.003842s ]
NOTIC: [2] unlink(./Runtime/Temp/02e1f2a7f69b0087bd2c92f0e04f9583.php): No such file or directory /Applications/XAMPP/xamppfiles/htdocs/yoyo/ThinkPHP/Library/Think/Cache/Driver/File.class.php 第 157 行.
SQL: SHOW COLUMNS FROM `ocenter_schedule` [ RunTime:0.017714s ]
SQL: SHOW COLUMNS FROM `ocenter_count_lost` [ RunTime:0.002632s ]
SQL: SHOW COLUMNS FROM `ocenter_count_remain` [ RunTime:0.004040s ]
SQL: SHOW COLUMNS FROM `ocenter_count_consumption` [ RunTime:0.005984s ]
ERR: 1146:Table 'yoyobit.ocenter_count_consumption' doesn't exist
 [ SQL语句 ] : SHOW COLUMNS FROM `ocenter_count_consumption`
SQL: SHOW COLUMNS FROM `ocenter_count_active` [ RunTime:0.006064s ]
SQL: SHOW COLUMNS FROM `ocenter_count` [ RunTime:0.001912s ]
ERR: 1146:Table 'yoyobit.ocenter_count' doesn't exist
 [ SQL语句 ] : SHOW COLUMNS FROM `ocenter_count`
SQL: SELECT * FROM `ocenter_count_lost` WHERE `date` = 1510416000 LIMIT 1   [ RunTime:0.002890s ]
SQL: SHOW COLUMNS FROM `ocenter_member` [ RunTime:0.007184s ]
SQL: SELECT COUNT(*) AS tp_count FROM `ocenter_member` WHERE `status` = 1 LIMIT 1   [ RunTime:0.004419s ]
SQL: SELECT COUNT(*) AS tp_count FROM `ocenter_member` WHERE `status` = 1 AND `last_login_time` < 1507910400 LIMIT 1   [ RunTime:0.000929s ]
SQL: SELECT * FROM `ocenter_count_lost` WHERE `date` = 1510329600 LIMIT 1   [ RunTime:0.000345s ]
SQL: INSERT INTO `ocenter_count_lost` (`new_lost`,`date`,`user_num`,`lost_num`,`rate`,`create_time`) VALUES (0,1510416000,2,0,0,1510504737) [ RunTime:0.000404s ]
SQL: SELECT * FROM `ocenter_count_remain` WHERE `date` = 1510329600 LIMIT 1   [ RunTime:0.000158s ]
SQL: SELECT `uid` FROM `ocenter_member` WHERE `reg_time` BETWEEN 1510329600 AND 1510415999 AND `status` = 1  [ RunTime:0.000941s ]
NOTIC: [2] array_column() expects parameter 1 to be array, null given /Applications/XAMPP/xamppfiles/htdocs/yoyo/Application/Admin/Model/CountModel.class.php 第 116 行.
SQL: INSERT INTO `ocenter_count_remain` (`reg_num`,`date`,`day1_num`) VALUES (0,1510329600,0) [ RunTime:0.000858s ]
SQL: SELECT * FROM `ocenter_count_remain` WHERE `date` = 1510243200 LIMIT 1   [ RunTime:0.000217s ]
SQL: SELECT `uid` FROM `ocenter_member` WHERE `reg_time` BETWEEN 1510243200 AND 1510329599 AND `status` = 1  [ RunTime:0.000270s ]
NOTIC: [2] array_column() expects parameter 1 to be array, null given /Applications/XAMPP/xamppfiles/htdocs/yoyo/Application/Admin/Model/CountModel.class.php 第 116 行.
SQL: UPDATE `ocenter_count_remain` SET `date`=1510243200,`day1_num`=0,`day2_num`=0,`day3_num`=0,`day4_num`=0,`day5_num`=0,`day6_num`=0,`day7_num`=0,`day8_num`=0,`reg_num`=0 WHERE `id` = 15 [ RunTime:0.001500s ]
SQL: SELECT * FROM `ocenter_count_remain` WHERE `date` = 1510156800 LIMIT 1   [ RunTime:0.000218s ]
SQL: SELECT `uid` FROM `ocenter_member` WHERE `reg_time` BETWEEN 1510156800 AND 1510243199 AND `status` = 1  [ RunTime:0.000204s ]
NOTIC: [2] array_column() expects parameter 1 to be array, null given /Applications/XAMPP/xamppfiles/htdocs/yoyo/Application/Admin/Model/CountModel.class.php 第 116 行.
SQL: UPDATE `ocenter_count_remain` SET `date`=1510156800,`day1_num`=0,`day2_num`=0,`day3_num`=0,`day4_num`=0,`day5_num`=0,`day6_num`=0,`day7_num`=0,`day8_num`=0,`reg_num`=0 WHERE `id` = 14 [ RunTime:0.000225s ]
SQL: SELECT * FROM `ocenter_count_remain` WHERE `date` = 1510070400 LIMIT 1   [ RunTime:0.000197s ]
SQL: SELECT `uid` FROM `ocenter_member` WHERE `reg_time` BETWEEN 1510070400 AND 1510156799 AND `status` = 1  [ RunTime:0.000304s ]
NOTIC: [2] array_column() expects parameter 1 to be array, null given /Applications/XAMPP/xamppfiles/htdocs/yoyo/Application/Admin/Model/CountModel.class.php 第 116 行.
SQL: UPDATE `ocenter_count_remain` SET `date`=1510070400,`day1_num`=0,`day2_num`=0,`day3_num`=0,`day4_num`=0,`day5_num`=0,`day6_num`=0,`day7_num`=0,`day8_num`=0,`reg_num`=0 WHERE `id` = 13 [ RunTime:0.000217s ]
SQL: SELECT * FROM `ocenter_count_remain` WHERE `date` = 1509984000 LIMIT 1   [ RunTime:0.000233s ]
SQL: SELECT `uid` FROM `ocenter_member` WHERE `reg_time` BETWEEN 1509984000 AND 1510070399 AND `status` = 1  [ RunTime:0.000217s ]
NOTIC: [2] array_column() expects parameter 1 to be array, null given /Applications/XAMPP/xamppfiles/htdocs/yoyo/Application/Admin/Model/CountModel.class.php 第 116 行.
SQL: UPDATE `ocenter_count_remain` SET `date`=1509984000,`day1_num`=0,`day2_num`=0,`day3_num`=0,`day4_num`=0,`day5_num`=0,`day6_num`=0,`day7_num`=0,`day8_num`=0,`reg_num`=0 WHERE `id` = 12 [ RunTime:0.000242s ]
SQL: SELECT * FROM `ocenter_count_remain` WHERE `date` = 1509897600 LIMIT 1   [ RunTime:0.000181s ]
SQL: SELECT `uid` FROM `ocenter_member` WHERE `reg_time` BETWEEN 1509897600 AND 1509983999 AND `status` = 1  [ RunTime:0.000188s ]
NOTIC: [2] array_column() expects parameter 1 to be array, null given /Applications/XAMPP/xamppfiles/htdocs/yoyo/Application/Admin/Model/CountModel.class.php 第 116 行.
SQL: UPDATE `ocenter_count_remain` SET `date`=1509897600,`day1_num`=0,`day2_num`=0,`day3_num`=0,`day4_num`=0,`day5_num`=0,`day6_num`=0,`day7_num`=0,`day8_num`=0,`reg_num`=0 WHERE `id` = 11 [ RunTime:0.000238s ]
SQL: SELECT * FROM `ocenter_count_remain` WHERE `date` = 1509811200 LIMIT 1   [ RunTime:0.000368s ]
SQL: SELECT `uid` FROM `ocenter_member` WHERE `reg_time` BETWEEN 1509811200 AND 1509897599 AND `status` = 1  [ RunTime:0.000232s ]
SQL: SHOW COLUMNS FROM `ocenter_action` [ RunTime:0.001874s ]
SQL: SELECT `id` FROM `ocenter_action` WHERE `name` = 'user_login' AND `status` = 1 LIMIT 1   [ RunTime:0.001116s ]
NOTIC: [2] unlink(./Runtime/Temp/61edfffb13c684c6bb1ab9e1b115a222.php): No such file or directory /Applications/XAMPP/xamppfiles/htdocs/yoyo/ThinkPHP/Library/Think/Cache/Driver/File.class.php 第 157 行.
NOTIC: [2] unlink(./Runtime/Temp/63eb52e8366b75f130778e1218357b7f.php): No such file or directory /Applications/XAMPP/xamppfiles/htdocs/yoyo/ThinkPHP/Library/Think/Cache/Driver/File.class.php 第 157 行.
SQL: SHOW COLUMNS FROM `ocenter_action_log` [ RunTime:0.004751s ]
SQL: SELECT `user_id` FROM `ocenter_action_log` WHERE `action_id` = null AND `user_id` IN ('152') AND `create_time` BETWEEN 1510416000 AND 1510502399  [ RunTime:0.001522s ]
NOTIC: [2] array_column() expects parameter 1 to be array, null given /Applications/XAMPP/xamppfiles/htdocs/yoyo/Application/Admin/Model/CountModel.class.php 第 134 行.
NOTIC: [2] array_unique() expects parameter 1 to be array, null given /Applications/XAMPP/xamppfiles/htdocs/yoyo/Application/Admin/Model/CountModel.class.php 第 135 行.
SQL: UPDATE `ocenter_count_remain` SET `date`=1509811200,`day1_num`=0,`day2_num`=0,`day3_num`=0,`day4_num`=0,`day5_num`=0,`day6_num`=0,`day7_num`=0,`day8_num`=0,`reg_num`=1 WHERE `id` = 10 [ RunTime:0.000229s ]
SQL: SELECT * FROM `ocenter_count_remain` WHERE `date` = 1509724800 LIMIT 1   [ RunTime:0.000189s ]
SQL: SELECT `uid` FROM `ocenter_member` WHERE `reg_time` BETWEEN 1509724800 AND 1509811199 AND `status` = 1  [ RunTime:0.000236s ]
NOTIC: [2] array_column() expects parameter 1 to be array, null given /Applications/XAMPP/xamppfiles/htdocs/yoyo/Application/Admin/Model/CountModel.class.php 第 116 行.
SQL: UPDATE `ocenter_count_remain` SET `date`=1509724800,`day1_num`=0,`day2_num`=0,`day3_num`=0,`day4_num`=0,`day5_num`=0,`day6_num`=0,`day7_num`=0,`day8_num`=0,`reg_num`=0 WHERE `id` = 9 [ RunTime:0.000210s ]
SQL: SELECT COUNT(*) AS tp_count FROM `ocenter_member` WHERE `status` = 1 LIMIT 1   [ RunTime:0.000195s ]
SQL: SELECT `user_id` FROM `ocenter_action_log` WHERE `action_id` = 3 AND `create_time` BETWEEN 1510416000 AND 1510502399  [ RunTime:0.000176s ]
NOTIC: [2] array_column() expects parameter 1 to be array, null given /Applications/XAMPP/xamppfiles/htdocs/yoyo/Application/Admin/Model/CountModel.class.php 第 200 行.
NOTIC: [2] array_unique() expects parameter 1 to be array, null given /Applications/XAMPP/xamppfiles/htdocs/yoyo/Application/Admin/Model/CountModel.class.php 第 201 行.
SQL: INSERT INTO `ocenter_count_active` (`num`,`type`,`date`) VALUES (0,'day',1510416000) [ RunTime:0.000431s ]
SQL: SELECT * FROM `ocenter_count_consumption` WHERE `date` = 1510416000 LIMIT 1   [ RunTime:0.000151s ]
ERR: 1146:Table 'yoyobit.ocenter_count_consumption' doesn't exist
 [ SQL语句 ] : SELECT * FROM `ocenter_count_consumption` WHERE `date` = 1510416000 LIMIT 1  
SQL: SHOW COLUMNS FROM `ocenter_pingxx_charge` [ RunTime:0.001793s ]
ERR: 1146:Table 'yoyobit.ocenter_pingxx_charge' doesn't exist
 [ SQL语句 ] : SHOW COLUMNS FROM `ocenter_pingxx_charge`
SQL: SHOW COLUMNS FROM `ocenter_recharge_record_alipay` [ RunTime:0.001280s ]
ERR: 1146:Table 'yoyobit.ocenter_recharge_record_alipay' doesn't exist
 [ SQL语句 ] : SHOW COLUMNS FROM `ocenter_recharge_record_alipay`
SQL: SHOW COLUMNS FROM `ocenter_order_link` [ RunTime:0.001135s ]
ERR: 1146:Table 'yoyobit.ocenter_order_link' doesn't exist
 [ SQL语句 ] : SHOW COLUMNS FROM `ocenter_order_link`
SQL: SELECT * FROM `ocenter_pingxx_charge` WHERE `time_paid` BETWEEN 1510416000 AND 1510502399 AND `paid` = 1  [ RunTime:0.000159s ]
ERR: 1146:Table 'yoyobit.ocenter_pingxx_charge' doesn't exist
 [ SQL语句 ] : SELECT * FROM `ocenter_pingxx_charge` WHERE `time_paid` BETWEEN 1510416000 AND 1510502399 AND `paid` = 1 
SQL: SELECT * FROM `ocenter_recharge_record_alipay` WHERE `notify_time` BETWEEN 1510416000 AND 1510502399 AND `trade_status` IN ('TRADE_SUCCESS','TRADE_FINISHED')  [ RunTime:0.000137s ]
ERR: 1146:Table 'yoyobit.ocenter_recharge_record_alipay' doesn't exist
 [ SQL语句 ] : SELECT * FROM `ocenter_recharge_record_alipay` WHERE `notify_time` BETWEEN 1510416000 AND 1510502399 AND `trade_status` IN ('TRADE_SUCCESS','TRADE_FINISHED') 
NOTIC: [2] Invalid argument supplied for foreach() /Applications/XAMPP/xamppfiles/htdocs/yoyo/Application/Admin/Model/CountModel.class.php 第 292 行.
NOTIC: [2] Invalid argument supplied for foreach() /Applications/XAMPP/xamppfiles/htdocs/yoyo/Application/Admin/Model/CountModel.class.php 第 297 行.
SQL: INSERT INTO `ocenter_count_consumption` (`date`,`total_fee`,`user_num`) VALUES (1510416000,'0.00',0) [ RunTime:0.000134s ]
ERR: 1146:Table 'yoyobit.ocenter_count_consumption' doesn't exist
 [ SQL语句 ] : INSERT INTO `ocenter_count_consumption` (`date`,`total_fee`,`user_num`) VALUES (1510416000,'0.00',0)
SQL: SHOW COLUMNS FROM `ocenter_checkin` [ RunTime:0.004545s ]
SQL: SHOW COLUMNS FROM `ocenter_member` [ RunTime:0.003956s ]
SQL: SELECT `uid` FROM `ocenter_member` WHERE `con_check` > 0  [ RunTime:0.000231s ]
NOTIC: [2] Invalid argument supplied for foreach() /Applications/XAMPP/xamppfiles/htdocs/yoyo/Addons/CheckIn/Model/CheckInModel.class.php 第 37 行.
SQL: SELECT `type`,`name`,`value` FROM `ocenter_config` WHERE `status` = 1  [ RunTime:0.000383s ]
NOTIC: [8] Undefined variable: token /Applications/XAMPP/xamppfiles/htdocs/yoyo/Application/Common/Model/ModuleModel.class.php 第 242 行.
NOTIC: [8] Undefined variable: res /Applications/XAMPP/xamppfiles/htdocs/yoyo/Application/Common/Common/role.php 第 147 行.
INFO: [ action_begin ] --START--
INFO: Run Common\Behavior\InitModuleInfoBehavior [ RunTime:0.000006s ]
INFO: [ action_begin ] --END-- [ RunTime:-0.133294s ]
SQL: SELECT COUNT(id) AS tp_count FROM `ocenter_action_log` LIMIT 1   [ RunTime:0.000198s ]
SQL: SHOW COLUMNS FROM `ocenter_score_log` [ RunTime:0.007524s ]
SQL: SELECT COUNT(id) AS tp_count FROM `ocenter_score_log` LIMIT 1   [ RunTime:0.000217s ]
SQL: SELECT `type`,`name`,`value` FROM `ocenter_config` WHERE `status` = 1  [ RunTime:0.000387s ]
NOTIC: [8] Undefined variable: token /Applications/XAMPP/xamppfiles/htdocs/yoyo/Application/Common/Model/ModuleModel.class.php 第 242 行.
NOTIC: [8] Undefined variable: res /Applications/XAMPP/xamppfiles/htdocs/yoyo/Application/Common/Common/role.php 第 147 行.
INFO: [ action_begin ] --START--
INFO: Run Common\Behavior\InitModuleInfoBehavior [ RunTime:0.000006s ]
INFO: [ action_begin ] --END-- [ RunTime:-0.147739s ]
NOTIC: [8] Undefined index: uid /Applications/XAMPP/xamppfiles/htdocs/yoyo/Application/Ucenter/Controller/BaseController.class.php 第 17 行.
INFO: [ view_parse ] --START--
INFO: [ template_filter ] --START--
INFO: Run Behavior\ContentReplaceBehavior [ RunTime:0.000240s ]
INFO: [ template_filter ] --END-- [ RunTime:0.000285s ]
INFO: [ syncMeta ] --START--
INFO: Run Addons\SyncLogin\SyncLoginAddon [ RunTime:0.007183s ]
INFO: [ syncMeta ] --END-- [ RunTime:0.007245s ]
NOTIC: [8] Undefined variable: seo /Applications/XAMPP/xamppfiles/htdocs/yoyo/Runtime/Cache/Core/4ec9e90e742e78571a1db70e3c92ab19.php 第 9 行.
SQL: SHOW COLUMNS FROM `ocenter_seo_rule` [ RunTime:0.002585s ]
SQL: SELECT `type`,`name`,`value` FROM `ocenter_config` WHERE `status` = 1  [ RunTime:0.000375s ]
SQL: SHOW COLUMNS FROM `ocenter_pushing` [ RunTime:0.002908s ]
ERR: 1146:Table 'yoyobit.ocenter_pushing' doesn't exist
 [ SQL语句 ] : SHOW COLUMNS FROM `ocenter_pushing`
SQL: SHOW COLUMNS FROM `ocenter_member` [ RunTime:0.003582s ]
NOTIC: [8] Undefined offset: 1 /Applications/XAMPP/xamppfiles/htdocs/yoyo/Application/Common/Model/MemberModel.class.php 第 267 行.
SQL: SHOW COLUMNS FROM `ocenter_user_token` [ RunTime:0.005876s ]
SQL: SELECT * FROM `ocenter_user_token` WHERE `uid` = null LIMIT 1   [ RunTime:0.000210s ]
NOTIC: [8] Undefined variable: nav /Applications/XAMPP/xamppfiles/htdocs/yoyo/Runtime/Cache/Core/4ec9e90e742e78571a1db70e3c92ab19.php 第 151 行.
NOTIC: [8] Undefined variable: nav /Applications/XAMPP/xamppfiles/htdocs/yoyo/Runtime/Cache/Core/4ec9e90e742e78571a1db70e3c92ab19.php 第 181 行.
NOTIC: [8] Undefined variable: nav /Applications/XAMPP/xamppfiles/htdocs/yoyo/Runtime/Cache/Core/4ec9e90e742e78571a1db70e3c92ab19.php 第 182 行.
NOTIC: [8] Undefined variable: nav /Applications/XAMPP/xamppfiles/htdocs/yoyo/Runtime/Cache/Core/4ec9e90e742e78571a1db70e3c92ab19.php 第 182 行.
NOTIC: [8] Undefined variable: nav /Applications/XAMPP/xamppfiles/htdocs/yoyo/Runtime/Cache/Core/4ec9e90e742e78571a1db70e3c92ab19.php 第 182 行.
NOTIC: [8] Undefined variable: nav /Applications/XAMPP/xamppfiles/htdocs/yoyo/Runtime/Cache/Core/4ec9e90e742e78571a1db70e3c92ab19.php 第 183 行.
NOTIC: [8] Undefined variable: nav /Applications/XAMPP/xamppfiles/htdocs/yoyo/Runtime/Cache/Core/4ec9e90e742e78571a1db70e3c92ab19.php 第 184 行.
NOTIC: [8] Undefined variable: nav /Applications/XAMPP/xamppfiles/htdocs/yoyo/Runtime/Cache/Core/4ec9e90e742e78571a1db70e3c92ab19.php 第 185 行.
NOTIC: [8] Undefined variable: nav /Applications/XAMPP/xamppfiles/htdocs/yoyo/Runtime/Cache/Core/4ec9e90e742e78571a1db70e3c92ab19.php 第 185 行.
NOTIC: [8] Undefined variable: nav /Applications/XAMPP/xamppfiles/htdocs/yoyo/Runtime/Cache/Core/4ec9e90e742e78571a1db70e3c92ab19.php 第 185 行.
SQL: SHOW COLUMNS FROM `ocenter_auth_rule` [ RunTime:0.005780s ]
SQL: SELECT * FROM `ocenter_auth_rule` WHERE `name` = 'Core/Admin/View' AND `status` = 1 LIMIT 1   [ RunTime:0.001741s ]
SQL: SELECT `value` FROM `ocenter_config` WHERE `name` = '_CONFIG_JUMP_BACKGROUND' LIMIT 1   [ RunTime:0.000238s ]
NOTIC: [8] Undefined variable: site /Applications/XAMPP/xamppfiles/htdocs/yoyo/Runtime/Cache/Core/4ec9e90e742e78571a1db70e3c92ab19.php 第 540 行.
INFO: [ pageFooter ] --START--
INFO: Run Addons\SuperLinks\SuperLinksAddon [ RunTime:0.000794s ]
INFO: [ pageFooter ] --END-- [ RunTime:0.000833s ]
SQL: SELECT `type`,`name`,`value` FROM `ocenter_config` WHERE `status` = 1  [ RunTime:0.000392s ]
NOTIC: [8] Undefined variable: token /Applications/XAMPP/xamppfiles/htdocs/yoyo/Application/Common/Model/ModuleModel.class.php 第 242 行.
NOTIC: [8] Undefined variable: res /Applications/XAMPP/xamppfiles/htdocs/yoyo/Application/Common/Common/role.php 第 147 行.
INFO: [ action_begin ] --START--
INFO: Run Common\Behavior\InitModuleInfoBehavior [ RunTime:0.000006s ]
INFO: [ action_begin ] --END-- [ RunTime:-0.251282s ]
SQL: SELECT `type`,`name`,`value` FROM `ocenter_config` WHERE `status` = 1  [ RunTime:0.000633s ]
NOTIC: [8] Undefined variable: token /Applications/XAMPP/xamppfiles/htdocs/yoyo/Application/Common/Model/ModuleModel.class.php 第 242 行.
NOTIC: [8] Undefined variable: res /Applications/XAMPP/xamppfiles/htdocs/yoyo/Application/Common/Common/role.php 第 147 行.
INFO: [ action_begin ] --START--
INFO: Run Common\Behavior\InitModuleInfoBehavior [ RunTime:0.000009s ]
INFO: [ action_begin ] --END-- [ RunTime:-0.255980s ]
INFO: Run Behavior\ParseTemplateBehavior [ RunTime:0.107088s ]
INFO: [ view_parse ] --END-- [ RunTime:0.107128s ]
INFO: [ view_filter ] --START--
INFO: Run Behavior\WriteHtmlCacheBehavior [ RunTime:0.001260s ]
INFO: [ view_filter ] --END-- [ RunTime:0.001303s ]

[ 2017-11-13T08:39:35+08:00 ] 127.0.0.1 /yoyo/core/public/atwhojson.html
INFO: [ app_init ] --START--
INFO: Run Behavior\BuildLiteBehavior [ RunTime:0.000010s ]
INFO: Run Common\Behavior\InitHookBehavior [ RunTime:0.001535s ]
INFO: [ app_init ] --END-- [ RunTime:0.001642s ]
NOTIC: [8] Undefined index: router /Applications/XAMPP/xamppfiles/htdocs/yoyo/Application/Common/Common/function.php 第 1936 行.
NOTIC: [8] Undefined index: router /Applications/XAMPP/xamppfiles/htdocs/yoyo/Application/Common/Common/function.php 第 1936 行.
NOTIC: [8] Undefined index: router /Applications/XAMPP/xamppfiles/htdocs/yoyo/Application/Common/Common/function.php 第 1936 行.
NOTIC: [8] Undefined index: router /Applications/XAMPP/xamppfiles/htdocs/yoyo/Application/Common/Common/function.php 第 1936 行.
NOTIC: [8] Undefined index: router /Applications/XAMPP/xamppfiles/htdocs/yoyo/Application/Common/Common/function.php 第 1936 行.
NOTIC: [8] Undefined index: router /Applications/XAMPP/xamppfiles/htdocs/yoyo/Application/Common/Common/function.php 第 1936 行.
SQL: SHOW COLUMNS FROM `ocenter_config` [ RunTime:0.005556s ]
SQL: SELECT `type`,`name`,`value` FROM `ocenter_config` WHERE `status` = 1  [ RunTime:0.001123s ]
INFO: [ app_begin ] --START--
INFO: Run Behavior\ReadHtmlCacheBehavior [ RunTime:0.000444s ]
INFO: Run Behavior\CheckLangBehavior [ RunTime:0.025274s ]
INFO: [ app_begin ] --END-- [ RunTime:0.025818s ]
NOTIC: [8192] mysql_connect(): The mysql extension is deprecated and will be removed in the future: use mysqli or PDO instead /Applications/XAMPP/xamppfiles/htdocs/yoyo/ThinkPHP/Library/Think/Session/Driver/Db.class.php 第 95 行.
SQL: SHOW COLUMNS FROM `ocenter_module` [ RunTime:0.005208s ]
SQL: SELECT `type`,`name`,`value` FROM `ocenter_config` WHERE `status` = 1  [ RunTime:0.000409s ]
NOTIC: [8] Undefined variable: token /Applications/XAMPP/xamppfiles/htdocs/yoyo/Application/Common/Model/ModuleModel.class.php 第 242 行.
NOTIC: [8] Undefined variable: res /Applications/XAMPP/xamppfiles/htdocs/yoyo/Application/Common/Common/role.php 第 147 行.
INFO: [ action_begin ] --START--
INFO: Run Common\Behavior\InitModuleInfoBehavior [ RunTime:0.000154s ]
INFO: [ action_begin ] --END-- [ RunTime:0.000192s ]
SQL: SHOW COLUMNS FROM `ocenter_follow` [ RunTime:0.002437s ]
SQL: SELECT * FROM `ocenter_follow` WHERE `who_follow` = 0 OR `follow_who` = 0  [ RunTime:0.000276s ]
NOTIC: [2] Invalid argument supplied for foreach() /Applications/XAMPP/xamppfiles/htdocs/yoyo/Application/Core/Controller/PublicController.class.php 第 103 行.

[ 2017-11-13T08:39:42+08:00 ] 127.0.0.1 /yoyo/core/public/atwhojson.html
INFO: [ app_init ] --START--
INFO: Run Behavior\BuildLiteBehavior [ RunTime:0.000014s ]
INFO: Run Common\Behavior\InitHookBehavior [ RunTime:0.001281s ]
INFO: [ app_init ] --END-- [ RunTime:0.001384s ]
NOTIC: [8] Undefined index: router /Applications/XAMPP/xamppfiles/htdocs/yoyo/Application/Common/Common/function.php 第 1936 行.
NOTIC: [8] Undefined index: router /Applications/XAMPP/xamppfiles/htdocs/yoyo/Application/Common/Common/function.php 第 1936 行.
NOTIC: [8] Undefined index: router /Applications/XAMPP/xamppfiles/htdocs/yoyo/Application/Common/Common/function.php 第 1936 行.
NOTIC: [8] Undefined index: router /Applications/XAMPP/xamppfiles/htdocs/yoyo/Application/Common/Common/function.php 第 1936 行.
NOTIC: [8] Undefined index: router /Applications/XAMPP/xamppfiles/htdocs/yoyo/Application/Common/Common/function.php 第 1936 行.
NOTIC: [8] Undefined index: router /Applications/XAMPP/xamppfiles/htdocs/yoyo/Application/Common/Common/function.php 第 1936 行.
SQL: SHOW COLUMNS FROM `ocenter_config` [ RunTime:0.002682s ]
SQL: SELECT `type`,`name`,`value` FROM `ocenter_config` WHERE `status` = 1  [ RunTime:0.000531s ]
INFO: [ app_begin ] --START--
INFO: Run Behavior\ReadHtmlCacheBehavior [ RunTime:0.000468s ]
INFO: Run Behavior\CheckLangBehavior [ RunTime:0.026190s ]
INFO: [ app_begin ] --END-- [ RunTime:0.026755s ]
NOTIC: [8192] mysql_connect(): The mysql extension is deprecated and will be removed in the future: use mysqli or PDO instead /Applications/XAMPP/xamppfiles/htdocs/yoyo/ThinkPHP/Library/Think/Session/Driver/Db.class.php 第 95 行.
SQL: SHOW COLUMNS FROM `ocenter_module` [ RunTime:0.004080s ]
SQL: SELECT `type`,`name`,`value` FROM `ocenter_config` WHERE `status` = 1  [ RunTime:0.000451s ]
NOTIC: [8] Undefined variable: token /Applications/XAMPP/xamppfiles/htdocs/yoyo/Application/Common/Model/ModuleModel.class.php 第 242 行.
NOTIC: [8] Undefined variable: res /Applications/XAMPP/xamppfiles/htdocs/yoyo/Application/Common/Common/role.php 第 147 行.
INFO: [ action_begin ] --START--
INFO: Run Common\Behavior\InitModuleInfoBehavior [ RunTime:0.000161s ]
INFO: [ action_begin ] --END-- [ RunTime:0.000197s ]
SQL: SHOW COLUMNS FROM `ocenter_follow` [ RunTime:0.003637s ]
SQL: SELECT * FROM `ocenter_follow` WHERE `who_follow` = 152 OR `follow_who` = 152  [ RunTime:0.000685s ]
NOTIC: [2] Invalid argument supplied for foreach() /Applications/XAMPP/xamppfiles/htdocs/yoyo/Application/Core/Controller/PublicController.class.php 第 103 行.

[ 2017-11-13T08:39:47+08:00 ] 127.0.0.1 /yoyo/core/public/atwhojson.html
INFO: [ app_init ] --START--
INFO: Run Behavior\BuildLiteBehavior [ RunTime:0.000014s ]
INFO: Run Common\Behavior\InitHookBehavior [ RunTime:0.001214s ]
INFO: [ app_init ] --END-- [ RunTime:0.001325s ]
NOTIC: [8] Undefined index: router /Applications/XAMPP/xamppfiles/htdocs/yoyo/Application/Common/Common/function.php 第 1936 行.
NOTIC: [8] Undefined index: router /Applications/XAMPP/xamppfiles/htdocs/yoyo/Application/Common/Common/function.php 第 1936 行.
NOTIC: [8] Undefined index: router /Applications/XAMPP/xamppfiles/htdocs/yoyo/Application/Common/Common/function.php 第 1936 行.
NOTIC: [8] Undefined index: router /Applications/XAMPP/xamppfiles/htdocs/yoyo/Application/Common/Common/function.php 第 1936 行.
NOTIC: [8] Undefined index: router /Applications/XAMPP/xamppfiles/htdocs/yoyo/Application/Common/Common/function.php 第 1936 行.
NOTIC: [8] Undefined index: router /Applications/XAMPP/xamppfiles/htdocs/yoyo/Application/Common/Common/function.php 第 1936 行.
SQL: SHOW COLUMNS FROM `ocenter_config` [ RunTime:0.003546s ]
SQL: SELECT `type`,`name`,`value` FROM `ocenter_config` WHERE `status` = 1  [ RunTime:0.000595s ]
INFO: [ app_begin ] --START--
INFO: Run Behavior\ReadHtmlCacheBehavior [ RunTime:0.000535s ]
INFO: Run Behavior\CheckLangBehavior [ RunTime:0.018413s ]
INFO: [ app_begin ] --END-- [ RunTime:0.019073s ]
NOTIC: [8192] mysql_connect(): The mysql extension is deprecated and will be removed in the future: use mysqli or PDO instead /Applications/XAMPP/xamppfiles/htdocs/yoyo/ThinkPHP/Library/Think/Session/Driver/Db.class.php 第 95 行.
SQL: SHOW COLUMNS FROM `ocenter_module` [ RunTime:0.004084s ]
SQL: SELECT `type`,`name`,`value` FROM `ocenter_config` WHERE `status` = 1  [ RunTime:0.000617s ]
NOTIC: [8] Undefined variable: token /Applications/XAMPP/xamppfiles/htdocs/yoyo/Application/Common/Model/ModuleModel.class.php 第 242 行.
NOTIC: [8] Undefined variable: res /Applications/XAMPP/xamppfiles/htdocs/yoyo/Application/Common/Common/role.php 第 147 行.
INFO: [ action_begin ] --START--
INFO: Run Common\Behavior\InitModuleInfoBehavior [ RunTime:0.000318s ]
INFO: [ action_begin ] --END-- [ RunTime:0.000396s ]
SQL: SHOW COLUMNS FROM `ocenter_follow` [ RunTime:0.003409s ]
SQL: SELECT * FROM `ocenter_follow` WHERE `who_follow` = 0 OR `follow_who` = 0  [ RunTime:0.000482s ]
NOTIC: [2] Invalid argument supplied for foreach() /Applications/XAMPP/xamppfiles/htdocs/yoyo/Application/Core/Controller/PublicController.class.php 第 103 行.

[ 2017-11-13T08:39:53+08:00 ] 127.0.0.1 /yoyo/core/public/atwhojson.html
INFO: [ app_init ] --START--
INFO: Run Behavior\BuildLiteBehavior [ RunTime:0.000024s ]
INFO: Run Common\Behavior\InitHookBehavior [ RunTime:0.001543s ]
INFO: [ app_init ] --END-- [ RunTime:0.001759s ]
NOTIC: [8] Undefined index: router /Applications/XAMPP/xamppfiles/htdocs/yoyo/Application/Common/Common/function.php 第 1936 行.
NOTIC: [8] Undefined index: router /Applications/XAMPP/xamppfiles/htdocs/yoyo/Application/Common/Common/function.php 第 1936 行.
NOTIC: [8] Undefined index: router /Applications/XAMPP/xamppfiles/htdocs/yoyo/Application/Common/Common/function.php 第 1936 行.
NOTIC: [8] Undefined index: router /Applications/XAMPP/xamppfiles/htdocs/yoyo/Application/Common/Common/function.php 第 1936 行.
NOTIC: [8] Undefined index: router /Applications/XAMPP/xamppfiles/htdocs/yoyo/Application/Common/Common/function.php 第 1936 行.
NOTIC: [8] Undefined index: router /Applications/XAMPP/xamppfiles/htdocs/yoyo/Application/Common/Common/function.php 第 1936 行.
SQL: SHOW COLUMNS FROM `ocenter_config` [ RunTime:0.005478s ]
SQL: SELECT `type`,`name`,`value` FROM `ocenter_config` WHERE `status` = 1  [ RunTime:0.000628s ]
INFO: [ app_begin ] --START--
INFO: Run Behavior\ReadHtmlCacheBehavior [ RunTime:0.000425s ]
INFO: Run Behavior\CheckLangBehavior [ RunTime:0.022231s ]
INFO: [ app_begin ] --END-- [ RunTime:0.022753s ]
NOTIC: [8192] mysql_connect(): The mysql extension is deprecated and will be removed in the future: use mysqli or PDO instead /Applications/XAMPP/xamppfiles/htdocs/yoyo/ThinkPHP/Library/Think/Session/Driver/Db.class.php 第 95 行.
SQL: SHOW COLUMNS FROM `ocenter_module` [ RunTime:0.004165s ]
SQL: SELECT `type`,`name`,`value` FROM `ocenter_config` WHERE `status` = 1  [ RunTime:0.000555s ]
NOTIC: [8] Undefined variable: token /Applications/XAMPP/xamppfiles/htdocs/yoyo/Application/Common/Model/ModuleModel.class.php 第 242 行.
NOTIC: [8] Undefined variable: res /Applications/XAMPP/xamppfiles/htdocs/yoyo/Application/Common/Common/role.php 第 147 行.
INFO: [ action_begin ] --START--
INFO: Run Common\Behavior\InitModuleInfoBehavior [ RunTime:0.000134s ]
INFO: [ action_begin ] --END-- [ RunTime:0.000163s ]
SQL: SHOW COLUMNS FROM `ocenter_follow` [ RunTime:0.002136s ]
SQL: SELECT * FROM `ocenter_follow` WHERE `who_follow` = 1 OR `follow_who` = 1  [ RunTime:0.000376s ]
NOTIC: [2] Invalid argument supplied for foreach() /Applications/XAMPP/xamppfiles/htdocs/yoyo/Application/Core/Controller/PublicController.class.php 第 103 行.

