[ 2017-11-15T08:40:16+08:00 ] 127.0.0.1 /yoyo/core/public/firstuserrun/time/1510706416/token/1bd93dc8db2923223e440a0d2b6df8bc.html
INFO: [ app_init ] --START--
INFO: Run Behavior\BuildLiteBehavior [ RunTime:0.000013s ]
INFO: Run Common\Behavior\InitHookBehavior [ RunTime:0.001046s ]
INFO: [ app_init ] --END-- [ RunTime:0.001141s ]
NOTIC: [8] Undefined index: HTTP_USER_AGENT /Applications/XAMPP/xamppfiles/htdocs/yoyo/Application/Common/Common/function.php 第 1780 行.
NOTIC: [8] Undefined index: HTTP_USER_AGENT /Applications/XAMPP/xamppfiles/htdocs/yoyo/Application/Common/Common/function.php 第 1780 行.
NOTIC: [8] Undefined index: router /Applications/XAMPP/xamppfiles/htdocs/yoyo/Application/Common/Common/function.php 第 1936 行.
NOTIC: [8] Undefined index: router /Applications/XAMPP/xamppfiles/htdocs/yoyo/Application/Common/Common/function.php 第 1936 行.
NOTIC: [8] Undefined index: HTTP_USER_AGENT /Applications/XAMPP/xamppfiles/htdocs/yoyo/Application/Common/Common/function.php 第 1780 行.
NOTIC: [8] Undefined index: HTTP_USER_AGENT /Applications/XAMPP/xamppfiles/htdocs/yoyo/Application/Common/Common/function.php 第 1780 行.
NOTIC: [8] Undefined index: router /Applications/XAMPP/xamppfiles/htdocs/yoyo/Application/Common/Common/function.php 第 1936 行.
NOTIC: [8] Undefined index: router /Applications/XAMPP/xamppfiles/htdocs/yoyo/Application/Common/Common/function.php 第 1936 行.
NOTIC: [8] Undefined index: router /Applications/XAMPP/xamppfiles/htdocs/yoyo/Application/Common/Common/function.php 第 1936 行.
NOTIC: [8] Undefined index: router /Applications/XAMPP/xamppfiles/htdocs/yoyo/Application/Common/Common/function.php 第 1936 行.
NOTIC: [8] Undefined index: HTTP_USER_AGENT /Applications/XAMPP/xamppfiles/htdocs/yoyo/Application/Common/Common/function.php 第 1780 行.
NOTIC: [8] Undefined index: HTTP_USER_AGENT /Applications/XAMPP/xamppfiles/htdocs/yoyo/Application/Common/Common/function.php 第 1780 行.
NOTIC: [8] Undefined index: HTTP_USER_AGENT /Applications/XAMPP/xamppfiles/htdocs/yoyo/Application/Common/Common/function.php 第 1780 行.
NOTIC: [8] Undefined index: HTTP_USER_AGENT /Applications/XAMPP/xamppfiles/htdocs/yoyo/Application/Common/Common/function.php 第 1780 行.
NOTIC: [8] Undefined index: HTTP_USER_AGENT /Applications/XAMPP/xamppfiles/htdocs/yoyo/Application/Common/Common/function.php 第 1780 行.
NOTIC: [8] Undefined index: HTTP_USER_AGENT /Applications/XAMPP/xamppfiles/htdocs/yoyo/Application/Common/Common/function.php 第 1780 行.
NOTIC: [8] Undefined index: HTTP_USER_AGENT /Applications/XAMPP/xamppfiles/htdocs/yoyo/Application/Common/Common/function.php 第 1780 行.
NOTIC: [8] Undefined index: HTTP_USER_AGENT /Applications/XAMPP/xamppfiles/htdocs/yoyo/Application/Common/Common/function.php 第 1780 行.
NOTIC: [8] Undefined index: HTTP_USER_AGENT /Applications/XAMPP/xamppfiles/htdocs/yoyo/Application/Common/Common/function.php 第 1780 行.
NOTIC: [8] Undefined index: HTTP_USER_AGENT /Applications/XAMPP/xamppfiles/htdocs/yoyo/Application/Common/Common/function.php 第 1780 行.
NOTIC: [8] Undefined index: HTTP_USER_AGENT /Applications/XAMPP/xamppfiles/htdocs/yoyo/Application/Common/Common/function.php 第 1780 行.
SQL: SHOW COLUMNS FROM `ocenter_config` [ RunTime:0.003864s ]
SQL: SELECT `type`,`name`,`value` FROM `ocenter_config` WHERE `status` = 1  [ RunTime:0.000657s ]
INFO: [ app_begin ] --START--
INFO: Run Behavior\ReadHtmlCacheBehavior [ RunTime:0.000488s ]
INFO: Run Behavior\CheckLangBehavior [ RunTime:0.014235s ]
INFO: [ app_begin ] --END-- [ RunTime:0.014815s ]
NOTIC: [8192] mysql_connect(): The mysql extension is deprecated and will be removed in the future: use mysqli or PDO instead /Applications/XAMPP/xamppfiles/htdocs/yoyo/ThinkPHP/Library/Think/Session/Driver/Db.class.php 第 95 行.
SQL: SHOW COLUMNS FROM `ocenter_module` [ RunTime:0.004187s ]
SQL: SELECT `type`,`name`,`value` FROM `ocenter_config` WHERE `status` = 1  [ RunTime:0.000494s ]
NOTIC: [8] Undefined variable: token /Applications/XAMPP/xamppfiles/htdocs/yoyo/Application/Common/Model/ModuleModel.class.php 第 242 行.
NOTIC: [8] Undefined variable: res /Applications/XAMPP/xamppfiles/htdocs/yoyo/Application/Common/Common/role.php 第 147 行.
INFO: [ action_begin ] --START--
INFO: Run Common\Behavior\InitModuleInfoBehavior [ RunTime:0.000232s ]
INFO: [ action_begin ] --END-- [ RunTime:0.000309s ]
SQL: REPLACE INTO `ocenter_config` (`name`,`type`,`title`,`group`,`extra`,`remark`,`create_time`,`update_time`,`status`,`value`,`sort`) VALUES ('_CONFIG_FIRST_USER_RUN',0,'',0,'','',1510706416,1510706416,1,'2017-11-15',0) [ RunTime:0.000534s ]
NOTIC: [2] unlink(./Runtime/Temp/02e1f2a7f69b0087bd2c92f0e04f9583.php): No such file or directory /Applications/XAMPP/xamppfiles/htdocs/yoyo/ThinkPHP/Library/Think/Cache/Driver/File.class.php 第 157 行.
SQL: SHOW COLUMNS FROM `ocenter_schedule` [ RunTime:0.002510s ]
SQL: SHOW COLUMNS FROM `ocenter_count_lost` [ RunTime:0.006161s ]
SQL: SHOW COLUMNS FROM `ocenter_count_remain` [ RunTime:0.005489s ]
SQL: SHOW COLUMNS FROM `ocenter_count_consumption` [ RunTime:0.001658s ]
ERR: 1146:Table 'yoyobit.ocenter_count_consumption' doesn't exist
 [ SQL语句 ] : SHOW COLUMNS FROM `ocenter_count_consumption`
SQL: SHOW COLUMNS FROM `ocenter_count_active` [ RunTime:0.004152s ]
SQL: SHOW COLUMNS FROM `ocenter_count` [ RunTime:0.002081s ]
ERR: 1146:Table 'yoyobit.ocenter_count' doesn't exist
 [ SQL语句 ] : SHOW COLUMNS FROM `ocenter_count`
SQL: SELECT * FROM `ocenter_count_lost` WHERE `date` = 1510588800 LIMIT 1   [ RunTime:0.000334s ]
SQL: SHOW COLUMNS FROM `ocenter_member` [ RunTime:0.003533s ]
SQL: SELECT COUNT(*) AS tp_count FROM `ocenter_member` WHERE `status` = 1 LIMIT 1   [ RunTime:0.000431s ]
SQL: SELECT COUNT(*) AS tp_count FROM `ocenter_member` WHERE `status` = 1 AND `last_login_time` < 1508083200 LIMIT 1   [ RunTime:0.001594s ]
SQL: SELECT * FROM `ocenter_count_lost` WHERE `date` = 1510502400 LIMIT 1   [ RunTime:0.001774s ]
SQL: INSERT INTO `ocenter_count_lost` (`new_lost`,`date`,`user_num`,`lost_num`,`rate`,`create_time`) VALUES (0,1510588800,2,0,0,1510706416) [ RunTime:0.000346s ]
SQL: SELECT * FROM `ocenter_count_remain` WHERE `date` = 1510502400 LIMIT 1   [ RunTime:0.000342s ]
SQL: SELECT `uid` FROM `ocenter_member` WHERE `reg_time` BETWEEN 1510502400 AND 1510588799 AND `status` = 1  [ RunTime:0.000432s ]
NOTIC: [2] array_column() expects parameter 1 to be array, null given /Applications/XAMPP/xamppfiles/htdocs/yoyo/Application/Admin/Model/CountModel.class.php 第 116 行.
SQL: INSERT INTO `ocenter_count_remain` (`reg_num`,`date`,`day1_num`) VALUES (0,1510502400,0) [ RunTime:0.000475s ]
SQL: SELECT * FROM `ocenter_count_remain` WHERE `date` = 1510416000 LIMIT 1   [ RunTime:0.000344s ]
SQL: SELECT `uid` FROM `ocenter_member` WHERE `reg_time` BETWEEN 1510416000 AND 1510502399 AND `status` = 1  [ RunTime:0.000319s ]
NOTIC: [2] array_column() expects parameter 1 to be array, null given /Applications/XAMPP/xamppfiles/htdocs/yoyo/Application/Admin/Model/CountModel.class.php 第 116 行.
SQL: UPDATE `ocenter_count_remain` SET `date`=1510416000,`day1_num`=0,`day2_num`=0,`day3_num`=0,`day4_num`=0,`day5_num`=0,`day6_num`=0,`day7_num`=0,`day8_num`=0,`reg_num`=0 WHERE `id` = 17 [ RunTime:0.000284s ]
SQL: SELECT * FROM `ocenter_count_remain` WHERE `date` = 1510329600 LIMIT 1   [ RunTime:0.000251s ]
SQL: SELECT `uid` FROM `ocenter_member` WHERE `reg_time` BETWEEN 1510329600 AND 1510415999 AND `status` = 1  [ RunTime:0.000331s ]
NOTIC: [2] array_column() expects parameter 1 to be array, null given /Applications/XAMPP/xamppfiles/htdocs/yoyo/Application/Admin/Model/CountModel.class.php 第 116 行.
SQL: UPDATE `ocenter_count_remain` SET `date`=1510329600,`day1_num`=0,`day2_num`=0,`day3_num`=0,`day4_num`=0,`day5_num`=0,`day6_num`=0,`day7_num`=0,`day8_num`=0,`reg_num`=0 WHERE `id` = 16 [ RunTime:0.000314s ]
SQL: SELECT * FROM `ocenter_count_remain` WHERE `date` = 1510243200 LIMIT 1   [ RunTime:0.000310s ]
SQL: SELECT `uid` FROM `ocenter_member` WHERE `reg_time` BETWEEN 1510243200 AND 1510329599 AND `status` = 1  [ RunTime:0.000520s ]
NOTIC: [2] array_column() expects parameter 1 to be array, null given /Applications/XAMPP/xamppfiles/htdocs/yoyo/Application/Admin/Model/CountModel.class.php 第 116 行.
SQL: UPDATE `ocenter_count_remain` SET `date`=1510243200,`day1_num`=0,`day2_num`=0,`day3_num`=0,`day4_num`=0,`day5_num`=0,`day6_num`=0,`day7_num`=0,`day8_num`=0,`reg_num`=0 WHERE `id` = 15 [ RunTime:0.000481s ]
SQL: SELECT * FROM `ocenter_count_remain` WHERE `date` = 1510156800 LIMIT 1   [ RunTime:0.000391s ]
SQL: SELECT `uid` FROM `ocenter_member` WHERE `reg_time` BETWEEN 1510156800 AND 1510243199 AND `status` = 1  [ RunTime:0.000759s ]
NOTIC: [2] array_column() expects parameter 1 to be array, null given /Applications/XAMPP/xamppfiles/htdocs/yoyo/Application/Admin/Model/CountModel.class.php 第 116 行.
SQL: UPDATE `ocenter_count_remain` SET `date`=1510156800,`day1_num`=0,`day2_num`=0,`day3_num`=0,`day4_num`=0,`day5_num`=0,`day6_num`=0,`day7_num`=0,`day8_num`=0,`reg_num`=0 WHERE `id` = 14 [ RunTime:0.000316s ]
SQL: SELECT * FROM `ocenter_count_remain` WHERE `date` = 1510070400 LIMIT 1   [ RunTime:0.000478s ]
SQL: SELECT `uid` FROM `ocenter_member` WHERE `reg_time` BETWEEN 1510070400 AND 1510156799 AND `status` = 1  [ RunTime:0.000392s ]
NOTIC: [2] array_column() expects parameter 1 to be array, null given /Applications/XAMPP/xamppfiles/htdocs/yoyo/Application/Admin/Model/CountModel.class.php 第 116 行.
SQL: UPDATE `ocenter_count_remain` SET `date`=1510070400,`day1_num`=0,`day2_num`=0,`day3_num`=0,`day4_num`=0,`day5_num`=0,`day6_num`=0,`day7_num`=0,`day8_num`=0,`reg_num`=0 WHERE `id` = 13 [ RunTime:0.000392s ]
SQL: SELECT * FROM `ocenter_count_remain` WHERE `date` = 1509984000 LIMIT 1   [ RunTime:0.000374s ]
SQL: SELECT `uid` FROM `ocenter_member` WHERE `reg_time` BETWEEN 1509984000 AND 1510070399 AND `status` = 1  [ RunTime:0.000444s ]
NOTIC: [2] array_column() expects parameter 1 to be array, null given /Applications/XAMPP/xamppfiles/htdocs/yoyo/Application/Admin/Model/CountModel.class.php 第 116 行.
SQL: UPDATE `ocenter_count_remain` SET `date`=1509984000,`day1_num`=0,`day2_num`=0,`day3_num`=0,`day4_num`=0,`day5_num`=0,`day6_num`=0,`day7_num`=0,`day8_num`=0,`reg_num`=0 WHERE `id` = 12 [ RunTime:0.000337s ]
SQL: SELECT * FROM `ocenter_count_remain` WHERE `date` = 1509897600 LIMIT 1   [ RunTime:0.000385s ]
SQL: SELECT `uid` FROM `ocenter_member` WHERE `reg_time` BETWEEN 1509897600 AND 1509983999 AND `status` = 1  [ RunTime:0.000360s ]
NOTIC: [2] array_column() expects parameter 1 to be array, null given /Applications/XAMPP/xamppfiles/htdocs/yoyo/Application/Admin/Model/CountModel.class.php 第 116 行.
SQL: UPDATE `ocenter_count_remain` SET `date`=1509897600,`day1_num`=0,`day2_num`=0,`day3_num`=0,`day4_num`=0,`day5_num`=0,`day6_num`=0,`day7_num`=0,`day8_num`=0,`reg_num`=0 WHERE `id` = 11 [ RunTime:0.000319s ]
SQL: SELECT COUNT(*) AS tp_count FROM `ocenter_member` WHERE `status` = 1 LIMIT 1   [ RunTime:0.000380s ]
SQL: SHOW COLUMNS FROM `ocenter_action_log` [ RunTime:0.006078s ]
SQL: SELECT `user_id` FROM `ocenter_action_log` WHERE `action_id` = 3 AND `create_time` BETWEEN 1510588800 AND 1510675199  [ RunTime:0.000300s ]
NOTIC: [2] array_column() expects parameter 1 to be array, null given /Applications/XAMPP/xamppfiles/htdocs/yoyo/Application/Admin/Model/CountModel.class.php 第 200 行.
NOTIC: [2] array_unique() expects parameter 1 to be array, null given /Applications/XAMPP/xamppfiles/htdocs/yoyo/Application/Admin/Model/CountModel.class.php 第 201 行.
SQL: INSERT INTO `ocenter_count_active` (`num`,`type`,`date`) VALUES (0,'day',1510588800) [ RunTime:0.001497s ]
SQL: SELECT * FROM `ocenter_count_consumption` WHERE `date` = 1510588800 LIMIT 1   [ RunTime:0.000268s ]
ERR: 1146:Table 'yoyobit.ocenter_count_consumption' doesn't exist
 [ SQL语句 ] : SELECT * FROM `ocenter_count_consumption` WHERE `date` = 1510588800 LIMIT 1  
SQL: SHOW COLUMNS FROM `ocenter_pingxx_charge` [ RunTime:0.002894s ]
ERR: 1146:Table 'yoyobit.ocenter_pingxx_charge' doesn't exist
 [ SQL语句 ] : SHOW COLUMNS FROM `ocenter_pingxx_charge`
SQL: SHOW COLUMNS FROM `ocenter_recharge_record_alipay` [ RunTime:0.001468s ]
ERR: 1146:Table 'yoyobit.ocenter_recharge_record_alipay' doesn't exist
 [ SQL语句 ] : SHOW COLUMNS FROM `ocenter_recharge_record_alipay`
SQL: SHOW COLUMNS FROM `ocenter_order_link` [ RunTime:0.002334s ]
ERR: 1146:Table 'yoyobit.ocenter_order_link' doesn't exist
 [ SQL语句 ] : SHOW COLUMNS FROM `ocenter_order_link`
SQL: SELECT * FROM `ocenter_pingxx_charge` WHERE `time_paid` BETWEEN 1510588800 AND 1510675199 AND `paid` = 1  [ RunTime:0.000379s ]
ERR: 1146:Table 'yoyobit.ocenter_pingxx_charge' doesn't exist
 [ SQL语句 ] : SELECT * FROM `ocenter_pingxx_charge` WHERE `time_paid` BETWEEN 1510588800 AND 1510675199 AND `paid` = 1 
SQL: SELECT * FROM `ocenter_recharge_record_alipay` WHERE `notify_time` BETWEEN 1510588800 AND 1510675199 AND `trade_status` IN ('TRADE_SUCCESS','TRADE_FINISHED')  [ RunTime:0.000247s ]
ERR: 1146:Table 'yoyobit.ocenter_recharge_record_alipay' doesn't exist
 [ SQL语句 ] : SELECT * FROM `ocenter_recharge_record_alipay` WHERE `notify_time` BETWEEN 1510588800 AND 1510675199 AND `trade_status` IN ('TRADE_SUCCESS','TRADE_FINISHED') 
NOTIC: [2] Invalid argument supplied for foreach() /Applications/XAMPP/xamppfiles/htdocs/yoyo/Application/Admin/Model/CountModel.class.php 第 292 行.
NOTIC: [2] Invalid argument supplied for foreach() /Applications/XAMPP/xamppfiles/htdocs/yoyo/Application/Admin/Model/CountModel.class.php 第 297 行.
SQL: INSERT INTO `ocenter_count_consumption` (`date`,`total_fee`,`user_num`) VALUES (1510588800,'0.00',0) [ RunTime:0.000192s ]
ERR: 1146:Table 'yoyobit.ocenter_count_consumption' doesn't exist
 [ SQL语句 ] : INSERT INTO `ocenter_count_consumption` (`date`,`total_fee`,`user_num`) VALUES (1510588800,'0.00',0)
SQL: SHOW COLUMNS FROM `ocenter_checkin` [ RunTime:0.004104s ]
SQL: SHOW COLUMNS FROM `ocenter_member` [ RunTime:0.003472s ]
SQL: SELECT `uid` FROM `ocenter_member` WHERE `con_check` > 0  [ RunTime:0.000334s ]
NOTIC: [2] Invalid argument supplied for foreach() /Applications/XAMPP/xamppfiles/htdocs/yoyo/Addons/CheckIn/Model/CheckInModel.class.php 第 37 行.
SQL: SELECT `type`,`name`,`value` FROM `ocenter_config` WHERE `status` = 1  [ RunTime:0.000526s ]
NOTIC: [8] Undefined variable: token /Applications/XAMPP/xamppfiles/htdocs/yoyo/Application/Common/Model/ModuleModel.class.php 第 242 行.
NOTIC: [8] Undefined variable: res /Applications/XAMPP/xamppfiles/htdocs/yoyo/Application/Common/Common/role.php 第 147 行.
INFO: [ action_begin ] --START--
INFO: Run Common\Behavior\InitModuleInfoBehavior [ RunTime:0.000012s ]
INFO: [ action_begin ] --END-- [ RunTime:-0.102287s ]
SQL: SELECT COUNT(id) AS tp_count FROM `ocenter_action_log` LIMIT 1   [ RunTime:0.000239s ]
SQL: SHOW COLUMNS FROM `ocenter_score_log` [ RunTime:0.003026s ]
SQL: SELECT COUNT(id) AS tp_count FROM `ocenter_score_log` LIMIT 1   [ RunTime:0.000248s ]
SQL: SELECT `type`,`name`,`value` FROM `ocenter_config` WHERE `status` = 1  [ RunTime:0.000603s ]
NOTIC: [8] Undefined variable: token /Applications/XAMPP/xamppfiles/htdocs/yoyo/Application/Common/Model/ModuleModel.class.php 第 242 行.
NOTIC: [8] Undefined variable: res /Applications/XAMPP/xamppfiles/htdocs/yoyo/Application/Common/Common/role.php 第 147 行.
INFO: [ action_begin ] --START--
INFO: Run Common\Behavior\InitModuleInfoBehavior [ RunTime:0.000010s ]
INFO: [ action_begin ] --END-- [ RunTime:-0.114701s ]
NOTIC: [8] Undefined index: uid /Applications/XAMPP/xamppfiles/htdocs/yoyo/Application/Ucenter/Controller/BaseController.class.php 第 17 行.
INFO: [ view_parse ] --START--
INFO: [ template_filter ] --START--
INFO: Run Behavior\ContentReplaceBehavior [ RunTime:0.000259s ]
INFO: [ template_filter ] --END-- [ RunTime:0.000321s ]
INFO: [ syncMeta ] --START--
INFO: Run Addons\SyncLogin\SyncLoginAddon [ RunTime:0.006068s ]
INFO: [ syncMeta ] --END-- [ RunTime:0.006233s ]
NOTIC: [8] Undefined variable: seo /Applications/XAMPP/xamppfiles/htdocs/yoyo/Runtime/Cache/Core/4ec9e90e742e78571a1db70e3c92ab19.php 第 9 行.
SQL: SHOW COLUMNS FROM `ocenter_seo_rule` [ RunTime:0.004614s ]
SQL: SELECT `type`,`name`,`value` FROM `ocenter_config` WHERE `status` = 1  [ RunTime:0.000511s ]
SQL: SHOW COLUMNS FROM `ocenter_pushing` [ RunTime:0.001628s ]
ERR: 1146:Table 'yoyobit.ocenter_pushing' doesn't exist
 [ SQL语句 ] : SHOW COLUMNS FROM `ocenter_pushing`
SQL: SHOW COLUMNS FROM `ocenter_member` [ RunTime:0.003211s ]
NOTIC: [8] Undefined offset: 1 /Applications/XAMPP/xamppfiles/htdocs/yoyo/Application/Common/Model/MemberModel.class.php 第 267 行.
SQL: SHOW COLUMNS FROM `ocenter_user_token` [ RunTime:0.002289s ]
SQL: SELECT * FROM `ocenter_user_token` WHERE `uid` = null LIMIT 1   [ RunTime:0.000262s ]
NOTIC: [8] Undefined variable: nav /Applications/XAMPP/xamppfiles/htdocs/yoyo/Runtime/Cache/Core/4ec9e90e742e78571a1db70e3c92ab19.php 第 151 行.
NOTIC: [8] Undefined variable: nav /Applications/XAMPP/xamppfiles/htdocs/yoyo/Runtime/Cache/Core/4ec9e90e742e78571a1db70e3c92ab19.php 第 181 行.
NOTIC: [8] Undefined variable: nav /Applications/XAMPP/xamppfiles/htdocs/yoyo/Runtime/Cache/Core/4ec9e90e742e78571a1db70e3c92ab19.php 第 182 行.
NOTIC: [8] Undefined variable: nav /Applications/XAMPP/xamppfiles/htdocs/yoyo/Runtime/Cache/Core/4ec9e90e742e78571a1db70e3c92ab19.php 第 182 行.
NOTIC: [8] Undefined variable: nav /Applications/XAMPP/xamppfiles/htdocs/yoyo/Runtime/Cache/Core/4ec9e90e742e78571a1db70e3c92ab19.php 第 182 行.
NOTIC: [8] Undefined variable: nav /Applications/XAMPP/xamppfiles/htdocs/yoyo/Runtime/Cache/Core/4ec9e90e742e78571a1db70e3c92ab19.php 第 183 行.
NOTIC: [8] Undefined variable: nav /Applications/XAMPP/xamppfiles/htdocs/yoyo/Runtime/Cache/Core/4ec9e90e742e78571a1db70e3c92ab19.php 第 184 行.
NOTIC: [8] Undefined variable: nav /Applications/XAMPP/xamppfiles/htdocs/yoyo/Runtime/Cache/Core/4ec9e90e742e78571a1db70e3c92ab19.php 第 185 行.
NOTIC: [8] Undefined variable: nav /Applications/XAMPP/xamppfiles/htdocs/yoyo/Runtime/Cache/Core/4ec9e90e742e78571a1db70e3c92ab19.php 第 185 行.
NOTIC: [8] Undefined variable: nav /Applications/XAMPP/xamppfiles/htdocs/yoyo/Runtime/Cache/Core/4ec9e90e742e78571a1db70e3c92ab19.php 第 185 行.
SQL: SHOW COLUMNS FROM `ocenter_auth_rule` [ RunTime:0.003468s ]
SQL: SELECT * FROM `ocenter_auth_rule` WHERE `name` = 'Core/Admin/View' AND `status` = 1 LIMIT 1   [ RunTime:0.002849s ]
SQL: SELECT `value` FROM `ocenter_config` WHERE `name` = '_CONFIG_JUMP_BACKGROUND' LIMIT 1   [ RunTime:0.000389s ]
NOTIC: [8] Undefined variable: site /Applications/XAMPP/xamppfiles/htdocs/yoyo/Runtime/Cache/Core/4ec9e90e742e78571a1db70e3c92ab19.php 第 540 行.
INFO: [ pageFooter ] --START--
INFO: Run Addons\SuperLinks\SuperLinksAddon [ RunTime:0.001879s ]
INFO: [ pageFooter ] --END-- [ RunTime:0.001942s ]
SQL: SELECT `type`,`name`,`value` FROM `ocenter_config` WHERE `status` = 1  [ RunTime:0.000572s ]
NOTIC: [8] Undefined variable: token /Applications/XAMPP/xamppfiles/htdocs/yoyo/Application/Common/Model/ModuleModel.class.php 第 242 行.
NOTIC: [8] Undefined variable: res /Applications/XAMPP/xamppfiles/htdocs/yoyo/Application/Common/Common/role.php 第 147 行.
INFO: [ action_begin ] --START--
INFO: Run Common\Behavior\InitModuleInfoBehavior [ RunTime:0.000011s ]
INFO: [ action_begin ] --END-- [ RunTime:-0.229187s ]
SQL: SELECT `type`,`name`,`value` FROM `ocenter_config` WHERE `status` = 1  [ RunTime:0.000485s ]
NOTIC: [8] Undefined variable: token /Applications/XAMPP/xamppfiles/htdocs/yoyo/Application/Common/Model/ModuleModel.class.php 第 242 行.
NOTIC: [8] Undefined variable: res /Applications/XAMPP/xamppfiles/htdocs/yoyo/Application/Common/Common/role.php 第 147 行.
INFO: [ action_begin ] --START--
INFO: Run Common\Behavior\InitModuleInfoBehavior [ RunTime:0.000011s ]
INFO: [ action_begin ] --END-- [ RunTime:-0.232888s ]
INFO: Run Behavior\ParseTemplateBehavior [ RunTime:0.116983s ]
INFO: [ view_parse ] --END-- [ RunTime:0.117038s ]
INFO: [ view_filter ] --START--
INFO: Run Behavior\WriteHtmlCacheBehavior [ RunTime:0.002067s ]
INFO: [ view_filter ] --END-- [ RunTime:0.002133s ]

[ 2017-11-15T12:54:41+08:00 ] 127.0.0.1 /yoyo/core/public/atwhojson.html
INFO: [ app_init ] --START--
INFO: Run Behavior\BuildLiteBehavior [ RunTime:0.000038s ]
INFO: Run Common\Behavior\InitHookBehavior [ RunTime:0.000962s ]
INFO: [ app_init ] --END-- [ RunTime:0.001105s ]
NOTIC: [8] Undefined index: router /Applications/XAMPP/xamppfiles/htdocs/yoyo/Application/Common/Common/function.php 第 1936 行.
NOTIC: [8] Undefined index: router /Applications/XAMPP/xamppfiles/htdocs/yoyo/Application/Common/Common/function.php 第 1936 行.
NOTIC: [8] Undefined index: router /Applications/XAMPP/xamppfiles/htdocs/yoyo/Application/Common/Common/function.php 第 1936 行.
NOTIC: [8] Undefined index: router /Applications/XAMPP/xamppfiles/htdocs/yoyo/Application/Common/Common/function.php 第 1936 行.
NOTIC: [8] Undefined index: router /Applications/XAMPP/xamppfiles/htdocs/yoyo/Application/Common/Common/function.php 第 1936 行.
NOTIC: [8] Undefined index: router /Applications/XAMPP/xamppfiles/htdocs/yoyo/Application/Common/Common/function.php 第 1936 行.
SQL: SHOW COLUMNS FROM `ocenter_config` [ RunTime:0.001509s ]
SQL: SELECT `type`,`name`,`value` FROM `ocenter_config` WHERE `status` = 1  [ RunTime:0.000396s ]
INFO: [ app_begin ] --START--
INFO: Run Behavior\ReadHtmlCacheBehavior [ RunTime:0.000314s ]
INFO: Run Behavior\CheckLangBehavior [ RunTime:0.014165s ]
INFO: [ app_begin ] --END-- [ RunTime:0.014561s ]
NOTIC: [8192] mysql_connect(): The mysql extension is deprecated and will be removed in the future: use mysqli or PDO instead /Applications/XAMPP/xamppfiles/htdocs/yoyo/ThinkPHP/Library/Think/Session/Driver/Db.class.php 第 95 行.
SQL: SHOW COLUMNS FROM `ocenter_module` [ RunTime:0.003394s ]
SQL: SELECT `type`,`name`,`value` FROM `ocenter_config` WHERE `status` = 1  [ RunTime:0.000491s ]
NOTIC: [8] Undefined variable: token /Applications/XAMPP/xamppfiles/htdocs/yoyo/Application/Common/Model/ModuleModel.class.php 第 242 行.
NOTIC: [8] Undefined variable: res /Applications/XAMPP/xamppfiles/htdocs/yoyo/Application/Common/Common/role.php 第 147 行.
INFO: [ action_begin ] --START--
INFO: Run Common\Behavior\InitModuleInfoBehavior [ RunTime:0.000220s ]
INFO: [ action_begin ] --END-- [ RunTime:0.000274s ]
SQL: SHOW COLUMNS FROM `ocenter_follow` [ RunTime:0.006575s ]
SQL: SELECT * FROM `ocenter_follow` WHERE `who_follow` = 0 OR `follow_who` = 0  [ RunTime:0.000440s ]
NOTIC: [2] Invalid argument supplied for foreach() /Applications/XAMPP/xamppfiles/htdocs/yoyo/Application/Core/Controller/PublicController.class.php 第 103 行.

[ 2017-11-15T12:54:44+08:00 ] 127.0.0.1 /yoyo/core/public/atwhojson.html
INFO: [ app_init ] --START--
INFO: Run Behavior\BuildLiteBehavior [ RunTime:0.000029s ]
INFO: Run Common\Behavior\InitHookBehavior [ RunTime:0.001093s ]
INFO: [ app_init ] --END-- [ RunTime:0.001210s ]
NOTIC: [8] Undefined index: router /Applications/XAMPP/xamppfiles/htdocs/yoyo/Application/Common/Common/function.php 第 1936 行.
NOTIC: [8] Undefined index: router /Applications/XAMPP/xamppfiles/htdocs/yoyo/Application/Common/Common/function.php 第 1936 行.
NOTIC: [8] Undefined index: router /Applications/XAMPP/xamppfiles/htdocs/yoyo/Application/Common/Common/function.php 第 1936 行.
NOTIC: [8] Undefined index: router /Applications/XAMPP/xamppfiles/htdocs/yoyo/Application/Common/Common/function.php 第 1936 行.
NOTIC: [8] Undefined index: router /Applications/XAMPP/xamppfiles/htdocs/yoyo/Application/Common/Common/function.php 第 1936 行.
NOTIC: [8] Undefined index: router /Applications/XAMPP/xamppfiles/htdocs/yoyo/Application/Common/Common/function.php 第 1936 行.
SQL: SHOW COLUMNS FROM `ocenter_config` [ RunTime:0.001309s ]
SQL: SELECT `type`,`name`,`value` FROM `ocenter_config` WHERE `status` = 1  [ RunTime:0.000520s ]
INFO: [ app_begin ] --START--
INFO: Run Behavior\ReadHtmlCacheBehavior [ RunTime:0.000339s ]
INFO: Run Behavior\CheckLangBehavior [ RunTime:0.014397s ]
INFO: [ app_begin ] --END-- [ RunTime:0.014811s ]
NOTIC: [8192] mysql_connect(): The mysql extension is deprecated and will be removed in the future: use mysqli or PDO instead /Applications/XAMPP/xamppfiles/htdocs/yoyo/ThinkPHP/Library/Think/Session/Driver/Db.class.php 第 95 行.
SQL: SHOW COLUMNS FROM `ocenter_module` [ RunTime:0.001417s ]
SQL: SELECT `type`,`name`,`value` FROM `ocenter_config` WHERE `status` = 1  [ RunTime:0.000343s ]
NOTIC: [8] Undefined variable: token /Applications/XAMPP/xamppfiles/htdocs/yoyo/Application/Common/Model/ModuleModel.class.php 第 242 行.
NOTIC: [8] Undefined variable: res /Applications/XAMPP/xamppfiles/htdocs/yoyo/Application/Common/Common/role.php 第 147 行.
INFO: [ action_begin ] --START--
INFO: Run Common\Behavior\InitModuleInfoBehavior [ RunTime:0.000156s ]
INFO: [ action_begin ] --END-- [ RunTime:0.000188s ]
SQL: SHOW COLUMNS FROM `ocenter_follow` [ RunTime:0.001800s ]
SQL: SELECT * FROM `ocenter_follow` WHERE `who_follow` = 0 OR `follow_who` = 0  [ RunTime:0.000208s ]
NOTIC: [2] Invalid argument supplied for foreach() /Applications/XAMPP/xamppfiles/htdocs/yoyo/Application/Core/Controller/PublicController.class.php 第 103 行.

[ 2017-11-15T13:27:38+08:00 ] 127.0.0.1 /yoyo/core/public/atwhojson.html
INFO: [ app_init ] --START--
INFO: Run Behavior\BuildLiteBehavior [ RunTime:0.000011s ]
INFO: Run Common\Behavior\InitHookBehavior [ RunTime:0.001139s ]
INFO: [ app_init ] --END-- [ RunTime:0.001234s ]
NOTIC: [8] Undefined index: router /Applications/XAMPP/xamppfiles/htdocs/yoyo/Application/Common/Common/function.php 第 1936 行.
NOTIC: [8] Undefined index: router /Applications/XAMPP/xamppfiles/htdocs/yoyo/Application/Common/Common/function.php 第 1936 行.
NOTIC: [8] Undefined index: router /Applications/XAMPP/xamppfiles/htdocs/yoyo/Application/Common/Common/function.php 第 1936 行.
NOTIC: [8] Undefined index: router /Applications/XAMPP/xamppfiles/htdocs/yoyo/Application/Common/Common/function.php 第 1936 行.
NOTIC: [8] Undefined index: router /Applications/XAMPP/xamppfiles/htdocs/yoyo/Application/Common/Common/function.php 第 1936 行.
NOTIC: [8] Undefined index: router /Applications/XAMPP/xamppfiles/htdocs/yoyo/Application/Common/Common/function.php 第 1936 行.
SQL: SHOW COLUMNS FROM `ocenter_config` [ RunTime:0.001974s ]
SQL: SELECT `type`,`name`,`value` FROM `ocenter_config` WHERE `status` = 1  [ RunTime:0.000513s ]
INFO: [ app_begin ] --START--
INFO: Run Behavior\ReadHtmlCacheBehavior [ RunTime:0.000316s ]
INFO: Run Behavior\CheckLangBehavior [ RunTime:0.012835s ]
INFO: [ app_begin ] --END-- [ RunTime:0.013242s ]
NOTIC: [8192] mysql_connect(): The mysql extension is deprecated and will be removed in the future: use mysqli or PDO instead /Applications/XAMPP/xamppfiles/htdocs/yoyo/ThinkPHP/Library/Think/Session/Driver/Db.class.php 第 95 行.
SQL: SHOW COLUMNS FROM `ocenter_module` [ RunTime:0.003112s ]
SQL: SELECT `type`,`name`,`value` FROM `ocenter_config` WHERE `status` = 1  [ RunTime:0.000333s ]
NOTIC: [8] Undefined variable: token /Applications/XAMPP/xamppfiles/htdocs/yoyo/Application/Common/Model/ModuleModel.class.php 第 242 行.
NOTIC: [8] Undefined variable: res /Applications/XAMPP/xamppfiles/htdocs/yoyo/Application/Common/Common/role.php 第 147 行.
INFO: [ action_begin ] --START--
INFO: Run Common\Behavior\InitModuleInfoBehavior [ RunTime:0.000128s ]
INFO: [ action_begin ] --END-- [ RunTime:0.000155s ]
SQL: SHOW COLUMNS FROM `ocenter_follow` [ RunTime:0.001829s ]
SQL: SELECT * FROM `ocenter_follow` WHERE `who_follow` = 0 OR `follow_who` = 0  [ RunTime:0.000199s ]
NOTIC: [2] Invalid argument supplied for foreach() /Applications/XAMPP/xamppfiles/htdocs/yoyo/Application/Core/Controller/PublicController.class.php 第 103 行.

[ 2017-11-15T13:27:44+08:00 ] 127.0.0.1 /yoyo/core/public/atwhojson.html
INFO: [ app_init ] --START--
INFO: Run Behavior\BuildLiteBehavior [ RunTime:0.000080s ]
INFO: Run Common\Behavior\InitHookBehavior [ RunTime:0.001102s ]
INFO: [ app_init ] --END-- [ RunTime:0.001275s ]
NOTIC: [8] Undefined index: router /Applications/XAMPP/xamppfiles/htdocs/yoyo/Application/Common/Common/function.php 第 1936 行.
NOTIC: [8] Undefined index: router /Applications/XAMPP/xamppfiles/htdocs/yoyo/Application/Common/Common/function.php 第 1936 行.
NOTIC: [8] Undefined index: router /Applications/XAMPP/xamppfiles/htdocs/yoyo/Application/Common/Common/function.php 第 1936 行.
NOTIC: [8] Undefined index: router /Applications/XAMPP/xamppfiles/htdocs/yoyo/Application/Common/Common/function.php 第 1936 行.
NOTIC: [8] Undefined index: router /Applications/XAMPP/xamppfiles/htdocs/yoyo/Application/Common/Common/function.php 第 1936 行.
NOTIC: [8] Undefined index: router /Applications/XAMPP/xamppfiles/htdocs/yoyo/Application/Common/Common/function.php 第 1936 行.
SQL: SHOW COLUMNS FROM `ocenter_config` [ RunTime:0.003846s ]
SQL: SELECT `type`,`name`,`value` FROM `ocenter_config` WHERE `status` = 1  [ RunTime:0.000649s ]
INFO: [ app_begin ] --START--
INFO: Run Behavior\ReadHtmlCacheBehavior [ RunTime:0.000543s ]
INFO: Run Behavior\CheckLangBehavior [ RunTime:0.016159s ]
INFO: [ app_begin ] --END-- [ RunTime:0.016829s ]
NOTIC: [8192] mysql_connect(): The mysql extension is deprecated and will be removed in the future: use mysqli or PDO instead /Applications/XAMPP/xamppfiles/htdocs/yoyo/ThinkPHP/Library/Think/Session/Driver/Db.class.php 第 95 行.
SQL: SHOW COLUMNS FROM `ocenter_module` [ RunTime:0.003650s ]
SQL: SELECT `type`,`name`,`value` FROM `ocenter_config` WHERE `status` = 1  [ RunTime:0.000445s ]
NOTIC: [8] Undefined variable: token /Applications/XAMPP/xamppfiles/htdocs/yoyo/Application/Common/Model/ModuleModel.class.php 第 242 行.
NOTIC: [8] Undefined variable: res /Applications/XAMPP/xamppfiles/htdocs/yoyo/Application/Common/Common/role.php 第 147 行.
INFO: [ action_begin ] --START--
INFO: Run Common\Behavior\InitModuleInfoBehavior [ RunTime:0.000168s ]
INFO: [ action_begin ] --END-- [ RunTime:0.000205s ]
SQL: SHOW COLUMNS FROM `ocenter_follow` [ RunTime:0.002262s ]
SQL: SELECT * FROM `ocenter_follow` WHERE `who_follow` = 0 OR `follow_who` = 0  [ RunTime:0.000278s ]
NOTIC: [2] Invalid argument supplied for foreach() /Applications/XAMPP/xamppfiles/htdocs/yoyo/Application/Core/Controller/PublicController.class.php 第 103 行.

[ 2017-11-15T15:40:53+08:00 ] 127.0.0.1 /yoyo/core/public/atwhojson.html
INFO: [ app_init ] --START--
INFO: Run Behavior\BuildLiteBehavior [ RunTime:0.000022s ]
INFO: Run Common\Behavior\InitHookBehavior [ RunTime:0.001304s ]
INFO: [ app_init ] --END-- [ RunTime:0.001475s ]
NOTIC: [8] Undefined index: router /Applications/XAMPP/xamppfiles/htdocs/yoyo/Application/Common/Common/function.php 第 1936 行.
NOTIC: [8] Undefined index: router /Applications/XAMPP/xamppfiles/htdocs/yoyo/Application/Common/Common/function.php 第 1936 行.
NOTIC: [8] Undefined index: router /Applications/XAMPP/xamppfiles/htdocs/yoyo/Application/Common/Common/function.php 第 1936 行.
NOTIC: [8] Undefined index: router /Applications/XAMPP/xamppfiles/htdocs/yoyo/Application/Common/Common/function.php 第 1936 行.
NOTIC: [8] Undefined index: router /Applications/XAMPP/xamppfiles/htdocs/yoyo/Application/Common/Common/function.php 第 1936 行.
NOTIC: [8] Undefined index: router /Applications/XAMPP/xamppfiles/htdocs/yoyo/Application/Common/Common/function.php 第 1936 行.
SQL: SHOW COLUMNS FROM `ocenter_config` [ RunTime:0.002955s ]
SQL: SELECT `type`,`name`,`value` FROM `ocenter_config` WHERE `status` = 1  [ RunTime:0.001987s ]
INFO: [ app_begin ] --START--
INFO: Run Behavior\ReadHtmlCacheBehavior [ RunTime:0.000318s ]
INFO: Run Behavior\CheckLangBehavior [ RunTime:0.021231s ]
INFO: [ app_begin ] --END-- [ RunTime:0.021730s ]
NOTIC: [8192] mysql_connect(): The mysql extension is deprecated and will be removed in the future: use mysqli or PDO instead /Applications/XAMPP/xamppfiles/htdocs/yoyo/ThinkPHP/Library/Think/Session/Driver/Db.class.php 第 95 行.
SQL: SHOW COLUMNS FROM `ocenter_module` [ RunTime:0.002648s ]
SQL: SELECT `type`,`name`,`value` FROM `ocenter_config` WHERE `status` = 1  [ RunTime:0.000359s ]
NOTIC: [8] Undefined variable: token /Applications/XAMPP/xamppfiles/htdocs/yoyo/Application/Common/Model/ModuleModel.class.php 第 242 行.
NOTIC: [8] Undefined variable: res /Applications/XAMPP/xamppfiles/htdocs/yoyo/Application/Common/Common/role.php 第 147 行.
INFO: [ action_begin ] --START--
INFO: Run Common\Behavior\InitModuleInfoBehavior [ RunTime:0.000195s ]
INFO: [ action_begin ] --END-- [ RunTime:0.000243s ]
SQL: SHOW COLUMNS FROM `ocenter_follow` [ RunTime:0.003387s ]
SQL: SELECT * FROM `ocenter_follow` WHERE `who_follow` = 0 OR `follow_who` = 0  [ RunTime:0.000223s ]
NOTIC: [2] Invalid argument supplied for foreach() /Applications/XAMPP/xamppfiles/htdocs/yoyo/Application/Core/Controller/PublicController.class.php 第 103 行.

[ 2017-11-15T15:43:10+08:00 ] 127.0.0.1 /yoyo/core/public/atwhojson.html
INFO: [ app_init ] --START--
INFO: Run Behavior\BuildLiteBehavior [ RunTime:0.000019s ]
INFO: Run Common\Behavior\InitHookBehavior [ RunTime:0.001473s ]
INFO: [ app_init ] --END-- [ RunTime:0.001594s ]
NOTIC: [8] Undefined index: router /Applications/XAMPP/xamppfiles/htdocs/yoyo/Application/Common/Common/function.php 第 1936 行.
NOTIC: [8] Undefined index: router /Applications/XAMPP/xamppfiles/htdocs/yoyo/Application/Common/Common/function.php 第 1936 行.
NOTIC: [8] Undefined index: router /Applications/XAMPP/xamppfiles/htdocs/yoyo/Application/Common/Common/function.php 第 1936 行.
NOTIC: [8] Undefined index: router /Applications/XAMPP/xamppfiles/htdocs/yoyo/Application/Common/Common/function.php 第 1936 行.
NOTIC: [8] Undefined index: router /Applications/XAMPP/xamppfiles/htdocs/yoyo/Application/Common/Common/function.php 第 1936 行.
NOTIC: [8] Undefined index: router /Applications/XAMPP/xamppfiles/htdocs/yoyo/Application/Common/Common/function.php 第 1936 行.
SQL: SHOW COLUMNS FROM `ocenter_config` [ RunTime:0.002029s ]
SQL: SELECT `type`,`name`,`value` FROM `ocenter_config` WHERE `status` = 1  [ RunTime:0.000487s ]
INFO: [ app_begin ] --START--
INFO: Run Behavior\ReadHtmlCacheBehavior [ RunTime:0.000305s ]
INFO: Run Behavior\CheckLangBehavior [ RunTime:0.013506s ]
INFO: [ app_begin ] --END-- [ RunTime:0.013886s ]
NOTIC: [8192] mysql_connect(): The mysql extension is deprecated and will be removed in the future: use mysqli or PDO instead /Applications/XAMPP/xamppfiles/htdocs/yoyo/ThinkPHP/Library/Think/Session/Driver/Db.class.php 第 95 行.
SQL: SHOW COLUMNS FROM `ocenter_module` [ RunTime:0.001839s ]
SQL: SELECT `type`,`name`,`value` FROM `ocenter_config` WHERE `status` = 1  [ RunTime:0.000360s ]
NOTIC: [8] Undefined variable: token /Applications/XAMPP/xamppfiles/htdocs/yoyo/Application/Common/Model/ModuleModel.class.php 第 242 行.
NOTIC: [8] Undefined variable: res /Applications/XAMPP/xamppfiles/htdocs/yoyo/Application/Common/Common/role.php 第 147 行.
INFO: [ action_begin ] --START--
INFO: Run Common\Behavior\InitModuleInfoBehavior [ RunTime:0.000147s ]
INFO: [ action_begin ] --END-- [ RunTime:0.000176s ]
SQL: SHOW COLUMNS FROM `ocenter_follow` [ RunTime:0.001939s ]
SQL: SELECT * FROM `ocenter_follow` WHERE `who_follow` = 152 OR `follow_who` = 152  [ RunTime:0.000253s ]
NOTIC: [2] Invalid argument supplied for foreach() /Applications/XAMPP/xamppfiles/htdocs/yoyo/Application/Core/Controller/PublicController.class.php 第 103 行.

