[ 2017-09-29T16:15:24+08:00 ] 127.0.0.1 /yoyo/index.php?s=/people/index/index.html
INFO: [ app_init ] --START--
INFO: Run Behavior\BuildLiteBehavior [ RunTime:0.000000s ]
INFO: Run Common\Behavior\InitHookBehavior [ RunTime:0.010000s ]
INFO: [ app_init ] --END-- [ RunTime:0.010000s ]
NOTIC: [8] Undefined index: router F:\wamp64\www\yoyo\Application\Common\Common\function.php 第 1936 行.
NOTIC: [8] Undefined index: router F:\wamp64\www\yoyo\Application\Common\Common\function.php 第 1936 行.
NOTIC: [8] Undefined index: router F:\wamp64\www\yoyo\Application\Common\Common\function.php 第 1936 行.
NOTIC: [8] Undefined index: router F:\wamp64\www\yoyo\Application\Common\Common\function.php 第 1936 行.
NOTIC: [8] Undefined index: router F:\wamp64\www\yoyo\Application\Common\Common\function.php 第 1936 行.
SQL: SHOW COLUMNS FROM `ocenter_config` [ RunTime:0.000000s ]
SQL: SELECT `type`,`name`,`value` FROM `ocenter_config` WHERE `status` = 1  [ RunTime:0.000000s ]
INFO: [ app_begin ] --START--
INFO: Run Behavior\ReadHtmlCacheBehavior [ RunTime:0.000000s ]
INFO: Run Behavior\CheckLangBehavior [ RunTime:0.010000s ]
INFO: [ app_begin ] --END-- [ RunTime:0.010000s ]
NOTIC: [8192] mysql_connect(): The mysql extension is deprecated and will be removed in the future: use mysqli or PDO instead F:\wamp64\www\yoyo\ThinkPHP\Library\Think\Session\Driver\Db.class.php 第 95 行.
SQL: SHOW COLUMNS FROM `ocenter_module` [ RunTime:0.000000s ]
SQL: SELECT `type`,`name`,`value` FROM `ocenter_config` WHERE `status` = 1  [ RunTime:0.000000s ]
NOTIC: [8] Undefined variable: token F:\wamp64\www\yoyo\Application\Common\Model\ModuleModel.class.php 第 242 行.
NOTIC: [8] Undefined variable: res F:\wamp64\www\yoyo\Application\Common\Common\role.php 第 147 行.
INFO: [ action_begin ] --START--
INFO: Run Common\Behavior\InitModuleInfoBehavior [ RunTime:0.000000s ]
INFO: [ action_begin ] --END-- [ RunTime:0.000000s ]
SQL: SELECT `value` FROM `ocenter_config` WHERE `name` = '_MOB_JUMP_MOB' LIMIT 1   [ RunTime:0.000000s ]
SQL: SELECT `value` FROM `ocenter_config` WHERE `name` = '_PEOPLE_USER_SHOW_ORDER_FIELD3' LIMIT 1   [ RunTime:0.000000s ]
SQL: SELECT `value` FROM `ocenter_config` WHERE `name` = '_PEOPLE_USER_SHOW_TITLE3' LIMIT 1   [ RunTime:0.000000s ]
SQL: SELECT `value` FROM `ocenter_config` WHERE `name` = '_PEOPLE_USER_SHOW_ORDER_FIELD0' LIMIT 1   [ RunTime:0.000000s ]
SQL: SELECT `value` FROM `ocenter_config` WHERE `name` = '_PEOPLE_USER_SHOW_TITLE0' LIMIT 1   [ RunTime:0.000000s ]
SQL: SELECT `value` FROM `ocenter_config` WHERE `name` = '_PEOPLE_USER_SHOW_COUNT3' LIMIT 1   [ RunTime:0.000000s ]
SQL: SELECT `value` FROM `ocenter_config` WHERE `name` = '_PEOPLE_USER_SHOW_CACHE_TIME3' LIMIT 1   [ RunTime:0.000000s ]
SQL: SELECT `value` FROM `ocenter_config` WHERE `name` = '_PEOPLE_USER_SHOW_ORDER_TYPE3' LIMIT 1   [ RunTime:0.000000s ]
SQL: SHOW COLUMNS FROM `ocenter_member` [ RunTime:0.000000s ]
SQL: SELECT `uid` FROM `ocenter_member` WHERE `status` = 1 ORDER BY reg_time desc LIMIT 1   [ RunTime:0.000000s ]
SQL: SHOW COLUMNS FROM `ocenter_follow` [ RunTime:0.000000s ]
SQL: SELECT * FROM `ocenter_follow` WHERE `who_follow` = 1  [ RunTime:0.000000s ]
NOTIC: [2] Invalid argument supplied for foreach() F:\wamp64\www\yoyo\Application\People\Common\function.php 第 24 行.
NOTIC: [2] Invalid argument supplied for foreach() F:\wamp64\www\yoyo\Application\People\Common\function.php 第 27 行.
SQL: SELECT `value` FROM `ocenter_config` WHERE `name` = '_PEOPLE_USER_SHOW_COUNT0' LIMIT 1   [ RunTime:0.000000s ]
SQL: SELECT `value` FROM `ocenter_config` WHERE `name` = '_PEOPLE_USER_SHOW_CACHE_TIME0' LIMIT 1   [ RunTime:0.000000s ]
SQL: SELECT `value` FROM `ocenter_config` WHERE `name` = '_PEOPLE_USER_SHOW_ORDER_TYPE0' LIMIT 1   [ RunTime:0.000000s ]
SQL: SHOW COLUMNS FROM `ocenter_follow` [ RunTime:0.000000s ]
SQL: SELECT `follow_who` FROM `ocenter_follow` WHERE `who_follow` = 1  [ RunTime:0.000000s ]
SQL: SELECT `who_follow` FROM `ocenter_follow` WHERE `follow_who` = 1  [ RunTime:0.000000s ]
SQL: SELECT `follow_who` FROM `ocenter_follow` WHERE `who_follow` = 100  [ RunTime:0.000000s ]
SQL: SELECT * FROM `ocenter_follow` WHERE `who_follow` = 1  [ RunTime:0.000000s ]
NOTIC: [8] Undefined variable: arrFriend F:\wamp64\www\yoyo\Application\People\Common\function.php 第 66 行.
NOTIC: [8] Undefined variable: arrFriend F:\wamp64\www\yoyo\Application\People\Common\function.php 第 66 行.
NOTIC: [2] Invalid argument supplied for foreach() F:\wamp64\www\yoyo\Application\People\Common\function.php 第 72 行.
SQL: SELECT `uid` FROM `ocenter_member` WHERE `status` = 1 ORDER BY fans desc LIMIT 4   [ RunTime:0.000000s ]
SQL: select pos_province,pos_city,pos_district from `ocenter_member`,`ocenter_ucenter_member` where uid=id and uid=100 limit 1 [ RunTime:0.000000s ]
SQL: SELECT * FROM `ocenter_follow` WHERE `who_follow` = 1 AND `follow_who` = 100 LIMIT 1   [ RunTime:0.000000s ]
SQL: select pos_province,pos_city,pos_district,score1 from `ocenter_member`,`ocenter_ucenter_member` where uid=id and uid=101 limit 1 [ RunTime:0.000000s ]
SQL: SELECT * FROM `ocenter_follow` WHERE `who_follow` = 1 AND `follow_who` = 101 LIMIT 1   [ RunTime:0.000000s ]
NOTIC: [8] Undefined offset: 1 F:\wamp64\www\yoyo\Application\Ucenter\Model\TitleModel.class.php 第 96 行.
NOTIC: [8] Undefined offset: 1 F:\wamp64\www\yoyo\Application\Ucenter\Model\TitleModel.class.php 第 96 行.
NOTIC: [2] unlink(./Runtime/Temp/4bc3b2d1d0d2101df4814c71d5b7b91b.php): No such file or directory F:\wamp64\www\yoyo\ThinkPHP\Library\Think\Cache\Driver\File.class.php 第 157 行.
NOTIC: [2] unlink(./Runtime/Temp/e053af29aba9ea3bfb469c284eaee23b.php): No such file or directory F:\wamp64\www\yoyo\ThinkPHP\Library\Think\Cache\Driver\File.class.php 第 157 行.
SQL: SHOW COLUMNS FROM `ocenter_rank_user` [ RunTime:0.010000s ]
SQL: SELECT * FROM `ocenter_rank_user` WHERE `uid` = 101 AND `status` = 1  [ RunTime:0.000000s ]
NOTIC: [2] Invalid argument supplied for foreach() F:\wamp64\www\yoyo\Application\Common\Model\UserModel.class.php 第 492 行.
SQL: SHOW COLUMNS FROM `ocenter_follow` [ RunTime:0.000000s ]
SQL: SELECT COUNT(*) AS tp_count FROM `ocenter_follow` WHERE ( follow_who=101 ) LIMIT 1   [ RunTime:0.000000s ]
SQL: SELECT COUNT(*) AS tp_count FROM `ocenter_follow` WHERE ( who_follow=101 ) LIMIT 1   [ RunTime:0.000000s ]
SQL: SELECT COUNT(*) AS tp_count FROM `ocenter_follow` WHERE `who_follow` = 1 AND `follow_who` = 1 LIMIT 1   [ RunTime:0.000000s ]
SQL: SELECT COUNT(*) AS tp_count FROM `ocenter_follow` WHERE `who_follow` = 1 AND `follow_who` = 100 LIMIT 1   [ RunTime:0.000000s ]
SQL: SELECT COUNT(*) AS tp_count FROM `ocenter_follow` WHERE `who_follow` = 1 AND `follow_who` = 101 LIMIT 1   [ RunTime:0.000000s ]
SQL: SELECT `value` FROM `ocenter_config` WHERE `name` = '_PEOPLE_SHOW_ROLE_TAB' LIMIT 1   [ RunTime:0.000000s ]
SQL: SHOW COLUMNS FROM `ocenter_user_tag` [ RunTime:0.000000s ]
SQL: SELECT `id`,`title`,`status`,`pid`,`sort` FROM `ocenter_user_tag` WHERE `status` = 1 ORDER BY sort  [ RunTime:0.000000s ]
SQL: SHOW COLUMNS FROM `ocenter_member` [ RunTime:0.000000s ]
SQL: SELECT count(1) as count FROM `ocenter_member` WHERE `status` = 1 AND `last_login_time` <> 0 LIMIT 1   [ RunTime:0.000000s ]
NOTIC: [8] Undefined index: header F:\wamp64\www\yoyo\ThinkPHP\Library\Think\Page.class.php 第 143 行.
NOTIC: [8] Undefined variable: the_first F:\wamp64\www\yoyo\ThinkPHP\Library\Think\Page.class.php 第 143 行.
NOTIC: [8] Undefined variable: the_end F:\wamp64\www\yoyo\ThinkPHP\Library\Think\Page.class.php 第 143 行.
SQL: SELECT * FROM `ocenter_member` WHERE `status` = 1 AND `last_login_time` <> 0 ORDER BY last_login_time desc LIMIT 0,12   [ RunTime:0.000000s ]
SQL: SHOW COLUMNS FROM `ocenter_user_config` [ RunTime:0.000000s ]
SQL: SELECT * FROM `ocenter_follow` WHERE `who_follow` = 1 AND `follow_who` = 100 LIMIT 1   [ RunTime:0.000000s ]
SQL: SHOW COLUMNS FROM `ocenter_district` [ RunTime:0.000000s ]
SQL: SELECT `name` FROM `ocenter_district` WHERE `id` = 0 LIMIT 1   [ RunTime:0.000000s ]
SQL: SELECT `name` FROM `ocenter_district` WHERE `id` = 0 LIMIT 1   [ RunTime:0.000000s ]
SQL: SELECT `name` FROM `ocenter_district` WHERE `id` = 0 LIMIT 1   [ RunTime:0.000000s ]
NOTIC: [8] Undefined offset: 1 F:\wamp64\www\yoyo\Application\Ucenter\Model\TitleModel.class.php 第 96 行.
NOTIC: [8] Undefined offset: 1 F:\wamp64\www\yoyo\Application\Ucenter\Model\TitleModel.class.php 第 96 行.
NOTIC: [8] Undefined offset: 1 F:\wamp64\www\yoyo\Application\Ucenter\Model\TitleModel.class.php 第 96 行.
NOTIC: [8] Undefined offset: 1 F:\wamp64\www\yoyo\Application\Ucenter\Model\TitleModel.class.php 第 96 行.
NOTIC: [8] Undefined index: show_role F:\wamp64\www\yoyo\Application\Common\Common\role.php 第 54 行.
SQL: SELECT * FROM `ocenter_user_config` WHERE `uid` = 100 AND `name` = 'user_cover' AND `role_id` = 0 AND `model` = '' LIMIT 1   [ RunTime:0.000000s ]
SQL: SHOW COLUMNS FROM `ocenter_picture` [ RunTime:0.000000s ]
SQL: SELECT * FROM `ocenter_picture` WHERE `status` = 1 AND `id` = null LIMIT 1   [ RunTime:0.000000s ]
NOTIC: [2] unlink(./Runtime/Temp/945c180f3240ad0e35d9eb8beb06401b.php): No such file or directory F:\wamp64\www\yoyo\ThinkPHP\Library\Think\Cache\Driver\File.class.php 第 157 行.
NOTIC: [2] unlink(./Runtime/Temp/deec309cb1249b5b7776ac8c8f45123b.php): No such file or directory F:\wamp64\www\yoyo\ThinkPHP\Library\Think\Cache\Driver\File.class.php 第 157 行.
SQL: SELECT `name` FROM `ocenter_district` WHERE `id` = 0 LIMIT 1   [ RunTime:0.000000s ]
SQL: SELECT `name` FROM `ocenter_district` WHERE `id` = 0 LIMIT 1   [ RunTime:0.000000s ]
SQL: SELECT `name` FROM `ocenter_district` WHERE `id` = 0 LIMIT 1   [ RunTime:0.000000s ]
NOTIC: [8] Undefined offset: 1 F:\wamp64\www\yoyo\Application\Ucenter\Model\TitleModel.class.php 第 96 行.
NOTIC: [8] Undefined offset: 1 F:\wamp64\www\yoyo\Application\Ucenter\Model\TitleModel.class.php 第 96 行.
NOTIC: [8] Undefined offset: 1 F:\wamp64\www\yoyo\Application\Ucenter\Model\TitleModel.class.php 第 96 行.
NOTIC: [8] Undefined offset: 1 F:\wamp64\www\yoyo\Application\Ucenter\Model\TitleModel.class.php 第 96 行.
SQL: SELECT * FROM `ocenter_user_config` WHERE `uid` = 1 AND `name` = 'user_cover' AND `role_id` = 0 AND `model` = '' LIMIT 1   [ RunTime:0.000000s ]
SQL: SELECT * FROM `ocenter_picture` WHERE `status` = 1 AND `id` = null LIMIT 1   [ RunTime:0.000000s ]
NOTIC: [2] unlink(./Runtime/Temp/945c180f3240ad0e35d9eb8beb06401b.php): No such file or directory F:\wamp64\www\yoyo\ThinkPHP\Library\Think\Cache\Driver\File.class.php 第 157 行.
NOTIC: [2] unlink(./Runtime/Temp/deec309cb1249b5b7776ac8c8f45123b.php): No such file or directory F:\wamp64\www\yoyo\ThinkPHP\Library\Think\Cache\Driver\File.class.php 第 157 行.
SQL: SELECT COUNT(*) AS tp_count FROM `ocenter_follow` WHERE `who_follow` = 1 AND `follow_who` = 1 LIMIT 1   [ RunTime:0.000000s ]
INFO: [ view_parse ] --START--
INFO: [ template_filter ] --START--
INFO: Run Behavior\ContentReplaceBehavior [ RunTime:0.000000s ]
INFO: [ template_filter ] --END-- [ RunTime:0.000000s ]
INFO: [ syncMeta ] --START--
INFO: Run Addons\SyncLogin\SyncLoginAddon [ RunTime:0.000000s ]
INFO: [ syncMeta ] --END-- [ RunTime:0.000000s ]
NOTIC: [8] Undefined variable: seo F:\wamp64\www\yoyo\Runtime\Cache\People\6ef1c8f2cea7316f39547add01bf3380.php 第 9 行.
SQL: SHOW COLUMNS FROM `ocenter_seo_rule` [ RunTime:0.000000s ]
NOTIC: [8192] mysql_escape_string(): This function is deprecated; use mysql_real_escape_string() instead. F:\wamp64\www\yoyo\Application\Common\Model\SeoRuleModel.class.php 第 78 行.
NOTIC: [8192] mysql_escape_string(): This function is deprecated; use mysql_real_escape_string() instead. F:\wamp64\www\yoyo\Application\Common\Model\SeoRuleModel.class.php 第 79 行.
NOTIC: [8192] mysql_escape_string(): This function is deprecated; use mysql_real_escape_string() instead. F:\wamp64\www\yoyo\Application\Common\Model\SeoRuleModel.class.php 第 80 行.
SQL: SELECT * FROM `ocenter_seo_rule` WHERE ( (app='' or app='People') and (controller='' or controller='Index') and (action='' or action='index') and status=1 ) ORDER BY sort asc  [ RunTime:0.000000s ]
INFO: [ view_parse ] --START--
INFO: [ template_filter ] --START--
INFO: Run Behavior\ContentReplaceBehavior [ RunTime:0.000000s ]
INFO: [ template_filter ] --END-- [ RunTime:-0.030000s ]
INFO: Run Behavior\ParseTemplateBehavior [ RunTime:0.000000s ]
INFO: [ view_parse ] --END-- [ RunTime:0.000000s ]
INFO: [ view_filter ] --START--
INFO: Run Behavior\WriteHtmlCacheBehavior [ RunTime:0.000000s ]
INFO: [ view_filter ] --END-- [ RunTime:0.010000s ]
INFO: [ view_parse ] --START--
INFO: Run Behavior\ParseTemplateBehavior [ RunTime:0.000000s ]
INFO: [ view_parse ] --END-- [ RunTime:-0.010000s ]
INFO: [ view_filter ] --START--
INFO: Run Behavior\WriteHtmlCacheBehavior [ RunTime:0.000000s ]
INFO: [ view_filter ] --END-- [ RunTime:0.000000s ]
INFO: [ view_parse ] --START--
INFO: Run Behavior\ParseTemplateBehavior [ RunTime:0.000000s ]
INFO: [ view_parse ] --END-- [ RunTime:-0.010000s ]
INFO: [ view_filter ] --START--
INFO: Run Behavior\WriteHtmlCacheBehavior [ RunTime:0.000000s ]
INFO: [ view_filter ] --END-- [ RunTime:0.000000s ]
SQL: SELECT `type`,`name`,`value` FROM `ocenter_config` WHERE `status` = 1  [ RunTime:0.000000s ]
SQL: SHOW COLUMNS FROM `ocenter_pushing` [ RunTime:0.000000s ]
ERR: 1146:Table 'yoyobit.ocenter_pushing' doesn't exist
 [ SQL语句 ] : SHOW COLUMNS FROM `ocenter_pushing`
SQL: SHOW COLUMNS FROM `ocenter_member` [ RunTime:0.000000s ]
SQL: SELECT `value` FROM `ocenter_config` WHERE `name` = '_CONFIG_LOGO' LIMIT 1   [ RunTime:0.000000s ]
SQL: SHOW COLUMNS FROM `ocenter_channel` [ RunTime:0.000000s ]
NOTIC: [8] Undefined index: _ F:\wamp64\www\yoyo\Runtime\Cache\People\6ef1c8f2cea7316f39547add01bf3380.php 第 142 行.
NOTIC: [8] Undefined index: _ F:\wamp64\www\yoyo\Runtime\Cache\People\6ef1c8f2cea7316f39547add01bf3380.php 第 142 行.
NOTIC: [8] Undefined index: _ F:\wamp64\www\yoyo\Runtime\Cache\People\6ef1c8f2cea7316f39547add01bf3380.php 第 142 行.
NOTIC: [8] Undefined index: _ F:\wamp64\www\yoyo\Runtime\Cache\People\6ef1c8f2cea7316f39547add01bf3380.php 第 142 行.
SQL: SELECT `reg_time` FROM `ocenter_member` WHERE `uid` = 1 LIMIT 1   [ RunTime:0.000000s ]
SQL: SELECT * FROM `ocenter_user_config` WHERE `uid` = 1 AND `name` = 'user_cover' AND `role_id` = 0 AND `model` = '' LIMIT 1   [ RunTime:0.000000s ]
SQL: SELECT * FROM `ocenter_picture` WHERE `status` = 1 AND `id` = null LIMIT 1   [ RunTime:0.000000s ]
NOTIC: [2] unlink(./Runtime/Temp/945c180f3240ad0e35d9eb8beb06401b.php): No such file or directory F:\wamp64\www\yoyo\ThinkPHP\Library\Think\Cache\Driver\File.class.php 第 157 行.
NOTIC: [2] unlink(./Runtime/Temp/deec309cb1249b5b7776ac8c8f45123b.php): No such file or directory F:\wamp64\www\yoyo\ThinkPHP\Library\Think\Cache\Driver\File.class.php 第 157 行.
NOTIC: [8] Undefined offset: 1 F:\wamp64\www\yoyo\Application\Ucenter\Model\TitleModel.class.php 第 96 行.
NOTIC: [8] Undefined offset: 1 F:\wamp64\www\yoyo\Application\Ucenter\Model\TitleModel.class.php 第 96 行.
NOTIC: [8] Undefined offset: 1 F:\wamp64\www\yoyo\Application\Ucenter\Model\TitleModel.class.php 第 96 行.
NOTIC: [8] Undefined offset: 1 F:\wamp64\www\yoyo\Application\Ucenter\Model\TitleModel.class.php 第 96 行.
SQL: SELECT `value` FROM `ocenter_config` WHERE `name` = '_CONFIG_LOGO' LIMIT 1   [ RunTime:0.000000s ]
NOTIC: [8] Undefined variable: tag_id F:\wamp64\www\yoyo\Runtime\Cache\People\6ef1c8f2cea7316f39547add01bf3380.php 第 478 行.
NOTIC: [8] Undefined variable: role_id F:\wamp64\www\yoyo\Runtime\Cache\People\6ef1c8f2cea7316f39547add01bf3380.php 第 479 行.
NOTIC: [8] Undefined variable: nickname F:\wamp64\www\yoyo\Runtime\Cache\People\6ef1c8f2cea7316f39547add01bf3380.php 第 484 行.
NOTIC: [8] Undefined variable: role_list F:\wamp64\www\yoyo\Runtime\Cache\People\6ef1c8f2cea7316f39547add01bf3380.php 第 550 行.
NOTIC: [8] Undefined index: tag_list F:\wamp64\www\yoyo\Runtime\Cache\People\6ef1c8f2cea7316f39547add01bf3380.php 第 558 行.
SQL: SELECT `type`,`name`,`value` FROM `ocenter_config` WHERE `status` = 1  [ RunTime:0.000000s ]
NOTIC: [8] Undefined variable: token F:\wamp64\www\yoyo\Application\Common\Model\ModuleModel.class.php 第 242 行.
NOTIC: [8] Undefined variable: res F:\wamp64\www\yoyo\Application\Common\Common\role.php 第 147 行.
INFO: [ action_begin ] --START--
INFO: Run Common\Behavior\InitModuleInfoBehavior [ RunTime:0.000000s ]
INFO: [ action_begin ] --END-- [ RunTime:-0.240000s ]
NOTIC: [2] Missing argument 1 for Common\Widget\SuperLinksWidget::superLinks() F:\wamp64\www\yoyo\Application\Common\Widget\SuperLinksWidget.class.php 第 15 行.
SQL: SHOW COLUMNS FROM `ocenter_super_links` [ RunTime:0.000000s ]
SQL: SELECT * FROM `ocenter_super_links` WHERE ( status = 1 ) ORDER BY level desc,id asc  [ RunTime:0.000000s ]
NOTIC: [2] Invalid argument supplied for foreach() F:\wamp64\www\yoyo\Application\Common\Model\SuperLinksModel.class.php 第 37 行.
NOTIC: [8] Undefined variable: data F:\wamp64\www\yoyo\Application\Common\Model\SuperLinksModel.class.php 第 48 行.
NOTIC: [8] Undefined variable: param F:\wamp64\www\yoyo\Application\Common\Widget\SuperLinksWidget.class.php 第 19 行.
INFO: [ view_parse ] --START--
INFO: [ template_filter ] --START--
INFO: Run Behavior\ContentReplaceBehavior [ RunTime:0.000000s ]
INFO: [ template_filter ] --END-- [ RunTime:-0.070000s ]
INFO: Run Behavior\ParseTemplateBehavior [ RunTime:0.000000s ]
INFO: [ view_parse ] --END-- [ RunTime:-0.040000s ]
INFO: [ view_filter ] --START--
INFO: Run Behavior\WriteHtmlCacheBehavior [ RunTime:0.000000s ]
INFO: [ view_filter ] --END-- [ RunTime:-0.030000s ]
SQL: SELECT `value` FROM `ocenter_config` WHERE `name` = '_CONFIG_QRCODE_BOTTOM' LIMIT 1   [ RunTime:0.000000s ]
NOTIC: [8] Undefined variable: site F:\wamp64\www\yoyo\Runtime\Cache\People\6ef1c8f2cea7316f39547add01bf3380.php 第 738 行.
INFO: [ pageFooter ] --START--
INFO: Run Addons\SuperLinks\SuperLinksAddon [ RunTime:0.000000s ]
INFO: [ pageFooter ] --END-- [ RunTime:0.000000s ]
SQL: SELECT `type`,`name`,`value` FROM `ocenter_config` WHERE `status` = 1  [ RunTime:0.000000s ]
NOTIC: [8] Undefined variable: token F:\wamp64\www\yoyo\Application\Common\Model\ModuleModel.class.php 第 242 行.
NOTIC: [8] Undefined variable: res F:\wamp64\www\yoyo\Application\Common\Common\role.php 第 147 行.
INFO: [ action_begin ] --START--
INFO: Run Common\Behavior\InitModuleInfoBehavior [ RunTime:0.000000s ]
INFO: [ action_begin ] --END-- [ RunTime:-0.260000s ]
SQL: SELECT `type`,`name`,`value` FROM `ocenter_config` WHERE `status` = 1  [ RunTime:0.000000s ]
NOTIC: [8] Undefined variable: token F:\wamp64\www\yoyo\Application\Common\Model\ModuleModel.class.php 第 242 行.
NOTIC: [8] Undefined variable: res F:\wamp64\www\yoyo\Application\Common\Common\role.php 第 147 行.
INFO: [ action_begin ] --START--
INFO: Run Common\Behavior\InitModuleInfoBehavior [ RunTime:0.000000s ]
INFO: [ action_begin ] --END-- [ RunTime:-0.260000s ]
INFO: [ view_parse ] --START--
INFO: [ template_filter ] --START--
INFO: Run Behavior\ContentReplaceBehavior [ RunTime:0.000000s ]
INFO: [ template_filter ] --END-- [ RunTime:-0.090000s ]
INFO: Run Behavior\ParseTemplateBehavior [ RunTime:0.000000s ]
INFO: [ view_parse ] --END-- [ RunTime:-0.060000s ]
INFO: [ view_filter ] --START--
INFO: Run Behavior\WriteHtmlCacheBehavior [ RunTime:0.000000s ]
INFO: [ view_filter ] --END-- [ RunTime:-0.050000s ]
INFO: Run Behavior\ParseTemplateBehavior [ RunTime:0.000000s ]
INFO: [ view_parse ] --END-- [ RunTime:-0.060000s ]
INFO: [ view_filter ] --START--
INFO: Run Behavior\WriteHtmlCacheBehavior [ RunTime:0.000000s ]
INFO: [ view_filter ] --END-- [ RunTime:-0.050000s ]
INFO: [ app_end ] --START--
INFO: Run Behavior\ShowPageTraceBehavior [ RunTime:0.000000s ]
INFO: [ app_end ] --END-- [ RunTime:0.000000s ]

[ 2017-09-29T16:15:31+08:00 ] 127.0.0.1 /yoyo/index.php?s=/people/index/area.html
INFO: [ app_init ] --START--
INFO: Run Behavior\BuildLiteBehavior [ RunTime:0.000000s ]
INFO: Run Common\Behavior\InitHookBehavior [ RunTime:0.000000s ]
INFO: [ app_init ] --END-- [ RunTime:0.000000s ]
NOTIC: [8] Undefined index: router F:\wamp64\www\yoyo\Application\Common\Common\function.php 第 1936 行.
NOTIC: [8] Undefined index: router F:\wamp64\www\yoyo\Application\Common\Common\function.php 第 1936 行.
NOTIC: [8] Undefined index: router F:\wamp64\www\yoyo\Application\Common\Common\function.php 第 1936 行.
NOTIC: [8] Undefined index: router F:\wamp64\www\yoyo\Application\Common\Common\function.php 第 1936 行.
NOTIC: [8] Undefined index: router F:\wamp64\www\yoyo\Application\Common\Common\function.php 第 1936 行.
SQL: SHOW COLUMNS FROM `ocenter_config` [ RunTime:0.000000s ]
SQL: SELECT `type`,`name`,`value` FROM `ocenter_config` WHERE `status` = 1  [ RunTime:0.000000s ]
INFO: [ app_begin ] --START--
INFO: Run Behavior\ReadHtmlCacheBehavior [ RunTime:0.000000s ]
INFO: Run Behavior\CheckLangBehavior [ RunTime:0.010000s ]
INFO: [ app_begin ] --END-- [ RunTime:0.010000s ]
NOTIC: [8192] mysql_connect(): The mysql extension is deprecated and will be removed in the future: use mysqli or PDO instead F:\wamp64\www\yoyo\ThinkPHP\Library\Think\Session\Driver\Db.class.php 第 95 行.
SQL: SHOW COLUMNS FROM `ocenter_module` [ RunTime:0.000000s ]
SQL: SELECT `type`,`name`,`value` FROM `ocenter_config` WHERE `status` = 1  [ RunTime:0.000000s ]
NOTIC: [8] Undefined variable: token F:\wamp64\www\yoyo\Application\Common\Model\ModuleModel.class.php 第 242 行.
NOTIC: [8] Undefined variable: res F:\wamp64\www\yoyo\Application\Common\Common\role.php 第 147 行.
INFO: [ action_begin ] --START--
INFO: Run Common\Behavior\InitModuleInfoBehavior [ RunTime:0.000000s ]
INFO: [ action_begin ] --END-- [ RunTime:0.000000s ]
SQL: SHOW COLUMNS FROM `ocenter_member` [ RunTime:0.000000s ]
SQL: SELECT `uid` FROM `ocenter_member` WHERE `status` = 1 ORDER BY reg_time desc LIMIT 1   [ RunTime:0.000000s ]
SQL: SHOW COLUMNS FROM `ocenter_follow` [ RunTime:0.000000s ]
SQL: SELECT * FROM `ocenter_follow` WHERE `who_follow` = 1  [ RunTime:0.000000s ]
NOTIC: [2] Invalid argument supplied for foreach() F:\wamp64\www\yoyo\Application\People\Common\function.php 第 24 行.
NOTIC: [2] Invalid argument supplied for foreach() F:\wamp64\www\yoyo\Application\People\Common\function.php 第 27 行.
SQL: SHOW COLUMNS FROM `ocenter_follow` [ RunTime:0.000000s ]
SQL: SELECT `follow_who` FROM `ocenter_follow` WHERE `who_follow` = 1  [ RunTime:0.000000s ]
SQL: SELECT `who_follow` FROM `ocenter_follow` WHERE `follow_who` = 1  [ RunTime:0.000000s ]
SQL: SELECT `follow_who` FROM `ocenter_follow` WHERE `who_follow` = 100  [ RunTime:0.000000s ]
SQL: SELECT * FROM `ocenter_follow` WHERE `who_follow` = 1  [ RunTime:0.000000s ]
NOTIC: [8] Undefined variable: arrFriend F:\wamp64\www\yoyo\Application\People\Common\function.php 第 66 行.
NOTIC: [8] Undefined variable: arrFriend F:\wamp64\www\yoyo\Application\People\Common\function.php 第 66 行.
NOTIC: [2] Invalid argument supplied for foreach() F:\wamp64\www\yoyo\Application\People\Common\function.php 第 72 行.
SQL: SHOW COLUMNS FROM `ocenter_member` [ RunTime:0.000000s ]
SQL: SELECT count(1) as count FROM `ocenter_member` WHERE `pos_province` <> '' AND `status` = 1 AND `last_login_time` <> 0 LIMIT 1   [ RunTime:0.000000s ]
SQL: SHOW COLUMNS FROM `ocenter_user_config` [ RunTime:0.000000s ]
NOTIC: [2] Invalid argument supplied for foreach() F:\wamp64\www\yoyo\Application\People\Controller\IndexController.class.php 第 115 行.
SQL: SHOW COLUMNS FROM `ocenter_district` [ RunTime:0.000000s ]
SQL: SHOW COLUMNS FROM `ocenter_member` [ RunTime:0.000000s ]
SQL: SELECT * FROM `ocenter_district` WHERE `upid` = 0  [ RunTime:0.000000s ]
SQL: SELECT COUNT(*) AS tp_count FROM `ocenter_member` WHERE `pos_province` = 110000 LIMIT 1   [ RunTime:0.000000s ]
SQL: SELECT COUNT(*) AS tp_count FROM `ocenter_member` WHERE `pos_province` = 120000 LIMIT 1   [ RunTime:0.000000s ]
SQL: SELECT COUNT(*) AS tp_count FROM `ocenter_member` WHERE `pos_province` = 130000 LIMIT 1   [ RunTime:0.000000s ]
SQL: SELECT COUNT(*) AS tp_count FROM `ocenter_member` WHERE `pos_province` = 140000 LIMIT 1   [ RunTime:0.000000s ]
SQL: SELECT COUNT(*) AS tp_count FROM `ocenter_member` WHERE `pos_province` = 150000 LIMIT 1   [ RunTime:0.000000s ]
SQL: SELECT COUNT(*) AS tp_count FROM `ocenter_member` WHERE `pos_province` = 210000 LIMIT 1   [ RunTime:0.000000s ]
SQL: SELECT COUNT(*) AS tp_count FROM `ocenter_member` WHERE `pos_province` = 220000 LIMIT 1   [ RunTime:0.000000s ]
SQL: SELECT COUNT(*) AS tp_count FROM `ocenter_member` WHERE `pos_province` = 230000 LIMIT 1   [ RunTime:0.000000s ]
SQL: SELECT COUNT(*) AS tp_count FROM `ocenter_member` WHERE `pos_province` = 310000 LIMIT 1   [ RunTime:0.000000s ]
SQL: SELECT COUNT(*) AS tp_count FROM `ocenter_member` WHERE `pos_province` = 320000 LIMIT 1   [ RunTime:0.000000s ]
SQL: SELECT COUNT(*) AS tp_count FROM `ocenter_member` WHERE `pos_province` = 330000 LIMIT 1   [ RunTime:0.000000s ]
SQL: SELECT COUNT(*) AS tp_count FROM `ocenter_member` WHERE `pos_province` = 340000 LIMIT 1   [ RunTime:0.000000s ]
SQL: SELECT COUNT(*) AS tp_count FROM `ocenter_member` WHERE `pos_province` = 350000 LIMIT 1   [ RunTime:0.000000s ]
SQL: SELECT COUNT(*) AS tp_count FROM `ocenter_member` WHERE `pos_province` = 360000 LIMIT 1   [ RunTime:0.000000s ]
SQL: SELECT COUNT(*) AS tp_count FROM `ocenter_member` WHERE `pos_province` = 370000 LIMIT 1   [ RunTime:0.000000s ]
SQL: SELECT COUNT(*) AS tp_count FROM `ocenter_member` WHERE `pos_province` = 410000 LIMIT 1   [ RunTime:0.000000s ]
SQL: SELECT COUNT(*) AS tp_count FROM `ocenter_member` WHERE `pos_province` = 420000 LIMIT 1   [ RunTime:0.000000s ]
SQL: SELECT COUNT(*) AS tp_count FROM `ocenter_member` WHERE `pos_province` = 430000 LIMIT 1   [ RunTime:0.000000s ]
SQL: SELECT COUNT(*) AS tp_count FROM `ocenter_member` WHERE `pos_province` = 440000 LIMIT 1   [ RunTime:0.000000s ]
SQL: SELECT COUNT(*) AS tp_count FROM `ocenter_member` WHERE `pos_province` = 450000 LIMIT 1   [ RunTime:0.000000s ]
SQL: SELECT COUNT(*) AS tp_count FROM `ocenter_member` WHERE `pos_province` = 460000 LIMIT 1   [ RunTime:0.000000s ]
SQL: SELECT COUNT(*) AS tp_count FROM `ocenter_member` WHERE `pos_province` = 500000 LIMIT 1   [ RunTime:0.000000s ]
SQL: SELECT COUNT(*) AS tp_count FROM `ocenter_member` WHERE `pos_province` = 510000 LIMIT 1   [ RunTime:0.000000s ]
SQL: SELECT COUNT(*) AS tp_count FROM `ocenter_member` WHERE `pos_province` = 520000 LIMIT 1   [ RunTime:0.000000s ]
SQL: SELECT COUNT(*) AS tp_count FROM `ocenter_member` WHERE `pos_province` = 530000 LIMIT 1   [ RunTime:0.000000s ]
SQL: SELECT COUNT(*) AS tp_count FROM `ocenter_member` WHERE `pos_province` = 540000 LIMIT 1   [ RunTime:0.000000s ]
SQL: SELECT COUNT(*) AS tp_count FROM `ocenter_member` WHERE `pos_province` = 610000 LIMIT 1   [ RunTime:0.000000s ]
SQL: SELECT COUNT(*) AS tp_count FROM `ocenter_member` WHERE `pos_province` = 620000 LIMIT 1   [ RunTime:0.000000s ]
SQL: SELECT COUNT(*) AS tp_count FROM `ocenter_member` WHERE `pos_province` = 630000 LIMIT 1   [ RunTime:0.000000s ]
SQL: SELECT COUNT(*) AS tp_count FROM `ocenter_member` WHERE `pos_province` = 640000 LIMIT 1   [ RunTime:0.000000s ]
SQL: SELECT COUNT(*) AS tp_count FROM `ocenter_member` WHERE `pos_province` = 650000 LIMIT 1   [ RunTime:0.000000s ]
SQL: SELECT COUNT(*) AS tp_count FROM `ocenter_member` WHERE `pos_province` = 710000 LIMIT 1   [ RunTime:0.000000s ]
SQL: SELECT COUNT(*) AS tp_count FROM `ocenter_member` WHERE `pos_province` = 810000 LIMIT 1   [ RunTime:0.000000s ]
SQL: SELECT COUNT(*) AS tp_count FROM `ocenter_member` WHERE `pos_province` = 820000 LIMIT 1   [ RunTime:0.000000s ]
NOTIC: [2] Invalid argument supplied for foreach() F:\wamp64\www\yoyo\Application\People\Controller\IndexController.class.php 第 172 行.
NOTIC: [8] Undefined variable: arr F:\wamp64\www\yoyo\Application\People\Controller\IndexController.class.php 第 177 行.
INFO: [ view_parse ] --START--
INFO: [ template_filter ] --START--
INFO: Run Behavior\ContentReplaceBehavior [ RunTime:0.000000s ]
INFO: [ template_filter ] --END-- [ RunTime:0.000000s ]
INFO: [ syncMeta ] --START--
INFO: Run Addons\SyncLogin\SyncLoginAddon [ RunTime:0.000000s ]
INFO: [ syncMeta ] --END-- [ RunTime:0.000000s ]
NOTIC: [8] Undefined variable: seo F:\wamp64\www\yoyo\Runtime\Cache\People\0129cd10a44d14e7d86e075b55a9255c.php 第 9 行.
SQL: SHOW COLUMNS FROM `ocenter_seo_rule` [ RunTime:0.000000s ]
NOTIC: [8192] mysql_escape_string(): This function is deprecated; use mysql_real_escape_string() instead. F:\wamp64\www\yoyo\Application\Common\Model\SeoRuleModel.class.php 第 78 行.
NOTIC: [8192] mysql_escape_string(): This function is deprecated; use mysql_real_escape_string() instead. F:\wamp64\www\yoyo\Application\Common\Model\SeoRuleModel.class.php 第 79 行.
NOTIC: [8192] mysql_escape_string(): This function is deprecated; use mysql_real_escape_string() instead. F:\wamp64\www\yoyo\Application\Common\Model\SeoRuleModel.class.php 第 80 行.
SQL: SELECT * FROM `ocenter_seo_rule` WHERE ( (app='' or app='People') and (controller='' or controller='Index') and (action='' or action='area') and status=1 ) ORDER BY sort asc  [ RunTime:0.000000s ]
SQL: SELECT `type`,`name`,`value` FROM `ocenter_config` WHERE `status` = 1  [ RunTime:0.000000s ]
SQL: SHOW COLUMNS FROM `ocenter_pushing` [ RunTime:0.000000s ]
ERR: 1146:Table 'yoyobit.ocenter_pushing' doesn't exist
 [ SQL语句 ] : SHOW COLUMNS FROM `ocenter_pushing`
SQL: SHOW COLUMNS FROM `ocenter_member` [ RunTime:0.000000s ]
SQL: SELECT `value` FROM `ocenter_config` WHERE `name` = '_CONFIG_LOGO' LIMIT 1   [ RunTime:0.000000s ]
SQL: SHOW COLUMNS FROM `ocenter_channel` [ RunTime:0.000000s ]
NOTIC: [8] Undefined index: _ F:\wamp64\www\yoyo\Runtime\Cache\People\0129cd10a44d14e7d86e075b55a9255c.php 第 142 行.
NOTIC: [8] Undefined index: _ F:\wamp64\www\yoyo\Runtime\Cache\People\0129cd10a44d14e7d86e075b55a9255c.php 第 142 行.
NOTIC: [8] Undefined index: _ F:\wamp64\www\yoyo\Runtime\Cache\People\0129cd10a44d14e7d86e075b55a9255c.php 第 142 行.
NOTIC: [8] Undefined index: _ F:\wamp64\www\yoyo\Runtime\Cache\People\0129cd10a44d14e7d86e075b55a9255c.php 第 142 行.
SQL: SELECT `reg_time` FROM `ocenter_member` WHERE `uid` = 1 LIMIT 1   [ RunTime:0.000000s ]
SQL: SELECT * FROM `ocenter_user_config` WHERE `uid` = 1 AND `name` = 'user_cover' AND `role_id` = 0 AND `model` = '' LIMIT 1   [ RunTime:0.000000s ]
SQL: SHOW COLUMNS FROM `ocenter_picture` [ RunTime:0.010000s ]
SQL: SELECT * FROM `ocenter_picture` WHERE `status` = 1 AND `id` = null LIMIT 1   [ RunTime:0.000000s ]
NOTIC: [2] unlink(./Runtime/Temp/945c180f3240ad0e35d9eb8beb06401b.php): No such file or directory F:\wamp64\www\yoyo\ThinkPHP\Library\Think\Cache\Driver\File.class.php 第 157 行.
NOTIC: [2] unlink(./Runtime/Temp/deec309cb1249b5b7776ac8c8f45123b.php): No such file or directory F:\wamp64\www\yoyo\ThinkPHP\Library\Think\Cache\Driver\File.class.php 第 157 行.
NOTIC: [8] Undefined offset: 1 F:\wamp64\www\yoyo\Application\Ucenter\Model\TitleModel.class.php 第 96 行.
NOTIC: [8] Undefined offset: 1 F:\wamp64\www\yoyo\Application\Ucenter\Model\TitleModel.class.php 第 96 行.
NOTIC: [8] Undefined offset: 1 F:\wamp64\www\yoyo\Application\Ucenter\Model\TitleModel.class.php 第 96 行.
NOTIC: [8] Undefined offset: 1 F:\wamp64\www\yoyo\Application\Ucenter\Model\TitleModel.class.php 第 96 行.
SQL: SELECT `value` FROM `ocenter_config` WHERE `name` = '_CONFIG_LOGO' LIMIT 1   [ RunTime:0.000000s ]
NOTIC: [8] Undefined variable: tag_id F:\wamp64\www\yoyo\Runtime\Cache\People\0129cd10a44d14e7d86e075b55a9255c.php 第 478 行.
NOTIC: [8] Undefined variable: role_id F:\wamp64\www\yoyo\Runtime\Cache\People\0129cd10a44d14e7d86e075b55a9255c.php 第 479 行.
NOTIC: [8] Undefined variable: nickname F:\wamp64\www\yoyo\Runtime\Cache\People\0129cd10a44d14e7d86e075b55a9255c.php 第 484 行.
SQL: SELECT `type`,`name`,`value` FROM `ocenter_config` WHERE `status` = 1  [ RunTime:0.000000s ]
NOTIC: [8] Undefined variable: token F:\wamp64\www\yoyo\Application\Common\Model\ModuleModel.class.php 第 242 行.
NOTIC: [8] Undefined variable: res F:\wamp64\www\yoyo\Application\Common\Common\role.php 第 147 行.
INFO: [ action_begin ] --START--
INFO: Run Common\Behavior\InitModuleInfoBehavior [ RunTime:0.000000s ]
INFO: [ action_begin ] --END-- [ RunTime:-0.150000s ]
NOTIC: [2] Missing argument 1 for Common\Widget\SuperLinksWidget::superLinks() F:\wamp64\www\yoyo\Application\Common\Widget\SuperLinksWidget.class.php 第 15 行.
SQL: SHOW COLUMNS FROM `ocenter_super_links` [ RunTime:0.000000s ]
SQL: SELECT * FROM `ocenter_super_links` WHERE ( status = 1 ) ORDER BY level desc,id asc  [ RunTime:0.000000s ]
NOTIC: [2] Invalid argument supplied for foreach() F:\wamp64\www\yoyo\Application\Common\Model\SuperLinksModel.class.php 第 37 行.
NOTIC: [8] Undefined variable: data F:\wamp64\www\yoyo\Application\Common\Model\SuperLinksModel.class.php 第 48 行.
NOTIC: [8] Undefined variable: param F:\wamp64\www\yoyo\Application\Common\Widget\SuperLinksWidget.class.php 第 19 行.
INFO: [ view_parse ] --START--
INFO: [ template_filter ] --START--
INFO: Run Behavior\ContentReplaceBehavior [ RunTime:0.000000s ]
INFO: [ template_filter ] --END-- [ RunTime:-0.070000s ]
INFO: Run Behavior\ParseTemplateBehavior [ RunTime:0.000000s ]
INFO: [ view_parse ] --END-- [ RunTime:0.000000s ]
INFO: [ view_filter ] --START--
INFO: Run Behavior\WriteHtmlCacheBehavior [ RunTime:0.000000s ]
INFO: [ view_filter ] --END-- [ RunTime:0.000000s ]
SQL: SELECT `value` FROM `ocenter_config` WHERE `name` = '_CONFIG_QRCODE_BOTTOM' LIMIT 1   [ RunTime:0.000000s ]
NOTIC: [8] Undefined variable: site F:\wamp64\www\yoyo\Runtime\Cache\People\0129cd10a44d14e7d86e075b55a9255c.php 第 729 行.
INFO: [ pageFooter ] --START--
INFO: Run Addons\SuperLinks\SuperLinksAddon [ RunTime:0.000000s ]
INFO: [ pageFooter ] --END-- [ RunTime:0.000000s ]
SQL: SELECT `type`,`name`,`value` FROM `ocenter_config` WHERE `status` = 1  [ RunTime:0.000000s ]
NOTIC: [8] Undefined variable: token F:\wamp64\www\yoyo\Application\Common\Model\ModuleModel.class.php 第 242 行.
NOTIC: [8] Undefined variable: res F:\wamp64\www\yoyo\Application\Common\Common\role.php 第 147 行.
INFO: [ action_begin ] --START--
INFO: Run Common\Behavior\InitModuleInfoBehavior [ RunTime:0.000000s ]
INFO: [ action_begin ] --END-- [ RunTime:-0.170000s ]
SQL: SELECT `type`,`name`,`value` FROM `ocenter_config` WHERE `status` = 1  [ RunTime:0.000000s ]
NOTIC: [8] Undefined variable: token F:\wamp64\www\yoyo\Application\Common\Model\ModuleModel.class.php 第 242 行.
NOTIC: [8] Undefined variable: res F:\wamp64\www\yoyo\Application\Common\Common\role.php 第 147 行.
INFO: [ action_begin ] --START--
INFO: Run Common\Behavior\InitModuleInfoBehavior [ RunTime:0.000000s ]
INFO: [ action_begin ] --END-- [ RunTime:-0.170000s ]
INFO: [ view_parse ] --START--
INFO: [ template_filter ] --START--
INFO: Run Behavior\ContentReplaceBehavior [ RunTime:0.000000s ]
INFO: [ template_filter ] --END-- [ RunTime:-0.090000s ]
INFO: Run Behavior\ParseTemplateBehavior [ RunTime:0.010000s ]
INFO: [ view_parse ] --END-- [ RunTime:-0.010000s ]
INFO: [ view_filter ] --START--
INFO: Run Behavior\WriteHtmlCacheBehavior [ RunTime:0.000000s ]
INFO: [ view_filter ] --END-- [ RunTime:-0.020000s ]
INFO: Run Behavior\ParseTemplateBehavior [ RunTime:0.010000s ]
INFO: [ view_parse ] --END-- [ RunTime:-0.010000s ]
INFO: [ view_filter ] --START--
INFO: Run Behavior\WriteHtmlCacheBehavior [ RunTime:0.000000s ]
INFO: [ view_filter ] --END-- [ RunTime:-0.020000s ]
INFO: [ app_end ] --START--
INFO: Run Behavior\ShowPageTraceBehavior [ RunTime:0.000000s ]
INFO: [ app_end ] --END-- [ RunTime:0.000000s ]

[ 2017-09-29T16:15:41+08:00 ] 127.0.0.1 /yoyo/index.php?s=/people/index/index.html
INFO: [ app_init ] --START--
INFO: Run Behavior\BuildLiteBehavior [ RunTime:0.000000s ]
INFO: Run Common\Behavior\InitHookBehavior [ RunTime:0.000000s ]
INFO: [ app_init ] --END-- [ RunTime:0.000000s ]
NOTIC: [8] Undefined index: router F:\wamp64\www\yoyo\Application\Common\Common\function.php 第 1936 行.
NOTIC: [8] Undefined index: router F:\wamp64\www\yoyo\Application\Common\Common\function.php 第 1936 行.
NOTIC: [8] Undefined index: router F:\wamp64\www\yoyo\Application\Common\Common\function.php 第 1936 行.
NOTIC: [8] Undefined index: router F:\wamp64\www\yoyo\Application\Common\Common\function.php 第 1936 行.
NOTIC: [8] Undefined index: router F:\wamp64\www\yoyo\Application\Common\Common\function.php 第 1936 行.
SQL: SHOW COLUMNS FROM `ocenter_config` [ RunTime:0.000000s ]
SQL: SELECT `type`,`name`,`value` FROM `ocenter_config` WHERE `status` = 1  [ RunTime:0.000000s ]
INFO: [ app_begin ] --START--
INFO: Run Behavior\ReadHtmlCacheBehavior [ RunTime:0.000000s ]
INFO: Run Behavior\CheckLangBehavior [ RunTime:0.010000s ]
INFO: [ app_begin ] --END-- [ RunTime:0.010000s ]
NOTIC: [8192] mysql_connect(): The mysql extension is deprecated and will be removed in the future: use mysqli or PDO instead F:\wamp64\www\yoyo\ThinkPHP\Library\Think\Session\Driver\Db.class.php 第 95 行.
SQL: SHOW COLUMNS FROM `ocenter_module` [ RunTime:0.000000s ]
SQL: SELECT `type`,`name`,`value` FROM `ocenter_config` WHERE `status` = 1  [ RunTime:0.000000s ]
NOTIC: [8] Undefined variable: token F:\wamp64\www\yoyo\Application\Common\Model\ModuleModel.class.php 第 242 行.
NOTIC: [8] Undefined variable: res F:\wamp64\www\yoyo\Application\Common\Common\role.php 第 147 行.
INFO: [ action_begin ] --START--
INFO: Run Common\Behavior\InitModuleInfoBehavior [ RunTime:0.000000s ]
INFO: [ action_begin ] --END-- [ RunTime:0.000000s ]
SQL: SHOW COLUMNS FROM `ocenter_member` [ RunTime:0.000000s ]
SQL: SELECT `uid` FROM `ocenter_member` WHERE `status` = 1 ORDER BY reg_time desc LIMIT 1   [ RunTime:0.000000s ]
SQL: SHOW COLUMNS FROM `ocenter_follow` [ RunTime:0.000000s ]
SQL: SELECT * FROM `ocenter_follow` WHERE `who_follow` = 1  [ RunTime:0.000000s ]
NOTIC: [2] Invalid argument supplied for foreach() F:\wamp64\www\yoyo\Application\People\Common\function.php 第 24 行.
NOTIC: [2] Invalid argument supplied for foreach() F:\wamp64\www\yoyo\Application\People\Common\function.php 第 27 行.
SQL: SHOW COLUMNS FROM `ocenter_follow` [ RunTime:0.000000s ]
SQL: SELECT `follow_who` FROM `ocenter_follow` WHERE `who_follow` = 1  [ RunTime:0.000000s ]
SQL: SELECT `who_follow` FROM `ocenter_follow` WHERE `follow_who` = 1  [ RunTime:0.000000s ]
SQL: SELECT `follow_who` FROM `ocenter_follow` WHERE `who_follow` = 100  [ RunTime:0.000000s ]
SQL: SELECT * FROM `ocenter_follow` WHERE `who_follow` = 1  [ RunTime:0.000000s ]
NOTIC: [8] Undefined variable: arrFriend F:\wamp64\www\yoyo\Application\People\Common\function.php 第 66 行.
NOTIC: [8] Undefined variable: arrFriend F:\wamp64\www\yoyo\Application\People\Common\function.php 第 66 行.
NOTIC: [2] Invalid argument supplied for foreach() F:\wamp64\www\yoyo\Application\People\Common\function.php 第 72 行.
SQL: SELECT `value` FROM `ocenter_config` WHERE `name` = '_PEOPLE_SHOW_ROLE_TAB' LIMIT 1   [ RunTime:0.000000s ]
SQL: SHOW COLUMNS FROM `ocenter_user_tag` [ RunTime:0.000000s ]
SQL: SELECT `id`,`title`,`status`,`pid`,`sort` FROM `ocenter_user_tag` WHERE `status` = 1 ORDER BY sort  [ RunTime:0.000000s ]
SQL: SELECT COUNT(*) AS tp_count FROM `ocenter_follow` WHERE `who_follow` = 1 AND `follow_who` = 1 LIMIT 1   [ RunTime:0.000000s ]
INFO: [ view_parse ] --START--
INFO: [ template_filter ] --START--
INFO: Run Behavior\ContentReplaceBehavior [ RunTime:0.000000s ]
INFO: [ template_filter ] --END-- [ RunTime:0.000000s ]
INFO: [ syncMeta ] --START--
INFO: Run Addons\SyncLogin\SyncLoginAddon [ RunTime:0.000000s ]
INFO: [ syncMeta ] --END-- [ RunTime:0.000000s ]
NOTIC: [8] Undefined variable: seo F:\wamp64\www\yoyo\Runtime\Cache\People\6ef1c8f2cea7316f39547add01bf3380.php 第 9 行.
SQL: SHOW COLUMNS FROM `ocenter_seo_rule` [ RunTime:0.000000s ]
INFO: [ view_parse ] --START--
INFO: Run Behavior\ParseTemplateBehavior [ RunTime:0.000000s ]
INFO: [ view_parse ] --END-- [ RunTime:0.000000s ]
INFO: [ view_filter ] --START--
INFO: Run Behavior\WriteHtmlCacheBehavior [ RunTime:0.000000s ]
INFO: [ view_filter ] --END-- [ RunTime:0.000000s ]
INFO: [ view_parse ] --START--
INFO: Run Behavior\ParseTemplateBehavior [ RunTime:0.000000s ]
INFO: [ view_parse ] --END-- [ RunTime:0.000000s ]
INFO: [ view_filter ] --START--
INFO: Run Behavior\WriteHtmlCacheBehavior [ RunTime:0.000000s ]
INFO: [ view_filter ] --END-- [ RunTime:0.000000s ]
INFO: [ view_parse ] --START--
INFO: Run Behavior\ParseTemplateBehavior [ RunTime:0.000000s ]
INFO: [ view_parse ] --END-- [ RunTime:0.000000s ]
INFO: [ view_filter ] --START--
INFO: Run Behavior\WriteHtmlCacheBehavior [ RunTime:0.000000s ]
INFO: [ view_filter ] --END-- [ RunTime:-0.010000s ]
SQL: SELECT `type`,`name`,`value` FROM `ocenter_config` WHERE `status` = 1  [ RunTime:0.000000s ]
SQL: SHOW COLUMNS FROM `ocenter_pushing` [ RunTime:0.000000s ]
ERR: 1146:Table 'yoyobit.ocenter_pushing' doesn't exist
 [ SQL语句 ] : SHOW COLUMNS FROM `ocenter_pushing`
SQL: SHOW COLUMNS FROM `ocenter_member` [ RunTime:0.000000s ]
SQL: SELECT `value` FROM `ocenter_config` WHERE `name` = '_CONFIG_LOGO' LIMIT 1   [ RunTime:0.000000s ]
SQL: SHOW COLUMNS FROM `ocenter_channel` [ RunTime:0.000000s ]
NOTIC: [8] Undefined index: _ F:\wamp64\www\yoyo\Runtime\Cache\People\6ef1c8f2cea7316f39547add01bf3380.php 第 142 行.
NOTIC: [8] Undefined index: _ F:\wamp64\www\yoyo\Runtime\Cache\People\6ef1c8f2cea7316f39547add01bf3380.php 第 142 行.
NOTIC: [8] Undefined index: _ F:\wamp64\www\yoyo\Runtime\Cache\People\6ef1c8f2cea7316f39547add01bf3380.php 第 142 行.
NOTIC: [8] Undefined index: _ F:\wamp64\www\yoyo\Runtime\Cache\People\6ef1c8f2cea7316f39547add01bf3380.php 第 142 行.
SQL: SELECT `reg_time` FROM `ocenter_member` WHERE `uid` = 1 LIMIT 1   [ RunTime:0.000000s ]
SQL: SHOW COLUMNS FROM `ocenter_user_config` [ RunTime:0.000000s ]
SQL: SELECT * FROM `ocenter_user_config` WHERE `uid` = 1 AND `name` = 'user_cover' AND `role_id` = 0 AND `model` = '' LIMIT 1   [ RunTime:0.000000s ]
SQL: SHOW COLUMNS FROM `ocenter_picture` [ RunTime:0.000000s ]
SQL: SELECT * FROM `ocenter_picture` WHERE `status` = 1 AND `id` = null LIMIT 1   [ RunTime:0.000000s ]
NOTIC: [2] unlink(./Runtime/Temp/945c180f3240ad0e35d9eb8beb06401b.php): No such file or directory F:\wamp64\www\yoyo\ThinkPHP\Library\Think\Cache\Driver\File.class.php 第 157 行.
NOTIC: [2] unlink(./Runtime/Temp/deec309cb1249b5b7776ac8c8f45123b.php): No such file or directory F:\wamp64\www\yoyo\ThinkPHP\Library\Think\Cache\Driver\File.class.php 第 157 行.
NOTIC: [8] Undefined offset: 1 F:\wamp64\www\yoyo\Application\Ucenter\Model\TitleModel.class.php 第 96 行.
NOTIC: [8] Undefined offset: 1 F:\wamp64\www\yoyo\Application\Ucenter\Model\TitleModel.class.php 第 96 行.
NOTIC: [8] Undefined offset: 1 F:\wamp64\www\yoyo\Application\Ucenter\Model\TitleModel.class.php 第 96 行.
NOTIC: [8] Undefined offset: 1 F:\wamp64\www\yoyo\Application\Ucenter\Model\TitleModel.class.php 第 96 行.
SQL: SELECT `value` FROM `ocenter_config` WHERE `name` = '_CONFIG_LOGO' LIMIT 1   [ RunTime:0.000000s ]
NOTIC: [8] Undefined variable: tag_id F:\wamp64\www\yoyo\Runtime\Cache\People\6ef1c8f2cea7316f39547add01bf3380.php 第 478 行.
NOTIC: [8] Undefined variable: role_id F:\wamp64\www\yoyo\Runtime\Cache\People\6ef1c8f2cea7316f39547add01bf3380.php 第 479 行.
NOTIC: [8] Undefined variable: nickname F:\wamp64\www\yoyo\Runtime\Cache\People\6ef1c8f2cea7316f39547add01bf3380.php 第 484 行.
NOTIC: [8] Undefined variable: role_list F:\wamp64\www\yoyo\Runtime\Cache\People\6ef1c8f2cea7316f39547add01bf3380.php 第 550 行.
NOTIC: [8] Undefined index: tag_list F:\wamp64\www\yoyo\Runtime\Cache\People\6ef1c8f2cea7316f39547add01bf3380.php 第 558 行.
SQL: SELECT `type`,`name`,`value` FROM `ocenter_config` WHERE `status` = 1  [ RunTime:0.000000s ]
NOTIC: [8] Undefined variable: token F:\wamp64\www\yoyo\Application\Common\Model\ModuleModel.class.php 第 242 行.
NOTIC: [8] Undefined variable: res F:\wamp64\www\yoyo\Application\Common\Common\role.php 第 147 行.
INFO: [ action_begin ] --START--
INFO: Run Common\Behavior\InitModuleInfoBehavior [ RunTime:0.000000s ]
INFO: [ action_begin ] --END-- [ RunTime:-0.130000s ]
NOTIC: [2] Missing argument 1 for Common\Widget\SuperLinksWidget::superLinks() F:\wamp64\www\yoyo\Application\Common\Widget\SuperLinksWidget.class.php 第 15 行.
SQL: SHOW COLUMNS FROM `ocenter_super_links` [ RunTime:0.000000s ]
SQL: SELECT * FROM `ocenter_super_links` WHERE ( status = 1 ) ORDER BY level desc,id asc  [ RunTime:0.000000s ]
NOTIC: [2] Invalid argument supplied for foreach() F:\wamp64\www\yoyo\Application\Common\Model\SuperLinksModel.class.php 第 37 行.
NOTIC: [8] Undefined variable: data F:\wamp64\www\yoyo\Application\Common\Model\SuperLinksModel.class.php 第 48 行.
NOTIC: [8] Undefined variable: param F:\wamp64\www\yoyo\Application\Common\Widget\SuperLinksWidget.class.php 第 19 行.
INFO: [ view_parse ] --START--
INFO: [ template_filter ] --START--
INFO: Run Behavior\ContentReplaceBehavior [ RunTime:0.000000s ]
INFO: [ template_filter ] --END-- [ RunTime:-0.060000s ]
INFO: Run Behavior\ParseTemplateBehavior [ RunTime:0.010000s ]
INFO: [ view_parse ] --END-- [ RunTime:-0.040000s ]
INFO: [ view_filter ] --START--
INFO: Run Behavior\WriteHtmlCacheBehavior [ RunTime:0.000000s ]
INFO: [ view_filter ] --END-- [ RunTime:-0.050000s ]
SQL: SELECT `value` FROM `ocenter_config` WHERE `name` = '_CONFIG_QRCODE_BOTTOM' LIMIT 1   [ RunTime:0.000000s ]
NOTIC: [8] Undefined variable: site F:\wamp64\www\yoyo\Runtime\Cache\People\6ef1c8f2cea7316f39547add01bf3380.php 第 738 行.
INFO: [ pageFooter ] --START--
INFO: Run Addons\SuperLinks\SuperLinksAddon [ RunTime:0.000000s ]
INFO: [ pageFooter ] --END-- [ RunTime:0.000000s ]
SQL: SELECT `type`,`name`,`value` FROM `ocenter_config` WHERE `status` = 1  [ RunTime:0.000000s ]
NOTIC: [8] Undefined variable: token F:\wamp64\www\yoyo\Application\Common\Model\ModuleModel.class.php 第 242 行.
NOTIC: [8] Undefined variable: res F:\wamp64\www\yoyo\Application\Common\Common\role.php 第 147 行.
INFO: [ action_begin ] --START--
INFO: Run Common\Behavior\InitModuleInfoBehavior [ RunTime:0.000000s ]
INFO: [ action_begin ] --END-- [ RunTime:-0.140000s ]
SQL: SELECT `type`,`name`,`value` FROM `ocenter_config` WHERE `status` = 1  [ RunTime:0.000000s ]
NOTIC: [8] Undefined variable: token F:\wamp64\www\yoyo\Application\Common\Model\ModuleModel.class.php 第 242 行.
NOTIC: [8] Undefined variable: res F:\wamp64\www\yoyo\Application\Common\Common\role.php 第 147 行.
INFO: [ action_begin ] --START--
INFO: Run Common\Behavior\InitModuleInfoBehavior [ RunTime:0.000000s ]
INFO: [ action_begin ] --END-- [ RunTime:-0.140000s ]
INFO: [ view_parse ] --START--
INFO: [ template_filter ] --START--
INFO: Run Behavior\ContentReplaceBehavior [ RunTime:0.000000s ]
INFO: [ template_filter ] --END-- [ RunTime:-0.080000s ]
INFO: Run Behavior\ParseTemplateBehavior [ RunTime:0.000000s ]
INFO: [ view_parse ] --END-- [ RunTime:-0.060000s ]
INFO: [ view_filter ] --START--
INFO: Run Behavior\WriteHtmlCacheBehavior [ RunTime:0.000000s ]
INFO: [ view_filter ] --END-- [ RunTime:-0.060000s ]
INFO: Run Behavior\ParseTemplateBehavior [ RunTime:0.000000s ]
INFO: [ view_parse ] --END-- [ RunTime:-0.060000s ]
INFO: [ view_filter ] --START--
INFO: Run Behavior\WriteHtmlCacheBehavior [ RunTime:0.000000s ]
INFO: [ view_filter ] --END-- [ RunTime:-0.060000s ]
INFO: [ app_end ] --START--
INFO: Run Behavior\ShowPageTraceBehavior [ RunTime:0.000000s ]
INFO: [ app_end ] --END-- [ RunTime:0.000000s ]

