[ 2017-10-22T08:09:49+08:00 ] 127.0.0.1 /yoyo/index.php?s=/ucenter/public/getinformation.html
INFO: [ app_init ] --START--
INFO: Run Behavior\BuildLiteBehavior [ RunTime:0.000011s ]
INFO: Run Common\Behavior\InitHookBehavior [ RunTime:0.001235s ]
INFO: [ app_init ] --END-- [ RunTime:0.001334s ]
NOTIC: [8] Undefined index: router /Applications/XAMPP/xamppfiles/htdocs/yoyo/Application/Common/Common/function.php 第 1936 行.
NOTIC: [8] Undefined index: router /Applications/XAMPP/xamppfiles/htdocs/yoyo/Application/Common/Common/function.php 第 1936 行.
NOTIC: [8] Undefined index: router /Applications/XAMPP/xamppfiles/htdocs/yoyo/Application/Common/Common/function.php 第 1936 行.
NOTIC: [8] Undefined index: router /Applications/XAMPP/xamppfiles/htdocs/yoyo/Application/Common/Common/function.php 第 1936 行.
NOTIC: [8] Undefined index: router /Applications/XAMPP/xamppfiles/htdocs/yoyo/Application/Common/Common/function.php 第 1936 行.
NOTIC: [8] Undefined index: router /Applications/XAMPP/xamppfiles/htdocs/yoyo/Application/Common/Common/function.php 第 1936 行.
NOTIC: [8] Undefined index: router /Applications/XAMPP/xamppfiles/htdocs/yoyo/Application/Common/Common/function.php 第 1936 行.
SQL: SHOW COLUMNS FROM `ocenter_config` [ RunTime:0.001567s ]
SQL: SELECT `type`,`name`,`value` FROM `ocenter_config` WHERE `status` = 1  [ RunTime:0.004445s ]
INFO: [ app_begin ] --START--
INFO: Run Behavior\ReadHtmlCacheBehavior [ RunTime:0.000502s ]
INFO: Run Behavior\CheckLangBehavior [ RunTime:0.019309s ]
INFO: [ app_begin ] --END-- [ RunTime:0.019929s ]
NOTIC: [8192] mysql_connect(): The mysql extension is deprecated and will be removed in the future: use mysqli or PDO instead /Applications/XAMPP/xamppfiles/htdocs/yoyo/ThinkPHP/Library/Think/Session/Driver/Db.class.php 第 95 行.
SQL: SHOW COLUMNS FROM `ocenter_module` [ RunTime:0.001411s ]
SQL: SELECT `type`,`name`,`value` FROM `ocenter_config` WHERE `status` = 1  [ RunTime:0.000484s ]
NOTIC: [8] Undefined variable: token /Applications/XAMPP/xamppfiles/htdocs/yoyo/Application/Common/Model/ModuleModel.class.php 第 242 行.
NOTIC: [8] Undefined variable: res /Applications/XAMPP/xamppfiles/htdocs/yoyo/Application/Common/Common/role.php 第 147 行.
INFO: [ action_begin ] --START--
INFO: Run Common\Behavior\InitModuleInfoBehavior [ RunTime:0.000120s ]
INFO: [ action_begin ] --END-- [ RunTime:0.000147s ]
SQL: SHOW COLUMNS FROM `ocenter_message` [ RunTime:0.002002s ]
SQL: SHOW COLUMNS FROM `ocenter_message` [ RunTime:0.001941s ]
SQL: SELECT * FROM `ocenter_message` WHERE ( to_uid=0 and  is_read=0  and last_toast=0 ) ORDER BY id desc LIMIT 99999   [ RunTime:0.000302s ]
NOTIC: [2] Invalid argument supplied for foreach() /Applications/XAMPP/xamppfiles/htdocs/yoyo/Application/Common/Model/MessageModel.class.php 第 743 行.
SQL: UPDATE `ocenter_message` SET `last_toast`=1508630989 WHERE ( to_uid=0 and  is_read=0 and last_toast=0 ) [ RunTime:0.000430s ]
SQL: SHOW COLUMNS FROM `ocenter_talk_push` [ RunTime:0.001922s ]
SQL: SELECT * FROM `ocenter_talk_push` WHERE `uid` = 0 AND `status` = 0  [ RunTime:0.000237s ]
NOTIC: [2] Invalid argument supplied for foreach() /Applications/XAMPP/xamppfiles/htdocs/yoyo/Application/Common/Model/TalkPushModel.class.php 第 21 行.
SQL: UPDATE `ocenter_talk_push` SET `status`=1 WHERE `uid` = 0 AND `status` = 0 [ RunTime:0.000211s ]
SQL: SHOW COLUMNS FROM `ocenter_talk_message_push` [ RunTime:0.001031s ]
SQL: SELECT * FROM `ocenter_talk_message_push` WHERE `uid` = 0 AND `status` = 0  [ RunTime:0.000225s ]
NOTIC: [2] Invalid argument supplied for foreach() /Applications/XAMPP/xamppfiles/htdocs/yoyo/Application/Common/Model/TalkMessagePushModel.class.php 第 22 行.
SQL: UPDATE `ocenter_talk_message_push` SET `status`=1 WHERE `uid` = 0 AND `status` = 0 [ RunTime:0.000157s ]
NOTIC: [2] Invalid argument supplied for foreach() /Applications/XAMPP/xamppfiles/htdocs/yoyo/Application/Ucenter/Controller/PublicController.class.php 第 147 行.

