[ 2017-10-26T09:12:26+08:00 ] 127.0.0.1 /yoyo/
INFO: [ app_init ] --START--
INFO: Run Behavior\BuildLiteBehavior [ RunTime:0.000000s ]
NOTIC: [8] unserialize(): Error at offset 0 of 1509 bytes F:\wamp64\www\yoyo\ThinkPHP\Library\Think\Cache\Driver\File.class.php 第 104 行.
SQL: SHOW COLUMNS FROM `ocenter_hooks` [ RunTime:0.001000s ]
SQL: SELECT `name`,`addons` FROM `ocenter_hooks`  [ RunTime:0.000000s ]
SQL: SHOW COLUMNS FROM `ocenter_addons` [ RunTime:0.001000s ]
SQL: SELECT `id`,`name` FROM `ocenter_addons` WHERE `status` = 1 AND `name` IN ('SuperLinks')  [ RunTime:0.001000s ]
SQL: SELECT `id`,`name` FROM `ocenter_addons` WHERE `status` = 1 AND `name` IN ('EditorForAdmin')  [ RunTime:0.000000s ]
SQL: SELECT `id`,`name` FROM `ocenter_addons` WHERE `status` = 1 AND `name` IN ('SiteStat','SyncLogin','DevTeam','SystemInfo','LocalComment')  [ RunTime:0.000000s ]
SQL: SELECT `id`,`name` FROM `ocenter_addons` WHERE `status` = 1 AND `name` IN ('Iswaf')  [ RunTime:0.002000s ]
SQL: SELECT `id`,`name` FROM `ocenter_addons` WHERE `status` = 1 AND `name` IN ('CheckIn')  [ RunTime:0.000000s ]
SQL: SELECT `id`,`name` FROM `ocenter_addons` WHERE `status` = 1 AND `name` IN ('Support')  [ RunTime:0.000000s ]
SQL: SELECT `id`,`name` FROM `ocenter_addons` WHERE `status` = 1 AND `name` IN ('LocalComment')  [ RunTime:0.001000s ]
SQL: SELECT `id`,`name` FROM `ocenter_addons` WHERE `status` = 1 AND `name` IN ('SyncLogin')  [ RunTime:0.000000s ]
SQL: SELECT `id`,`name` FROM `ocenter_addons` WHERE `status` = 1 AND `name` IN ('SyncLogin')  [ RunTime:0.000000s ]
SQL: SELECT `id`,`name` FROM `ocenter_addons` WHERE `status` = 1 AND `name` IN ('ChinaCity')  [ RunTime:0.001000s ]
SQL: SELECT `id`,`name` FROM `ocenter_addons` WHERE `status` = 1 AND `name` IN ('SuperLinks')  [ RunTime:0.000000s ]
SQL: SELECT `id`,`name` FROM `ocenter_addons` WHERE `status` = 1 AND `name` IN ('InsertFile')  [ RunTime:0.000000s ]
SQL: SELECT `id`,`name` FROM `ocenter_addons` WHERE `status` = 1 AND `name` IN ('SyncLogin')  [ RunTime:0.001000s ]
SQL: SELECT `id`,`name` FROM `ocenter_addons` WHERE `status` = 1 AND `name` IN ('Retopic','Recommend')  [ RunTime:0.001000s ]
SQL: SELECT `id`,`name` FROM `ocenter_addons` WHERE `status` = 1 AND `name` IN ('Report')  [ RunTime:0.000000s ]
SQL: SELECT `id`,`name` FROM `ocenter_addons` WHERE `status` = 1 AND `name` IN ('CheckIn')  [ RunTime:0.001000s ]
SQL: SELECT `id`,`name` FROM `ocenter_addons` WHERE `status` = 1 AND `name` IN ('SmsBao')  [ RunTime:0.001000s ]
SQL: SELECT `id`,`name` FROM `ocenter_addons` WHERE `status` = 1 AND `name` IN ('Sensitive')  [ RunTime:0.003000s ]
INFO: Run Common\Behavior\InitHookBehavior [ RunTime:0.051000s ]
INFO: [ app_init ] --END-- [ RunTime:0.052000s ]
NOTIC: [8] Undefined index: router F:\wamp64\www\yoyo\Application\Common\Common\function.php 第 1936 行.
NOTIC: [8] Undefined index: router F:\wamp64\www\yoyo\Application\Common\Common\function.php 第 1936 行.
NOTIC: [8] Undefined index: router F:\wamp64\www\yoyo\Application\Common\Common\function.php 第 1936 行.
NOTIC: [8] Undefined index: router F:\wamp64\www\yoyo\Application\Common\Common\function.php 第 1936 行.
NOTIC: [8] Undefined index: router F:\wamp64\www\yoyo\Application\Common\Common\function.php 第 1936 行.
NOTIC: [8] Undefined index: router F:\wamp64\www\yoyo\Application\Common\Common\function.php 第 1936 行.
NOTIC: [8] unserialize(): Error at offset 0 of 16 bytes F:\wamp64\www\yoyo\ThinkPHP\Library\Think\Cache\Driver\File.class.php 第 104 行.
SQL: SHOW COLUMNS FROM `ocenter_config` [ RunTime:0.001000s ]
SQL: SELECT `value` FROM `ocenter_config` WHERE `name` = '_THEME_NOW_THEME' LIMIT 1   [ RunTime:0.001000s ]
SQL: SELECT `type`,`name`,`value` FROM `ocenter_config` WHERE `status` = 1  [ RunTime:0.001000s ]
INFO: [ app_begin ] --START--
INFO: Run Behavior\ReadHtmlCacheBehavior [ RunTime:0.002000s ]
INFO: Run Behavior\CheckLangBehavior [ RunTime:0.026000s ]
INFO: [ app_begin ] --END-- [ RunTime:0.028000s ]
NOTIC: [8192] mysql_connect(): The mysql extension is deprecated and will be removed in the future: use mysqli or PDO instead F:\wamp64\www\yoyo\ThinkPHP\Library\Think\Session\Driver\Db.class.php 第 95 行.
SQL: SHOW COLUMNS FROM `ocenter_module` [ RunTime:0.002000s ]
SQL: SELECT `type`,`name`,`value` FROM `ocenter_config` WHERE `status` = 1  [ RunTime:0.000000s ]
NOTIC: [8] unserialize(): Error at offset 0 of 561 bytes F:\wamp64\www\yoyo\ThinkPHP\Library\Think\Cache\Driver\File.class.php 第 104 行.
SQL: SELECT * FROM `ocenter_module` WHERE `name` = 'Home' LIMIT 1   [ RunTime:0.001000s ]
NOTIC: [8] Undefined variable: token F:\wamp64\www\yoyo\Application\Common\Model\ModuleModel.class.php 第 242 行.
NOTIC: [8] unserialize(): Error at offset 0 of 7632 bytes F:\wamp64\www\yoyo\ThinkPHP\Library\Think\Cache\Driver\File.class.php 第 104 行.
NOTIC: [8] unserialize(): Error at offset 0 of 519 bytes F:\wamp64\www\yoyo\ThinkPHP\Library\Think\Cache\Driver\File.class.php 第 104 行.
SQL: SELECT * FROM `ocenter_module` WHERE `name` = 'Ad' LIMIT 1   [ RunTime:0.000000s ]
NOTIC: [8] Undefined variable: token F:\wamp64\www\yoyo\Application\Common\Model\ModuleModel.class.php 第 242 行.
NOTIC: [8] unserialize(): Error at offset 0 of 577 bytes F:\wamp64\www\yoyo\ThinkPHP\Library\Think\Cache\Driver\File.class.php 第 104 行.
SQL: SELECT * FROM `ocenter_module` WHERE `name` = 'Bclient' LIMIT 1   [ RunTime:0.000000s ]
NOTIC: [8] unserialize(): Error at offset 0 of 521 bytes F:\wamp64\www\yoyo\ThinkPHP\Library\Think\Cache\Driver\File.class.php 第 104 行.
SQL: SELECT * FROM `ocenter_module` WHERE `name` = 'Coin' LIMIT 1   [ RunTime:0.001000s ]
NOTIC: [8] Undefined variable: token F:\wamp64\www\yoyo\Application\Common\Model\ModuleModel.class.php 第 242 行.
NOTIC: [8] unserialize(): Error at offset 0 of 549 bytes F:\wamp64\www\yoyo\ThinkPHP\Library\Think\Cache\Driver\File.class.php 第 104 行.
SQL: SELECT * FROM `ocenter_module` WHERE `name` = 'Core' LIMIT 1   [ RunTime:0.000000s ]
NOTIC: [8] Undefined variable: token F:\wamp64\www\yoyo\Application\Common\Model\ModuleModel.class.php 第 242 行.
NOTIC: [8] unserialize(): Error at offset 0 of 560 bytes F:\wamp64\www\yoyo\ThinkPHP\Library\Think\Cache\Driver\File.class.php 第 104 行.
SQL: SELECT * FROM `ocenter_module` WHERE `name` = 'Forum' LIMIT 1   [ RunTime:0.001000s ]
NOTIC: [8] Undefined variable: token F:\wamp64\www\yoyo\Application\Common\Model\ModuleModel.class.php 第 242 行.
NOTIC: [8] unserialize(): Error at offset 0 of 490 bytes F:\wamp64\www\yoyo\ThinkPHP\Library\Think\Cache\Driver\File.class.php 第 104 行.
SQL: SELECT * FROM `ocenter_module` WHERE `name` = 'Help' LIMIT 1   [ RunTime:0.001000s ]
NOTIC: [8] Undefined variable: token F:\wamp64\www\yoyo\Application\Common\Model\ModuleModel.class.php 第 242 行.
NOTIC: [8] Undefined variable: token F:\wamp64\www\yoyo\Application\Common\Model\ModuleModel.class.php 第 242 行.
NOTIC: [8] unserialize(): Error at offset 0 of 528 bytes F:\wamp64\www\yoyo\ThinkPHP\Library\Think\Cache\Driver\File.class.php 第 104 行.
SQL: SELECT * FROM `ocenter_module` WHERE `name` = 'Mob' LIMIT 1   [ RunTime:0.003000s ]
NOTIC: [8] unserialize(): Error at offset 0 of 556 bytes F:\wamp64\www\yoyo\ThinkPHP\Library\Think\Cache\Driver\File.class.php 第 104 行.
SQL: SELECT * FROM `ocenter_module` WHERE `name` = 'News' LIMIT 1   [ RunTime:0.001000s ]
NOTIC: [8] unserialize(): Error at offset 0 of 558 bytes F:\wamp64\www\yoyo\ThinkPHP\Library\Think\Cache\Driver\File.class.php 第 104 行.
SQL: SELECT * FROM `ocenter_module` WHERE `name` = 'People' LIMIT 1   [ RunTime:0.000000s ]
NOTIC: [8] Undefined variable: token F:\wamp64\www\yoyo\Application\Common\Model\ModuleModel.class.php 第 242 行.
NOTIC: [8] unserialize(): Error at offset 0 of 576 bytes F:\wamp64\www\yoyo\ThinkPHP\Library\Think\Cache\Driver\File.class.php 第 104 行.
SQL: SELECT * FROM `ocenter_module` WHERE `name` = 'Question' LIMIT 1   [ RunTime:0.000000s ]
NOTIC: [8] unserialize(): Error at offset 0 of 560 bytes F:\wamp64\www\yoyo\ThinkPHP\Library\Think\Cache\Driver\File.class.php 第 104 行.
SQL: SELECT * FROM `ocenter_module` WHERE `name` = 'Ucenter' LIMIT 1   [ RunTime:0.000000s ]
NOTIC: [8] Undefined variable: token F:\wamp64\www\yoyo\Application\Common\Model\ModuleModel.class.php 第 242 行.
NOTIC: [8] unserialize(): Error at offset 0 of 575 bytes F:\wamp64\www\yoyo\ThinkPHP\Library\Think\Cache\Driver\File.class.php 第 104 行.
SQL: SELECT * FROM `ocenter_module` WHERE `name` = 'Weibo' LIMIT 1   [ RunTime:0.000000s ]
NOTIC: [8] Undefined variable: token F:\wamp64\www\yoyo\Application\Common\Model\ModuleModel.class.php 第 242 行.
NOTIC: [8] Undefined variable: res F:\wamp64\www\yoyo\Application\Common\Common\role.php 第 147 行.
INFO: [ action_begin ] --START--
INFO: Run Common\Behavior\InitModuleInfoBehavior [ RunTime:0.001000s ]
INFO: [ action_begin ] --END-- [ RunTime:0.001000s ]
NOTIC: [8] unserialize(): Error at offset 0 of 20 bytes F:\wamp64\www\yoyo\ThinkPHP\Library\Think\Cache\Driver\File.class.php 第 104 行.
SQL: SELECT `value` FROM `ocenter_config` WHERE `name` = '_CONFIG_FIRST_USER_RUN' LIMIT 1   [ RunTime:0.000000s ]
SQL: SELECT `type`,`name`,`value` FROM `ocenter_config` WHERE `status` = 1  [ RunTime:0.001000s ]
NOTIC: [8] unserialize(): Error at offset 0 of 14 bytes F:\wamp64\www\yoyo\ThinkPHP\Library\Think\Cache\Driver\File.class.php 第 104 行.
SQL: SELECT `value` FROM `ocenter_config` WHERE `name` = '_HOME_HOME_INDEX_TYPE' LIMIT 1   [ RunTime:0.001000s ]
NOTIC: [8] unserialize(): Error at offset 0 of 306 bytes F:\wamp64\www\yoyo\ThinkPHP\Library\Think\Cache\Driver\File.class.php 第 104 行.
SQL: SELECT `value` FROM `ocenter_config` WHERE `name` = '_HOME_BLOCK' LIMIT 1   [ RunTime:0.011000s ]
SQL: SELECT `value` FROM `ocenter_config` WHERE `name` = '_HOME_ENTER_URL' LIMIT 1   [ RunTime:0.001000s ]
INFO: [ view_parse ] --START--
INFO: [ template_filter ] --START--
INFO: Run Behavior\ContentReplaceBehavior [ RunTime:0.001000s ]
INFO: [ template_filter ] --END-- [ RunTime:0.001000s ]
INFO: [ syncMeta ] --START--
INFO: Run Addons\SyncLogin\SyncLoginAddon [ RunTime:0.003000s ]
INFO: [ syncMeta ] --END-- [ RunTime:0.003000s ]
NOTIC: [8] Undefined variable: seo F:\wamp64\www\yoyo\Runtime\Cache\Home\769e70f2e46f34ceb60619bbda5e4691.php 第 9 行.
SQL: SHOW COLUMNS FROM `ocenter_seo_rule` [ RunTime:0.001000s ]
NOTIC: [8] unserialize(): Error at offset 0 of 75 bytes F:\wamp64\www\yoyo\ThinkPHP\Library\Think\Cache\Driver\File.class.php 第 104 行.
NOTIC: [8192] mysql_escape_string(): This function is deprecated; use mysql_real_escape_string() instead. F:\wamp64\www\yoyo\Application\Common\Model\SeoRuleModel.class.php 第 78 行.
NOTIC: [8192] mysql_escape_string(): This function is deprecated; use mysql_real_escape_string() instead. F:\wamp64\www\yoyo\Application\Common\Model\SeoRuleModel.class.php 第 79 行.
NOTIC: [8192] mysql_escape_string(): This function is deprecated; use mysql_real_escape_string() instead. F:\wamp64\www\yoyo\Application\Common\Model\SeoRuleModel.class.php 第 80 行.
SQL: SELECT * FROM `ocenter_seo_rule` WHERE ( (app='' or app='Home') and (controller='' or controller='Index') and (action='' or action='index') and status=1 ) ORDER BY sort asc  [ RunTime:0.001000s ]
SQL: SELECT `type`,`name`,`value` FROM `ocenter_config` WHERE `status` = 1  [ RunTime:0.001000s ]
SQL: SHOW COLUMNS FROM `ocenter_pushing` [ RunTime:0.001000s ]
ERR: 1146:Table 'yoyobit.ocenter_pushing' doesn't exist
 [ SQL语句 ] : SHOW COLUMNS FROM `ocenter_pushing`
NOTIC: [8] unserialize(): Error at offset 0 of 6 bytes F:\wamp64\www\yoyo\ThinkPHP\Library\Think\Cache\Driver\File.class.php 第 104 行.
NOTIC: [8] unserialize(): Error at offset 0 of 8 bytes F:\wamp64\www\yoyo\ThinkPHP\Library\Think\Cache\Driver\File.class.php 第 104 行.
SQL: SELECT `value` FROM `ocenter_config` WHERE `name` = '_WEIBO_WEIBO_NUM' LIMIT 1   [ RunTime:0.001000s ]
SQL: SHOW COLUMNS FROM `ocenter_member` [ RunTime:0.002000s ]
NOTIC: [8] Undefined offset: 1 F:\wamp64\www\yoyo\Application\Common\Model\MemberModel.class.php 第 267 行.
SQL: SHOW COLUMNS FROM `ocenter_user_token` [ RunTime:0.001000s ]
SQL: SELECT * FROM `ocenter_user_token` WHERE `uid` = null LIMIT 1   [ RunTime:0.001000s ]
SQL: SHOW COLUMNS FROM `ocenter_member` [ RunTime:0.001000s ]
SQL: SHOW COLUMNS FROM `ocenter_channel` [ RunTime:0.001000s ]
NOTIC: [8] unserialize(): Error at offset 0 of 4373 bytes F:\wamp64\www\yoyo\ThinkPHP\Library\Think\Cache\Driver\File.class.php 第 104 行.
SQL: SELECT `id`,`pid`,`title`,`url`,`sort`,`create_time`,`update_time`,`status`,`target`,`color`,`band_color`,`band_text`,`icon`,`image`,`remark` FROM `ocenter_channel` WHERE `status` = 1 ORDER BY sort  [ RunTime:0.000000s ]
NOTIC: [8] Undefined index: _ F:\wamp64\www\yoyo\Runtime\Cache\Home\769e70f2e46f34ceb60619bbda5e4691.php 第 150 行.
NOTIC: [8] Undefined index: _ F:\wamp64\www\yoyo\Runtime\Cache\Home\769e70f2e46f34ceb60619bbda5e4691.php 第 150 行.
NOTIC: [8] Undefined index: _ F:\wamp64\www\yoyo\Runtime\Cache\Home\769e70f2e46f34ceb60619bbda5e4691.php 第 150 行.
NOTIC: [8] Undefined index: _ F:\wamp64\www\yoyo\Runtime\Cache\Home\769e70f2e46f34ceb60619bbda5e4691.php 第 150 行.
NOTIC: [8] Undefined index: _ F:\wamp64\www\yoyo\Runtime\Cache\Home\769e70f2e46f34ceb60619bbda5e4691.php 第 150 行.
NOTIC: [8] unserialize(): Error at offset 0 of 10 bytes F:\wamp64\www\yoyo\ThinkPHP\Library\Think\Cache\Driver\File.class.php 第 104 行.
SQL: SELECT `value` FROM `ocenter_config` WHERE `name` = '_USERCONFIG_OPEN_QUICK_LOGIN' LIMIT 1   [ RunTime:0.001000s ]
NOTIC: [8] unserialize(): Error at offset 0 of 15 bytes F:\wamp64\www\yoyo\ThinkPHP\Library\Think\Cache\Driver\File.class.php 第 104 行.
SQL: SELECT `value` FROM `ocenter_config` WHERE `name` = '_INVITE_REGISTER_TYPE' LIMIT 1   [ RunTime:0.000000s ]
SQL: SHOW COLUMNS FROM `ocenter_auth_rule` [ RunTime:0.001000s ]
SQL: SELECT * FROM `ocenter_auth_rule` WHERE `name` = 'Core/Admin/View' AND `status` = 1 LIMIT 1   [ RunTime:0.000000s ]
SQL: SELECT `type`,`name`,`value` FROM `ocenter_config` WHERE `status` = 1  [ RunTime:0.000000s ]
NOTIC: [8] Undefined variable: token F:\wamp64\www\yoyo\Application\Common\Model\ModuleModel.class.php 第 242 行.
NOTIC: [8] Undefined variable: res F:\wamp64\www\yoyo\Application\Common\Common\role.php 第 147 行.
INFO: [ action_begin ] --START--
INFO: Run Common\Behavior\InitModuleInfoBehavior [ RunTime:0.000000s ]
INFO: [ action_begin ] --END-- [ RunTime:-2.227000s ]
INFO: [ view_parse ] --START--
INFO: [ template_filter ] --START--
INFO: Run Behavior\ContentReplaceBehavior [ RunTime:0.000000s ]
INFO: [ template_filter ] --END-- [ RunTime:-1.135000s ]
NOTIC: [8] Undefined index: children F:\wamp64\www\yoyo\Runtime\Cache\Home\7ac86ee1d16e058d630e77679d9f3d59.php 第 15 行.
NOTIC: [8] Undefined index: li_class F:\wamp64\www\yoyo\Runtime\Cache\Home\7ac86ee1d16e058d630e77679d9f3d59.php 第 31 行.
NOTIC: [8] Undefined index: a_class F:\wamp64\www\yoyo\Runtime\Cache\Home\7ac86ee1d16e058d630e77679d9f3d59.php 第 32 行.
NOTIC: [8] Undefined index: icon F:\wamp64\www\yoyo\Runtime\Cache\Home\7ac86ee1d16e058d630e77679d9f3d59.php 第 33 行.
NOTIC: [8] Undefined index: right F:\wamp64\www\yoyo\Runtime\Cache\Home\7ac86ee1d16e058d630e77679d9f3d59.php 第 36 行.
INFO: Run Behavior\ParseTemplateBehavior [ RunTime:0.036000s ]
INFO: [ view_parse ] --END-- [ RunTime:0.036000s ]
INFO: [ view_filter ] --START--
INFO: Run Behavior\WriteHtmlCacheBehavior [ RunTime:0.001000s ]
INFO: [ view_filter ] --END-- [ RunTime:0.001000s ]
SQL: SELECT `type`,`name`,`value` FROM `ocenter_config` WHERE `status` = 1  [ RunTime:0.001000s ]
NOTIC: [8] Undefined variable: token F:\wamp64\www\yoyo\Application\Common\Model\ModuleModel.class.php 第 242 行.
NOTIC: [8] Undefined variable: res F:\wamp64\www\yoyo\Application\Common\Common\role.php 第 147 行.
INFO: [ action_begin ] --START--
INFO: Run Common\Behavior\InitModuleInfoBehavior [ RunTime:0.000000s ]
INFO: [ action_begin ] --END-- [ RunTime:-2.277000s ]
SQL: SHOW COLUMNS FROM `ocenter_adv_pos` [ RunTime:0.002000s ]
NOTIC: [8] unserialize(): Error at offset 0 of 314 bytes F:\wamp64\www\yoyo\ThinkPHP\Library\Think\Cache\Driver\File.class.php 第 104 行.
SQL: SELECT * FROM `ocenter_adv_pos` WHERE `name` = 'slider' AND `path` = 'Home/Index/index' AND `status` = 1 LIMIT 1   [ RunTime:0.001000s ]
SQL: SHOW COLUMNS FROM `ocenter_adv` [ RunTime:0.001000s ]
NOTIC: [8] unserialize(): Error at offset 0 of 6 bytes F:\wamp64\www\yoyo\ThinkPHP\Library\Think\Cache\Driver\File.class.php 第 104 行.
SQL: SELECT * FROM `ocenter_adv` WHERE `pos_id` = 9 AND `status` = 1 AND `start_time` < 1508980346 AND `end_time` > 1508980346 ORDER BY sort asc  [ RunTime:0.000000s ]
NOTIC: [2] Invalid argument supplied for foreach() F:\wamp64\www\yoyo\Application\Common\Model\AdvModel.class.php 第 31 行.
INFO: [ view_parse ] --START--
INFO: [ template_filter ] --START--
INFO: Run Behavior\ContentReplaceBehavior [ RunTime:0.000000s ]
INFO: [ template_filter ] --END-- [ RunTime:-1.182000s ]
SQL: SELECT * FROM `ocenter_auth_rule` WHERE `name` = 'Admin/Adv/adv' AND `status` = 1 LIMIT 1   [ RunTime:0.001000s ]
INFO: Run Behavior\ParseTemplateBehavior [ RunTime:0.010000s ]
INFO: [ view_parse ] --END-- [ RunTime:-0.025000s ]
INFO: [ view_filter ] --START--
INFO: Run Behavior\WriteHtmlCacheBehavior [ RunTime:0.000000s ]
INFO: [ view_filter ] --END-- [ RunTime:-0.034000s ]
SQL: SELECT `type`,`name`,`value` FROM `ocenter_config` WHERE `status` = 1  [ RunTime:0.001000s ]
NOTIC: [8] Undefined variable: token F:\wamp64\www\yoyo\Application\Common\Model\ModuleModel.class.php 第 242 行.
NOTIC: [8] Undefined variable: res F:\wamp64\www\yoyo\Application\Common\Common\role.php 第 147 行.
INFO: [ action_begin ] --START--
INFO: Run Common\Behavior\InitModuleInfoBehavior [ RunTime:0.001000s ]
INFO: [ action_begin ] --END-- [ RunTime:-2.310000s ]
NOTIC: [8] unserialize(): Error at offset 0 of 6 bytes F:\wamp64\www\yoyo\ThinkPHP\Library\Think\Cache\Driver\File.class.php 第 104 行.
SQL: SELECT `value` FROM `ocenter_config` WHERE `name` = '_WEIBO_WEIBO_SHOW_COUNT1' LIMIT 1   [ RunTime:0.001000s ]
NOTIC: [8] unserialize(): Error at offset 0 of 21 bytes F:\wamp64\www\yoyo\ThinkPHP\Library\Think\Cache\Driver\File.class.php 第 104 行.
SQL: SELECT `value` FROM `ocenter_config` WHERE `name` = '_WEIBO_WEIBO_SHOW_ORDER_FIELD1' LIMIT 1   [ RunTime:0.001000s ]
NOTIC: [8] unserialize(): Error at offset 0 of 13 bytes F:\wamp64\www\yoyo\ThinkPHP\Library\Think\Cache\Driver\File.class.php 第 104 行.
SQL: SELECT `value` FROM `ocenter_config` WHERE `name` = '_WEIBO_WEIBO_SHOW_ORDER_TYPE1' LIMIT 1   [ RunTime:0.000000s ]
NOTIC: [8] unserialize(): Error at offset 0 of 8 bytes F:\wamp64\www\yoyo\ThinkPHP\Library\Think\Cache\Driver\File.class.php 第 104 行.
SQL: SELECT `value` FROM `ocenter_config` WHERE `name` = '_WEIBO_WEIBO_SHOW_CACHE_TIME1' LIMIT 1   [ RunTime:0.000000s ]
NOTIC: [8] unserialize(): Error at offset 0 of 6 bytes F:\wamp64\www\yoyo\ThinkPHP\Library\Think\Cache\Driver\File.class.php 第 104 行.
SQL: SHOW COLUMNS FROM `ocenter_weibo` [ RunTime:0.001000s ]
SQL: SELECT * FROM `ocenter_weibo` WHERE `status` = 1 ORDER BY create_time desc LIMIT 5   [ RunTime:0.001000s ]
NOTIC: [2] Invalid argument supplied for foreach() F:\wamp64\www\yoyo\Application\Weibo\Widget\HomeBlockWidget.class.php 第 42 行.
NOTIC: [8] unserialize(): Error at offset 0 of 6 bytes F:\wamp64\www\yoyo\ThinkPHP\Library\Think\Cache\Driver\File.class.php 第 104 行.
SQL: SELECT `value` FROM `ocenter_config` WHERE `name` = '_WEIBO_WEIBO_SHOW_COUNT2' LIMIT 1   [ RunTime:0.000000s ]
NOTIC: [8] unserialize(): Error at offset 0 of 23 bytes F:\wamp64\www\yoyo\ThinkPHP\Library\Think\Cache\Driver\File.class.php 第 104 行.
SQL: SELECT `value` FROM `ocenter_config` WHERE `name` = '_WEIBO_WEIBO_SHOW_ORDER_FIELD2' LIMIT 1   [ RunTime:0.000000s ]
NOTIC: [8] unserialize(): Error at offset 0 of 13 bytes F:\wamp64\www\yoyo\ThinkPHP\Library\Think\Cache\Driver\File.class.php 第 104 行.
SQL: SELECT `value` FROM `ocenter_config` WHERE `name` = '_WEIBO_WEIBO_SHOW_ORDER_TYPE2' LIMIT 1   [ RunTime:0.000000s ]
NOTIC: [8] unserialize(): Error at offset 0 of 8 bytes F:\wamp64\www\yoyo\ThinkPHP\Library\Think\Cache\Driver\File.class.php 第 104 行.
SQL: SELECT `value` FROM `ocenter_config` WHERE `name` = '_WEIBO_WEIBO_SHOW_CACHE_TIME2' LIMIT 1   [ RunTime:0.001000s ]
NOTIC: [8] unserialize(): Error at offset 0 of 6 bytes F:\wamp64\www\yoyo\ThinkPHP\Library\Think\Cache\Driver\File.class.php 第 104 行.
SQL: SELECT * FROM `ocenter_weibo` WHERE `status` = 1 ORDER BY comment_count desc LIMIT 5   [ RunTime:0.000000s ]
NOTIC: [2] Invalid argument supplied for foreach() F:\wamp64\www\yoyo\Application\Weibo\Widget\HomeBlockWidget.class.php 第 42 行.
INFO: [ view_parse ] --START--
INFO: [ template_filter ] --START--
INFO: Run Behavior\ContentReplaceBehavior [ RunTime:0.001000s ]
INFO: [ template_filter ] --END-- [ RunTime:-1.247000s ]
NOTIC: [8] unserialize(): Error at offset 0 of 22 bytes F:\wamp64\www\yoyo\ThinkPHP\Library\Think\Cache\Driver\File.class.php 第 104 行.
SQL: SELECT `value` FROM `ocenter_config` WHERE `name` = '_WEIBO_WEIBO_SHOW_TITLE1' LIMIT 1   [ RunTime:0.001000s ]
NOTIC: [8] unserialize(): Error at offset 0 of 22 bytes F:\wamp64\www\yoyo\ThinkPHP\Library\Think\Cache\Driver\File.class.php 第 104 行.
SQL: SELECT `value` FROM `ocenter_config` WHERE `name` = '_WEIBO_WEIBO_SHOW_TITLE2' LIMIT 1   [ RunTime:0.001000s ]
INFO: Run Behavior\ParseTemplateBehavior [ RunTime:0.027000s ]
INFO: [ view_parse ] --END-- [ RunTime:-0.083000s ]
INFO: [ view_filter ] --START--
INFO: Run Behavior\WriteHtmlCacheBehavior [ RunTime:0.000000s ]
INFO: [ view_filter ] --END-- [ RunTime:-0.109000s ]
SQL: SELECT `type`,`name`,`value` FROM `ocenter_config` WHERE `status` = 1  [ RunTime:0.001000s ]
NOTIC: [8] Undefined variable: token F:\wamp64\www\yoyo\Application\Common\Model\ModuleModel.class.php 第 242 行.
NOTIC: [8] Undefined variable: res F:\wamp64\www\yoyo\Application\Common\Common\role.php 第 147 行.
INFO: [ action_begin ] --START--
INFO: Run Common\Behavior\InitModuleInfoBehavior [ RunTime:0.000000s ]
INFO: [ action_begin ] --END-- [ RunTime:-2.386000s ]
NOTIC: [8] unserialize(): Error at offset 0 of 6 bytes F:\wamp64\www\yoyo\ThinkPHP\Library\Think\Cache\Driver\File.class.php 第 104 行.
SQL: SELECT `value` FROM `ocenter_config` WHERE `name` = '_PEOPLE_USER_SHOW_COUNT1' LIMIT 1   [ RunTime:0.000000s ]
NOTIC: [8] unserialize(): Error at offset 0 of 15 bytes F:\wamp64\www\yoyo\ThinkPHP\Library\Think\Cache\Driver\File.class.php 第 104 行.
SQL: SELECT `value` FROM `ocenter_config` WHERE `name` = '_PEOPLE_USER_SHOW_ORDER_FIELD1' LIMIT 1   [ RunTime:0.001000s ]
NOTIC: [8] unserialize(): Error at offset 0 of 13 bytes F:\wamp64\www\yoyo\ThinkPHP\Library\Think\Cache\Driver\File.class.php 第 104 行.
SQL: SELECT `value` FROM `ocenter_config` WHERE `name` = '_PEOPLE_USER_SHOW_ORDER_TYPE1' LIMIT 1   [ RunTime:0.001000s ]
NOTIC: [8] unserialize(): Error at offset 0 of 8 bytes F:\wamp64\www\yoyo\ThinkPHP\Library\Think\Cache\Driver\File.class.php 第 104 行.
SQL: SELECT `value` FROM `ocenter_config` WHERE `name` = '_PEOPLE_USER_SHOW_CACHE_TIME1' LIMIT 1   [ RunTime:0.000000s ]
NOTIC: [8] unserialize(): Error at offset 0 of 3005 bytes F:\wamp64\www\yoyo\ThinkPHP\Library\Think\Cache\Driver\File.class.php 第 104 行.
SQL: SELECT `uid` FROM `ocenter_member` WHERE `status` = 1 ORDER BY score1 desc LIMIT 5   [ RunTime:0.000000s ]
NOTIC: [8] unserialize(): Error at offset 0 of 283 bytes F:\wamp64\www\yoyo\ThinkPHP\Library\Think\Cache\Driver\File.class.php 第 104 行.
NOTIC: [8] unserialize(): Error at offset 0 of 372 bytes F:\wamp64\www\yoyo\ThinkPHP\Library\Think\Cache\Driver\File.class.php 第 104 行.
NOTIC: [8] unserialize(): Error at offset 0 of 12 bytes F:\wamp64\www\yoyo\ThinkPHP\Library\Think\Cache\Driver\File.class.php 第 104 行.
NOTIC: [8] unserialize(): Error at offset 0 of 14 bytes F:\wamp64\www\yoyo\ThinkPHP\Library\Think\Cache\Driver\File.class.php 第 104 行.
SQL: select uid,nickname from `ocenter_member`,`ocenter_ucenter_member` where uid=id and uid=100 limit 1 [ RunTime:0.001000s ]
SQL: SELECT `type`,`name`,`value` FROM `ocenter_config` WHERE `status` = 1  [ RunTime:0.000000s ]
NOTIC: [8] Undefined variable: token F:\wamp64\www\yoyo\Application\Common\Model\ModuleModel.class.php 第 242 行.
NOTIC: [8] Undefined variable: res F:\wamp64\www\yoyo\Application\Common\Common\role.php 第 147 行.
INFO: [ action_begin ] --START--
INFO: Run Common\Behavior\InitModuleInfoBehavior [ RunTime:0.000000s ]
INFO: [ action_begin ] --END-- [ RunTime:-2.429000s ]
SQL: SHOW COLUMNS FROM `ocenter_avatar` [ RunTime:0.001000s ]
SQL: SELECT * FROM `ocenter_avatar` WHERE `uid` = 100 AND `status` = 1 AND `is_temp` = 0 LIMIT 1   [ RunTime:0.001000s ]
SQL: SELECT * FROM `ocenter_avatar` WHERE `uid` = 100 AND `status` = 1 AND `is_temp` = 0 LIMIT 1   [ RunTime:0.000000s ]
SQL: SELECT * FROM `ocenter_avatar` WHERE `uid` = 100 AND `status` = 1 AND `is_temp` = 0 LIMIT 1   [ RunTime:0.000000s ]
SQL: SELECT * FROM `ocenter_avatar` WHERE `uid` = 100 AND `status` = 1 AND `is_temp` = 0 LIMIT 1   [ RunTime:0.001000s ]
SQL: SELECT * FROM `ocenter_avatar` WHERE `uid` = 100 AND `status` = 1 AND `is_temp` = 0 LIMIT 1   [ RunTime:0.001000s ]
SQL: SHOW COLUMNS FROM `ocenter_ucenter_short` [ RunTime:0.002000s ]
SQL: SELECT * FROM `ocenter_ucenter_short` WHERE `uid` = 100 AND `status` = 1 LIMIT 1   [ RunTime:0.000000s ]
NOTIC: [8] unserialize(): Error at offset 0 of 283 bytes F:\wamp64\www\yoyo\ThinkPHP\Library\Think\Cache\Driver\File.class.php 第 104 行.
NOTIC: [8] unserialize(): Error at offset 0 of 352 bytes F:\wamp64\www\yoyo\ThinkPHP\Library\Think\Cache\Driver\File.class.php 第 104 行.
NOTIC: [8] unserialize(): Error at offset 0 of 12 bytes F:\wamp64\www\yoyo\ThinkPHP\Library\Think\Cache\Driver\File.class.php 第 104 行.
NOTIC: [8] unserialize(): Error at offset 0 of 14 bytes F:\wamp64\www\yoyo\ThinkPHP\Library\Think\Cache\Driver\File.class.php 第 104 行.
SQL: select uid,nickname from `ocenter_member`,`ocenter_ucenter_member` where uid=id and uid=146 limit 1 [ RunTime:0.001000s ]
SQL: SELECT `type`,`name`,`value` FROM `ocenter_config` WHERE `status` = 1  [ RunTime:0.001000s ]
NOTIC: [8] Undefined variable: token F:\wamp64\www\yoyo\Application\Common\Model\ModuleModel.class.php 第 242 行.
NOTIC: [8] Undefined variable: res F:\wamp64\www\yoyo\Application\Common\Common\role.php 第 147 行.
INFO: [ action_begin ] --START--
INFO: Run Common\Behavior\InitModuleInfoBehavior [ RunTime:0.000000s ]
INFO: [ action_begin ] --END-- [ RunTime:-2.566000s ]
SQL: SELECT * FROM `ocenter_avatar` WHERE `uid` = 146 AND `status` = 1 AND `is_temp` = 0 LIMIT 1   [ RunTime:0.001000s ]
SQL: SHOW COLUMNS FROM `ocenter_member` [ RunTime:0.001000s ]
SQL: SELECT `show_role` FROM `ocenter_member` WHERE ( uid=146 )  [ RunTime:0.001000s ]
SQL: SHOW COLUMNS FROM `ocenter_role_config` [ RunTime:0.001000s ]
SQL: SELECT `value` FROM `ocenter_role_config` WHERE `role_id` = 0 AND `category` = '' AND `name` = 'avatar' LIMIT 1   [ RunTime:0.000000s ]
NOTIC: [2] unlink(./Runtime/Temp/7f775cc956510b98ff6ab28f3ba9041b.php): No such file or directory F:\wamp64\www\yoyo\ThinkPHP\Library\Think\Cache\Driver\File.class.php 第 157 行.
NOTIC: [2] unlink(./Runtime/Temp/5bc47364b0d486774a527b2705d50a0e.php): No such file or directory F:\wamp64\www\yoyo\ThinkPHP\Library\Think\Cache\Driver\File.class.php 第 157 行.
SQL: SELECT * FROM `ocenter_avatar` WHERE `uid` = 146 AND `status` = 1 AND `is_temp` = 0 LIMIT 1   [ RunTime:0.000000s ]
SQL: SELECT `show_role` FROM `ocenter_member` WHERE ( uid=146 )  [ RunTime:0.001000s ]
SQL: SELECT `value` FROM `ocenter_role_config` WHERE `role_id` = 0 AND `category` = '' AND `name` = 'avatar' LIMIT 1   [ RunTime:0.000000s ]
NOTIC: [2] unlink(./Runtime/Temp/7f775cc956510b98ff6ab28f3ba9041b.php): No such file or directory F:\wamp64\www\yoyo\ThinkPHP\Library\Think\Cache\Driver\File.class.php 第 157 行.
NOTIC: [2] unlink(./Runtime/Temp/5bc47364b0d486774a527b2705d50a0e.php): No such file or directory F:\wamp64\www\yoyo\ThinkPHP\Library\Think\Cache\Driver\File.class.php 第 157 行.
SQL: SELECT * FROM `ocenter_avatar` WHERE `uid` = 146 AND `status` = 1 AND `is_temp` = 0 LIMIT 1   [ RunTime:0.001000s ]
SQL: SELECT `show_role` FROM `ocenter_member` WHERE ( uid=146 )  [ RunTime:0.001000s ]
SQL: SELECT `value` FROM `ocenter_role_config` WHERE `role_id` = 0 AND `category` = '' AND `name` = 'avatar' LIMIT 1   [ RunTime:0.000000s ]
NOTIC: [2] unlink(./Runtime/Temp/7f775cc956510b98ff6ab28f3ba9041b.php): No such file or directory F:\wamp64\www\yoyo\ThinkPHP\Library\Think\Cache\Driver\File.class.php 第 157 行.
NOTIC: [2] unlink(./Runtime/Temp/5bc47364b0d486774a527b2705d50a0e.php): No such file or directory F:\wamp64\www\yoyo\ThinkPHP\Library\Think\Cache\Driver\File.class.php 第 157 行.
SQL: SELECT * FROM `ocenter_avatar` WHERE `uid` = 146 AND `status` = 1 AND `is_temp` = 0 LIMIT 1   [ RunTime:0.001000s ]
SQL: SELECT `show_role` FROM `ocenter_member` WHERE ( uid=146 )  [ RunTime:0.001000s ]
SQL: SELECT `value` FROM `ocenter_role_config` WHERE `role_id` = 0 AND `category` = '' AND `name` = 'avatar' LIMIT 1   [ RunTime:0.000000s ]
NOTIC: [2] unlink(./Runtime/Temp/7f775cc956510b98ff6ab28f3ba9041b.php): No such file or directory F:\wamp64\www\yoyo\ThinkPHP\Library\Think\Cache\Driver\File.class.php 第 157 行.
NOTIC: [2] unlink(./Runtime/Temp/5bc47364b0d486774a527b2705d50a0e.php): No such file or directory F:\wamp64\www\yoyo\ThinkPHP\Library\Think\Cache\Driver\File.class.php 第 157 行.
SQL: SELECT * FROM `ocenter_avatar` WHERE `uid` = 146 AND `status` = 1 AND `is_temp` = 0 LIMIT 1   [ RunTime:0.001000s ]
SQL: SELECT `show_role` FROM `ocenter_member` WHERE ( uid=146 )  [ RunTime:0.001000s ]
SQL: SELECT `value` FROM `ocenter_role_config` WHERE `role_id` = 0 AND `category` = '' AND `name` = 'avatar' LIMIT 1   [ RunTime:0.000000s ]
NOTIC: [2] unlink(./Runtime/Temp/7f775cc956510b98ff6ab28f3ba9041b.php): No such file or directory F:\wamp64\www\yoyo\ThinkPHP\Library\Think\Cache\Driver\File.class.php 第 157 行.
NOTIC: [2] unlink(./Runtime/Temp/5bc47364b0d486774a527b2705d50a0e.php): No such file or directory F:\wamp64\www\yoyo\ThinkPHP\Library\Think\Cache\Driver\File.class.php 第 157 行.
SQL: SELECT * FROM `ocenter_ucenter_short` WHERE `uid` = 146 AND `status` = 1 LIMIT 1   [ RunTime:0.001000s ]
NOTIC: [8] unserialize(): Error at offset 0 of 239 bytes F:\wamp64\www\yoyo\ThinkPHP\Library\Think\Cache\Driver\File.class.php 第 104 行.
NOTIC: [8] unserialize(): Error at offset 0 of 362 bytes F:\wamp64\www\yoyo\ThinkPHP\Library\Think\Cache\Driver\File.class.php 第 104 行.
NOTIC: [8] unserialize(): Error at offset 0 of 10 bytes F:\wamp64\www\yoyo\ThinkPHP\Library\Think\Cache\Driver\File.class.php 第 104 行.
NOTIC: [8] unserialize(): Error at offset 0 of 21 bytes F:\wamp64\www\yoyo\ThinkPHP\Library\Think\Cache\Driver\File.class.php 第 104 行.
SQL: select uid,nickname from `ocenter_member`,`ocenter_ucenter_member` where uid=id and uid=1 limit 1 [ RunTime:0.000000s ]
SQL: SELECT `type`,`name`,`value` FROM `ocenter_config` WHERE `status` = 1  [ RunTime:0.005000s ]
NOTIC: [8] Undefined variable: token F:\wamp64\www\yoyo\Application\Common\Model\ModuleModel.class.php 第 242 行.
NOTIC: [8] Undefined variable: res F:\wamp64\www\yoyo\Application\Common\Common\role.php 第 147 行.
INFO: [ action_begin ] --START--
INFO: Run Common\Behavior\InitModuleInfoBehavior [ RunTime:0.000000s ]
INFO: [ action_begin ] --END-- [ RunTime:-2.615000s ]
SQL: SELECT * FROM `ocenter_avatar` WHERE `uid` = 1 AND `status` = 1 AND `is_temp` = 0 LIMIT 1   [ RunTime:0.000000s ]
SQL: SELECT * FROM `ocenter_avatar` WHERE `uid` = 1 AND `status` = 1 AND `is_temp` = 0 LIMIT 1   [ RunTime:0.001000s ]
SQL: SELECT * FROM `ocenter_avatar` WHERE `uid` = 1 AND `status` = 1 AND `is_temp` = 0 LIMIT 1   [ RunTime:0.003000s ]
SQL: SELECT * FROM `ocenter_avatar` WHERE `uid` = 1 AND `status` = 1 AND `is_temp` = 0 LIMIT 1   [ RunTime:0.001000s ]
SQL: SELECT * FROM `ocenter_avatar` WHERE `uid` = 1 AND `status` = 1 AND `is_temp` = 0 LIMIT 1   [ RunTime:0.001000s ]
SQL: SELECT * FROM `ocenter_ucenter_short` WHERE `uid` = 1 AND `status` = 1 LIMIT 1   [ RunTime:0.001000s ]
NOTIC: [8] unserialize(): Error at offset 0 of 288 bytes F:\wamp64\www\yoyo\ThinkPHP\Library\Think\Cache\Driver\File.class.php 第 104 行.
NOTIC: [8] unserialize(): Error at offset 0 of 352 bytes F:\wamp64\www\yoyo\ThinkPHP\Library\Think\Cache\Driver\File.class.php 第 104 行.
NOTIC: [8] unserialize(): Error at offset 0 of 12 bytes F:\wamp64\www\yoyo\ThinkPHP\Library\Think\Cache\Driver\File.class.php 第 104 行.
NOTIC: [8] unserialize(): Error at offset 0 of 18 bytes F:\wamp64\www\yoyo\ThinkPHP\Library\Think\Cache\Driver\File.class.php 第 104 行.
SQL: select uid,nickname from `ocenter_member`,`ocenter_ucenter_member` where uid=id and uid=147 limit 1 [ RunTime:0.000000s ]
SQL: SELECT `type`,`name`,`value` FROM `ocenter_config` WHERE `status` = 1  [ RunTime:0.001000s ]
NOTIC: [8] Undefined variable: token F:\wamp64\www\yoyo\Application\Common\Model\ModuleModel.class.php 第 242 行.
NOTIC: [8] Undefined variable: res F:\wamp64\www\yoyo\Application\Common\Common\role.php 第 147 行.
INFO: [ action_begin ] --START--
INFO: Run Common\Behavior\InitModuleInfoBehavior [ RunTime:0.000000s ]
INFO: [ action_begin ] --END-- [ RunTime:-2.680000s ]
SQL: SELECT * FROM `ocenter_avatar` WHERE `uid` = 147 AND `status` = 1 AND `is_temp` = 0 LIMIT 1   [ RunTime:0.001000s ]
SQL: SELECT `show_role` FROM `ocenter_member` WHERE ( uid=147 )  [ RunTime:0.001000s ]
SQL: SELECT `value` FROM `ocenter_role_config` WHERE `role_id` = 0 AND `category` = '' AND `name` = 'avatar' LIMIT 1   [ RunTime:0.000000s ]
NOTIC: [2] unlink(./Runtime/Temp/7f775cc956510b98ff6ab28f3ba9041b.php): No such file or directory F:\wamp64\www\yoyo\ThinkPHP\Library\Think\Cache\Driver\File.class.php 第 157 行.
NOTIC: [2] unlink(./Runtime/Temp/5bc47364b0d486774a527b2705d50a0e.php): No such file or directory F:\wamp64\www\yoyo\ThinkPHP\Library\Think\Cache\Driver\File.class.php 第 157 行.
SQL: SELECT * FROM `ocenter_avatar` WHERE `uid` = 147 AND `status` = 1 AND `is_temp` = 0 LIMIT 1   [ RunTime:0.000000s ]
SQL: SELECT `show_role` FROM `ocenter_member` WHERE ( uid=147 )  [ RunTime:0.000000s ]
SQL: SELECT `value` FROM `ocenter_role_config` WHERE `role_id` = 0 AND `category` = '' AND `name` = 'avatar' LIMIT 1   [ RunTime:0.000000s ]
NOTIC: [2] unlink(./Runtime/Temp/7f775cc956510b98ff6ab28f3ba9041b.php): No such file or directory F:\wamp64\www\yoyo\ThinkPHP\Library\Think\Cache\Driver\File.class.php 第 157 行.
NOTIC: [2] unlink(./Runtime/Temp/5bc47364b0d486774a527b2705d50a0e.php): No such file or directory F:\wamp64\www\yoyo\ThinkPHP\Library\Think\Cache\Driver\File.class.php 第 157 行.
SQL: SELECT * FROM `ocenter_avatar` WHERE `uid` = 147 AND `status` = 1 AND `is_temp` = 0 LIMIT 1   [ RunTime:0.000000s ]
SQL: SELECT `show_role` FROM `ocenter_member` WHERE ( uid=147 )  [ RunTime:0.000000s ]
SQL: SELECT `value` FROM `ocenter_role_config` WHERE `role_id` = 0 AND `category` = '' AND `name` = 'avatar' LIMIT 1   [ RunTime:0.001000s ]
NOTIC: [2] unlink(./Runtime/Temp/7f775cc956510b98ff6ab28f3ba9041b.php): No such file or directory F:\wamp64\www\yoyo\ThinkPHP\Library\Think\Cache\Driver\File.class.php 第 157 行.
NOTIC: [2] unlink(./Runtime/Temp/5bc47364b0d486774a527b2705d50a0e.php): No such file or directory F:\wamp64\www\yoyo\ThinkPHP\Library\Think\Cache\Driver\File.class.php 第 157 行.
SQL: SELECT * FROM `ocenter_avatar` WHERE `uid` = 147 AND `status` = 1 AND `is_temp` = 0 LIMIT 1   [ RunTime:0.001000s ]
SQL: SELECT `show_role` FROM `ocenter_member` WHERE ( uid=147 )  [ RunTime:0.000000s ]
SQL: SELECT `value` FROM `ocenter_role_config` WHERE `role_id` = 0 AND `category` = '' AND `name` = 'avatar' LIMIT 1   [ RunTime:0.000000s ]
NOTIC: [2] unlink(./Runtime/Temp/7f775cc956510b98ff6ab28f3ba9041b.php): No such file or directory F:\wamp64\www\yoyo\ThinkPHP\Library\Think\Cache\Driver\File.class.php 第 157 行.
NOTIC: [2] unlink(./Runtime/Temp/5bc47364b0d486774a527b2705d50a0e.php): No such file or directory F:\wamp64\www\yoyo\ThinkPHP\Library\Think\Cache\Driver\File.class.php 第 157 行.
SQL: SELECT * FROM `ocenter_avatar` WHERE `uid` = 147 AND `status` = 1 AND `is_temp` = 0 LIMIT 1   [ RunTime:0.000000s ]
SQL: SELECT `show_role` FROM `ocenter_member` WHERE ( uid=147 )  [ RunTime:0.000000s ]
SQL: SELECT `value` FROM `ocenter_role_config` WHERE `role_id` = 0 AND `category` = '' AND `name` = 'avatar' LIMIT 1   [ RunTime:0.001000s ]
NOTIC: [2] unlink(./Runtime/Temp/7f775cc956510b98ff6ab28f3ba9041b.php): No such file or directory F:\wamp64\www\yoyo\ThinkPHP\Library\Think\Cache\Driver\File.class.php 第 157 行.
NOTIC: [2] unlink(./Runtime/Temp/5bc47364b0d486774a527b2705d50a0e.php): No such file or directory F:\wamp64\www\yoyo\ThinkPHP\Library\Think\Cache\Driver\File.class.php 第 157 行.
SQL: SELECT * FROM `ocenter_ucenter_short` WHERE `uid` = 147 AND `status` = 1 LIMIT 1   [ RunTime:0.000000s ]
NOTIC: [8] unserialize(): Error at offset 0 of 6 bytes F:\wamp64\www\yoyo\ThinkPHP\Library\Think\Cache\Driver\File.class.php 第 104 行.
SQL: SELECT `value` FROM `ocenter_config` WHERE `name` = '_PEOPLE_USER_SHOW_COUNT2' LIMIT 1   [ RunTime:0.001000s ]
NOTIC: [8] unserialize(): Error at offset 0 of 17 bytes F:\wamp64\www\yoyo\ThinkPHP\Library\Think\Cache\Driver\File.class.php 第 104 行.
SQL: SELECT `value` FROM `ocenter_config` WHERE `name` = '_PEOPLE_USER_SHOW_ORDER_FIELD2' LIMIT 1   [ RunTime:0.000000s ]
NOTIC: [8] unserialize(): Error at offset 0 of 13 bytes F:\wamp64\www\yoyo\ThinkPHP\Library\Think\Cache\Driver\File.class.php 第 104 行.
SQL: SELECT `value` FROM `ocenter_config` WHERE `name` = '_PEOPLE_USER_SHOW_ORDER_TYPE2' LIMIT 1   [ RunTime:0.000000s ]
NOTIC: [8] unserialize(): Error at offset 0 of 8 bytes F:\wamp64\www\yoyo\ThinkPHP\Library\Think\Cache\Driver\File.class.php 第 104 行.
SQL: SELECT `value` FROM `ocenter_config` WHERE `name` = '_PEOPLE_USER_SHOW_CACHE_TIME2' LIMIT 1   [ RunTime:0.001000s ]
NOTIC: [8] unserialize(): Error at offset 0 of 3005 bytes F:\wamp64\www\yoyo\ThinkPHP\Library\Think\Cache\Driver\File.class.php 第 104 行.
SQL: SELECT `uid` FROM `ocenter_member` WHERE `status` = 1 ORDER BY reg_time desc LIMIT 5   [ RunTime:0.000000s ]
INFO: [ view_parse ] --START--
INFO: [ template_filter ] --START--
INFO: Run Behavior\ContentReplaceBehavior [ RunTime:0.000000s ]
INFO: [ template_filter ] --END-- [ RunTime:-1.632000s ]
NOTIC: [8] unserialize(): Error at offset 0 of 22 bytes F:\wamp64\www\yoyo\ThinkPHP\Library\Think\Cache\Driver\File.class.php 第 104 行.
SQL: SELECT `value` FROM `ocenter_config` WHERE `name` = '_PEOPLE_USER_SHOW_TITLE1' LIMIT 1   [ RunTime:0.000000s ]
NOTIC: [8] unserialize(): Error at offset 0 of 22 bytes F:\wamp64\www\yoyo\ThinkPHP\Library\Think\Cache\Driver\File.class.php 第 104 行.
SQL: SELECT `value` FROM `ocenter_config` WHERE `name` = '_PEOPLE_USER_SHOW_TITLE2' LIMIT 1   [ RunTime:0.000000s ]
INFO: Run Behavior\ParseTemplateBehavior [ RunTime:0.020000s ]
INFO: [ view_parse ] --END-- [ RunTime:-0.471000s ]
INFO: [ view_filter ] --START--
INFO: Run Behavior\WriteHtmlCacheBehavior [ RunTime:0.000000s ]
INFO: [ view_filter ] --END-- [ RunTime:-0.490000s ]
NOTIC: [8] unserialize(): Error at offset 0 of 267 bytes F:\wamp64\www\yoyo\ThinkPHP\Library\Think\Cache\Driver\File.class.php 第 104 行.
SQL: SELECT `value` FROM `ocenter_config` WHERE `name` = '_CONFIG_ABOUT_US' LIMIT 1   [ RunTime:0.000000s ]
SQL: SELECT `type`,`name`,`value` FROM `ocenter_config` WHERE `status` = 1  [ RunTime:0.000000s ]
NOTIC: [8] Undefined variable: token F:\wamp64\www\yoyo\Application\Common\Model\ModuleModel.class.php 第 242 行.
NOTIC: [8] Undefined variable: res F:\wamp64\www\yoyo\Application\Common\Common\role.php 第 147 行.
INFO: [ action_begin ] --START--
INFO: Run Common\Behavior\InitModuleInfoBehavior [ RunTime:0.000000s ]
INFO: [ action_begin ] --END-- [ RunTime:-2.769000s ]
NOTIC: [2] Missing argument 1 for Common\Widget\SuperLinksWidget::superLinks() F:\wamp64\www\yoyo\Application\Common\Widget\SuperLinksWidget.class.php 第 15 行.
SQL: SHOW COLUMNS FROM `ocenter_super_links` [ RunTime:0.001000s ]
SQL: SELECT * FROM `ocenter_super_links` WHERE ( status = 1 ) ORDER BY level desc,id asc  [ RunTime:0.001000s ]
NOTIC: [2] Invalid argument supplied for foreach() F:\wamp64\www\yoyo\Application\Common\Model\SuperLinksModel.class.php 第 37 行.
NOTIC: [8] Undefined variable: data F:\wamp64\www\yoyo\Application\Common\Model\SuperLinksModel.class.php 第 48 行.
NOTIC: [8] Undefined variable: param F:\wamp64\www\yoyo\Application\Common\Widget\SuperLinksWidget.class.php 第 19 行.
INFO: [ view_parse ] --START--
INFO: [ template_filter ] --START--
INFO: Run Behavior\ContentReplaceBehavior [ RunTime:0.000000s ]
INFO: [ template_filter ] --END-- [ RunTime:-1.667000s ]
INFO: Run Behavior\ParseTemplateBehavior [ RunTime:0.011000s ]
INFO: [ view_parse ] --END-- [ RunTime:-0.507000s ]
INFO: [ view_filter ] --START--
INFO: Run Behavior\WriteHtmlCacheBehavior [ RunTime:0.000000s ]
INFO: [ view_filter ] --END-- [ RunTime:-0.518000s ]
SQL: SELECT `value` FROM `ocenter_config` WHERE `name` = '_CONFIG_QRCODE_BOTTOM' LIMIT 1   [ RunTime:0.000000s ]
NOTIC: [8] unserialize(): Error at offset 0 of 326 bytes F:\wamp64\www\yoyo\ThinkPHP\Library\Think\Cache\Driver\File.class.php 第 104 行.
SQL: SELECT `value` FROM `ocenter_config` WHERE `name` = '_CONFIG_COMPANY' LIMIT 1   [ RunTime:0.000000s ]
NOTIC: [8] unserialize(): Error at offset 0 of 128 bytes F:\wamp64\www\yoyo\ThinkPHP\Library\Think\Cache\Driver\File.class.php 第 104 行.
SQL: SELECT `value` FROM `ocenter_config` WHERE `name` = '_CONFIG_COPY_RIGHT' LIMIT 1   [ RunTime:0.000000s ]
NOTIC: [8] unserialize(): Error at offset 0 of 32 bytes F:\wamp64\www\yoyo\ThinkPHP\Library\Think\Cache\Driver\File.class.php 第 104 行.
SQL: SELECT `value` FROM `ocenter_config` WHERE `name` = '_CONFIG_ICP' LIMIT 1   [ RunTime:0.001000s ]
NOTIC: [8] Undefined variable: site F:\wamp64\www\yoyo\Runtime\Cache\Home\769e70f2e46f34ceb60619bbda5e4691.php 第 478 行.
INFO: [ pageFooter ] --START--
INFO: Run Addons\SuperLinks\SuperLinksAddon [ RunTime:0.001000s ]
INFO: [ pageFooter ] --END-- [ RunTime:0.002000s ]
SQL: SELECT `type`,`name`,`value` FROM `ocenter_config` WHERE `status` = 1  [ RunTime:0.000000s ]
NOTIC: [8] Undefined variable: token F:\wamp64\www\yoyo\Application\Common\Model\ModuleModel.class.php 第 242 行.
NOTIC: [8] Undefined variable: res F:\wamp64\www\yoyo\Application\Common\Common\role.php 第 147 行.
INFO: [ action_begin ] --START--
INFO: Run Common\Behavior\InitModuleInfoBehavior [ RunTime:0.000000s ]
INFO: [ action_begin ] --END-- [ RunTime:-2.804000s ]
NOTIC: [8] unserialize(): Error at offset 0 of 6 bytes F:\wamp64\www\yoyo\ThinkPHP\Library\Think\Cache\Driver\File.class.php 第 104 行.
SQL: SHOW COLUMNS FROM `ocenter_announce` [ RunTime:0.001000s ]
SQL: SELECT * FROM `ocenter_announce` WHERE `status` = 1 AND `is_force` = 1 AND `end_time` > 1508980346 ORDER BY sort desc,create_time desc  [ RunTime:0.000000s ]
SQL: SELECT `type`,`name`,`value` FROM `ocenter_config` WHERE `status` = 1  [ RunTime:0.001000s ]
NOTIC: [8] Undefined variable: token F:\wamp64\www\yoyo\Application\Common\Model\ModuleModel.class.php 第 242 行.
NOTIC: [8] Undefined variable: res F:\wamp64\www\yoyo\Application\Common\Common\role.php 第 147 行.
INFO: [ action_begin ] --START--
INFO: Run Common\Behavior\InitModuleInfoBehavior [ RunTime:0.000000s ]
INFO: [ action_begin ] --END-- [ RunTime:-2.817000s ]
INFO: Run Behavior\ParseTemplateBehavior [ RunTime:0.042000s ]
INFO: [ view_parse ] --END-- [ RunTime:-0.507000s ]
INFO: [ view_filter ] --START--
INFO: Run Behavior\WriteHtmlCacheBehavior [ RunTime:0.001000s ]
INFO: [ view_filter ] --END-- [ RunTime:-0.548000s ]
INFO: [ app_end ] --START--
INFO: Run Behavior\ShowPageTraceBehavior [ RunTime:0.001000s ]
INFO: [ app_end ] --END-- [ RunTime:0.001000s ]

[ 2017-10-26T09:15:44+08:00 ] 127.0.0.1 /yoyo/index.php?s
INFO: [ app_init ] --START--
INFO: Run Behavior\BuildLiteBehavior [ RunTime:0.000000s ]
INFO: Run Common\Behavior\InitHookBehavior [ RunTime:0.002000s ]
INFO: [ app_init ] --END-- [ RunTime:0.002000s ]
NOTIC: [8] Undefined index: router F:\wamp64\www\yoyo\Application\Common\Common\function.php 第 1936 行.
NOTIC: [8] Undefined index: router F:\wamp64\www\yoyo\Application\Common\Common\function.php 第 1936 行.
NOTIC: [8] Undefined index: router F:\wamp64\www\yoyo\Application\Common\Common\function.php 第 1936 行.
NOTIC: [8] Undefined index: router F:\wamp64\www\yoyo\Application\Common\Common\function.php 第 1936 行.
NOTIC: [8] Undefined index: router F:\wamp64\www\yoyo\Application\Common\Common\function.php 第 1936 行.
NOTIC: [8] Undefined index: router F:\wamp64\www\yoyo\Application\Common\Common\function.php 第 1936 行.
SQL: SHOW COLUMNS FROM `ocenter_config` [ RunTime:0.001000s ]
SQL: SELECT `type`,`name`,`value` FROM `ocenter_config` WHERE `status` = 1  [ RunTime:0.001000s ]
INFO: [ app_begin ] --START--
INFO: Run Behavior\ReadHtmlCacheBehavior [ RunTime:0.001000s ]
INFO: Run Behavior\CheckLangBehavior [ RunTime:0.014000s ]
INFO: [ app_begin ] --END-- [ RunTime:0.015000s ]
NOTIC: [8192] mysql_connect(): The mysql extension is deprecated and will be removed in the future: use mysqli or PDO instead F:\wamp64\www\yoyo\ThinkPHP\Library\Think\Session\Driver\Db.class.php 第 95 行.
SQL: SHOW COLUMNS FROM `ocenter_module` [ RunTime:0.000000s ]
SQL: SELECT `type`,`name`,`value` FROM `ocenter_config` WHERE `status` = 1  [ RunTime:0.000000s ]
NOTIC: [8] Undefined variable: token F:\wamp64\www\yoyo\Application\Common\Model\ModuleModel.class.php 第 242 行.
NOTIC: [8] Undefined variable: res F:\wamp64\www\yoyo\Application\Common\Common\role.php 第 147 行.
INFO: [ action_begin ] --START--
INFO: Run Common\Behavior\InitModuleInfoBehavior [ RunTime:0.000000s ]
INFO: [ action_begin ] --END-- [ RunTime:0.001000s ]
SQL: SELECT `type`,`name`,`value` FROM `ocenter_config` WHERE `status` = 1  [ RunTime:0.000000s ]
SQL: SELECT `value` FROM `ocenter_config` WHERE `name` = '_HOME_ENTER_URL' LIMIT 1   [ RunTime:0.001000s ]
INFO: [ view_parse ] --START--
INFO: [ template_filter ] --START--
INFO: Run Behavior\ContentReplaceBehavior [ RunTime:0.000000s ]
INFO: [ template_filter ] --END-- [ RunTime:0.000000s ]
INFO: [ syncMeta ] --START--
INFO: Run Addons\SyncLogin\SyncLoginAddon [ RunTime:0.001000s ]
INFO: [ syncMeta ] --END-- [ RunTime:0.002000s ]
NOTIC: [8] Undefined variable: seo F:\wamp64\www\yoyo\Runtime\Cache\Home\769e70f2e46f34ceb60619bbda5e4691.php 第 9 行.
SQL: SHOW COLUMNS FROM `ocenter_seo_rule` [ RunTime:0.001000s ]
SQL: SELECT `type`,`name`,`value` FROM `ocenter_config` WHERE `status` = 1  [ RunTime:0.001000s ]
SQL: SHOW COLUMNS FROM `ocenter_pushing` [ RunTime:0.001000s ]
ERR: 1146:Table 'yoyobit.ocenter_pushing' doesn't exist
 [ SQL语句 ] : SHOW COLUMNS FROM `ocenter_pushing`
SQL: SHOW COLUMNS FROM `ocenter_member` [ RunTime:0.001000s ]
NOTIC: [8] Undefined offset: 1 F:\wamp64\www\yoyo\Application\Common\Model\MemberModel.class.php 第 267 行.
SQL: SHOW COLUMNS FROM `ocenter_user_token` [ RunTime:0.000000s ]
SQL: SELECT * FROM `ocenter_user_token` WHERE `uid` = null LIMIT 1   [ RunTime:0.000000s ]
SQL: SHOW COLUMNS FROM `ocenter_member` [ RunTime:0.001000s ]
SQL: SHOW COLUMNS FROM `ocenter_channel` [ RunTime:0.000000s ]
NOTIC: [8] Undefined index: _ F:\wamp64\www\yoyo\Runtime\Cache\Home\769e70f2e46f34ceb60619bbda5e4691.php 第 150 行.
NOTIC: [8] Undefined index: _ F:\wamp64\www\yoyo\Runtime\Cache\Home\769e70f2e46f34ceb60619bbda5e4691.php 第 150 行.
NOTIC: [8] Undefined index: _ F:\wamp64\www\yoyo\Runtime\Cache\Home\769e70f2e46f34ceb60619bbda5e4691.php 第 150 行.
NOTIC: [8] Undefined index: _ F:\wamp64\www\yoyo\Runtime\Cache\Home\769e70f2e46f34ceb60619bbda5e4691.php 第 150 行.
NOTIC: [8] Undefined index: _ F:\wamp64\www\yoyo\Runtime\Cache\Home\769e70f2e46f34ceb60619bbda5e4691.php 第 150 行.
SQL: SHOW COLUMNS FROM `ocenter_auth_rule` [ RunTime:0.000000s ]
SQL: SELECT * FROM `ocenter_auth_rule` WHERE `name` = 'Core/Admin/View' AND `status` = 1 LIMIT 1   [ RunTime:0.000000s ]
SQL: SELECT `type`,`name`,`value` FROM `ocenter_config` WHERE `status` = 1  [ RunTime:0.000000s ]
NOTIC: [8] Undefined variable: token F:\wamp64\www\yoyo\Application\Common\Model\ModuleModel.class.php 第 242 行.
NOTIC: [8] Undefined variable: res F:\wamp64\www\yoyo\Application\Common\Common\role.php 第 147 行.
INFO: [ action_begin ] --START--
INFO: Run Common\Behavior\InitModuleInfoBehavior [ RunTime:0.000000s ]
INFO: [ action_begin ] --END-- [ RunTime:-0.080000s ]
INFO: [ view_parse ] --START--
INFO: [ template_filter ] --START--
INFO: Run Behavior\ContentReplaceBehavior [ RunTime:0.000000s ]
INFO: [ template_filter ] --END-- [ RunTime:-0.056000s ]
NOTIC: [8] Undefined index: children F:\wamp64\www\yoyo\Runtime\Cache\Home\7ac86ee1d16e058d630e77679d9f3d59.php 第 15 行.
NOTIC: [8] Undefined index: li_class F:\wamp64\www\yoyo\Runtime\Cache\Home\7ac86ee1d16e058d630e77679d9f3d59.php 第 31 行.
NOTIC: [8] Undefined index: a_class F:\wamp64\www\yoyo\Runtime\Cache\Home\7ac86ee1d16e058d630e77679d9f3d59.php 第 32 行.
NOTIC: [8] Undefined index: icon F:\wamp64\www\yoyo\Runtime\Cache\Home\7ac86ee1d16e058d630e77679d9f3d59.php 第 33 行.
NOTIC: [8] Undefined index: right F:\wamp64\www\yoyo\Runtime\Cache\Home\7ac86ee1d16e058d630e77679d9f3d59.php 第 36 行.
INFO: Run Behavior\ParseTemplateBehavior [ RunTime:0.019000s ]
INFO: [ view_parse ] --END-- [ RunTime:0.019000s ]
INFO: [ view_filter ] --START--
INFO: Run Behavior\WriteHtmlCacheBehavior [ RunTime:0.000000s ]
INFO: [ view_filter ] --END-- [ RunTime:0.001000s ]
SQL: SELECT `type`,`name`,`value` FROM `ocenter_config` WHERE `status` = 1  [ RunTime:0.000000s ]
NOTIC: [8] Undefined variable: token F:\wamp64\www\yoyo\Application\Common\Model\ModuleModel.class.php 第 242 行.
NOTIC: [8] Undefined variable: res F:\wamp64\www\yoyo\Application\Common\Common\role.php 第 147 行.
INFO: [ action_begin ] --START--
INFO: Run Common\Behavior\InitModuleInfoBehavior [ RunTime:0.000000s ]
INFO: [ action_begin ] --END-- [ RunTime:-0.107000s ]
SQL: SHOW COLUMNS FROM `ocenter_adv_pos` [ RunTime:0.001000s ]
SQL: SHOW COLUMNS FROM `ocenter_adv` [ RunTime:0.000000s ]
SQL: SELECT * FROM `ocenter_adv` WHERE `pos_id` = 9 AND `status` = 1 AND `start_time` < 1508980544 AND `end_time` > 1508980544 ORDER BY sort asc  [ RunTime:0.000000s ]
NOTIC: [2] Invalid argument supplied for foreach() F:\wamp64\www\yoyo\Application\Common\Model\AdvModel.class.php 第 31 行.
INFO: [ view_parse ] --START--
INFO: [ template_filter ] --START--
INFO: Run Behavior\ContentReplaceBehavior [ RunTime:0.001000s ]
INFO: [ template_filter ] --END-- [ RunTime:-0.077000s ]
SQL: SELECT * FROM `ocenter_auth_rule` WHERE `name` = 'Admin/Adv/adv' AND `status` = 1 LIMIT 1   [ RunTime:0.001000s ]
INFO: Run Behavior\ParseTemplateBehavior [ RunTime:0.006000s ]
INFO: [ view_parse ] --END-- [ RunTime:-0.012000s ]
INFO: [ view_filter ] --START--
INFO: Run Behavior\WriteHtmlCacheBehavior [ RunTime:0.000000s ]
INFO: [ view_filter ] --END-- [ RunTime:-0.017000s ]
SQL: SELECT `type`,`name`,`value` FROM `ocenter_config` WHERE `status` = 1  [ RunTime:0.001000s ]
NOTIC: [8] Undefined variable: token F:\wamp64\www\yoyo\Application\Common\Model\ModuleModel.class.php 第 242 行.
NOTIC: [8] Undefined variable: res F:\wamp64\www\yoyo\Application\Common\Common\role.php 第 147 行.
INFO: [ action_begin ] --START--
INFO: Run Common\Behavior\InitModuleInfoBehavior [ RunTime:0.000000s ]
INFO: [ action_begin ] --END-- [ RunTime:-0.124000s ]
SQL: SHOW COLUMNS FROM `ocenter_weibo` [ RunTime:0.001000s ]
SQL: SELECT * FROM `ocenter_weibo` WHERE `status` = 1 ORDER BY create_time desc LIMIT 5   [ RunTime:0.000000s ]
NOTIC: [2] Invalid argument supplied for foreach() F:\wamp64\www\yoyo\Application\Weibo\Widget\HomeBlockWidget.class.php 第 42 行.
SQL: SELECT * FROM `ocenter_weibo` WHERE `status` = 1 ORDER BY comment_count desc LIMIT 5   [ RunTime:0.000000s ]
NOTIC: [2] Invalid argument supplied for foreach() F:\wamp64\www\yoyo\Application\Weibo\Widget\HomeBlockWidget.class.php 第 42 行.
INFO: [ view_parse ] --START--
INFO: [ template_filter ] --START--
INFO: Run Behavior\ContentReplaceBehavior [ RunTime:0.000000s ]
INFO: [ template_filter ] --END-- [ RunTime:-0.103000s ]
INFO: Run Behavior\ParseTemplateBehavior [ RunTime:0.012000s ]
INFO: [ view_parse ] --END-- [ RunTime:-0.033000s ]
INFO: [ view_filter ] --START--
INFO: Run Behavior\WriteHtmlCacheBehavior [ RunTime:0.000000s ]
INFO: [ view_filter ] --END-- [ RunTime:-0.044000s ]
SQL: SELECT `type`,`name`,`value` FROM `ocenter_config` WHERE `status` = 1  [ RunTime:0.000000s ]
NOTIC: [8] Undefined variable: token F:\wamp64\www\yoyo\Application\Common\Model\ModuleModel.class.php 第 242 行.
NOTIC: [8] Undefined variable: res F:\wamp64\www\yoyo\Application\Common\Common\role.php 第 147 行.
INFO: [ action_begin ] --START--
INFO: Run Common\Behavior\InitModuleInfoBehavior [ RunTime:0.000000s ]
INFO: [ action_begin ] --END-- [ RunTime:-0.151000s ]
INFO: [ view_parse ] --START--
INFO: [ template_filter ] --START--
INFO: Run Behavior\ContentReplaceBehavior [ RunTime:0.000000s ]
INFO: [ template_filter ] --END-- [ RunTime:-0.121000s ]
INFO: Run Behavior\ParseTemplateBehavior [ RunTime:0.011000s ]
INFO: [ view_parse ] --END-- [ RunTime:-0.053000s ]
INFO: [ view_filter ] --START--
INFO: Run Behavior\WriteHtmlCacheBehavior [ RunTime:0.000000s ]
INFO: [ view_filter ] --END-- [ RunTime:-0.063000s ]
SQL: SELECT `type`,`name`,`value` FROM `ocenter_config` WHERE `status` = 1  [ RunTime:0.001000s ]
NOTIC: [8] Undefined variable: token F:\wamp64\www\yoyo\Application\Common\Model\ModuleModel.class.php 第 242 行.
NOTIC: [8] Undefined variable: res F:\wamp64\www\yoyo\Application\Common\Common\role.php 第 147 行.
INFO: [ action_begin ] --START--
INFO: Run Common\Behavior\InitModuleInfoBehavior [ RunTime:0.000000s ]
INFO: [ action_begin ] --END-- [ RunTime:-0.170000s ]
NOTIC: [2] Missing argument 1 for Common\Widget\SuperLinksWidget::superLinks() F:\wamp64\www\yoyo\Application\Common\Widget\SuperLinksWidget.class.php 第 15 行.
SQL: SHOW COLUMNS FROM `ocenter_super_links` [ RunTime:0.001000s ]
SQL: SELECT * FROM `ocenter_super_links` WHERE ( status = 1 ) ORDER BY level desc,id asc  [ RunTime:0.000000s ]
NOTIC: [2] Invalid argument supplied for foreach() F:\wamp64\www\yoyo\Application\Common\Model\SuperLinksModel.class.php 第 37 行.
NOTIC: [8] Undefined variable: data F:\wamp64\www\yoyo\Application\Common\Model\SuperLinksModel.class.php 第 48 行.
NOTIC: [8] Undefined variable: param F:\wamp64\www\yoyo\Application\Common\Widget\SuperLinksWidget.class.php 第 19 行.
INFO: [ view_parse ] --START--
INFO: [ template_filter ] --START--
INFO: Run Behavior\ContentReplaceBehavior [ RunTime:0.000000s ]
INFO: [ template_filter ] --END-- [ RunTime:-0.139000s ]
INFO: Run Behavior\ParseTemplateBehavior [ RunTime:0.008000s ]
INFO: [ view_parse ] --END-- [ RunTime:-0.071000s ]
INFO: [ view_filter ] --START--
INFO: Run Behavior\WriteHtmlCacheBehavior [ RunTime:0.000000s ]
INFO: [ view_filter ] --END-- [ RunTime:-0.078000s ]
SQL: SELECT `value` FROM `ocenter_config` WHERE `name` = '_CONFIG_QRCODE_BOTTOM' LIMIT 1   [ RunTime:0.000000s ]
NOTIC: [8] Undefined variable: site F:\wamp64\www\yoyo\Runtime\Cache\Home\769e70f2e46f34ceb60619bbda5e4691.php 第 478 行.
INFO: [ pageFooter ] --START--
INFO: Run Addons\SuperLinks\SuperLinksAddon [ RunTime:0.001000s ]
INFO: [ pageFooter ] --END-- [ RunTime:0.001000s ]
SQL: SELECT `type`,`name`,`value` FROM `ocenter_config` WHERE `status` = 1  [ RunTime:0.000000s ]
NOTIC: [8] Undefined variable: token F:\wamp64\www\yoyo\Application\Common\Model\ModuleModel.class.php 第 242 行.
NOTIC: [8] Undefined variable: res F:\wamp64\www\yoyo\Application\Common\Common\role.php 第 147 行.
INFO: [ action_begin ] --START--
INFO: Run Common\Behavior\InitModuleInfoBehavior [ RunTime:0.000000s ]
INFO: [ action_begin ] --END-- [ RunTime:-0.188000s ]
SQL: SELECT `type`,`name`,`value` FROM `ocenter_config` WHERE `status` = 1  [ RunTime:0.001000s ]
NOTIC: [8] Undefined variable: token F:\wamp64\www\yoyo\Application\Common\Model\ModuleModel.class.php 第 242 行.
NOTIC: [8] Undefined variable: res F:\wamp64\www\yoyo\Application\Common\Common\role.php 第 147 行.
INFO: [ action_begin ] --START--
INFO: Run Common\Behavior\InitModuleInfoBehavior [ RunTime:0.000000s ]
INFO: [ action_begin ] --END-- [ RunTime:-0.193000s ]
INFO: Run Behavior\ParseTemplateBehavior [ RunTime:0.021000s ]
INFO: [ view_parse ] --END-- [ RunTime:-0.071000s ]
INFO: [ view_filter ] --START--
INFO: Run Behavior\WriteHtmlCacheBehavior [ RunTime:0.000000s ]
INFO: [ view_filter ] --END-- [ RunTime:-0.092000s ]
INFO: [ app_end ] --START--
INFO: Run Behavior\ShowPageTraceBehavior [ RunTime:0.001000s ]
INFO: [ app_end ] --END-- [ RunTime:0.001000s ]

[ 2017-10-26T09:15:59+08:00 ] 127.0.0.1 /yoyo/index.php?s
INFO: [ app_init ] --START--
INFO: Run Behavior\BuildLiteBehavior [ RunTime:0.000000s ]
INFO: Run Common\Behavior\InitHookBehavior [ RunTime:0.002000s ]
INFO: [ app_init ] --END-- [ RunTime:0.002000s ]
NOTIC: [8] Undefined index: router F:\wamp64\www\yoyo\Application\Common\Common\function.php 第 1936 行.
NOTIC: [8] Undefined index: router F:\wamp64\www\yoyo\Application\Common\Common\function.php 第 1936 行.
NOTIC: [8] Undefined index: router F:\wamp64\www\yoyo\Application\Common\Common\function.php 第 1936 行.
NOTIC: [8] Undefined index: router F:\wamp64\www\yoyo\Application\Common\Common\function.php 第 1936 行.
NOTIC: [8] Undefined index: router F:\wamp64\www\yoyo\Application\Common\Common\function.php 第 1936 行.
NOTIC: [8] Undefined index: router F:\wamp64\www\yoyo\Application\Common\Common\function.php 第 1936 行.
SQL: SHOW COLUMNS FROM `ocenter_config` [ RunTime:0.001000s ]
SQL: SELECT `type`,`name`,`value` FROM `ocenter_config` WHERE `status` = 1  [ RunTime:0.000000s ]
INFO: [ app_begin ] --START--
INFO: Run Behavior\ReadHtmlCacheBehavior [ RunTime:0.000000s ]
INFO: Run Behavior\CheckLangBehavior [ RunTime:0.015000s ]
INFO: [ app_begin ] --END-- [ RunTime:0.015000s ]
NOTIC: [8192] mysql_connect(): The mysql extension is deprecated and will be removed in the future: use mysqli or PDO instead F:\wamp64\www\yoyo\ThinkPHP\Library\Think\Session\Driver\Db.class.php 第 95 行.
SQL: SHOW COLUMNS FROM `ocenter_module` [ RunTime:0.001000s ]
SQL: SELECT `type`,`name`,`value` FROM `ocenter_config` WHERE `status` = 1  [ RunTime:0.001000s ]
NOTIC: [8] Undefined variable: token F:\wamp64\www\yoyo\Application\Common\Model\ModuleModel.class.php 第 242 行.
NOTIC: [8] Undefined variable: res F:\wamp64\www\yoyo\Application\Common\Common\role.php 第 147 行.
INFO: [ action_begin ] --START--
INFO: Run Common\Behavior\InitModuleInfoBehavior [ RunTime:0.000000s ]
INFO: [ action_begin ] --END-- [ RunTime:0.000000s ]
SQL: SELECT `type`,`name`,`value` FROM `ocenter_config` WHERE `status` = 1  [ RunTime:0.001000s ]
SQL: SELECT `value` FROM `ocenter_config` WHERE `name` = '_HOME_ENTER_URL' LIMIT 1   [ RunTime:0.000000s ]
INFO: [ view_parse ] --START--
INFO: [ template_filter ] --START--
INFO: Run Behavior\ContentReplaceBehavior [ RunTime:0.000000s ]
INFO: [ template_filter ] --END-- [ RunTime:0.001000s ]
INFO: [ syncMeta ] --START--
INFO: Run Addons\SyncLogin\SyncLoginAddon [ RunTime:0.002000s ]
INFO: [ syncMeta ] --END-- [ RunTime:0.002000s ]
NOTIC: [8] Undefined variable: seo F:\wamp64\www\yoyo\Runtime\Cache\Home\769e70f2e46f34ceb60619bbda5e4691.php 第 9 行.
SQL: SHOW COLUMNS FROM `ocenter_seo_rule` [ RunTime:0.001000s ]
SQL: SELECT `type`,`name`,`value` FROM `ocenter_config` WHERE `status` = 1  [ RunTime:0.000000s ]
SQL: SHOW COLUMNS FROM `ocenter_pushing` [ RunTime:0.000000s ]
ERR: 1146:Table 'yoyobit.ocenter_pushing' doesn't exist
 [ SQL语句 ] : SHOW COLUMNS FROM `ocenter_pushing`
SQL: SHOW COLUMNS FROM `ocenter_member` [ RunTime:0.001000s ]
SQL: SHOW COLUMNS FROM `ocenter_member` [ RunTime:0.001000s ]
SQL: SHOW COLUMNS FROM `ocenter_channel` [ RunTime:0.001000s ]
NOTIC: [8] Undefined index: _ F:\wamp64\www\yoyo\Runtime\Cache\Home\769e70f2e46f34ceb60619bbda5e4691.php 第 150 行.
NOTIC: [8] Undefined index: _ F:\wamp64\www\yoyo\Runtime\Cache\Home\769e70f2e46f34ceb60619bbda5e4691.php 第 150 行.
NOTIC: [8] Undefined index: _ F:\wamp64\www\yoyo\Runtime\Cache\Home\769e70f2e46f34ceb60619bbda5e4691.php 第 150 行.
NOTIC: [8] Undefined index: _ F:\wamp64\www\yoyo\Runtime\Cache\Home\769e70f2e46f34ceb60619bbda5e4691.php 第 150 行.
NOTIC: [8] Undefined index: _ F:\wamp64\www\yoyo\Runtime\Cache\Home\769e70f2e46f34ceb60619bbda5e4691.php 第 150 行.
SQL: SHOW COLUMNS FROM `ocenter_member` [ RunTime:0.000000s ]
SQL: SELECT `reg_time` FROM `ocenter_member` WHERE `uid` = 100 LIMIT 1   [ RunTime:0.000000s ]
NOTIC: [8] unserialize(): Error at offset 0 of 8 bytes F:\wamp64\www\yoyo\ThinkPHP\Library\Think\Cache\Driver\File.class.php 第 104 行.
SQL: SHOW COLUMNS FROM `ocenter_rank_user` [ RunTime:0.001000s ]
SQL: SELECT * FROM `ocenter_rank_user` WHERE `uid` = 100 AND `status` = 1  [ RunTime:0.000000s ]
NOTIC: [2] Invalid argument supplied for foreach() F:\wamp64\www\yoyo\Application\Common\Model\UserModel.class.php 第 500 行.
SQL: SHOW COLUMNS FROM `ocenter_user_config` [ RunTime:0.001000s ]
SQL: SELECT * FROM `ocenter_user_config` WHERE `uid` = 100 AND `name` = 'user_cover' AND `role_id` = 0 AND `model` = '' LIMIT 1   [ RunTime:0.000000s ]
SQL: SHOW COLUMNS FROM `ocenter_picture` [ RunTime:0.000000s ]
SQL: SELECT * FROM `ocenter_picture` WHERE `status` = 1 AND `id` = null LIMIT 1   [ RunTime:0.000000s ]
NOTIC: [2] unlink(./Runtime/Temp/945c180f3240ad0e35d9eb8beb06401b.php): No such file or directory F:\wamp64\www\yoyo\ThinkPHP\Library\Think\Cache\Driver\File.class.php 第 157 行.
NOTIC: [2] unlink(./Runtime/Temp/deec309cb1249b5b7776ac8c8f45123b.php): No such file or directory F:\wamp64\www\yoyo\ThinkPHP\Library\Think\Cache\Driver\File.class.php 第 157 行.
SQL: SHOW COLUMNS FROM `ocenter_auth_rule` [ RunTime:0.001000s ]
SQL: SELECT * FROM `ocenter_auth_rule` WHERE `name` = 'Admin/Index/index' AND `status` = 1 LIMIT 1   [ RunTime:0.001000s ]
SQL: SHOW COLUMNS FROM ocenter_auth_group_access a [ RunTime:0.000000s ]
ERR: 1064:You have an error in your SQL syntax; check the manual that corresponds to your MySQL server version for the right syntax to use near 'a' at line 1
 [ SQL语句 ] : SHOW COLUMNS FROM ocenter_auth_group_access a
SQL: SELECT `rules` FROM ocenter_auth_group_access a INNER JOIN ocenter_auth_group g on a.group_id=g.id and g.end_time>1508980559  WHERE ( a.uid='100' and g.status='1' )  [ RunTime:0.001000s ]
SQL: SHOW COLUMNS FROM `ocenter_auth_rule` [ RunTime:0.001000s ]
SQL: SELECT `condition`,`name` FROM `ocenter_auth_rule` WHERE `id` IN ('338','340','341','344','10004','10007','10008','10010','10015','10016') AND `type` = 1 AND `status` = 1  [ RunTime:0.001000s ]
SQL: SELECT * FROM `ocenter_auth_rule` WHERE `name` = 'Core/Admin/View' AND `status` = 1 LIMIT 1   [ RunTime:0.001000s ]
SQL: SELECT `type`,`name`,`value` FROM `ocenter_config` WHERE `status` = 1  [ RunTime:0.000000s ]
NOTIC: [8] Undefined variable: token F:\wamp64\www\yoyo\Application\Common\Model\ModuleModel.class.php 第 242 行.
NOTIC: [8] Undefined variable: res F:\wamp64\www\yoyo\Application\Common\Common\role.php 第 147 行.
INFO: [ action_begin ] --START--
INFO: Run Common\Behavior\InitModuleInfoBehavior [ RunTime:0.000000s ]
INFO: [ action_begin ] --END-- [ RunTime:-0.109000s ]
INFO: [ view_parse ] --START--
INFO: [ template_filter ] --START--
INFO: Run Behavior\ContentReplaceBehavior [ RunTime:0.001000s ]
INFO: [ template_filter ] --END-- [ RunTime:-0.075000s ]
NOTIC: [8] Undefined index: children F:\wamp64\www\yoyo\Runtime\Cache\Home\7ac86ee1d16e058d630e77679d9f3d59.php 第 15 行.
NOTIC: [8] Undefined index: li_class F:\wamp64\www\yoyo\Runtime\Cache\Home\7ac86ee1d16e058d630e77679d9f3d59.php 第 31 行.
NOTIC: [8] Undefined index: a_class F:\wamp64\www\yoyo\Runtime\Cache\Home\7ac86ee1d16e058d630e77679d9f3d59.php 第 32 行.
NOTIC: [8] Undefined index: icon F:\wamp64\www\yoyo\Runtime\Cache\Home\7ac86ee1d16e058d630e77679d9f3d59.php 第 33 行.
NOTIC: [8] Undefined index: right F:\wamp64\www\yoyo\Runtime\Cache\Home\7ac86ee1d16e058d630e77679d9f3d59.php 第 36 行.
INFO: Run Behavior\ParseTemplateBehavior [ RunTime:0.018000s ]
INFO: [ view_parse ] --END-- [ RunTime:0.018000s ]
INFO: [ view_filter ] --START--
INFO: Run Behavior\WriteHtmlCacheBehavior [ RunTime:0.001000s ]
INFO: [ view_filter ] --END-- [ RunTime:0.001000s ]
SQL: SELECT `type`,`name`,`value` FROM `ocenter_config` WHERE `status` = 1  [ RunTime:0.000000s ]
NOTIC: [8] Undefined variable: token F:\wamp64\www\yoyo\Application\Common\Model\ModuleModel.class.php 第 242 行.
NOTIC: [8] Undefined variable: res F:\wamp64\www\yoyo\Application\Common\Common\role.php 第 147 行.
INFO: [ action_begin ] --START--
INFO: Run Common\Behavior\InitModuleInfoBehavior [ RunTime:0.000000s ]
INFO: [ action_begin ] --END-- [ RunTime:-0.135000s ]
SQL: SHOW COLUMNS FROM `ocenter_adv_pos` [ RunTime:0.000000s ]
SQL: SHOW COLUMNS FROM `ocenter_adv` [ RunTime:0.001000s ]
SQL: SELECT * FROM `ocenter_adv` WHERE `pos_id` = 9 AND `status` = 1 AND `start_time` < 1508980559 AND `end_time` > 1508980559 ORDER BY sort asc  [ RunTime:0.000000s ]
NOTIC: [2] Invalid argument supplied for foreach() F:\wamp64\www\yoyo\Application\Common\Model\AdvModel.class.php 第 31 行.
INFO: [ view_parse ] --START--
INFO: [ template_filter ] --START--
INFO: Run Behavior\ContentReplaceBehavior [ RunTime:0.000000s ]
INFO: [ template_filter ] --END-- [ RunTime:-0.097000s ]
SQL: SELECT * FROM `ocenter_auth_rule` WHERE `name` = 'Admin/Adv/adv' AND `status` = 1 LIMIT 1   [ RunTime:0.000000s ]
INFO: Run Behavior\ParseTemplateBehavior [ RunTime:0.006000s ]
INFO: [ view_parse ] --END-- [ RunTime:-0.012000s ]
INFO: [ view_filter ] --START--
INFO: Run Behavior\WriteHtmlCacheBehavior [ RunTime:0.000000s ]
INFO: [ view_filter ] --END-- [ RunTime:-0.017000s ]
SQL: SELECT `type`,`name`,`value` FROM `ocenter_config` WHERE `status` = 1  [ RunTime:0.000000s ]
NOTIC: [8] Undefined variable: token F:\wamp64\www\yoyo\Application\Common\Model\ModuleModel.class.php 第 242 行.
NOTIC: [8] Undefined variable: res F:\wamp64\www\yoyo\Application\Common\Common\role.php 第 147 行.
INFO: [ action_begin ] --START--
INFO: Run Common\Behavior\InitModuleInfoBehavior [ RunTime:0.000000s ]
INFO: [ action_begin ] --END-- [ RunTime:-0.152000s ]
SQL: SHOW COLUMNS FROM `ocenter_weibo` [ RunTime:0.001000s ]
SQL: SELECT * FROM `ocenter_weibo` WHERE `status` = 1 ORDER BY create_time desc LIMIT 5   [ RunTime:0.001000s ]
NOTIC: [2] Invalid argument supplied for foreach() F:\wamp64\www\yoyo\Application\Weibo\Widget\HomeBlockWidget.class.php 第 42 行.
SQL: SELECT * FROM `ocenter_weibo` WHERE `status` = 1 ORDER BY comment_count desc LIMIT 5   [ RunTime:0.000000s ]
NOTIC: [2] Invalid argument supplied for foreach() F:\wamp64\www\yoyo\Application\Weibo\Widget\HomeBlockWidget.class.php 第 42 行.
INFO: [ view_parse ] --START--
INFO: [ template_filter ] --START--
INFO: Run Behavior\ContentReplaceBehavior [ RunTime:0.000000s ]
INFO: [ template_filter ] --END-- [ RunTime:-0.122000s ]
INFO: Run Behavior\ParseTemplateBehavior [ RunTime:0.012000s ]
INFO: [ view_parse ] --END-- [ RunTime:-0.033000s ]
INFO: [ view_filter ] --START--
INFO: Run Behavior\WriteHtmlCacheBehavior [ RunTime:0.000000s ]
INFO: [ view_filter ] --END-- [ RunTime:-0.044000s ]
SQL: SELECT `type`,`name`,`value` FROM `ocenter_config` WHERE `status` = 1  [ RunTime:0.000000s ]
NOTIC: [8] Undefined variable: token F:\wamp64\www\yoyo\Application\Common\Model\ModuleModel.class.php 第 242 行.
NOTIC: [8] Undefined variable: res F:\wamp64\www\yoyo\Application\Common\Common\role.php 第 147 行.
INFO: [ action_begin ] --START--
INFO: Run Common\Behavior\InitModuleInfoBehavior [ RunTime:0.000000s ]
INFO: [ action_begin ] --END-- [ RunTime:-0.180000s ]
INFO: [ view_parse ] --START--
INFO: [ template_filter ] --START--
INFO: Run Behavior\ContentReplaceBehavior [ RunTime:0.000000s ]
INFO: [ template_filter ] --END-- [ RunTime:-0.141000s ]
INFO: Run Behavior\ParseTemplateBehavior [ RunTime:0.009000s ]
INFO: [ view_parse ] --END-- [ RunTime:-0.054000s ]
INFO: [ view_filter ] --START--
INFO: Run Behavior\WriteHtmlCacheBehavior [ RunTime:0.000000s ]
INFO: [ view_filter ] --END-- [ RunTime:-0.062000s ]
SQL: SELECT `type`,`name`,`value` FROM `ocenter_config` WHERE `status` = 1  [ RunTime:0.000000s ]
NOTIC: [8] Undefined variable: token F:\wamp64\www\yoyo\Application\Common\Model\ModuleModel.class.php 第 242 行.
NOTIC: [8] Undefined variable: res F:\wamp64\www\yoyo\Application\Common\Common\role.php 第 147 行.
INFO: [ action_begin ] --START--
INFO: Run Common\Behavior\InitModuleInfoBehavior [ RunTime:0.000000s ]
INFO: [ action_begin ] --END-- [ RunTime:-0.197000s ]
NOTIC: [2] Missing argument 1 for Common\Widget\SuperLinksWidget::superLinks() F:\wamp64\www\yoyo\Application\Common\Widget\SuperLinksWidget.class.php 第 15 行.
SQL: SHOW COLUMNS FROM `ocenter_super_links` [ RunTime:0.001000s ]
SQL: SELECT * FROM `ocenter_super_links` WHERE ( status = 1 ) ORDER BY level desc,id asc  [ RunTime:0.000000s ]
NOTIC: [2] Invalid argument supplied for foreach() F:\wamp64\www\yoyo\Application\Common\Model\SuperLinksModel.class.php 第 37 行.
NOTIC: [8] Undefined variable: data F:\wamp64\www\yoyo\Application\Common\Model\SuperLinksModel.class.php 第 48 行.
NOTIC: [8] Undefined variable: param F:\wamp64\www\yoyo\Application\Common\Widget\SuperLinksWidget.class.php 第 19 行.
INFO: [ view_parse ] --START--
INFO: [ template_filter ] --START--
INFO: Run Behavior\ContentReplaceBehavior [ RunTime:0.000000s ]
INFO: [ template_filter ] --END-- [ RunTime:-0.158000s ]
INFO: Run Behavior\ParseTemplateBehavior [ RunTime:0.008000s ]
INFO: [ view_parse ] --END-- [ RunTime:-0.071000s ]
INFO: [ view_filter ] --START--
INFO: Run Behavior\WriteHtmlCacheBehavior [ RunTime:0.000000s ]
INFO: [ view_filter ] --END-- [ RunTime:-0.078000s ]
SQL: SELECT `value` FROM `ocenter_config` WHERE `name` = '_CONFIG_QRCODE_BOTTOM' LIMIT 1   [ RunTime:0.000000s ]
NOTIC: [8] Undefined variable: site F:\wamp64\www\yoyo\Runtime\Cache\Home\769e70f2e46f34ceb60619bbda5e4691.php 第 478 行.
INFO: [ pageFooter ] --START--
INFO: Run Addons\SuperLinks\SuperLinksAddon [ RunTime:0.001000s ]
INFO: [ pageFooter ] --END-- [ RunTime:0.001000s ]
SQL: SELECT `type`,`name`,`value` FROM `ocenter_config` WHERE `status` = 1  [ RunTime:0.000000s ]
NOTIC: [8] Undefined variable: token F:\wamp64\www\yoyo\Application\Common\Model\ModuleModel.class.php 第 242 行.
NOTIC: [8] Undefined variable: res F:\wamp64\www\yoyo\Application\Common\Common\role.php 第 147 行.
INFO: [ action_begin ] --START--
INFO: Run Common\Behavior\InitModuleInfoBehavior [ RunTime:0.000000s ]
INFO: [ action_begin ] --END-- [ RunTime:-0.216000s ]
SQL: SELECT `type`,`name`,`value` FROM `ocenter_config` WHERE `status` = 1  [ RunTime:0.000000s ]
NOTIC: [8] Undefined variable: token F:\wamp64\www\yoyo\Application\Common\Model\ModuleModel.class.php 第 242 行.
NOTIC: [8] Undefined variable: res F:\wamp64\www\yoyo\Application\Common\Common\role.php 第 147 行.
INFO: [ action_begin ] --START--
INFO: Run Common\Behavior\InitModuleInfoBehavior [ RunTime:0.000000s ]
INFO: [ action_begin ] --END-- [ RunTime:-0.221000s ]
INFO: [ view_parse ] --START--
INFO: [ template_filter ] --START--
INFO: Run Behavior\ContentReplaceBehavior [ RunTime:0.000000s ]
INFO: [ template_filter ] --END-- [ RunTime:-0.176000s ]
INFO: Run Behavior\ParseTemplateBehavior [ RunTime:0.004000s ]
INFO: [ view_parse ] --END-- [ RunTime:-0.092000s ]
INFO: [ view_filter ] --START--
INFO: Run Behavior\WriteHtmlCacheBehavior [ RunTime:0.000000s ]
INFO: [ view_filter ] --END-- [ RunTime:-0.095000s ]
INFO: Run Behavior\ParseTemplateBehavior [ RunTime:0.004000s ]
INFO: [ view_parse ] --END-- [ RunTime:-0.092000s ]
INFO: [ view_filter ] --START--
INFO: Run Behavior\WriteHtmlCacheBehavior [ RunTime:0.000000s ]
INFO: [ view_filter ] --END-- [ RunTime:-0.096000s ]
INFO: [ app_end ] --START--
INFO: Run Behavior\ShowPageTraceBehavior [ RunTime:0.001000s ]
INFO: [ app_end ] --END-- [ RunTime:0.001000s ]

