[ 2017-11-14T08:18:21+08:00 ] 127.0.0.1 /yoyo/
INFO: [ app_init ] --START--
INFO: Run Behavior\BuildLiteBehavior [ RunTime:0.000017s ]
INFO: Run Common\Behavior\InitHookBehavior [ RunTime:0.001627s ]
INFO: [ app_init ] --END-- [ RunTime:0.001749s ]
NOTIC: [8] Undefined index: router /Applications/XAMPP/xamppfiles/htdocs/yoyo/Application/Common/Common/function.php 第 1936 行.
NOTIC: [8] Undefined index: router /Applications/XAMPP/xamppfiles/htdocs/yoyo/Application/Common/Common/function.php 第 1936 行.
NOTIC: [8] Undefined index: router /Applications/XAMPP/xamppfiles/htdocs/yoyo/Application/Common/Common/function.php 第 1936 行.
NOTIC: [8] Undefined index: router /Applications/XAMPP/xamppfiles/htdocs/yoyo/Application/Common/Common/function.php 第 1936 行.
NOTIC: [8] Undefined index: router /Applications/XAMPP/xamppfiles/htdocs/yoyo/Application/Common/Common/function.php 第 1936 行.
NOTIC: [8] Undefined index: router /Applications/XAMPP/xamppfiles/htdocs/yoyo/Application/Common/Common/function.php 第 1936 行.
SQL: SHOW COLUMNS FROM `ocenter_config` [ RunTime:0.002016s ]
SQL: SELECT `type`,`name`,`value` FROM `ocenter_config` WHERE `status` = 1  [ RunTime:0.000412s ]
INFO: [ app_begin ] --START--
INFO: Run Behavior\ReadHtmlCacheBehavior [ RunTime:0.000328s ]
INFO: Run Behavior\CheckLangBehavior [ RunTime:0.011044s ]
INFO: [ app_begin ] --END-- [ RunTime:0.011440s ]
NOTIC: [8192] mysql_connect(): The mysql extension is deprecated and will be removed in the future: use mysqli or PDO instead /Applications/XAMPP/xamppfiles/htdocs/yoyo/ThinkPHP/Library/Think/Session/Driver/Db.class.php 第 95 行.
SQL: SHOW COLUMNS FROM `ocenter_module` [ RunTime:0.004016s ]
SQL: SELECT `type`,`name`,`value` FROM `ocenter_config` WHERE `status` = 1  [ RunTime:0.000374s ]
NOTIC: [8] Undefined variable: token /Applications/XAMPP/xamppfiles/htdocs/yoyo/Application/Common/Model/ModuleModel.class.php 第 242 行.
NOTIC: [8] Undefined variable: res /Applications/XAMPP/xamppfiles/htdocs/yoyo/Application/Common/Common/role.php 第 147 行.
INFO: [ action_begin ] --START--
INFO: Run Common\Behavior\InitModuleInfoBehavior [ RunTime:0.000154s ]
INFO: [ action_begin ] --END-- [ RunTime:0.000192s ]
SQL: SELECT `type`,`name`,`value` FROM `ocenter_config` WHERE `status` = 1  [ RunTime:0.000647s ]
SQL: SELECT `value` FROM `ocenter_config` WHERE `name` = '_HOME_ENTER_URL' LIMIT 1   [ RunTime:0.000472s ]
INFO: [ view_parse ] --START--
INFO: [ template_filter ] --START--
INFO: Run Behavior\ContentReplaceBehavior [ RunTime:0.000245s ]
INFO: [ template_filter ] --END-- [ RunTime:0.000281s ]
INFO: [ syncMeta ] --START--
INFO: Run Addons\SyncLogin\SyncLoginAddon [ RunTime:0.000588s ]
INFO: [ syncMeta ] --END-- [ RunTime:0.000631s ]
NOTIC: [8] Undefined variable: seo /Applications/XAMPP/xamppfiles/htdocs/yoyo/Runtime/Cache/Home/769e70f2e46f34ceb60619bbda5e4691.php 第 9 行.
SQL: SHOW COLUMNS FROM `ocenter_seo_rule` [ RunTime:0.002017s ]
SQL: SELECT `type`,`name`,`value` FROM `ocenter_config` WHERE `status` = 1  [ RunTime:0.000366s ]
SQL: SHOW COLUMNS FROM `ocenter_pushing` [ RunTime:0.001744s ]
ERR: 1146:Table 'yoyobit.ocenter_pushing' doesn't exist
 [ SQL语句 ] : SHOW COLUMNS FROM `ocenter_pushing`
SQL: SHOW COLUMNS FROM `ocenter_member` [ RunTime:0.003722s ]
NOTIC: [8] Undefined offset: 1 /Applications/XAMPP/xamppfiles/htdocs/yoyo/Application/Common/Model/MemberModel.class.php 第 267 行.
SQL: SHOW COLUMNS FROM `ocenter_user_token` [ RunTime:0.002629s ]
SQL: SELECT * FROM `ocenter_user_token` WHERE `uid` = null LIMIT 1   [ RunTime:0.000187s ]
SQL: SHOW COLUMNS FROM `ocenter_member` [ RunTime:0.003435s ]
SQL: SHOW COLUMNS FROM `ocenter_channel` [ RunTime:0.003583s ]
NOTIC: [8] Undefined index: _ /Applications/XAMPP/xamppfiles/htdocs/yoyo/Runtime/Cache/Home/769e70f2e46f34ceb60619bbda5e4691.php 第 151 行.
NOTIC: [8] Undefined index: _ /Applications/XAMPP/xamppfiles/htdocs/yoyo/Runtime/Cache/Home/769e70f2e46f34ceb60619bbda5e4691.php 第 151 行.
NOTIC: [8] Undefined variable: module /Applications/XAMPP/xamppfiles/htdocs/yoyo/ThinkPHP/Common/functions.php 第 1052 行.
NOTIC: [8] Undefined variable: var /Applications/XAMPP/xamppfiles/htdocs/yoyo/ThinkPHP/Common/functions.php 第 1052 行.
NOTIC: [8] Undefined variable: varController /Applications/XAMPP/xamppfiles/htdocs/yoyo/ThinkPHP/Common/functions.php 第 1052 行.
NOTIC: [8] Undefined variable: var /Applications/XAMPP/xamppfiles/htdocs/yoyo/ThinkPHP/Common/functions.php 第 1052 行.
NOTIC: [8] Undefined variable: varAction /Applications/XAMPP/xamppfiles/htdocs/yoyo/ThinkPHP/Common/functions.php 第 1052 行.
NOTIC: [8] Undefined index: _ /Applications/XAMPP/xamppfiles/htdocs/yoyo/Runtime/Cache/Home/769e70f2e46f34ceb60619bbda5e4691.php 第 151 行.
NOTIC: [8] Undefined variable: module /Applications/XAMPP/xamppfiles/htdocs/yoyo/ThinkPHP/Common/functions.php 第 1052 行.
NOTIC: [8] Undefined variable: var /Applications/XAMPP/xamppfiles/htdocs/yoyo/ThinkPHP/Common/functions.php 第 1052 行.
NOTIC: [8] Undefined variable: varController /Applications/XAMPP/xamppfiles/htdocs/yoyo/ThinkPHP/Common/functions.php 第 1052 行.
NOTIC: [8] Undefined variable: var /Applications/XAMPP/xamppfiles/htdocs/yoyo/ThinkPHP/Common/functions.php 第 1052 行.
NOTIC: [8] Undefined variable: varAction /Applications/XAMPP/xamppfiles/htdocs/yoyo/ThinkPHP/Common/functions.php 第 1052 行.
NOTIC: [8] Undefined index: _ /Applications/XAMPP/xamppfiles/htdocs/yoyo/Runtime/Cache/Home/769e70f2e46f34ceb60619bbda5e4691.php 第 151 行.
NOTIC: [8] Undefined variable: module /Applications/XAMPP/xamppfiles/htdocs/yoyo/ThinkPHP/Common/functions.php 第 1052 行.
NOTIC: [8] Undefined variable: var /Applications/XAMPP/xamppfiles/htdocs/yoyo/ThinkPHP/Common/functions.php 第 1052 行.
NOTIC: [8] Undefined variable: varController /Applications/XAMPP/xamppfiles/htdocs/yoyo/ThinkPHP/Common/functions.php 第 1052 行.
NOTIC: [8] Undefined variable: var /Applications/XAMPP/xamppfiles/htdocs/yoyo/ThinkPHP/Common/functions.php 第 1052 行.
NOTIC: [8] Undefined variable: varAction /Applications/XAMPP/xamppfiles/htdocs/yoyo/ThinkPHP/Common/functions.php 第 1052 行.
NOTIC: [8] Undefined index: _ /Applications/XAMPP/xamppfiles/htdocs/yoyo/Runtime/Cache/Home/769e70f2e46f34ceb60619bbda5e4691.php 第 151 行.
NOTIC: [8] Undefined index: _ /Applications/XAMPP/xamppfiles/htdocs/yoyo/Runtime/Cache/Home/769e70f2e46f34ceb60619bbda5e4691.php 第 151 行.
NOTIC: [8] Undefined variable: module /Applications/XAMPP/xamppfiles/htdocs/yoyo/ThinkPHP/Common/functions.php 第 1052 行.
NOTIC: [8] Undefined variable: var /Applications/XAMPP/xamppfiles/htdocs/yoyo/ThinkPHP/Common/functions.php 第 1052 行.
NOTIC: [8] Undefined variable: varController /Applications/XAMPP/xamppfiles/htdocs/yoyo/ThinkPHP/Common/functions.php 第 1052 行.
NOTIC: [8] Undefined variable: var /Applications/XAMPP/xamppfiles/htdocs/yoyo/ThinkPHP/Common/functions.php 第 1052 行.
NOTIC: [8] Undefined variable: varAction /Applications/XAMPP/xamppfiles/htdocs/yoyo/ThinkPHP/Common/functions.php 第 1052 行.
NOTIC: [8] Undefined variable: module /Applications/XAMPP/xamppfiles/htdocs/yoyo/ThinkPHP/Common/functions.php 第 1052 行.
NOTIC: [8] Undefined variable: var /Applications/XAMPP/xamppfiles/htdocs/yoyo/ThinkPHP/Common/functions.php 第 1052 行.
NOTIC: [8] Undefined variable: varController /Applications/XAMPP/xamppfiles/htdocs/yoyo/ThinkPHP/Common/functions.php 第 1052 行.
NOTIC: [8] Undefined variable: var /Applications/XAMPP/xamppfiles/htdocs/yoyo/ThinkPHP/Common/functions.php 第 1052 行.
NOTIC: [8] Undefined variable: varAction /Applications/XAMPP/xamppfiles/htdocs/yoyo/ThinkPHP/Common/functions.php 第 1052 行.
NOTIC: [8] Undefined variable: module /Applications/XAMPP/xamppfiles/htdocs/yoyo/ThinkPHP/Common/functions.php 第 1052 行.
NOTIC: [8] Undefined variable: var /Applications/XAMPP/xamppfiles/htdocs/yoyo/ThinkPHP/Common/functions.php 第 1052 行.
NOTIC: [8] Undefined variable: varController /Applications/XAMPP/xamppfiles/htdocs/yoyo/ThinkPHP/Common/functions.php 第 1052 行.
NOTIC: [8] Undefined variable: var /Applications/XAMPP/xamppfiles/htdocs/yoyo/ThinkPHP/Common/functions.php 第 1052 行.
NOTIC: [8] Undefined variable: varAction /Applications/XAMPP/xamppfiles/htdocs/yoyo/ThinkPHP/Common/functions.php 第 1052 行.
NOTIC: [8] Undefined variable: module /Applications/XAMPP/xamppfiles/htdocs/yoyo/ThinkPHP/Common/functions.php 第 1052 行.
NOTIC: [8] Undefined variable: var /Applications/XAMPP/xamppfiles/htdocs/yoyo/ThinkPHP/Common/functions.php 第 1052 行.
NOTIC: [8] Undefined variable: varController /Applications/XAMPP/xamppfiles/htdocs/yoyo/ThinkPHP/Common/functions.php 第 1052 行.
NOTIC: [8] Undefined variable: var /Applications/XAMPP/xamppfiles/htdocs/yoyo/ThinkPHP/Common/functions.php 第 1052 行.
NOTIC: [8] Undefined variable: varAction /Applications/XAMPP/xamppfiles/htdocs/yoyo/ThinkPHP/Common/functions.php 第 1052 行.
SQL: SHOW COLUMNS FROM `ocenter_auth_rule` [ RunTime:0.002112s ]
SQL: SELECT * FROM `ocenter_auth_rule` WHERE `name` = 'Core/Admin/View' AND `status` = 1 LIMIT 1   [ RunTime:0.000407s ]
SQL: SELECT `type`,`name`,`value` FROM `ocenter_config` WHERE `status` = 1  [ RunTime:0.000387s ]
NOTIC: [8] Undefined variable: token /Applications/XAMPP/xamppfiles/htdocs/yoyo/Application/Common/Model/ModuleModel.class.php 第 242 行.
NOTIC: [8] Undefined variable: res /Applications/XAMPP/xamppfiles/htdocs/yoyo/Application/Common/Common/role.php 第 147 行.
INFO: [ action_begin ] --START--
INFO: Run Common\Behavior\InitModuleInfoBehavior [ RunTime:0.000006s ]
INFO: [ action_begin ] --END-- [ RunTime:-0.062487s ]
INFO: [ view_parse ] --START--
INFO: [ template_filter ] --START--
INFO: Run Behavior\ContentReplaceBehavior [ RunTime:0.000043s ]
INFO: [ template_filter ] --END-- [ RunTime:-0.042800s ]
NOTIC: [8] Undefined index: children /Applications/XAMPP/xamppfiles/htdocs/yoyo/Runtime/Cache/Home/7ac86ee1d16e058d630e77679d9f3d59.php 第 15 行.
NOTIC: [8] Undefined index: li_class /Applications/XAMPP/xamppfiles/htdocs/yoyo/Runtime/Cache/Home/7ac86ee1d16e058d630e77679d9f3d59.php 第 31 行.
NOTIC: [8] Undefined index: a_class /Applications/XAMPP/xamppfiles/htdocs/yoyo/Runtime/Cache/Home/7ac86ee1d16e058d630e77679d9f3d59.php 第 32 行.
NOTIC: [8] Undefined index: icon /Applications/XAMPP/xamppfiles/htdocs/yoyo/Runtime/Cache/Home/7ac86ee1d16e058d630e77679d9f3d59.php 第 33 行.
NOTIC: [8] Undefined index: right /Applications/XAMPP/xamppfiles/htdocs/yoyo/Runtime/Cache/Home/7ac86ee1d16e058d630e77679d9f3d59.php 第 36 行.
INFO: Run Behavior\ParseTemplateBehavior [ RunTime:0.008538s ]
INFO: [ view_parse ] --END-- [ RunTime:0.008569s ]
INFO: [ view_filter ] --START--
INFO: Run Behavior\WriteHtmlCacheBehavior [ RunTime:0.000117s ]
INFO: [ view_filter ] --END-- [ RunTime:0.000138s ]
SQL: SELECT `type`,`name`,`value` FROM `ocenter_config` WHERE `status` = 1  [ RunTime:0.000399s ]
NOTIC: [8] Undefined variable: token /Applications/XAMPP/xamppfiles/htdocs/yoyo/Application/Common/Model/ModuleModel.class.php 第 242 行.
NOTIC: [8] Undefined variable: res /Applications/XAMPP/xamppfiles/htdocs/yoyo/Application/Common/Common/role.php 第 147 行.
INFO: [ action_begin ] --START--
INFO: Run Common\Behavior\InitModuleInfoBehavior [ RunTime:0.000006s ]
INFO: [ action_begin ] --END-- [ RunTime:-0.073495s ]
SQL: SHOW COLUMNS FROM `ocenter_adv_pos` [ RunTime:0.002995s ]
SQL: SHOW COLUMNS FROM `ocenter_adv` [ RunTime:0.002577s ]
SQL: SELECT * FROM `ocenter_adv` WHERE `pos_id` = 9 AND `status` = 1 AND `start_time` < 1510618701 AND `end_time` > 1510618701 ORDER BY sort asc  [ RunTime:0.000330s ]
NOTIC: [2] Invalid argument supplied for foreach() /Applications/XAMPP/xamppfiles/htdocs/yoyo/Application/Common/Model/AdvModel.class.php 第 31 行.
INFO: [ view_parse ] --START--
INFO: [ template_filter ] --START--
INFO: Run Behavior\ContentReplaceBehavior [ RunTime:0.000025s ]
INFO: [ template_filter ] --END-- [ RunTime:-0.058812s ]
SQL: SELECT * FROM `ocenter_auth_rule` WHERE `name` = 'Admin/Adv/adv' AND `status` = 1 LIMIT 1   [ RunTime:0.000411s ]
SQL: SHOW COLUMNS FROM ocenter_auth_group_access a [ RunTime:0.000142s ]
ERR: 1064:You have an error in your SQL syntax; check the manual that corresponds to your MariaDB server version for the right syntax to use near 'a' at line 1
 [ SQL语句 ] : SHOW COLUMNS FROM ocenter_auth_group_access a
SQL: SELECT `rules` FROM ocenter_auth_group_access a INNER JOIN ocenter_auth_group g on a.group_id=g.id and g.end_time>1510618701  WHERE ( a.uid='0' and g.status='1' )  [ RunTime:0.000283s ]
INFO: Run Behavior\ParseTemplateBehavior [ RunTime:0.003746s ]
INFO: [ view_parse ] --END-- [ RunTime:-0.012702s ]
INFO: [ view_filter ] --START--
INFO: Run Behavior\WriteHtmlCacheBehavior [ RunTime:0.000007s ]
INFO: [ view_filter ] --END-- [ RunTime:-0.016335s ]
SQL: SELECT `type`,`name`,`value` FROM `ocenter_config` WHERE `status` = 1  [ RunTime:0.000457s ]
NOTIC: [8] Undefined variable: token /Applications/XAMPP/xamppfiles/htdocs/yoyo/Application/Common/Model/ModuleModel.class.php 第 242 行.
NOTIC: [8] Undefined variable: res /Applications/XAMPP/xamppfiles/htdocs/yoyo/Application/Common/Common/role.php 第 147 行.
INFO: [ action_begin ] --START--
INFO: Run Common\Behavior\InitModuleInfoBehavior [ RunTime:0.000022s ]
INFO: [ action_begin ] --END-- [ RunTime:-0.091821s ]
SQL: SHOW COLUMNS FROM `ocenter_weibo_crowd` [ RunTime:0.003577s ]
SQL: SELECT * FROM `ocenter_weibo_crowd` WHERE `status` = 1 AND `invisible` = 1 AND `type` = 1  [ RunTime:0.000493s ]
NOTIC: [2] unlink(./Runtime/Temp/49bdab5028a82434e9bcd58c8dfa263c.php): No such file or directory /Applications/XAMPP/xamppfiles/htdocs/yoyo/ThinkPHP/Library/Think/Cache/Driver/File.class.php 第 157 行.
NOTIC: [2] unlink(./Runtime/Temp/c887ede2c62710b72c2d37a35af2ffbc.php): No such file or directory /Applications/XAMPP/xamppfiles/htdocs/yoyo/ThinkPHP/Library/Think/Cache/Driver/File.class.php 第 157 行.
SQL: SHOW COLUMNS FROM `ocenter_weibo` [ RunTime:0.003262s ]
SQL: SELECT * FROM `ocenter_weibo` WHERE `status` = 1 ORDER BY create_time desc LIMIT 5   [ RunTime:0.000266s ]
NOTIC: [2] Invalid argument supplied for foreach() /Applications/XAMPP/xamppfiles/htdocs/yoyo/Application/Weibo/Widget/HomeBlockWidget.class.php 第 47 行.
SQL: SELECT * FROM `ocenter_weibo_crowd` WHERE `status` = 1 AND `invisible` = 1 AND `type` = 1  [ RunTime:0.000288s ]
NOTIC: [2] unlink(./Runtime/Temp/49bdab5028a82434e9bcd58c8dfa263c.php): No such file or directory /Applications/XAMPP/xamppfiles/htdocs/yoyo/ThinkPHP/Library/Think/Cache/Driver/File.class.php 第 157 行.
NOTIC: [2] unlink(./Runtime/Temp/c887ede2c62710b72c2d37a35af2ffbc.php): No such file or directory /Applications/XAMPP/xamppfiles/htdocs/yoyo/ThinkPHP/Library/Think/Cache/Driver/File.class.php 第 157 行.
SQL: SELECT * FROM `ocenter_weibo` WHERE `status` = 1 ORDER BY comment_count desc LIMIT 5   [ RunTime:0.000236s ]
NOTIC: [2] Invalid argument supplied for foreach() /Applications/XAMPP/xamppfiles/htdocs/yoyo/Application/Weibo/Widget/HomeBlockWidget.class.php 第 47 行.
INFO: [ view_parse ] --START--
INFO: [ template_filter ] --START--
INFO: Run Behavior\ContentReplaceBehavior [ RunTime:0.000045s ]
INFO: [ template_filter ] --END-- [ RunTime:-0.090532s ]
INFO: Run Behavior\ParseTemplateBehavior [ RunTime:0.007319s ]
INFO: [ view_parse ] --END-- [ RunTime:-0.040824s ]
INFO: [ view_filter ] --START--
INFO: Run Behavior\WriteHtmlCacheBehavior [ RunTime:0.000009s ]
INFO: [ view_filter ] --END-- [ RunTime:-0.048043s ]
SQL: SELECT `type`,`name`,`value` FROM `ocenter_config` WHERE `status` = 1  [ RunTime:0.000405s ]
NOTIC: [8] Undefined variable: token /Applications/XAMPP/xamppfiles/htdocs/yoyo/Application/Common/Model/ModuleModel.class.php 第 242 行.
NOTIC: [8] Undefined variable: res /Applications/XAMPP/xamppfiles/htdocs/yoyo/Application/Common/Common/role.php 第 147 行.
INFO: [ action_begin ] --START--
INFO: Run Common\Behavior\InitModuleInfoBehavior [ RunTime:0.000006s ]
INFO: [ action_begin ] --END-- [ RunTime:-0.122105s ]
SQL: SELECT `uid` FROM `ocenter_member` WHERE `status` = 1 ORDER BY score1 desc LIMIT 5   [ RunTime:0.000602s ]
SQL: SELECT `uid` FROM `ocenter_member` WHERE `status` = 1 ORDER BY reg_time desc LIMIT 5   [ RunTime:0.000307s ]
INFO: [ view_parse ] --START--
INFO: [ template_filter ] --START--
INFO: Run Behavior\ContentReplaceBehavior [ RunTime:0.000032s ]
INFO: [ template_filter ] --END-- [ RunTime:-0.108387s ]
INFO: Run Behavior\ParseTemplateBehavior [ RunTime:0.005244s ]
INFO: [ view_parse ] --END-- [ RunTime:-0.060681s ]
INFO: [ view_filter ] --START--
INFO: Run Behavior\WriteHtmlCacheBehavior [ RunTime:0.000008s ]
INFO: [ view_filter ] --END-- [ RunTime:-0.065824s ]
NOTIC: [8] Undefined variable: site /Applications/XAMPP/xamppfiles/htdocs/yoyo/Runtime/Cache/Home/769e70f2e46f34ceb60619bbda5e4691.php 第 501 行.
INFO: [ pageFooter ] --START--
INFO: Run Addons\SuperLinks\SuperLinksAddon [ RunTime:0.000328s ]
INFO: [ pageFooter ] --END-- [ RunTime:0.000355s ]
SQL: SELECT `type`,`name`,`value` FROM `ocenter_config` WHERE `status` = 1  [ RunTime:0.000432s ]
NOTIC: [8] Undefined variable: token /Applications/XAMPP/xamppfiles/htdocs/yoyo/Application/Common/Model/ModuleModel.class.php 第 242 行.
NOTIC: [8] Undefined variable: res /Applications/XAMPP/xamppfiles/htdocs/yoyo/Application/Common/Common/role.php 第 147 行.
INFO: [ action_begin ] --START--
INFO: Run Common\Behavior\InitModuleInfoBehavior [ RunTime:0.000006s ]
INFO: [ action_begin ] --END-- [ RunTime:-0.139570s ]
SQL: SELECT `type`,`name`,`value` FROM `ocenter_config` WHERE `status` = 1  [ RunTime:0.000496s ]
NOTIC: [8] Undefined variable: token /Applications/XAMPP/xamppfiles/htdocs/yoyo/Application/Common/Model/ModuleModel.class.php 第 242 行.
NOTIC: [8] Undefined variable: res /Applications/XAMPP/xamppfiles/htdocs/yoyo/Application/Common/Common/role.php 第 147 行.
INFO: [ action_begin ] --START--
INFO: Run Common\Behavior\InitModuleInfoBehavior [ RunTime:0.000015s ]
INFO: [ action_begin ] --END-- [ RunTime:-0.142705s ]
INFO: Run Behavior\ParseTemplateBehavior [ RunTime:0.010991s ]
INFO: [ view_parse ] --END-- [ RunTime:-0.060681s ]
INFO: [ view_filter ] --START--
INFO: Run Behavior\WriteHtmlCacheBehavior [ RunTime:0.000013s ]
INFO: [ view_filter ] --END-- [ RunTime:-0.071595s ]
INFO: [ app_end ] --START--
INFO: Run Behavior\ShowPageTraceBehavior [ RunTime:0.000911s ]
INFO: [ app_end ] --END-- [ RunTime:0.000989s ]

[ 2017-11-14T08:18:27+08:00 ] 127.0.0.1 /yoyo/
INFO: [ app_init ] --START--
INFO: Run Behavior\BuildLiteBehavior [ RunTime:0.000019s ]
INFO: Run Common\Behavior\InitHookBehavior [ RunTime:0.000891s ]
INFO: [ app_init ] --END-- [ RunTime:0.001010s ]
NOTIC: [8] Undefined index: router /Applications/XAMPP/xamppfiles/htdocs/yoyo/Application/Common/Common/function.php 第 1936 行.
NOTIC: [8] Undefined index: router /Applications/XAMPP/xamppfiles/htdocs/yoyo/Application/Common/Common/function.php 第 1936 行.
NOTIC: [8] Undefined index: router /Applications/XAMPP/xamppfiles/htdocs/yoyo/Application/Common/Common/function.php 第 1936 行.
NOTIC: [8] Undefined index: router /Applications/XAMPP/xamppfiles/htdocs/yoyo/Application/Common/Common/function.php 第 1936 行.
NOTIC: [8] Undefined index: router /Applications/XAMPP/xamppfiles/htdocs/yoyo/Application/Common/Common/function.php 第 1936 行.
NOTIC: [8] Undefined index: router /Applications/XAMPP/xamppfiles/htdocs/yoyo/Application/Common/Common/function.php 第 1936 行.
SQL: SHOW COLUMNS FROM `ocenter_config` [ RunTime:0.002286s ]
SQL: SELECT `type`,`name`,`value` FROM `ocenter_config` WHERE `status` = 1  [ RunTime:0.001022s ]
INFO: [ app_begin ] --START--
INFO: Run Behavior\ReadHtmlCacheBehavior [ RunTime:0.000566s ]
INFO: Run Behavior\CheckLangBehavior [ RunTime:0.017650s ]
INFO: [ app_begin ] --END-- [ RunTime:0.018346s ]
NOTIC: [8192] mysql_connect(): The mysql extension is deprecated and will be removed in the future: use mysqli or PDO instead /Applications/XAMPP/xamppfiles/htdocs/yoyo/ThinkPHP/Library/Think/Session/Driver/Db.class.php 第 95 行.
SQL: SHOW COLUMNS FROM `ocenter_module` [ RunTime:0.003633s ]
SQL: SELECT `type`,`name`,`value` FROM `ocenter_config` WHERE `status` = 1  [ RunTime:0.000801s ]
NOTIC: [8] Undefined variable: token /Applications/XAMPP/xamppfiles/htdocs/yoyo/Application/Common/Model/ModuleModel.class.php 第 242 行.
NOTIC: [8] Undefined variable: res /Applications/XAMPP/xamppfiles/htdocs/yoyo/Application/Common/Common/role.php 第 147 行.
INFO: [ action_begin ] --START--
INFO: Run Common\Behavior\InitModuleInfoBehavior [ RunTime:0.000176s ]
INFO: [ action_begin ] --END-- [ RunTime:0.000215s ]
SQL: SELECT `type`,`name`,`value` FROM `ocenter_config` WHERE `status` = 1  [ RunTime:0.000403s ]
SQL: SELECT `value` FROM `ocenter_config` WHERE `name` = '_HOME_ENTER_URL' LIMIT 1   [ RunTime:0.000272s ]
INFO: [ view_parse ] --START--
INFO: [ template_filter ] --START--
INFO: Run Behavior\ContentReplaceBehavior [ RunTime:0.000261s ]
INFO: [ template_filter ] --END-- [ RunTime:0.000309s ]
INFO: [ syncMeta ] --START--
INFO: Run Addons\SyncLogin\SyncLoginAddon [ RunTime:0.001066s ]
INFO: [ syncMeta ] --END-- [ RunTime:0.001190s ]
NOTIC: [8] Undefined variable: seo /Applications/XAMPP/xamppfiles/htdocs/yoyo/Runtime/Cache/Home/769e70f2e46f34ceb60619bbda5e4691.php 第 9 行.
SQL: SHOW COLUMNS FROM `ocenter_seo_rule` [ RunTime:0.003843s ]
SQL: SELECT `type`,`name`,`value` FROM `ocenter_config` WHERE `status` = 1  [ RunTime:0.000372s ]
SQL: SHOW COLUMNS FROM `ocenter_pushing` [ RunTime:0.001761s ]
ERR: 1146:Table 'yoyobit.ocenter_pushing' doesn't exist
 [ SQL语句 ] : SHOW COLUMNS FROM `ocenter_pushing`
SQL: SHOW COLUMNS FROM `ocenter_member` [ RunTime:0.002110s ]
SQL: SHOW COLUMNS FROM `ocenter_member` [ RunTime:0.003335s ]
SQL: SHOW COLUMNS FROM `ocenter_channel` [ RunTime:0.002095s ]
NOTIC: [8] Undefined index: _ /Applications/XAMPP/xamppfiles/htdocs/yoyo/Runtime/Cache/Home/769e70f2e46f34ceb60619bbda5e4691.php 第 151 行.
NOTIC: [8] Undefined index: _ /Applications/XAMPP/xamppfiles/htdocs/yoyo/Runtime/Cache/Home/769e70f2e46f34ceb60619bbda5e4691.php 第 151 行.
NOTIC: [8] Undefined variable: module /Applications/XAMPP/xamppfiles/htdocs/yoyo/ThinkPHP/Common/functions.php 第 1052 行.
NOTIC: [8] Undefined variable: var /Applications/XAMPP/xamppfiles/htdocs/yoyo/ThinkPHP/Common/functions.php 第 1052 行.
NOTIC: [8] Undefined variable: varController /Applications/XAMPP/xamppfiles/htdocs/yoyo/ThinkPHP/Common/functions.php 第 1052 行.
NOTIC: [8] Undefined variable: var /Applications/XAMPP/xamppfiles/htdocs/yoyo/ThinkPHP/Common/functions.php 第 1052 行.
NOTIC: [8] Undefined variable: varAction /Applications/XAMPP/xamppfiles/htdocs/yoyo/ThinkPHP/Common/functions.php 第 1052 行.
NOTIC: [8] Undefined index: _ /Applications/XAMPP/xamppfiles/htdocs/yoyo/Runtime/Cache/Home/769e70f2e46f34ceb60619bbda5e4691.php 第 151 行.
NOTIC: [8] Undefined variable: module /Applications/XAMPP/xamppfiles/htdocs/yoyo/ThinkPHP/Common/functions.php 第 1052 行.
NOTIC: [8] Undefined variable: var /Applications/XAMPP/xamppfiles/htdocs/yoyo/ThinkPHP/Common/functions.php 第 1052 行.
NOTIC: [8] Undefined variable: varController /Applications/XAMPP/xamppfiles/htdocs/yoyo/ThinkPHP/Common/functions.php 第 1052 行.
NOTIC: [8] Undefined variable: var /Applications/XAMPP/xamppfiles/htdocs/yoyo/ThinkPHP/Common/functions.php 第 1052 行.
NOTIC: [8] Undefined variable: varAction /Applications/XAMPP/xamppfiles/htdocs/yoyo/ThinkPHP/Common/functions.php 第 1052 行.
NOTIC: [8] Undefined index: _ /Applications/XAMPP/xamppfiles/htdocs/yoyo/Runtime/Cache/Home/769e70f2e46f34ceb60619bbda5e4691.php 第 151 行.
NOTIC: [8] Undefined variable: module /Applications/XAMPP/xamppfiles/htdocs/yoyo/ThinkPHP/Common/functions.php 第 1052 行.
NOTIC: [8] Undefined variable: var /Applications/XAMPP/xamppfiles/htdocs/yoyo/ThinkPHP/Common/functions.php 第 1052 行.
NOTIC: [8] Undefined variable: varController /Applications/XAMPP/xamppfiles/htdocs/yoyo/ThinkPHP/Common/functions.php 第 1052 行.
NOTIC: [8] Undefined variable: var /Applications/XAMPP/xamppfiles/htdocs/yoyo/ThinkPHP/Common/functions.php 第 1052 行.
NOTIC: [8] Undefined variable: varAction /Applications/XAMPP/xamppfiles/htdocs/yoyo/ThinkPHP/Common/functions.php 第 1052 行.
NOTIC: [8] Undefined index: _ /Applications/XAMPP/xamppfiles/htdocs/yoyo/Runtime/Cache/Home/769e70f2e46f34ceb60619bbda5e4691.php 第 151 行.
NOTIC: [8] Undefined index: _ /Applications/XAMPP/xamppfiles/htdocs/yoyo/Runtime/Cache/Home/769e70f2e46f34ceb60619bbda5e4691.php 第 151 行.
NOTIC: [8] Undefined variable: module /Applications/XAMPP/xamppfiles/htdocs/yoyo/ThinkPHP/Common/functions.php 第 1052 行.
NOTIC: [8] Undefined variable: var /Applications/XAMPP/xamppfiles/htdocs/yoyo/ThinkPHP/Common/functions.php 第 1052 行.
NOTIC: [8] Undefined variable: varController /Applications/XAMPP/xamppfiles/htdocs/yoyo/ThinkPHP/Common/functions.php 第 1052 行.
NOTIC: [8] Undefined variable: var /Applications/XAMPP/xamppfiles/htdocs/yoyo/ThinkPHP/Common/functions.php 第 1052 行.
NOTIC: [8] Undefined variable: varAction /Applications/XAMPP/xamppfiles/htdocs/yoyo/ThinkPHP/Common/functions.php 第 1052 行.
NOTIC: [8] Undefined variable: module /Applications/XAMPP/xamppfiles/htdocs/yoyo/ThinkPHP/Common/functions.php 第 1052 行.
NOTIC: [8] Undefined variable: var /Applications/XAMPP/xamppfiles/htdocs/yoyo/ThinkPHP/Common/functions.php 第 1052 行.
NOTIC: [8] Undefined variable: varController /Applications/XAMPP/xamppfiles/htdocs/yoyo/ThinkPHP/Common/functions.php 第 1052 行.
NOTIC: [8] Undefined variable: var /Applications/XAMPP/xamppfiles/htdocs/yoyo/ThinkPHP/Common/functions.php 第 1052 行.
NOTIC: [8] Undefined variable: varAction /Applications/XAMPP/xamppfiles/htdocs/yoyo/ThinkPHP/Common/functions.php 第 1052 行.
NOTIC: [8] Undefined variable: module /Applications/XAMPP/xamppfiles/htdocs/yoyo/ThinkPHP/Common/functions.php 第 1052 行.
NOTIC: [8] Undefined variable: var /Applications/XAMPP/xamppfiles/htdocs/yoyo/ThinkPHP/Common/functions.php 第 1052 行.
NOTIC: [8] Undefined variable: varController /Applications/XAMPP/xamppfiles/htdocs/yoyo/ThinkPHP/Common/functions.php 第 1052 行.
NOTIC: [8] Undefined variable: var /Applications/XAMPP/xamppfiles/htdocs/yoyo/ThinkPHP/Common/functions.php 第 1052 行.
NOTIC: [8] Undefined variable: varAction /Applications/XAMPP/xamppfiles/htdocs/yoyo/ThinkPHP/Common/functions.php 第 1052 行.
NOTIC: [8] Undefined variable: module /Applications/XAMPP/xamppfiles/htdocs/yoyo/ThinkPHP/Common/functions.php 第 1052 行.
NOTIC: [8] Undefined variable: var /Applications/XAMPP/xamppfiles/htdocs/yoyo/ThinkPHP/Common/functions.php 第 1052 行.
NOTIC: [8] Undefined variable: varController /Applications/XAMPP/xamppfiles/htdocs/yoyo/ThinkPHP/Common/functions.php 第 1052 行.
NOTIC: [8] Undefined variable: var /Applications/XAMPP/xamppfiles/htdocs/yoyo/ThinkPHP/Common/functions.php 第 1052 行.
NOTIC: [8] Undefined variable: varAction /Applications/XAMPP/xamppfiles/htdocs/yoyo/ThinkPHP/Common/functions.php 第 1052 行.
SQL: SHOW COLUMNS FROM `ocenter_member` [ RunTime:0.003213s ]
SQL: SELECT `reg_time` FROM `ocenter_member` WHERE `uid` = 152 LIMIT 1   [ RunTime:0.000662s ]
SQL: SHOW COLUMNS FROM `ocenter_user_config` [ RunTime:0.002286s ]
SQL: SELECT * FROM `ocenter_user_config` WHERE `uid` = 152 AND `name` = 'user_cover' AND `role_id` = 0 AND `model` = '' LIMIT 1   [ RunTime:0.000213s ]
SQL: SHOW COLUMNS FROM `ocenter_picture` [ RunTime:0.003607s ]
SQL: SELECT * FROM `ocenter_picture` WHERE `status` = 1 AND `id` = null LIMIT 1   [ RunTime:0.000746s ]
NOTIC: [2] unlink(./Runtime/Temp/945c180f3240ad0e35d9eb8beb06401b.php): No such file or directory /Applications/XAMPP/xamppfiles/htdocs/yoyo/ThinkPHP/Library/Think/Cache/Driver/File.class.php 第 157 行.
NOTIC: [2] unlink(./Runtime/Temp/deec309cb1249b5b7776ac8c8f45123b.php): No such file or directory /Applications/XAMPP/xamppfiles/htdocs/yoyo/ThinkPHP/Library/Think/Cache/Driver/File.class.php 第 157 行.
NOTIC: [8] Undefined index: space_url /Applications/XAMPP/xamppfiles/htdocs/yoyo/Runtime/Cache/Home/769e70f2e46f34ceb60619bbda5e4691.php 第 224 行.
NOTIC: [8] Undefined index: before_level_need /Applications/XAMPP/xamppfiles/htdocs/yoyo/Application/Ucenter/Model/TitleModel.class.php 第 67 行.
NOTIC: [2] Division by zero /Applications/XAMPP/xamppfiles/htdocs/yoyo/Application/Ucenter/Model/TitleModel.class.php 第 67 行.
NOTIC: [8] Undefined index: score /Applications/XAMPP/xamppfiles/htdocs/yoyo/Runtime/Cache/Home/769e70f2e46f34ceb60619bbda5e4691.php 第 256 行.
NOTIC: [8] Undefined index: score /Applications/XAMPP/xamppfiles/htdocs/yoyo/Runtime/Cache/Home/769e70f2e46f34ceb60619bbda5e4691.php 第 268 行.
NOTIC: [8] Undefined variable: module /Applications/XAMPP/xamppfiles/htdocs/yoyo/ThinkPHP/Common/functions.php 第 1052 行.
NOTIC: [8] Undefined variable: var /Applications/XAMPP/xamppfiles/htdocs/yoyo/ThinkPHP/Common/functions.php 第 1052 行.
NOTIC: [8] Undefined variable: varController /Applications/XAMPP/xamppfiles/htdocs/yoyo/ThinkPHP/Common/functions.php 第 1052 行.
NOTIC: [8] Undefined variable: var /Applications/XAMPP/xamppfiles/htdocs/yoyo/ThinkPHP/Common/functions.php 第 1052 行.
NOTIC: [8] Undefined variable: varAction /Applications/XAMPP/xamppfiles/htdocs/yoyo/ThinkPHP/Common/functions.php 第 1052 行.
NOTIC: [8] Undefined variable: module /Applications/XAMPP/xamppfiles/htdocs/yoyo/ThinkPHP/Common/functions.php 第 1052 行.
NOTIC: [8] Undefined variable: var /Applications/XAMPP/xamppfiles/htdocs/yoyo/ThinkPHP/Common/functions.php 第 1052 行.
NOTIC: [8] Undefined variable: varController /Applications/XAMPP/xamppfiles/htdocs/yoyo/ThinkPHP/Common/functions.php 第 1052 行.
NOTIC: [8] Undefined variable: var /Applications/XAMPP/xamppfiles/htdocs/yoyo/ThinkPHP/Common/functions.php 第 1052 行.
NOTIC: [8] Undefined variable: varAction /Applications/XAMPP/xamppfiles/htdocs/yoyo/ThinkPHP/Common/functions.php 第 1052 行.
SQL: SHOW COLUMNS FROM `ocenter_auth_rule` [ RunTime:0.003032s ]
SQL: SELECT * FROM `ocenter_auth_rule` WHERE `name` = 'Admin/Index/index' AND `status` = 1 LIMIT 1   [ RunTime:0.000313s ]
SQL: SHOW COLUMNS FROM ocenter_auth_group_access a [ RunTime:0.000157s ]
ERR: 1064:You have an error in your SQL syntax; check the manual that corresponds to your MariaDB server version for the right syntax to use near 'a' at line 1
 [ SQL语句 ] : SHOW COLUMNS FROM ocenter_auth_group_access a
SQL: SELECT `rules` FROM ocenter_auth_group_access a INNER JOIN ocenter_auth_group g on a.group_id=g.id and g.end_time>1510618707  WHERE ( a.uid='152' and g.status='1' )  [ RunTime:0.001595s ]
SQL: SHOW COLUMNS FROM `ocenter_auth_rule` [ RunTime:0.002244s ]
SQL: SELECT `condition`,`name` FROM `ocenter_auth_rule` WHERE `id` IN ('338','340','341','344','10004','10007','10008','10010','10015','10016','10178','10180','10181','10184','10186','10190','10192','10193','10196','10198') AND `type` = 1 AND `status` = 1  [ RunTime:0.000542s ]
SQL: SELECT * FROM `ocenter_auth_rule` WHERE `name` = 'Core/Admin/View' AND `status` = 1 LIMIT 1   [ RunTime:0.001243s ]
SQL: SELECT `type`,`name`,`value` FROM `ocenter_config` WHERE `status` = 1  [ RunTime:0.000559s ]
NOTIC: [8] Undefined variable: token /Applications/XAMPP/xamppfiles/htdocs/yoyo/Application/Common/Model/ModuleModel.class.php 第 242 行.
NOTIC: [8] Undefined variable: res /Applications/XAMPP/xamppfiles/htdocs/yoyo/Application/Common/Common/role.php 第 147 行.
INFO: [ action_begin ] --START--
INFO: Run Common\Behavior\InitModuleInfoBehavior [ RunTime:0.000010s ]
INFO: [ action_begin ] --END-- [ RunTime:-0.083741s ]
INFO: [ view_parse ] --START--
INFO: [ template_filter ] --START--
INFO: Run Behavior\ContentReplaceBehavior [ RunTime:0.000085s ]
INFO: [ template_filter ] --END-- [ RunTime:-0.066629s ]
NOTIC: [8] Undefined index: children /Applications/XAMPP/xamppfiles/htdocs/yoyo/Runtime/Cache/Home/7ac86ee1d16e058d630e77679d9f3d59.php 第 15 行.
NOTIC: [8] Undefined index: li_class /Applications/XAMPP/xamppfiles/htdocs/yoyo/Runtime/Cache/Home/7ac86ee1d16e058d630e77679d9f3d59.php 第 31 行.
NOTIC: [8] Undefined index: a_class /Applications/XAMPP/xamppfiles/htdocs/yoyo/Runtime/Cache/Home/7ac86ee1d16e058d630e77679d9f3d59.php 第 32 行.
NOTIC: [8] Undefined index: icon /Applications/XAMPP/xamppfiles/htdocs/yoyo/Runtime/Cache/Home/7ac86ee1d16e058d630e77679d9f3d59.php 第 33 行.
NOTIC: [8] Undefined index: right /Applications/XAMPP/xamppfiles/htdocs/yoyo/Runtime/Cache/Home/7ac86ee1d16e058d630e77679d9f3d59.php 第 36 行.
INFO: Run Behavior\ParseTemplateBehavior [ RunTime:0.007742s ]
INFO: [ view_parse ] --END-- [ RunTime:0.007787s ]
INFO: [ view_filter ] --START--
INFO: Run Behavior\WriteHtmlCacheBehavior [ RunTime:0.000099s ]
INFO: [ view_filter ] --END-- [ RunTime:0.000120s ]
SQL: SELECT `type`,`name`,`value` FROM `ocenter_config` WHERE `status` = 1  [ RunTime:0.000477s ]
NOTIC: [8] Undefined variable: token /Applications/XAMPP/xamppfiles/htdocs/yoyo/Application/Common/Model/ModuleModel.class.php 第 242 行.
NOTIC: [8] Undefined variable: res /Applications/XAMPP/xamppfiles/htdocs/yoyo/Application/Common/Common/role.php 第 147 行.
INFO: [ action_begin ] --START--
INFO: Run Common\Behavior\InitModuleInfoBehavior [ RunTime:0.000006s ]
INFO: [ action_begin ] --END-- [ RunTime:-0.093896s ]
SQL: SHOW COLUMNS FROM `ocenter_adv_pos` [ RunTime:0.005111s ]
SQL: SHOW COLUMNS FROM `ocenter_adv` [ RunTime:0.002777s ]
SQL: SELECT * FROM `ocenter_adv` WHERE `pos_id` = 9 AND `status` = 1 AND `start_time` < 1510618707 AND `end_time` > 1510618707 ORDER BY sort asc  [ RunTime:0.000322s ]
NOTIC: [2] Invalid argument supplied for foreach() /Applications/XAMPP/xamppfiles/htdocs/yoyo/Application/Common/Model/AdvModel.class.php 第 31 行.
INFO: [ view_parse ] --START--
INFO: [ template_filter ] --START--
INFO: Run Behavior\ContentReplaceBehavior [ RunTime:0.000023s ]
INFO: [ template_filter ] --END-- [ RunTime:-0.081962s ]
SQL: SELECT * FROM `ocenter_auth_rule` WHERE `name` = 'Admin/Adv/adv' AND `status` = 1 LIMIT 1   [ RunTime:0.000440s ]
INFO: Run Behavior\ParseTemplateBehavior [ RunTime:0.001965s ]
INFO: [ view_parse ] --END-- [ RunTime:-0.012912s ]
INFO: [ view_filter ] --START--
INFO: Run Behavior\WriteHtmlCacheBehavior [ RunTime:0.000008s ]
INFO: [ view_filter ] --END-- [ RunTime:-0.014789s ]
SQL: SELECT `type`,`name`,`value` FROM `ocenter_config` WHERE `status` = 1  [ RunTime:0.000340s ]
NOTIC: [8] Undefined variable: token /Applications/XAMPP/xamppfiles/htdocs/yoyo/Application/Common/Model/ModuleModel.class.php 第 242 行.
NOTIC: [8] Undefined variable: res /Applications/XAMPP/xamppfiles/htdocs/yoyo/Application/Common/Common/role.php 第 147 行.
INFO: [ action_begin ] --START--
INFO: Run Common\Behavior\InitModuleInfoBehavior [ RunTime:0.000006s ]
INFO: [ action_begin ] --END-- [ RunTime:-0.108543s ]
SQL: SHOW COLUMNS FROM `ocenter_weibo_crowd` [ RunTime:0.003667s ]
SQL: SELECT * FROM `ocenter_weibo_crowd` WHERE `status` = 1 AND `invisible` = 1 AND `type` = 1  [ RunTime:0.000684s ]
NOTIC: [2] unlink(./Runtime/Temp/49bdab5028a82434e9bcd58c8dfa263c.php): No such file or directory /Applications/XAMPP/xamppfiles/htdocs/yoyo/ThinkPHP/Library/Think/Cache/Driver/File.class.php 第 157 行.
NOTIC: [2] unlink(./Runtime/Temp/c887ede2c62710b72c2d37a35af2ffbc.php): No such file or directory /Applications/XAMPP/xamppfiles/htdocs/yoyo/ThinkPHP/Library/Think/Cache/Driver/File.class.php 第 157 行.
SQL: SHOW COLUMNS FROM `ocenter_weibo` [ RunTime:0.004158s ]
SQL: SELECT * FROM `ocenter_weibo` WHERE `status` = 1 ORDER BY create_time desc LIMIT 5   [ RunTime:0.000310s ]
NOTIC: [2] Invalid argument supplied for foreach() /Applications/XAMPP/xamppfiles/htdocs/yoyo/Application/Weibo/Widget/HomeBlockWidget.class.php 第 47 行.
SQL: SELECT * FROM `ocenter_weibo_crowd` WHERE `status` = 1 AND `invisible` = 1 AND `type` = 1  [ RunTime:0.000354s ]
NOTIC: [2] unlink(./Runtime/Temp/49bdab5028a82434e9bcd58c8dfa263c.php): No such file or directory /Applications/XAMPP/xamppfiles/htdocs/yoyo/ThinkPHP/Library/Think/Cache/Driver/File.class.php 第 157 行.
NOTIC: [2] unlink(./Runtime/Temp/c887ede2c62710b72c2d37a35af2ffbc.php): No such file or directory /Applications/XAMPP/xamppfiles/htdocs/yoyo/ThinkPHP/Library/Think/Cache/Driver/File.class.php 第 157 行.
SQL: SELECT * FROM `ocenter_weibo` WHERE `status` = 1 ORDER BY comment_count desc LIMIT 5   [ RunTime:0.000285s ]
NOTIC: [2] Invalid argument supplied for foreach() /Applications/XAMPP/xamppfiles/htdocs/yoyo/Application/Weibo/Widget/HomeBlockWidget.class.php 第 47 行.
INFO: [ view_parse ] --START--
INFO: [ template_filter ] --START--
INFO: Run Behavior\ContentReplaceBehavior [ RunTime:0.000046s ]
INFO: [ template_filter ] --END-- [ RunTime:-0.102932s ]
INFO: Run Behavior\ParseTemplateBehavior [ RunTime:0.005327s ]
INFO: [ view_parse ] --END-- [ RunTime:-0.031171s ]
INFO: [ view_filter ] --START--
INFO: Run Behavior\WriteHtmlCacheBehavior [ RunTime:0.000010s ]
INFO: [ view_filter ] --END-- [ RunTime:-0.036423s ]
SQL: SELECT `type`,`name`,`value` FROM `ocenter_config` WHERE `status` = 1  [ RunTime:0.000980s ]
NOTIC: [8] Undefined variable: token /Applications/XAMPP/xamppfiles/htdocs/yoyo/Application/Common/Model/ModuleModel.class.php 第 242 行.
NOTIC: [8] Undefined variable: res /Applications/XAMPP/xamppfiles/htdocs/yoyo/Application/Common/Common/role.php 第 147 行.
INFO: [ action_begin ] --START--
INFO: Run Common\Behavior\InitModuleInfoBehavior [ RunTime:0.000010s ]
INFO: [ action_begin ] --END-- [ RunTime:-0.132409s ]
INFO: [ view_parse ] --START--
INFO: [ template_filter ] --START--
INFO: Run Behavior\ContentReplaceBehavior [ RunTime:0.000065s ]
INFO: [ template_filter ] --END-- [ RunTime:-0.111699s ]
INFO: Run Behavior\ParseTemplateBehavior [ RunTime:0.003728s ]
INFO: [ view_parse ] --END-- [ RunTime:-0.040901s ]
INFO: [ view_filter ] --START--
INFO: Run Behavior\WriteHtmlCacheBehavior [ RunTime:0.000007s ]
INFO: [ view_filter ] --END-- [ RunTime:-0.044561s ]
NOTIC: [8] Undefined variable: site /Applications/XAMPP/xamppfiles/htdocs/yoyo/Runtime/Cache/Home/769e70f2e46f34ceb60619bbda5e4691.php 第 501 行.
INFO: [ pageFooter ] --START--
INFO: Run Addons\SuperLinks\SuperLinksAddon [ RunTime:0.000334s ]
INFO: [ pageFooter ] --END-- [ RunTime:0.000361s ]
SQL: SELECT `type`,`name`,`value` FROM `ocenter_config` WHERE `status` = 1  [ RunTime:0.000367s ]
NOTIC: [8] Undefined variable: token /Applications/XAMPP/xamppfiles/htdocs/yoyo/Application/Common/Model/ModuleModel.class.php 第 242 行.
NOTIC: [8] Undefined variable: res /Applications/XAMPP/xamppfiles/htdocs/yoyo/Application/Common/Common/role.php 第 147 行.
INFO: [ action_begin ] --START--
INFO: Run Common\Behavior\InitModuleInfoBehavior [ RunTime:0.000006s ]
INFO: [ action_begin ] --END-- [ RunTime:-0.138877s ]
SQL: SELECT `type`,`name`,`value` FROM `ocenter_config` WHERE `status` = 1  [ RunTime:0.000360s ]
NOTIC: [8] Undefined variable: token /Applications/XAMPP/xamppfiles/htdocs/yoyo/Application/Common/Model/ModuleModel.class.php 第 242 行.
NOTIC: [8] Undefined variable: res /Applications/XAMPP/xamppfiles/htdocs/yoyo/Application/Common/Common/role.php 第 147 行.
INFO: [ action_begin ] --START--
INFO: Run Common\Behavior\InitModuleInfoBehavior [ RunTime:0.000007s ]
INFO: [ action_begin ] --END-- [ RunTime:-0.140350s ]
INFO: [ view_parse ] --START--
INFO: [ template_filter ] --START--
INFO: Run Behavior\ContentReplaceBehavior [ RunTime:0.000022s ]
INFO: [ template_filter ] --END-- [ RunTime:-0.117230s ]
INFO: Run Behavior\ParseTemplateBehavior [ RunTime:0.000929s ]
INFO: [ view_parse ] --END-- [ RunTime:-0.048370s ]
INFO: [ view_filter ] --START--
INFO: Run Behavior\WriteHtmlCacheBehavior [ RunTime:0.000006s ]
INFO: [ view_filter ] --END-- [ RunTime:-0.049200s ]
INFO: Run Behavior\ParseTemplateBehavior [ RunTime:0.001102s ]
INFO: [ view_parse ] --END-- [ RunTime:-0.048370s ]
INFO: [ view_filter ] --START--
INFO: Run Behavior\WriteHtmlCacheBehavior [ RunTime:0.000005s ]
INFO: [ view_filter ] --END-- [ RunTime:-0.049369s ]
INFO: [ app_end ] --START--
INFO: Run Behavior\ShowPageTraceBehavior [ RunTime:0.000423s ]
INFO: [ app_end ] --END-- [ RunTime:0.000458s ]

[ 2017-11-14T15:46:41+08:00 ] 127.0.0.1 /yoyo/home
INFO: [ app_init ] --START--
INFO: Run Behavior\BuildLiteBehavior [ RunTime:0.000011s ]
INFO: Run Common\Behavior\InitHookBehavior [ RunTime:0.001106s ]
INFO: [ app_init ] --END-- [ RunTime:0.001209s ]
NOTIC: [8] Undefined index: router /Applications/XAMPP/xamppfiles/htdocs/yoyo/Application/Common/Common/function.php 第 1936 行.
NOTIC: [8] Undefined index: router /Applications/XAMPP/xamppfiles/htdocs/yoyo/Application/Common/Common/function.php 第 1936 行.
NOTIC: [8] Undefined index: router /Applications/XAMPP/xamppfiles/htdocs/yoyo/Application/Common/Common/function.php 第 1936 行.
NOTIC: [8] Undefined index: router /Applications/XAMPP/xamppfiles/htdocs/yoyo/Application/Common/Common/function.php 第 1936 行.
NOTIC: [8] Undefined index: router /Applications/XAMPP/xamppfiles/htdocs/yoyo/Application/Common/Common/function.php 第 1936 行.
NOTIC: [8] Undefined index: router /Applications/XAMPP/xamppfiles/htdocs/yoyo/Application/Common/Common/function.php 第 1936 行.
SQL: SHOW COLUMNS FROM `ocenter_config` [ RunTime:0.002221s ]
SQL: SELECT `type`,`name`,`value` FROM `ocenter_config` WHERE `status` = 1  [ RunTime:0.000773s ]
INFO: [ app_begin ] --START--
INFO: Run Behavior\ReadHtmlCacheBehavior [ RunTime:0.000522s ]
INFO: Run Behavior\CheckLangBehavior [ RunTime:0.014811s ]
INFO: [ app_begin ] --END-- [ RunTime:0.015481s ]
NOTIC: [8192] mysql_connect(): The mysql extension is deprecated and will be removed in the future: use mysqli or PDO instead /Applications/XAMPP/xamppfiles/htdocs/yoyo/ThinkPHP/Library/Think/Session/Driver/Db.class.php 第 95 行.
SQL: SHOW COLUMNS FROM `ocenter_module` [ RunTime:0.003847s ]
SQL: SELECT `type`,`name`,`value` FROM `ocenter_config` WHERE `status` = 1  [ RunTime:0.000597s ]
NOTIC: [8] Undefined variable: token /Applications/XAMPP/xamppfiles/htdocs/yoyo/Application/Common/Model/ModuleModel.class.php 第 242 行.
NOTIC: [8] Undefined variable: res /Applications/XAMPP/xamppfiles/htdocs/yoyo/Application/Common/Common/role.php 第 147 行.
INFO: [ action_begin ] --START--
INFO: Run Common\Behavior\InitModuleInfoBehavior [ RunTime:0.000123s ]
INFO: [ action_begin ] --END-- [ RunTime:0.000156s ]
SQL: SELECT `type`,`name`,`value` FROM `ocenter_config` WHERE `status` = 1  [ RunTime:0.000380s ]
SQL: SELECT `value` FROM `ocenter_config` WHERE `name` = '_HOME_ENTER_URL' LIMIT 1   [ RunTime:0.000711s ]
INFO: [ view_parse ] --START--
INFO: [ template_filter ] --START--
INFO: Run Behavior\ContentReplaceBehavior [ RunTime:0.000255s ]
INFO: [ template_filter ] --END-- [ RunTime:0.000293s ]
INFO: [ syncMeta ] --START--
INFO: Run Addons\SyncLogin\SyncLoginAddon [ RunTime:0.005175s ]
INFO: [ syncMeta ] --END-- [ RunTime:0.005276s ]
NOTIC: [8] Undefined variable: seo /Applications/XAMPP/xamppfiles/htdocs/yoyo/Runtime/Cache/Home/769e70f2e46f34ceb60619bbda5e4691.php 第 9 行.
SQL: SHOW COLUMNS FROM `ocenter_seo_rule` [ RunTime:0.002421s ]
SQL: SELECT `type`,`name`,`value` FROM `ocenter_config` WHERE `status` = 1  [ RunTime:0.000637s ]
SQL: SHOW COLUMNS FROM `ocenter_pushing` [ RunTime:0.003182s ]
ERR: 1146:Table 'yoyobit.ocenter_pushing' doesn't exist
 [ SQL语句 ] : SHOW COLUMNS FROM `ocenter_pushing`
SQL: SHOW COLUMNS FROM `ocenter_member` [ RunTime:0.006137s ]
SQL: SHOW COLUMNS FROM `ocenter_member` [ RunTime:0.003295s ]
SQL: SHOW COLUMNS FROM `ocenter_channel` [ RunTime:0.004549s ]
NOTIC: [8] Undefined index: _ /Applications/XAMPP/xamppfiles/htdocs/yoyo/Runtime/Cache/Home/769e70f2e46f34ceb60619bbda5e4691.php 第 151 行.
NOTIC: [8] Undefined index: _ /Applications/XAMPP/xamppfiles/htdocs/yoyo/Runtime/Cache/Home/769e70f2e46f34ceb60619bbda5e4691.php 第 151 行.
NOTIC: [8] Undefined variable: module /Applications/XAMPP/xamppfiles/htdocs/yoyo/ThinkPHP/Common/functions.php 第 1052 行.
NOTIC: [8] Undefined variable: var /Applications/XAMPP/xamppfiles/htdocs/yoyo/ThinkPHP/Common/functions.php 第 1052 行.
NOTIC: [8] Undefined variable: varController /Applications/XAMPP/xamppfiles/htdocs/yoyo/ThinkPHP/Common/functions.php 第 1052 行.
NOTIC: [8] Undefined variable: var /Applications/XAMPP/xamppfiles/htdocs/yoyo/ThinkPHP/Common/functions.php 第 1052 行.
NOTIC: [8] Undefined variable: varAction /Applications/XAMPP/xamppfiles/htdocs/yoyo/ThinkPHP/Common/functions.php 第 1052 行.
NOTIC: [8] Undefined index: _ /Applications/XAMPP/xamppfiles/htdocs/yoyo/Runtime/Cache/Home/769e70f2e46f34ceb60619bbda5e4691.php 第 151 行.
NOTIC: [8] Undefined variable: module /Applications/XAMPP/xamppfiles/htdocs/yoyo/ThinkPHP/Common/functions.php 第 1052 行.
NOTIC: [8] Undefined variable: var /Applications/XAMPP/xamppfiles/htdocs/yoyo/ThinkPHP/Common/functions.php 第 1052 行.
NOTIC: [8] Undefined variable: varController /Applications/XAMPP/xamppfiles/htdocs/yoyo/ThinkPHP/Common/functions.php 第 1052 行.
NOTIC: [8] Undefined variable: var /Applications/XAMPP/xamppfiles/htdocs/yoyo/ThinkPHP/Common/functions.php 第 1052 行.
NOTIC: [8] Undefined variable: varAction /Applications/XAMPP/xamppfiles/htdocs/yoyo/ThinkPHP/Common/functions.php 第 1052 行.
NOTIC: [8] Undefined index: _ /Applications/XAMPP/xamppfiles/htdocs/yoyo/Runtime/Cache/Home/769e70f2e46f34ceb60619bbda5e4691.php 第 151 行.
NOTIC: [8] Undefined variable: module /Applications/XAMPP/xamppfiles/htdocs/yoyo/ThinkPHP/Common/functions.php 第 1052 行.
NOTIC: [8] Undefined variable: var /Applications/XAMPP/xamppfiles/htdocs/yoyo/ThinkPHP/Common/functions.php 第 1052 行.
NOTIC: [8] Undefined variable: varController /Applications/XAMPP/xamppfiles/htdocs/yoyo/ThinkPHP/Common/functions.php 第 1052 行.
NOTIC: [8] Undefined variable: var /Applications/XAMPP/xamppfiles/htdocs/yoyo/ThinkPHP/Common/functions.php 第 1052 行.
NOTIC: [8] Undefined variable: varAction /Applications/XAMPP/xamppfiles/htdocs/yoyo/ThinkPHP/Common/functions.php 第 1052 行.
NOTIC: [8] Undefined index: _ /Applications/XAMPP/xamppfiles/htdocs/yoyo/Runtime/Cache/Home/769e70f2e46f34ceb60619bbda5e4691.php 第 151 行.
NOTIC: [8] Undefined index: _ /Applications/XAMPP/xamppfiles/htdocs/yoyo/Runtime/Cache/Home/769e70f2e46f34ceb60619bbda5e4691.php 第 151 行.
NOTIC: [8] Undefined variable: module /Applications/XAMPP/xamppfiles/htdocs/yoyo/ThinkPHP/Common/functions.php 第 1052 行.
NOTIC: [8] Undefined variable: var /Applications/XAMPP/xamppfiles/htdocs/yoyo/ThinkPHP/Common/functions.php 第 1052 行.
NOTIC: [8] Undefined variable: varController /Applications/XAMPP/xamppfiles/htdocs/yoyo/ThinkPHP/Common/functions.php 第 1052 行.
NOTIC: [8] Undefined variable: var /Applications/XAMPP/xamppfiles/htdocs/yoyo/ThinkPHP/Common/functions.php 第 1052 行.
NOTIC: [8] Undefined variable: varAction /Applications/XAMPP/xamppfiles/htdocs/yoyo/ThinkPHP/Common/functions.php 第 1052 行.
NOTIC: [8] Undefined variable: module /Applications/XAMPP/xamppfiles/htdocs/yoyo/ThinkPHP/Common/functions.php 第 1052 行.
NOTIC: [8] Undefined variable: var /Applications/XAMPP/xamppfiles/htdocs/yoyo/ThinkPHP/Common/functions.php 第 1052 行.
NOTIC: [8] Undefined variable: varController /Applications/XAMPP/xamppfiles/htdocs/yoyo/ThinkPHP/Common/functions.php 第 1052 行.
NOTIC: [8] Undefined variable: var /Applications/XAMPP/xamppfiles/htdocs/yoyo/ThinkPHP/Common/functions.php 第 1052 行.
NOTIC: [8] Undefined variable: varAction /Applications/XAMPP/xamppfiles/htdocs/yoyo/ThinkPHP/Common/functions.php 第 1052 行.
NOTIC: [8] Undefined variable: module /Applications/XAMPP/xamppfiles/htdocs/yoyo/ThinkPHP/Common/functions.php 第 1052 行.
NOTIC: [8] Undefined variable: var /Applications/XAMPP/xamppfiles/htdocs/yoyo/ThinkPHP/Common/functions.php 第 1052 行.
NOTIC: [8] Undefined variable: varController /Applications/XAMPP/xamppfiles/htdocs/yoyo/ThinkPHP/Common/functions.php 第 1052 行.
NOTIC: [8] Undefined variable: var /Applications/XAMPP/xamppfiles/htdocs/yoyo/ThinkPHP/Common/functions.php 第 1052 行.
NOTIC: [8] Undefined variable: varAction /Applications/XAMPP/xamppfiles/htdocs/yoyo/ThinkPHP/Common/functions.php 第 1052 行.
NOTIC: [8] Undefined variable: module /Applications/XAMPP/xamppfiles/htdocs/yoyo/ThinkPHP/Common/functions.php 第 1052 行.
NOTIC: [8] Undefined variable: var /Applications/XAMPP/xamppfiles/htdocs/yoyo/ThinkPHP/Common/functions.php 第 1052 行.
NOTIC: [8] Undefined variable: varController /Applications/XAMPP/xamppfiles/htdocs/yoyo/ThinkPHP/Common/functions.php 第 1052 行.
NOTIC: [8] Undefined variable: var /Applications/XAMPP/xamppfiles/htdocs/yoyo/ThinkPHP/Common/functions.php 第 1052 行.
NOTIC: [8] Undefined variable: varAction /Applications/XAMPP/xamppfiles/htdocs/yoyo/ThinkPHP/Common/functions.php 第 1052 行.
SQL: SHOW COLUMNS FROM `ocenter_member` [ RunTime:0.004120s ]
SQL: SELECT `reg_time` FROM `ocenter_member` WHERE `uid` = 152 LIMIT 1   [ RunTime:0.000640s ]
SQL: SHOW COLUMNS FROM `ocenter_user_config` [ RunTime:0.004304s ]
SQL: SELECT * FROM `ocenter_user_config` WHERE `uid` = 152 AND `name` = 'user_cover' AND `role_id` = 0 AND `model` = '' LIMIT 1   [ RunTime:0.000411s ]
SQL: SHOW COLUMNS FROM `ocenter_picture` [ RunTime:0.001983s ]
SQL: SELECT * FROM `ocenter_picture` WHERE `status` = 1 AND `id` = null LIMIT 1   [ RunTime:0.000208s ]
NOTIC: [2] unlink(./Runtime/Temp/945c180f3240ad0e35d9eb8beb06401b.php): No such file or directory /Applications/XAMPP/xamppfiles/htdocs/yoyo/ThinkPHP/Library/Think/Cache/Driver/File.class.php 第 157 行.
NOTIC: [2] unlink(./Runtime/Temp/deec309cb1249b5b7776ac8c8f45123b.php): No such file or directory /Applications/XAMPP/xamppfiles/htdocs/yoyo/ThinkPHP/Library/Think/Cache/Driver/File.class.php 第 157 行.
NOTIC: [8] Undefined index: space_url /Applications/XAMPP/xamppfiles/htdocs/yoyo/Runtime/Cache/Home/769e70f2e46f34ceb60619bbda5e4691.php 第 224 行.
NOTIC: [8] Undefined index: before_level_need /Applications/XAMPP/xamppfiles/htdocs/yoyo/Application/Ucenter/Model/TitleModel.class.php 第 67 行.
NOTIC: [2] Division by zero /Applications/XAMPP/xamppfiles/htdocs/yoyo/Application/Ucenter/Model/TitleModel.class.php 第 67 行.
NOTIC: [8] Undefined index: score /Applications/XAMPP/xamppfiles/htdocs/yoyo/Runtime/Cache/Home/769e70f2e46f34ceb60619bbda5e4691.php 第 256 行.
NOTIC: [8] Undefined index: score /Applications/XAMPP/xamppfiles/htdocs/yoyo/Runtime/Cache/Home/769e70f2e46f34ceb60619bbda5e4691.php 第 268 行.
NOTIC: [8] Undefined variable: module /Applications/XAMPP/xamppfiles/htdocs/yoyo/ThinkPHP/Common/functions.php 第 1052 行.
NOTIC: [8] Undefined variable: var /Applications/XAMPP/xamppfiles/htdocs/yoyo/ThinkPHP/Common/functions.php 第 1052 行.
NOTIC: [8] Undefined variable: varController /Applications/XAMPP/xamppfiles/htdocs/yoyo/ThinkPHP/Common/functions.php 第 1052 行.
NOTIC: [8] Undefined variable: var /Applications/XAMPP/xamppfiles/htdocs/yoyo/ThinkPHP/Common/functions.php 第 1052 行.
NOTIC: [8] Undefined variable: varAction /Applications/XAMPP/xamppfiles/htdocs/yoyo/ThinkPHP/Common/functions.php 第 1052 行.
NOTIC: [8] Undefined variable: module /Applications/XAMPP/xamppfiles/htdocs/yoyo/ThinkPHP/Common/functions.php 第 1052 行.
NOTIC: [8] Undefined variable: var /Applications/XAMPP/xamppfiles/htdocs/yoyo/ThinkPHP/Common/functions.php 第 1052 行.
NOTIC: [8] Undefined variable: varController /Applications/XAMPP/xamppfiles/htdocs/yoyo/ThinkPHP/Common/functions.php 第 1052 行.
NOTIC: [8] Undefined variable: var /Applications/XAMPP/xamppfiles/htdocs/yoyo/ThinkPHP/Common/functions.php 第 1052 行.
NOTIC: [8] Undefined variable: varAction /Applications/XAMPP/xamppfiles/htdocs/yoyo/ThinkPHP/Common/functions.php 第 1052 行.
SQL: SHOW COLUMNS FROM `ocenter_auth_rule` [ RunTime:0.002001s ]
SQL: SELECT * FROM `ocenter_auth_rule` WHERE `name` = 'Admin/Index/index' AND `status` = 1 LIMIT 1   [ RunTime:0.000275s ]
SQL: SELECT * FROM `ocenter_auth_rule` WHERE `name` = 'Core/Admin/View' AND `status` = 1 LIMIT 1   [ RunTime:0.000416s ]
SQL: SELECT `type`,`name`,`value` FROM `ocenter_config` WHERE `status` = 1  [ RunTime:0.000456s ]
NOTIC: [8] Undefined variable: token /Applications/XAMPP/xamppfiles/htdocs/yoyo/Application/Common/Model/ModuleModel.class.php 第 242 行.
NOTIC: [8] Undefined variable: res /Applications/XAMPP/xamppfiles/htdocs/yoyo/Application/Common/Common/role.php 第 147 行.
INFO: [ action_begin ] --START--
INFO: Run Common\Behavior\InitModuleInfoBehavior [ RunTime:0.000007s ]
INFO: [ action_begin ] --END-- [ RunTime:-0.143948s ]
INFO: [ view_parse ] --START--
INFO: [ template_filter ] --START--
INFO: Run Behavior\ContentReplaceBehavior [ RunTime:0.000047s ]
INFO: [ template_filter ] --END-- [ RunTime:-0.101287s ]
NOTIC: [8] Undefined index: children /Applications/XAMPP/xamppfiles/htdocs/yoyo/Runtime/Cache/Home/7ac86ee1d16e058d630e77679d9f3d59.php 第 15 行.
NOTIC: [8] Undefined index: li_class /Applications/XAMPP/xamppfiles/htdocs/yoyo/Runtime/Cache/Home/7ac86ee1d16e058d630e77679d9f3d59.php 第 31 行.
NOTIC: [8] Undefined index: a_class /Applications/XAMPP/xamppfiles/htdocs/yoyo/Runtime/Cache/Home/7ac86ee1d16e058d630e77679d9f3d59.php 第 32 行.
NOTIC: [8] Undefined index: icon /Applications/XAMPP/xamppfiles/htdocs/yoyo/Runtime/Cache/Home/7ac86ee1d16e058d630e77679d9f3d59.php 第 33 行.
NOTIC: [8] Undefined index: right /Applications/XAMPP/xamppfiles/htdocs/yoyo/Runtime/Cache/Home/7ac86ee1d16e058d630e77679d9f3d59.php 第 36 行.
INFO: Run Behavior\ParseTemplateBehavior [ RunTime:0.009324s ]
INFO: [ view_parse ] --END-- [ RunTime:0.009351s ]
INFO: [ view_filter ] --START--
INFO: Run Behavior\WriteHtmlCacheBehavior [ RunTime:0.000565s ]
INFO: [ view_filter ] --END-- [ RunTime:0.000594s ]
SQL: SELECT `type`,`name`,`value` FROM `ocenter_config` WHERE `status` = 1  [ RunTime:0.000420s ]
NOTIC: [8] Undefined variable: token /Applications/XAMPP/xamppfiles/htdocs/yoyo/Application/Common/Model/ModuleModel.class.php 第 242 行.
NOTIC: [8] Undefined variable: res /Applications/XAMPP/xamppfiles/htdocs/yoyo/Application/Common/Common/role.php 第 147 行.
INFO: [ action_begin ] --START--
INFO: Run Common\Behavior\InitModuleInfoBehavior [ RunTime:0.000006s ]
INFO: [ action_begin ] --END-- [ RunTime:-0.156139s ]
SQL: SHOW COLUMNS FROM `ocenter_adv_pos` [ RunTime:0.001888s ]
SQL: SHOW COLUMNS FROM `ocenter_adv` [ RunTime:0.001981s ]
SQL: SELECT * FROM `ocenter_adv` WHERE `pos_id` = 9 AND `status` = 1 AND `start_time` < 1510645601 AND `end_time` > 1510645601 ORDER BY sort asc  [ RunTime:0.000243s ]
NOTIC: [2] Invalid argument supplied for foreach() /Applications/XAMPP/xamppfiles/htdocs/yoyo/Application/Common/Model/AdvModel.class.php 第 31 行.
INFO: [ view_parse ] --START--
INFO: [ template_filter ] --START--
INFO: Run Behavior\ContentReplaceBehavior [ RunTime:0.000070s ]
INFO: [ template_filter ] --END-- [ RunTime:-0.120526s ]
SQL: SELECT * FROM `ocenter_auth_rule` WHERE `name` = 'Admin/Adv/adv' AND `status` = 1 LIMIT 1   [ RunTime:0.000829s ]
INFO: Run Behavior\ParseTemplateBehavior [ RunTime:0.005813s ]
INFO: [ view_parse ] --END-- [ RunTime:-0.014762s ]
INFO: [ view_filter ] --START--
INFO: Run Behavior\WriteHtmlCacheBehavior [ RunTime:0.000011s ]
INFO: [ view_filter ] --END-- [ RunTime:-0.020027s ]
SQL: SELECT `type`,`name`,`value` FROM `ocenter_config` WHERE `status` = 1  [ RunTime:0.000479s ]
NOTIC: [8] Undefined variable: token /Applications/XAMPP/xamppfiles/htdocs/yoyo/Application/Common/Model/ModuleModel.class.php 第 242 行.
NOTIC: [8] Undefined variable: res /Applications/XAMPP/xamppfiles/htdocs/yoyo/Application/Common/Common/role.php 第 147 行.
INFO: [ action_begin ] --START--
INFO: Run Common\Behavior\InitModuleInfoBehavior [ RunTime:0.000006s ]
INFO: [ action_begin ] --END-- [ RunTime:-0.177565s ]
SQL: SHOW COLUMNS FROM `ocenter_weibo_crowd` [ RunTime:0.004010s ]
SQL: SELECT * FROM `ocenter_weibo_crowd` WHERE `status` = 1 AND `invisible` = 1 AND `type` = 1  [ RunTime:0.002139s ]
NOTIC: [2] unlink(./Runtime/Temp/49bdab5028a82434e9bcd58c8dfa263c.php): No such file or directory /Applications/XAMPP/xamppfiles/htdocs/yoyo/ThinkPHP/Library/Think/Cache/Driver/File.class.php 第 157 行.
NOTIC: [2] unlink(./Runtime/Temp/c887ede2c62710b72c2d37a35af2ffbc.php): No such file or directory /Applications/XAMPP/xamppfiles/htdocs/yoyo/ThinkPHP/Library/Think/Cache/Driver/File.class.php 第 157 行.
SQL: SHOW COLUMNS FROM `ocenter_weibo` [ RunTime:0.001855s ]
SQL: SELECT * FROM `ocenter_weibo` WHERE `status` = 1 ORDER BY create_time desc LIMIT 5   [ RunTime:0.000271s ]
NOTIC: [2] Invalid argument supplied for foreach() /Applications/XAMPP/xamppfiles/htdocs/yoyo/Application/Weibo/Widget/HomeBlockWidget.class.php 第 47 行.
SQL: SELECT * FROM `ocenter_weibo_crowd` WHERE `status` = 1 AND `invisible` = 1 AND `type` = 1  [ RunTime:0.000323s ]
NOTIC: [2] unlink(./Runtime/Temp/49bdab5028a82434e9bcd58c8dfa263c.php): No such file or directory /Applications/XAMPP/xamppfiles/htdocs/yoyo/ThinkPHP/Library/Think/Cache/Driver/File.class.php 第 157 行.
NOTIC: [2] unlink(./Runtime/Temp/c887ede2c62710b72c2d37a35af2ffbc.php): No such file or directory /Applications/XAMPP/xamppfiles/htdocs/yoyo/ThinkPHP/Library/Think/Cache/Driver/File.class.php 第 157 行.
SQL: SELECT * FROM `ocenter_weibo` WHERE `status` = 1 ORDER BY comment_count desc LIMIT 5   [ RunTime:0.000265s ]
NOTIC: [2] Invalid argument supplied for foreach() /Applications/XAMPP/xamppfiles/htdocs/yoyo/Application/Weibo/Widget/HomeBlockWidget.class.php 第 47 行.
INFO: [ view_parse ] --START--
INFO: [ template_filter ] --START--
INFO: Run Behavior\ContentReplaceBehavior [ RunTime:0.000044s ]
INFO: [ template_filter ] --END-- [ RunTime:-0.152623s ]
INFO: Run Behavior\ParseTemplateBehavior [ RunTime:0.007913s ]
INFO: [ view_parse ] --END-- [ RunTime:-0.045131s ]
INFO: [ view_filter ] --START--
INFO: Run Behavior\WriteHtmlCacheBehavior [ RunTime:0.000009s ]
INFO: [ view_filter ] --END-- [ RunTime:-0.052500s ]
SQL: SELECT `type`,`name`,`value` FROM `ocenter_config` WHERE `status` = 1  [ RunTime:0.000416s ]
NOTIC: [8] Undefined variable: token /Applications/XAMPP/xamppfiles/htdocs/yoyo/Application/Common/Model/ModuleModel.class.php 第 242 行.
NOTIC: [8] Undefined variable: res /Applications/XAMPP/xamppfiles/htdocs/yoyo/Application/Common/Common/role.php 第 147 行.
INFO: [ action_begin ] --START--
INFO: Run Common\Behavior\InitModuleInfoBehavior [ RunTime:0.000006s ]
INFO: [ action_begin ] --END-- [ RunTime:-0.208725s ]
SQL: SELECT `uid` FROM `ocenter_member` WHERE `status` = 1 ORDER BY score1 desc LIMIT 5   [ RunTime:0.000567s ]
SQL: SHOW COLUMNS FROM `ocenter_follow` [ RunTime:0.004308s ]
SQL: SELECT * FROM `ocenter_follow` WHERE `who_follow` = 152 AND `follow_who` = 1 LIMIT 1   [ RunTime:0.000646s ]
SQL: SELECT `uid` FROM `ocenter_member` WHERE `status` = 1 ORDER BY reg_time desc LIMIT 5   [ RunTime:0.000333s ]
SQL: SELECT * FROM `ocenter_follow` WHERE `who_follow` = 152 AND `follow_who` = 1 LIMIT 1   [ RunTime:0.000206s ]
INFO: [ view_parse ] --START--
INFO: [ template_filter ] --START--
INFO: Run Behavior\ContentReplaceBehavior [ RunTime:0.000036s ]
INFO: [ template_filter ] --END-- [ RunTime:-0.184559s ]
INFO: Run Behavior\ParseTemplateBehavior [ RunTime:0.006065s ]
INFO: [ view_parse ] --END-- [ RunTime:-0.077953s ]
INFO: [ view_filter ] --START--
INFO: Run Behavior\WriteHtmlCacheBehavior [ RunTime:0.000013s ]
INFO: [ view_filter ] --END-- [ RunTime:-0.083495s ]
NOTIC: [8] Undefined variable: site /Applications/XAMPP/xamppfiles/htdocs/yoyo/Runtime/Cache/Home/769e70f2e46f34ceb60619bbda5e4691.php 第 501 行.
INFO: [ pageFooter ] --START--
INFO: Run Addons\SuperLinks\SuperLinksAddon [ RunTime:0.000629s ]
INFO: [ pageFooter ] --END-- [ RunTime:0.000674s ]
SQL: SELECT `type`,`name`,`value` FROM `ocenter_config` WHERE `status` = 1  [ RunTime:0.000409s ]
NOTIC: [8] Undefined variable: token /Applications/XAMPP/xamppfiles/htdocs/yoyo/Application/Common/Model/ModuleModel.class.php 第 242 行.
NOTIC: [8] Undefined variable: res /Applications/XAMPP/xamppfiles/htdocs/yoyo/Application/Common/Common/role.php 第 147 行.
INFO: [ action_begin ] --START--
INFO: Run Common\Behavior\InitModuleInfoBehavior [ RunTime:0.000007s ]
INFO: [ action_begin ] --END-- [ RunTime:-0.242312s ]
SQL: SELECT `type`,`name`,`value` FROM `ocenter_config` WHERE `status` = 1  [ RunTime:0.000478s ]
NOTIC: [8] Undefined variable: token /Applications/XAMPP/xamppfiles/htdocs/yoyo/Application/Common/Model/ModuleModel.class.php 第 242 行.
NOTIC: [8] Undefined variable: res /Applications/XAMPP/xamppfiles/htdocs/yoyo/Application/Common/Common/role.php 第 147 行.
INFO: [ action_begin ] --START--
INFO: Run Common\Behavior\InitModuleInfoBehavior [ RunTime:0.000007s ]
INFO: [ action_begin ] --END-- [ RunTime:-0.245710s ]
INFO: [ view_parse ] --START--
INFO: [ template_filter ] --START--
INFO: Run Behavior\ContentReplaceBehavior [ RunTime:0.000028s ]
INFO: [ template_filter ] --END-- [ RunTime:-0.196961s ]
INFO: Run Behavior\ParseTemplateBehavior [ RunTime:0.002094s ]
INFO: [ view_parse ] --END-- [ RunTime:-0.092207s ]
INFO: [ view_filter ] --START--
INFO: Run Behavior\WriteHtmlCacheBehavior [ RunTime:0.000006s ]
INFO: [ view_filter ] --END-- [ RunTime:-0.093730s ]
INFO: Run Behavior\ParseTemplateBehavior [ RunTime:0.002266s ]
INFO: [ view_parse ] --END-- [ RunTime:-0.092207s ]
INFO: [ view_filter ] --START--
INFO: Run Behavior\WriteHtmlCacheBehavior [ RunTime:0.000004s ]
INFO: [ view_filter ] --END-- [ RunTime:-0.093896s ]
INFO: [ app_end ] --START--
INFO: Run Behavior\ShowPageTraceBehavior [ RunTime:0.001040s ]
INFO: [ app_end ] --END-- [ RunTime:0.001078s ]

