[ 2017-09-23T21:49:54+08:00 ] 127.0.0.1 /yoyo/index.php?s=/admin/channel/index.html
INFO: [ app_init ] --START--
INFO: Run Behavior\BuildLiteBehavior [ RunTime:0.000010s ]
INFO: Run Common\Behavior\InitHookBehavior [ RunTime:0.001527s ]
INFO: [ app_init ] --END-- [ RunTime:0.001634s ]
NOTIC: [8] Undefined index: router /Applications/XAMPP/xamppfiles/htdocs/yoyo/Application/Common/Common/function.php 第 1936 行.
NOTIC: [8] Undefined index: router /Applications/XAMPP/xamppfiles/htdocs/yoyo/Application/Common/Common/function.php 第 1936 行.
NOTIC: [8] Undefined index: router /Applications/XAMPP/xamppfiles/htdocs/yoyo/Application/Common/Common/function.php 第 1936 行.
NOTIC: [8] Undefined index: router /Applications/XAMPP/xamppfiles/htdocs/yoyo/Application/Common/Common/function.php 第 1936 行.
NOTIC: [8] Undefined index: router /Applications/XAMPP/xamppfiles/htdocs/yoyo/Application/Common/Common/function.php 第 1936 行.
SQL: SHOW COLUMNS FROM `ocenter_config` [ RunTime:0.001998s ]
SQL: SELECT `type`,`name`,`value` FROM `ocenter_config` WHERE `status` = 1  [ RunTime:0.000430s ]
INFO: [ app_begin ] --START--
INFO: Run Behavior\ReadHtmlCacheBehavior [ RunTime:0.000408s ]
INFO: Run Behavior\CheckLangBehavior [ RunTime:0.012925s ]
INFO: [ app_begin ] --END-- [ RunTime:0.013411s ]
NOTIC: [8192] mysql_connect(): The mysql extension is deprecated and will be removed in the future: use mysqli or PDO instead /Applications/XAMPP/xamppfiles/htdocs/yoyo/ThinkPHP/Library/Think/Session/Driver/Db.class.php 第 95 行.
SQL: SHOW COLUMNS FROM `ocenter_module` [ RunTime:0.002076s ]
SQL: SELECT `type`,`name`,`value` FROM `ocenter_config` WHERE `status` = 1  [ RunTime:0.000451s ]
SQL: SELECT * FROM `ocenter_module` WHERE `name` = 'Admin' LIMIT 1   [ RunTime:0.000323s ]
INFO: [ action_begin ] --START--
INFO: Run Common\Behavior\InitModuleInfoBehavior [ RunTime:0.000206s ]
INFO: [ action_begin ] --END-- [ RunTime:0.000246s ]
SQL: SELECT `type`,`name`,`value` FROM `ocenter_config` WHERE `status` = 1  [ RunTime:0.000338s ]
SQL: SHOW COLUMNS FROM `ocenter_menu` [ RunTime:0.001204s ]
SQL: SELECT * FROM `ocenter_menu` WHERE `pid` = 0 ORDER BY sort asc  [ RunTime:0.000393s ]
SQL: SELECT DISTINCT  `group` FROM `ocenter_menu` WHERE ( pid = 10000 ) ORDER BY sort asc  [ RunTime:0.000301s ]
SQL: SELECT `id`,`url` FROM `ocenter_menu` WHERE `pid` = 10000 AND `hide` = 0  [ RunTime:0.000209s ]
SQL: SELECT `id`,`pid`,`title`,`url`,`tip` FROM `ocenter_menu` WHERE `group` = '设置' AND `pid` = 10000 AND `hide` = 0 ORDER BY sort asc  [ RunTime:0.000259s ]
SQL: SELECT DISTINCT  `group` FROM `ocenter_menu` WHERE ( pid = 10018 ) ORDER BY sort asc  [ RunTime:0.000264s ]
SQL: SELECT `id`,`url` FROM `ocenter_menu` WHERE `pid` = 10018 AND `hide` = 0  [ RunTime:0.000187s ]
SQL: SELECT `id`,`pid`,`title`,`url`,`tip` FROM `ocenter_menu` WHERE `group` = '设置' AND `pid` = 10018 AND `hide` = 0 ORDER BY sort asc  [ RunTime:0.000257s ]
SQL: SELECT DISTINCT  `group` FROM `ocenter_menu` WHERE ( pid = 13000 ) ORDER BY sort asc  [ RunTime:0.000325s ]
SQL: SELECT `id`,`url` FROM `ocenter_menu` WHERE `pid` = 13000 AND `hide` = 0  [ RunTime:0.000261s ]
SQL: SELECT `id`,`pid`,`title`,`url`,`tip` FROM `ocenter_menu` WHERE `group` = '授权登录' AND `pid` = 13000 AND `hide` = 0 ORDER BY sort asc  [ RunTime:0.000211s ]
SQL: SELECT `id`,`pid`,`title`,`url`,`tip` FROM `ocenter_menu` WHERE `group` = '客户中心' AND `pid` = 13000 AND `hide` = 0 ORDER BY sort asc  [ RunTime:0.000249s ]
SQL: SELECT `id`,`pid`,`title`,`url`,`tip` FROM `ocenter_menu` WHERE `group` = '激活过程' AND `pid` = 13000 AND `hide` = 0 ORDER BY sort asc  [ RunTime:0.000248s ]
SQL: SELECT DISTINCT  `group` FROM `ocenter_menu` WHERE ( pid = 1 ) ORDER BY sort asc  [ RunTime:0.000278s ]
SQL: SELECT `id`,`url` FROM `ocenter_menu` WHERE `pid` = 1 AND `hide` = 0  [ RunTime:0.000192s ]
SQL: SELECT `id`,`pid`,`title`,`url`,`tip` FROM `ocenter_menu` WHERE `group` = '模块权限' AND `pid` = 1 AND `hide` = 0 ORDER BY sort asc  [ RunTime:0.000246s ]
SQL: SELECT `id`,`pid`,`title`,`url`,`tip` FROM `ocenter_menu` WHERE `group` = '系统首页' AND `pid` = 1 AND `hide` = 0 ORDER BY sort asc  [ RunTime:0.000215s ]
SQL: SELECT `id`,`pid`,`title`,`url`,`tip` FROM `ocenter_menu` WHERE `group` = '数据统计' AND `pid` = 1 AND `hide` = 0 ORDER BY sort asc  [ RunTime:0.000228s ]
SQL: SELECT DISTINCT  `group` FROM `ocenter_menu` WHERE ( pid = 2 ) ORDER BY sort asc  [ RunTime:0.000349s ]
SQL: SELECT `id`,`url` FROM `ocenter_menu` WHERE `pid` = 2 AND `hide` = 0  [ RunTime:0.000322s ]
SQL: SELECT `id`,`pid`,`title`,`url`,`tip` FROM `ocenter_menu` WHERE `group` = '认证管理' AND `pid` = 2 AND `hide` = 0 ORDER BY sort asc  [ RunTime:0.000303s ]
SQL: SELECT `id`,`pid`,`title`,`url`,`tip` FROM `ocenter_menu` WHERE `group` = '头衔管理' AND `pid` = 2 AND `hide` = 0 ORDER BY sort asc  [ RunTime:0.000274s ]
SQL: SELECT `id`,`pid`,`title`,`url`,`tip` FROM `ocenter_menu` WHERE `group` = '身份管理' AND `pid` = 2 AND `hide` = 0 ORDER BY sort asc  [ RunTime:0.000330s ]
SQL: SELECT `id`,`pid`,`title`,`url`,`tip` FROM `ocenter_menu` WHERE `group` = '用户配置' AND `pid` = 2 AND `hide` = 0 ORDER BY sort asc  [ RunTime:0.000255s ]
SQL: SELECT `id`,`pid`,`title`,`url`,`tip` FROM `ocenter_menu` WHERE `group` = '' AND `pid` = 2 AND `hide` = 0 ORDER BY sort asc  [ RunTime:0.000403s ]
SQL: SELECT `id`,`pid`,`title`,`url`,`tip` FROM `ocenter_menu` WHERE `group` = '标签与资料' AND `pid` = 2 AND `hide` = 0 ORDER BY sort asc  [ RunTime:0.000418s ]
SQL: SELECT DISTINCT  `group` FROM `ocenter_menu` WHERE ( pid = 197 ) ORDER BY sort asc  [ RunTime:0.000415s ]
SQL: SELECT `id`,`url` FROM `ocenter_menu` WHERE `pid` = 197 AND `hide` = 0  [ RunTime:0.000274s ]
SQL: SELECT `id`,`pid`,`title`,`url`,`tip` FROM `ocenter_menu` WHERE `group` = '图片管理' AND `pid` = 197 AND `hide` = 0 ORDER BY sort asc  [ RunTime:0.000415s ]
SQL: SELECT `id`,`pid`,`title`,`url`,`tip` FROM `ocenter_menu` WHERE `group` = '友链与公告' AND `pid` = 197 AND `hide` = 0 ORDER BY sort asc  [ RunTime:0.000423s ]
SQL: SELECT `id`,`pid`,`title`,`url`,`tip` FROM `ocenter_menu` WHERE `group` = '敏感词' AND `pid` = 197 AND `hide` = 0 ORDER BY sort asc  [ RunTime:0.000302s ]
SQL: SELECT `id`,`pid`,`title`,`url`,`tip` FROM `ocenter_menu` WHERE `group` = '广告配置' AND `pid` = 197 AND `hide` = 0 ORDER BY sort asc  [ RunTime:0.000285s ]
SQL: SELECT `id`,`pid`,`title`,`url`,`tip` FROM `ocenter_menu` WHERE `group` = '行为与积分' AND `pid` = 197 AND `hide` = 0 ORDER BY sort asc  [ RunTime:0.000401s ]
SQL: SELECT `id`,`pid`,`title`,`url`,`tip` FROM `ocenter_menu` WHERE `group` = '表情管理' AND `pid` = 197 AND `hide` = 0 ORDER BY sort asc  [ RunTime:0.000377s ]
SQL: SELECT `id`,`pid`,`title`,`url`,`tip` FROM `ocenter_menu` WHERE `group` = '群发消息' AND `pid` = 197 AND `hide` = 0 ORDER BY sort asc  [ RunTime:0.000323s ]
SQL: SELECT `id`,`pid`,`title`,`url`,`tip` FROM `ocenter_menu` WHERE `group` = '' AND `pid` = 197 AND `hide` = 0 ORDER BY sort asc  [ RunTime:0.000261s ]
SQL: SELECT `id`,`pid`,`title`,`url`,`tip` FROM `ocenter_menu` WHERE `group` = 'SEO管理' AND `pid` = 197 AND `hide` = 0 ORDER BY sort asc  [ RunTime:0.000366s ]
SQL: SELECT `id`,`pid`,`title`,`url`,`tip` FROM `ocenter_menu` WHERE `group` = '邀请注册管理' AND `pid` = 197 AND `hide` = 0 ORDER BY sort asc  [ RunTime:0.000376s ]
SQL: SELECT DISTINCT  `group` FROM `ocenter_menu` WHERE ( pid = 109 ) ORDER BY sort asc  [ RunTime:0.000304s ]
SQL: SELECT `id`,`url` FROM `ocenter_menu` WHERE `pid` = 109 AND `hide` = 0  [ RunTime:0.000294s ]
SQL: SELECT `id`,`pid`,`title`,`url`,`tip` FROM `ocenter_menu` WHERE `group` = '单点登录' AND `pid` = 109 AND `hide` = 0 ORDER BY sort asc  [ RunTime:0.000261s ]
SQL: SELECT DISTINCT  `group` FROM `ocenter_menu` WHERE ( pid = 74 ) ORDER BY sort asc  [ RunTime:0.000314s ]
SQL: SELECT `id`,`url` FROM `ocenter_menu` WHERE `pid` = 74 AND `hide` = 0  [ RunTime:0.000252s ]
SQL: SELECT `id`,`pid`,`title`,`url`,`tip` FROM `ocenter_menu` WHERE `group` = '消息管理' AND `pid` = 74 AND `hide` = 0 ORDER BY sort asc  [ RunTime:0.000304s ]
SQL: SELECT `id`,`pid`,`title`,`url`,`tip` FROM `ocenter_menu` WHERE `group` = '网站设置' AND `pid` = 74 AND `hide` = 0 ORDER BY sort asc  [ RunTime:0.000243s ]
SQL: SELECT `id`,`pid`,`title`,`url`,`tip` FROM `ocenter_menu` WHERE `group` = '导航管理' AND `pid` = 74 AND `hide` = 0 ORDER BY sort asc  [ RunTime:0.000274s ]
SQL: SELECT `id`,`pid`,`title`,`url`,`tip` FROM `ocenter_menu` WHERE `group` = '网站数据管理' AND `pid` = 74 AND `hide` = 0 ORDER BY sort asc  [ RunTime:0.000265s ]
SQL: SELECT `id`,`pid`,`title`,`url`,`tip` FROM `ocenter_menu` WHERE `group` = '升级补丁' AND `pid` = 74 AND `hide` = 0 ORDER BY sort asc  [ RunTime:0.000281s ]
SQL: SELECT `id`,`pid`,`title`,`url`,`tip` FROM `ocenter_menu` WHERE `group` = '群发消息' AND `pid` = 74 AND `hide` = 0 ORDER BY sort asc  [ RunTime:0.000233s ]
SQL: SELECT `id`,`pid`,`title`,`url`,`tip` FROM `ocenter_menu` WHERE `group` = '计划任务' AND `pid` = 74 AND `hide` = 0 ORDER BY sort asc  [ RunTime:0.000234s ]
SQL: SELECT DISTINCT  `group` FROM `ocenter_menu` WHERE ( pid = 10002 ) ORDER BY sort asc  [ RunTime:0.000320s ]
SQL: SELECT `id`,`url` FROM `ocenter_menu` WHERE `pid` = 10002 AND `hide` = 0  [ RunTime:0.000279s ]
SQL: SELECT `id`,`pid`,`title`,`url`,`tip` FROM `ocenter_menu` WHERE `group` = '圈子管理' AND `pid` = 10002 AND `hide` = 0 ORDER BY sort asc  [ RunTime:0.000308s ]
SQL: SELECT `id`,`pid`,`title`,`url`,`tip` FROM `ocenter_menu` WHERE `group` = '' AND `pid` = 10002 AND `hide` = 0 ORDER BY sort asc  [ RunTime:0.000311s ]
SQL: SELECT `id`,`pid`,`title`,`url`,`tip` FROM `ocenter_menu` WHERE `group` = '话题管理' AND `pid` = 10002 AND `hide` = 0 ORDER BY sort asc  [ RunTime:0.000237s ]
SQL: SELECT `id`,`pid`,`title`,`url`,`tip` FROM `ocenter_menu` WHERE `group` = '设置' AND `pid` = 10002 AND `hide` = 0 ORDER BY sort asc  [ RunTime:0.000232s ]
SQL: SELECT `id`,`pid`,`title`,`url`,`tip` FROM `ocenter_menu` WHERE `group` = '微博' AND `pid` = 10002 AND `hide` = 0 ORDER BY sort asc  [ RunTime:0.000299s ]
SQL: SELECT `id`,`pid`,`title`,`url`,`tip` FROM `ocenter_menu` WHERE `group` = '回复' AND `pid` = 10002 AND `hide` = 0 ORDER BY sort asc  [ RunTime:0.000376s ]
SQL: SELECT DISTINCT  `group` FROM `ocenter_menu` WHERE ( pid = 105 ) ORDER BY sort asc  [ RunTime:0.000431s ]
SQL: SELECT `id`,`url` FROM `ocenter_menu` WHERE `pid` = 105 AND `hide` = 0  [ RunTime:0.000268s ]
SQL: SELECT `id`,`pid`,`title`,`url`,`tip` FROM `ocenter_menu` WHERE `group` = '云市场' AND `pid` = 105 AND `hide` = 0 ORDER BY sort asc  [ RunTime:0.000283s ]
SQL: SELECT `id`,`pid`,`title`,`url`,`tip` FROM `ocenter_menu` WHERE `group` = '本地' AND `pid` = 105 AND `hide` = 0 ORDER BY sort asc  [ RunTime:0.000284s ]
SQL: SHOW COLUMNS FROM `ocenter_addons` [ RunTime:0.002166s ]
SQL: SELECT `title`,`name` FROM `ocenter_addons` WHERE ( status=1 AND has_adminlist=1 )  [ RunTime:0.000249s ]
SQL: SELECT DISTINCT  `group` FROM `ocenter_menu` WHERE ( pid = 10016 ) ORDER BY sort asc  [ RunTime:0.000339s ]
SQL: SELECT `id`,`url` FROM `ocenter_menu` WHERE `pid` = 10016 AND `hide` = 0  [ RunTime:0.000222s ]
SQL: SELECT `id`,`pid`,`title`,`url`,`tip` FROM `ocenter_menu` WHERE `group` = '配置' AND `pid` = 10016 AND `hide` = 0 ORDER BY sort asc  [ RunTime:0.000278s ]
SQL: SELECT DISTINCT  `group` FROM `ocenter_menu` WHERE ( pid = 10021 ) ORDER BY sort asc  [ RunTime:0.000277s ]
SQL: SELECT `id`,`url` FROM `ocenter_menu` WHERE `pid` = 10021 AND `hide` = 0  [ RunTime:0.000218s ]
SQL: SELECT `id`,`pid`,`title`,`url`,`tip` FROM `ocenter_menu` WHERE `group` = '资讯管理' AND `pid` = 10021 AND `hide` = 0 ORDER BY sort asc  [ RunTime:0.000283s ]
SQL: SELECT `id`,`pid`,`title`,`url`,`tip` FROM `ocenter_menu` WHERE `group` = '资讯配置' AND `pid` = 10021 AND `hide` = 0 ORDER BY sort asc  [ RunTime:0.000288s ]
SQL: SELECT `id` FROM `ocenter_menu` WHERE ( url like 'Channel/index%' OR url like '%/Channel/index%'   ) LIMIT 1   [ RunTime:0.000264s ]
SQL: SHOW COLUMNS FROM `ocenter_menu` [ RunTime:0.001891s ]
SQL: SELECT `id`,`pid`,`title`,`url` FROM `ocenter_menu` WHERE ( id=87 ) LIMIT 1   [ RunTime:0.000251s ]
SQL: SELECT `id`,`pid`,`title`,`url` FROM `ocenter_menu` WHERE ( id=74 ) LIMIT 1   [ RunTime:0.000186s ]
SQL: SELECT DISTINCT  `group` FROM `ocenter_menu` WHERE ( pid = 74 ) ORDER BY sort asc  [ RunTime:0.000332s ]
SQL: SELECT `id`,`url` FROM `ocenter_menu` WHERE `pid` = 74 AND `hide` = 0  [ RunTime:0.000316s ]
SQL: SELECT `id`,`pid`,`title`,`url`,`tip`,`module` FROM `ocenter_menu` WHERE `group` = '消息管理' AND `pid` = 74 AND `hide` = 0 ORDER BY sort asc  [ RunTime:0.000351s ]
NOTIC: [8] Undefined index: module /Applications/XAMPP/xamppfiles/htdocs/yoyo/Application/Admin/Controller/AdminController.class.php 第 477 行.
SQL: SELECT `id`,`pid`,`title`,`url`,`tip`,`module` FROM `ocenter_menu` WHERE `group` = '网站设置' AND `pid` = 74 AND `hide` = 0 ORDER BY sort asc  [ RunTime:0.000317s ]
SQL: SELECT `id`,`pid`,`title`,`url`,`tip`,`module` FROM `ocenter_menu` WHERE `group` = '导航管理' AND `pid` = 74 AND `hide` = 0 ORDER BY sort asc  [ RunTime:0.000331s ]
SQL: SELECT `id`,`pid`,`title`,`url`,`tip`,`module` FROM `ocenter_menu` WHERE `group` = '网站数据管理' AND `pid` = 74 AND `hide` = 0 ORDER BY sort asc  [ RunTime:0.000310s ]
SQL: SELECT `id`,`pid`,`title`,`url`,`tip`,`module` FROM `ocenter_menu` WHERE `group` = '升级补丁' AND `pid` = 74 AND `hide` = 0 ORDER BY sort asc  [ RunTime:0.000343s ]
SQL: SELECT `id`,`pid`,`title`,`url`,`tip`,`module` FROM `ocenter_menu` WHERE `group` = '群发消息' AND `pid` = 74 AND `hide` = 0 ORDER BY sort asc  [ RunTime:0.000465s ]
SQL: SELECT `id`,`pid`,`title`,`url`,`tip`,`module` FROM `ocenter_menu` WHERE `group` = '计划任务' AND `pid` = 74 AND `hide` = 0 ORDER BY sort asc  [ RunTime:0.000255s ]
SQL: SHOW COLUMNS FROM `ocenter_module` [ RunTime:0.001380s ]
SQL: SELECT * FROM `ocenter_menu` WHERE `module` = 'Bclient' AND `pid` = 0 LIMIT 1   [ RunTime:0.000375s ]
SQL: SELECT DISTINCT  `group` FROM `ocenter_menu` WHERE ( pid = 13000 ) ORDER BY sort asc  [ RunTime:0.000310s ]
SQL: SELECT `id`,`url` FROM `ocenter_menu` WHERE `pid` = 13000 AND `hide` = 0  [ RunTime:0.000226s ]
SQL: SELECT `id`,`pid`,`title`,`url`,`tip` FROM `ocenter_menu` WHERE `group` = '授权登录' AND `pid` = 13000 AND `hide` = 0 ORDER BY sort asc  [ RunTime:0.000282s ]
SQL: SELECT `id`,`pid`,`title`,`url`,`tip` FROM `ocenter_menu` WHERE `group` = '客户中心' AND `pid` = 13000 AND `hide` = 0 ORDER BY sort asc  [ RunTime:0.000289s ]
SQL: SELECT `id`,`pid`,`title`,`url`,`tip` FROM `ocenter_menu` WHERE `group` = '激活过程' AND `pid` = 13000 AND `hide` = 0 ORDER BY sort asc  [ RunTime:0.000261s ]
SQL: SELECT * FROM `ocenter_menu` WHERE `module` = 'Coin' AND `pid` = 0 LIMIT 1   [ RunTime:0.000215s ]
SQL: SELECT * FROM `ocenter_menu` WHERE `module` = 'Home' AND `pid` = 0 LIMIT 1   [ RunTime:0.000232s ]
SQL: SELECT DISTINCT  `group` FROM `ocenter_menu` WHERE ( pid = 10000 ) ORDER BY sort asc  [ RunTime:0.000215s ]
SQL: SELECT `id`,`url` FROM `ocenter_menu` WHERE `pid` = 10000 AND `hide` = 0  [ RunTime:0.000187s ]
SQL: SELECT `id`,`pid`,`title`,`url`,`tip` FROM `ocenter_menu` WHERE `group` = '设置' AND `pid` = 10000 AND `hide` = 0 ORDER BY sort asc  [ RunTime:0.000239s ]
SQL: SELECT * FROM `ocenter_menu` WHERE `module` = 'Mob' AND `pid` = 0 LIMIT 1   [ RunTime:0.000255s ]
SQL: SELECT DISTINCT  `group` FROM `ocenter_menu` WHERE ( pid = 10018 ) ORDER BY sort asc  [ RunTime:0.000227s ]
SQL: SELECT `id`,`url` FROM `ocenter_menu` WHERE `pid` = 10018 AND `hide` = 0  [ RunTime:0.000189s ]
SQL: SELECT `id`,`pid`,`title`,`url`,`tip` FROM `ocenter_menu` WHERE `group` = '设置' AND `pid` = 10018 AND `hide` = 0 ORDER BY sort asc  [ RunTime:0.000232s ]
SQL: SELECT * FROM `ocenter_menu` WHERE `module` = 'People' AND `pid` = 0 LIMIT 1   [ RunTime:0.000221s ]
SQL: SELECT DISTINCT  `group` FROM `ocenter_menu` WHERE ( pid = 10016 ) ORDER BY sort asc  [ RunTime:0.000213s ]
SQL: SELECT `id`,`url` FROM `ocenter_menu` WHERE `pid` = 10016 AND `hide` = 0  [ RunTime:0.000174s ]
SQL: SELECT `id`,`pid`,`title`,`url`,`tip` FROM `ocenter_menu` WHERE `group` = '配置' AND `pid` = 10016 AND `hide` = 0 ORDER BY sort asc  [ RunTime:0.000205s ]
SQL: SELECT * FROM `ocenter_menu` WHERE `module` = 'Ucenter' AND `pid` = 0 LIMIT 1   [ RunTime:0.000283s ]
SQL: SELECT * FROM `ocenter_menu` WHERE `module` = 'Weibo' AND `pid` = 0 LIMIT 1   [ RunTime:0.000300s ]
SQL: SELECT DISTINCT  `group` FROM `ocenter_menu` WHERE ( pid = 10002 ) ORDER BY sort asc  [ RunTime:0.000249s ]
SQL: SELECT `id`,`url` FROM `ocenter_menu` WHERE `pid` = 10002 AND `hide` = 0  [ RunTime:0.000280s ]
SQL: SELECT `id`,`pid`,`title`,`url`,`tip` FROM `ocenter_menu` WHERE `group` = '圈子管理' AND `pid` = 10002 AND `hide` = 0 ORDER BY sort asc  [ RunTime:0.000326s ]
SQL: SELECT `id`,`pid`,`title`,`url`,`tip` FROM `ocenter_menu` WHERE `group` = '' AND `pid` = 10002 AND `hide` = 0 ORDER BY sort asc  [ RunTime:0.000277s ]
SQL: SELECT `id`,`pid`,`title`,`url`,`tip` FROM `ocenter_menu` WHERE `group` = '话题管理' AND `pid` = 10002 AND `hide` = 0 ORDER BY sort asc  [ RunTime:0.000302s ]
SQL: SELECT `id`,`pid`,`title`,`url`,`tip` FROM `ocenter_menu` WHERE `group` = '设置' AND `pid` = 10002 AND `hide` = 0 ORDER BY sort asc  [ RunTime:0.000229s ]
SQL: SELECT `id`,`pid`,`title`,`url`,`tip` FROM `ocenter_menu` WHERE `group` = '微博' AND `pid` = 10002 AND `hide` = 0 ORDER BY sort asc  [ RunTime:0.000301s ]
SQL: SELECT `id`,`pid`,`title`,`url`,`tip` FROM `ocenter_menu` WHERE `group` = '回复' AND `pid` = 10002 AND `hide` = 0 ORDER BY sort asc  [ RunTime:0.000302s ]
SQL: SHOW COLUMNS FROM `ocenter_addons` [ RunTime:0.001178s ]
SQL: SHOW COLUMNS FROM `ocenter_version` [ RunTime:0.001113s ]
SQL: SELECT * FROM `ocenter_version` ORDER BY number asc  [ RunTime:0.000204s ]
SQL: SELECT * FROM `ocenter_version` WHERE `name` = '5.1.0' LIMIT 1   [ RunTime:0.000199s ]
NOTIC: [2] Invalid argument supplied for foreach() /Applications/XAMPP/xamppfiles/htdocs/yoyo/Application/Admin/Model/VersionModel.class.php 第 91 行.
SQL: SHOW COLUMNS FROM `ocenter_channel` [ RunTime:0.001184s ]
SQL: SELECT * FROM `ocenter_channel` WHERE `status` > -1 AND `pid` = 0 ORDER BY sort asc,id asc  [ RunTime:0.000293s ]
SQL: SELECT * FROM `ocenter_module` WHERE `entry` = 'Home/Index/index' LIMIT 1   [ RunTime:0.000246s ]
SQL: SELECT * FROM `ocenter_channel` WHERE `status` > -1 AND `pid` = 1 ORDER BY sort asc,id asc  [ RunTime:0.000231s ]
NOTIC: [2] Invalid argument supplied for foreach() /Applications/XAMPP/xamppfiles/htdocs/yoyo/Application/Admin/Controller/ChannelController.class.php 第 85 行.
SQL: SELECT * FROM `ocenter_module` WHERE `entry` = '/coin/index/add' LIMIT 1   [ RunTime:0.000288s ]
SQL: SELECT * FROM `ocenter_channel` WHERE `status` > -1 AND `pid` = 4 ORDER BY sort asc,id asc  [ RunTime:0.000269s ]
NOTIC: [2] Invalid argument supplied for foreach() /Applications/XAMPP/xamppfiles/htdocs/yoyo/Application/Admin/Controller/ChannelController.class.php 第 85 行.
SQL: SELECT * FROM `ocenter_module` WHERE `entry` = 'Coin/index/index' LIMIT 1   [ RunTime:0.000220s ]
SQL: SELECT * FROM `ocenter_channel` WHERE `status` > -1 AND `pid` = 2 ORDER BY sort asc,id asc  [ RunTime:0.000208s ]
NOTIC: [2] Invalid argument supplied for foreach() /Applications/XAMPP/xamppfiles/htdocs/yoyo/Application/Admin/Controller/ChannelController.class.php 第 85 行.
SQL: SELECT * FROM `ocenter_module` WHERE `entry` = 'Weibo/index/index' LIMIT 1   [ RunTime:0.000202s ]
SQL: SELECT * FROM `ocenter_channel` WHERE `status` > -1 AND `pid` = 3 ORDER BY sort asc,id asc  [ RunTime:0.000266s ]
NOTIC: [2] Invalid argument supplied for foreach() /Applications/XAMPP/xamppfiles/htdocs/yoyo/Application/Admin/Controller/ChannelController.class.php 第 85 行.
INFO: [ view_parse ] --START--
INFO: [ template_filter ] --START--
INFO: Run Behavior\ContentReplaceBehavior [ RunTime:0.000538s ]
INFO: [ template_filter ] --END-- [ RunTime:0.000595s ]
SQL: SELECT `value` FROM `ocenter_config` WHERE `name` = '_CONFIG_LOGO' LIMIT 1   [ RunTime:0.000272s ]
NOTIC: [8] Undefined index: admin_entry /Applications/XAMPP/xamppfiles/htdocs/yoyo/Runtime/Cache/Admin/9a0780df2cce80ab120abcdd2381fdd2.php 第 188 行.
NOTIC: [8] Undefined index: admin_entry /Applications/XAMPP/xamppfiles/htdocs/yoyo/Runtime/Cache/Admin/9a0780df2cce80ab120abcdd2381fdd2.php 第 188 行.
NOTIC: [8] Undefined index: admin_entry /Applications/XAMPP/xamppfiles/htdocs/yoyo/Runtime/Cache/Admin/9a0780df2cce80ab120abcdd2381fdd2.php 第 188 行.
SQL: SELECT `id` FROM `ocenter_menu` WHERE ( url like '%Channel/index' AND pid > 0 ) LIMIT 1   [ RunTime:0.000696s ]
NOTIC: [8] Array to string conversion /Applications/XAMPP/xamppfiles/htdocs/yoyo/Runtime/Cache/Admin/9a0780df2cce80ab120abcdd2381fdd2.php 第 265 行.
NOTIC: [8] Undefined index: child /Applications/XAMPP/xamppfiles/htdocs/yoyo/Runtime/Cache/Admin/9a0780df2cce80ab120abcdd2381fdd2.php 第 363 行.
NOTIC: [8] Undefined index: child /Applications/XAMPP/xamppfiles/htdocs/yoyo/Runtime/Cache/Admin/9a0780df2cce80ab120abcdd2381fdd2.php 第 363 行.
NOTIC: [8] Undefined index: child /Applications/XAMPP/xamppfiles/htdocs/yoyo/Runtime/Cache/Admin/9a0780df2cce80ab120abcdd2381fdd2.php 第 363 行.
NOTIC: [8] Undefined index: child /Applications/XAMPP/xamppfiles/htdocs/yoyo/Runtime/Cache/Admin/9a0780df2cce80ab120abcdd2381fdd2.php 第 363 行.
NOTIC: [8] Undefined variable: report /Applications/XAMPP/xamppfiles/htdocs/yoyo/Runtime/Cache/Admin/9a0780df2cce80ab120abcdd2381fdd2.php 第 758 行.
INFO: Run Behavior\ParseTemplateBehavior [ RunTime:0.048080s ]
INFO: [ view_parse ] --END-- [ RunTime:0.048117s ]
INFO: [ view_filter ] --START--
INFO: Run Behavior\WriteHtmlCacheBehavior [ RunTime:0.000153s ]
INFO: [ view_filter ] --END-- [ RunTime:0.000184s ]
INFO: [ app_end ] --START--
INFO: Run Behavior\ShowPageTraceBehavior [ RunTime:0.000574s ]
INFO: [ app_end ] --END-- [ RunTime:0.000629s ]

[ 2017-09-23T21:50:01+08:00 ] 127.0.0.1 /yoyo/index.php?s=/admin/channel/index.html
INFO: [ app_init ] --START--
INFO: Run Behavior\BuildLiteBehavior [ RunTime:0.000012s ]
INFO: Run Common\Behavior\InitHookBehavior [ RunTime:0.001035s ]
INFO: [ app_init ] --END-- [ RunTime:0.001117s ]
NOTIC: [8] Undefined index: router /Applications/XAMPP/xamppfiles/htdocs/yoyo/Application/Common/Common/function.php 第 1936 行.
NOTIC: [8] Undefined index: router /Applications/XAMPP/xamppfiles/htdocs/yoyo/Application/Common/Common/function.php 第 1936 行.
NOTIC: [8] Undefined index: router /Applications/XAMPP/xamppfiles/htdocs/yoyo/Application/Common/Common/function.php 第 1936 行.
NOTIC: [8] Undefined index: router /Applications/XAMPP/xamppfiles/htdocs/yoyo/Application/Common/Common/function.php 第 1936 行.
NOTIC: [8] Undefined index: router /Applications/XAMPP/xamppfiles/htdocs/yoyo/Application/Common/Common/function.php 第 1936 行.
SQL: SHOW COLUMNS FROM `ocenter_config` [ RunTime:0.002615s ]
SQL: SELECT `type`,`name`,`value` FROM `ocenter_config` WHERE `status` = 1  [ RunTime:0.000480s ]
INFO: [ app_begin ] --START--
INFO: Run Behavior\ReadHtmlCacheBehavior [ RunTime:0.000478s ]
INFO: Run Behavior\CheckLangBehavior [ RunTime:0.011955s ]
INFO: [ app_begin ] --END-- [ RunTime:0.012536s ]
NOTIC: [8192] mysql_connect(): The mysql extension is deprecated and will be removed in the future: use mysqli or PDO instead /Applications/XAMPP/xamppfiles/htdocs/yoyo/ThinkPHP/Library/Think/Session/Driver/Db.class.php 第 95 行.
SQL: SHOW COLUMNS FROM `ocenter_module` [ RunTime:0.002056s ]
SQL: SELECT `type`,`name`,`value` FROM `ocenter_config` WHERE `status` = 1  [ RunTime:0.000323s ]
SQL: SELECT * FROM `ocenter_module` WHERE `name` = 'Admin' LIMIT 1   [ RunTime:0.000241s ]
INFO: [ action_begin ] --START--
INFO: Run Common\Behavior\InitModuleInfoBehavior [ RunTime:0.000143s ]
INFO: [ action_begin ] --END-- [ RunTime:0.000168s ]
SQL: SHOW COLUMNS FROM `ocenter_version` [ RunTime:0.002112s ]
SQL: SHOW COLUMNS FROM `ocenter_channel` [ RunTime:0.002000s ]
SQL: TRUNCATE TABLE ocenter_channel [ RunTime:0.001322s ]
SQL: INSERT INTO `ocenter_channel` (`pid`,`title`,`url`,`sort`,`target`,`color`,`band_text`,`band_color`,`icon`,`status`) VALUES (0,'首页','Home/Index/index',0,0,'#000000','','#000000','-',1) [ RunTime:0.000366s ]
SQL: INSERT INTO `ocenter_channel` (`pid`,`title`,`url`,`sort`,`target`,`color`,`band_text`,`band_color`,`icon`,`status`) VALUES (0,'买卖中心','Coin/index/index',1,0,'#000000','','#000000','-',1) [ RunTime:0.000178s ]
SQL: INSERT INTO `ocenter_channel` (`pid`,`title`,`url`,`sort`,`target`,`color`,`band_text`,`band_color`,`icon`,`status`) VALUES (0,'密圈','Weibo/index/index',2,0,'#000000','','#000000','-',1) [ RunTime:0.000142s ]
SQL: INSERT INTO `ocenter_channel` (`pid`,`title`,`url`,`sort`,`target`,`color`,`band_text`,`band_color`,`icon`,`status`) VALUES (0,'发布广告','/coin/index/add',3,0,'#000000','','#000000','-',1) [ RunTime:0.000141s ]
NOTIC: [8] Undefined offset: 2 /Applications/XAMPP/xamppfiles/htdocs/yoyo/Application/Admin/Controller/ChannelController.class.php 第 51 行.
NOTIC: [2] reset() expects parameter 1 to be array, null given /Applications/XAMPP/xamppfiles/htdocs/yoyo/Application/Admin/Controller/ChannelController.class.php 第 53 行.
NOTIC: [2] unlink(./Runtime/Temp/d7b5de5f8f6669561ac0401816a48af7.php): No such file or directory /Applications/XAMPP/xamppfiles/htdocs/yoyo/ThinkPHP/Library/Think/Cache/Driver/File.class.php 第 157 行.

