[ 2017-10-14T08:58:21+08:00 ] 127.0.0.1 /yoyo/index.php?s=/admin/super_links/index.html
INFO: [ app_init ] --START--
INFO: Run Behavior\BuildLiteBehavior [ RunTime:0.000010s ]
INFO: Run Common\Behavior\InitHookBehavior [ RunTime:0.007026s ]
INFO: [ app_init ] --END-- [ RunTime:0.007131s ]
NOTIC: [8] Undefined index: router /Applications/XAMPP/xamppfiles/htdocs/yoyo/Application/Common/Common/function.php 第 1936 行.
NOTIC: [8] Undefined index: router /Applications/XAMPP/xamppfiles/htdocs/yoyo/Application/Common/Common/function.php 第 1936 行.
NOTIC: [8] Undefined index: router /Applications/XAMPP/xamppfiles/htdocs/yoyo/Application/Common/Common/function.php 第 1936 行.
NOTIC: [8] Undefined index: router /Applications/XAMPP/xamppfiles/htdocs/yoyo/Application/Common/Common/function.php 第 1936 行.
NOTIC: [8] Undefined index: router /Applications/XAMPP/xamppfiles/htdocs/yoyo/Application/Common/Common/function.php 第 1936 行.
NOTIC: [8] Undefined index: router /Applications/XAMPP/xamppfiles/htdocs/yoyo/Application/Common/Common/function.php 第 1936 行.
NOTIC: [8] Undefined index: router /Applications/XAMPP/xamppfiles/htdocs/yoyo/Application/Common/Common/function.php 第 1936 行.
SQL: SHOW COLUMNS FROM `ocenter_config` [ RunTime:0.003221s ]
SQL: SELECT `type`,`name`,`value` FROM `ocenter_config` WHERE `status` = 1  [ RunTime:0.000448s ]
INFO: [ app_begin ] --START--
INFO: Run Behavior\ReadHtmlCacheBehavior [ RunTime:0.002069s ]
INFO: Run Behavior\CheckLangBehavior [ RunTime:0.022590s ]
INFO: [ app_begin ] --END-- [ RunTime:0.024761s ]
NOTIC: [8192] mysql_connect(): The mysql extension is deprecated and will be removed in the future: use mysqli or PDO instead /Applications/XAMPP/xamppfiles/htdocs/yoyo/ThinkPHP/Library/Think/Session/Driver/Db.class.php 第 95 行.
SQL: SHOW COLUMNS FROM `ocenter_module` [ RunTime:0.003381s ]
SQL: SELECT `type`,`name`,`value` FROM `ocenter_config` WHERE `status` = 1  [ RunTime:0.000401s ]
SQL: SELECT * FROM `ocenter_module` WHERE `name` = 'Admin' LIMIT 1   [ RunTime:0.000271s ]
INFO: [ action_begin ] --START--
INFO: Run Common\Behavior\InitModuleInfoBehavior [ RunTime:0.001293s ]
INFO: [ action_begin ] --END-- [ RunTime:0.001344s ]

[ 2017-10-14T08:58:21+08:00 ] 127.0.0.1 /yoyo/index.php?s=/admin/public/login.html
INFO: [ app_init ] --START--
INFO: Run Behavior\BuildLiteBehavior [ RunTime:0.000011s ]
INFO: Run Common\Behavior\InitHookBehavior [ RunTime:0.001663s ]
INFO: [ app_init ] --END-- [ RunTime:0.001783s ]
NOTIC: [8] Undefined index: router /Applications/XAMPP/xamppfiles/htdocs/yoyo/Application/Common/Common/function.php 第 1936 行.
NOTIC: [8] Undefined index: router /Applications/XAMPP/xamppfiles/htdocs/yoyo/Application/Common/Common/function.php 第 1936 行.
NOTIC: [8] Undefined index: router /Applications/XAMPP/xamppfiles/htdocs/yoyo/Application/Common/Common/function.php 第 1936 行.
NOTIC: [8] Undefined index: router /Applications/XAMPP/xamppfiles/htdocs/yoyo/Application/Common/Common/function.php 第 1936 行.
NOTIC: [8] Undefined index: router /Applications/XAMPP/xamppfiles/htdocs/yoyo/Application/Common/Common/function.php 第 1936 行.
NOTIC: [8] Undefined index: router /Applications/XAMPP/xamppfiles/htdocs/yoyo/Application/Common/Common/function.php 第 1936 行.
NOTIC: [8] Undefined index: router /Applications/XAMPP/xamppfiles/htdocs/yoyo/Application/Common/Common/function.php 第 1936 行.
SQL: SHOW COLUMNS FROM `ocenter_config` [ RunTime:0.002061s ]
SQL: SELECT `type`,`name`,`value` FROM `ocenter_config` WHERE `status` = 1  [ RunTime:0.000381s ]
INFO: [ app_begin ] --START--
INFO: Run Behavior\ReadHtmlCacheBehavior [ RunTime:0.000305s ]
INFO: Run Behavior\CheckLangBehavior [ RunTime:0.009098s ]
INFO: [ app_begin ] --END-- [ RunTime:0.009478s ]
NOTIC: [8192] mysql_connect(): The mysql extension is deprecated and will be removed in the future: use mysqli or PDO instead /Applications/XAMPP/xamppfiles/htdocs/yoyo/ThinkPHP/Library/Think/Session/Driver/Db.class.php 第 95 行.
SQL: SHOW COLUMNS FROM `ocenter_module` [ RunTime:0.002022s ]
SQL: SELECT `type`,`name`,`value` FROM `ocenter_config` WHERE `status` = 1  [ RunTime:0.000366s ]
SQL: SELECT * FROM `ocenter_module` WHERE `name` = 'Admin' LIMIT 1   [ RunTime:0.000192s ]
INFO: [ action_begin ] --START--
INFO: Run Common\Behavior\InitModuleInfoBehavior [ RunTime:0.000142s ]
INFO: [ action_begin ] --END-- [ RunTime:0.000171s ]
INFO: [ view_parse ] --START--
INFO: [ template_filter ] --START--
INFO: Run Behavior\ContentReplaceBehavior [ RunTime:0.000050s ]
INFO: [ template_filter ] --END-- [ RunTime:0.000090s ]
INFO: Run Behavior\ParseTemplateBehavior [ RunTime:0.008372s ]
INFO: [ view_parse ] --END-- [ RunTime:0.008409s ]
INFO: [ view_filter ] --START--
INFO: Run Behavior\WriteHtmlCacheBehavior [ RunTime:0.001055s ]
INFO: [ view_filter ] --END-- [ RunTime:0.001096s ]
INFO: [ app_end ] --START--
INFO: Run Behavior\ShowPageTraceBehavior [ RunTime:0.000777s ]
INFO: [ app_end ] --END-- [ RunTime:0.000819s ]

[ 2017-10-14T17:42:58+08:00 ] 127.0.0.1 /yoyo/index.php?s=/admin/public/login.html
INFO: [ app_init ] --START--
INFO: Run Behavior\BuildLiteBehavior [ RunTime:0.000013s ]
INFO: Run Common\Behavior\InitHookBehavior [ RunTime:0.000743s ]
INFO: [ app_init ] --END-- [ RunTime:0.000801s ]
NOTIC: [8] Undefined index: router /Applications/XAMPP/xamppfiles/htdocs/yoyo/Application/Common/Common/function.php 第 1936 行.
NOTIC: [8] Undefined index: router /Applications/XAMPP/xamppfiles/htdocs/yoyo/Application/Common/Common/function.php 第 1936 行.
NOTIC: [8] Undefined index: router /Applications/XAMPP/xamppfiles/htdocs/yoyo/Application/Common/Common/function.php 第 1936 行.
NOTIC: [8] Undefined index: router /Applications/XAMPP/xamppfiles/htdocs/yoyo/Application/Common/Common/function.php 第 1936 行.
NOTIC: [8] Undefined index: router /Applications/XAMPP/xamppfiles/htdocs/yoyo/Application/Common/Common/function.php 第 1936 行.
NOTIC: [8] Undefined index: router /Applications/XAMPP/xamppfiles/htdocs/yoyo/Application/Common/Common/function.php 第 1936 行.
NOTIC: [8] Undefined index: router /Applications/XAMPP/xamppfiles/htdocs/yoyo/Application/Common/Common/function.php 第 1936 行.
SQL: SHOW COLUMNS FROM `ocenter_config` [ RunTime:0.002175s ]
SQL: SELECT `type`,`name`,`value` FROM `ocenter_config` WHERE `status` = 1  [ RunTime:0.000486s ]
INFO: [ app_begin ] --START--
INFO: Run Behavior\ReadHtmlCacheBehavior [ RunTime:0.000477s ]
INFO: Run Behavior\CheckLangBehavior [ RunTime:0.010032s ]
INFO: [ app_begin ] --END-- [ RunTime:0.010588s ]
NOTIC: [8192] mysql_connect(): The mysql extension is deprecated and will be removed in the future: use mysqli or PDO instead /Applications/XAMPP/xamppfiles/htdocs/yoyo/ThinkPHP/Library/Think/Session/Driver/Db.class.php 第 95 行.
SQL: SHOW COLUMNS FROM `ocenter_module` [ RunTime:0.002078s ]
SQL: SELECT `type`,`name`,`value` FROM `ocenter_config` WHERE `status` = 1  [ RunTime:0.000367s ]
SQL: SELECT * FROM `ocenter_module` WHERE `name` = 'Admin' LIMIT 1   [ RunTime:0.000296s ]
INFO: [ action_begin ] --START--
INFO: Run Common\Behavior\InitModuleInfoBehavior [ RunTime:0.000154s ]
INFO: [ action_begin ] --END-- [ RunTime:0.000183s ]
INFO: [ view_parse ] --START--
INFO: [ template_filter ] --START--
INFO: Run Behavior\ContentReplaceBehavior [ RunTime:0.000049s ]
INFO: [ template_filter ] --END-- [ RunTime:0.000087s ]
INFO: Run Behavior\ParseTemplateBehavior [ RunTime:0.012490s ]
INFO: [ view_parse ] --END-- [ RunTime:0.012536s ]
INFO: [ view_filter ] --START--
INFO: Run Behavior\WriteHtmlCacheBehavior [ RunTime:0.000410s ]
INFO: [ view_filter ] --END-- [ RunTime:0.000447s ]
INFO: [ app_end ] --START--
INFO: Run Behavior\ShowPageTraceBehavior [ RunTime:0.000699s ]
INFO: [ app_end ] --END-- [ RunTime:0.000738s ]

[ 2017-10-14T17:43:01+08:00 ] 127.0.0.1 /yoyo/admin
INFO: [ app_init ] --START--
INFO: Run Behavior\BuildLiteBehavior [ RunTime:0.000008s ]
INFO: Run Common\Behavior\InitHookBehavior [ RunTime:0.000827s ]
INFO: [ app_init ] --END-- [ RunTime:0.000907s ]
NOTIC: [8] Undefined index: router /Applications/XAMPP/xamppfiles/htdocs/yoyo/Application/Common/Common/function.php 第 1936 行.
NOTIC: [8] Undefined index: router /Applications/XAMPP/xamppfiles/htdocs/yoyo/Application/Common/Common/function.php 第 1936 行.
NOTIC: [8] Undefined index: router /Applications/XAMPP/xamppfiles/htdocs/yoyo/Application/Common/Common/function.php 第 1936 行.
NOTIC: [8] Undefined index: router /Applications/XAMPP/xamppfiles/htdocs/yoyo/Application/Common/Common/function.php 第 1936 行.
NOTIC: [8] Undefined index: router /Applications/XAMPP/xamppfiles/htdocs/yoyo/Application/Common/Common/function.php 第 1936 行.
NOTIC: [8] Undefined index: router /Applications/XAMPP/xamppfiles/htdocs/yoyo/Application/Common/Common/function.php 第 1936 行.
NOTIC: [8] Undefined index: router /Applications/XAMPP/xamppfiles/htdocs/yoyo/Application/Common/Common/function.php 第 1936 行.
SQL: SHOW COLUMNS FROM `ocenter_config` [ RunTime:0.002016s ]
SQL: SELECT `type`,`name`,`value` FROM `ocenter_config` WHERE `status` = 1  [ RunTime:0.000415s ]
INFO: [ app_begin ] --START--
INFO: Run Behavior\ReadHtmlCacheBehavior [ RunTime:0.000342s ]
INFO: Run Behavior\CheckLangBehavior [ RunTime:0.009905s ]
INFO: [ app_begin ] --END-- [ RunTime:0.010319s ]
NOTIC: [8192] mysql_connect(): The mysql extension is deprecated and will be removed in the future: use mysqli or PDO instead /Applications/XAMPP/xamppfiles/htdocs/yoyo/ThinkPHP/Library/Think/Session/Driver/Db.class.php 第 95 行.
SQL: SHOW COLUMNS FROM `ocenter_module` [ RunTime:0.002314s ]
SQL: SELECT `type`,`name`,`value` FROM `ocenter_config` WHERE `status` = 1  [ RunTime:0.000414s ]
SQL: SELECT * FROM `ocenter_module` WHERE `name` = 'Admin' LIMIT 1   [ RunTime:0.000262s ]
INFO: [ action_begin ] --START--
INFO: Run Common\Behavior\InitModuleInfoBehavior [ RunTime:0.000156s ]
INFO: [ action_begin ] --END-- [ RunTime:0.000185s ]

[ 2017-10-14T17:43:01+08:00 ] 127.0.0.1 /yoyo/index.php?s=/admin/public/login.html
INFO: [ app_init ] --START--
INFO: Run Behavior\BuildLiteBehavior [ RunTime:0.000008s ]
INFO: Run Common\Behavior\InitHookBehavior [ RunTime:0.000781s ]
INFO: [ app_init ] --END-- [ RunTime:0.000836s ]
NOTIC: [8] Undefined index: router /Applications/XAMPP/xamppfiles/htdocs/yoyo/Application/Common/Common/function.php 第 1936 行.
NOTIC: [8] Undefined index: router /Applications/XAMPP/xamppfiles/htdocs/yoyo/Application/Common/Common/function.php 第 1936 行.
NOTIC: [8] Undefined index: router /Applications/XAMPP/xamppfiles/htdocs/yoyo/Application/Common/Common/function.php 第 1936 行.
NOTIC: [8] Undefined index: router /Applications/XAMPP/xamppfiles/htdocs/yoyo/Application/Common/Common/function.php 第 1936 行.
NOTIC: [8] Undefined index: router /Applications/XAMPP/xamppfiles/htdocs/yoyo/Application/Common/Common/function.php 第 1936 行.
NOTIC: [8] Undefined index: router /Applications/XAMPP/xamppfiles/htdocs/yoyo/Application/Common/Common/function.php 第 1936 行.
NOTIC: [8] Undefined index: router /Applications/XAMPP/xamppfiles/htdocs/yoyo/Application/Common/Common/function.php 第 1936 行.
SQL: SHOW COLUMNS FROM `ocenter_config` [ RunTime:0.002054s ]
SQL: SELECT `type`,`name`,`value` FROM `ocenter_config` WHERE `status` = 1  [ RunTime:0.000382s ]
INFO: [ app_begin ] --START--
INFO: Run Behavior\ReadHtmlCacheBehavior [ RunTime:0.000317s ]
INFO: Run Behavior\CheckLangBehavior [ RunTime:0.009487s ]
INFO: [ app_begin ] --END-- [ RunTime:0.009879s ]
NOTIC: [8192] mysql_connect(): The mysql extension is deprecated and will be removed in the future: use mysqli or PDO instead /Applications/XAMPP/xamppfiles/htdocs/yoyo/ThinkPHP/Library/Think/Session/Driver/Db.class.php 第 95 行.
SQL: SHOW COLUMNS FROM `ocenter_module` [ RunTime:0.001954s ]
SQL: SELECT `type`,`name`,`value` FROM `ocenter_config` WHERE `status` = 1  [ RunTime:0.000399s ]
SQL: SELECT * FROM `ocenter_module` WHERE `name` = 'Admin' LIMIT 1   [ RunTime:0.000275s ]
INFO: [ action_begin ] --START--
INFO: Run Common\Behavior\InitModuleInfoBehavior [ RunTime:0.000154s ]
INFO: [ action_begin ] --END-- [ RunTime:0.000185s ]
INFO: [ view_parse ] --START--
INFO: [ template_filter ] --START--
INFO: Run Behavior\ContentReplaceBehavior [ RunTime:0.000047s ]
INFO: [ template_filter ] --END-- [ RunTime:0.000082s ]
INFO: Run Behavior\ParseTemplateBehavior [ RunTime:0.004083s ]
INFO: [ view_parse ] --END-- [ RunTime:0.004114s ]
INFO: [ view_filter ] --START--
INFO: Run Behavior\WriteHtmlCacheBehavior [ RunTime:0.000126s ]
INFO: [ view_filter ] --END-- [ RunTime:0.000150s ]
INFO: [ app_end ] --START--
INFO: Run Behavior\ShowPageTraceBehavior [ RunTime:0.000309s ]
INFO: [ app_end ] --END-- [ RunTime:0.000334s ]

[ 2017-10-14T17:43:04+08:00 ] 127.0.0.1 /yoyo/index.php?s=/admin/public/login.html
INFO: [ app_init ] --START--
INFO: Run Behavior\BuildLiteBehavior [ RunTime:0.000013s ]
INFO: Run Common\Behavior\InitHookBehavior [ RunTime:0.000860s ]
INFO: [ app_init ] --END-- [ RunTime:0.000933s ]
NOTIC: [8] Undefined index: router /Applications/XAMPP/xamppfiles/htdocs/yoyo/Application/Common/Common/function.php 第 1936 行.
NOTIC: [8] Undefined index: router /Applications/XAMPP/xamppfiles/htdocs/yoyo/Application/Common/Common/function.php 第 1936 行.
NOTIC: [8] Undefined index: router /Applications/XAMPP/xamppfiles/htdocs/yoyo/Application/Common/Common/function.php 第 1936 行.
NOTIC: [8] Undefined index: router /Applications/XAMPP/xamppfiles/htdocs/yoyo/Application/Common/Common/function.php 第 1936 行.
NOTIC: [8] Undefined index: router /Applications/XAMPP/xamppfiles/htdocs/yoyo/Application/Common/Common/function.php 第 1936 行.
NOTIC: [8] Undefined index: router /Applications/XAMPP/xamppfiles/htdocs/yoyo/Application/Common/Common/function.php 第 1936 行.
NOTIC: [8] Undefined index: router /Applications/XAMPP/xamppfiles/htdocs/yoyo/Application/Common/Common/function.php 第 1936 行.
SQL: SHOW COLUMNS FROM `ocenter_config` [ RunTime:0.004140s ]
SQL: SELECT `type`,`name`,`value` FROM `ocenter_config` WHERE `status` = 1  [ RunTime:0.000483s ]
INFO: [ app_begin ] --START--
INFO: Run Behavior\ReadHtmlCacheBehavior [ RunTime:0.000480s ]
INFO: Run Behavior\CheckLangBehavior [ RunTime:0.016611s ]
INFO: [ app_begin ] --END-- [ RunTime:0.017306s ]
NOTIC: [8192] mysql_connect(): The mysql extension is deprecated and will be removed in the future: use mysqli or PDO instead /Applications/XAMPP/xamppfiles/htdocs/yoyo/ThinkPHP/Library/Think/Session/Driver/Db.class.php 第 95 行.
SQL: SHOW COLUMNS FROM `ocenter_module` [ RunTime:0.002429s ]
SQL: SELECT `type`,`name`,`value` FROM `ocenter_config` WHERE `status` = 1  [ RunTime:0.000393s ]
SQL: SELECT * FROM `ocenter_module` WHERE `name` = 'Admin' LIMIT 1   [ RunTime:0.000476s ]
INFO: [ action_begin ] --START--
INFO: Run Common\Behavior\InitModuleInfoBehavior [ RunTime:0.000248s ]
INFO: [ action_begin ] --END-- [ RunTime:0.000292s ]
NOTIC: [8] Undefined offset: 1 /Applications/XAMPP/xamppfiles/htdocs/yoyo/Application/Common/Common/user.php 第 79 行.
SQL: SHOW COLUMNS FROM `ocenter_ucenter_member` [ RunTime:0.002375s ]
SQL: SELECT * FROM `ocenter_ucenter_member` WHERE `username` = 'yoyoadmin' LIMIT 1   [ RunTime:0.000269s ]
SQL: SHOW COLUMNS FROM `ocenter_action_limit` [ RunTime:0.005415s ]
NOTIC: [8] Uninitialized string offset: 0 /Applications/XAMPP/xamppfiles/htdocs/yoyo/ThinkPHP/Library/Think/Db.class.php 第 516 行.
SQL: SELECT * FROM `ocenter_action_limit` WHERE ( `action_list` LIKE '%[input_password]%' OR `action_list` = '' ) AND `status` = 1  [ RunTime:0.002148s ]
SQL: SHOW COLUMNS FROM `ocenter_action` [ RunTime:0.005690s ]
SQL: SELECT `id` FROM `ocenter_action` WHERE `name` = 'input_password' LIMIT 1   [ RunTime:0.000827s ]
SQL: SHOW COLUMNS FROM `ocenter_action_log` [ RunTime:0.005049s ]
SQL: SELECT * FROM `ocenter_action_log` WHERE `model` = 'ucenter_member' AND `record_id` = '1' AND `user_id` = 1 AND `action_id` = 2 AND `create_time` >= 1507974123 ORDER BY create_time desc  [ RunTime:0.003040s ]
SQL: UPDATE `ocenter_ucenter_member` SET `last_login_time`=1507974183,`last_login_ip`='2130706433' WHERE `id` = 1 [ RunTime:0.000267s ]
SQL: SHOW COLUMNS FROM `ocenter_member` [ RunTime:0.004007s ]
SQL: SELECT `uid`,`nickname`,`sex`,`trade_count`,`trade_score`,`login`,`reg_ip`,`reg_time`,`last_login_ip`,`last_login_time`,`status`,`last_login_role`,`show_role`,`signature`,`pos_province`,`pos_city`,`pos_district`,`pos_community`,`score1`,`score2`,`score3`,`score4`,`btc_count`,`eth_count`,`btc`,`eth`,`con_check`,`total_check`,`fans`,`trust`,`session_id`,`lang` FROM `ocenter_member` WHERE `uid` = 1 LIMIT 1   [ RunTime:0.000289s ]
SQL: SHOW COLUMNS FROM `ocenter_action` [ RunTime:0.003720s ]
SQL: SELECT * FROM `ocenter_action` WHERE `name` = 'user_login' LIMIT 1   [ RunTime:0.000813s ]
NOTIC: [2] array_intersect(): Argument #2 is not an array /Applications/XAMPP/xamppfiles/htdocs/yoyo/Application/Common/Model/UserModel.class.php 第 128 行.
SQL: SHOW COLUMNS FROM `ocenter_action_log` [ RunTime:0.004140s ]
SQL: INSERT INTO `ocenter_action_log` (`action_id`,`user_id`,`action_ip`,`model`,`record_id`,`create_time`,`remark`) VALUES (3,1,2130706433,'member','1',1507974183,'yoyocoinsdd在2017-10-14 17:43登录了账号') [ RunTime:0.001585s ]
INFO: [ handleAction ] --START--
SQL: SHOW COLUMNS FROM `ocenter_ucenter_score_type` [ RunTime:0.004090s ]
NOTIC: [8] Undefined variable: newarr /Applications/XAMPP/xamppfiles/htdocs/yoyo/Addons/CheckIn/CheckInAddon.class.php 第 167 行.
NOTIC: [2] array_filter() expects parameter 1 to be array, null given /Applications/XAMPP/xamppfiles/htdocs/yoyo/Addons/CheckIn/CheckInAddon.class.php 第 167 行.
NOTIC: [2] Invalid argument supplied for foreach() /Applications/XAMPP/xamppfiles/htdocs/yoyo/Addons/CheckIn/CheckInAddon.class.php 第 169 行.
INFO: Run Addons\CheckIn\CheckInAddon [ RunTime:0.008912s ]
SQL: SELECT * FROM `ocenter_action` WHERE `name` = 'user_login' LIMIT 1   [ RunTime:0.000322s ]
SQL: SELECT * FROM `ocenter_action_log` WHERE `id` = 242 LIMIT 1   [ RunTime:0.000238s ]
SQL: SELECT COUNT(*) AS tp_count FROM `ocenter_action_log` WHERE `action_id` = 3 AND `user_id` = 1 AND `create_time` > 1507887783 LIMIT 1   [ RunTime:0.006953s ]
SQL: UPDATE `ocenter_member` SET `login`=`login`+1,`last_login_time`=1507974183,`last_login_ip`='2130706433',`last_login_role`=1,`session_id`='90fqs8kr976dcfdr370o8pb9u7' WHERE `uid` = 1 [ RunTime:0.000289s ]
SQL: SHOW COLUMNS FROM `ocenter_user_role` [ RunTime:0.003526s ]
SQL: SELECT `status` FROM `ocenter_user_role` WHERE `uid` = 1 AND `role_id` = 1 LIMIT 1   [ RunTime:0.000772s ]

[ 2017-10-14T17:43:04+08:00 ] 127.0.0.1 /yoyo/index.php?s=/admin/index/index.html
INFO: [ app_init ] --START--
INFO: Run Behavior\BuildLiteBehavior [ RunTime:0.000009s ]
INFO: Run Common\Behavior\InitHookBehavior [ RunTime:0.000674s ]
INFO: [ app_init ] --END-- [ RunTime:0.000727s ]
NOTIC: [8] Undefined index: router /Applications/XAMPP/xamppfiles/htdocs/yoyo/Application/Common/Common/function.php 第 1936 行.
NOTIC: [8] Undefined index: router /Applications/XAMPP/xamppfiles/htdocs/yoyo/Application/Common/Common/function.php 第 1936 行.
NOTIC: [8] Undefined index: router /Applications/XAMPP/xamppfiles/htdocs/yoyo/Application/Common/Common/function.php 第 1936 行.
NOTIC: [8] Undefined index: router /Applications/XAMPP/xamppfiles/htdocs/yoyo/Application/Common/Common/function.php 第 1936 行.
NOTIC: [8] Undefined index: router /Applications/XAMPP/xamppfiles/htdocs/yoyo/Application/Common/Common/function.php 第 1936 行.
NOTIC: [8] Undefined index: router /Applications/XAMPP/xamppfiles/htdocs/yoyo/Application/Common/Common/function.php 第 1936 行.
NOTIC: [8] Undefined index: router /Applications/XAMPP/xamppfiles/htdocs/yoyo/Application/Common/Common/function.php 第 1936 行.
SQL: SHOW COLUMNS FROM `ocenter_config` [ RunTime:0.002460s ]
SQL: SELECT `type`,`name`,`value` FROM `ocenter_config` WHERE `status` = 1  [ RunTime:0.000993s ]
INFO: [ app_begin ] --START--
INFO: Run Behavior\ReadHtmlCacheBehavior [ RunTime:0.000302s ]
INFO: Run Behavior\CheckLangBehavior [ RunTime:0.009743s ]
INFO: [ app_begin ] --END-- [ RunTime:0.010112s ]
NOTIC: [8192] mysql_connect(): The mysql extension is deprecated and will be removed in the future: use mysqli or PDO instead /Applications/XAMPP/xamppfiles/htdocs/yoyo/ThinkPHP/Library/Think/Session/Driver/Db.class.php 第 95 行.
SQL: SHOW COLUMNS FROM `ocenter_module` [ RunTime:0.003456s ]
SQL: SELECT `type`,`name`,`value` FROM `ocenter_config` WHERE `status` = 1  [ RunTime:0.000369s ]
SQL: SELECT * FROM `ocenter_module` WHERE `name` = 'Admin' LIMIT 1   [ RunTime:0.000248s ]
INFO: [ action_begin ] --START--
INFO: Run Common\Behavior\InitModuleInfoBehavior [ RunTime:0.000136s ]
INFO: [ action_begin ] --END-- [ RunTime:0.000165s ]
SQL: SHOW COLUMNS FROM `ocenter_menu` [ RunTime:0.003114s ]
SQL: SELECT * FROM `ocenter_menu` WHERE `pid` = 0 ORDER BY sort asc  [ RunTime:0.002612s ]
SQL: SELECT DISTINCT  `group` FROM `ocenter_menu` WHERE ( pid = 10000 ) ORDER BY sort asc  [ RunTime:0.000285s ]
SQL: SELECT `id`,`url` FROM `ocenter_menu` WHERE `pid` = 10000 AND `hide` = 0  [ RunTime:0.000249s ]
SQL: SELECT `id`,`pid`,`title`,`url`,`tip` FROM `ocenter_menu` WHERE `group` = '设置' AND `pid` = 10000 AND `hide` = 0 ORDER BY sort asc  [ RunTime:0.000261s ]
SQL: SELECT DISTINCT  `group` FROM `ocenter_menu` WHERE ( pid = 10018 ) ORDER BY sort asc  [ RunTime:0.000279s ]
SQL: SELECT `id`,`url` FROM `ocenter_menu` WHERE `pid` = 10018 AND `hide` = 0  [ RunTime:0.000211s ]
SQL: SELECT `id`,`pid`,`title`,`url`,`tip` FROM `ocenter_menu` WHERE `group` = '设置' AND `pid` = 10018 AND `hide` = 0 ORDER BY sort asc  [ RunTime:0.000273s ]
SQL: SELECT DISTINCT  `group` FROM `ocenter_menu` WHERE ( pid = 13000 ) ORDER BY sort asc  [ RunTime:0.000299s ]
SQL: SELECT `id`,`url` FROM `ocenter_menu` WHERE `pid` = 13000 AND `hide` = 0  [ RunTime:0.000298s ]
SQL: SELECT `id`,`pid`,`title`,`url`,`tip` FROM `ocenter_menu` WHERE `group` = '授权登录' AND `pid` = 13000 AND `hide` = 0 ORDER BY sort asc  [ RunTime:0.000418s ]
SQL: SELECT `id`,`pid`,`title`,`url`,`tip` FROM `ocenter_menu` WHERE `group` = '客户中心' AND `pid` = 13000 AND `hide` = 0 ORDER BY sort asc  [ RunTime:0.000490s ]
SQL: SELECT `id`,`pid`,`title`,`url`,`tip` FROM `ocenter_menu` WHERE `group` = '激活过程' AND `pid` = 13000 AND `hide` = 0 ORDER BY sort asc  [ RunTime:0.000545s ]
SQL: SELECT DISTINCT  `group` FROM `ocenter_menu` WHERE ( pid = 1 ) ORDER BY sort asc  [ RunTime:0.001498s ]
SQL: SELECT `id`,`url` FROM `ocenter_menu` WHERE `pid` = 1 AND `hide` = 0  [ RunTime:0.000261s ]
SQL: SELECT `id`,`pid`,`title`,`url`,`tip` FROM `ocenter_menu` WHERE `group` = '模块权限' AND `pid` = 1 AND `hide` = 0 ORDER BY sort asc  [ RunTime:0.000254s ]
SQL: SELECT `id`,`pid`,`title`,`url`,`tip` FROM `ocenter_menu` WHERE `group` = '系统首页' AND `pid` = 1 AND `hide` = 0 ORDER BY sort asc  [ RunTime:0.000284s ]
SQL: SELECT `id`,`pid`,`title`,`url`,`tip` FROM `ocenter_menu` WHERE `group` = '数据统计' AND `pid` = 1 AND `hide` = 0 ORDER BY sort asc  [ RunTime:0.000270s ]
SQL: SELECT DISTINCT  `group` FROM `ocenter_menu` WHERE ( pid = 2 ) ORDER BY sort asc  [ RunTime:0.000288s ]
SQL: SELECT `id`,`url` FROM `ocenter_menu` WHERE `pid` = 2 AND `hide` = 0  [ RunTime:0.000257s ]
SQL: SELECT `id`,`pid`,`title`,`url`,`tip` FROM `ocenter_menu` WHERE `group` = '认证管理' AND `pid` = 2 AND `hide` = 0 ORDER BY sort asc  [ RunTime:0.000274s ]
SQL: SELECT `id`,`pid`,`title`,`url`,`tip` FROM `ocenter_menu` WHERE `group` = '头衔管理' AND `pid` = 2 AND `hide` = 0 ORDER BY sort asc  [ RunTime:0.000312s ]
SQL: SELECT `id`,`pid`,`title`,`url`,`tip` FROM `ocenter_menu` WHERE `group` = '身份管理' AND `pid` = 2 AND `hide` = 0 ORDER BY sort asc  [ RunTime:0.000266s ]
SQL: SELECT `id`,`pid`,`title`,`url`,`tip` FROM `ocenter_menu` WHERE `group` = '用户配置' AND `pid` = 2 AND `hide` = 0 ORDER BY sort asc  [ RunTime:0.000296s ]
SQL: SELECT `id`,`pid`,`title`,`url`,`tip` FROM `ocenter_menu` WHERE `group` = '' AND `pid` = 2 AND `hide` = 0 ORDER BY sort asc  [ RunTime:0.000330s ]
SQL: SELECT `id`,`pid`,`title`,`url`,`tip` FROM `ocenter_menu` WHERE `group` = '标签与资料' AND `pid` = 2 AND `hide` = 0 ORDER BY sort asc  [ RunTime:0.000315s ]
SQL: SELECT DISTINCT  `group` FROM `ocenter_menu` WHERE ( pid = 197 ) ORDER BY sort asc  [ RunTime:0.000374s ]
SQL: SELECT `id`,`url` FROM `ocenter_menu` WHERE `pid` = 197 AND `hide` = 0  [ RunTime:0.000324s ]
SQL: SELECT `id`,`pid`,`title`,`url`,`tip` FROM `ocenter_menu` WHERE `group` = '图片管理' AND `pid` = 197 AND `hide` = 0 ORDER BY sort asc  [ RunTime:0.000345s ]
SQL: SELECT `id`,`pid`,`title`,`url`,`tip` FROM `ocenter_menu` WHERE `group` = '友链与公告' AND `pid` = 197 AND `hide` = 0 ORDER BY sort asc  [ RunTime:0.000341s ]
SQL: SELECT `id`,`pid`,`title`,`url`,`tip` FROM `ocenter_menu` WHERE `group` = '敏感词' AND `pid` = 197 AND `hide` = 0 ORDER BY sort asc  [ RunTime:0.000320s ]
SQL: SELECT `id`,`pid`,`title`,`url`,`tip` FROM `ocenter_menu` WHERE `group` = '广告配置' AND `pid` = 197 AND `hide` = 0 ORDER BY sort asc  [ RunTime:0.000342s ]
SQL: SELECT `id`,`pid`,`title`,`url`,`tip` FROM `ocenter_menu` WHERE `group` = '行为与积分' AND `pid` = 197 AND `hide` = 0 ORDER BY sort asc  [ RunTime:0.000337s ]
SQL: SELECT `id`,`pid`,`title`,`url`,`tip` FROM `ocenter_menu` WHERE `group` = '表情管理' AND `pid` = 197 AND `hide` = 0 ORDER BY sort asc  [ RunTime:0.000303s ]
SQL: SELECT `id`,`pid`,`title`,`url`,`tip` FROM `ocenter_menu` WHERE `group` = '群发消息' AND `pid` = 197 AND `hide` = 0 ORDER BY sort asc  [ RunTime:0.000323s ]
SQL: SELECT `id`,`pid`,`title`,`url`,`tip` FROM `ocenter_menu` WHERE `group` = '' AND `pid` = 197 AND `hide` = 0 ORDER BY sort asc  [ RunTime:0.000285s ]
SQL: SELECT `id`,`pid`,`title`,`url`,`tip` FROM `ocenter_menu` WHERE `group` = 'SEO管理' AND `pid` = 197 AND `hide` = 0 ORDER BY sort asc  [ RunTime:0.000332s ]
SQL: SELECT `id`,`pid`,`title`,`url`,`tip` FROM `ocenter_menu` WHERE `group` = '邀请注册管理' AND `pid` = 197 AND `hide` = 0 ORDER BY sort asc  [ RunTime:0.000357s ]
SQL: SELECT DISTINCT  `group` FROM `ocenter_menu` WHERE ( pid = 109 ) ORDER BY sort asc  [ RunTime:0.000273s ]
SQL: SELECT `id`,`url` FROM `ocenter_menu` WHERE `pid` = 109 AND `hide` = 0  [ RunTime:0.000211s ]
SQL: SELECT `id`,`pid`,`title`,`url`,`tip` FROM `ocenter_menu` WHERE `group` = '单点登录' AND `pid` = 109 AND `hide` = 0 ORDER BY sort asc  [ RunTime:0.000306s ]
SQL: SELECT DISTINCT  `group` FROM `ocenter_menu` WHERE ( pid = 74 ) ORDER BY sort asc  [ RunTime:0.000316s ]
SQL: SELECT `id`,`url` FROM `ocenter_menu` WHERE `pid` = 74 AND `hide` = 0  [ RunTime:0.000271s ]
SQL: SELECT `id`,`pid`,`title`,`url`,`tip` FROM `ocenter_menu` WHERE `group` = '消息管理' AND `pid` = 74 AND `hide` = 0 ORDER BY sort asc  [ RunTime:0.000426s ]
SQL: SELECT `id`,`pid`,`title`,`url`,`tip` FROM `ocenter_menu` WHERE `group` = '网站设置' AND `pid` = 74 AND `hide` = 0 ORDER BY sort asc  [ RunTime:0.000393s ]
SQL: SELECT `id`,`pid`,`title`,`url`,`tip` FROM `ocenter_menu` WHERE `group` = '导航管理' AND `pid` = 74 AND `hide` = 0 ORDER BY sort asc  [ RunTime:0.000331s ]
SQL: SELECT `id`,`pid`,`title`,`url`,`tip` FROM `ocenter_menu` WHERE `group` = '网站数据管理' AND `pid` = 74 AND `hide` = 0 ORDER BY sort asc  [ RunTime:0.000273s ]
SQL: SELECT `id`,`pid`,`title`,`url`,`tip` FROM `ocenter_menu` WHERE `group` = '升级补丁' AND `pid` = 74 AND `hide` = 0 ORDER BY sort asc  [ RunTime:0.000252s ]
SQL: SELECT `id`,`pid`,`title`,`url`,`tip` FROM `ocenter_menu` WHERE `group` = '群发消息' AND `pid` = 74 AND `hide` = 0 ORDER BY sort asc  [ RunTime:0.000264s ]
SQL: SELECT `id`,`pid`,`title`,`url`,`tip` FROM `ocenter_menu` WHERE `group` = '计划任务' AND `pid` = 74 AND `hide` = 0 ORDER BY sort asc  [ RunTime:0.000297s ]
SQL: SELECT DISTINCT  `group` FROM `ocenter_menu` WHERE ( pid = 10002 ) ORDER BY sort asc  [ RunTime:0.000320s ]
SQL: SELECT `id`,`url` FROM `ocenter_menu` WHERE `pid` = 10002 AND `hide` = 0  [ RunTime:0.000250s ]
SQL: SELECT `id`,`pid`,`title`,`url`,`tip` FROM `ocenter_menu` WHERE `group` = '圈子管理' AND `pid` = 10002 AND `hide` = 0 ORDER BY sort asc  [ RunTime:0.000279s ]
SQL: SELECT `id`,`pid`,`title`,`url`,`tip` FROM `ocenter_menu` WHERE `group` = '' AND `pid` = 10002 AND `hide` = 0 ORDER BY sort asc  [ RunTime:0.000266s ]
SQL: SELECT `id`,`pid`,`title`,`url`,`tip` FROM `ocenter_menu` WHERE `group` = '话题管理' AND `pid` = 10002 AND `hide` = 0 ORDER BY sort asc  [ RunTime:0.000298s ]
SQL: SELECT `id`,`pid`,`title`,`url`,`tip` FROM `ocenter_menu` WHERE `group` = '设置' AND `pid` = 10002 AND `hide` = 0 ORDER BY sort asc  [ RunTime:0.000302s ]
SQL: SELECT `id`,`pid`,`title`,`url`,`tip` FROM `ocenter_menu` WHERE `group` = '微博' AND `pid` = 10002 AND `hide` = 0 ORDER BY sort asc  [ RunTime:0.000283s ]
SQL: SELECT `id`,`pid`,`title`,`url`,`tip` FROM `ocenter_menu` WHERE `group` = '回复' AND `pid` = 10002 AND `hide` = 0 ORDER BY sort asc  [ RunTime:0.000314s ]
SQL: SELECT DISTINCT  `group` FROM `ocenter_menu` WHERE ( pid = 105 ) ORDER BY sort asc  [ RunTime:0.000389s ]
SQL: SELECT `id`,`url` FROM `ocenter_menu` WHERE `pid` = 105 AND `hide` = 0  [ RunTime:0.000247s ]
SQL: SELECT `id`,`pid`,`title`,`url`,`tip` FROM `ocenter_menu` WHERE `group` = '云市场' AND `pid` = 105 AND `hide` = 0 ORDER BY sort asc  [ RunTime:0.000243s ]
SQL: SELECT `id`,`pid`,`title`,`url`,`tip` FROM `ocenter_menu` WHERE `group` = '本地' AND `pid` = 105 AND `hide` = 0 ORDER BY sort asc  [ RunTime:0.000333s ]
SQL: SHOW COLUMNS FROM `ocenter_addons` [ RunTime:0.002350s ]
SQL: SELECT `title`,`name` FROM `ocenter_addons` WHERE ( status=1 AND has_adminlist=1 )  [ RunTime:0.001589s ]
SQL: SELECT DISTINCT  `group` FROM `ocenter_menu` WHERE ( pid = 10016 ) ORDER BY sort asc  [ RunTime:0.000383s ]
SQL: SELECT `id`,`url` FROM `ocenter_menu` WHERE `pid` = 10016 AND `hide` = 0  [ RunTime:0.000293s ]
SQL: SELECT `id`,`pid`,`title`,`url`,`tip` FROM `ocenter_menu` WHERE `group` = '配置' AND `pid` = 10016 AND `hide` = 0 ORDER BY sort asc  [ RunTime:0.000289s ]
SQL: SELECT DISTINCT  `group` FROM `ocenter_menu` WHERE ( pid = 13030 ) ORDER BY sort asc  [ RunTime:0.000350s ]
SQL: SELECT `id`,`url` FROM `ocenter_menu` WHERE `pid` = 13030 AND `hide` = 0  [ RunTime:0.000302s ]
SQL: SELECT `id`,`pid`,`title`,`url`,`tip` FROM `ocenter_menu` WHERE `group` = '资讯管理' AND `pid` = 13030 AND `hide` = 0 ORDER BY sort asc  [ RunTime:0.000285s ]
SQL: SELECT `id`,`pid`,`title`,`url`,`tip` FROM `ocenter_menu` WHERE `group` = '资讯配置' AND `pid` = 13030 AND `hide` = 0 ORDER BY sort asc  [ RunTime:0.000298s ]
SQL: SELECT `id` FROM `ocenter_menu` WHERE ( url like 'Index/index%' OR url like '%/Index/index%'   ) LIMIT 1   [ RunTime:0.001334s ]
SQL: SHOW COLUMNS FROM `ocenter_menu` [ RunTime:0.002223s ]
SQL: SELECT `id`,`pid`,`title`,`url` FROM `ocenter_menu` WHERE ( id=1 ) LIMIT 1   [ RunTime:0.000265s ]
SQL: SELECT DISTINCT  `group` FROM `ocenter_menu` WHERE ( pid = 1 ) ORDER BY sort asc  [ RunTime:0.000305s ]
SQL: SELECT `id`,`url` FROM `ocenter_menu` WHERE `pid` = 1 AND `hide` = 0  [ RunTime:0.000275s ]
SQL: SELECT `id`,`pid`,`title`,`url`,`tip`,`module` FROM `ocenter_menu` WHERE `group` = '模块权限' AND `pid` = 1 AND `hide` = 0 ORDER BY sort asc  [ RunTime:0.000273s ]
NOTIC: [8] Undefined index: module /Applications/XAMPP/xamppfiles/htdocs/yoyo/Application/Admin/Controller/AdminController.class.php 第 477 行.
SQL: SELECT `id`,`pid`,`title`,`url`,`tip`,`module` FROM `ocenter_menu` WHERE `group` = '系统首页' AND `pid` = 1 AND `hide` = 0 ORDER BY sort asc  [ RunTime:0.000345s ]
SQL: SELECT `id`,`pid`,`title`,`url`,`tip`,`module` FROM `ocenter_menu` WHERE `group` = '数据统计' AND `pid` = 1 AND `hide` = 0 ORDER BY sort asc  [ RunTime:0.000273s ]
SQL: SHOW COLUMNS FROM `ocenter_module` [ RunTime:0.002334s ]
SQL: SELECT * FROM `ocenter_menu` WHERE `module` = 'Ad' AND `pid` = 0 LIMIT 1   [ RunTime:0.000321s ]
SQL: SELECT * FROM `ocenter_menu` WHERE `module` = 'Bclient' AND `pid` = 0 LIMIT 1   [ RunTime:0.000276s ]
SQL: SELECT DISTINCT  `group` FROM `ocenter_menu` WHERE ( pid = 13000 ) ORDER BY sort asc  [ RunTime:0.000263s ]
SQL: SELECT `id`,`url` FROM `ocenter_menu` WHERE `pid` = 13000 AND `hide` = 0  [ RunTime:0.000242s ]
SQL: SELECT `id`,`pid`,`title`,`url`,`tip` FROM `ocenter_menu` WHERE `group` = '授权登录' AND `pid` = 13000 AND `hide` = 0 ORDER BY sort asc  [ RunTime:0.000251s ]
SQL: SELECT `id`,`pid`,`title`,`url`,`tip` FROM `ocenter_menu` WHERE `group` = '客户中心' AND `pid` = 13000 AND `hide` = 0 ORDER BY sort asc  [ RunTime:0.000292s ]
SQL: SELECT `id`,`pid`,`title`,`url`,`tip` FROM `ocenter_menu` WHERE `group` = '激活过程' AND `pid` = 13000 AND `hide` = 0 ORDER BY sort asc  [ RunTime:0.000334s ]
SQL: SELECT * FROM `ocenter_menu` WHERE `module` = 'Coin' AND `pid` = 0 LIMIT 1   [ RunTime:0.000421s ]
SQL: SELECT * FROM `ocenter_menu` WHERE `module` = 'Home' AND `pid` = 0 LIMIT 1   [ RunTime:0.000316s ]
SQL: SELECT DISTINCT  `group` FROM `ocenter_menu` WHERE ( pid = 10000 ) ORDER BY sort asc  [ RunTime:0.000267s ]
SQL: SELECT `id`,`url` FROM `ocenter_menu` WHERE `pid` = 10000 AND `hide` = 0  [ RunTime:0.000195s ]
SQL: SELECT `id`,`pid`,`title`,`url`,`tip` FROM `ocenter_menu` WHERE `group` = '设置' AND `pid` = 10000 AND `hide` = 0 ORDER BY sort asc  [ RunTime:0.000259s ]
SQL: SELECT * FROM `ocenter_menu` WHERE `module` = 'Mob' AND `pid` = 0 LIMIT 1   [ RunTime:0.000240s ]
SQL: SELECT DISTINCT  `group` FROM `ocenter_menu` WHERE ( pid = 10018 ) ORDER BY sort asc  [ RunTime:0.000261s ]
SQL: SELECT `id`,`url` FROM `ocenter_menu` WHERE `pid` = 10018 AND `hide` = 0  [ RunTime:0.000223s ]
SQL: SELECT `id`,`pid`,`title`,`url`,`tip` FROM `ocenter_menu` WHERE `group` = '设置' AND `pid` = 10018 AND `hide` = 0 ORDER BY sort asc  [ RunTime:0.000263s ]
SQL: SELECT * FROM `ocenter_menu` WHERE `module` = 'News' AND `pid` = 0 LIMIT 1   [ RunTime:0.000244s ]
SQL: SELECT DISTINCT  `group` FROM `ocenter_menu` WHERE ( pid = 13030 ) ORDER BY sort asc  [ RunTime:0.000281s ]
SQL: SELECT `id`,`url` FROM `ocenter_menu` WHERE `pid` = 13030 AND `hide` = 0  [ RunTime:0.000217s ]
SQL: SELECT `id`,`pid`,`title`,`url`,`tip` FROM `ocenter_menu` WHERE `group` = '资讯管理' AND `pid` = 13030 AND `hide` = 0 ORDER BY sort asc  [ RunTime:0.000290s ]
SQL: SELECT `id`,`pid`,`title`,`url`,`tip` FROM `ocenter_menu` WHERE `group` = '资讯配置' AND `pid` = 13030 AND `hide` = 0 ORDER BY sort asc  [ RunTime:0.000247s ]
SQL: SELECT * FROM `ocenter_menu` WHERE `module` = 'People' AND `pid` = 0 LIMIT 1   [ RunTime:0.000269s ]
SQL: SELECT DISTINCT  `group` FROM `ocenter_menu` WHERE ( pid = 10016 ) ORDER BY sort asc  [ RunTime:0.000237s ]
SQL: SELECT `id`,`url` FROM `ocenter_menu` WHERE `pid` = 10016 AND `hide` = 0  [ RunTime:0.000206s ]
SQL: SELECT `id`,`pid`,`title`,`url`,`tip` FROM `ocenter_menu` WHERE `group` = '配置' AND `pid` = 10016 AND `hide` = 0 ORDER BY sort asc  [ RunTime:0.000305s ]
SQL: SELECT * FROM `ocenter_menu` WHERE `module` = 'Ucenter' AND `pid` = 0 LIMIT 1   [ RunTime:0.000294s ]
SQL: SELECT * FROM `ocenter_menu` WHERE `module` = 'Weibo' AND `pid` = 0 LIMIT 1   [ RunTime:0.000230s ]
SQL: SELECT DISTINCT  `group` FROM `ocenter_menu` WHERE ( pid = 10002 ) ORDER BY sort asc  [ RunTime:0.000398s ]
SQL: SELECT `id`,`url` FROM `ocenter_menu` WHERE `pid` = 10002 AND `hide` = 0  [ RunTime:0.000400s ]
SQL: SELECT `id`,`pid`,`title`,`url`,`tip` FROM `ocenter_menu` WHERE `group` = '圈子管理' AND `pid` = 10002 AND `hide` = 0 ORDER BY sort asc  [ RunTime:0.000521s ]
SQL: SELECT `id`,`pid`,`title`,`url`,`tip` FROM `ocenter_menu` WHERE `group` = '' AND `pid` = 10002 AND `hide` = 0 ORDER BY sort asc  [ RunTime:0.000399s ]
SQL: SELECT `id`,`pid`,`title`,`url`,`tip` FROM `ocenter_menu` WHERE `group` = '话题管理' AND `pid` = 10002 AND `hide` = 0 ORDER BY sort asc  [ RunTime:0.000291s ]
SQL: SELECT `id`,`pid`,`title`,`url`,`tip` FROM `ocenter_menu` WHERE `group` = '设置' AND `pid` = 10002 AND `hide` = 0 ORDER BY sort asc  [ RunTime:0.000303s ]
SQL: SELECT `id`,`pid`,`title`,`url`,`tip` FROM `ocenter_menu` WHERE `group` = '微博' AND `pid` = 10002 AND `hide` = 0 ORDER BY sort asc  [ RunTime:0.000281s ]
SQL: SELECT `id`,`pid`,`title`,`url`,`tip` FROM `ocenter_menu` WHERE `group` = '回复' AND `pid` = 10002 AND `hide` = 0 ORDER BY sort asc  [ RunTime:0.000314s ]
SQL: SHOW COLUMNS FROM `ocenter_addons` [ RunTime:0.002320s ]
SQL: SHOW COLUMNS FROM `ocenter_version` [ RunTime:0.001767s ]
SQL: SELECT * FROM `ocenter_version` ORDER BY number asc  [ RunTime:0.000170s ]
SQL: SELECT * FROM `ocenter_version` WHERE `name` = '5.1.0' LIMIT 1   [ RunTime:0.000182s ]
NOTIC: [2] Invalid argument supplied for foreach() /Applications/XAMPP/xamppfiles/htdocs/yoyo/Application/Admin/Model/VersionModel.class.php 第 91 行.
SQL: SHOW COLUMNS FROM `ocenter_tile` [ RunTime:0.001176s ]
SQL: SELECT * FROM `ocenter_tile` WHERE `status` = 1 ORDER BY sort asc  [ RunTime:0.001528s ]
INFO: [ view_parse ] --START--
INFO: [ template_filter ] --START--
INFO: Run Behavior\ContentReplaceBehavior [ RunTime:0.000544s ]
INFO: [ template_filter ] --END-- [ RunTime:0.000586s ]
SQL: SELECT `value` FROM `ocenter_config` WHERE `name` = '_CONFIG_LOGO' LIMIT 1   [ RunTime:0.000292s ]
NOTIC: [8] Undefined index: admin_entry /Applications/XAMPP/xamppfiles/htdocs/yoyo/Runtime/Cache/Admin/085b574956cdc611cfedaace62cf4e64.php 第 188 行.
NOTIC: [8] Undefined index: admin_entry /Applications/XAMPP/xamppfiles/htdocs/yoyo/Runtime/Cache/Admin/085b574956cdc611cfedaace62cf4e64.php 第 188 行.
NOTIC: [8] Undefined index: admin_entry /Applications/XAMPP/xamppfiles/htdocs/yoyo/Runtime/Cache/Admin/085b574956cdc611cfedaace62cf4e64.php 第 188 行.
SQL: select version() as v; [ RunTime:0.000196s ]
NOTIC: [8] Undefined variable: addons_config /Applications/XAMPP/xamppfiles/htdocs/yoyo/Runtime/Cache/Admin/085b574956cdc611cfedaace62cf4e64.php 第 541 行.
NOTIC: [8] Undefined variable: count /Applications/XAMPP/xamppfiles/htdocs/yoyo/Runtime/Cache/Admin/085b574956cdc611cfedaace62cf4e64.php 第 580 行.
NOTIC: [8] Undefined variable: count /Applications/XAMPP/xamppfiles/htdocs/yoyo/Runtime/Cache/Admin/085b574956cdc611cfedaace62cf4e64.php 第 584 行.
NOTIC: [8] Undefined variable: count /Applications/XAMPP/xamppfiles/htdocs/yoyo/Runtime/Cache/Admin/085b574956cdc611cfedaace62cf4e64.php 第 601 行.
NOTIC: [8] Undefined variable: report /Applications/XAMPP/xamppfiles/htdocs/yoyo/Runtime/Cache/Admin/085b574956cdc611cfedaace62cf4e64.php 第 818 行.
NOTIC: [8] Undefined variable: count /Applications/XAMPP/xamppfiles/htdocs/yoyo/Runtime/Cache/Admin/085b574956cdc611cfedaace62cf4e64.php 第 1029 行.
INFO: Run Behavior\ParseTemplateBehavior [ RunTime:0.044146s ]
INFO: [ view_parse ] --END-- [ RunTime:0.044174s ]
INFO: [ view_filter ] --START--
INFO: Run Behavior\WriteHtmlCacheBehavior [ RunTime:0.000122s ]
INFO: [ view_filter ] --END-- [ RunTime:0.000145s ]
INFO: [ app_end ] --START--
INFO: Run Behavior\ShowPageTraceBehavior [ RunTime:0.000596s ]
INFO: [ app_end ] --END-- [ RunTime:0.000660s ]

