[ 2017-11-19T09:40:44+08:00 ] 127.0.0.1 /yoyo/admin
INFO: [ app_init ] --START--
INFO: Run Behavior\BuildLiteBehavior [ RunTime:0.000009s ]
INFO: Run Common\Behavior\InitHookBehavior [ RunTime:0.000762s ]
INFO: [ app_init ] --END-- [ RunTime:0.000822s ]
NOTIC: [8] Undefined index: router /Applications/XAMPP/xamppfiles/htdocs/yoyo/Application/Common/Common/function.php 第 1936 行.
NOTIC: [8] Undefined index: router /Applications/XAMPP/xamppfiles/htdocs/yoyo/Application/Common/Common/function.php 第 1936 行.
NOTIC: [8] Undefined index: router /Applications/XAMPP/xamppfiles/htdocs/yoyo/Application/Common/Common/function.php 第 1936 行.
NOTIC: [8] Undefined index: router /Applications/XAMPP/xamppfiles/htdocs/yoyo/Application/Common/Common/function.php 第 1936 行.
NOTIC: [8] Undefined index: router /Applications/XAMPP/xamppfiles/htdocs/yoyo/Application/Common/Common/function.php 第 1936 行.
NOTIC: [8] Undefined index: router /Applications/XAMPP/xamppfiles/htdocs/yoyo/Application/Common/Common/function.php 第 1936 行.
SQL: SHOW COLUMNS FROM `ocenter_config` [ RunTime:0.002729s ]
SQL: SELECT `type`,`name`,`value` FROM `ocenter_config` WHERE `status` = 1  [ RunTime:0.000433s ]
INFO: [ app_begin ] --START--
INFO: Run Behavior\ReadHtmlCacheBehavior [ RunTime:0.000320s ]
INFO: Run Behavior\CheckLangBehavior [ RunTime:0.012197s ]
INFO: [ app_begin ] --END-- [ RunTime:0.012627s ]
NOTIC: [8192] mysql_connect(): The mysql extension is deprecated and will be removed in the future: use mysqli or PDO instead /Applications/XAMPP/xamppfiles/htdocs/yoyo/ThinkPHP/Library/Think/Session/Driver/Db.class.php 第 95 行.
SQL: SHOW COLUMNS FROM `ocenter_module` [ RunTime:0.002089s ]
SQL: SELECT `type`,`name`,`value` FROM `ocenter_config` WHERE `status` = 1  [ RunTime:0.000357s ]
SQL: SELECT * FROM `ocenter_module` WHERE `name` = 'Admin' LIMIT 1   [ RunTime:0.001612s ]
INFO: [ action_begin ] --START--
INFO: Run Common\Behavior\InitModuleInfoBehavior [ RunTime:0.000167s ]
INFO: [ action_begin ] --END-- [ RunTime:0.000221s ]

[ 2017-11-19T09:40:44+08:00 ] 127.0.0.1 /yoyo/index.php?s=/admin/public/login.html
INFO: [ app_init ] --START--
INFO: Run Behavior\BuildLiteBehavior [ RunTime:0.000009s ]
INFO: Run Common\Behavior\InitHookBehavior [ RunTime:0.000846s ]
INFO: [ app_init ] --END-- [ RunTime:0.000909s ]
NOTIC: [8] Undefined index: router /Applications/XAMPP/xamppfiles/htdocs/yoyo/Application/Common/Common/function.php 第 1936 行.
NOTIC: [8] Undefined index: router /Applications/XAMPP/xamppfiles/htdocs/yoyo/Application/Common/Common/function.php 第 1936 行.
NOTIC: [8] Undefined index: router /Applications/XAMPP/xamppfiles/htdocs/yoyo/Application/Common/Common/function.php 第 1936 行.
NOTIC: [8] Undefined index: router /Applications/XAMPP/xamppfiles/htdocs/yoyo/Application/Common/Common/function.php 第 1936 行.
NOTIC: [8] Undefined index: router /Applications/XAMPP/xamppfiles/htdocs/yoyo/Application/Common/Common/function.php 第 1936 行.
NOTIC: [8] Undefined index: router /Applications/XAMPP/xamppfiles/htdocs/yoyo/Application/Common/Common/function.php 第 1936 行.
SQL: SHOW COLUMNS FROM `ocenter_config` [ RunTime:0.002334s ]
SQL: SELECT `type`,`name`,`value` FROM `ocenter_config` WHERE `status` = 1  [ RunTime:0.000588s ]
INFO: [ app_begin ] --START--
INFO: Run Behavior\ReadHtmlCacheBehavior [ RunTime:0.000285s ]
INFO: Run Behavior\CheckLangBehavior [ RunTime:0.010400s ]
INFO: [ app_begin ] --END-- [ RunTime:0.010751s ]
NOTIC: [8192] mysql_connect(): The mysql extension is deprecated and will be removed in the future: use mysqli or PDO instead /Applications/XAMPP/xamppfiles/htdocs/yoyo/ThinkPHP/Library/Think/Session/Driver/Db.class.php 第 95 行.
SQL: SHOW COLUMNS FROM `ocenter_module` [ RunTime:0.003161s ]
SQL: SELECT `type`,`name`,`value` FROM `ocenter_config` WHERE `status` = 1  [ RunTime:0.000406s ]
SQL: SELECT * FROM `ocenter_module` WHERE `name` = 'Admin' LIMIT 1   [ RunTime:0.000279s ]
INFO: [ action_begin ] --START--
INFO: Run Common\Behavior\InitModuleInfoBehavior [ RunTime:0.000158s ]
INFO: [ action_begin ] --END-- [ RunTime:0.000189s ]
INFO: [ view_parse ] --START--
INFO: [ template_filter ] --START--
INFO: Run Behavior\ContentReplaceBehavior [ RunTime:0.000082s ]
INFO: [ template_filter ] --END-- [ RunTime:0.000131s ]
INFO: Run Behavior\ParseTemplateBehavior [ RunTime:0.005595s ]
INFO: [ view_parse ] --END-- [ RunTime:0.005630s ]
INFO: [ view_filter ] --START--
INFO: Run Behavior\WriteHtmlCacheBehavior [ RunTime:0.000099s ]
INFO: [ view_filter ] --END-- [ RunTime:0.000120s ]
INFO: [ app_end ] --START--
INFO: Run Behavior\ShowPageTraceBehavior [ RunTime:0.000350s ]
INFO: [ app_end ] --END-- [ RunTime:0.000381s ]

[ 2017-11-19T09:40:51+08:00 ] 127.0.0.1 /yoyo/index.php?s=/admin/public/login.html
INFO: [ app_init ] --START--
INFO: Run Behavior\BuildLiteBehavior [ RunTime:0.000016s ]
INFO: Run Common\Behavior\InitHookBehavior [ RunTime:0.002079s ]
INFO: [ app_init ] --END-- [ RunTime:0.002216s ]
NOTIC: [8] Undefined index: router /Applications/XAMPP/xamppfiles/htdocs/yoyo/Application/Common/Common/function.php 第 1936 行.
NOTIC: [8] Undefined index: router /Applications/XAMPP/xamppfiles/htdocs/yoyo/Application/Common/Common/function.php 第 1936 行.
NOTIC: [8] Undefined index: router /Applications/XAMPP/xamppfiles/htdocs/yoyo/Application/Common/Common/function.php 第 1936 行.
NOTIC: [8] Undefined index: router /Applications/XAMPP/xamppfiles/htdocs/yoyo/Application/Common/Common/function.php 第 1936 行.
NOTIC: [8] Undefined index: router /Applications/XAMPP/xamppfiles/htdocs/yoyo/Application/Common/Common/function.php 第 1936 行.
NOTIC: [8] Undefined index: router /Applications/XAMPP/xamppfiles/htdocs/yoyo/Application/Common/Common/function.php 第 1936 行.
SQL: SHOW COLUMNS FROM `ocenter_config` [ RunTime:0.006490s ]
SQL: SELECT `type`,`name`,`value` FROM `ocenter_config` WHERE `status` = 1  [ RunTime:0.000714s ]
INFO: [ app_begin ] --START--
INFO: Run Behavior\ReadHtmlCacheBehavior [ RunTime:0.001248s ]
INFO: Run Behavior\CheckLangBehavior [ RunTime:0.013853s ]
INFO: [ app_begin ] --END-- [ RunTime:0.015313s ]
NOTIC: [8192] mysql_connect(): The mysql extension is deprecated and will be removed in the future: use mysqli or PDO instead /Applications/XAMPP/xamppfiles/htdocs/yoyo/ThinkPHP/Library/Think/Session/Driver/Db.class.php 第 95 行.
SQL: SHOW COLUMNS FROM `ocenter_module` [ RunTime:0.003547s ]
SQL: SELECT `type`,`name`,`value` FROM `ocenter_config` WHERE `status` = 1  [ RunTime:0.000729s ]
SQL: SELECT * FROM `ocenter_module` WHERE `name` = 'Admin' LIMIT 1   [ RunTime:0.000451s ]
INFO: [ action_begin ] --START--
INFO: Run Common\Behavior\InitModuleInfoBehavior [ RunTime:0.000254s ]
INFO: [ action_begin ] --END-- [ RunTime:0.000296s ]
NOTIC: [8] Undefined offset: 1 /Applications/XAMPP/xamppfiles/htdocs/yoyo/Application/Common/Common/user.php 第 79 行.
SQL: SHOW COLUMNS FROM `ocenter_ucenter_member` [ RunTime:0.004531s ]
SQL: SELECT * FROM `ocenter_ucenter_member` WHERE `username` = 'yoyoadmin' LIMIT 1   [ RunTime:0.000764s ]
SQL: SHOW COLUMNS FROM `ocenter_action_limit` [ RunTime:0.004746s ]
NOTIC: [8] Uninitialized string offset: 0 /Applications/XAMPP/xamppfiles/htdocs/yoyo/ThinkPHP/Library/Think/Db.class.php 第 516 行.
SQL: SELECT * FROM `ocenter_action_limit` WHERE ( `action_list` LIKE '%[input_password]%' OR `action_list` = '' ) AND `status` = 1  [ RunTime:0.000563s ]
SQL: SHOW COLUMNS FROM `ocenter_action` [ RunTime:0.003213s ]
SQL: SELECT `id` FROM `ocenter_action` WHERE `name` = 'input_password' LIMIT 1   [ RunTime:0.000429s ]
NOTIC: [2] Invalid argument supplied for foreach() /Applications/XAMPP/xamppfiles/htdocs/yoyo/Application/Common/Common/limit.php 第 61 行.
SQL: UPDATE `ocenter_ucenter_member` SET `last_login_time`=1511055650,`last_login_ip`='2130706433' WHERE `id` = 1 [ RunTime:0.000344s ]
SQL: SHOW COLUMNS FROM `ocenter_member` [ RunTime:0.004226s ]
SQL: SELECT `uid`,`nickname`,`sex`,`trade_count`,`trade_score`,`login`,`reg_ip`,`reg_time`,`last_login_ip`,`last_login_time`,`status`,`last_login_role`,`show_role`,`signature`,`pos_province`,`pos_city`,`pos_district`,`pos_community`,`score1`,`score2`,`score3`,`score4`,`btc_count`,`eth_count`,`btc`,`eth`,`con_check`,`total_check`,`fans`,`trust`,`session_id`,`lang` FROM `ocenter_member` WHERE `uid` = 1 LIMIT 1   [ RunTime:0.000375s ]
SQL: SHOW COLUMNS FROM `ocenter_action` [ RunTime:0.004020s ]
SQL: SELECT * FROM `ocenter_action` WHERE `name` = 'user_login' LIMIT 1   [ RunTime:0.000578s ]
SQL: UPDATE `ocenter_member` SET `login`=`login`+1,`last_login_time`=1511055650,`last_login_ip`='2130706433',`last_login_role`=1,`session_id`='ss078gfqrvopjut44ellp9iuc5' WHERE `uid` = 1 [ RunTime:0.000359s ]
SQL: SHOW COLUMNS FROM `ocenter_user_role` [ RunTime:0.001889s ]
SQL: SELECT `status` FROM `ocenter_user_role` WHERE `uid` = 1 AND `role_id` = 1 LIMIT 1   [ RunTime:0.000255s ]

[ 2017-11-19T09:40:51+08:00 ] 127.0.0.1 /yoyo/index.php?s=/admin/index/index.html
INFO: [ app_init ] --START--
INFO: Run Behavior\BuildLiteBehavior [ RunTime:0.000013s ]
INFO: Run Common\Behavior\InitHookBehavior [ RunTime:0.001114s ]
INFO: [ app_init ] --END-- [ RunTime:0.001209s ]
NOTIC: [8] Undefined index: router /Applications/XAMPP/xamppfiles/htdocs/yoyo/Application/Common/Common/function.php 第 1936 行.
NOTIC: [8] Undefined index: router /Applications/XAMPP/xamppfiles/htdocs/yoyo/Application/Common/Common/function.php 第 1936 行.
NOTIC: [8] Undefined index: router /Applications/XAMPP/xamppfiles/htdocs/yoyo/Application/Common/Common/function.php 第 1936 行.
NOTIC: [8] Undefined index: router /Applications/XAMPP/xamppfiles/htdocs/yoyo/Application/Common/Common/function.php 第 1936 行.
NOTIC: [8] Undefined index: router /Applications/XAMPP/xamppfiles/htdocs/yoyo/Application/Common/Common/function.php 第 1936 行.
NOTIC: [8] Undefined index: router /Applications/XAMPP/xamppfiles/htdocs/yoyo/Application/Common/Common/function.php 第 1936 行.
SQL: SHOW COLUMNS FROM `ocenter_config` [ RunTime:0.002624s ]
SQL: SELECT `type`,`name`,`value` FROM `ocenter_config` WHERE `status` = 1  [ RunTime:0.001625s ]
INFO: [ app_begin ] --START--
INFO: Run Behavior\ReadHtmlCacheBehavior [ RunTime:0.000500s ]
INFO: Run Behavior\CheckLangBehavior [ RunTime:0.014430s ]
INFO: [ app_begin ] --END-- [ RunTime:0.015044s ]
NOTIC: [8192] mysql_connect(): The mysql extension is deprecated and will be removed in the future: use mysqli or PDO instead /Applications/XAMPP/xamppfiles/htdocs/yoyo/ThinkPHP/Library/Think/Session/Driver/Db.class.php 第 95 行.
SQL: SHOW COLUMNS FROM `ocenter_module` [ RunTime:0.002169s ]
SQL: SELECT `type`,`name`,`value` FROM `ocenter_config` WHERE `status` = 1  [ RunTime:0.000369s ]
SQL: SELECT * FROM `ocenter_module` WHERE `name` = 'Admin' LIMIT 1   [ RunTime:0.000248s ]
INFO: [ action_begin ] --START--
INFO: Run Common\Behavior\InitModuleInfoBehavior [ RunTime:0.000149s ]
INFO: [ action_begin ] --END-- [ RunTime:0.000179s ]
SQL: SHOW COLUMNS FROM `ocenter_menu` [ RunTime:0.007573s ]
SQL: SELECT * FROM `ocenter_menu` WHERE `pid` = 0 ORDER BY sort asc  [ RunTime:0.002848s ]
SQL: SELECT DISTINCT  `group` FROM `ocenter_menu` WHERE ( pid = 10000 ) ORDER BY sort asc  [ RunTime:0.001479s ]
SQL: SELECT `id`,`url` FROM `ocenter_menu` WHERE `pid` = 10000 AND `hide` = 0  [ RunTime:0.000284s ]
SQL: SELECT `id`,`pid`,`title`,`url`,`tip` FROM `ocenter_menu` WHERE `group` = '设置' AND `pid` = 10000 AND `hide` = 0 ORDER BY sort asc  [ RunTime:0.000286s ]
SQL: SELECT DISTINCT  `group` FROM `ocenter_menu` WHERE ( pid = 10018 ) ORDER BY sort asc  [ RunTime:0.000255s ]
SQL: SELECT `id`,`url` FROM `ocenter_menu` WHERE `pid` = 10018 AND `hide` = 0  [ RunTime:0.000258s ]
SQL: SELECT `id`,`pid`,`title`,`url`,`tip` FROM `ocenter_menu` WHERE `group` = '设置' AND `pid` = 10018 AND `hide` = 0 ORDER BY sort asc  [ RunTime:0.000317s ]
SQL: SELECT DISTINCT  `group` FROM `ocenter_menu` WHERE ( pid = 13000 ) ORDER BY sort asc  [ RunTime:0.000353s ]
SQL: SELECT `id`,`url` FROM `ocenter_menu` WHERE `pid` = 13000 AND `hide` = 0  [ RunTime:0.000247s ]
SQL: SELECT `id`,`pid`,`title`,`url`,`tip` FROM `ocenter_menu` WHERE `group` = '授权登录' AND `pid` = 13000 AND `hide` = 0 ORDER BY sort asc  [ RunTime:0.000267s ]
SQL: SELECT `id`,`pid`,`title`,`url`,`tip` FROM `ocenter_menu` WHERE `group` = '客户中心' AND `pid` = 13000 AND `hide` = 0 ORDER BY sort asc  [ RunTime:0.000312s ]
SQL: SELECT `id`,`pid`,`title`,`url`,`tip` FROM `ocenter_menu` WHERE `group` = '激活过程' AND `pid` = 13000 AND `hide` = 0 ORDER BY sort asc  [ RunTime:0.000433s ]
SQL: SELECT DISTINCT  `group` FROM `ocenter_menu` WHERE ( pid = 13100 ) ORDER BY sort asc  [ RunTime:0.000566s ]
SQL: SELECT `id`,`url` FROM `ocenter_menu` WHERE `pid` = 13100 AND `hide` = 0  [ RunTime:0.000244s ]
SQL: SELECT `id`,`pid`,`title`,`url`,`tip` FROM `ocenter_menu` WHERE `group` = '交易' AND `pid` = 13100 AND `hide` = 0 ORDER BY sort asc  [ RunTime:0.000279s ]
SQL: SELECT `id`,`pid`,`title`,`url`,`tip` FROM `ocenter_menu` WHERE `group` = '广告' AND `pid` = 13100 AND `hide` = 0 ORDER BY sort asc  [ RunTime:0.000303s ]
SQL: SELECT DISTINCT  `group` FROM `ocenter_menu` WHERE ( pid = 13098 ) ORDER BY sort asc  [ RunTime:0.000242s ]
SQL: SELECT `id`,`url` FROM `ocenter_menu` WHERE `pid` = 13098 AND `hide` = 0  [ RunTime:0.000216s ]
SQL: SELECT `id`,`pid`,`title`,`url`,`tip` FROM `ocenter_menu` WHERE `group` = '工单' AND `pid` = 13098 AND `hide` = 0 ORDER BY sort asc  [ RunTime:0.000280s ]
SQL: SELECT DISTINCT  `group` FROM `ocenter_menu` WHERE ( pid = 1 ) ORDER BY sort asc  [ RunTime:0.001372s ]
SQL: SELECT `id`,`url` FROM `ocenter_menu` WHERE `pid` = 1 AND `hide` = 0  [ RunTime:0.000313s ]
SQL: SELECT `id`,`pid`,`title`,`url`,`tip` FROM `ocenter_menu` WHERE `group` = '模块权限' AND `pid` = 1 AND `hide` = 0 ORDER BY sort asc  [ RunTime:0.000294s ]
SQL: SELECT `id`,`pid`,`title`,`url`,`tip` FROM `ocenter_menu` WHERE `group` = '系统首页' AND `pid` = 1 AND `hide` = 0 ORDER BY sort asc  [ RunTime:0.000311s ]
SQL: SELECT `id`,`pid`,`title`,`url`,`tip` FROM `ocenter_menu` WHERE `group` = '数据统计' AND `pid` = 1 AND `hide` = 0 ORDER BY sort asc  [ RunTime:0.000409s ]
SQL: SELECT DISTINCT  `group` FROM `ocenter_menu` WHERE ( pid = 2 ) ORDER BY sort asc  [ RunTime:0.000358s ]
SQL: SELECT `id`,`url` FROM `ocenter_menu` WHERE `pid` = 2 AND `hide` = 0  [ RunTime:0.000394s ]
SQL: SELECT `id`,`pid`,`title`,`url`,`tip` FROM `ocenter_menu` WHERE `group` = '认证管理' AND `pid` = 2 AND `hide` = 0 ORDER BY sort asc  [ RunTime:0.000349s ]
SQL: SELECT `id`,`pid`,`title`,`url`,`tip` FROM `ocenter_menu` WHERE `group` = '头衔管理' AND `pid` = 2 AND `hide` = 0 ORDER BY sort asc  [ RunTime:0.000317s ]
SQL: SELECT `id`,`pid`,`title`,`url`,`tip` FROM `ocenter_menu` WHERE `group` = '身份管理' AND `pid` = 2 AND `hide` = 0 ORDER BY sort asc  [ RunTime:0.000323s ]
SQL: SELECT `id`,`pid`,`title`,`url`,`tip` FROM `ocenter_menu` WHERE `group` = '用户配置' AND `pid` = 2 AND `hide` = 0 ORDER BY sort asc  [ RunTime:0.000325s ]
SQL: SELECT `id`,`pid`,`title`,`url`,`tip` FROM `ocenter_menu` WHERE `group` = '' AND `pid` = 2 AND `hide` = 0 ORDER BY sort asc  [ RunTime:0.000302s ]
SQL: SELECT `id`,`pid`,`title`,`url`,`tip` FROM `ocenter_menu` WHERE `group` = '标签与资料' AND `pid` = 2 AND `hide` = 0 ORDER BY sort asc  [ RunTime:0.000348s ]
SQL: SELECT DISTINCT  `group` FROM `ocenter_menu` WHERE ( pid = 197 ) ORDER BY sort asc  [ RunTime:0.000331s ]
SQL: SELECT `id`,`url` FROM `ocenter_menu` WHERE `pid` = 197 AND `hide` = 0  [ RunTime:0.000328s ]
SQL: SELECT `id`,`pid`,`title`,`url`,`tip` FROM `ocenter_menu` WHERE `group` = '图片管理' AND `pid` = 197 AND `hide` = 0 ORDER BY sort asc  [ RunTime:0.000357s ]
SQL: SELECT `id`,`pid`,`title`,`url`,`tip` FROM `ocenter_menu` WHERE `group` = '友链与公告' AND `pid` = 197 AND `hide` = 0 ORDER BY sort asc  [ RunTime:0.000321s ]
SQL: SELECT `id`,`pid`,`title`,`url`,`tip` FROM `ocenter_menu` WHERE `group` = '敏感词' AND `pid` = 197 AND `hide` = 0 ORDER BY sort asc  [ RunTime:0.000334s ]
SQL: SELECT `id`,`pid`,`title`,`url`,`tip` FROM `ocenter_menu` WHERE `group` = '广告配置' AND `pid` = 197 AND `hide` = 0 ORDER BY sort asc  [ RunTime:0.000321s ]
SQL: SELECT `id`,`pid`,`title`,`url`,`tip` FROM `ocenter_menu` WHERE `group` = '行为与积分' AND `pid` = 197 AND `hide` = 0 ORDER BY sort asc  [ RunTime:0.000314s ]
SQL: SELECT `id`,`pid`,`title`,`url`,`tip` FROM `ocenter_menu` WHERE `group` = '表情管理' AND `pid` = 197 AND `hide` = 0 ORDER BY sort asc  [ RunTime:0.000406s ]
SQL: SELECT `id`,`pid`,`title`,`url`,`tip` FROM `ocenter_menu` WHERE `group` = '群发消息' AND `pid` = 197 AND `hide` = 0 ORDER BY sort asc  [ RunTime:0.000325s ]
SQL: SELECT `id`,`pid`,`title`,`url`,`tip` FROM `ocenter_menu` WHERE `group` = '' AND `pid` = 197 AND `hide` = 0 ORDER BY sort asc  [ RunTime:0.000320s ]
SQL: SELECT `id`,`pid`,`title`,`url`,`tip` FROM `ocenter_menu` WHERE `group` = 'SEO管理' AND `pid` = 197 AND `hide` = 0 ORDER BY sort asc  [ RunTime:0.000476s ]
SQL: SELECT `id`,`pid`,`title`,`url`,`tip` FROM `ocenter_menu` WHERE `group` = '邀请注册管理' AND `pid` = 197 AND `hide` = 0 ORDER BY sort asc  [ RunTime:0.000562s ]
SQL: SELECT DISTINCT  `group` FROM `ocenter_menu` WHERE ( pid = 109 ) ORDER BY sort asc  [ RunTime:0.000348s ]
SQL: SELECT `id`,`url` FROM `ocenter_menu` WHERE `pid` = 109 AND `hide` = 0  [ RunTime:0.000229s ]
SQL: SELECT `id`,`pid`,`title`,`url`,`tip` FROM `ocenter_menu` WHERE `group` = '单点登录' AND `pid` = 109 AND `hide` = 0 ORDER BY sort asc  [ RunTime:0.000266s ]
SQL: SELECT DISTINCT  `group` FROM `ocenter_menu` WHERE ( pid = 74 ) ORDER BY sort asc  [ RunTime:0.000290s ]
SQL: SELECT `id`,`url` FROM `ocenter_menu` WHERE `pid` = 74 AND `hide` = 0  [ RunTime:0.000268s ]
SQL: SELECT `id`,`pid`,`title`,`url`,`tip` FROM `ocenter_menu` WHERE `group` = '消息管理' AND `pid` = 74 AND `hide` = 0 ORDER BY sort asc  [ RunTime:0.000278s ]
SQL: SELECT `id`,`pid`,`title`,`url`,`tip` FROM `ocenter_menu` WHERE `group` = '网站设置' AND `pid` = 74 AND `hide` = 0 ORDER BY sort asc  [ RunTime:0.000330s ]
SQL: SELECT `id`,`pid`,`title`,`url`,`tip` FROM `ocenter_menu` WHERE `group` = '导航管理' AND `pid` = 74 AND `hide` = 0 ORDER BY sort asc  [ RunTime:0.000305s ]
SQL: SELECT `id`,`pid`,`title`,`url`,`tip` FROM `ocenter_menu` WHERE `group` = '网站数据管理' AND `pid` = 74 AND `hide` = 0 ORDER BY sort asc  [ RunTime:0.000273s ]
SQL: SELECT `id`,`pid`,`title`,`url`,`tip` FROM `ocenter_menu` WHERE `group` = '升级补丁' AND `pid` = 74 AND `hide` = 0 ORDER BY sort asc  [ RunTime:0.000293s ]
SQL: SELECT `id`,`pid`,`title`,`url`,`tip` FROM `ocenter_menu` WHERE `group` = '群发消息' AND `pid` = 74 AND `hide` = 0 ORDER BY sort asc  [ RunTime:0.000281s ]
SQL: SELECT `id`,`pid`,`title`,`url`,`tip` FROM `ocenter_menu` WHERE `group` = '计划任务' AND `pid` = 74 AND `hide` = 0 ORDER BY sort asc  [ RunTime:0.000304s ]
SQL: SELECT DISTINCT  `group` FROM `ocenter_menu` WHERE ( pid = 13171 ) ORDER BY sort asc  [ RunTime:0.000351s ]
SQL: SELECT `id`,`url` FROM `ocenter_menu` WHERE `pid` = 13171 AND `hide` = 0  [ RunTime:0.000301s ]
SQL: SELECT `id`,`pid`,`title`,`url`,`tip` FROM `ocenter_menu` WHERE `group` = '圈子管理' AND `pid` = 13171 AND `hide` = 0 ORDER BY sort asc  [ RunTime:0.000503s ]
SQL: SELECT `id`,`pid`,`title`,`url`,`tip` FROM `ocenter_menu` WHERE `group` = '' AND `pid` = 13171 AND `hide` = 0 ORDER BY sort asc  [ RunTime:0.000341s ]
SQL: SELECT `id`,`pid`,`title`,`url`,`tip` FROM `ocenter_menu` WHERE `group` = '设置' AND `pid` = 13171 AND `hide` = 0 ORDER BY sort asc  [ RunTime:0.000307s ]
SQL: SELECT `id`,`pid`,`title`,`url`,`tip` FROM `ocenter_menu` WHERE `group` = '图章管理' AND `pid` = 13171 AND `hide` = 0 ORDER BY sort asc  [ RunTime:0.000343s ]
SQL: SELECT `id`,`pid`,`title`,`url`,`tip` FROM `ocenter_menu` WHERE `group` = '话题管理' AND `pid` = 13171 AND `hide` = 0 ORDER BY sort asc  [ RunTime:0.000366s ]
SQL: SELECT `id`,`pid`,`title`,`url`,`tip` FROM `ocenter_menu` WHERE `group` = '微博' AND `pid` = 13171 AND `hide` = 0 ORDER BY sort asc  [ RunTime:0.000310s ]
SQL: SELECT `id`,`pid`,`title`,`url`,`tip` FROM `ocenter_menu` WHERE `group` = '回复' AND `pid` = 13171 AND `hide` = 0 ORDER BY sort asc  [ RunTime:0.000335s ]
SQL: SELECT DISTINCT  `group` FROM `ocenter_menu` WHERE ( pid = 105 ) ORDER BY sort asc  [ RunTime:0.000295s ]
SQL: SELECT `id`,`url` FROM `ocenter_menu` WHERE `pid` = 105 AND `hide` = 0  [ RunTime:0.000235s ]
SQL: SELECT `id`,`pid`,`title`,`url`,`tip` FROM `ocenter_menu` WHERE `group` = '云市场' AND `pid` = 105 AND `hide` = 0 ORDER BY sort asc  [ RunTime:0.000289s ]
SQL: SELECT `id`,`pid`,`title`,`url`,`tip` FROM `ocenter_menu` WHERE `group` = '本地' AND `pid` = 105 AND `hide` = 0 ORDER BY sort asc  [ RunTime:0.000265s ]
SQL: SHOW COLUMNS FROM `ocenter_addons` [ RunTime:0.004397s ]
SQL: SELECT `title`,`name` FROM `ocenter_addons` WHERE ( status=1 AND has_adminlist=1 )  [ RunTime:0.000274s ]
SQL: SELECT DISTINCT  `group` FROM `ocenter_menu` WHERE ( pid = 10016 ) ORDER BY sort asc  [ RunTime:0.000313s ]
SQL: SELECT `id`,`url` FROM `ocenter_menu` WHERE `pid` = 10016 AND `hide` = 0  [ RunTime:0.000259s ]
SQL: SELECT `id`,`pid`,`title`,`url`,`tip` FROM `ocenter_menu` WHERE `group` = '配置' AND `pid` = 10016 AND `hide` = 0 ORDER BY sort asc  [ RunTime:0.000272s ]
SQL: SELECT DISTINCT  `group` FROM `ocenter_menu` WHERE ( pid = 13030 ) ORDER BY sort asc  [ RunTime:0.000253s ]
SQL: SELECT `id`,`url` FROM `ocenter_menu` WHERE `pid` = 13030 AND `hide` = 0  [ RunTime:0.000221s ]
SQL: SELECT `id`,`pid`,`title`,`url`,`tip` FROM `ocenter_menu` WHERE `group` = '资讯管理' AND `pid` = 13030 AND `hide` = 0 ORDER BY sort asc  [ RunTime:0.000276s ]
SQL: SELECT `id`,`pid`,`title`,`url`,`tip` FROM `ocenter_menu` WHERE `group` = '资讯配置' AND `pid` = 13030 AND `hide` = 0 ORDER BY sort asc  [ RunTime:0.000237s ]
SQL: SELECT DISTINCT  `group` FROM `ocenter_menu` WHERE ( pid = 13042 ) ORDER BY sort asc  [ RunTime:0.000254s ]
SQL: SELECT `id`,`url` FROM `ocenter_menu` WHERE `pid` = 13042 AND `hide` = 0  [ RunTime:0.000212s ]
SQL: SELECT `id`,`pid`,`title`,`url`,`tip` FROM `ocenter_menu` WHERE `group` = '分类管理' AND `pid` = 13042 AND `hide` = 0 ORDER BY sort asc  [ RunTime:0.000272s ]
SQL: SELECT `id`,`pid`,`title`,`url`,`tip` FROM `ocenter_menu` WHERE `group` = '板块' AND `pid` = 13042 AND `hide` = 0 ORDER BY sort asc  [ RunTime:0.000283s ]
SQL: SELECT `id`,`pid`,`title`,`url`,`tip` FROM `ocenter_menu` WHERE `group` = '帖子' AND `pid` = 13042 AND `hide` = 0 ORDER BY sort asc  [ RunTime:0.000370s ]
SQL: SELECT `id`,`pid`,`title`,`url`,`tip` FROM `ocenter_menu` WHERE `group` = '回复' AND `pid` = 13042 AND `hide` = 0 ORDER BY sort asc  [ RunTime:0.000334s ]
SQL: SELECT `id`,`pid`,`title`,`url`,`tip` FROM `ocenter_menu` WHERE `group` = '设置' AND `pid` = 13042 AND `hide` = 0 ORDER BY sort asc  [ RunTime:0.000322s ]
SQL: SELECT DISTINCT  `group` FROM `ocenter_menu` WHERE ( pid = 13061 ) ORDER BY sort asc  [ RunTime:0.000281s ]
SQL: SELECT `id`,`url` FROM `ocenter_menu` WHERE `pid` = 13061 AND `hide` = 0  [ RunTime:0.000266s ]
SQL: SELECT `id`,`pid`,`title`,`url`,`tip` FROM `ocenter_menu` WHERE `group` = '话题设置' AND `pid` = 13061 AND `hide` = 0 ORDER BY sort asc  [ RunTime:0.000287s ]
SQL: SELECT `id`,`pid`,`title`,`url`,`tip` FROM `ocenter_menu` WHERE `group` = '配置管理' AND `pid` = 13061 AND `hide` = 0 ORDER BY sort asc  [ RunTime:0.000256s ]
SQL: SELECT `id`,`pid`,`title`,`url`,`tip` FROM `ocenter_menu` WHERE `group` = '问答管理' AND `pid` = 13061 AND `hide` = 0 ORDER BY sort asc  [ RunTime:0.000263s ]
SQL: SELECT `id` FROM `ocenter_menu` WHERE ( url like 'Index/index%' OR url like '%/Index/index%'   ) LIMIT 1   [ RunTime:0.000269s ]
SQL: SHOW COLUMNS FROM `ocenter_menu` [ RunTime:0.002200s ]
SQL: SELECT `id`,`pid`,`title`,`url` FROM `ocenter_menu` WHERE ( id=1 ) LIMIT 1   [ RunTime:0.000258s ]
SQL: SELECT DISTINCT  `group` FROM `ocenter_menu` WHERE ( pid = 1 ) ORDER BY sort asc  [ RunTime:0.000346s ]
SQL: SELECT `id`,`url` FROM `ocenter_menu` WHERE `pid` = 1 AND `hide` = 0  [ RunTime:0.000301s ]
SQL: SELECT `id`,`pid`,`title`,`url`,`tip`,`module` FROM `ocenter_menu` WHERE `group` = '模块权限' AND `pid` = 1 AND `hide` = 0 ORDER BY sort asc  [ RunTime:0.000376s ]
NOTIC: [8] Undefined index: module /Applications/XAMPP/xamppfiles/htdocs/yoyo/Application/Admin/Controller/AdminController.class.php 第 477 行.
SQL: SELECT `id`,`pid`,`title`,`url`,`tip`,`module` FROM `ocenter_menu` WHERE `group` = '系统首页' AND `pid` = 1 AND `hide` = 0 ORDER BY sort asc  [ RunTime:0.000305s ]
SQL: SELECT `id`,`pid`,`title`,`url`,`tip`,`module` FROM `ocenter_menu` WHERE `group` = '数据统计' AND `pid` = 1 AND `hide` = 0 ORDER BY sort asc  [ RunTime:0.000310s ]
SQL: SHOW COLUMNS FROM `ocenter_module` [ RunTime:0.001532s ]
SQL: SELECT * FROM `ocenter_menu` WHERE `module` = 'Ad' AND `pid` = 0 LIMIT 1   [ RunTime:0.000320s ]
SQL: SELECT * FROM `ocenter_menu` WHERE `module` = 'Bclient' AND `pid` = 0 LIMIT 1   [ RunTime:0.000232s ]
SQL: SELECT DISTINCT  `group` FROM `ocenter_menu` WHERE ( pid = 13000 ) ORDER BY sort asc  [ RunTime:0.000287s ]
SQL: SELECT `id`,`url` FROM `ocenter_menu` WHERE `pid` = 13000 AND `hide` = 0  [ RunTime:0.000220s ]
SQL: SELECT `id`,`pid`,`title`,`url`,`tip` FROM `ocenter_menu` WHERE `group` = '授权登录' AND `pid` = 13000 AND `hide` = 0 ORDER BY sort asc  [ RunTime:0.000246s ]
SQL: SELECT `id`,`pid`,`title`,`url`,`tip` FROM `ocenter_menu` WHERE `group` = '客户中心' AND `pid` = 13000 AND `hide` = 0 ORDER BY sort asc  [ RunTime:0.000281s ]
SQL: SELECT `id`,`pid`,`title`,`url`,`tip` FROM `ocenter_menu` WHERE `group` = '激活过程' AND `pid` = 13000 AND `hide` = 0 ORDER BY sort asc  [ RunTime:0.000440s ]
SQL: SELECT * FROM `ocenter_menu` WHERE `module` = 'Coin' AND `pid` = 0 LIMIT 1   [ RunTime:0.000352s ]
SQL: SELECT DISTINCT  `group` FROM `ocenter_menu` WHERE ( pid = 13100 ) ORDER BY sort asc  [ RunTime:0.000247s ]
SQL: SELECT `id`,`url` FROM `ocenter_menu` WHERE `pid` = 13100 AND `hide` = 0  [ RunTime:0.000239s ]
SQL: SELECT `id`,`pid`,`title`,`url`,`tip` FROM `ocenter_menu` WHERE `group` = '交易' AND `pid` = 13100 AND `hide` = 0 ORDER BY sort asc  [ RunTime:0.000252s ]
SQL: SELECT `id`,`pid`,`title`,`url`,`tip` FROM `ocenter_menu` WHERE `group` = '广告' AND `pid` = 13100 AND `hide` = 0 ORDER BY sort asc  [ RunTime:0.000245s ]
SQL: SELECT * FROM `ocenter_menu` WHERE `module` = 'Forum' AND `pid` = 0 LIMIT 1   [ RunTime:0.000282s ]
SQL: SELECT DISTINCT  `group` FROM `ocenter_menu` WHERE ( pid = 13042 ) ORDER BY sort asc  [ RunTime:0.000257s ]
SQL: SELECT `id`,`url` FROM `ocenter_menu` WHERE `pid` = 13042 AND `hide` = 0  [ RunTime:0.000267s ]
SQL: SELECT `id`,`pid`,`title`,`url`,`tip` FROM `ocenter_menu` WHERE `group` = '分类管理' AND `pid` = 13042 AND `hide` = 0 ORDER BY sort asc  [ RunTime:0.000248s ]
SQL: SELECT `id`,`pid`,`title`,`url`,`tip` FROM `ocenter_menu` WHERE `group` = '板块' AND `pid` = 13042 AND `hide` = 0 ORDER BY sort asc  [ RunTime:0.000290s ]
SQL: SELECT `id`,`pid`,`title`,`url`,`tip` FROM `ocenter_menu` WHERE `group` = '帖子' AND `pid` = 13042 AND `hide` = 0 ORDER BY sort asc  [ RunTime:0.000250s ]
SQL: SELECT `id`,`pid`,`title`,`url`,`tip` FROM `ocenter_menu` WHERE `group` = '回复' AND `pid` = 13042 AND `hide` = 0 ORDER BY sort asc  [ RunTime:0.000283s ]
SQL: SELECT `id`,`pid`,`title`,`url`,`tip` FROM `ocenter_menu` WHERE `group` = '设置' AND `pid` = 13042 AND `hide` = 0 ORDER BY sort asc  [ RunTime:0.000253s ]
SQL: SELECT * FROM `ocenter_menu` WHERE `module` = 'Help' AND `pid` = 0 LIMIT 1   [ RunTime:0.000286s ]
SQL: SELECT DISTINCT  `group` FROM `ocenter_menu` WHERE ( pid = 13098 ) ORDER BY sort asc  [ RunTime:0.000238s ]
SQL: SELECT `id`,`url` FROM `ocenter_menu` WHERE `pid` = 13098 AND `hide` = 0  [ RunTime:0.000233s ]
SQL: SELECT `id`,`pid`,`title`,`url`,`tip` FROM `ocenter_menu` WHERE `group` = '工单' AND `pid` = 13098 AND `hide` = 0 ORDER BY sort asc  [ RunTime:0.000259s ]
SQL: SELECT * FROM `ocenter_menu` WHERE `module` = 'Home' AND `pid` = 0 LIMIT 1   [ RunTime:0.000283s ]
SQL: SELECT DISTINCT  `group` FROM `ocenter_menu` WHERE ( pid = 10000 ) ORDER BY sort asc  [ RunTime:0.000249s ]
SQL: SELECT `id`,`url` FROM `ocenter_menu` WHERE `pid` = 10000 AND `hide` = 0  [ RunTime:0.000238s ]
SQL: SELECT `id`,`pid`,`title`,`url`,`tip` FROM `ocenter_menu` WHERE `group` = '设置' AND `pid` = 10000 AND `hide` = 0 ORDER BY sort asc  [ RunTime:0.000285s ]
SQL: SELECT * FROM `ocenter_menu` WHERE `module` = 'Mob' AND `pid` = 0 LIMIT 1   [ RunTime:0.000264s ]
SQL: SELECT DISTINCT  `group` FROM `ocenter_menu` WHERE ( pid = 10018 ) ORDER BY sort asc  [ RunTime:0.000324s ]
SQL: SELECT `id`,`url` FROM `ocenter_menu` WHERE `pid` = 10018 AND `hide` = 0  [ RunTime:0.000458s ]
SQL: SELECT `id`,`pid`,`title`,`url`,`tip` FROM `ocenter_menu` WHERE `group` = '设置' AND `pid` = 10018 AND `hide` = 0 ORDER BY sort asc  [ RunTime:0.000271s ]
SQL: SELECT * FROM `ocenter_menu` WHERE `module` = 'News' AND `pid` = 0 LIMIT 1   [ RunTime:0.000283s ]
SQL: SELECT DISTINCT  `group` FROM `ocenter_menu` WHERE ( pid = 13030 ) ORDER BY sort asc  [ RunTime:0.000275s ]
SQL: SELECT `id`,`url` FROM `ocenter_menu` WHERE `pid` = 13030 AND `hide` = 0  [ RunTime:0.000250s ]
SQL: SELECT `id`,`pid`,`title`,`url`,`tip` FROM `ocenter_menu` WHERE `group` = '资讯管理' AND `pid` = 13030 AND `hide` = 0 ORDER BY sort asc  [ RunTime:0.000251s ]
SQL: SELECT `id`,`pid`,`title`,`url`,`tip` FROM `ocenter_menu` WHERE `group` = '资讯配置' AND `pid` = 13030 AND `hide` = 0 ORDER BY sort asc  [ RunTime:0.000284s ]
SQL: SELECT * FROM `ocenter_menu` WHERE `module` = 'People' AND `pid` = 0 LIMIT 1   [ RunTime:0.000283s ]
SQL: SELECT DISTINCT  `group` FROM `ocenter_menu` WHERE ( pid = 10016 ) ORDER BY sort asc  [ RunTime:0.000237s ]
SQL: SELECT `id`,`url` FROM `ocenter_menu` WHERE `pid` = 10016 AND `hide` = 0  [ RunTime:0.000235s ]
SQL: SELECT `id`,`pid`,`title`,`url`,`tip` FROM `ocenter_menu` WHERE `group` = '配置' AND `pid` = 10016 AND `hide` = 0 ORDER BY sort asc  [ RunTime:0.000251s ]
SQL: SELECT * FROM `ocenter_menu` WHERE `module` = 'Question' AND `pid` = 0 LIMIT 1   [ RunTime:0.000287s ]
SQL: SELECT DISTINCT  `group` FROM `ocenter_menu` WHERE ( pid = 13061 ) ORDER BY sort asc  [ RunTime:0.000264s ]
SQL: SELECT `id`,`url` FROM `ocenter_menu` WHERE `pid` = 13061 AND `hide` = 0  [ RunTime:0.000242s ]
SQL: SELECT `id`,`pid`,`title`,`url`,`tip` FROM `ocenter_menu` WHERE `group` = '话题设置' AND `pid` = 13061 AND `hide` = 0 ORDER BY sort asc  [ RunTime:0.000304s ]
SQL: SELECT `id`,`pid`,`title`,`url`,`tip` FROM `ocenter_menu` WHERE `group` = '配置管理' AND `pid` = 13061 AND `hide` = 0 ORDER BY sort asc  [ RunTime:0.000296s ]
SQL: SELECT `id`,`pid`,`title`,`url`,`tip` FROM `ocenter_menu` WHERE `group` = '问答管理' AND `pid` = 13061 AND `hide` = 0 ORDER BY sort asc  [ RunTime:0.000341s ]
SQL: SELECT * FROM `ocenter_menu` WHERE `module` = 'Ucenter' AND `pid` = 0 LIMIT 1   [ RunTime:0.000324s ]
SQL: SELECT * FROM `ocenter_menu` WHERE `module` = 'Weibo' AND `pid` = 0 LIMIT 1   [ RunTime:0.000294s ]
SQL: SELECT DISTINCT  `group` FROM `ocenter_menu` WHERE ( pid = 13171 ) ORDER BY sort asc  [ RunTime:0.000319s ]
SQL: SELECT `id`,`url` FROM `ocenter_menu` WHERE `pid` = 13171 AND `hide` = 0  [ RunTime:0.000309s ]
SQL: SELECT `id`,`pid`,`title`,`url`,`tip` FROM `ocenter_menu` WHERE `group` = '圈子管理' AND `pid` = 13171 AND `hide` = 0 ORDER BY sort asc  [ RunTime:0.000421s ]
SQL: SELECT `id`,`pid`,`title`,`url`,`tip` FROM `ocenter_menu` WHERE `group` = '' AND `pid` = 13171 AND `hide` = 0 ORDER BY sort asc  [ RunTime:0.000311s ]
SQL: SELECT `id`,`pid`,`title`,`url`,`tip` FROM `ocenter_menu` WHERE `group` = '设置' AND `pid` = 13171 AND `hide` = 0 ORDER BY sort asc  [ RunTime:0.000325s ]
SQL: SELECT `id`,`pid`,`title`,`url`,`tip` FROM `ocenter_menu` WHERE `group` = '图章管理' AND `pid` = 13171 AND `hide` = 0 ORDER BY sort asc  [ RunTime:0.000292s ]
SQL: SELECT `id`,`pid`,`title`,`url`,`tip` FROM `ocenter_menu` WHERE `group` = '话题管理' AND `pid` = 13171 AND `hide` = 0 ORDER BY sort asc  [ RunTime:0.000331s ]
SQL: SELECT `id`,`pid`,`title`,`url`,`tip` FROM `ocenter_menu` WHERE `group` = '微博' AND `pid` = 13171 AND `hide` = 0 ORDER BY sort asc  [ RunTime:0.000292s ]
SQL: SELECT `id`,`pid`,`title`,`url`,`tip` FROM `ocenter_menu` WHERE `group` = '回复' AND `pid` = 13171 AND `hide` = 0 ORDER BY sort asc  [ RunTime:0.000328s ]
SQL: SHOW COLUMNS FROM `ocenter_addons` [ RunTime:0.001815s ]
SQL: SHOW COLUMNS FROM `ocenter_version` [ RunTime:0.004599s ]
SQL: SELECT * FROM `ocenter_version` ORDER BY number asc  [ RunTime:0.000231s ]
SQL: SELECT * FROM `ocenter_version` WHERE `name` = '5.1.0' LIMIT 1   [ RunTime:0.000227s ]
NOTIC: [2] Invalid argument supplied for foreach() /Applications/XAMPP/xamppfiles/htdocs/yoyo/Application/Admin/Model/VersionModel.class.php 第 91 行.
SQL: SHOW COLUMNS FROM `ocenter_tile` [ RunTime:0.004957s ]
SQL: SELECT * FROM `ocenter_tile` WHERE `status` = 1 ORDER BY sort asc  [ RunTime:0.001485s ]
INFO: [ view_parse ] --START--
INFO: [ template_filter ] --START--
INFO: Run Behavior\ContentReplaceBehavior [ RunTime:0.000560s ]
INFO: [ template_filter ] --END-- [ RunTime:0.000613s ]
SQL: SELECT `value` FROM `ocenter_config` WHERE `name` = '_CONFIG_LOGO' LIMIT 1   [ RunTime:0.000259s ]
NOTIC: [8] Undefined index: admin_entry /Applications/XAMPP/xamppfiles/htdocs/yoyo/Runtime/Cache/Admin/085b574956cdc611cfedaace62cf4e64.php 第 188 行.
NOTIC: [8] Undefined index: admin_entry /Applications/XAMPP/xamppfiles/htdocs/yoyo/Runtime/Cache/Admin/085b574956cdc611cfedaace62cf4e64.php 第 188 行.
NOTIC: [8] Undefined index: admin_entry /Applications/XAMPP/xamppfiles/htdocs/yoyo/Runtime/Cache/Admin/085b574956cdc611cfedaace62cf4e64.php 第 188 行.
SQL: select version() as v; [ RunTime:0.001306s ]
NOTIC: [8] Undefined variable: addons_config /Applications/XAMPP/xamppfiles/htdocs/yoyo/Runtime/Cache/Admin/085b574956cdc611cfedaace62cf4e64.php 第 541 行.
NOTIC: [8] Undefined variable: count /Applications/XAMPP/xamppfiles/htdocs/yoyo/Runtime/Cache/Admin/085b574956cdc611cfedaace62cf4e64.php 第 580 行.
NOTIC: [8] Undefined variable: count /Applications/XAMPP/xamppfiles/htdocs/yoyo/Runtime/Cache/Admin/085b574956cdc611cfedaace62cf4e64.php 第 584 行.
NOTIC: [8] Undefined variable: count /Applications/XAMPP/xamppfiles/htdocs/yoyo/Runtime/Cache/Admin/085b574956cdc611cfedaace62cf4e64.php 第 601 行.
NOTIC: [8] Undefined variable: report /Applications/XAMPP/xamppfiles/htdocs/yoyo/Runtime/Cache/Admin/085b574956cdc611cfedaace62cf4e64.php 第 818 行.
NOTIC: [8] Undefined variable: count /Applications/XAMPP/xamppfiles/htdocs/yoyo/Runtime/Cache/Admin/085b574956cdc611cfedaace62cf4e64.php 第 1029 行.
INFO: Run Behavior\ParseTemplateBehavior [ RunTime:0.047156s ]
INFO: [ view_parse ] --END-- [ RunTime:0.047199s ]
INFO: [ view_filter ] --START--
INFO: Run Behavior\WriteHtmlCacheBehavior [ RunTime:0.000226s ]
INFO: [ view_filter ] --END-- [ RunTime:0.000283s ]
INFO: [ app_end ] --START--
INFO: Run Behavior\ShowPageTraceBehavior [ RunTime:0.000632s ]
INFO: [ app_end ] --END-- [ RunTime:0.000679s ]

[ 2017-11-19T09:41:03+08:00 ] 127.0.0.1 /yoyo/index.php?s=/admin/attest/attesttypes.html
INFO: [ app_init ] --START--
INFO: Run Behavior\BuildLiteBehavior [ RunTime:0.000011s ]
INFO: Run Common\Behavior\InitHookBehavior [ RunTime:0.000843s ]
INFO: [ app_init ] --END-- [ RunTime:0.000926s ]
NOTIC: [8] Undefined index: router /Applications/XAMPP/xamppfiles/htdocs/yoyo/Application/Common/Common/function.php 第 1936 行.
NOTIC: [8] Undefined index: router /Applications/XAMPP/xamppfiles/htdocs/yoyo/Application/Common/Common/function.php 第 1936 行.
NOTIC: [8] Undefined index: router /Applications/XAMPP/xamppfiles/htdocs/yoyo/Application/Common/Common/function.php 第 1936 行.
NOTIC: [8] Undefined index: router /Applications/XAMPP/xamppfiles/htdocs/yoyo/Application/Common/Common/function.php 第 1936 行.
NOTIC: [8] Undefined index: router /Applications/XAMPP/xamppfiles/htdocs/yoyo/Application/Common/Common/function.php 第 1936 行.
NOTIC: [8] Undefined index: router /Applications/XAMPP/xamppfiles/htdocs/yoyo/Application/Common/Common/function.php 第 1936 行.
SQL: SHOW COLUMNS FROM `ocenter_config` [ RunTime:0.002044s ]
SQL: SELECT `type`,`name`,`value` FROM `ocenter_config` WHERE `status` = 1  [ RunTime:0.000377s ]
INFO: [ app_begin ] --START--
INFO: Run Behavior\ReadHtmlCacheBehavior [ RunTime:0.000332s ]
INFO: Run Behavior\CheckLangBehavior [ RunTime:0.013705s ]
INFO: [ app_begin ] --END-- [ RunTime:0.014119s ]
NOTIC: [8192] mysql_connect(): The mysql extension is deprecated and will be removed in the future: use mysqli or PDO instead /Applications/XAMPP/xamppfiles/htdocs/yoyo/ThinkPHP/Library/Think/Session/Driver/Db.class.php 第 95 行.
SQL: SHOW COLUMNS FROM `ocenter_module` [ RunTime:0.002437s ]
SQL: SELECT `type`,`name`,`value` FROM `ocenter_config` WHERE `status` = 1  [ RunTime:0.000375s ]
SQL: SELECT * FROM `ocenter_module` WHERE `name` = 'Admin' LIMIT 1   [ RunTime:0.000270s ]
INFO: [ action_begin ] --START--
INFO: Run Common\Behavior\InitModuleInfoBehavior [ RunTime:0.000162s ]
INFO: [ action_begin ] --END-- [ RunTime:0.000195s ]
SQL: SHOW COLUMNS FROM `ocenter_menu` [ RunTime:0.003373s ]
SQL: SELECT * FROM `ocenter_menu` WHERE `pid` = 0 ORDER BY sort asc  [ RunTime:0.000471s ]
SQL: SELECT DISTINCT  `group` FROM `ocenter_menu` WHERE ( pid = 10000 ) ORDER BY sort asc  [ RunTime:0.000312s ]
SQL: SELECT `id`,`url` FROM `ocenter_menu` WHERE `pid` = 10000 AND `hide` = 0  [ RunTime:0.000286s ]
SQL: SELECT `id`,`pid`,`title`,`url`,`tip` FROM `ocenter_menu` WHERE `group` = '设置' AND `pid` = 10000 AND `hide` = 0 ORDER BY sort asc  [ RunTime:0.000330s ]
SQL: SELECT DISTINCT  `group` FROM `ocenter_menu` WHERE ( pid = 10018 ) ORDER BY sort asc  [ RunTime:0.000400s ]
SQL: SELECT `id`,`url` FROM `ocenter_menu` WHERE `pid` = 10018 AND `hide` = 0  [ RunTime:0.000250s ]
SQL: SELECT `id`,`pid`,`title`,`url`,`tip` FROM `ocenter_menu` WHERE `group` = '设置' AND `pid` = 10018 AND `hide` = 0 ORDER BY sort asc  [ RunTime:0.000252s ]
SQL: SELECT DISTINCT  `group` FROM `ocenter_menu` WHERE ( pid = 13000 ) ORDER BY sort asc  [ RunTime:0.000248s ]
SQL: SELECT `id`,`url` FROM `ocenter_menu` WHERE `pid` = 13000 AND `hide` = 0  [ RunTime:0.000225s ]
SQL: SELECT `id`,`pid`,`title`,`url`,`tip` FROM `ocenter_menu` WHERE `group` = '授权登录' AND `pid` = 13000 AND `hide` = 0 ORDER BY sort asc  [ RunTime:0.000239s ]
SQL: SELECT `id`,`pid`,`title`,`url`,`tip` FROM `ocenter_menu` WHERE `group` = '客户中心' AND `pid` = 13000 AND `hide` = 0 ORDER BY sort asc  [ RunTime:0.000255s ]
SQL: SELECT `id`,`pid`,`title`,`url`,`tip` FROM `ocenter_menu` WHERE `group` = '激活过程' AND `pid` = 13000 AND `hide` = 0 ORDER BY sort asc  [ RunTime:0.000382s ]
SQL: SELECT DISTINCT  `group` FROM `ocenter_menu` WHERE ( pid = 13100 ) ORDER BY sort asc  [ RunTime:0.000266s ]
SQL: SELECT `id`,`url` FROM `ocenter_menu` WHERE `pid` = 13100 AND `hide` = 0  [ RunTime:0.000244s ]
SQL: SELECT `id`,`pid`,`title`,`url`,`tip` FROM `ocenter_menu` WHERE `group` = '交易' AND `pid` = 13100 AND `hide` = 0 ORDER BY sort asc  [ RunTime:0.000241s ]
SQL: SELECT `id`,`pid`,`title`,`url`,`tip` FROM `ocenter_menu` WHERE `group` = '广告' AND `pid` = 13100 AND `hide` = 0 ORDER BY sort asc  [ RunTime:0.000289s ]
SQL: SELECT DISTINCT  `group` FROM `ocenter_menu` WHERE ( pid = 13098 ) ORDER BY sort asc  [ RunTime:0.000265s ]
SQL: SELECT `id`,`url` FROM `ocenter_menu` WHERE `pid` = 13098 AND `hide` = 0  [ RunTime:0.000217s ]
SQL: SELECT `id`,`pid`,`title`,`url`,`tip` FROM `ocenter_menu` WHERE `group` = '工单' AND `pid` = 13098 AND `hide` = 0 ORDER BY sort asc  [ RunTime:0.000257s ]
SQL: SELECT DISTINCT  `group` FROM `ocenter_menu` WHERE ( pid = 1 ) ORDER BY sort asc  [ RunTime:0.000358s ]
SQL: SELECT `id`,`url` FROM `ocenter_menu` WHERE `pid` = 1 AND `hide` = 0  [ RunTime:0.000250s ]
SQL: SELECT `id`,`pid`,`title`,`url`,`tip` FROM `ocenter_menu` WHERE `group` = '模块权限' AND `pid` = 1 AND `hide` = 0 ORDER BY sort asc  [ RunTime:0.000279s ]
SQL: SELECT `id`,`pid`,`title`,`url`,`tip` FROM `ocenter_menu` WHERE `group` = '系统首页' AND `pid` = 1 AND `hide` = 0 ORDER BY sort asc  [ RunTime:0.000286s ]
SQL: SELECT `id`,`pid`,`title`,`url`,`tip` FROM `ocenter_menu` WHERE `group` = '数据统计' AND `pid` = 1 AND `hide` = 0 ORDER BY sort asc  [ RunTime:0.000291s ]
SQL: SELECT DISTINCT  `group` FROM `ocenter_menu` WHERE ( pid = 2 ) ORDER BY sort asc  [ RunTime:0.000328s ]
SQL: SELECT `id`,`url` FROM `ocenter_menu` WHERE `pid` = 2 AND `hide` = 0  [ RunTime:0.000273s ]
SQL: SELECT `id`,`pid`,`title`,`url`,`tip` FROM `ocenter_menu` WHERE `group` = '认证管理' AND `pid` = 2 AND `hide` = 0 ORDER BY sort asc  [ RunTime:0.000347s ]
SQL: SELECT `id`,`pid`,`title`,`url`,`tip` FROM `ocenter_menu` WHERE `group` = '头衔管理' AND `pid` = 2 AND `hide` = 0 ORDER BY sort asc  [ RunTime:0.000357s ]
SQL: SELECT `id`,`pid`,`title`,`url`,`tip` FROM `ocenter_menu` WHERE `group` = '身份管理' AND `pid` = 2 AND `hide` = 0 ORDER BY sort asc  [ RunTime:0.000362s ]
SQL: SELECT `id`,`pid`,`title`,`url`,`tip` FROM `ocenter_menu` WHERE `group` = '用户配置' AND `pid` = 2 AND `hide` = 0 ORDER BY sort asc  [ RunTime:0.000388s ]
SQL: SELECT `id`,`pid`,`title`,`url`,`tip` FROM `ocenter_menu` WHERE `group` = '' AND `pid` = 2 AND `hide` = 0 ORDER BY sort asc  [ RunTime:0.000568s ]
SQL: SELECT `id`,`pid`,`title`,`url`,`tip` FROM `ocenter_menu` WHERE `group` = '标签与资料' AND `pid` = 2 AND `hide` = 0 ORDER BY sort asc  [ RunTime:0.000564s ]
SQL: SELECT DISTINCT  `group` FROM `ocenter_menu` WHERE ( pid = 197 ) ORDER BY sort asc  [ RunTime:0.000393s ]
SQL: SELECT `id`,`url` FROM `ocenter_menu` WHERE `pid` = 197 AND `hide` = 0  [ RunTime:0.000365s ]
SQL: SELECT `id`,`pid`,`title`,`url`,`tip` FROM `ocenter_menu` WHERE `group` = '图片管理' AND `pid` = 197 AND `hide` = 0 ORDER BY sort asc  [ RunTime:0.000384s ]
SQL: SELECT `id`,`pid`,`title`,`url`,`tip` FROM `ocenter_menu` WHERE `group` = '友链与公告' AND `pid` = 197 AND `hide` = 0 ORDER BY sort asc  [ RunTime:0.000362s ]
SQL: SELECT `id`,`pid`,`title`,`url`,`tip` FROM `ocenter_menu` WHERE `group` = '敏感词' AND `pid` = 197 AND `hide` = 0 ORDER BY sort asc  [ RunTime:0.000409s ]
SQL: SELECT `id`,`pid`,`title`,`url`,`tip` FROM `ocenter_menu` WHERE `group` = '广告配置' AND `pid` = 197 AND `hide` = 0 ORDER BY sort asc  [ RunTime:0.000399s ]
SQL: SELECT `id`,`pid`,`title`,`url`,`tip` FROM `ocenter_menu` WHERE `group` = '行为与积分' AND `pid` = 197 AND `hide` = 0 ORDER BY sort asc  [ RunTime:0.000457s ]
SQL: SELECT `id`,`pid`,`title`,`url`,`tip` FROM `ocenter_menu` WHERE `group` = '表情管理' AND `pid` = 197 AND `hide` = 0 ORDER BY sort asc  [ RunTime:0.000386s ]
SQL: SELECT `id`,`pid`,`title`,`url`,`tip` FROM `ocenter_menu` WHERE `group` = '群发消息' AND `pid` = 197 AND `hide` = 0 ORDER BY sort asc  [ RunTime:0.000371s ]
SQL: SELECT `id`,`pid`,`title`,`url`,`tip` FROM `ocenter_menu` WHERE `group` = '' AND `pid` = 197 AND `hide` = 0 ORDER BY sort asc  [ RunTime:0.000334s ]
SQL: SELECT `id`,`pid`,`title`,`url`,`tip` FROM `ocenter_menu` WHERE `group` = 'SEO管理' AND `pid` = 197 AND `hide` = 0 ORDER BY sort asc  [ RunTime:0.000429s ]
SQL: SELECT `id`,`pid`,`title`,`url`,`tip` FROM `ocenter_menu` WHERE `group` = '邀请注册管理' AND `pid` = 197 AND `hide` = 0 ORDER BY sort asc  [ RunTime:0.000389s ]
SQL: SELECT DISTINCT  `group` FROM `ocenter_menu` WHERE ( pid = 109 ) ORDER BY sort asc  [ RunTime:0.000302s ]
SQL: SELECT `id`,`url` FROM `ocenter_menu` WHERE `pid` = 109 AND `hide` = 0  [ RunTime:0.000304s ]
SQL: SELECT `id`,`pid`,`title`,`url`,`tip` FROM `ocenter_menu` WHERE `group` = '单点登录' AND `pid` = 109 AND `hide` = 0 ORDER BY sort asc  [ RunTime:0.000356s ]
SQL: SELECT DISTINCT  `group` FROM `ocenter_menu` WHERE ( pid = 74 ) ORDER BY sort asc  [ RunTime:0.000380s ]
SQL: SELECT `id`,`url` FROM `ocenter_menu` WHERE `pid` = 74 AND `hide` = 0  [ RunTime:0.000398s ]
SQL: SELECT `id`,`pid`,`title`,`url`,`tip` FROM `ocenter_menu` WHERE `group` = '消息管理' AND `pid` = 74 AND `hide` = 0 ORDER BY sort asc  [ RunTime:0.000393s ]
SQL: SELECT `id`,`pid`,`title`,`url`,`tip` FROM `ocenter_menu` WHERE `group` = '网站设置' AND `pid` = 74 AND `hide` = 0 ORDER BY sort asc  [ RunTime:0.000365s ]
SQL: SELECT `id`,`pid`,`title`,`url`,`tip` FROM `ocenter_menu` WHERE `group` = '导航管理' AND `pid` = 74 AND `hide` = 0 ORDER BY sort asc  [ RunTime:0.000363s ]
SQL: SELECT `id`,`pid`,`title`,`url`,`tip` FROM `ocenter_menu` WHERE `group` = '网站数据管理' AND `pid` = 74 AND `hide` = 0 ORDER BY sort asc  [ RunTime:0.000390s ]
SQL: SELECT `id`,`pid`,`title`,`url`,`tip` FROM `ocenter_menu` WHERE `group` = '升级补丁' AND `pid` = 74 AND `hide` = 0 ORDER BY sort asc  [ RunTime:0.000374s ]
SQL: SELECT `id`,`pid`,`title`,`url`,`tip` FROM `ocenter_menu` WHERE `group` = '群发消息' AND `pid` = 74 AND `hide` = 0 ORDER BY sort asc  [ RunTime:0.000355s ]
SQL: SELECT `id`,`pid`,`title`,`url`,`tip` FROM `ocenter_menu` WHERE `group` = '计划任务' AND `pid` = 74 AND `hide` = 0 ORDER BY sort asc  [ RunTime:0.000324s ]
SQL: SELECT DISTINCT  `group` FROM `ocenter_menu` WHERE ( pid = 13171 ) ORDER BY sort asc  [ RunTime:0.000387s ]
SQL: SELECT `id`,`url` FROM `ocenter_menu` WHERE `pid` = 13171 AND `hide` = 0  [ RunTime:0.000462s ]
SQL: SELECT `id`,`pid`,`title`,`url`,`tip` FROM `ocenter_menu` WHERE `group` = '圈子管理' AND `pid` = 13171 AND `hide` = 0 ORDER BY sort asc  [ RunTime:0.000587s ]
SQL: SELECT `id`,`pid`,`title`,`url`,`tip` FROM `ocenter_menu` WHERE `group` = '' AND `pid` = 13171 AND `hide` = 0 ORDER BY sort asc  [ RunTime:0.000394s ]
SQL: SELECT `id`,`pid`,`title`,`url`,`tip` FROM `ocenter_menu` WHERE `group` = '设置' AND `pid` = 13171 AND `hide` = 0 ORDER BY sort asc  [ RunTime:0.000414s ]
SQL: SELECT `id`,`pid`,`title`,`url`,`tip` FROM `ocenter_menu` WHERE `group` = '图章管理' AND `pid` = 13171 AND `hide` = 0 ORDER BY sort asc  [ RunTime:0.000388s ]
SQL: SELECT `id`,`pid`,`title`,`url`,`tip` FROM `ocenter_menu` WHERE `group` = '话题管理' AND `pid` = 13171 AND `hide` = 0 ORDER BY sort asc  [ RunTime:0.000327s ]
SQL: SELECT `id`,`pid`,`title`,`url`,`tip` FROM `ocenter_menu` WHERE `group` = '微博' AND `pid` = 13171 AND `hide` = 0 ORDER BY sort asc  [ RunTime:0.000405s ]
SQL: SELECT `id`,`pid`,`title`,`url`,`tip` FROM `ocenter_menu` WHERE `group` = '回复' AND `pid` = 13171 AND `hide` = 0 ORDER BY sort asc  [ RunTime:0.000378s ]
SQL: SELECT DISTINCT  `group` FROM `ocenter_menu` WHERE ( pid = 105 ) ORDER BY sort asc  [ RunTime:0.000411s ]
SQL: SELECT `id`,`url` FROM `ocenter_menu` WHERE `pid` = 105 AND `hide` = 0  [ RunTime:0.000272s ]
SQL: SELECT `id`,`pid`,`title`,`url`,`tip` FROM `ocenter_menu` WHERE `group` = '云市场' AND `pid` = 105 AND `hide` = 0 ORDER BY sort asc  [ RunTime:0.000312s ]
SQL: SELECT `id`,`pid`,`title`,`url`,`tip` FROM `ocenter_menu` WHERE `group` = '本地' AND `pid` = 105 AND `hide` = 0 ORDER BY sort asc  [ RunTime:0.000292s ]
SQL: SHOW COLUMNS FROM `ocenter_addons` [ RunTime:0.002197s ]
SQL: SELECT DISTINCT  `group` FROM `ocenter_menu` WHERE ( pid = 10016 ) ORDER BY sort asc  [ RunTime:0.000520s ]
SQL: SELECT `id`,`url` FROM `ocenter_menu` WHERE `pid` = 10016 AND `hide` = 0  [ RunTime:0.000377s ]
SQL: SELECT `id`,`pid`,`title`,`url`,`tip` FROM `ocenter_menu` WHERE `group` = '配置' AND `pid` = 10016 AND `hide` = 0 ORDER BY sort asc  [ RunTime:0.000390s ]
SQL: SELECT DISTINCT  `group` FROM `ocenter_menu` WHERE ( pid = 13030 ) ORDER BY sort asc  [ RunTime:0.000379s ]
SQL: SELECT `id`,`url` FROM `ocenter_menu` WHERE `pid` = 13030 AND `hide` = 0  [ RunTime:0.000317s ]
SQL: SELECT `id`,`pid`,`title`,`url`,`tip` FROM `ocenter_menu` WHERE `group` = '资讯管理' AND `pid` = 13030 AND `hide` = 0 ORDER BY sort asc  [ RunTime:0.000331s ]
SQL: SELECT `id`,`pid`,`title`,`url`,`tip` FROM `ocenter_menu` WHERE `group` = '资讯配置' AND `pid` = 13030 AND `hide` = 0 ORDER BY sort asc  [ RunTime:0.000339s ]
SQL: SELECT DISTINCT  `group` FROM `ocenter_menu` WHERE ( pid = 13042 ) ORDER BY sort asc  [ RunTime:0.000319s ]
SQL: SELECT `id`,`url` FROM `ocenter_menu` WHERE `pid` = 13042 AND `hide` = 0  [ RunTime:0.000299s ]
SQL: SELECT `id`,`pid`,`title`,`url`,`tip` FROM `ocenter_menu` WHERE `group` = '分类管理' AND `pid` = 13042 AND `hide` = 0 ORDER BY sort asc  [ RunTime:0.000308s ]
SQL: SELECT `id`,`pid`,`title`,`url`,`tip` FROM `ocenter_menu` WHERE `group` = '板块' AND `pid` = 13042 AND `hide` = 0 ORDER BY sort asc  [ RunTime:0.000311s ]
SQL: SELECT `id`,`pid`,`title`,`url`,`tip` FROM `ocenter_menu` WHERE `group` = '帖子' AND `pid` = 13042 AND `hide` = 0 ORDER BY sort asc  [ RunTime:0.000294s ]
SQL: SELECT `id`,`pid`,`title`,`url`,`tip` FROM `ocenter_menu` WHERE `group` = '回复' AND `pid` = 13042 AND `hide` = 0 ORDER BY sort asc  [ RunTime:0.000361s ]
SQL: SELECT `id`,`pid`,`title`,`url`,`tip` FROM `ocenter_menu` WHERE `group` = '设置' AND `pid` = 13042 AND `hide` = 0 ORDER BY sort asc  [ RunTime:0.000454s ]
SQL: SELECT DISTINCT  `group` FROM `ocenter_menu` WHERE ( pid = 13061 ) ORDER BY sort asc  [ RunTime:0.000597s ]
SQL: SELECT `id`,`url` FROM `ocenter_menu` WHERE `pid` = 13061 AND `hide` = 0  [ RunTime:0.000306s ]
SQL: SELECT `id`,`pid`,`title`,`url`,`tip` FROM `ocenter_menu` WHERE `group` = '话题设置' AND `pid` = 13061 AND `hide` = 0 ORDER BY sort asc  [ RunTime:0.000344s ]
SQL: SELECT `id`,`pid`,`title`,`url`,`tip` FROM `ocenter_menu` WHERE `group` = '配置管理' AND `pid` = 13061 AND `hide` = 0 ORDER BY sort asc  [ RunTime:0.000317s ]
SQL: SELECT `id`,`pid`,`title`,`url`,`tip` FROM `ocenter_menu` WHERE `group` = '问答管理' AND `pid` = 13061 AND `hide` = 0 ORDER BY sort asc  [ RunTime:0.000311s ]
SQL: SELECT `id` FROM `ocenter_menu` WHERE ( url like 'Attest/attesttypes%' OR url like '%/Attest/attesttypes%'   ) LIMIT 1   [ RunTime:0.000411s ]
SQL: SHOW COLUMNS FROM `ocenter_menu` [ RunTime:0.001945s ]
SQL: SELECT `id`,`pid`,`title`,`url` FROM `ocenter_menu` WHERE ( id=275 ) LIMIT 1   [ RunTime:0.000239s ]
SQL: SELECT `id`,`pid`,`title`,`url` FROM `ocenter_menu` WHERE ( id=2 ) LIMIT 1   [ RunTime:0.000183s ]
SQL: SELECT DISTINCT  `group` FROM `ocenter_menu` WHERE ( pid = 2 ) ORDER BY sort asc  [ RunTime:0.000421s ]
SQL: SELECT `id`,`url` FROM `ocenter_menu` WHERE `pid` = 2 AND `hide` = 0  [ RunTime:0.000422s ]
SQL: SELECT `id`,`pid`,`title`,`url`,`tip`,`module` FROM `ocenter_menu` WHERE `group` = '认证管理' AND `pid` = 2 AND `hide` = 0 ORDER BY sort asc  [ RunTime:0.000497s ]
NOTIC: [8] Undefined index: module /Applications/XAMPP/xamppfiles/htdocs/yoyo/Application/Admin/Controller/AdminController.class.php 第 477 行.
SQL: SELECT `id`,`pid`,`title`,`url`,`tip`,`module` FROM `ocenter_menu` WHERE `group` = '头衔管理' AND `pid` = 2 AND `hide` = 0 ORDER BY sort asc  [ RunTime:0.000471s ]
SQL: SELECT `id`,`pid`,`title`,`url`,`tip`,`module` FROM `ocenter_menu` WHERE `group` = '身份管理' AND `pid` = 2 AND `hide` = 0 ORDER BY sort asc  [ RunTime:0.000509s ]
SQL: SELECT `id`,`pid`,`title`,`url`,`tip`,`module` FROM `ocenter_menu` WHERE `group` = '用户配置' AND `pid` = 2 AND `hide` = 0 ORDER BY sort asc  [ RunTime:0.000425s ]
SQL: SELECT `id`,`pid`,`title`,`url`,`tip`,`module` FROM `ocenter_menu` WHERE `group` = '' AND `pid` = 2 AND `hide` = 0 ORDER BY sort asc  [ RunTime:0.000467s ]
SQL: SELECT `id`,`pid`,`title`,`url`,`tip`,`module` FROM `ocenter_menu` WHERE `group` = '标签与资料' AND `pid` = 2 AND `hide` = 0 ORDER BY sort asc  [ RunTime:0.000496s ]
SQL: SHOW COLUMNS FROM `ocenter_version` [ RunTime:0.001414s ]
SQL: SHOW COLUMNS FROM `ocenter_attest` [ RunTime:0.002005s ]
SQL: SHOW COLUMNS FROM `ocenter_attest_type` [ RunTime:0.002050s ]
SQL: SELECT * FROM `ocenter_attest_type` WHERE `status` = 1  [ RunTime:0.000247s ]
NOTIC: [2048] Declaration of Admin\Builder\AdminListBuilder::display() should be compatible with Admin\Builder\AdminBuilder::display($templateFile = '', $charset = '', $contentType = '', $content = '', $prefix = '') /Applications/XAMPP/xamppfiles/htdocs/yoyo/Application/Admin/Builder/AdminListBuilder.class.php 第 7 行.
SQL: SELECT `type`,`name`,`value` FROM `ocenter_config` WHERE `status` = 1  [ RunTime:0.000409s ]
SQL: SELECT * FROM `ocenter_module` WHERE `name` = 'Admin' LIMIT 1   [ RunTime:0.000269s ]
INFO: [ action_begin ] --START--
INFO: Run Common\Behavior\InitModuleInfoBehavior [ RunTime:0.000009s ]
INFO: [ action_begin ] --END-- [ RunTime:-0.082905s ]
INFO: [ view_parse ] --START--
INFO: [ template_filter ] --START--
INFO: Run Behavior\ContentReplaceBehavior [ RunTime:0.000046s ]
INFO: [ template_filter ] --END-- [ RunTime:0.000114s ]
INFO: Run Behavior\ParseTemplateBehavior [ RunTime:0.003466s ]
INFO: [ view_parse ] --END-- [ RunTime:0.003510s ]
INFO: [ view_filter ] --START--
INFO: Run Behavior\WriteHtmlCacheBehavior [ RunTime:0.000095s ]
INFO: [ view_filter ] --END-- [ RunTime:0.000119s ]
INFO: [ view_parse ] --START--
INFO: [ template_filter ] --START--
INFO: Run Behavior\ContentReplaceBehavior [ RunTime:0.000043s ]
INFO: [ template_filter ] --END-- [ RunTime:-0.001057s ]
INFO: Run Behavior\ParseTemplateBehavior [ RunTime:0.001020s ]
INFO: [ view_parse ] --END-- [ RunTime:-0.000246s ]
INFO: [ view_filter ] --START--
INFO: Run Behavior\WriteHtmlCacheBehavior [ RunTime:0.000008s ]
INFO: [ view_filter ] --END-- [ RunTime:-0.001187s ]
NOTIC: [8] Undefined index: totalCount /Applications/XAMPP/xamppfiles/htdocs/yoyo/Application/Admin/Builder/AdminListBuilder.class.php 第 741 行.
NOTIC: [8] Undefined index: listRows /Applications/XAMPP/xamppfiles/htdocs/yoyo/Application/Admin/Builder/AdminListBuilder.class.php 第 741 行.
INFO: [ view_parse ] --START--
INFO: [ template_filter ] --START--
INFO: Run Behavior\ContentReplaceBehavior [ RunTime:0.000606s ]
INFO: [ template_filter ] --END-- [ RunTime:-0.024582s ]
SQL: SELECT `value` FROM `ocenter_config` WHERE `name` = '_CONFIG_LOGO' LIMIT 1   [ RunTime:0.000308s ]
NOTIC: [8] Undefined index: admin_entry /Applications/XAMPP/xamppfiles/htdocs/yoyo/Runtime/Cache/Admin/33f407e10cb8a1863eeb8143d7dcf17c.php 第 188 行.
NOTIC: [8] Undefined index: admin_entry /Applications/XAMPP/xamppfiles/htdocs/yoyo/Runtime/Cache/Admin/33f407e10cb8a1863eeb8143d7dcf17c.php 第 188 行.
NOTIC: [8] Undefined index: admin_entry /Applications/XAMPP/xamppfiles/htdocs/yoyo/Runtime/Cache/Admin/33f407e10cb8a1863eeb8143d7dcf17c.php 第 188 行.
SQL: SELECT `id` FROM `ocenter_menu` WHERE ( url like '%Attest/attesttypes' AND pid > 0 ) LIMIT 1   [ RunTime:0.000388s ]
NOTIC: [8] Array to string conversion /Applications/XAMPP/xamppfiles/htdocs/yoyo/Runtime/Cache/Admin/33f407e10cb8a1863eeb8143d7dcf17c.php 第 265 行.
NOTIC: [8] Undefined variable: show /Applications/XAMPP/xamppfiles/htdocs/yoyo/Runtime/Cache/Admin/33f407e10cb8a1863eeb8143d7dcf17c.php 第 298 行.
NOTIC: [8] Undefined variable: search /Applications/XAMPP/xamppfiles/htdocs/yoyo/Runtime/Cache/Admin/33f407e10cb8a1863eeb8143d7dcf17c.php 第 376 行.
NOTIC: [8] Undefined variable: search /Applications/XAMPP/xamppfiles/htdocs/yoyo/Runtime/Cache/Admin/33f407e10cb8a1863eeb8143d7dcf17c.php 第 376 行.
NOTIC: [8] Array to string conversion /Applications/XAMPP/xamppfiles/htdocs/yoyo/Runtime/Cache/Admin/33f407e10cb8a1863eeb8143d7dcf17c.php 第 376 行.
NOTIC: [8] Undefined variable: report /Applications/XAMPP/xamppfiles/htdocs/yoyo/Runtime/Cache/Admin/33f407e10cb8a1863eeb8143d7dcf17c.php 第 791 行.
INFO: Run Behavior\ParseTemplateBehavior [ RunTime:0.038333s ]
INFO: [ view_parse ] --END-- [ RunTime:-0.002157s ]
INFO: [ view_filter ] --START--
INFO: Run Behavior\WriteHtmlCacheBehavior [ RunTime:0.000008s ]
INFO: [ view_filter ] --END-- [ RunTime:-0.040414s ]
INFO: [ app_end ] --START--
INFO: Run Behavior\ShowPageTraceBehavior [ RunTime:0.000650s ]
INFO: [ app_end ] --END-- [ RunTime:0.000720s ]

[ 2017-11-19T09:41:09+08:00 ] 127.0.0.1 /yoyo/index.php?s=/admin/attest/setcondition/id/1.html
INFO: [ app_init ] --START--
INFO: Run Behavior\BuildLiteBehavior [ RunTime:0.000010s ]
INFO: Run Common\Behavior\InitHookBehavior [ RunTime:0.000767s ]
INFO: [ app_init ] --END-- [ RunTime:0.000839s ]
NOTIC: [8] Undefined index: router /Applications/XAMPP/xamppfiles/htdocs/yoyo/Application/Common/Common/function.php 第 1936 行.
NOTIC: [8] Undefined index: router /Applications/XAMPP/xamppfiles/htdocs/yoyo/Application/Common/Common/function.php 第 1936 行.
NOTIC: [8] Undefined index: router /Applications/XAMPP/xamppfiles/htdocs/yoyo/Application/Common/Common/function.php 第 1936 行.
NOTIC: [8] Undefined index: router /Applications/XAMPP/xamppfiles/htdocs/yoyo/Application/Common/Common/function.php 第 1936 行.
NOTIC: [8] Undefined index: router /Applications/XAMPP/xamppfiles/htdocs/yoyo/Application/Common/Common/function.php 第 1936 行.
NOTIC: [8] Undefined index: router /Applications/XAMPP/xamppfiles/htdocs/yoyo/Application/Common/Common/function.php 第 1936 行.
SQL: SHOW COLUMNS FROM `ocenter_config` [ RunTime:0.001955s ]
SQL: SELECT `type`,`name`,`value` FROM `ocenter_config` WHERE `status` = 1  [ RunTime:0.000428s ]
INFO: [ app_begin ] --START--
INFO: Run Behavior\ReadHtmlCacheBehavior [ RunTime:0.000310s ]
INFO: Run Behavior\CheckLangBehavior [ RunTime:0.013874s ]
INFO: [ app_begin ] --END-- [ RunTime:0.014266s ]
NOTIC: [8192] mysql_connect(): The mysql extension is deprecated and will be removed in the future: use mysqli or PDO instead /Applications/XAMPP/xamppfiles/htdocs/yoyo/ThinkPHP/Library/Think/Session/Driver/Db.class.php 第 95 行.
SQL: SHOW COLUMNS FROM `ocenter_module` [ RunTime:0.002054s ]
SQL: SELECT `type`,`name`,`value` FROM `ocenter_config` WHERE `status` = 1  [ RunTime:0.000381s ]
SQL: SELECT * FROM `ocenter_module` WHERE `name` = 'Admin' LIMIT 1   [ RunTime:0.000229s ]
INFO: [ action_begin ] --START--
INFO: Run Common\Behavior\InitModuleInfoBehavior [ RunTime:0.000150s ]
INFO: [ action_begin ] --END-- [ RunTime:0.000181s ]
SQL: SHOW COLUMNS FROM `ocenter_version` [ RunTime:0.002202s ]
SQL: SHOW COLUMNS FROM `ocenter_attest` [ RunTime:0.002210s ]
SQL: SHOW COLUMNS FROM `ocenter_attest_type` [ RunTime:0.002353s ]
SQL: SELECT * FROM `ocenter_attest_type` WHERE `id` = 1 LIMIT 1   [ RunTime:0.000256s ]
NOTIC: [2048] Declaration of Admin\Builder\AdminConfigBuilder::display() should be compatible with Admin\Builder\AdminBuilder::display($templateFile = '', $charset = '', $contentType = '', $content = '', $prefix = '') /Applications/XAMPP/xamppfiles/htdocs/yoyo/Application/Admin/Builder/AdminConfigBuilder.class.php 第 12 行.
SQL: SELECT `type`,`name`,`value` FROM `ocenter_config` WHERE `status` = 1  [ RunTime:0.000432s ]
SQL: SELECT * FROM `ocenter_module` WHERE `name` = 'Admin' LIMIT 1   [ RunTime:0.000264s ]
INFO: [ action_begin ] --START--
INFO: Run Common\Behavior\InitModuleInfoBehavior [ RunTime:0.000007s ]
INFO: [ action_begin ] --END-- [ RunTime:-0.015459s ]
INFO: [ view_parse ] --START--
INFO: [ template_filter ] --START--
INFO: Run Behavior\ContentReplaceBehavior [ RunTime:0.000805s ]
INFO: [ template_filter ] --END-- [ RunTime:0.000859s ]
SQL: SELECT `value` FROM `ocenter_config` WHERE `name` = '_CONFIG_LOGO' LIMIT 1   [ RunTime:0.000370s ]
NOTIC: [8] Undefined index: admin_entry /Applications/XAMPP/xamppfiles/htdocs/yoyo/Runtime/Cache/Admin/17b9688505a7e20863bf243639141eb6.php 第 188 行.
NOTIC: [8] Undefined index: admin_entry /Applications/XAMPP/xamppfiles/htdocs/yoyo/Runtime/Cache/Admin/17b9688505a7e20863bf243639141eb6.php 第 188 行.
NOTIC: [8] Undefined index: admin_entry /Applications/XAMPP/xamppfiles/htdocs/yoyo/Runtime/Cache/Admin/17b9688505a7e20863bf243639141eb6.php 第 188 行.
SQL: SHOW COLUMNS FROM `ocenter_menu` [ RunTime:0.003065s ]
SQL: SELECT `id` FROM `ocenter_menu` WHERE ( url like '%Attest/setcondition' AND pid > 0 ) LIMIT 1   [ RunTime:0.000891s ]
NOTIC: [8] Array to string conversion /Applications/XAMPP/xamppfiles/htdocs/yoyo/Runtime/Cache/Admin/17b9688505a7e20863bf243639141eb6.php 第 265 行.
NOTIC: [8] Undefined variable: report /Applications/XAMPP/xamppfiles/htdocs/yoyo/Runtime/Cache/Admin/17b9688505a7e20863bf243639141eb6.php 第 1198 行.
NOTIC: [8] Undefined variable: chosen_select2 /Applications/XAMPP/xamppfiles/htdocs/yoyo/Runtime/Cache/Admin/17b9688505a7e20863bf243639141eb6.php 第 1387 行.
NOTIC: [8] Undefined variable: has_nestable /Applications/XAMPP/xamppfiles/htdocs/yoyo/Runtime/Cache/Admin/17b9688505a7e20863bf243639141eb6.php 第 1394 行.
NOTIC: [8] Undefined variable: importDatetimePicker /Applications/XAMPP/xamppfiles/htdocs/yoyo/Runtime/Cache/Admin/17b9688505a7e20863bf243639141eb6.php 第 1421 行.
NOTIC: [8] Undefined variable: colorPicker /Applications/XAMPP/xamppfiles/htdocs/yoyo/Runtime/Cache/Admin/17b9688505a7e20863bf243639141eb6.php 第 1451 行.
NOTIC: [8] Undefined variable: importCheckBox /Applications/XAMPP/xamppfiles/htdocs/yoyo/Runtime/Cache/Admin/17b9688505a7e20863bf243639141eb6.php 第 1478 行.
NOTIC: [8] Undefined variable: myJs /Applications/XAMPP/xamppfiles/htdocs/yoyo/Runtime/Cache/Admin/17b9688505a7e20863bf243639141eb6.php 第 1551 行.
INFO: Run Behavior\ParseTemplateBehavior [ RunTime:0.083668s ]
INFO: [ view_parse ] --END-- [ RunTime:0.083699s ]
INFO: [ view_filter ] --START--
INFO: Run Behavior\WriteHtmlCacheBehavior [ RunTime:0.000169s ]
INFO: [ view_filter ] --END-- [ RunTime:0.000192s ]
INFO: [ app_end ] --START--
INFO: Run Behavior\ShowPageTraceBehavior [ RunTime:0.000564s ]
INFO: [ app_end ] --END-- [ RunTime:0.000620s ]

[ 2017-11-19T09:41:16+08:00 ] 127.0.0.1 /yoyo/index.php?s=/admin/attest/setcondition/id/3.html
INFO: [ app_init ] --START--
INFO: Run Behavior\BuildLiteBehavior [ RunTime:0.000010s ]
INFO: Run Common\Behavior\InitHookBehavior [ RunTime:0.000917s ]
INFO: [ app_init ] --END-- [ RunTime:0.000996s ]
NOTIC: [8] Undefined index: router /Applications/XAMPP/xamppfiles/htdocs/yoyo/Application/Common/Common/function.php 第 1936 行.
NOTIC: [8] Undefined index: router /Applications/XAMPP/xamppfiles/htdocs/yoyo/Application/Common/Common/function.php 第 1936 行.
NOTIC: [8] Undefined index: router /Applications/XAMPP/xamppfiles/htdocs/yoyo/Application/Common/Common/function.php 第 1936 行.
NOTIC: [8] Undefined index: router /Applications/XAMPP/xamppfiles/htdocs/yoyo/Application/Common/Common/function.php 第 1936 行.
NOTIC: [8] Undefined index: router /Applications/XAMPP/xamppfiles/htdocs/yoyo/Application/Common/Common/function.php 第 1936 行.
NOTIC: [8] Undefined index: router /Applications/XAMPP/xamppfiles/htdocs/yoyo/Application/Common/Common/function.php 第 1936 行.
SQL: SHOW COLUMNS FROM `ocenter_config` [ RunTime:0.001960s ]
SQL: SELECT `type`,`name`,`value` FROM `ocenter_config` WHERE `status` = 1  [ RunTime:0.000498s ]
INFO: [ app_begin ] --START--
INFO: Run Behavior\ReadHtmlCacheBehavior [ RunTime:0.000372s ]
INFO: Run Behavior\CheckLangBehavior [ RunTime:0.015024s ]
INFO: [ app_begin ] --END-- [ RunTime:0.015484s ]
NOTIC: [8192] mysql_connect(): The mysql extension is deprecated and will be removed in the future: use mysqli or PDO instead /Applications/XAMPP/xamppfiles/htdocs/yoyo/ThinkPHP/Library/Think/Session/Driver/Db.class.php 第 95 行.
SQL: SHOW COLUMNS FROM `ocenter_module` [ RunTime:0.001931s ]
SQL: SELECT `type`,`name`,`value` FROM `ocenter_config` WHERE `status` = 1  [ RunTime:0.000395s ]
SQL: SELECT * FROM `ocenter_module` WHERE `name` = 'Admin' LIMIT 1   [ RunTime:0.000254s ]
INFO: [ action_begin ] --START--
INFO: Run Common\Behavior\InitModuleInfoBehavior [ RunTime:0.000145s ]
INFO: [ action_begin ] --END-- [ RunTime:0.000175s ]
SQL: SHOW COLUMNS FROM `ocenter_version` [ RunTime:0.002236s ]
SQL: SHOW COLUMNS FROM `ocenter_attest` [ RunTime:0.002061s ]
SQL: SHOW COLUMNS FROM `ocenter_attest_type` [ RunTime:0.003984s ]
SQL: SELECT * FROM `ocenter_attest_type` WHERE `id` = 3 LIMIT 1   [ RunTime:0.000336s ]
NOTIC: [2048] Declaration of Admin\Builder\AdminConfigBuilder::display() should be compatible with Admin\Builder\AdminBuilder::display($templateFile = '', $charset = '', $contentType = '', $content = '', $prefix = '') /Applications/XAMPP/xamppfiles/htdocs/yoyo/Application/Admin/Builder/AdminConfigBuilder.class.php 第 12 行.
SQL: SELECT `type`,`name`,`value` FROM `ocenter_config` WHERE `status` = 1  [ RunTime:0.000505s ]
SQL: SELECT * FROM `ocenter_module` WHERE `name` = 'Admin' LIMIT 1   [ RunTime:0.000402s ]
INFO: [ action_begin ] --START--
INFO: Run Common\Behavior\InitModuleInfoBehavior [ RunTime:0.000011s ]
INFO: [ action_begin ] --END-- [ RunTime:-0.016364s ]
INFO: [ view_parse ] --START--
INFO: [ template_filter ] --START--
INFO: Run Behavior\ContentReplaceBehavior [ RunTime:0.000733s ]
INFO: [ template_filter ] --END-- [ RunTime:0.000783s ]
SQL: SELECT `value` FROM `ocenter_config` WHERE `name` = '_CONFIG_LOGO' LIMIT 1   [ RunTime:0.000291s ]
NOTIC: [8] Undefined index: admin_entry /Applications/XAMPP/xamppfiles/htdocs/yoyo/Runtime/Cache/Admin/17b9688505a7e20863bf243639141eb6.php 第 188 行.
NOTIC: [8] Undefined index: admin_entry /Applications/XAMPP/xamppfiles/htdocs/yoyo/Runtime/Cache/Admin/17b9688505a7e20863bf243639141eb6.php 第 188 行.
NOTIC: [8] Undefined index: admin_entry /Applications/XAMPP/xamppfiles/htdocs/yoyo/Runtime/Cache/Admin/17b9688505a7e20863bf243639141eb6.php 第 188 行.
SQL: SHOW COLUMNS FROM `ocenter_menu` [ RunTime:0.001898s ]
SQL: SELECT `id` FROM `ocenter_menu` WHERE ( url like '%Attest/setcondition' AND pid > 0 ) LIMIT 1   [ RunTime:0.000943s ]
NOTIC: [8] Array to string conversion /Applications/XAMPP/xamppfiles/htdocs/yoyo/Runtime/Cache/Admin/17b9688505a7e20863bf243639141eb6.php 第 265 行.
NOTIC: [8] Undefined variable: report /Applications/XAMPP/xamppfiles/htdocs/yoyo/Runtime/Cache/Admin/17b9688505a7e20863bf243639141eb6.php 第 1198 行.
NOTIC: [8] Undefined variable: chosen_select2 /Applications/XAMPP/xamppfiles/htdocs/yoyo/Runtime/Cache/Admin/17b9688505a7e20863bf243639141eb6.php 第 1387 行.
NOTIC: [8] Undefined variable: has_nestable /Applications/XAMPP/xamppfiles/htdocs/yoyo/Runtime/Cache/Admin/17b9688505a7e20863bf243639141eb6.php 第 1394 行.
NOTIC: [8] Undefined variable: importDatetimePicker /Applications/XAMPP/xamppfiles/htdocs/yoyo/Runtime/Cache/Admin/17b9688505a7e20863bf243639141eb6.php 第 1421 行.
NOTIC: [8] Undefined variable: colorPicker /Applications/XAMPP/xamppfiles/htdocs/yoyo/Runtime/Cache/Admin/17b9688505a7e20863bf243639141eb6.php 第 1451 行.
NOTIC: [8] Undefined variable: importCheckBox /Applications/XAMPP/xamppfiles/htdocs/yoyo/Runtime/Cache/Admin/17b9688505a7e20863bf243639141eb6.php 第 1478 行.
NOTIC: [8] Undefined variable: myJs /Applications/XAMPP/xamppfiles/htdocs/yoyo/Runtime/Cache/Admin/17b9688505a7e20863bf243639141eb6.php 第 1551 行.
INFO: Run Behavior\ParseTemplateBehavior [ RunTime:0.091375s ]
INFO: [ view_parse ] --END-- [ RunTime:0.091449s ]
INFO: [ view_filter ] --START--
INFO: Run Behavior\WriteHtmlCacheBehavior [ RunTime:0.000264s ]
INFO: [ view_filter ] --END-- [ RunTime:0.000312s ]
INFO: [ app_end ] --START--
INFO: Run Behavior\ShowPageTraceBehavior [ RunTime:0.000635s ]
INFO: [ app_end ] --END-- [ RunTime:0.000710s ]

[ 2017-11-19T09:41:26+08:00 ] 127.0.0.1 /yoyo/index.php?s=/admin/attest/setfields/id/1.html
INFO: [ app_init ] --START--
INFO: Run Behavior\BuildLiteBehavior [ RunTime:0.000013s ]
INFO: Run Common\Behavior\InitHookBehavior [ RunTime:0.001295s ]
INFO: [ app_init ] --END-- [ RunTime:0.001400s ]
NOTIC: [8] Undefined index: router /Applications/XAMPP/xamppfiles/htdocs/yoyo/Application/Common/Common/function.php 第 1936 行.
NOTIC: [8] Undefined index: router /Applications/XAMPP/xamppfiles/htdocs/yoyo/Application/Common/Common/function.php 第 1936 行.
NOTIC: [8] Undefined index: router /Applications/XAMPP/xamppfiles/htdocs/yoyo/Application/Common/Common/function.php 第 1936 行.
NOTIC: [8] Undefined index: router /Applications/XAMPP/xamppfiles/htdocs/yoyo/Application/Common/Common/function.php 第 1936 行.
NOTIC: [8] Undefined index: router /Applications/XAMPP/xamppfiles/htdocs/yoyo/Application/Common/Common/function.php 第 1936 行.
NOTIC: [8] Undefined index: router /Applications/XAMPP/xamppfiles/htdocs/yoyo/Application/Common/Common/function.php 第 1936 行.
SQL: SHOW COLUMNS FROM `ocenter_config` [ RunTime:0.002054s ]
SQL: SELECT `type`,`name`,`value` FROM `ocenter_config` WHERE `status` = 1  [ RunTime:0.000563s ]
INFO: [ app_begin ] --START--
INFO: Run Behavior\ReadHtmlCacheBehavior [ RunTime:0.000498s ]
INFO: Run Behavior\CheckLangBehavior [ RunTime:0.013897s ]
INFO: [ app_begin ] --END-- [ RunTime:0.014503s ]
NOTIC: [8192] mysql_connect(): The mysql extension is deprecated and will be removed in the future: use mysqli or PDO instead /Applications/XAMPP/xamppfiles/htdocs/yoyo/ThinkPHP/Library/Think/Session/Driver/Db.class.php 第 95 行.
SQL: SHOW COLUMNS FROM `ocenter_module` [ RunTime:0.001954s ]
SQL: SELECT `type`,`name`,`value` FROM `ocenter_config` WHERE `status` = 1  [ RunTime:0.000397s ]
SQL: SELECT * FROM `ocenter_module` WHERE `name` = 'Admin' LIMIT 1   [ RunTime:0.000264s ]
INFO: [ action_begin ] --START--
INFO: Run Common\Behavior\InitModuleInfoBehavior [ RunTime:0.000163s ]
INFO: [ action_begin ] --END-- [ RunTime:0.000196s ]
SQL: SHOW COLUMNS FROM `ocenter_version` [ RunTime:0.001776s ]
SQL: SHOW COLUMNS FROM `ocenter_attest` [ RunTime:0.004297s ]
SQL: SHOW COLUMNS FROM `ocenter_attest_type` [ RunTime:0.001800s ]
SQL: SELECT * FROM `ocenter_attest_type` WHERE `id` = 1 LIMIT 1   [ RunTime:0.000341s ]
NOTIC: [2048] Declaration of Admin\Builder\AdminConfigBuilder::display() should be compatible with Admin\Builder\AdminBuilder::display($templateFile = '', $charset = '', $contentType = '', $content = '', $prefix = '') /Applications/XAMPP/xamppfiles/htdocs/yoyo/Application/Admin/Builder/AdminConfigBuilder.class.php 第 12 行.
SQL: SELECT `type`,`name`,`value` FROM `ocenter_config` WHERE `status` = 1  [ RunTime:0.000429s ]
SQL: SELECT * FROM `ocenter_module` WHERE `name` = 'Admin' LIMIT 1   [ RunTime:0.000264s ]
INFO: [ action_begin ] --START--
INFO: Run Common\Behavior\InitModuleInfoBehavior [ RunTime:0.000008s ]
INFO: [ action_begin ] --END-- [ RunTime:-0.013747s ]
INFO: [ view_parse ] --START--
INFO: [ template_filter ] --START--
INFO: Run Behavior\ContentReplaceBehavior [ RunTime:0.000716s ]
INFO: [ template_filter ] --END-- [ RunTime:0.000765s ]
SQL: SELECT `value` FROM `ocenter_config` WHERE `name` = '_CONFIG_LOGO' LIMIT 1   [ RunTime:0.000314s ]
NOTIC: [8] Undefined index: admin_entry /Applications/XAMPP/xamppfiles/htdocs/yoyo/Runtime/Cache/Admin/17b9688505a7e20863bf243639141eb6.php 第 188 行.
NOTIC: [8] Undefined index: admin_entry /Applications/XAMPP/xamppfiles/htdocs/yoyo/Runtime/Cache/Admin/17b9688505a7e20863bf243639141eb6.php 第 188 行.
NOTIC: [8] Undefined index: admin_entry /Applications/XAMPP/xamppfiles/htdocs/yoyo/Runtime/Cache/Admin/17b9688505a7e20863bf243639141eb6.php 第 188 行.
SQL: SHOW COLUMNS FROM `ocenter_menu` [ RunTime:0.002088s ]
SQL: SELECT `id` FROM `ocenter_menu` WHERE ( url like '%Attest/setfields' AND pid > 0 ) LIMIT 1   [ RunTime:0.001139s ]
NOTIC: [8] Array to string conversion /Applications/XAMPP/xamppfiles/htdocs/yoyo/Runtime/Cache/Admin/17b9688505a7e20863bf243639141eb6.php 第 265 行.
NOTIC: [8] Undefined variable: report /Applications/XAMPP/xamppfiles/htdocs/yoyo/Runtime/Cache/Admin/17b9688505a7e20863bf243639141eb6.php 第 1198 行.
NOTIC: [8] Undefined variable: chosen_select2 /Applications/XAMPP/xamppfiles/htdocs/yoyo/Runtime/Cache/Admin/17b9688505a7e20863bf243639141eb6.php 第 1387 行.
NOTIC: [8] Undefined variable: has_nestable /Applications/XAMPP/xamppfiles/htdocs/yoyo/Runtime/Cache/Admin/17b9688505a7e20863bf243639141eb6.php 第 1394 行.
NOTIC: [8] Undefined variable: importDatetimePicker /Applications/XAMPP/xamppfiles/htdocs/yoyo/Runtime/Cache/Admin/17b9688505a7e20863bf243639141eb6.php 第 1421 行.
NOTIC: [8] Undefined variable: colorPicker /Applications/XAMPP/xamppfiles/htdocs/yoyo/Runtime/Cache/Admin/17b9688505a7e20863bf243639141eb6.php 第 1451 行.
NOTIC: [8] Undefined variable: importCheckBox /Applications/XAMPP/xamppfiles/htdocs/yoyo/Runtime/Cache/Admin/17b9688505a7e20863bf243639141eb6.php 第 1478 行.
NOTIC: [8] Undefined variable: myJs /Applications/XAMPP/xamppfiles/htdocs/yoyo/Runtime/Cache/Admin/17b9688505a7e20863bf243639141eb6.php 第 1551 行.
INFO: Run Behavior\ParseTemplateBehavior [ RunTime:0.081670s ]
INFO: [ view_parse ] --END-- [ RunTime:0.081704s ]
INFO: [ view_filter ] --START--
INFO: Run Behavior\WriteHtmlCacheBehavior [ RunTime:0.000226s ]
INFO: [ view_filter ] --END-- [ RunTime:0.000260s ]
INFO: [ app_end ] --START--
INFO: Run Behavior\ShowPageTraceBehavior [ RunTime:0.000719s ]
INFO: [ app_end ] --END-- [ RunTime:0.000803s ]

[ 2017-11-19T09:45:32+08:00 ] 127.0.0.1 /yoyo/index.php?s=/admin/attest/setcondition/id/1.html
INFO: [ app_init ] --START--
INFO: Run Behavior\BuildLiteBehavior [ RunTime:0.000012s ]
INFO: Run Common\Behavior\InitHookBehavior [ RunTime:0.000815s ]
INFO: [ app_init ] --END-- [ RunTime:0.000896s ]
NOTIC: [8] Undefined index: router /Applications/XAMPP/xamppfiles/htdocs/yoyo/Application/Common/Common/function.php 第 1936 行.
NOTIC: [8] Undefined index: router /Applications/XAMPP/xamppfiles/htdocs/yoyo/Application/Common/Common/function.php 第 1936 行.
NOTIC: [8] Undefined index: router /Applications/XAMPP/xamppfiles/htdocs/yoyo/Application/Common/Common/function.php 第 1936 行.
NOTIC: [8] Undefined index: router /Applications/XAMPP/xamppfiles/htdocs/yoyo/Application/Common/Common/function.php 第 1936 行.
NOTIC: [8] Undefined index: router /Applications/XAMPP/xamppfiles/htdocs/yoyo/Application/Common/Common/function.php 第 1936 行.
NOTIC: [8] Undefined index: router /Applications/XAMPP/xamppfiles/htdocs/yoyo/Application/Common/Common/function.php 第 1936 行.
SQL: SHOW COLUMNS FROM `ocenter_config` [ RunTime:0.003504s ]
SQL: SELECT `type`,`name`,`value` FROM `ocenter_config` WHERE `status` = 1  [ RunTime:0.000464s ]
INFO: [ app_begin ] --START--
INFO: Run Behavior\ReadHtmlCacheBehavior [ RunTime:0.000320s ]
INFO: Run Behavior\CheckLangBehavior [ RunTime:0.013108s ]
INFO: [ app_begin ] --END-- [ RunTime:0.013535s ]
NOTIC: [8192] mysql_connect(): The mysql extension is deprecated and will be removed in the future: use mysqli or PDO instead /Applications/XAMPP/xamppfiles/htdocs/yoyo/ThinkPHP/Library/Think/Session/Driver/Db.class.php 第 95 行.
SQL: SHOW COLUMNS FROM `ocenter_module` [ RunTime:0.004883s ]
SQL: SELECT `type`,`name`,`value` FROM `ocenter_config` WHERE `status` = 1  [ RunTime:0.000487s ]
SQL: SELECT * FROM `ocenter_module` WHERE `name` = 'Admin' LIMIT 1   [ RunTime:0.000302s ]
INFO: [ action_begin ] --START--
INFO: Run Common\Behavior\InitModuleInfoBehavior [ RunTime:0.000158s ]
INFO: [ action_begin ] --END-- [ RunTime:0.000189s ]
SQL: SHOW COLUMNS FROM `ocenter_version` [ RunTime:0.003027s ]
SQL: SHOW COLUMNS FROM `ocenter_attest` [ RunTime:0.001941s ]
SQL: SHOW COLUMNS FROM `ocenter_attest_type` [ RunTime:0.001942s ]
SQL: SELECT * FROM `ocenter_attest_type` WHERE `id` = 1 LIMIT 1   [ RunTime:0.000291s ]
NOTIC: [2048] Declaration of Admin\Builder\AdminConfigBuilder::display() should be compatible with Admin\Builder\AdminBuilder::display($templateFile = '', $charset = '', $contentType = '', $content = '', $prefix = '') /Applications/XAMPP/xamppfiles/htdocs/yoyo/Application/Admin/Builder/AdminConfigBuilder.class.php 第 12 行.
SQL: SELECT `type`,`name`,`value` FROM `ocenter_config` WHERE `status` = 1  [ RunTime:0.000388s ]
SQL: SELECT * FROM `ocenter_module` WHERE `name` = 'Admin' LIMIT 1   [ RunTime:0.000267s ]
INFO: [ action_begin ] --START--
INFO: Run Common\Behavior\InitModuleInfoBehavior [ RunTime:0.000007s ]
INFO: [ action_begin ] --END-- [ RunTime:-0.022639s ]
INFO: [ view_parse ] --START--
INFO: [ template_filter ] --START--
INFO: Run Behavior\ContentReplaceBehavior [ RunTime:0.000798s ]
INFO: [ template_filter ] --END-- [ RunTime:0.000852s ]
SQL: SELECT `value` FROM `ocenter_config` WHERE `name` = '_CONFIG_LOGO' LIMIT 1   [ RunTime:0.000424s ]
NOTIC: [8] Undefined index: admin_entry /Applications/XAMPP/xamppfiles/htdocs/yoyo/Runtime/Cache/Admin/17b9688505a7e20863bf243639141eb6.php 第 188 行.
NOTIC: [8] Undefined index: admin_entry /Applications/XAMPP/xamppfiles/htdocs/yoyo/Runtime/Cache/Admin/17b9688505a7e20863bf243639141eb6.php 第 188 行.
NOTIC: [8] Undefined index: admin_entry /Applications/XAMPP/xamppfiles/htdocs/yoyo/Runtime/Cache/Admin/17b9688505a7e20863bf243639141eb6.php 第 188 行.
SQL: SHOW COLUMNS FROM `ocenter_menu` [ RunTime:0.003027s ]
SQL: SELECT `id` FROM `ocenter_menu` WHERE ( url like '%Attest/setcondition' AND pid > 0 ) LIMIT 1   [ RunTime:0.000855s ]
NOTIC: [8] Array to string conversion /Applications/XAMPP/xamppfiles/htdocs/yoyo/Runtime/Cache/Admin/17b9688505a7e20863bf243639141eb6.php 第 265 行.
NOTIC: [8] Undefined variable: report /Applications/XAMPP/xamppfiles/htdocs/yoyo/Runtime/Cache/Admin/17b9688505a7e20863bf243639141eb6.php 第 1198 行.
NOTIC: [8] Undefined variable: chosen_select2 /Applications/XAMPP/xamppfiles/htdocs/yoyo/Runtime/Cache/Admin/17b9688505a7e20863bf243639141eb6.php 第 1387 行.
NOTIC: [8] Undefined variable: has_nestable /Applications/XAMPP/xamppfiles/htdocs/yoyo/Runtime/Cache/Admin/17b9688505a7e20863bf243639141eb6.php 第 1394 行.
NOTIC: [8] Undefined variable: importDatetimePicker /Applications/XAMPP/xamppfiles/htdocs/yoyo/Runtime/Cache/Admin/17b9688505a7e20863bf243639141eb6.php 第 1421 行.
NOTIC: [8] Undefined variable: colorPicker /Applications/XAMPP/xamppfiles/htdocs/yoyo/Runtime/Cache/Admin/17b9688505a7e20863bf243639141eb6.php 第 1451 行.
NOTIC: [8] Undefined variable: importCheckBox /Applications/XAMPP/xamppfiles/htdocs/yoyo/Runtime/Cache/Admin/17b9688505a7e20863bf243639141eb6.php 第 1478 行.
NOTIC: [8] Undefined variable: myJs /Applications/XAMPP/xamppfiles/htdocs/yoyo/Runtime/Cache/Admin/17b9688505a7e20863bf243639141eb6.php 第 1551 行.
INFO: Run Behavior\ParseTemplateBehavior [ RunTime:0.087625s ]
INFO: [ view_parse ] --END-- [ RunTime:0.087656s ]
INFO: [ view_filter ] --START--
INFO: Run Behavior\WriteHtmlCacheBehavior [ RunTime:0.000142s ]
INFO: [ view_filter ] --END-- [ RunTime:0.000164s ]
INFO: [ app_end ] --START--
INFO: Run Behavior\ShowPageTraceBehavior [ RunTime:0.000520s ]
INFO: [ app_end ] --END-- [ RunTime:0.000582s ]

