[ 2017-10-29T15:56:34+08:00 ] 127.0.0.1 /yoyo/admin.php?s=/attest/attestlist.html
INFO: [ app_init ] --START--
INFO: Run Behavior\BuildLiteBehavior [ RunTime:0.001000s ]
INFO: Run Common\Behavior\InitHookBehavior [ RunTime:0.001000s ]
INFO: [ app_init ] --END-- [ RunTime:0.002000s ]
NOTIC: [8] Undefined index: router F:\wamp64\www\yoyo\Application\Common\Common\function.php 第 1936 行.
NOTIC: [8] Undefined index: router F:\wamp64\www\yoyo\Application\Common\Common\function.php 第 1936 行.
NOTIC: [8] Undefined index: router F:\wamp64\www\yoyo\Application\Common\Common\function.php 第 1936 行.
NOTIC: [8] Undefined index: router F:\wamp64\www\yoyo\Application\Common\Common\function.php 第 1936 行.
NOTIC: [8] Undefined index: router F:\wamp64\www\yoyo\Application\Common\Common\function.php 第 1936 行.
NOTIC: [8] Undefined index: router F:\wamp64\www\yoyo\Application\Common\Common\function.php 第 1936 行.
SQL: SHOW COLUMNS FROM `ocenter_config` [ RunTime:0.000000s ]
SQL: SELECT `type`,`name`,`value` FROM `ocenter_config` WHERE `status` = 1  [ RunTime:0.000000s ]
INFO: [ app_begin ] --START--
INFO: Run Behavior\ReadHtmlCacheBehavior [ RunTime:0.000000s ]
INFO: Run Behavior\CheckLangBehavior [ RunTime:0.012000s ]
INFO: [ app_begin ] --END-- [ RunTime:0.012000s ]
NOTIC: [8192] mysql_connect(): The mysql extension is deprecated and will be removed in the future: use mysqli or PDO instead F:\wamp64\www\yoyo\ThinkPHP\Library\Think\Session\Driver\Db.class.php 第 95 行.
SQL: SHOW COLUMNS FROM `ocenter_module` [ RunTime:0.001000s ]
SQL: SELECT `type`,`name`,`value` FROM `ocenter_config` WHERE `status` = 1  [ RunTime:0.001000s ]
SQL: SELECT * FROM `ocenter_module` WHERE `name` = 'Admin' LIMIT 1   [ RunTime:0.000000s ]
INFO: [ action_begin ] --START--
INFO: Run Common\Behavior\InitModuleInfoBehavior [ RunTime:0.000000s ]
INFO: [ action_begin ] --END-- [ RunTime:0.001000s ]
SQL: SHOW COLUMNS FROM `ocenter_menu` [ RunTime:0.000000s ]
SQL: SELECT * FROM `ocenter_menu` WHERE `pid` = 0 ORDER BY sort asc  [ RunTime:0.000000s ]
SQL: SELECT DISTINCT  `group` FROM `ocenter_menu` WHERE ( pid = 10000 ) ORDER BY sort asc  [ RunTime:0.000000s ]
SQL: SELECT `id`,`url` FROM `ocenter_menu` WHERE `pid` = 10000 AND `hide` = 0  [ RunTime:0.001000s ]
SQL: SELECT `id`,`pid`,`title`,`url`,`tip` FROM `ocenter_menu` WHERE `group` = '设置' AND `pid` = 10000 AND `hide` = 0 ORDER BY sort asc  [ RunTime:0.001000s ]
SQL: SELECT DISTINCT  `group` FROM `ocenter_menu` WHERE ( pid = 10018 ) ORDER BY sort asc  [ RunTime:0.000000s ]
SQL: SELECT `id`,`url` FROM `ocenter_menu` WHERE `pid` = 10018 AND `hide` = 0  [ RunTime:0.000000s ]
SQL: SELECT `id`,`pid`,`title`,`url`,`tip` FROM `ocenter_menu` WHERE `group` = '设置' AND `pid` = 10018 AND `hide` = 0 ORDER BY sort asc  [ RunTime:0.000000s ]
SQL: SELECT DISTINCT  `group` FROM `ocenter_menu` WHERE ( pid = 13000 ) ORDER BY sort asc  [ RunTime:0.001000s ]
SQL: SELECT `id`,`url` FROM `ocenter_menu` WHERE `pid` = 13000 AND `hide` = 0  [ RunTime:0.000000s ]
SQL: SELECT `id`,`pid`,`title`,`url`,`tip` FROM `ocenter_menu` WHERE `group` = '激活过程' AND `pid` = 13000 AND `hide` = 0 ORDER BY sort asc  [ RunTime:0.000000s ]
SQL: SELECT `id`,`pid`,`title`,`url`,`tip` FROM `ocenter_menu` WHERE `group` = '授权登录' AND `pid` = 13000 AND `hide` = 0 ORDER BY sort asc  [ RunTime:0.000000s ]
SQL: SELECT `id`,`pid`,`title`,`url`,`tip` FROM `ocenter_menu` WHERE `group` = '客户中心' AND `pid` = 13000 AND `hide` = 0 ORDER BY sort asc  [ RunTime:0.000000s ]
SQL: SELECT DISTINCT  `group` FROM `ocenter_menu` WHERE ( pid = 13100 ) ORDER BY sort asc  [ RunTime:0.000000s ]
SQL: SELECT `id`,`url` FROM `ocenter_menu` WHERE `pid` = 13100 AND `hide` = 0  [ RunTime:0.001000s ]
SQL: SELECT `id`,`pid`,`title`,`url`,`tip` FROM `ocenter_menu` WHERE `group` = '广告' AND `pid` = 13100 AND `hide` = 0 ORDER BY sort asc  [ RunTime:0.000000s ]
SQL: SELECT `id`,`pid`,`title`,`url`,`tip` FROM `ocenter_menu` WHERE `group` = '交易' AND `pid` = 13100 AND `hide` = 0 ORDER BY sort asc  [ RunTime:0.000000s ]
SQL: SELECT DISTINCT  `group` FROM `ocenter_menu` WHERE ( pid = 13098 ) ORDER BY sort asc  [ RunTime:0.000000s ]
SQL: SELECT `id`,`url` FROM `ocenter_menu` WHERE `pid` = 13098 AND `hide` = 0  [ RunTime:0.001000s ]
SQL: SELECT `id`,`pid`,`title`,`url`,`tip` FROM `ocenter_menu` WHERE `group` = '工单' AND `pid` = 13098 AND `hide` = 0 ORDER BY sort asc  [ RunTime:0.001000s ]
SQL: SELECT DISTINCT  `group` FROM `ocenter_menu` WHERE ( pid = 1 ) ORDER BY sort asc  [ RunTime:0.000000s ]
SQL: SELECT `id`,`url` FROM `ocenter_menu` WHERE `pid` = 1 AND `hide` = 0  [ RunTime:0.000000s ]
SQL: SELECT `id`,`pid`,`title`,`url`,`tip` FROM `ocenter_menu` WHERE `group` = '模块权限' AND `pid` = 1 AND `hide` = 0 ORDER BY sort asc  [ RunTime:0.000000s ]
SQL: SELECT `id`,`pid`,`title`,`url`,`tip` FROM `ocenter_menu` WHERE `group` = '系统首页' AND `pid` = 1 AND `hide` = 0 ORDER BY sort asc  [ RunTime:0.000000s ]
SQL: SELECT `id`,`pid`,`title`,`url`,`tip` FROM `ocenter_menu` WHERE `group` = '数据统计' AND `pid` = 1 AND `hide` = 0 ORDER BY sort asc  [ RunTime:0.000000s ]
SQL: SELECT DISTINCT  `group` FROM `ocenter_menu` WHERE ( pid = 2 ) ORDER BY sort asc  [ RunTime:0.000000s ]
SQL: SELECT `id`,`url` FROM `ocenter_menu` WHERE `pid` = 2 AND `hide` = 0  [ RunTime:0.000000s ]
SQL: SELECT `id`,`pid`,`title`,`url`,`tip` FROM `ocenter_menu` WHERE `group` = '认证管理' AND `pid` = 2 AND `hide` = 0 ORDER BY sort asc  [ RunTime:0.000000s ]
SQL: SELECT `id`,`pid`,`title`,`url`,`tip` FROM `ocenter_menu` WHERE `group` = '头衔管理' AND `pid` = 2 AND `hide` = 0 ORDER BY sort asc  [ RunTime:0.000000s ]
SQL: SELECT `id`,`pid`,`title`,`url`,`tip` FROM `ocenter_menu` WHERE `group` = '身份管理' AND `pid` = 2 AND `hide` = 0 ORDER BY sort asc  [ RunTime:0.000000s ]
SQL: SELECT `id`,`pid`,`title`,`url`,`tip` FROM `ocenter_menu` WHERE `group` = '用户配置' AND `pid` = 2 AND `hide` = 0 ORDER BY sort asc  [ RunTime:0.000000s ]
SQL: SELECT `id`,`pid`,`title`,`url`,`tip` FROM `ocenter_menu` WHERE `group` = '' AND `pid` = 2 AND `hide` = 0 ORDER BY sort asc  [ RunTime:0.000000s ]
SQL: SELECT `id`,`pid`,`title`,`url`,`tip` FROM `ocenter_menu` WHERE `group` = '标签与资料' AND `pid` = 2 AND `hide` = 0 ORDER BY sort asc  [ RunTime:0.001000s ]
SQL: SELECT DISTINCT  `group` FROM `ocenter_menu` WHERE ( pid = 197 ) ORDER BY sort asc  [ RunTime:0.000000s ]
SQL: SELECT `id`,`url` FROM `ocenter_menu` WHERE `pid` = 197 AND `hide` = 0  [ RunTime:0.000000s ]
SQL: SELECT `id`,`pid`,`title`,`url`,`tip` FROM `ocenter_menu` WHERE `group` = '敏感词' AND `pid` = 197 AND `hide` = 0 ORDER BY sort asc  [ RunTime:0.001000s ]
SQL: SELECT `id`,`pid`,`title`,`url`,`tip` FROM `ocenter_menu` WHERE `group` = '广告配置' AND `pid` = 197 AND `hide` = 0 ORDER BY sort asc  [ RunTime:0.001000s ]
SQL: SELECT `id`,`pid`,`title`,`url`,`tip` FROM `ocenter_menu` WHERE `group` = '图片管理' AND `pid` = 197 AND `hide` = 0 ORDER BY sort asc  [ RunTime:0.001000s ]
SQL: SELECT `id`,`pid`,`title`,`url`,`tip` FROM `ocenter_menu` WHERE `group` = '友链与公告' AND `pid` = 197 AND `hide` = 0 ORDER BY sort asc  [ RunTime:0.001000s ]
SQL: SELECT `id`,`pid`,`title`,`url`,`tip` FROM `ocenter_menu` WHERE `group` = '行为与积分' AND `pid` = 197 AND `hide` = 0 ORDER BY sort asc  [ RunTime:0.001000s ]
SQL: SELECT `id`,`pid`,`title`,`url`,`tip` FROM `ocenter_menu` WHERE `group` = '表情管理' AND `pid` = 197 AND `hide` = 0 ORDER BY sort asc  [ RunTime:0.001000s ]
SQL: SELECT `id`,`pid`,`title`,`url`,`tip` FROM `ocenter_menu` WHERE `group` = '' AND `pid` = 197 AND `hide` = 0 ORDER BY sort asc  [ RunTime:0.001000s ]
SQL: SELECT `id`,`pid`,`title`,`url`,`tip` FROM `ocenter_menu` WHERE `group` = '群发消息' AND `pid` = 197 AND `hide` = 0 ORDER BY sort asc  [ RunTime:0.001000s ]
SQL: SELECT `id`,`pid`,`title`,`url`,`tip` FROM `ocenter_menu` WHERE `group` = '邀请注册管理' AND `pid` = 197 AND `hide` = 0 ORDER BY sort asc  [ RunTime:0.001000s ]
SQL: SELECT `id`,`pid`,`title`,`url`,`tip` FROM `ocenter_menu` WHERE `group` = 'SEO管理' AND `pid` = 197 AND `hide` = 0 ORDER BY sort asc  [ RunTime:0.001000s ]
SQL: SELECT DISTINCT  `group` FROM `ocenter_menu` WHERE ( pid = 109 ) ORDER BY sort asc  [ RunTime:0.000000s ]
SQL: SELECT `id`,`url` FROM `ocenter_menu` WHERE `pid` = 109 AND `hide` = 0  [ RunTime:0.001000s ]
SQL: SELECT `id`,`pid`,`title`,`url`,`tip` FROM `ocenter_menu` WHERE `group` = '单点登录' AND `pid` = 109 AND `hide` = 0 ORDER BY sort asc  [ RunTime:0.000000s ]
SQL: SELECT DISTINCT  `group` FROM `ocenter_menu` WHERE ( pid = 74 ) ORDER BY sort asc  [ RunTime:0.000000s ]
SQL: SELECT `id`,`url` FROM `ocenter_menu` WHERE `pid` = 74 AND `hide` = 0  [ RunTime:0.000000s ]
SQL: SELECT `id`,`pid`,`title`,`url`,`tip` FROM `ocenter_menu` WHERE `group` = '消息管理' AND `pid` = 74 AND `hide` = 0 ORDER BY sort asc  [ RunTime:0.000000s ]
SQL: SELECT `id`,`pid`,`title`,`url`,`tip` FROM `ocenter_menu` WHERE `group` = '网站设置' AND `pid` = 74 AND `hide` = 0 ORDER BY sort asc  [ RunTime:0.000000s ]
SQL: SELECT `id`,`pid`,`title`,`url`,`tip` FROM `ocenter_menu` WHERE `group` = '导航管理' AND `pid` = 74 AND `hide` = 0 ORDER BY sort asc  [ RunTime:0.000000s ]
SQL: SELECT `id`,`pid`,`title`,`url`,`tip` FROM `ocenter_menu` WHERE `group` = '网站数据管理' AND `pid` = 74 AND `hide` = 0 ORDER BY sort asc  [ RunTime:0.001000s ]
SQL: SELECT `id`,`pid`,`title`,`url`,`tip` FROM `ocenter_menu` WHERE `group` = '升级补丁' AND `pid` = 74 AND `hide` = 0 ORDER BY sort asc  [ RunTime:0.001000s ]
SQL: SELECT `id`,`pid`,`title`,`url`,`tip` FROM `ocenter_menu` WHERE `group` = '计划任务' AND `pid` = 74 AND `hide` = 0 ORDER BY sort asc  [ RunTime:0.000000s ]
SQL: SELECT `id`,`pid`,`title`,`url`,`tip` FROM `ocenter_menu` WHERE `group` = '群发消息' AND `pid` = 74 AND `hide` = 0 ORDER BY sort asc  [ RunTime:0.000000s ]
SQL: SELECT DISTINCT  `group` FROM `ocenter_menu` WHERE ( pid = 10002 ) ORDER BY sort asc  [ RunTime:0.001000s ]
SQL: SELECT `id`,`url` FROM `ocenter_menu` WHERE `pid` = 10002 AND `hide` = 0  [ RunTime:0.000000s ]
SQL: SELECT `id`,`pid`,`title`,`url`,`tip` FROM `ocenter_menu` WHERE `group` = '设置' AND `pid` = 10002 AND `hide` = 0 ORDER BY sort asc  [ RunTime:0.000000s ]
SQL: SELECT `id`,`pid`,`title`,`url`,`tip` FROM `ocenter_menu` WHERE `group` = '圈子管理' AND `pid` = 10002 AND `hide` = 0 ORDER BY sort asc  [ RunTime:0.000000s ]
SQL: SELECT `id`,`pid`,`title`,`url`,`tip` FROM `ocenter_menu` WHERE `group` = '' AND `pid` = 10002 AND `hide` = 0 ORDER BY sort asc  [ RunTime:0.000000s ]
SQL: SELECT `id`,`pid`,`title`,`url`,`tip` FROM `ocenter_menu` WHERE `group` = '话题管理' AND `pid` = 10002 AND `hide` = 0 ORDER BY sort asc  [ RunTime:0.000000s ]
SQL: SELECT `id`,`pid`,`title`,`url`,`tip` FROM `ocenter_menu` WHERE `group` = '微博' AND `pid` = 10002 AND `hide` = 0 ORDER BY sort asc  [ RunTime:0.000000s ]
SQL: SELECT `id`,`pid`,`title`,`url`,`tip` FROM `ocenter_menu` WHERE `group` = '回复' AND `pid` = 10002 AND `hide` = 0 ORDER BY sort asc  [ RunTime:0.000000s ]
SQL: SELECT DISTINCT  `group` FROM `ocenter_menu` WHERE ( pid = 105 ) ORDER BY sort asc  [ RunTime:0.000000s ]
SQL: SELECT `id`,`url` FROM `ocenter_menu` WHERE `pid` = 105 AND `hide` = 0  [ RunTime:0.001000s ]
SQL: SELECT `id`,`pid`,`title`,`url`,`tip` FROM `ocenter_menu` WHERE `group` = '云市场' AND `pid` = 105 AND `hide` = 0 ORDER BY sort asc  [ RunTime:0.000000s ]
SQL: SELECT `id`,`pid`,`title`,`url`,`tip` FROM `ocenter_menu` WHERE `group` = '本地' AND `pid` = 105 AND `hide` = 0 ORDER BY sort asc  [ RunTime:0.000000s ]
SQL: SHOW COLUMNS FROM `ocenter_addons` [ RunTime:0.000000s ]
SQL: SELECT `title`,`name` FROM `ocenter_addons` WHERE ( status=1 AND has_adminlist=1 )  [ RunTime:0.000000s ]
SQL: SELECT DISTINCT  `group` FROM `ocenter_menu` WHERE ( pid = 10016 ) ORDER BY sort asc  [ RunTime:0.000000s ]
SQL: SELECT `id`,`url` FROM `ocenter_menu` WHERE `pid` = 10016 AND `hide` = 0  [ RunTime:0.000000s ]
SQL: SELECT `id`,`pid`,`title`,`url`,`tip` FROM `ocenter_menu` WHERE `group` = '配置' AND `pid` = 10016 AND `hide` = 0 ORDER BY sort asc  [ RunTime:0.000000s ]
SQL: SELECT DISTINCT  `group` FROM `ocenter_menu` WHERE ( pid = 13030 ) ORDER BY sort asc  [ RunTime:0.001000s ]
SQL: SELECT `id`,`url` FROM `ocenter_menu` WHERE `pid` = 13030 AND `hide` = 0  [ RunTime:0.000000s ]
SQL: SELECT `id`,`pid`,`title`,`url`,`tip` FROM `ocenter_menu` WHERE `group` = '资讯配置' AND `pid` = 13030 AND `hide` = 0 ORDER BY sort asc  [ RunTime:0.000000s ]
SQL: SELECT `id`,`pid`,`title`,`url`,`tip` FROM `ocenter_menu` WHERE `group` = '资讯管理' AND `pid` = 13030 AND `hide` = 0 ORDER BY sort asc  [ RunTime:0.000000s ]
SQL: SELECT DISTINCT  `group` FROM `ocenter_menu` WHERE ( pid = 13042 ) ORDER BY sort asc  [ RunTime:0.000000s ]
SQL: SELECT `id`,`url` FROM `ocenter_menu` WHERE `pid` = 13042 AND `hide` = 0  [ RunTime:0.000000s ]
SQL: SELECT `id`,`pid`,`title`,`url`,`tip` FROM `ocenter_menu` WHERE `group` = '分类管理' AND `pid` = 13042 AND `hide` = 0 ORDER BY sort asc  [ RunTime:0.000000s ]
SQL: SELECT `id`,`pid`,`title`,`url`,`tip` FROM `ocenter_menu` WHERE `group` = '板块' AND `pid` = 13042 AND `hide` = 0 ORDER BY sort asc  [ RunTime:0.000000s ]
SQL: SELECT `id`,`pid`,`title`,`url`,`tip` FROM `ocenter_menu` WHERE `group` = '帖子' AND `pid` = 13042 AND `hide` = 0 ORDER BY sort asc  [ RunTime:0.001000s ]
SQL: SELECT `id`,`pid`,`title`,`url`,`tip` FROM `ocenter_menu` WHERE `group` = '回复' AND `pid` = 13042 AND `hide` = 0 ORDER BY sort asc  [ RunTime:0.000000s ]
SQL: SELECT `id`,`pid`,`title`,`url`,`tip` FROM `ocenter_menu` WHERE `group` = '设置' AND `pid` = 13042 AND `hide` = 0 ORDER BY sort asc  [ RunTime:0.000000s ]
SQL: SELECT DISTINCT  `group` FROM `ocenter_menu` WHERE ( pid = 13061 ) ORDER BY sort asc  [ RunTime:0.001000s ]
SQL: SELECT `id`,`url` FROM `ocenter_menu` WHERE `pid` = 13061 AND `hide` = 0  [ RunTime:0.001000s ]
SQL: SELECT `id`,`pid`,`title`,`url`,`tip` FROM `ocenter_menu` WHERE `group` = '问答管理' AND `pid` = 13061 AND `hide` = 0 ORDER BY sort asc  [ RunTime:0.000000s ]
SQL: SELECT `id`,`pid`,`title`,`url`,`tip` FROM `ocenter_menu` WHERE `group` = '话题设置' AND `pid` = 13061 AND `hide` = 0 ORDER BY sort asc  [ RunTime:0.000000s ]
SQL: SELECT `id`,`pid`,`title`,`url`,`tip` FROM `ocenter_menu` WHERE `group` = '配置管理' AND `pid` = 13061 AND `hide` = 0 ORDER BY sort asc  [ RunTime:0.001000s ]
SQL: SELECT `id` FROM `ocenter_menu` WHERE ( url like 'Attest/attestlist%' OR url like '%/Attest/attestlist%'   ) LIMIT 1   [ RunTime:0.000000s ]
SQL: SHOW COLUMNS FROM `ocenter_menu` [ RunTime:0.000000s ]
SQL: SELECT `id`,`pid`,`title`,`url` FROM `ocenter_menu` WHERE ( id=279 ) LIMIT 1   [ RunTime:0.000000s ]
SQL: SELECT `id`,`pid`,`title`,`url` FROM `ocenter_menu` WHERE ( id=2 ) LIMIT 1   [ RunTime:0.000000s ]
SQL: SELECT DISTINCT  `group` FROM `ocenter_menu` WHERE ( pid = 2 ) ORDER BY sort asc  [ RunTime:0.000000s ]
SQL: SELECT `id`,`url` FROM `ocenter_menu` WHERE `pid` = 2 AND `hide` = 0  [ RunTime:0.000000s ]
SQL: SELECT `id`,`pid`,`title`,`url`,`tip`,`module` FROM `ocenter_menu` WHERE `group` = '认证管理' AND `pid` = 2 AND `hide` = 0 ORDER BY sort asc  [ RunTime:0.000000s ]
NOTIC: [8] Undefined index: module F:\wamp64\www\yoyo\Application\Admin\Controller\AdminController.class.php 第 477 行.
SQL: SELECT `id`,`pid`,`title`,`url`,`tip`,`module` FROM `ocenter_menu` WHERE `group` = '头衔管理' AND `pid` = 2 AND `hide` = 0 ORDER BY sort asc  [ RunTime:0.000000s ]
SQL: SELECT `id`,`pid`,`title`,`url`,`tip`,`module` FROM `ocenter_menu` WHERE `group` = '身份管理' AND `pid` = 2 AND `hide` = 0 ORDER BY sort asc  [ RunTime:0.001000s ]
SQL: SELECT `id`,`pid`,`title`,`url`,`tip`,`module` FROM `ocenter_menu` WHERE `group` = '用户配置' AND `pid` = 2 AND `hide` = 0 ORDER BY sort asc  [ RunTime:0.001000s ]
SQL: SELECT `id`,`pid`,`title`,`url`,`tip`,`module` FROM `ocenter_menu` WHERE `group` = '' AND `pid` = 2 AND `hide` = 0 ORDER BY sort asc  [ RunTime:0.001000s ]
SQL: SELECT `id`,`pid`,`title`,`url`,`tip`,`module` FROM `ocenter_menu` WHERE `group` = '标签与资料' AND `pid` = 2 AND `hide` = 0 ORDER BY sort asc  [ RunTime:0.000000s ]
SQL: SHOW COLUMNS FROM `ocenter_module` [ RunTime:0.000000s ]
SQL: SELECT * FROM `ocenter_menu` WHERE `module` = 'Ad' AND `pid` = 0 LIMIT 1   [ RunTime:0.000000s ]
SQL: SELECT * FROM `ocenter_menu` WHERE `module` = 'Bclient' AND `pid` = 0 LIMIT 1   [ RunTime:0.000000s ]
SQL: SELECT DISTINCT  `group` FROM `ocenter_menu` WHERE ( pid = 13000 ) ORDER BY sort asc  [ RunTime:0.001000s ]
SQL: SELECT `id`,`url` FROM `ocenter_menu` WHERE `pid` = 13000 AND `hide` = 0  [ RunTime:0.000000s ]
SQL: SELECT `id`,`pid`,`title`,`url`,`tip` FROM `ocenter_menu` WHERE `group` = '激活过程' AND `pid` = 13000 AND `hide` = 0 ORDER BY sort asc  [ RunTime:0.000000s ]
SQL: SELECT `id`,`pid`,`title`,`url`,`tip` FROM `ocenter_menu` WHERE `group` = '授权登录' AND `pid` = 13000 AND `hide` = 0 ORDER BY sort asc  [ RunTime:0.000000s ]
SQL: SELECT `id`,`pid`,`title`,`url`,`tip` FROM `ocenter_menu` WHERE `group` = '客户中心' AND `pid` = 13000 AND `hide` = 0 ORDER BY sort asc  [ RunTime:0.000000s ]
SQL: SELECT * FROM `ocenter_menu` WHERE `module` = 'Coin' AND `pid` = 0 LIMIT 1   [ RunTime:0.000000s ]
SQL: SELECT DISTINCT  `group` FROM `ocenter_menu` WHERE ( pid = 13100 ) ORDER BY sort asc  [ RunTime:0.000000s ]
SQL: SELECT `id`,`url` FROM `ocenter_menu` WHERE `pid` = 13100 AND `hide` = 0  [ RunTime:0.000000s ]
SQL: SELECT `id`,`pid`,`title`,`url`,`tip` FROM `ocenter_menu` WHERE `group` = '广告' AND `pid` = 13100 AND `hide` = 0 ORDER BY sort asc  [ RunTime:0.000000s ]
SQL: SELECT `id`,`pid`,`title`,`url`,`tip` FROM `ocenter_menu` WHERE `group` = '交易' AND `pid` = 13100 AND `hide` = 0 ORDER BY sort asc  [ RunTime:0.000000s ]
SQL: SELECT * FROM `ocenter_menu` WHERE `module` = 'Forum' AND `pid` = 0 LIMIT 1   [ RunTime:0.000000s ]
SQL: SELECT DISTINCT  `group` FROM `ocenter_menu` WHERE ( pid = 13042 ) ORDER BY sort asc  [ RunTime:0.000000s ]
SQL: SELECT `id`,`url` FROM `ocenter_menu` WHERE `pid` = 13042 AND `hide` = 0  [ RunTime:0.001000s ]
SQL: SELECT `id`,`pid`,`title`,`url`,`tip` FROM `ocenter_menu` WHERE `group` = '分类管理' AND `pid` = 13042 AND `hide` = 0 ORDER BY sort asc  [ RunTime:0.001000s ]
SQL: SELECT `id`,`pid`,`title`,`url`,`tip` FROM `ocenter_menu` WHERE `group` = '板块' AND `pid` = 13042 AND `hide` = 0 ORDER BY sort asc  [ RunTime:0.000000s ]
SQL: SELECT `id`,`pid`,`title`,`url`,`tip` FROM `ocenter_menu` WHERE `group` = '帖子' AND `pid` = 13042 AND `hide` = 0 ORDER BY sort asc  [ RunTime:0.000000s ]
SQL: SELECT `id`,`pid`,`title`,`url`,`tip` FROM `ocenter_menu` WHERE `group` = '回复' AND `pid` = 13042 AND `hide` = 0 ORDER BY sort asc  [ RunTime:0.000000s ]
SQL: SELECT `id`,`pid`,`title`,`url`,`tip` FROM `ocenter_menu` WHERE `group` = '设置' AND `pid` = 13042 AND `hide` = 0 ORDER BY sort asc  [ RunTime:0.000000s ]
SQL: SELECT * FROM `ocenter_menu` WHERE `module` = 'Help' AND `pid` = 0 LIMIT 1   [ RunTime:0.000000s ]
SQL: SELECT DISTINCT  `group` FROM `ocenter_menu` WHERE ( pid = 13098 ) ORDER BY sort asc  [ RunTime:0.000000s ]
SQL: SELECT `id`,`url` FROM `ocenter_menu` WHERE `pid` = 13098 AND `hide` = 0  [ RunTime:0.000000s ]
SQL: SELECT `id`,`pid`,`title`,`url`,`tip` FROM `ocenter_menu` WHERE `group` = '工单' AND `pid` = 13098 AND `hide` = 0 ORDER BY sort asc  [ RunTime:0.000000s ]
SQL: SELECT * FROM `ocenter_menu` WHERE `module` = 'Home' AND `pid` = 0 LIMIT 1   [ RunTime:0.000000s ]
SQL: SELECT DISTINCT  `group` FROM `ocenter_menu` WHERE ( pid = 10000 ) ORDER BY sort asc  [ RunTime:0.000000s ]
SQL: SELECT `id`,`url` FROM `ocenter_menu` WHERE `pid` = 10000 AND `hide` = 0  [ RunTime:0.000000s ]
SQL: SELECT `id`,`pid`,`title`,`url`,`tip` FROM `ocenter_menu` WHERE `group` = '设置' AND `pid` = 10000 AND `hide` = 0 ORDER BY sort asc  [ RunTime:0.000000s ]
SQL: SELECT * FROM `ocenter_menu` WHERE `module` = 'Mob' AND `pid` = 0 LIMIT 1   [ RunTime:0.001000s ]
SQL: SELECT DISTINCT  `group` FROM `ocenter_menu` WHERE ( pid = 10018 ) ORDER BY sort asc  [ RunTime:0.000000s ]
SQL: SELECT `id`,`url` FROM `ocenter_menu` WHERE `pid` = 10018 AND `hide` = 0  [ RunTime:0.000000s ]
SQL: SELECT `id`,`pid`,`title`,`url`,`tip` FROM `ocenter_menu` WHERE `group` = '设置' AND `pid` = 10018 AND `hide` = 0 ORDER BY sort asc  [ RunTime:0.001000s ]
SQL: SELECT * FROM `ocenter_menu` WHERE `module` = 'News' AND `pid` = 0 LIMIT 1   [ RunTime:0.000000s ]
SQL: SELECT DISTINCT  `group` FROM `ocenter_menu` WHERE ( pid = 13030 ) ORDER BY sort asc  [ RunTime:0.000000s ]
SQL: SELECT `id`,`url` FROM `ocenter_menu` WHERE `pid` = 13030 AND `hide` = 0  [ RunTime:0.000000s ]
SQL: SELECT `id`,`pid`,`title`,`url`,`tip` FROM `ocenter_menu` WHERE `group` = '资讯配置' AND `pid` = 13030 AND `hide` = 0 ORDER BY sort asc  [ RunTime:0.000000s ]
SQL: SELECT `id`,`pid`,`title`,`url`,`tip` FROM `ocenter_menu` WHERE `group` = '资讯管理' AND `pid` = 13030 AND `hide` = 0 ORDER BY sort asc  [ RunTime:0.000000s ]
SQL: SELECT * FROM `ocenter_menu` WHERE `module` = 'People' AND `pid` = 0 LIMIT 1   [ RunTime:0.000000s ]
SQL: SELECT DISTINCT  `group` FROM `ocenter_menu` WHERE ( pid = 10016 ) ORDER BY sort asc  [ RunTime:0.000000s ]
SQL: SELECT `id`,`url` FROM `ocenter_menu` WHERE `pid` = 10016 AND `hide` = 0  [ RunTime:0.001000s ]
SQL: SELECT `id`,`pid`,`title`,`url`,`tip` FROM `ocenter_menu` WHERE `group` = '配置' AND `pid` = 10016 AND `hide` = 0 ORDER BY sort asc  [ RunTime:0.001000s ]
SQL: SELECT * FROM `ocenter_menu` WHERE `module` = 'Question' AND `pid` = 0 LIMIT 1   [ RunTime:0.001000s ]
SQL: SELECT DISTINCT  `group` FROM `ocenter_menu` WHERE ( pid = 13061 ) ORDER BY sort asc  [ RunTime:0.000000s ]
SQL: SELECT `id`,`url` FROM `ocenter_menu` WHERE `pid` = 13061 AND `hide` = 0  [ RunTime:0.000000s ]
SQL: SELECT `id`,`pid`,`title`,`url`,`tip` FROM `ocenter_menu` WHERE `group` = '问答管理' AND `pid` = 13061 AND `hide` = 0 ORDER BY sort asc  [ RunTime:0.000000s ]
SQL: SELECT `id`,`pid`,`title`,`url`,`tip` FROM `ocenter_menu` WHERE `group` = '话题设置' AND `pid` = 13061 AND `hide` = 0 ORDER BY sort asc  [ RunTime:0.000000s ]
SQL: SELECT `id`,`pid`,`title`,`url`,`tip` FROM `ocenter_menu` WHERE `group` = '配置管理' AND `pid` = 13061 AND `hide` = 0 ORDER BY sort asc  [ RunTime:0.000000s ]
SQL: SELECT * FROM `ocenter_menu` WHERE `module` = 'Ucenter' AND `pid` = 0 LIMIT 1   [ RunTime:0.001000s ]
SQL: SELECT * FROM `ocenter_menu` WHERE `module` = 'Weibo' AND `pid` = 0 LIMIT 1   [ RunTime:0.000000s ]
SQL: SELECT DISTINCT  `group` FROM `ocenter_menu` WHERE ( pid = 10002 ) ORDER BY sort asc  [ RunTime:0.000000s ]
SQL: SELECT `id`,`url` FROM `ocenter_menu` WHERE `pid` = 10002 AND `hide` = 0  [ RunTime:0.001000s ]
SQL: SELECT `id`,`pid`,`title`,`url`,`tip` FROM `ocenter_menu` WHERE `group` = '设置' AND `pid` = 10002 AND `hide` = 0 ORDER BY sort asc  [ RunTime:0.000000s ]
SQL: SELECT `id`,`pid`,`title`,`url`,`tip` FROM `ocenter_menu` WHERE `group` = '圈子管理' AND `pid` = 10002 AND `hide` = 0 ORDER BY sort asc  [ RunTime:0.000000s ]
SQL: SELECT `id`,`pid`,`title`,`url`,`tip` FROM `ocenter_menu` WHERE `group` = '' AND `pid` = 10002 AND `hide` = 0 ORDER BY sort asc  [ RunTime:0.000000s ]
SQL: SELECT `id`,`pid`,`title`,`url`,`tip` FROM `ocenter_menu` WHERE `group` = '话题管理' AND `pid` = 10002 AND `hide` = 0 ORDER BY sort asc  [ RunTime:0.000000s ]
SQL: SELECT `id`,`pid`,`title`,`url`,`tip` FROM `ocenter_menu` WHERE `group` = '微博' AND `pid` = 10002 AND `hide` = 0 ORDER BY sort asc  [ RunTime:0.000000s ]
SQL: SELECT `id`,`pid`,`title`,`url`,`tip` FROM `ocenter_menu` WHERE `group` = '回复' AND `pid` = 10002 AND `hide` = 0 ORDER BY sort asc  [ RunTime:0.001000s ]
SQL: SHOW COLUMNS FROM `ocenter_addons` [ RunTime:0.001000s ]
SQL: SHOW COLUMNS FROM `ocenter_version` [ RunTime:0.000000s ]
SQL: SELECT * FROM `ocenter_version` ORDER BY number asc  [ RunTime:0.000000s ]
SQL: SELECT * FROM `ocenter_version` WHERE `name` = '5.1.0' LIMIT 1   [ RunTime:0.000000s ]
NOTIC: [2] Invalid argument supplied for foreach() F:\wamp64\www\yoyo\Application\Admin\Model\VersionModel.class.php 第 91 行.
SQL: SHOW COLUMNS FROM `ocenter_attest` [ RunTime:0.000000s ]
SQL: SHOW COLUMNS FROM `ocenter_attest_type` [ RunTime:0.000000s ]
SQL: SELECT * FROM `ocenter_attest_type` WHERE `id` = 1 LIMIT 1   [ RunTime:0.000000s ]
SQL: SELECT * FROM `ocenter_attest_type` WHERE `status` = 1  [ RunTime:0.000000s ]
SQL: SELECT COUNT(*) AS tp_count FROM `ocenter_attest` WHERE `status` IN ('1','2','0') AND `attest_type_id` = 1 LIMIT 1   [ RunTime:0.000000s ]
SQL: SELECT * FROM `ocenter_attest` WHERE `status` IN ('1','2','0') AND `attest_type_id` = 1 ORDER BY status desc,create_time desc LIMIT 0,20   [ RunTime:0.000000s ]
NOTIC: [2048] Declaration of Admin\Builder\AdminListBuilder::display() should be compatible with Admin\Builder\AdminBuilder::display($templateFile = '', $charset = '', $contentType = '', $content = '', $prefix = '') F:\wamp64\www\yoyo\Application\Admin\Builder\AdminListBuilder.class.php 第 7 行.
SQL: SELECT `type`,`name`,`value` FROM `ocenter_config` WHERE `status` = 1  [ RunTime:0.000000s ]
SQL: SELECT * FROM `ocenter_module` WHERE `name` = 'Admin' LIMIT 1   [ RunTime:0.000000s ]
INFO: [ action_begin ] --START--
INFO: Run Common\Behavior\InitModuleInfoBehavior [ RunTime:0.001000s ]
INFO: [ action_begin ] --END-- [ RunTime:-0.159000s ]
NOTIC: [2] http_build_query(): Parameter 1 expected to be Array or Object.  Incorrect value given F:\wamp64\www\yoyo\Application\Admin\Builder\AdminListBuilder.class.php 第 834 行.
NOTIC: [8] Use of undefined constant uid - assumed 'uid' F:\wamp64\www\yoyo\Application\Admin\Builder\AdminListBuilder.class.php 第 577 行.
SQL: SHOW COLUMNS FROM `ocenter_picture` [ RunTime:0.000000s ]
SQL: SELECT * FROM `ocenter_picture` WHERE `status` = 1 AND `id` = 23 LIMIT 1   [ RunTime:0.000000s ]
NOTIC: [2] unlink(./Runtime/Temp/8134cdf34534180f85cf8a7840e2ec53.php): No such file or directory F:\wamp64\www\yoyo\ThinkPHP\Library\Think\Cache\Driver\File.class.php 第 157 行.
NOTIC: [2] unlink(./Runtime/Temp/fce615bade6723682df27613326e79f6.php): No such file or directory F:\wamp64\www\yoyo\ThinkPHP\Library\Think\Cache\Driver\File.class.php 第 157 行.
SQL: SELECT * FROM `ocenter_picture` WHERE `status` = 1 AND `id` = 23 LIMIT 1   [ RunTime:0.000000s ]
NOTIC: [2] unlink(./Runtime/Temp/8134cdf34534180f85cf8a7840e2ec53.php): No such file or directory F:\wamp64\www\yoyo\ThinkPHP\Library\Think\Cache\Driver\File.class.php 第 157 行.
NOTIC: [2] unlink(./Runtime/Temp/fce615bade6723682df27613326e79f6.php): No such file or directory F:\wamp64\www\yoyo\ThinkPHP\Library\Think\Cache\Driver\File.class.php 第 157 行.
SQL: SELECT * FROM `ocenter_picture` WHERE `status` = 1 AND `id` = 11 LIMIT 1   [ RunTime:0.000000s ]
NOTIC: [2] unlink(./Runtime/Temp/65be35fb30fe4bf09a03caa1e0872914.php): No such file or directory F:\wamp64\www\yoyo\ThinkPHP\Library\Think\Cache\Driver\File.class.php 第 157 行.
NOTIC: [2] unlink(./Runtime/Temp/be978fc1d677bbfaf6d45b1d4bf60025.php): No such file or directory F:\wamp64\www\yoyo\ThinkPHP\Library\Think\Cache\Driver\File.class.php 第 157 行.
SQL: SELECT * FROM `ocenter_picture` WHERE `status` = 1 AND `id` = 11 LIMIT 1   [ RunTime:0.000000s ]
NOTIC: [2] unlink(./Runtime/Temp/65be35fb30fe4bf09a03caa1e0872914.php): No such file or directory F:\wamp64\www\yoyo\ThinkPHP\Library\Think\Cache\Driver\File.class.php 第 157 行.
NOTIC: [2] unlink(./Runtime/Temp/be978fc1d677bbfaf6d45b1d4bf60025.php): No such file or directory F:\wamp64\www\yoyo\ThinkPHP\Library\Think\Cache\Driver\File.class.php 第 157 行.
INFO: [ view_parse ] --START--
INFO: [ template_filter ] --START--
INFO: Run Behavior\ContentReplaceBehavior [ RunTime:0.001000s ]
INFO: [ template_filter ] --END-- [ RunTime:0.001000s ]
SQL: SELECT `value` FROM `ocenter_config` WHERE `name` = '_CONFIG_LOGO' LIMIT 1   [ RunTime:0.001000s ]
NOTIC: [8] Undefined index: admin_entry F:\wamp64\www\yoyo\Runtime\Cache\Admin\34ada9b2891883c373fda7b483ccd9fd.php 第 188 行.
NOTIC: [8] Undefined index: admin_entry F:\wamp64\www\yoyo\Runtime\Cache\Admin\34ada9b2891883c373fda7b483ccd9fd.php 第 188 行.
NOTIC: [8] Undefined index: admin_entry F:\wamp64\www\yoyo\Runtime\Cache\Admin\34ada9b2891883c373fda7b483ccd9fd.php 第 188 行.
SQL: SELECT `id` FROM `ocenter_menu` WHERE ( url like '%Attest/attestlist' AND pid > 0 ) LIMIT 1   [ RunTime:0.000000s ]
NOTIC: [8] Array to string conversion F:\wamp64\www\yoyo\Runtime\Cache\Admin\34ada9b2891883c373fda7b483ccd9fd.php 第 265 行.
NOTIC: [8] Undefined variable: show F:\wamp64\www\yoyo\Runtime\Cache\Admin\34ada9b2891883c373fda7b483ccd9fd.php 第 298 行.
NOTIC: [8] Undefined index: attest_type_id F:\wamp64\www\yoyo\Runtime\Cache\Admin\34ada9b2891883c373fda7b483ccd9fd.php 第 355 行.
NOTIC: [8] Undefined index: status F:\wamp64\www\yoyo\Runtime\Cache\Admin\34ada9b2891883c373fda7b483ccd9fd.php 第 355 行.
NOTIC: [8] Undefined variable: search F:\wamp64\www\yoyo\Runtime\Cache\Admin\34ada9b2891883c373fda7b483ccd9fd.php 第 376 行.
NOTIC: [8] Undefined variable: search F:\wamp64\www\yoyo\Runtime\Cache\Admin\34ada9b2891883c373fda7b483ccd9fd.php 第 376 行.
NOTIC: [8] Array to string conversion F:\wamp64\www\yoyo\Runtime\Cache\Admin\34ada9b2891883c373fda7b483ccd9fd.php 第 376 行.
NOTIC: [8] Undefined index: attest_type_id F:\wamp64\www\yoyo\Runtime\Cache\Admin\34ada9b2891883c373fda7b483ccd9fd.php 第 381 行.
NOTIC: [8] Undefined index: attest_type_id F:\wamp64\www\yoyo\Runtime\Cache\Admin\34ada9b2891883c373fda7b483ccd9fd.php 第 381 行.
NOTIC: [8] Undefined index: status F:\wamp64\www\yoyo\Runtime\Cache\Admin\34ada9b2891883c373fda7b483ccd9fd.php 第 381 行.
NOTIC: [8] Undefined index: status F:\wamp64\www\yoyo\Runtime\Cache\Admin\34ada9b2891883c373fda7b483ccd9fd.php 第 381 行.
NOTIC: [8] Undefined index: status F:\wamp64\www\yoyo\Runtime\Cache\Admin\34ada9b2891883c373fda7b483ccd9fd.php 第 381 行.
NOTIC: [8] Undefined index: status F:\wamp64\www\yoyo\Runtime\Cache\Admin\34ada9b2891883c373fda7b483ccd9fd.php 第 381 行.
NOTIC: [8] Undefined variable: report F:\wamp64\www\yoyo\Runtime\Cache\Admin\34ada9b2891883c373fda7b483ccd9fd.php 第 791 行.
INFO: Run Behavior\ParseTemplateBehavior [ RunTime:0.089000s ]
INFO: [ view_parse ] --END-- [ RunTime:0.090000s ]
INFO: [ view_filter ] --START--
INFO: Run Behavior\WriteHtmlCacheBehavior [ RunTime:0.000000s ]
INFO: [ view_filter ] --END-- [ RunTime:0.001000s ]
INFO: [ app_end ] --START--
INFO: Run Behavior\ShowPageTraceBehavior [ RunTime:0.000000s ]
INFO: [ app_end ] --END-- [ RunTime:0.000000s ]

[ 2017-10-29T15:56:47+08:00 ] 127.0.0.1 /yoyo/admin.php?s=/attest/setatteststatus.html&status=1
INFO: [ app_init ] --START--
INFO: Run Behavior\BuildLiteBehavior [ RunTime:0.000000s ]
INFO: Run Common\Behavior\InitHookBehavior [ RunTime:0.002000s ]
INFO: [ app_init ] --END-- [ RunTime:0.002000s ]
NOTIC: [8] Undefined index: router F:\wamp64\www\yoyo\Application\Common\Common\function.php 第 1936 行.
NOTIC: [8] Undefined index: router F:\wamp64\www\yoyo\Application\Common\Common\function.php 第 1936 行.
NOTIC: [8] Undefined index: router F:\wamp64\www\yoyo\Application\Common\Common\function.php 第 1936 行.
NOTIC: [8] Undefined index: router F:\wamp64\www\yoyo\Application\Common\Common\function.php 第 1936 行.
NOTIC: [8] Undefined index: router F:\wamp64\www\yoyo\Application\Common\Common\function.php 第 1936 行.
NOTIC: [8] Undefined index: router F:\wamp64\www\yoyo\Application\Common\Common\function.php 第 1936 行.
SQL: SHOW COLUMNS FROM `ocenter_config` [ RunTime:0.000000s ]
SQL: SELECT `type`,`name`,`value` FROM `ocenter_config` WHERE `status` = 1  [ RunTime:0.000000s ]
INFO: [ app_begin ] --START--
INFO: Run Behavior\ReadHtmlCacheBehavior [ RunTime:0.000000s ]
INFO: Run Behavior\CheckLangBehavior [ RunTime:0.012000s ]
INFO: [ app_begin ] --END-- [ RunTime:0.013000s ]
NOTIC: [8192] mysql_connect(): The mysql extension is deprecated and will be removed in the future: use mysqli or PDO instead F:\wamp64\www\yoyo\ThinkPHP\Library\Think\Session\Driver\Db.class.php 第 95 行.
SQL: SHOW COLUMNS FROM `ocenter_module` [ RunTime:0.001000s ]
SQL: SELECT `type`,`name`,`value` FROM `ocenter_config` WHERE `status` = 1  [ RunTime:0.001000s ]
SQL: SELECT * FROM `ocenter_module` WHERE `name` = 'Admin' LIMIT 1   [ RunTime:0.000000s ]
INFO: [ action_begin ] --START--
INFO: Run Common\Behavior\InitModuleInfoBehavior [ RunTime:0.000000s ]
INFO: [ action_begin ] --END-- [ RunTime:0.000000s ]
SQL: SHOW COLUMNS FROM `ocenter_version` [ RunTime:0.001000s ]
SQL: SHOW COLUMNS FROM `ocenter_attest` [ RunTime:0.000000s ]
SQL: SHOW COLUMNS FROM `ocenter_attest_type` [ RunTime:0.000000s ]
SQL: SELECT * FROM `ocenter_attest` WHERE `id` IN ('5')  [ RunTime:0.000000s ]
NOTIC: [2] unlink(./Runtime/Temp/9ee7dcc03f95fe1c76b94d8e21a881e0.php): No such file or directory F:\wamp64\www\yoyo\ThinkPHP\Library\Think\Cache\Driver\File.class.php 第 157 行.
NOTIC: [2] unlink(./Runtime/Temp/b5ba6052312e5a378dc5ab90543b351a.php): No such file or directory F:\wamp64\www\yoyo\ThinkPHP\Library\Think\Cache\Driver\File.class.php 第 157 行.
NOTIC: [2] unlink(./Runtime/Temp/e04a489863c84651bec9516861ed6bca.php): No such file or directory F:\wamp64\www\yoyo\ThinkPHP\Library\Think\Cache\Driver\File.class.php 第 157 行.
NOTIC: [2] unlink(./Runtime/Temp/76637bb8e433ea84d035d222038df3a2.php): No such file or directory F:\wamp64\www\yoyo\ThinkPHP\Library\Think\Cache\Driver\File.class.php 第 157 行.
SQL: SHOW COLUMNS FROM `ocenter_message` [ RunTime:0.001000s ]
NOTIC: [2048] Declaration of Admin\Builder\AdminListBuilder::display() should be compatible with Admin\Builder\AdminBuilder::display($templateFile = '', $charset = '', $contentType = '', $content = '', $prefix = '') F:\wamp64\www\yoyo\Application\Admin\Builder\AdminListBuilder.class.php 第 7 行.
SQL: SELECT `type`,`name`,`value` FROM `ocenter_config` WHERE `status` = 1  [ RunTime:0.000000s ]
SQL: SELECT * FROM `ocenter_module` WHERE `name` = 'Admin' LIMIT 1   [ RunTime:0.000000s ]
INFO: [ action_begin ] --START--
INFO: Run Common\Behavior\InitModuleInfoBehavior [ RunTime:0.001000s ]
INFO: [ action_begin ] --END-- [ RunTime:-0.015000s ]
SQL: SHOW COLUMNS FROM `ocenter_attest` [ RunTime:0.001000s ]
SQL: UPDATE `ocenter_attest` SET `status`=1 WHERE `id` IN ('5') [ RunTime:0.000000s ]

[ 2017-10-29T15:56:49+08:00 ] 127.0.0.1 /yoyo/admin.php?s=/attest/attestlist.html
INFO: [ app_init ] --START--
INFO: Run Behavior\BuildLiteBehavior [ RunTime:0.000000s ]
INFO: Run Common\Behavior\InitHookBehavior [ RunTime:0.002000s ]
INFO: [ app_init ] --END-- [ RunTime:0.003000s ]
NOTIC: [8] Undefined index: router F:\wamp64\www\yoyo\Application\Common\Common\function.php 第 1936 行.
NOTIC: [8] Undefined index: router F:\wamp64\www\yoyo\Application\Common\Common\function.php 第 1936 行.
NOTIC: [8] Undefined index: router F:\wamp64\www\yoyo\Application\Common\Common\function.php 第 1936 行.
NOTIC: [8] Undefined index: router F:\wamp64\www\yoyo\Application\Common\Common\function.php 第 1936 行.
NOTIC: [8] Undefined index: router F:\wamp64\www\yoyo\Application\Common\Common\function.php 第 1936 行.
NOTIC: [8] Undefined index: router F:\wamp64\www\yoyo\Application\Common\Common\function.php 第 1936 行.
SQL: SHOW COLUMNS FROM `ocenter_config` [ RunTime:0.000000s ]
SQL: SELECT `type`,`name`,`value` FROM `ocenter_config` WHERE `status` = 1  [ RunTime:0.000000s ]
INFO: [ app_begin ] --START--
INFO: Run Behavior\ReadHtmlCacheBehavior [ RunTime:0.000000s ]
INFO: Run Behavior\CheckLangBehavior [ RunTime:0.012000s ]
INFO: [ app_begin ] --END-- [ RunTime:0.014000s ]
NOTIC: [8192] mysql_connect(): The mysql extension is deprecated and will be removed in the future: use mysqli or PDO instead F:\wamp64\www\yoyo\ThinkPHP\Library\Think\Session\Driver\Db.class.php 第 95 行.
SQL: SHOW COLUMNS FROM `ocenter_module` [ RunTime:0.000000s ]
SQL: SELECT `type`,`name`,`value` FROM `ocenter_config` WHERE `status` = 1  [ RunTime:0.000000s ]
SQL: SELECT * FROM `ocenter_module` WHERE `name` = 'Admin' LIMIT 1   [ RunTime:0.000000s ]
INFO: [ action_begin ] --START--
INFO: Run Common\Behavior\InitModuleInfoBehavior [ RunTime:0.000000s ]
INFO: [ action_begin ] --END-- [ RunTime:0.000000s ]
SQL: SHOW COLUMNS FROM `ocenter_version` [ RunTime:0.001000s ]
SQL: SHOW COLUMNS FROM `ocenter_attest` [ RunTime:0.001000s ]
SQL: SHOW COLUMNS FROM `ocenter_attest_type` [ RunTime:0.000000s ]
SQL: SELECT * FROM `ocenter_attest_type` WHERE `id` = 1 LIMIT 1   [ RunTime:0.000000s ]
SQL: SELECT * FROM `ocenter_attest_type` WHERE `status` = 1  [ RunTime:0.000000s ]
SQL: SELECT COUNT(*) AS tp_count FROM `ocenter_attest` WHERE `status` IN ('1','2','0') AND `attest_type_id` = 1 LIMIT 1   [ RunTime:0.000000s ]
SQL: SELECT * FROM `ocenter_attest` WHERE `status` IN ('1','2','0') AND `attest_type_id` = 1 ORDER BY status desc,create_time desc LIMIT 0,20   [ RunTime:0.001000s ]
NOTIC: [2048] Declaration of Admin\Builder\AdminListBuilder::display() should be compatible with Admin\Builder\AdminBuilder::display($templateFile = '', $charset = '', $contentType = '', $content = '', $prefix = '') F:\wamp64\www\yoyo\Application\Admin\Builder\AdminListBuilder.class.php 第 7 行.
SQL: SELECT `type`,`name`,`value` FROM `ocenter_config` WHERE `status` = 1  [ RunTime:0.000000s ]
SQL: SELECT * FROM `ocenter_module` WHERE `name` = 'Admin' LIMIT 1   [ RunTime:0.000000s ]
INFO: [ action_begin ] --START--
INFO: Run Common\Behavior\InitModuleInfoBehavior [ RunTime:0.000000s ]
INFO: [ action_begin ] --END-- [ RunTime:-0.015000s ]
NOTIC: [2] http_build_query(): Parameter 1 expected to be Array or Object.  Incorrect value given F:\wamp64\www\yoyo\Application\Admin\Builder\AdminListBuilder.class.php 第 834 行.
NOTIC: [8] Use of undefined constant uid - assumed 'uid' F:\wamp64\www\yoyo\Application\Admin\Builder\AdminListBuilder.class.php 第 577 行.
SQL: SHOW COLUMNS FROM `ocenter_picture` [ RunTime:0.001000s ]
SQL: SELECT * FROM `ocenter_picture` WHERE `status` = 1 AND `id` = 23 LIMIT 1   [ RunTime:0.000000s ]
NOTIC: [2] unlink(./Runtime/Temp/8134cdf34534180f85cf8a7840e2ec53.php): No such file or directory F:\wamp64\www\yoyo\ThinkPHP\Library\Think\Cache\Driver\File.class.php 第 157 行.
NOTIC: [2] unlink(./Runtime/Temp/fce615bade6723682df27613326e79f6.php): No such file or directory F:\wamp64\www\yoyo\ThinkPHP\Library\Think\Cache\Driver\File.class.php 第 157 行.
SQL: SELECT * FROM `ocenter_picture` WHERE `status` = 1 AND `id` = 23 LIMIT 1   [ RunTime:0.001000s ]
NOTIC: [2] unlink(./Runtime/Temp/8134cdf34534180f85cf8a7840e2ec53.php): No such file or directory F:\wamp64\www\yoyo\ThinkPHP\Library\Think\Cache\Driver\File.class.php 第 157 行.
NOTIC: [2] unlink(./Runtime/Temp/fce615bade6723682df27613326e79f6.php): No such file or directory F:\wamp64\www\yoyo\ThinkPHP\Library\Think\Cache\Driver\File.class.php 第 157 行.
SQL: SELECT * FROM `ocenter_picture` WHERE `status` = 1 AND `id` = 11 LIMIT 1   [ RunTime:0.000000s ]
NOTIC: [2] unlink(./Runtime/Temp/65be35fb30fe4bf09a03caa1e0872914.php): No such file or directory F:\wamp64\www\yoyo\ThinkPHP\Library\Think\Cache\Driver\File.class.php 第 157 行.
NOTIC: [2] unlink(./Runtime/Temp/be978fc1d677bbfaf6d45b1d4bf60025.php): No such file or directory F:\wamp64\www\yoyo\ThinkPHP\Library\Think\Cache\Driver\File.class.php 第 157 行.
SQL: SELECT * FROM `ocenter_picture` WHERE `status` = 1 AND `id` = 11 LIMIT 1   [ RunTime:0.000000s ]
NOTIC: [2] unlink(./Runtime/Temp/65be35fb30fe4bf09a03caa1e0872914.php): No such file or directory F:\wamp64\www\yoyo\ThinkPHP\Library\Think\Cache\Driver\File.class.php 第 157 行.
NOTIC: [2] unlink(./Runtime/Temp/be978fc1d677bbfaf6d45b1d4bf60025.php): No such file or directory F:\wamp64\www\yoyo\ThinkPHP\Library\Think\Cache\Driver\File.class.php 第 157 行.
INFO: [ view_parse ] --START--
INFO: [ template_filter ] --START--
INFO: Run Behavior\ContentReplaceBehavior [ RunTime:0.001000s ]
INFO: [ template_filter ] --END-- [ RunTime:0.001000s ]
SQL: SELECT `value` FROM `ocenter_config` WHERE `name` = '_CONFIG_LOGO' LIMIT 1   [ RunTime:0.000000s ]
NOTIC: [8] Undefined index: admin_entry F:\wamp64\www\yoyo\Runtime\Cache\Admin\34ada9b2891883c373fda7b483ccd9fd.php 第 188 行.
NOTIC: [8] Undefined index: admin_entry F:\wamp64\www\yoyo\Runtime\Cache\Admin\34ada9b2891883c373fda7b483ccd9fd.php 第 188 行.
NOTIC: [8] Undefined index: admin_entry F:\wamp64\www\yoyo\Runtime\Cache\Admin\34ada9b2891883c373fda7b483ccd9fd.php 第 188 行.
SQL: SHOW COLUMNS FROM `ocenter_menu` [ RunTime:0.001000s ]
SQL: SELECT `id` FROM `ocenter_menu` WHERE ( url like '%Attest/attestlist' AND pid > 0 ) LIMIT 1   [ RunTime:0.000000s ]
NOTIC: [8] Array to string conversion F:\wamp64\www\yoyo\Runtime\Cache\Admin\34ada9b2891883c373fda7b483ccd9fd.php 第 265 行.
NOTIC: [8] Undefined variable: show F:\wamp64\www\yoyo\Runtime\Cache\Admin\34ada9b2891883c373fda7b483ccd9fd.php 第 298 行.
NOTIC: [8] Undefined index: attest_type_id F:\wamp64\www\yoyo\Runtime\Cache\Admin\34ada9b2891883c373fda7b483ccd9fd.php 第 355 行.
NOTIC: [8] Undefined index: status F:\wamp64\www\yoyo\Runtime\Cache\Admin\34ada9b2891883c373fda7b483ccd9fd.php 第 355 行.
NOTIC: [8] Undefined variable: search F:\wamp64\www\yoyo\Runtime\Cache\Admin\34ada9b2891883c373fda7b483ccd9fd.php 第 376 行.
NOTIC: [8] Undefined variable: search F:\wamp64\www\yoyo\Runtime\Cache\Admin\34ada9b2891883c373fda7b483ccd9fd.php 第 376 行.
NOTIC: [8] Array to string conversion F:\wamp64\www\yoyo\Runtime\Cache\Admin\34ada9b2891883c373fda7b483ccd9fd.php 第 376 行.
NOTIC: [8] Undefined index: attest_type_id F:\wamp64\www\yoyo\Runtime\Cache\Admin\34ada9b2891883c373fda7b483ccd9fd.php 第 381 行.
NOTIC: [8] Undefined index: attest_type_id F:\wamp64\www\yoyo\Runtime\Cache\Admin\34ada9b2891883c373fda7b483ccd9fd.php 第 381 行.
NOTIC: [8] Undefined index: status F:\wamp64\www\yoyo\Runtime\Cache\Admin\34ada9b2891883c373fda7b483ccd9fd.php 第 381 行.
NOTIC: [8] Undefined index: status F:\wamp64\www\yoyo\Runtime\Cache\Admin\34ada9b2891883c373fda7b483ccd9fd.php 第 381 行.
NOTIC: [8] Undefined index: status F:\wamp64\www\yoyo\Runtime\Cache\Admin\34ada9b2891883c373fda7b483ccd9fd.php 第 381 行.
NOTIC: [8] Undefined index: status F:\wamp64\www\yoyo\Runtime\Cache\Admin\34ada9b2891883c373fda7b483ccd9fd.php 第 381 行.
NOTIC: [8] Undefined variable: report F:\wamp64\www\yoyo\Runtime\Cache\Admin\34ada9b2891883c373fda7b483ccd9fd.php 第 791 行.
INFO: Run Behavior\ParseTemplateBehavior [ RunTime:0.096000s ]
INFO: [ view_parse ] --END-- [ RunTime:0.096000s ]
INFO: [ view_filter ] --START--
INFO: Run Behavior\WriteHtmlCacheBehavior [ RunTime:0.001000s ]
INFO: [ view_filter ] --END-- [ RunTime:0.001000s ]
INFO: [ app_end ] --START--
INFO: Run Behavior\ShowPageTraceBehavior [ RunTime:0.001000s ]
INFO: [ app_end ] --END-- [ RunTime:0.001000s ]

