[ 2017-09-24T16:38:30+08:00 ] 127.0.0.1 /yoyo/index.php?s=/weibo/index/index.html
INFO: [ app_init ] --START--
INFO: Run Behavior\BuildLiteBehavior [ RunTime:0.000000s ]
INFO: Run Common\Behavior\InitHookBehavior [ RunTime:0.001000s ]
INFO: [ app_init ] --END-- [ RunTime:0.001000s ]
NOTIC: [8] Undefined index: router F:\wamp64\www\yoyo\Application\Common\Common\function.php 第 1936 行.
NOTIC: [8] Undefined index: router F:\wamp64\www\yoyo\Application\Common\Common\function.php 第 1936 行.
NOTIC: [8] Undefined index: router F:\wamp64\www\yoyo\Application\Common\Common\function.php 第 1936 行.
NOTIC: [8] Undefined index: router F:\wamp64\www\yoyo\Application\Common\Common\function.php 第 1936 行.
NOTIC: [8] Undefined index: router F:\wamp64\www\yoyo\Application\Common\Common\function.php 第 1936 行.
SQL: SHOW COLUMNS FROM `ocenter_config` [ RunTime:0.000000s ]
SQL: SELECT `type`,`name`,`value` FROM `ocenter_config` WHERE `status` = 1  [ RunTime:0.000000s ]
INFO: [ app_begin ] --START--
INFO: Run Behavior\ReadHtmlCacheBehavior [ RunTime:0.001000s ]
INFO: Run Behavior\CheckLangBehavior [ RunTime:0.009000s ]
INFO: [ app_begin ] --END-- [ RunTime:0.011000s ]
NOTIC: [8192] mysql_connect(): The mysql extension is deprecated and will be removed in the future: use mysqli or PDO instead F:\wamp64\www\yoyo\ThinkPHP\Library\Think\Session\Driver\Db.class.php 第 95 行.
SQL: SHOW COLUMNS FROM `ocenter_module` [ RunTime:0.001000s ]
SQL: SELECT `type`,`name`,`value` FROM `ocenter_config` WHERE `status` = 1  [ RunTime:0.000000s ]
NOTIC: [8] Undefined variable: token F:\wamp64\www\yoyo\Application\Common\Model\ModuleModel.class.php 第 242 行.
NOTIC: [8] Undefined variable: res F:\wamp64\www\yoyo\Application\Common\Common\role.php 第 147 行.
INFO: [ action_begin ] --START--
INFO: Run Common\Behavior\InitModuleInfoBehavior [ RunTime:0.000000s ]
INFO: [ action_begin ] --END-- [ RunTime:0.000000s ]
SQL: SHOW COLUMNS FROM `ocenter_checkin` [ RunTime:0.000000s ]
SQL: SELECT * FROM `ocenter_checkin` WHERE `uid` = 1 AND `create_time` >= 1506182400 LIMIT 1   [ RunTime:0.000000s ]
SQL: select con_check,total_check from `ocenter_member`,`ocenter_ucenter_member` where uid=id and uid=1 limit 1 [ RunTime:0.000000s ]
NOTIC: [2] array_merge(): Argument #1 is not an array F:\wamp64\www\yoyo\Addons\CheckIn\Model\CheckInModel.class.php 第 19 行.
NOTIC: [2] unlink(./Runtime/Temp/00845b86d1366dcf9b2f9026a5180b1f.php): No such file or directory F:\wamp64\www\yoyo\ThinkPHP\Library\Think\Cache\Driver\File.class.php 第 157 行.
NOTIC: [2] unlink(./Runtime/Temp/ec84c275e0399c2317dbd0088b4be989.php): No such file or directory F:\wamp64\www\yoyo\ThinkPHP\Library\Think\Cache\Driver\File.class.php 第 157 行.
SQL: SELECT `value` FROM `ocenter_config` WHERE `name` = '_WEIBO_WEIBO_DEFAULT_TAB' LIMIT 1   [ RunTime:0.000000s ]
SQL: SELECT `value` FROM `ocenter_config` WHERE `name` = '_WEIBO_SUGGESTED_RAND' LIMIT 1   [ RunTime:0.000000s ]
SQL: SHOW COLUMNS FROM `ocenter_weibo` [ RunTime:0.000000s ]
SQL: SELECT MAX(id) AS tp_max FROM `ocenter_weibo` WHERE `status` = 1 AND `is_top` = 0 LIMIT 1   [ RunTime:0.000000s ]
SQL: SELECT `value` FROM `ocenter_config` WHERE `name` = '_WEIBO_SUGGESTED_VALUE' LIMIT 1   [ RunTime:0.000000s ]
SQL: SELECT `value` FROM `ocenter_config` WHERE `name` = '_WEIBO_SUGGESTED_NUM' LIMIT 1   [ RunTime:0.000000s ]
SQL: SHOW COLUMNS FROM `ocenter_weibo` [ RunTime:0.000000s ]
SQL: SHOW COLUMNS FROM `ocenter_follow` [ RunTime:0.000000s ]
SQL: SELECT * FROM `ocenter_follow` WHERE `who_follow` = 1  [ RunTime:0.000000s ]
NOTIC: [2] Invalid argument supplied for foreach() F:\wamp64\www\yoyo\Application\Common\Model\FollowModel.class.php 第 184 行.
SQL: SHOW COLUMNS FROM `ocenter_member` [ RunTime:0.000000s ]
SQL: SELECT `uid`,`fans` FROM `ocenter_member` WHERE `status` = 1 AND `uid` NOT IN ('1') AND `fans` > 0 ORDER BY fans desc,uid asc LIMIT 15   [ RunTime:0.000000s ]
NOTIC: [2] Invalid argument supplied for foreach() F:\wamp64\www\yoyo\Application\Weibo\Model\WeiboModel.class.php 第 294 行.
NOTIC: [2] unlink(./Runtime/Temp/3ecb4137fee8bfea9128f12d11ccf7e8.php): No such file or directory F:\wamp64\www\yoyo\ThinkPHP\Library\Think\Cache\Driver\File.class.php 第 157 行.
NOTIC: [2] unlink(./Runtime/Temp/c56f84da6e0e702b033aa7a3518befb4.php): No such file or directory F:\wamp64\www\yoyo\ThinkPHP\Library\Think\Cache\Driver\File.class.php 第 157 行.
SQL: SHOW COLUMNS FROM `ocenter_weibo_crowd` [ RunTime:0.001000s ]
SQL: SELECT * FROM `ocenter_weibo_crowd` WHERE `status` = 1 AND `invisible` = 1 AND `type` = 1  [ RunTime:0.000000s ]
NOTIC: [2] unlink(./Runtime/Temp/49bdab5028a82434e9bcd58c8dfa263c.php): No such file or directory F:\wamp64\www\yoyo\ThinkPHP\Library\Think\Cache\Driver\File.class.php 第 157 行.
NOTIC: [2] unlink(./Runtime/Temp/c887ede2c62710b72c2d37a35af2ffbc.php): No such file or directory F:\wamp64\www\yoyo\ThinkPHP\Library\Think\Cache\Driver\File.class.php 第 157 行.
SQL: SELECT * FROM `ocenter_weibo` WHERE `status` = 1 AND `is_top` = 1 ORDER BY create_time desc  [ RunTime:0.000000s ]
SQL: SELECT `id` FROM `ocenter_weibo` WHERE `status` = 1 AND `is_top` = 0 ORDER BY create_time desc LIMIT 10   [ RunTime:0.000000s ]
SQL: SELECT COUNT(*) AS tp_count FROM `ocenter_weibo` WHERE `status` = 1 AND `is_top` = 0 LIMIT 1   [ RunTime:0.000000s ]
SQL: SHOW COLUMNS FROM `ocenter_user_config` [ RunTime:0.001000s ]
SQL: SELECT * FROM `ocenter_user_config` WHERE `uid` = 1 AND `name` = 'user_cover' AND `role_id` = 0 AND `model` = '' LIMIT 1   [ RunTime:0.001000s ]
SQL: SHOW COLUMNS FROM `ocenter_picture` [ RunTime:0.000000s ]
SQL: SELECT * FROM `ocenter_picture` WHERE `status` = 1 AND `id` = null LIMIT 1   [ RunTime:0.000000s ]
NOTIC: [2] unlink(./Runtime/Temp/945c180f3240ad0e35d9eb8beb06401b.php): No such file or directory F:\wamp64\www\yoyo\ThinkPHP\Library\Think\Cache\Driver\File.class.php 第 157 行.
NOTIC: [2] unlink(./Runtime/Temp/deec309cb1249b5b7776ac8c8f45123b.php): No such file or directory F:\wamp64\www\yoyo\ThinkPHP\Library\Think\Cache\Driver\File.class.php 第 157 行.
SQL: SELECT `value` FROM `ocenter_config` WHERE `name` = '_WEIBO_RECOMMEND_TOPIC' LIMIT 1   [ RunTime:0.001000s ]
SQL: SELECT * FROM `ocenter_checkin` WHERE `uid` = 1 AND `create_time` >= 1506182400 LIMIT 1   [ RunTime:0.001000s ]
NOTIC: [2] array_merge(): Argument #1 is not an array F:\wamp64\www\yoyo\Addons\CheckIn\Model\CheckInModel.class.php 第 19 行.
NOTIC: [2] unlink(./Runtime/Temp/00845b86d1366dcf9b2f9026a5180b1f.php): No such file or directory F:\wamp64\www\yoyo\ThinkPHP\Library\Think\Cache\Driver\File.class.php 第 157 行.
NOTIC: [2] unlink(./Runtime/Temp/ec84c275e0399c2317dbd0088b4be989.php): No such file or directory F:\wamp64\www\yoyo\ThinkPHP\Library\Think\Cache\Driver\File.class.php 第 157 行.
SQL: SHOW COLUMNS FROM `ocenter_score_log` [ RunTime:0.000000s ]
SQL: SELECT `value` FROM `ocenter_score_log` WHERE `uid` = 1 AND `type` = 1 AND `action` = 'inc' AND `create_time` BETWEEN 1506182400 AND 1506268800  [ RunTime:0.000000s ]
SQL: SHOW COLUMNS FROM `ocenter_weibo_topic` [ RunTime:0.001000s ]
SQL: SELECT * FROM `ocenter_weibo_topic` WHERE `status` = 1 ORDER BY weibo_num desc LIMIT 10   [ RunTime:0.000000s ]
NOTIC: [2] unlink(./Runtime/Temp/93113cb49267a4cbb27767a6e1b635c1.php): No such file or directory F:\wamp64\www\yoyo\ThinkPHP\Library\Think\Cache\Driver\File.class.php 第 157 行.
NOTIC: [2] unlink(./Runtime/Temp/108531d2299820ecd3c3d7bcc6bf9a7b.php): No such file or directory F:\wamp64\www\yoyo\ThinkPHP\Library\Think\Cache\Driver\File.class.php 第 157 行.
SQL: SHOW COLUMNS FROM `ocenter_weibo_crowd` [ RunTime:0.000000s ]
SQL: SELECT * FROM `ocenter_weibo_crowd` WHERE `status` = 1 ORDER BY member_count desc LIMIT 5   [ RunTime:0.000000s ]
NOTIC: [2] unlink(./Runtime/Temp/92116dce6de6799c799aac6de4e6875f.php): No such file or directory F:\wamp64\www\yoyo\ThinkPHP\Library\Think\Cache\Driver\File.class.php 第 157 行.
NOTIC: [2] unlink(./Runtime/Temp/2824230eb4cf16341de553387290a539.php): No such file or directory F:\wamp64\www\yoyo\ThinkPHP\Library\Think\Cache\Driver\File.class.php 第 157 行.
NOTIC: [2] Invalid argument supplied for foreach() F:\wamp64\www\yoyo\Application\Weibo\Controller\IndexController.class.php 第 217 行.
SQL: SHOW COLUMNS FROM `ocenter_weibo_crowd_member` [ RunTime:0.001000s ]
SQL: SELECT * FROM `ocenter_weibo_crowd_member` WHERE `uid` = 1 AND `status` = 1  [ RunTime:0.000000s ]
NOTIC: [2] unlink(./Runtime/Temp/0da9e2274394db85b64a73f45d47dc62.php): No such file or directory F:\wamp64\www\yoyo\ThinkPHP\Library\Think\Cache\Driver\File.class.php 第 157 行.
NOTIC: [2] unlink(./Runtime/Temp/9603183ab4c46bfe3761f40dd3fee55f.php): No such file or directory F:\wamp64\www\yoyo\ThinkPHP\Library\Think\Cache\Driver\File.class.php 第 157 行.
NOTIC: [2] Invalid argument supplied for foreach() F:\wamp64\www\yoyo\Application\Weibo\Controller\IndexController.class.php 第 225 行.
INFO: [ view_parse ] --START--
INFO: [ template_filter ] --START--
INFO: Run Behavior\ContentReplaceBehavior [ RunTime:0.001000s ]
INFO: [ template_filter ] --END-- [ RunTime:0.001000s ]
INFO: [ syncMeta ] --START--
INFO: Run Addons\SyncLogin\SyncLoginAddon [ RunTime:0.002000s ]
INFO: [ syncMeta ] --END-- [ RunTime:0.002000s ]
SQL: SHOW COLUMNS FROM `ocenter_seo_rule` [ RunTime:0.001000s ]
NOTIC: [8192] mysql_escape_string(): This function is deprecated; use mysql_real_escape_string() instead. F:\wamp64\www\yoyo\Application\Common\Model\SeoRuleModel.class.php 第 78 行.
NOTIC: [8192] mysql_escape_string(): This function is deprecated; use mysql_real_escape_string() instead. F:\wamp64\www\yoyo\Application\Common\Model\SeoRuleModel.class.php 第 79 行.
NOTIC: [8192] mysql_escape_string(): This function is deprecated; use mysql_real_escape_string() instead. F:\wamp64\www\yoyo\Application\Common\Model\SeoRuleModel.class.php 第 80 行.
SQL: SELECT * FROM `ocenter_seo_rule` WHERE ( (app='' or app='Weibo') and (controller='' or controller='Index') and (action='' or action='index') and status=1 ) ORDER BY sort asc  [ RunTime:0.000000s ]
INFO: [ view_parse ] --START--
INFO: [ template_filter ] --START--
INFO: Run Behavior\ContentReplaceBehavior [ RunTime:0.000000s ]
INFO: [ template_filter ] --END-- [ RunTime:-0.034000s ]
INFO: Run Behavior\ParseTemplateBehavior [ RunTime:0.003000s ]
INFO: [ view_parse ] --END-- [ RunTime:0.003000s ]
INFO: [ view_filter ] --START--
INFO: Run Behavior\WriteHtmlCacheBehavior [ RunTime:0.000000s ]
INFO: [ view_filter ] --END-- [ RunTime:0.000000s ]
INFO: [ view_parse ] --START--
INFO: [ template_filter ] --START--
INFO: Run Behavior\ContentReplaceBehavior [ RunTime:0.000000s ]
INFO: [ template_filter ] --END-- [ RunTime:-0.038000s ]
INFO: Run Behavior\ParseTemplateBehavior [ RunTime:0.003000s ]
INFO: [ view_parse ] --END-- [ RunTime:-0.001000s ]
INFO: [ view_filter ] --START--
INFO: Run Behavior\WriteHtmlCacheBehavior [ RunTime:0.000000s ]
INFO: [ view_filter ] --END-- [ RunTime:-0.004000s ]
INFO: [ view_parse ] --START--
INFO: [ template_filter ] --START--
INFO: Run Behavior\ContentReplaceBehavior [ RunTime:0.000000s ]
INFO: [ template_filter ] --END-- [ RunTime:-0.042000s ]
INFO: Run Behavior\ParseTemplateBehavior [ RunTime:0.003000s ]
INFO: [ view_parse ] --END-- [ RunTime:-0.005000s ]
INFO: [ view_filter ] --START--
INFO: Run Behavior\WriteHtmlCacheBehavior [ RunTime:0.000000s ]
INFO: [ view_filter ] --END-- [ RunTime:-0.008000s ]
SQL: SELECT `type`,`name`,`value` FROM `ocenter_config` WHERE `status` = 1  [ RunTime:0.000000s ]
SQL: SHOW COLUMNS FROM `ocenter_pushing` [ RunTime:0.001000s ]
ERR: 1146:Table 'yoyobit.ocenter_pushing' doesn't exist
 [ SQL语句 ] : SHOW COLUMNS FROM `ocenter_pushing`
SQL: SHOW COLUMNS FROM `ocenter_member` [ RunTime:0.000000s ]
SQL: SELECT `value` FROM `ocenter_config` WHERE `name` = '_CONFIG_LOGO' LIMIT 1   [ RunTime:0.001000s ]
SQL: SHOW COLUMNS FROM `ocenter_channel` [ RunTime:0.000000s ]
NOTIC: [8] Undefined index: _ F:\wamp64\www\yoyo\Runtime\Cache\Weibo\c2993ac2a6b2be2fd3fb80417f33d2d4.php 第 142 行.
NOTIC: [8] Undefined index: _ F:\wamp64\www\yoyo\Runtime\Cache\Weibo\c2993ac2a6b2be2fd3fb80417f33d2d4.php 第 142 行.
NOTIC: [8] Undefined index: _ F:\wamp64\www\yoyo\Runtime\Cache\Weibo\c2993ac2a6b2be2fd3fb80417f33d2d4.php 第 142 行.
NOTIC: [8] Undefined index: _ F:\wamp64\www\yoyo\Runtime\Cache\Weibo\c2993ac2a6b2be2fd3fb80417f33d2d4.php 第 142 行.
SQL: SHOW COLUMNS FROM `ocenter_member` [ RunTime:0.001000s ]
SQL: SELECT `reg_time` FROM `ocenter_member` WHERE `uid` = 1 LIMIT 1   [ RunTime:0.000000s ]
SQL: SELECT * FROM `ocenter_user_config` WHERE `uid` = 1 AND `name` = 'user_cover' AND `role_id` = 0 AND `model` = '' LIMIT 1   [ RunTime:0.000000s ]
SQL: SELECT * FROM `ocenter_picture` WHERE `status` = 1 AND `id` = null LIMIT 1   [ RunTime:0.000000s ]
NOTIC: [2] unlink(./Runtime/Temp/945c180f3240ad0e35d9eb8beb06401b.php): No such file or directory F:\wamp64\www\yoyo\ThinkPHP\Library\Think\Cache\Driver\File.class.php 第 157 行.
NOTIC: [2] unlink(./Runtime/Temp/deec309cb1249b5b7776ac8c8f45123b.php): No such file or directory F:\wamp64\www\yoyo\ThinkPHP\Library\Think\Cache\Driver\File.class.php 第 157 行.
SQL: SELECT `value` FROM `ocenter_config` WHERE `name` = '_USERCONFIG_LEVEL' LIMIT 1   [ RunTime:0.000000s ]
SQL: SELECT `value` FROM `ocenter_config` WHERE `name` = '_USERCONFIG_LEVEL' LIMIT 1   [ RunTime:0.000000s ]
SQL: SELECT `value` FROM `ocenter_config` WHERE `name` = '_WEIBO_WEIBO_INFO' LIMIT 1   [ RunTime:0.000000s ]
SQL: SELECT `value` FROM `ocenter_config` WHERE `name` = '_WEIBO_CAN_IMAGE' LIMIT 1   [ RunTime:0.000000s ]
SQL: SELECT `value` FROM `ocenter_config` WHERE `name` = '_WEIBO_CAN_TOPIC' LIMIT 1   [ RunTime:0.000000s ]
NOTIC: [8] Undefined variable: crowd_type F:\wamp64\www\yoyo\Runtime\Cache\Weibo\c2993ac2a6b2be2fd3fb80417f33d2d4.php 第 503 行.
SQL: SELECT `value` FROM `ocenter_config` WHERE `name` = '_WEIBO_USE_TOPIC' LIMIT 1   [ RunTime:0.000000s ]
NOTIC: [8] Undefined variable: weibo F:\wamp64\www\yoyo\Runtime\Cache\Weibo\c2993ac2a6b2be2fd3fb80417f33d2d4.php 第 590 行.
NOTIC: [8] Undefined variable: need_login_tab F:\wamp64\www\yoyo\Runtime\Cache\Weibo\c2993ac2a6b2be2fd3fb80417f33d2d4.php 第 598 行.
NOTIC: [2] in_array() expects parameter 2 to be array, null given F:\wamp64\www\yoyo\Runtime\Cache\Weibo\c2993ac2a6b2be2fd3fb80417f33d2d4.php 第 598 行.
NOTIC: [8] Undefined variable: need_login_tab F:\wamp64\www\yoyo\Runtime\Cache\Weibo\c2993ac2a6b2be2fd3fb80417f33d2d4.php 第 598 行.
NOTIC: [2] in_array() expects parameter 2 to be array, null given F:\wamp64\www\yoyo\Runtime\Cache\Weibo\c2993ac2a6b2be2fd3fb80417f33d2d4.php 第 598 行.
NOTIC: [8] Undefined variable: need_login_tab F:\wamp64\www\yoyo\Runtime\Cache\Weibo\c2993ac2a6b2be2fd3fb80417f33d2d4.php 第 598 行.
NOTIC: [2] in_array() expects parameter 2 to be array, null given F:\wamp64\www\yoyo\Runtime\Cache\Weibo\c2993ac2a6b2be2fd3fb80417f33d2d4.php 第 598 行.
NOTIC: [8] Undefined variable: need_login_tab F:\wamp64\www\yoyo\Runtime\Cache\Weibo\c2993ac2a6b2be2fd3fb80417f33d2d4.php 第 598 行.
NOTIC: [2] in_array() expects parameter 2 to be array, null given F:\wamp64\www\yoyo\Runtime\Cache\Weibo\c2993ac2a6b2be2fd3fb80417f33d2d4.php 第 598 行.
NOTIC: [8] Use of undefined constant concerned - assumed 'concerned' F:\wamp64\www\yoyo\Runtime\Cache\Weibo\c2993ac2a6b2be2fd3fb80417f33d2d4.php 第 624 行.
NOTIC: [8] Undefined variable: invisible F:\wamp64\www\yoyo\Runtime\Cache\Weibo\c2993ac2a6b2be2fd3fb80417f33d2d4.php 第 880 行.
SQL: SELECT `value` FROM `ocenter_config` WHERE `name` = '_USERCONFIG_LEVEL' LIMIT 1   [ RunTime:0.000000s ]
SQL: SELECT `value` FROM `ocenter_config` WHERE `name` = '_USERCONFIG_LEVEL' LIMIT 1   [ RunTime:0.000000s ]
NOTIC: [8] Undefined variable: module F:\wamp64\www\yoyo\Application\Common\Common\role.php 第 178 行.
NOTIC: [8] Undefined variable: res F:\wamp64\www\yoyo\Application\Common\Common\role.php 第 191 行.
INFO: [ checkIn ] --START--
SQL: SELECT * FROM `ocenter_checkin` WHERE `uid` = 1 AND `create_time` >= 1506182400 LIMIT 1   [ RunTime:0.000000s ]
NOTIC: [2] array_merge(): Argument #1 is not an array F:\wamp64\www\yoyo\Addons\CheckIn\Model\CheckInModel.class.php 第 19 行.
NOTIC: [2] unlink(./Runtime/Temp/00845b86d1366dcf9b2f9026a5180b1f.php): No such file or directory F:\wamp64\www\yoyo\ThinkPHP\Library\Think\Cache\Driver\File.class.php 第 157 行.
NOTIC: [2] unlink(./Runtime/Temp/ec84c275e0399c2317dbd0088b4be989.php): No such file or directory F:\wamp64\www\yoyo\ThinkPHP\Library\Think\Cache\Driver\File.class.php 第 157 行.
INFO: [ view_parse ] --START--
INFO: [ template_filter ] --START--
INFO: Run Behavior\ContentReplaceBehavior [ RunTime:0.000000s ]
INFO: [ template_filter ] --END-- [ RunTime:-0.088000s ]
INFO: Run Behavior\ParseTemplateBehavior [ RunTime:0.005000s ]
INFO: [ view_parse ] --END-- [ RunTime:-0.050000s ]
INFO: [ view_filter ] --START--
INFO: Run Behavior\WriteHtmlCacheBehavior [ RunTime:0.001000s ]
INFO: [ view_filter ] --END-- [ RunTime:-0.055000s ]
INFO: Run Addons\CheckIn\CheckInAddon [ RunTime:0.009000s ]
INFO: [ checkIn ] --END-- [ RunTime:0.009000s ]
SQL: SELECT `type`,`name`,`value` FROM `ocenter_config` WHERE `status` = 1  [ RunTime:0.000000s ]
NOTIC: [8] Undefined variable: token F:\wamp64\www\yoyo\Application\Common\Model\ModuleModel.class.php 第 242 行.
NOTIC: [8] Undefined variable: res F:\wamp64\www\yoyo\Application\Common\Common\role.php 第 147 行.
INFO: [ action_begin ] --START--
INFO: Run Common\Behavior\InitModuleInfoBehavior [ RunTime:0.000000s ]
INFO: [ action_begin ] --END-- [ RunTime:-0.218000s ]
SQL: SHOW COLUMNS FROM `ocenter_adv_pos` [ RunTime:0.001000s ]
SQL: SELECT * FROM `ocenter_adv_pos` WHERE `name` = 'below_self_info' AND `path` = 'Weibo/Index/index' AND `status` = 1 LIMIT 1   [ RunTime:0.000000s ]
SQL: SHOW COLUMNS FROM `ocenter_adv` [ RunTime:0.000000s ]
SQL: SELECT * FROM `ocenter_adv` WHERE `pos_id` = 4 AND `status` = 1 AND `start_time` < 1506242310 AND `end_time` > 1506242310 ORDER BY sort asc  [ RunTime:0.000000s ]
NOTIC: [2] Invalid argument supplied for foreach() F:\wamp64\www\yoyo\Application\Common\Model\AdvModel.class.php 第 31 行.
INFO: [ view_parse ] --START--
INFO: [ template_filter ] --START--
INFO: Run Behavior\ContentReplaceBehavior [ RunTime:0.000000s ]
INFO: [ template_filter ] --END-- [ RunTime:-0.107000s ]
INFO: Run Behavior\ParseTemplateBehavior [ RunTime:0.005000s ]
INFO: [ view_parse ] --END-- [ RunTime:-0.069000s ]
INFO: [ view_filter ] --START--
INFO: Run Behavior\WriteHtmlCacheBehavior [ RunTime:0.000000s ]
INFO: [ view_filter ] --END-- [ RunTime:-0.074000s ]
INFO: [ weiboSide ] --START--
NOTIC: [2] unlink(./Runtime/Temp/c589e0d7eccd0d0f914bc30da364fa34.php): No such file or directory F:\wamp64\www\yoyo\ThinkPHP\Library\Think\Cache\Driver\File.class.php 第 157 行.
NOTIC: [2] unlink(./Runtime/Temp/a4cb3560e9865d9beedfa040de1c8519.php): No such file or directory F:\wamp64\www\yoyo\ThinkPHP\Library\Think\Cache\Driver\File.class.php 第 157 行.
SQL: SHOW COLUMNS FROM `ocenter_addons` [ RunTime:0.000000s ]
SQL: SELECT * FROM `ocenter_addons` WHERE `name` = 'Recommend' LIMIT 1   [ RunTime:0.000000s ]
NOTIC: [2] array_diff(): Argument #1 is not an array F:\wamp64\www\yoyo\Addons\Recommend\Common\function.php 第 25 行.
NOTIC: [2] sort() expects parameter 1 to be array, null given F:\wamp64\www\yoyo\Addons\Recommend\Common\function.php 第 26 行.
INFO: Run Addons\Recommend\RecommendAddon [ RunTime:0.005000s ]
INFO: [ weiboSide ] --END-- [ RunTime:0.005000s ]
SQL: SELECT * FROM `ocenter_adv_pos` WHERE `name` = 'below_checkrank' AND `path` = 'Weibo/Index/index' AND `status` = 1 LIMIT 1   [ RunTime:0.000000s ]
SQL: SELECT * FROM `ocenter_adv` WHERE `pos_id` = 2 AND `status` = 1 AND `start_time` < 1506242310 AND `end_time` > 1506242310 ORDER BY sort asc  [ RunTime:0.000000s ]
NOTIC: [2] Invalid argument supplied for foreach() F:\wamp64\www\yoyo\Application\Common\Model\AdvModel.class.php 第 31 行.
INFO: [ view_parse ] --START--
INFO: [ template_filter ] --START--
INFO: Run Behavior\ContentReplaceBehavior [ RunTime:0.000000s ]
INFO: [ template_filter ] --END-- [ RunTime:-0.124000s ]
INFO: Run Behavior\ParseTemplateBehavior [ RunTime:0.005000s ]
INFO: [ view_parse ] --END-- [ RunTime:-0.086000s ]
INFO: [ view_filter ] --START--
INFO: Run Behavior\WriteHtmlCacheBehavior [ RunTime:0.000000s ]
INFO: [ view_filter ] --END-- [ RunTime:-0.091000s ]
SQL: SELECT `type`,`name`,`value` FROM `ocenter_config` WHERE `status` = 1  [ RunTime:0.001000s ]
NOTIC: [8] Undefined variable: token F:\wamp64\www\yoyo\Application\Common\Model\ModuleModel.class.php 第 242 行.
NOTIC: [8] Undefined variable: res F:\wamp64\www\yoyo\Application\Common\Common\role.php 第 147 行.
INFO: [ action_begin ] --START--
INFO: Run Common\Behavior\InitModuleInfoBehavior [ RunTime:0.000000s ]
INFO: [ action_begin ] --END-- [ RunTime:-0.254000s ]
NOTIC: [2] Missing argument 1 for Common\Widget\SuperLinksWidget::superLinks() F:\wamp64\www\yoyo\Application\Common\Widget\SuperLinksWidget.class.php 第 15 行.
SQL: SHOW COLUMNS FROM `ocenter_super_links` [ RunTime:0.000000s ]
SQL: SELECT * FROM `ocenter_super_links` WHERE ( status = 1 ) ORDER BY level desc,id asc  [ RunTime:0.000000s ]
NOTIC: [2] Invalid argument supplied for foreach() F:\wamp64\www\yoyo\Application\Common\Model\SuperLinksModel.class.php 第 37 行.
NOTIC: [8] Undefined variable: data F:\wamp64\www\yoyo\Application\Common\Model\SuperLinksModel.class.php 第 48 行.
NOTIC: [8] Undefined variable: param F:\wamp64\www\yoyo\Application\Common\Widget\SuperLinksWidget.class.php 第 19 行.
INFO: [ view_parse ] --START--
INFO: [ template_filter ] --START--
INFO: Run Behavior\ContentReplaceBehavior [ RunTime:0.000000s ]
INFO: [ template_filter ] --END-- [ RunTime:-0.139000s ]
INFO: Run Behavior\ParseTemplateBehavior [ RunTime:0.008000s ]
INFO: [ view_parse ] --END-- [ RunTime:-0.098000s ]
INFO: [ view_filter ] --START--
INFO: Run Behavior\WriteHtmlCacheBehavior [ RunTime:0.000000s ]
INFO: [ view_filter ] --END-- [ RunTime:-0.106000s ]
SQL: SELECT `value` FROM `ocenter_config` WHERE `name` = '_CONFIG_QRCODE_BOTTOM' LIMIT 1   [ RunTime:0.000000s ]
NOTIC: [8] Undefined variable: site F:\wamp64\www\yoyo\Runtime\Cache\Weibo\c2993ac2a6b2be2fd3fb80417f33d2d4.php 第 1239 行.
NOTIC: [2] reset() expects parameter 1 to be array, boolean given F:\wamp64\www\yoyo\Runtime\Cache\Weibo\c2993ac2a6b2be2fd3fb80417f33d2d4.php 第 1258 行.
NOTIC: [8] Undefined variable: crowd_type F:\wamp64\www\yoyo\Runtime\Cache\Weibo\c2993ac2a6b2be2fd3fb80417f33d2d4.php 第 1260 行.
INFO: [ pageFooter ] --START--
INFO: Run Addons\SuperLinks\SuperLinksAddon [ RunTime:0.001000s ]
INFO: [ pageFooter ] --END-- [ RunTime:0.001000s ]
SQL: SELECT `type`,`name`,`value` FROM `ocenter_config` WHERE `status` = 1  [ RunTime:0.001000s ]
NOTIC: [8] Undefined variable: token F:\wamp64\www\yoyo\Application\Common\Model\ModuleModel.class.php 第 242 行.
NOTIC: [8] Undefined variable: res F:\wamp64\www\yoyo\Application\Common\Common\role.php 第 147 行.
INFO: [ action_begin ] --START--
INFO: Run Common\Behavior\InitModuleInfoBehavior [ RunTime:0.000000s ]
INFO: [ action_begin ] --END-- [ RunTime:-0.271000s ]
SQL: SELECT `type`,`name`,`value` FROM `ocenter_config` WHERE `status` = 1  [ RunTime:0.001000s ]
NOTIC: [8] Undefined variable: token F:\wamp64\www\yoyo\Application\Common\Model\ModuleModel.class.php 第 242 行.
NOTIC: [8] Undefined variable: res F:\wamp64\www\yoyo\Application\Common\Common\role.php 第 147 行.
INFO: [ action_begin ] --START--
INFO: Run Common\Behavior\InitModuleInfoBehavior [ RunTime:0.000000s ]
INFO: [ action_begin ] --END-- [ RunTime:-0.276000s ]
INFO: [ view_parse ] --START--
INFO: [ template_filter ] --START--
INFO: Run Behavior\ContentReplaceBehavior [ RunTime:0.000000s ]
INFO: [ template_filter ] --END-- [ RunTime:-0.156000s ]
INFO: Run Behavior\ParseTemplateBehavior [ RunTime:0.004000s ]
INFO: [ view_parse ] --END-- [ RunTime:-0.118000s ]
INFO: [ view_filter ] --START--
INFO: Run Behavior\WriteHtmlCacheBehavior [ RunTime:0.000000s ]
INFO: [ view_filter ] --END-- [ RunTime:-0.122000s ]
INFO: Run Behavior\ParseTemplateBehavior [ RunTime:0.004000s ]
INFO: [ view_parse ] --END-- [ RunTime:-0.118000s ]
INFO: [ view_filter ] --START--
INFO: Run Behavior\WriteHtmlCacheBehavior [ RunTime:0.000000s ]
INFO: [ view_filter ] --END-- [ RunTime:-0.122000s ]
INFO: [ app_end ] --START--
INFO: Run Behavior\ShowPageTraceBehavior [ RunTime:0.000000s ]
INFO: [ app_end ] --END-- [ RunTime:0.001000s ]

[ 2017-09-24T16:38:30+08:00 ] 127.0.0.1 /yoyo/index.php?s=/weibo/index/loadweibo/uid/0.html&page=1&lastId=NaN&type=all&loadCount=1&crowd=&select=all_
INFO: [ app_init ] --START--
INFO: Run Behavior\BuildLiteBehavior [ RunTime:0.000000s ]
INFO: Run Common\Behavior\InitHookBehavior [ RunTime:0.002000s ]
INFO: [ app_init ] --END-- [ RunTime:0.003000s ]
NOTIC: [8] Undefined index: router F:\wamp64\www\yoyo\Application\Common\Common\function.php 第 1936 行.
NOTIC: [8] Undefined index: router F:\wamp64\www\yoyo\Application\Common\Common\function.php 第 1936 行.
NOTIC: [8] Undefined index: router F:\wamp64\www\yoyo\Application\Common\Common\function.php 第 1936 行.
NOTIC: [8] Undefined index: router F:\wamp64\www\yoyo\Application\Common\Common\function.php 第 1936 行.
NOTIC: [8] Undefined index: router F:\wamp64\www\yoyo\Application\Common\Common\function.php 第 1936 行.
SQL: SHOW COLUMNS FROM `ocenter_config` [ RunTime:0.001000s ]
SQL: SELECT `type`,`name`,`value` FROM `ocenter_config` WHERE `status` = 1  [ RunTime:0.000000s ]
INFO: [ app_begin ] --START--
INFO: Run Behavior\ReadHtmlCacheBehavior [ RunTime:0.000000s ]
INFO: Run Behavior\CheckLangBehavior [ RunTime:0.013000s ]
INFO: [ app_begin ] --END-- [ RunTime:0.013000s ]
NOTIC: [8192] mysql_connect(): The mysql extension is deprecated and will be removed in the future: use mysqli or PDO instead F:\wamp64\www\yoyo\ThinkPHP\Library\Think\Session\Driver\Db.class.php 第 95 行.
SQL: SHOW COLUMNS FROM `ocenter_module` [ RunTime:0.001000s ]
SQL: SELECT `type`,`name`,`value` FROM `ocenter_config` WHERE `status` = 1  [ RunTime:0.000000s ]
NOTIC: [8] Undefined variable: token F:\wamp64\www\yoyo\Application\Common\Model\ModuleModel.class.php 第 242 行.
NOTIC: [8] Undefined variable: res F:\wamp64\www\yoyo\Application\Common\Common\role.php 第 147 行.
INFO: [ action_begin ] --START--
INFO: Run Common\Behavior\InitModuleInfoBehavior [ RunTime:0.000000s ]
INFO: [ action_begin ] --END-- [ RunTime:0.001000s ]
SQL: SHOW COLUMNS FROM `ocenter_weibo` [ RunTime:0.000000s ]
SQL: SHOW COLUMNS FROM `ocenter_weibo_crowd` [ RunTime:0.000000s ]
SQL: SELECT * FROM `ocenter_weibo_crowd` WHERE `status` = 1 AND `invisible` = 1 AND `type` = 1  [ RunTime:0.000000s ]
NOTIC: [2] unlink(./Runtime/Temp/49bdab5028a82434e9bcd58c8dfa263c.php): No such file or directory F:\wamp64\www\yoyo\ThinkPHP\Library\Think\Cache\Driver\File.class.php 第 157 行.
NOTIC: [2] unlink(./Runtime/Temp/c887ede2c62710b72c2d37a35af2ffbc.php): No such file or directory F:\wamp64\www\yoyo\ThinkPHP\Library\Think\Cache\Driver\File.class.php 第 157 行.
SQL: SHOW COLUMNS FROM `ocenter_weibo` [ RunTime:0.000000s ]
SQL: SELECT MAX(id) AS tp_max FROM `ocenter_weibo` WHERE `status` = 1 AND `is_top` = 0 LIMIT 1   [ RunTime:0.001000s ]
SQL: SHOW COLUMNS FROM `ocenter_follow` [ RunTime:0.001000s ]
SQL: SELECT * FROM `ocenter_follow` WHERE `who_follow` = 1  [ RunTime:0.000000s ]
NOTIC: [2] Invalid argument supplied for foreach() F:\wamp64\www\yoyo\Application\Common\Model\FollowModel.class.php 第 184 行.
SQL: SHOW COLUMNS FROM `ocenter_member` [ RunTime:0.001000s ]
SQL: SELECT `uid`,`fans` FROM `ocenter_member` WHERE `status` = 1 AND `uid` NOT IN ('1') AND `fans` > 0 ORDER BY fans desc,uid asc LIMIT 15   [ RunTime:0.001000s ]
NOTIC: [2] Invalid argument supplied for foreach() F:\wamp64\www\yoyo\Application\Weibo\Model\WeiboModel.class.php 第 294 行.
NOTIC: [2] unlink(./Runtime/Temp/3ecb4137fee8bfea9128f12d11ccf7e8.php): No such file or directory F:\wamp64\www\yoyo\ThinkPHP\Library\Think\Cache\Driver\File.class.php 第 157 行.
NOTIC: [2] unlink(./Runtime/Temp/c56f84da6e0e702b033aa7a3518befb4.php): No such file or directory F:\wamp64\www\yoyo\ThinkPHP\Library\Think\Cache\Driver\File.class.php 第 157 行.
SQL: SELECT `id` FROM `ocenter_weibo` WHERE `status` = 1 AND `is_top` = 0 AND `id` < 0 ORDER BY create_time desc LIMIT 10   [ RunTime:0.001000s ]
NOTIC: [2] end() expects parameter 1 to be array, boolean given F:\wamp64\www\yoyo\Application\Weibo\Controller\IndexController.class.php 第 392 行.
INFO: [ view_parse ] --START--
INFO: [ template_filter ] --START--
INFO: Run Behavior\ContentReplaceBehavior [ RunTime:0.000000s ]
INFO: [ template_filter ] --END-- [ RunTime:0.001000s ]
INFO: Run Behavior\ParseTemplateBehavior [ RunTime:0.023000s ]
INFO: [ view_parse ] --END-- [ RunTime:0.023000s ]
INFO: [ view_filter ] --START--
INFO: Run Behavior\WriteHtmlCacheBehavior [ RunTime:0.000000s ]
INFO: [ view_filter ] --END-- [ RunTime:0.000000s ]
INFO: [ app_end ] --START--
INFO: Run Behavior\ShowPageTraceBehavior [ RunTime:0.001000s ]
INFO: [ app_end ] --END-- [ RunTime:0.001000s ]

[ 2017-09-24T16:38:33+08:00 ] 127.0.0.1 /yoyo/index.php?s=/weibo/index/index.html
INFO: [ app_init ] --START--
INFO: Run Behavior\BuildLiteBehavior [ RunTime:0.000000s ]
INFO: Run Common\Behavior\InitHookBehavior [ RunTime:0.001000s ]
INFO: [ app_init ] --END-- [ RunTime:0.001000s ]
NOTIC: [8] Undefined index: router F:\wamp64\www\yoyo\Application\Common\Common\function.php 第 1936 行.
NOTIC: [8] Undefined index: router F:\wamp64\www\yoyo\Application\Common\Common\function.php 第 1936 行.
NOTIC: [8] Undefined index: router F:\wamp64\www\yoyo\Application\Common\Common\function.php 第 1936 行.
NOTIC: [8] Undefined index: router F:\wamp64\www\yoyo\Application\Common\Common\function.php 第 1936 行.
NOTIC: [8] Undefined index: router F:\wamp64\www\yoyo\Application\Common\Common\function.php 第 1936 行.
SQL: SHOW COLUMNS FROM `ocenter_config` [ RunTime:0.001000s ]
SQL: SELECT `type`,`name`,`value` FROM `ocenter_config` WHERE `status` = 1  [ RunTime:0.001000s ]
INFO: [ app_begin ] --START--
INFO: Run Behavior\ReadHtmlCacheBehavior [ RunTime:0.001000s ]
INFO: Run Behavior\CheckLangBehavior [ RunTime:0.009000s ]
INFO: [ app_begin ] --END-- [ RunTime:0.010000s ]
NOTIC: [8192] mysql_connect(): The mysql extension is deprecated and will be removed in the future: use mysqli or PDO instead F:\wamp64\www\yoyo\ThinkPHP\Library\Think\Session\Driver\Db.class.php 第 95 行.
SQL: SHOW COLUMNS FROM `ocenter_module` [ RunTime:0.000000s ]
SQL: SELECT `type`,`name`,`value` FROM `ocenter_config` WHERE `status` = 1  [ RunTime:0.000000s ]
NOTIC: [8] Undefined variable: token F:\wamp64\www\yoyo\Application\Common\Model\ModuleModel.class.php 第 242 行.
NOTIC: [8] Undefined variable: res F:\wamp64\www\yoyo\Application\Common\Common\role.php 第 147 行.
INFO: [ action_begin ] --START--
INFO: Run Common\Behavior\InitModuleInfoBehavior [ RunTime:0.000000s ]
INFO: [ action_begin ] --END-- [ RunTime:0.000000s ]
SQL: SHOW COLUMNS FROM `ocenter_checkin` [ RunTime:0.000000s ]
SQL: SELECT * FROM `ocenter_checkin` WHERE `uid` = 1 AND `create_time` >= 1506182400 LIMIT 1   [ RunTime:0.000000s ]
NOTIC: [2] array_merge(): Argument #1 is not an array F:\wamp64\www\yoyo\Addons\CheckIn\Model\CheckInModel.class.php 第 19 行.
NOTIC: [2] unlink(./Runtime/Temp/00845b86d1366dcf9b2f9026a5180b1f.php): No such file or directory F:\wamp64\www\yoyo\ThinkPHP\Library\Think\Cache\Driver\File.class.php 第 157 行.
NOTIC: [2] unlink(./Runtime/Temp/ec84c275e0399c2317dbd0088b4be989.php): No such file or directory F:\wamp64\www\yoyo\ThinkPHP\Library\Think\Cache\Driver\File.class.php 第 157 行.
SQL: SHOW COLUMNS FROM `ocenter_weibo` [ RunTime:0.000000s ]
SQL: SELECT MAX(id) AS tp_max FROM `ocenter_weibo` WHERE `status` = 1 AND `is_top` = 0 LIMIT 1   [ RunTime:0.000000s ]
SQL: SHOW COLUMNS FROM `ocenter_weibo` [ RunTime:0.000000s ]
SQL: SHOW COLUMNS FROM `ocenter_follow` [ RunTime:0.000000s ]
SQL: SELECT * FROM `ocenter_follow` WHERE `who_follow` = 1  [ RunTime:0.000000s ]
NOTIC: [2] Invalid argument supplied for foreach() F:\wamp64\www\yoyo\Application\Common\Model\FollowModel.class.php 第 184 行.
SQL: SHOW COLUMNS FROM `ocenter_member` [ RunTime:0.000000s ]
SQL: SELECT `uid`,`fans` FROM `ocenter_member` WHERE `status` = 1 AND `uid` NOT IN ('1') AND `fans` > 0 ORDER BY fans desc,uid asc LIMIT 15   [ RunTime:0.000000s ]
NOTIC: [2] Invalid argument supplied for foreach() F:\wamp64\www\yoyo\Application\Weibo\Model\WeiboModel.class.php 第 294 行.
NOTIC: [2] unlink(./Runtime/Temp/3ecb4137fee8bfea9128f12d11ccf7e8.php): No such file or directory F:\wamp64\www\yoyo\ThinkPHP\Library\Think\Cache\Driver\File.class.php 第 157 行.
NOTIC: [2] unlink(./Runtime/Temp/c56f84da6e0e702b033aa7a3518befb4.php): No such file or directory F:\wamp64\www\yoyo\ThinkPHP\Library\Think\Cache\Driver\File.class.php 第 157 行.
SQL: SHOW COLUMNS FROM `ocenter_weibo_crowd` [ RunTime:0.000000s ]
SQL: SELECT * FROM `ocenter_weibo_crowd` WHERE `status` = 1 AND `invisible` = 1 AND `type` = 1  [ RunTime:0.000000s ]
NOTIC: [2] unlink(./Runtime/Temp/49bdab5028a82434e9bcd58c8dfa263c.php): No such file or directory F:\wamp64\www\yoyo\ThinkPHP\Library\Think\Cache\Driver\File.class.php 第 157 行.
NOTIC: [2] unlink(./Runtime/Temp/c887ede2c62710b72c2d37a35af2ffbc.php): No such file or directory F:\wamp64\www\yoyo\ThinkPHP\Library\Think\Cache\Driver\File.class.php 第 157 行.
SQL: SELECT * FROM `ocenter_weibo` WHERE `status` = 1 AND `is_top` = 1 ORDER BY create_time desc  [ RunTime:0.001000s ]
SQL: SELECT `id` FROM `ocenter_weibo` WHERE `status` = 1 AND `is_top` = 0 ORDER BY create_time desc LIMIT 10   [ RunTime:0.000000s ]
SQL: SELECT COUNT(*) AS tp_count FROM `ocenter_weibo` WHERE `status` = 1 AND `is_top` = 0 LIMIT 1   [ RunTime:0.000000s ]
SQL: SHOW COLUMNS FROM `ocenter_user_config` [ RunTime:0.000000s ]
SQL: SELECT * FROM `ocenter_user_config` WHERE `uid` = 1 AND `name` = 'user_cover' AND `role_id` = 0 AND `model` = '' LIMIT 1   [ RunTime:0.000000s ]
SQL: SHOW COLUMNS FROM `ocenter_picture` [ RunTime:0.000000s ]
SQL: SELECT * FROM `ocenter_picture` WHERE `status` = 1 AND `id` = null LIMIT 1   [ RunTime:0.000000s ]
NOTIC: [2] unlink(./Runtime/Temp/945c180f3240ad0e35d9eb8beb06401b.php): No such file or directory F:\wamp64\www\yoyo\ThinkPHP\Library\Think\Cache\Driver\File.class.php 第 157 行.
NOTIC: [2] unlink(./Runtime/Temp/deec309cb1249b5b7776ac8c8f45123b.php): No such file or directory F:\wamp64\www\yoyo\ThinkPHP\Library\Think\Cache\Driver\File.class.php 第 157 行.
SQL: SELECT `value` FROM `ocenter_config` WHERE `name` = '_WEIBO_RECOMMEND_TOPIC' LIMIT 1   [ RunTime:0.001000s ]
SQL: SELECT * FROM `ocenter_checkin` WHERE `uid` = 1 AND `create_time` >= 1506182400 LIMIT 1   [ RunTime:0.000000s ]
NOTIC: [2] array_merge(): Argument #1 is not an array F:\wamp64\www\yoyo\Addons\CheckIn\Model\CheckInModel.class.php 第 19 行.
NOTIC: [2] unlink(./Runtime/Temp/00845b86d1366dcf9b2f9026a5180b1f.php): No such file or directory F:\wamp64\www\yoyo\ThinkPHP\Library\Think\Cache\Driver\File.class.php 第 157 行.
NOTIC: [2] unlink(./Runtime/Temp/ec84c275e0399c2317dbd0088b4be989.php): No such file or directory F:\wamp64\www\yoyo\ThinkPHP\Library\Think\Cache\Driver\File.class.php 第 157 行.
SQL: SHOW COLUMNS FROM `ocenter_weibo_topic` [ RunTime:0.001000s ]
SQL: SELECT * FROM `ocenter_weibo_topic` WHERE `status` = 1 ORDER BY weibo_num desc LIMIT 10   [ RunTime:0.001000s ]
NOTIC: [2] unlink(./Runtime/Temp/93113cb49267a4cbb27767a6e1b635c1.php): No such file or directory F:\wamp64\www\yoyo\ThinkPHP\Library\Think\Cache\Driver\File.class.php 第 157 行.
NOTIC: [2] unlink(./Runtime/Temp/108531d2299820ecd3c3d7bcc6bf9a7b.php): No such file or directory F:\wamp64\www\yoyo\ThinkPHP\Library\Think\Cache\Driver\File.class.php 第 157 行.
SQL: SHOW COLUMNS FROM `ocenter_weibo_crowd` [ RunTime:0.001000s ]
SQL: SELECT * FROM `ocenter_weibo_crowd` WHERE `status` = 1 ORDER BY member_count desc LIMIT 5   [ RunTime:0.000000s ]
NOTIC: [2] unlink(./Runtime/Temp/92116dce6de6799c799aac6de4e6875f.php): No such file or directory F:\wamp64\www\yoyo\ThinkPHP\Library\Think\Cache\Driver\File.class.php 第 157 行.
NOTIC: [2] unlink(./Runtime/Temp/2824230eb4cf16341de553387290a539.php): No such file or directory F:\wamp64\www\yoyo\ThinkPHP\Library\Think\Cache\Driver\File.class.php 第 157 行.
NOTIC: [2] Invalid argument supplied for foreach() F:\wamp64\www\yoyo\Application\Weibo\Controller\IndexController.class.php 第 217 行.
SQL: SHOW COLUMNS FROM `ocenter_weibo_crowd_member` [ RunTime:0.000000s ]
SQL: SELECT * FROM `ocenter_weibo_crowd_member` WHERE `uid` = 1 AND `status` = 1  [ RunTime:0.000000s ]
NOTIC: [2] unlink(./Runtime/Temp/0da9e2274394db85b64a73f45d47dc62.php): No such file or directory F:\wamp64\www\yoyo\ThinkPHP\Library\Think\Cache\Driver\File.class.php 第 157 行.
NOTIC: [2] unlink(./Runtime/Temp/9603183ab4c46bfe3761f40dd3fee55f.php): No such file or directory F:\wamp64\www\yoyo\ThinkPHP\Library\Think\Cache\Driver\File.class.php 第 157 行.
NOTIC: [2] Invalid argument supplied for foreach() F:\wamp64\www\yoyo\Application\Weibo\Controller\IndexController.class.php 第 225 行.
INFO: [ view_parse ] --START--
INFO: [ template_filter ] --START--
INFO: Run Behavior\ContentReplaceBehavior [ RunTime:0.001000s ]
INFO: [ template_filter ] --END-- [ RunTime:0.001000s ]
INFO: [ syncMeta ] --START--
INFO: Run Addons\SyncLogin\SyncLoginAddon [ RunTime:0.001000s ]
INFO: [ syncMeta ] --END-- [ RunTime:0.002000s ]
SQL: SHOW COLUMNS FROM `ocenter_seo_rule` [ RunTime:0.001000s ]
INFO: [ view_parse ] --START--
INFO: Run Behavior\ParseTemplateBehavior [ RunTime:0.000000s ]
INFO: [ view_parse ] --END-- [ RunTime:0.000000s ]
INFO: [ view_filter ] --START--
INFO: Run Behavior\WriteHtmlCacheBehavior [ RunTime:0.000000s ]
INFO: [ view_filter ] --END-- [ RunTime:0.001000s ]
INFO: [ view_parse ] --START--
INFO: Run Behavior\ParseTemplateBehavior [ RunTime:0.000000s ]
INFO: [ view_parse ] --END-- [ RunTime:-0.001000s ]
INFO: [ view_filter ] --START--
INFO: Run Behavior\WriteHtmlCacheBehavior [ RunTime:0.001000s ]
INFO: [ view_filter ] --END-- [ RunTime:0.000000s ]
INFO: [ view_parse ] --START--
INFO: Run Behavior\ParseTemplateBehavior [ RunTime:0.000000s ]
INFO: [ view_parse ] --END-- [ RunTime:-0.002000s ]
INFO: [ view_filter ] --START--
INFO: Run Behavior\WriteHtmlCacheBehavior [ RunTime:0.000000s ]
INFO: [ view_filter ] --END-- [ RunTime:-0.002000s ]
SQL: SELECT `type`,`name`,`value` FROM `ocenter_config` WHERE `status` = 1  [ RunTime:0.001000s ]
SQL: SHOW COLUMNS FROM `ocenter_pushing` [ RunTime:0.000000s ]
ERR: 1146:Table 'yoyobit.ocenter_pushing' doesn't exist
 [ SQL语句 ] : SHOW COLUMNS FROM `ocenter_pushing`
SQL: SHOW COLUMNS FROM `ocenter_member` [ RunTime:0.001000s ]
SQL: SELECT `value` FROM `ocenter_config` WHERE `name` = '_CONFIG_LOGO' LIMIT 1   [ RunTime:0.001000s ]
SQL: SHOW COLUMNS FROM `ocenter_channel` [ RunTime:0.000000s ]
NOTIC: [8] Undefined index: _ F:\wamp64\www\yoyo\Runtime\Cache\Weibo\c2993ac2a6b2be2fd3fb80417f33d2d4.php 第 142 行.
NOTIC: [8] Undefined index: _ F:\wamp64\www\yoyo\Runtime\Cache\Weibo\c2993ac2a6b2be2fd3fb80417f33d2d4.php 第 142 行.
NOTIC: [8] Undefined index: _ F:\wamp64\www\yoyo\Runtime\Cache\Weibo\c2993ac2a6b2be2fd3fb80417f33d2d4.php 第 142 行.
NOTIC: [8] Undefined index: _ F:\wamp64\www\yoyo\Runtime\Cache\Weibo\c2993ac2a6b2be2fd3fb80417f33d2d4.php 第 142 行.
SQL: SHOW COLUMNS FROM `ocenter_member` [ RunTime:0.001000s ]
SQL: SELECT `reg_time` FROM `ocenter_member` WHERE `uid` = 1 LIMIT 1   [ RunTime:0.000000s ]
SQL: SELECT * FROM `ocenter_user_config` WHERE `uid` = 1 AND `name` = 'user_cover' AND `role_id` = 0 AND `model` = '' LIMIT 1   [ RunTime:0.000000s ]
SQL: SELECT * FROM `ocenter_picture` WHERE `status` = 1 AND `id` = null LIMIT 1   [ RunTime:0.000000s ]
NOTIC: [2] unlink(./Runtime/Temp/945c180f3240ad0e35d9eb8beb06401b.php): No such file or directory F:\wamp64\www\yoyo\ThinkPHP\Library\Think\Cache\Driver\File.class.php 第 157 行.
NOTIC: [2] unlink(./Runtime/Temp/deec309cb1249b5b7776ac8c8f45123b.php): No such file or directory F:\wamp64\www\yoyo\ThinkPHP\Library\Think\Cache\Driver\File.class.php 第 157 行.
SQL: SELECT `value` FROM `ocenter_config` WHERE `name` = '_USERCONFIG_LEVEL' LIMIT 1   [ RunTime:0.000000s ]
SQL: SELECT `value` FROM `ocenter_config` WHERE `name` = '_USERCONFIG_LEVEL' LIMIT 1   [ RunTime:0.000000s ]
NOTIC: [8] Undefined variable: crowd_type F:\wamp64\www\yoyo\Runtime\Cache\Weibo\c2993ac2a6b2be2fd3fb80417f33d2d4.php 第 503 行.
SQL: SELECT `value` FROM `ocenter_config` WHERE `name` = '_WEIBO_USE_TOPIC' LIMIT 1   [ RunTime:0.000000s ]
NOTIC: [8] Undefined variable: weibo F:\wamp64\www\yoyo\Runtime\Cache\Weibo\c2993ac2a6b2be2fd3fb80417f33d2d4.php 第 590 行.
NOTIC: [8] Undefined variable: need_login_tab F:\wamp64\www\yoyo\Runtime\Cache\Weibo\c2993ac2a6b2be2fd3fb80417f33d2d4.php 第 598 行.
NOTIC: [2] in_array() expects parameter 2 to be array, null given F:\wamp64\www\yoyo\Runtime\Cache\Weibo\c2993ac2a6b2be2fd3fb80417f33d2d4.php 第 598 行.
NOTIC: [8] Undefined variable: need_login_tab F:\wamp64\www\yoyo\Runtime\Cache\Weibo\c2993ac2a6b2be2fd3fb80417f33d2d4.php 第 598 行.
NOTIC: [2] in_array() expects parameter 2 to be array, null given F:\wamp64\www\yoyo\Runtime\Cache\Weibo\c2993ac2a6b2be2fd3fb80417f33d2d4.php 第 598 行.
NOTIC: [8] Undefined variable: need_login_tab F:\wamp64\www\yoyo\Runtime\Cache\Weibo\c2993ac2a6b2be2fd3fb80417f33d2d4.php 第 598 行.
NOTIC: [2] in_array() expects parameter 2 to be array, null given F:\wamp64\www\yoyo\Runtime\Cache\Weibo\c2993ac2a6b2be2fd3fb80417f33d2d4.php 第 598 行.
NOTIC: [8] Undefined variable: need_login_tab F:\wamp64\www\yoyo\Runtime\Cache\Weibo\c2993ac2a6b2be2fd3fb80417f33d2d4.php 第 598 行.
NOTIC: [2] in_array() expects parameter 2 to be array, null given F:\wamp64\www\yoyo\Runtime\Cache\Weibo\c2993ac2a6b2be2fd3fb80417f33d2d4.php 第 598 行.
NOTIC: [8] Use of undefined constant concerned - assumed 'concerned' F:\wamp64\www\yoyo\Runtime\Cache\Weibo\c2993ac2a6b2be2fd3fb80417f33d2d4.php 第 624 行.
NOTIC: [8] Undefined variable: invisible F:\wamp64\www\yoyo\Runtime\Cache\Weibo\c2993ac2a6b2be2fd3fb80417f33d2d4.php 第 880 行.
SQL: SELECT `value` FROM `ocenter_config` WHERE `name` = '_USERCONFIG_LEVEL' LIMIT 1   [ RunTime:0.000000s ]
SQL: SELECT `value` FROM `ocenter_config` WHERE `name` = '_USERCONFIG_LEVEL' LIMIT 1   [ RunTime:0.000000s ]
NOTIC: [8] Undefined variable: module F:\wamp64\www\yoyo\Application\Common\Common\role.php 第 178 行.
NOTIC: [8] Undefined variable: res F:\wamp64\www\yoyo\Application\Common\Common\role.php 第 191 行.
INFO: [ checkIn ] --START--
SQL: SELECT * FROM `ocenter_checkin` WHERE `uid` = 1 AND `create_time` >= 1506182400 LIMIT 1   [ RunTime:0.000000s ]
NOTIC: [2] array_merge(): Argument #1 is not an array F:\wamp64\www\yoyo\Addons\CheckIn\Model\CheckInModel.class.php 第 19 行.
NOTIC: [2] unlink(./Runtime/Temp/00845b86d1366dcf9b2f9026a5180b1f.php): No such file or directory F:\wamp64\www\yoyo\ThinkPHP\Library\Think\Cache\Driver\File.class.php 第 157 行.
NOTIC: [2] unlink(./Runtime/Temp/ec84c275e0399c2317dbd0088b4be989.php): No such file or directory F:\wamp64\www\yoyo\ThinkPHP\Library\Think\Cache\Driver\File.class.php 第 157 行.
INFO: [ view_parse ] --START--
INFO: [ template_filter ] --START--
INFO: Run Behavior\ContentReplaceBehavior [ RunTime:0.000000s ]
INFO: [ template_filter ] --END-- [ RunTime:-0.072000s ]
INFO: Run Behavior\ParseTemplateBehavior [ RunTime:0.005000s ]
INFO: [ view_parse ] --END-- [ RunTime:-0.040000s ]
INFO: [ view_filter ] --START--
INFO: Run Behavior\WriteHtmlCacheBehavior [ RunTime:0.000000s ]
INFO: [ view_filter ] --END-- [ RunTime:-0.044000s ]
INFO: Run Addons\CheckIn\CheckInAddon [ RunTime:0.008000s ]
INFO: [ checkIn ] --END-- [ RunTime:0.009000s ]
SQL: SELECT `type`,`name`,`value` FROM `ocenter_config` WHERE `status` = 1  [ RunTime:0.001000s ]
NOTIC: [8] Undefined variable: token F:\wamp64\www\yoyo\Application\Common\Model\ModuleModel.class.php 第 242 行.
NOTIC: [8] Undefined variable: res F:\wamp64\www\yoyo\Application\Common\Common\role.php 第 147 行.
INFO: [ action_begin ] --START--
INFO: Run Common\Behavior\InitModuleInfoBehavior [ RunTime:0.000000s ]
INFO: [ action_begin ] --END-- [ RunTime:-0.187000s ]
SQL: SHOW COLUMNS FROM `ocenter_adv_pos` [ RunTime:0.000000s ]
SQL: SHOW COLUMNS FROM `ocenter_adv` [ RunTime:0.000000s ]
SQL: SELECT * FROM `ocenter_adv` WHERE `pos_id` = 4 AND `status` = 1 AND `start_time` < 1506242313 AND `end_time` > 1506242313 ORDER BY sort asc  [ RunTime:0.000000s ]
NOTIC: [2] Invalid argument supplied for foreach() F:\wamp64\www\yoyo\Application\Common\Model\AdvModel.class.php 第 31 行.
INFO: [ view_parse ] --START--
INFO: [ template_filter ] --START--
INFO: Run Behavior\ContentReplaceBehavior [ RunTime:0.000000s ]
INFO: [ template_filter ] --END-- [ RunTime:-0.088000s ]
INFO: Run Behavior\ParseTemplateBehavior [ RunTime:0.005000s ]
INFO: [ view_parse ] --END-- [ RunTime:-0.056000s ]
INFO: [ view_filter ] --START--
INFO: Run Behavior\WriteHtmlCacheBehavior [ RunTime:0.000000s ]
INFO: [ view_filter ] --END-- [ RunTime:-0.060000s ]
INFO: [ weiboSide ] --START--
NOTIC: [2] unlink(./Runtime/Temp/c589e0d7eccd0d0f914bc30da364fa34.php): No such file or directory F:\wamp64\www\yoyo\ThinkPHP\Library\Think\Cache\Driver\File.class.php 第 157 行.
NOTIC: [2] unlink(./Runtime/Temp/a4cb3560e9865d9beedfa040de1c8519.php): No such file or directory F:\wamp64\www\yoyo\ThinkPHP\Library\Think\Cache\Driver\File.class.php 第 157 行.
NOTIC: [2] array_diff(): Argument #1 is not an array F:\wamp64\www\yoyo\Addons\Recommend\Common\function.php 第 25 行.
NOTIC: [2] sort() expects parameter 1 to be array, null given F:\wamp64\www\yoyo\Addons\Recommend\Common\function.php 第 26 行.
INFO: Run Addons\Recommend\RecommendAddon [ RunTime:0.002000s ]
INFO: [ weiboSide ] --END-- [ RunTime:0.002000s ]
SQL: SELECT * FROM `ocenter_adv` WHERE `pos_id` = 2 AND `status` = 1 AND `start_time` < 1506242313 AND `end_time` > 1506242313 ORDER BY sort asc  [ RunTime:0.000000s ]
NOTIC: [2] Invalid argument supplied for foreach() F:\wamp64\www\yoyo\Application\Common\Model\AdvModel.class.php 第 31 行.
INFO: [ view_parse ] --START--
INFO: [ template_filter ] --START--
INFO: Run Behavior\ContentReplaceBehavior [ RunTime:0.000000s ]
INFO: [ template_filter ] --END-- [ RunTime:-0.100000s ]
INFO: Run Behavior\ParseTemplateBehavior [ RunTime:0.005000s ]
INFO: [ view_parse ] --END-- [ RunTime:-0.068000s ]
INFO: [ view_filter ] --START--
INFO: Run Behavior\WriteHtmlCacheBehavior [ RunTime:0.000000s ]
INFO: [ view_filter ] --END-- [ RunTime:-0.072000s ]
SQL: SELECT `type`,`name`,`value` FROM `ocenter_config` WHERE `status` = 1  [ RunTime:0.001000s ]
NOTIC: [8] Undefined variable: token F:\wamp64\www\yoyo\Application\Common\Model\ModuleModel.class.php 第 242 行.
NOTIC: [8] Undefined variable: res F:\wamp64\www\yoyo\Application\Common\Common\role.php 第 147 行.
INFO: [ action_begin ] --START--
INFO: Run Common\Behavior\InitModuleInfoBehavior [ RunTime:0.000000s ]
INFO: [ action_begin ] --END-- [ RunTime:-0.215000s ]
NOTIC: [2] Missing argument 1 for Common\Widget\SuperLinksWidget::superLinks() F:\wamp64\www\yoyo\Application\Common\Widget\SuperLinksWidget.class.php 第 15 行.
SQL: SHOW COLUMNS FROM `ocenter_super_links` [ RunTime:0.000000s ]
SQL: SELECT * FROM `ocenter_super_links` WHERE ( status = 1 ) ORDER BY level desc,id asc  [ RunTime:0.000000s ]
NOTIC: [2] Invalid argument supplied for foreach() F:\wamp64\www\yoyo\Application\Common\Model\SuperLinksModel.class.php 第 37 行.
NOTIC: [8] Undefined variable: data F:\wamp64\www\yoyo\Application\Common\Model\SuperLinksModel.class.php 第 48 行.
NOTIC: [8] Undefined variable: param F:\wamp64\www\yoyo\Application\Common\Widget\SuperLinksWidget.class.php 第 19 行.
INFO: [ view_parse ] --START--
INFO: [ template_filter ] --START--
INFO: Run Behavior\ContentReplaceBehavior [ RunTime:0.000000s ]
INFO: [ template_filter ] --END-- [ RunTime:-0.114000s ]
INFO: Run Behavior\ParseTemplateBehavior [ RunTime:0.007000s ]
INFO: [ view_parse ] --END-- [ RunTime:-0.080000s ]
INFO: [ view_filter ] --START--
INFO: Run Behavior\WriteHtmlCacheBehavior [ RunTime:0.000000s ]
INFO: [ view_filter ] --END-- [ RunTime:-0.086000s ]
SQL: SELECT `value` FROM `ocenter_config` WHERE `name` = '_CONFIG_QRCODE_BOTTOM' LIMIT 1   [ RunTime:0.000000s ]
NOTIC: [8] Undefined variable: site F:\wamp64\www\yoyo\Runtime\Cache\Weibo\c2993ac2a6b2be2fd3fb80417f33d2d4.php 第 1239 行.
NOTIC: [2] reset() expects parameter 1 to be array, boolean given F:\wamp64\www\yoyo\Runtime\Cache\Weibo\c2993ac2a6b2be2fd3fb80417f33d2d4.php 第 1258 行.
NOTIC: [8] Undefined variable: crowd_type F:\wamp64\www\yoyo\Runtime\Cache\Weibo\c2993ac2a6b2be2fd3fb80417f33d2d4.php 第 1260 行.
INFO: [ pageFooter ] --START--
INFO: Run Addons\SuperLinks\SuperLinksAddon [ RunTime:0.001000s ]
INFO: [ pageFooter ] --END-- [ RunTime:0.001000s ]
SQL: SELECT `type`,`name`,`value` FROM `ocenter_config` WHERE `status` = 1  [ RunTime:0.000000s ]
NOTIC: [8] Undefined variable: token F:\wamp64\www\yoyo\Application\Common\Model\ModuleModel.class.php 第 242 行.
NOTIC: [8] Undefined variable: res F:\wamp64\www\yoyo\Application\Common\Common\role.php 第 147 行.
INFO: [ action_begin ] --START--
INFO: Run Common\Behavior\InitModuleInfoBehavior [ RunTime:0.000000s ]
INFO: [ action_begin ] --END-- [ RunTime:-0.231000s ]
SQL: SELECT `type`,`name`,`value` FROM `ocenter_config` WHERE `status` = 1  [ RunTime:0.000000s ]
NOTIC: [8] Undefined variable: token F:\wamp64\www\yoyo\Application\Common\Model\ModuleModel.class.php 第 242 行.
NOTIC: [8] Undefined variable: res F:\wamp64\www\yoyo\Application\Common\Common\role.php 第 147 行.
INFO: [ action_begin ] --START--
INFO: Run Common\Behavior\InitModuleInfoBehavior [ RunTime:0.000000s ]
INFO: [ action_begin ] --END-- [ RunTime:-0.235000s ]
INFO: [ view_parse ] --START--
INFO: [ template_filter ] --START--
INFO: Run Behavior\ContentReplaceBehavior [ RunTime:0.000000s ]
INFO: [ template_filter ] --END-- [ RunTime:-0.130000s ]
INFO: Run Behavior\ParseTemplateBehavior [ RunTime:0.003000s ]
INFO: [ view_parse ] --END-- [ RunTime:-0.098000s ]
INFO: [ view_filter ] --START--
INFO: Run Behavior\WriteHtmlCacheBehavior [ RunTime:0.000000s ]
INFO: [ view_filter ] --END-- [ RunTime:-0.101000s ]
INFO: Run Behavior\ParseTemplateBehavior [ RunTime:0.004000s ]
INFO: [ view_parse ] --END-- [ RunTime:-0.098000s ]
INFO: [ view_filter ] --START--
INFO: Run Behavior\WriteHtmlCacheBehavior [ RunTime:0.000000s ]
INFO: [ view_filter ] --END-- [ RunTime:-0.101000s ]
INFO: [ app_end ] --START--
INFO: Run Behavior\ShowPageTraceBehavior [ RunTime:0.000000s ]
INFO: [ app_end ] --END-- [ RunTime:0.001000s ]

[ 2017-09-24T16:38:34+08:00 ] 127.0.0.1 /yoyo/index.php?s=/weibo/index/loadweibo/uid/0.html&page=1&lastId=NaN&type=all&loadCount=1&crowd=&select=all_
INFO: [ app_init ] --START--
INFO: Run Behavior\BuildLiteBehavior [ RunTime:0.000000s ]
INFO: Run Common\Behavior\InitHookBehavior [ RunTime:0.002000s ]
INFO: [ app_init ] --END-- [ RunTime:0.002000s ]
NOTIC: [8] Undefined index: router F:\wamp64\www\yoyo\Application\Common\Common\function.php 第 1936 行.
NOTIC: [8] Undefined index: router F:\wamp64\www\yoyo\Application\Common\Common\function.php 第 1936 行.
NOTIC: [8] Undefined index: router F:\wamp64\www\yoyo\Application\Common\Common\function.php 第 1936 行.
NOTIC: [8] Undefined index: router F:\wamp64\www\yoyo\Application\Common\Common\function.php 第 1936 行.
NOTIC: [8] Undefined index: router F:\wamp64\www\yoyo\Application\Common\Common\function.php 第 1936 行.
SQL: SHOW COLUMNS FROM `ocenter_config` [ RunTime:0.000000s ]
SQL: SELECT `type`,`name`,`value` FROM `ocenter_config` WHERE `status` = 1  [ RunTime:0.001000s ]
INFO: [ app_begin ] --START--
INFO: Run Behavior\ReadHtmlCacheBehavior [ RunTime:0.000000s ]
INFO: Run Behavior\CheckLangBehavior [ RunTime:0.011000s ]
INFO: [ app_begin ] --END-- [ RunTime:0.011000s ]
NOTIC: [8192] mysql_connect(): The mysql extension is deprecated and will be removed in the future: use mysqli or PDO instead F:\wamp64\www\yoyo\ThinkPHP\Library\Think\Session\Driver\Db.class.php 第 95 行.
SQL: SHOW COLUMNS FROM `ocenter_module` [ RunTime:0.001000s ]
SQL: SELECT `type`,`name`,`value` FROM `ocenter_config` WHERE `status` = 1  [ RunTime:0.001000s ]
NOTIC: [8] Undefined variable: token F:\wamp64\www\yoyo\Application\Common\Model\ModuleModel.class.php 第 242 行.
NOTIC: [8] Undefined variable: res F:\wamp64\www\yoyo\Application\Common\Common\role.php 第 147 行.
INFO: [ action_begin ] --START--
INFO: Run Common\Behavior\InitModuleInfoBehavior [ RunTime:0.001000s ]
INFO: [ action_begin ] --END-- [ RunTime:0.001000s ]
SQL: SHOW COLUMNS FROM `ocenter_weibo` [ RunTime:0.001000s ]
SQL: SHOW COLUMNS FROM `ocenter_weibo_crowd` [ RunTime:0.000000s ]
SQL: SELECT * FROM `ocenter_weibo_crowd` WHERE `status` = 1 AND `invisible` = 1 AND `type` = 1  [ RunTime:0.000000s ]
NOTIC: [2] unlink(./Runtime/Temp/49bdab5028a82434e9bcd58c8dfa263c.php): No such file or directory F:\wamp64\www\yoyo\ThinkPHP\Library\Think\Cache\Driver\File.class.php 第 157 行.
NOTIC: [2] unlink(./Runtime/Temp/c887ede2c62710b72c2d37a35af2ffbc.php): No such file or directory F:\wamp64\www\yoyo\ThinkPHP\Library\Think\Cache\Driver\File.class.php 第 157 行.
SQL: SHOW COLUMNS FROM `ocenter_weibo` [ RunTime:0.000000s ]
SQL: SELECT MAX(id) AS tp_max FROM `ocenter_weibo` WHERE `status` = 1 AND `is_top` = 0 LIMIT 1   [ RunTime:0.000000s ]
SQL: SHOW COLUMNS FROM `ocenter_follow` [ RunTime:0.000000s ]
SQL: SELECT * FROM `ocenter_follow` WHERE `who_follow` = 1  [ RunTime:0.000000s ]
NOTIC: [2] Invalid argument supplied for foreach() F:\wamp64\www\yoyo\Application\Common\Model\FollowModel.class.php 第 184 行.
SQL: SHOW COLUMNS FROM `ocenter_member` [ RunTime:0.000000s ]
SQL: SELECT `uid`,`fans` FROM `ocenter_member` WHERE `status` = 1 AND `uid` NOT IN ('1') AND `fans` > 0 ORDER BY fans desc,uid asc LIMIT 15   [ RunTime:0.000000s ]
NOTIC: [2] Invalid argument supplied for foreach() F:\wamp64\www\yoyo\Application\Weibo\Model\WeiboModel.class.php 第 294 行.
NOTIC: [2] unlink(./Runtime/Temp/3ecb4137fee8bfea9128f12d11ccf7e8.php): No such file or directory F:\wamp64\www\yoyo\ThinkPHP\Library\Think\Cache\Driver\File.class.php 第 157 行.
NOTIC: [2] unlink(./Runtime/Temp/c56f84da6e0e702b033aa7a3518befb4.php): No such file or directory F:\wamp64\www\yoyo\ThinkPHP\Library\Think\Cache\Driver\File.class.php 第 157 行.
SQL: SELECT `id` FROM `ocenter_weibo` WHERE `status` = 1 AND `is_top` = 0 AND `id` < 0 ORDER BY create_time desc LIMIT 10   [ RunTime:0.001000s ]
NOTIC: [2] end() expects parameter 1 to be array, boolean given F:\wamp64\www\yoyo\Application\Weibo\Controller\IndexController.class.php 第 392 行.
INFO: [ view_parse ] --START--
INFO: [ template_filter ] --START--
INFO: Run Behavior\ContentReplaceBehavior [ RunTime:0.000000s ]
INFO: [ template_filter ] --END-- [ RunTime:0.000000s ]
INFO: Run Behavior\ParseTemplateBehavior [ RunTime:0.017000s ]
INFO: [ view_parse ] --END-- [ RunTime:0.017000s ]
INFO: [ view_filter ] --START--
INFO: Run Behavior\WriteHtmlCacheBehavior [ RunTime:0.000000s ]
INFO: [ view_filter ] --END-- [ RunTime:0.000000s ]
INFO: [ app_end ] --START--
INFO: Run Behavior\ShowPageTraceBehavior [ RunTime:0.000000s ]
INFO: [ app_end ] --END-- [ RunTime:0.000000s ]

[ 2017-09-24T16:38:34+08:00 ] 127.0.0.1 /yoyo/index.php?s=/weibo/index/loadweibo/uid/0.html&page=1&lastId=NaN&type=all&loadCount=2&crowd=&select=all_
INFO: [ app_init ] --START--
INFO: Run Behavior\BuildLiteBehavior [ RunTime:0.000000s ]
INFO: Run Common\Behavior\InitHookBehavior [ RunTime:0.002000s ]
INFO: [ app_init ] --END-- [ RunTime:0.002000s ]
NOTIC: [8] Undefined index: router F:\wamp64\www\yoyo\Application\Common\Common\function.php 第 1936 行.
NOTIC: [8] Undefined index: router F:\wamp64\www\yoyo\Application\Common\Common\function.php 第 1936 行.
NOTIC: [8] Undefined index: router F:\wamp64\www\yoyo\Application\Common\Common\function.php 第 1936 行.
NOTIC: [8] Undefined index: router F:\wamp64\www\yoyo\Application\Common\Common\function.php 第 1936 行.
NOTIC: [8] Undefined index: router F:\wamp64\www\yoyo\Application\Common\Common\function.php 第 1936 行.
SQL: SHOW COLUMNS FROM `ocenter_config` [ RunTime:0.001000s ]
SQL: SELECT `type`,`name`,`value` FROM `ocenter_config` WHERE `status` = 1  [ RunTime:0.001000s ]
INFO: [ app_begin ] --START--
INFO: Run Behavior\ReadHtmlCacheBehavior [ RunTime:0.000000s ]
INFO: Run Behavior\CheckLangBehavior [ RunTime:0.010000s ]
INFO: [ app_begin ] --END-- [ RunTime:0.010000s ]
NOTIC: [8192] mysql_connect(): The mysql extension is deprecated and will be removed in the future: use mysqli or PDO instead F:\wamp64\www\yoyo\ThinkPHP\Library\Think\Session\Driver\Db.class.php 第 95 行.
SQL: SHOW COLUMNS FROM `ocenter_module` [ RunTime:0.001000s ]
SQL: SELECT `type`,`name`,`value` FROM `ocenter_config` WHERE `status` = 1  [ RunTime:0.000000s ]
NOTIC: [8] Undefined variable: token F:\wamp64\www\yoyo\Application\Common\Model\ModuleModel.class.php 第 242 行.
NOTIC: [8] Undefined variable: res F:\wamp64\www\yoyo\Application\Common\Common\role.php 第 147 行.
INFO: [ action_begin ] --START--
INFO: Run Common\Behavior\InitModuleInfoBehavior [ RunTime:0.000000s ]
INFO: [ action_begin ] --END-- [ RunTime:0.000000s ]
SQL: SHOW COLUMNS FROM `ocenter_weibo` [ RunTime:0.001000s ]
SQL: SHOW COLUMNS FROM `ocenter_weibo_crowd` [ RunTime:0.001000s ]
SQL: SELECT * FROM `ocenter_weibo_crowd` WHERE `status` = 1 AND `invisible` = 1 AND `type` = 1  [ RunTime:0.000000s ]
NOTIC: [2] unlink(./Runtime/Temp/49bdab5028a82434e9bcd58c8dfa263c.php): No such file or directory F:\wamp64\www\yoyo\ThinkPHP\Library\Think\Cache\Driver\File.class.php 第 157 行.
NOTIC: [2] unlink(./Runtime/Temp/c887ede2c62710b72c2d37a35af2ffbc.php): No such file or directory F:\wamp64\www\yoyo\ThinkPHP\Library\Think\Cache\Driver\File.class.php 第 157 行.
SQL: SHOW COLUMNS FROM `ocenter_weibo` [ RunTime:0.000000s ]
SQL: SELECT MAX(id) AS tp_max FROM `ocenter_weibo` WHERE `status` = 1 AND `is_top` = 0 LIMIT 1   [ RunTime:0.000000s ]
SQL: SHOW COLUMNS FROM `ocenter_follow` [ RunTime:0.000000s ]
SQL: SELECT * FROM `ocenter_follow` WHERE `who_follow` = 1  [ RunTime:0.000000s ]
NOTIC: [2] Invalid argument supplied for foreach() F:\wamp64\www\yoyo\Application\Common\Model\FollowModel.class.php 第 184 行.
SQL: SHOW COLUMNS FROM `ocenter_member` [ RunTime:0.001000s ]
SQL: SELECT `uid`,`fans` FROM `ocenter_member` WHERE `status` = 1 AND `uid` NOT IN ('1') AND `fans` > 0 ORDER BY fans desc,uid asc LIMIT 15   [ RunTime:0.000000s ]
NOTIC: [2] Invalid argument supplied for foreach() F:\wamp64\www\yoyo\Application\Weibo\Model\WeiboModel.class.php 第 294 行.
NOTIC: [2] unlink(./Runtime/Temp/3ecb4137fee8bfea9128f12d11ccf7e8.php): No such file or directory F:\wamp64\www\yoyo\ThinkPHP\Library\Think\Cache\Driver\File.class.php 第 157 行.
NOTIC: [2] unlink(./Runtime/Temp/c56f84da6e0e702b033aa7a3518befb4.php): No such file or directory F:\wamp64\www\yoyo\ThinkPHP\Library\Think\Cache\Driver\File.class.php 第 157 行.
SQL: SELECT `id` FROM `ocenter_weibo` WHERE `status` = 1 AND `is_top` = 0 AND `id` < 0 ORDER BY create_time desc LIMIT 10   [ RunTime:0.001000s ]
NOTIC: [2] end() expects parameter 1 to be array, boolean given F:\wamp64\www\yoyo\Application\Weibo\Controller\IndexController.class.php 第 392 行.
INFO: [ view_parse ] --START--
INFO: [ template_filter ] --START--
INFO: Run Behavior\ContentReplaceBehavior [ RunTime:0.000000s ]
INFO: [ template_filter ] --END-- [ RunTime:0.000000s ]
INFO: Run Behavior\ParseTemplateBehavior [ RunTime:0.015000s ]
INFO: [ view_parse ] --END-- [ RunTime:0.015000s ]
INFO: [ view_filter ] --START--
INFO: Run Behavior\WriteHtmlCacheBehavior [ RunTime:0.000000s ]
INFO: [ view_filter ] --END-- [ RunTime:0.000000s ]
INFO: [ app_end ] --START--
INFO: Run Behavior\ShowPageTraceBehavior [ RunTime:0.000000s ]
INFO: [ app_end ] --END-- [ RunTime:0.001000s ]

[ 2017-09-24T16:38:34+08:00 ] 127.0.0.1 /yoyo/index.php?s=/weibo/index/loadweibo/uid/0.html&page=1&lastId=NaN&type=all&loadCount=3&crowd=&select=all_
INFO: [ app_init ] --START--
INFO: Run Behavior\BuildLiteBehavior [ RunTime:0.000000s ]
INFO: Run Common\Behavior\InitHookBehavior [ RunTime:0.002000s ]
INFO: [ app_init ] --END-- [ RunTime:0.002000s ]
NOTIC: [8] Undefined index: router F:\wamp64\www\yoyo\Application\Common\Common\function.php 第 1936 行.
NOTIC: [8] Undefined index: router F:\wamp64\www\yoyo\Application\Common\Common\function.php 第 1936 行.
NOTIC: [8] Undefined index: router F:\wamp64\www\yoyo\Application\Common\Common\function.php 第 1936 行.
NOTIC: [8] Undefined index: router F:\wamp64\www\yoyo\Application\Common\Common\function.php 第 1936 行.
NOTIC: [8] Undefined index: router F:\wamp64\www\yoyo\Application\Common\Common\function.php 第 1936 行.
SQL: SHOW COLUMNS FROM `ocenter_config` [ RunTime:0.000000s ]
SQL: SELECT `type`,`name`,`value` FROM `ocenter_config` WHERE `status` = 1  [ RunTime:0.000000s ]
INFO: [ app_begin ] --START--
INFO: Run Behavior\ReadHtmlCacheBehavior [ RunTime:0.001000s ]
INFO: Run Behavior\CheckLangBehavior [ RunTime:0.013000s ]
INFO: [ app_begin ] --END-- [ RunTime:0.014000s ]
NOTIC: [8192] mysql_connect(): The mysql extension is deprecated and will be removed in the future: use mysqli or PDO instead F:\wamp64\www\yoyo\ThinkPHP\Library\Think\Session\Driver\Db.class.php 第 95 行.
SQL: SHOW COLUMNS FROM `ocenter_module` [ RunTime:0.001000s ]
SQL: SELECT `type`,`name`,`value` FROM `ocenter_config` WHERE `status` = 1  [ RunTime:0.001000s ]
NOTIC: [8] Undefined variable: token F:\wamp64\www\yoyo\Application\Common\Model\ModuleModel.class.php 第 242 行.
NOTIC: [8] Undefined variable: res F:\wamp64\www\yoyo\Application\Common\Common\role.php 第 147 行.
INFO: [ action_begin ] --START--
INFO: Run Common\Behavior\InitModuleInfoBehavior [ RunTime:0.000000s ]
INFO: [ action_begin ] --END-- [ RunTime:0.000000s ]
SQL: SHOW COLUMNS FROM `ocenter_weibo` [ RunTime:0.000000s ]
SQL: SHOW COLUMNS FROM `ocenter_weibo_crowd` [ RunTime:0.000000s ]
SQL: SELECT * FROM `ocenter_weibo_crowd` WHERE `status` = 1 AND `invisible` = 1 AND `type` = 1  [ RunTime:0.001000s ]
NOTIC: [2] unlink(./Runtime/Temp/49bdab5028a82434e9bcd58c8dfa263c.php): No such file or directory F:\wamp64\www\yoyo\ThinkPHP\Library\Think\Cache\Driver\File.class.php 第 157 行.
NOTIC: [2] unlink(./Runtime/Temp/c887ede2c62710b72c2d37a35af2ffbc.php): No such file or directory F:\wamp64\www\yoyo\ThinkPHP\Library\Think\Cache\Driver\File.class.php 第 157 行.
SQL: SHOW COLUMNS FROM `ocenter_weibo` [ RunTime:0.000000s ]
SQL: SELECT MAX(id) AS tp_max FROM `ocenter_weibo` WHERE `status` = 1 AND `is_top` = 0 LIMIT 1   [ RunTime:0.000000s ]
SQL: SHOW COLUMNS FROM `ocenter_follow` [ RunTime:0.001000s ]
SQL: SELECT * FROM `ocenter_follow` WHERE `who_follow` = 1  [ RunTime:0.001000s ]
NOTIC: [2] Invalid argument supplied for foreach() F:\wamp64\www\yoyo\Application\Common\Model\FollowModel.class.php 第 184 行.
SQL: SHOW COLUMNS FROM `ocenter_member` [ RunTime:0.001000s ]
SQL: SELECT `uid`,`fans` FROM `ocenter_member` WHERE `status` = 1 AND `uid` NOT IN ('1') AND `fans` > 0 ORDER BY fans desc,uid asc LIMIT 15   [ RunTime:0.000000s ]
NOTIC: [2] Invalid argument supplied for foreach() F:\wamp64\www\yoyo\Application\Weibo\Model\WeiboModel.class.php 第 294 行.
NOTIC: [2] unlink(./Runtime/Temp/3ecb4137fee8bfea9128f12d11ccf7e8.php): No such file or directory F:\wamp64\www\yoyo\ThinkPHP\Library\Think\Cache\Driver\File.class.php 第 157 行.
NOTIC: [2] unlink(./Runtime/Temp/c56f84da6e0e702b033aa7a3518befb4.php): No such file or directory F:\wamp64\www\yoyo\ThinkPHP\Library\Think\Cache\Driver\File.class.php 第 157 行.
SQL: SELECT `id` FROM `ocenter_weibo` WHERE `status` = 1 AND `is_top` = 0 AND `id` < 0 ORDER BY create_time desc LIMIT 10   [ RunTime:0.000000s ]
NOTIC: [2] end() expects parameter 1 to be array, boolean given F:\wamp64\www\yoyo\Application\Weibo\Controller\IndexController.class.php 第 392 行.
INFO: [ view_parse ] --START--
INFO: [ template_filter ] --START--
INFO: Run Behavior\ContentReplaceBehavior [ RunTime:0.000000s ]
INFO: [ template_filter ] --END-- [ RunTime:0.000000s ]
INFO: Run Behavior\ParseTemplateBehavior [ RunTime:0.016000s ]
INFO: [ view_parse ] --END-- [ RunTime:0.016000s ]
INFO: [ view_filter ] --START--
INFO: Run Behavior\WriteHtmlCacheBehavior [ RunTime:0.000000s ]
INFO: [ view_filter ] --END-- [ RunTime:0.000000s ]
INFO: [ app_end ] --START--
INFO: Run Behavior\ShowPageTraceBehavior [ RunTime:0.001000s ]
INFO: [ app_end ] --END-- [ RunTime:0.001000s ]

