[ 2017-09-23T21:56:59+08:00 ] 127.0.0.1 /yoyo/index.php?s=/weibo/index/index.html
INFO: [ app_init ] --START--
INFO: Run Behavior\BuildLiteBehavior [ RunTime:0.000012s ]
INFO: Run Common\Behavior\InitHookBehavior [ RunTime:0.001005s ]
INFO: [ app_init ] --END-- [ RunTime:0.001084s ]
NOTIC: [8] Undefined index: router /Applications/XAMPP/xamppfiles/htdocs/yoyo/Application/Common/Common/function.php 第 1936 行.
NOTIC: [8] Undefined index: router /Applications/XAMPP/xamppfiles/htdocs/yoyo/Application/Common/Common/function.php 第 1936 行.
NOTIC: [8] Undefined index: router /Applications/XAMPP/xamppfiles/htdocs/yoyo/Application/Common/Common/function.php 第 1936 行.
NOTIC: [8] Undefined index: router /Applications/XAMPP/xamppfiles/htdocs/yoyo/Application/Common/Common/function.php 第 1936 行.
NOTIC: [8] Undefined index: router /Applications/XAMPP/xamppfiles/htdocs/yoyo/Application/Common/Common/function.php 第 1936 行.
SQL: SHOW COLUMNS FROM `ocenter_config` [ RunTime:0.002320s ]
SQL: SELECT `type`,`name`,`value` FROM `ocenter_config` WHERE `status` = 1  [ RunTime:0.000460s ]
INFO: [ app_begin ] --START--
INFO: Run Behavior\ReadHtmlCacheBehavior [ RunTime:0.000443s ]
INFO: Run Behavior\CheckLangBehavior [ RunTime:0.011797s ]
INFO: [ app_begin ] --END-- [ RunTime:0.012341s ]
NOTIC: [8192] mysql_connect(): The mysql extension is deprecated and will be removed in the future: use mysqli or PDO instead /Applications/XAMPP/xamppfiles/htdocs/yoyo/ThinkPHP/Library/Think/Session/Driver/Db.class.php 第 95 行.
SQL: SHOW COLUMNS FROM `ocenter_module` [ RunTime:0.002162s ]
SQL: SELECT `type`,`name`,`value` FROM `ocenter_config` WHERE `status` = 1  [ RunTime:0.000329s ]
NOTIC: [8] Undefined variable: token /Applications/XAMPP/xamppfiles/htdocs/yoyo/Application/Common/Model/ModuleModel.class.php 第 242 行.
NOTIC: [8] Undefined variable: res /Applications/XAMPP/xamppfiles/htdocs/yoyo/Application/Common/Common/role.php 第 147 行.
INFO: [ action_begin ] --START--
INFO: Run Common\Behavior\InitModuleInfoBehavior [ RunTime:0.000141s ]
INFO: [ action_begin ] --END-- [ RunTime:0.000177s ]
SQL: SHOW COLUMNS FROM `ocenter_checkin` [ RunTime:0.001806s ]
SQL: SELECT * FROM `ocenter_checkin` WHERE `uid` = 1 AND `create_time` >= 1506096000 LIMIT 1   [ RunTime:0.000289s ]
SQL: select con_check,total_check from `ocenter_member`,`ocenter_ucenter_member` where uid=id and uid=1 limit 1 [ RunTime:0.000343s ]
NOTIC: [2] array_merge(): Argument #1 is not an array /Applications/XAMPP/xamppfiles/htdocs/yoyo/Addons/CheckIn/Model/CheckInModel.class.php 第 19 行.
NOTIC: [2] unlink(./Runtime/Temp/af417a1dcbc4f06e2578d32b8e6b1bd1.php): No such file or directory /Applications/XAMPP/xamppfiles/htdocs/yoyo/ThinkPHP/Library/Think/Cache/Driver/File.class.php 第 157 行.
NOTIC: [2] unlink(./Runtime/Temp/928e65e28a6ee5cc402df268483973d4.php): No such file or directory /Applications/XAMPP/xamppfiles/htdocs/yoyo/ThinkPHP/Library/Think/Cache/Driver/File.class.php 第 157 行.
SQL: SELECT `value` FROM `ocenter_config` WHERE `name` = '_WEIBO_WEIBO_DEFAULT_TAB' LIMIT 1   [ RunTime:0.000255s ]
SQL: SELECT `value` FROM `ocenter_config` WHERE `name` = '_WEIBO_SUGGESTED_RAND' LIMIT 1   [ RunTime:0.000208s ]
SQL: SHOW COLUMNS FROM `ocenter_weibo` [ RunTime:0.001187s ]
SQL: SELECT MAX(id) AS tp_max FROM `ocenter_weibo` WHERE `status` = 1 AND `is_top` = 0 LIMIT 1   [ RunTime:0.000183s ]
SQL: SELECT `value` FROM `ocenter_config` WHERE `name` = '_WEIBO_SUGGESTED_VALUE' LIMIT 1   [ RunTime:0.000170s ]
SQL: SELECT `value` FROM `ocenter_config` WHERE `name` = '_WEIBO_SUGGESTED_NUM' LIMIT 1   [ RunTime:0.000185s ]
SQL: SHOW COLUMNS FROM `ocenter_weibo` [ RunTime:0.001981s ]
SQL: SHOW COLUMNS FROM `ocenter_follow` [ RunTime:0.001976s ]
SQL: SELECT * FROM `ocenter_follow` WHERE `who_follow` = 1  [ RunTime:0.000228s ]
NOTIC: [2] Invalid argument supplied for foreach() /Applications/XAMPP/xamppfiles/htdocs/yoyo/Application/Common/Model/FollowModel.class.php 第 184 行.
SQL: SHOW COLUMNS FROM `ocenter_member` [ RunTime:0.002497s ]
SQL: SELECT `uid`,`fans` FROM `ocenter_member` WHERE `status` = 1 AND `uid` NOT IN ('1') AND `fans` > 0 ORDER BY fans desc,uid asc LIMIT 15   [ RunTime:0.000215s ]
NOTIC: [2] Invalid argument supplied for foreach() /Applications/XAMPP/xamppfiles/htdocs/yoyo/Application/Weibo/Model/WeiboModel.class.php 第 294 行.
NOTIC: [2] unlink(./Runtime/Temp/3ecb4137fee8bfea9128f12d11ccf7e8.php): No such file or directory /Applications/XAMPP/xamppfiles/htdocs/yoyo/ThinkPHP/Library/Think/Cache/Driver/File.class.php 第 157 行.
NOTIC: [2] unlink(./Runtime/Temp/c56f84da6e0e702b033aa7a3518befb4.php): No such file or directory /Applications/XAMPP/xamppfiles/htdocs/yoyo/ThinkPHP/Library/Think/Cache/Driver/File.class.php 第 157 行.
SQL: SHOW COLUMNS FROM `ocenter_weibo_crowd` [ RunTime:0.001904s ]
SQL: SELECT * FROM `ocenter_weibo_crowd` WHERE `status` = 1 AND `invisible` = 1 AND `type` = 1  [ RunTime:0.000283s ]
NOTIC: [2] unlink(./Runtime/Temp/49bdab5028a82434e9bcd58c8dfa263c.php): No such file or directory /Applications/XAMPP/xamppfiles/htdocs/yoyo/ThinkPHP/Library/Think/Cache/Driver/File.class.php 第 157 行.
NOTIC: [2] unlink(./Runtime/Temp/c887ede2c62710b72c2d37a35af2ffbc.php): No such file or directory /Applications/XAMPP/xamppfiles/htdocs/yoyo/ThinkPHP/Library/Think/Cache/Driver/File.class.php 第 157 行.
SQL: SELECT * FROM `ocenter_weibo` WHERE `status` = 1 AND `is_top` = 1 ORDER BY create_time desc  [ RunTime:0.000202s ]
SQL: SELECT `id` FROM `ocenter_weibo` WHERE `status` = 1 AND `is_top` = 0 ORDER BY create_time desc LIMIT 10   [ RunTime:0.000161s ]
SQL: SELECT COUNT(*) AS tp_count FROM `ocenter_weibo` WHERE `status` = 1 AND `is_top` = 0 LIMIT 1   [ RunTime:0.000145s ]
SQL: SHOW COLUMNS FROM `ocenter_user_config` [ RunTime:0.001943s ]
SQL: SELECT * FROM `ocenter_user_config` WHERE `uid` = 1 AND `name` = 'user_cover' AND `role_id` = 0 AND `model` = '' LIMIT 1   [ RunTime:0.000201s ]
SQL: SHOW COLUMNS FROM `ocenter_picture` [ RunTime:0.001869s ]
SQL: SELECT * FROM `ocenter_picture` WHERE `status` = 1 AND `id` = null LIMIT 1   [ RunTime:0.000196s ]
NOTIC: [2] unlink(./Runtime/Temp/945c180f3240ad0e35d9eb8beb06401b.php): No such file or directory /Applications/XAMPP/xamppfiles/htdocs/yoyo/ThinkPHP/Library/Think/Cache/Driver/File.class.php 第 157 行.
NOTIC: [2] unlink(./Runtime/Temp/deec309cb1249b5b7776ac8c8f45123b.php): No such file or directory /Applications/XAMPP/xamppfiles/htdocs/yoyo/ThinkPHP/Library/Think/Cache/Driver/File.class.php 第 157 行.
SQL: SELECT `value` FROM `ocenter_config` WHERE `name` = '_WEIBO_RECOMMEND_TOPIC' LIMIT 1   [ RunTime:0.000189s ]
SQL: SELECT * FROM `ocenter_checkin` WHERE `uid` = 1 AND `create_time` >= 1506096000 LIMIT 1   [ RunTime:0.000303s ]
NOTIC: [2] array_merge(): Argument #1 is not an array /Applications/XAMPP/xamppfiles/htdocs/yoyo/Addons/CheckIn/Model/CheckInModel.class.php 第 19 行.
NOTIC: [2] unlink(./Runtime/Temp/af417a1dcbc4f06e2578d32b8e6b1bd1.php): No such file or directory /Applications/XAMPP/xamppfiles/htdocs/yoyo/ThinkPHP/Library/Think/Cache/Driver/File.class.php 第 157 行.
NOTIC: [2] unlink(./Runtime/Temp/928e65e28a6ee5cc402df268483973d4.php): No such file or directory /Applications/XAMPP/xamppfiles/htdocs/yoyo/ThinkPHP/Library/Think/Cache/Driver/File.class.php 第 157 行.
SQL: SHOW COLUMNS FROM `ocenter_score_log` [ RunTime:0.002542s ]
SQL: SELECT `value` FROM `ocenter_score_log` WHERE `uid` = 1 AND `type` = 1 AND `action` = 'inc' AND `create_time` BETWEEN 1506096000 AND 1506182400  [ RunTime:0.000550s ]
NOTIC: [2] Invalid argument supplied for foreach() /Applications/XAMPP/xamppfiles/htdocs/yoyo/Application/Weibo/Controller/IndexController.class.php 第 203 行.
SQL: SHOW COLUMNS FROM `ocenter_weibo_topic` [ RunTime:0.002406s ]
SQL: SELECT * FROM `ocenter_weibo_topic` WHERE `status` = 1 ORDER BY weibo_num desc LIMIT 10   [ RunTime:0.000224s ]
NOTIC: [2] unlink(./Runtime/Temp/93113cb49267a4cbb27767a6e1b635c1.php): No such file or directory /Applications/XAMPP/xamppfiles/htdocs/yoyo/ThinkPHP/Library/Think/Cache/Driver/File.class.php 第 157 行.
NOTIC: [2] unlink(./Runtime/Temp/108531d2299820ecd3c3d7bcc6bf9a7b.php): No such file or directory /Applications/XAMPP/xamppfiles/htdocs/yoyo/ThinkPHP/Library/Think/Cache/Driver/File.class.php 第 157 行.
SQL: SHOW COLUMNS FROM `ocenter_weibo_crowd` [ RunTime:0.002085s ]
SQL: SELECT * FROM `ocenter_weibo_crowd` WHERE `status` = 1 ORDER BY member_count desc LIMIT 5   [ RunTime:0.000534s ]
NOTIC: [2] unlink(./Runtime/Temp/92116dce6de6799c799aac6de4e6875f.php): No such file or directory /Applications/XAMPP/xamppfiles/htdocs/yoyo/ThinkPHP/Library/Think/Cache/Driver/File.class.php 第 157 行.
NOTIC: [2] unlink(./Runtime/Temp/2824230eb4cf16341de553387290a539.php): No such file or directory /Applications/XAMPP/xamppfiles/htdocs/yoyo/ThinkPHP/Library/Think/Cache/Driver/File.class.php 第 157 行.
NOTIC: [2] Invalid argument supplied for foreach() /Applications/XAMPP/xamppfiles/htdocs/yoyo/Application/Weibo/Controller/IndexController.class.php 第 217 行.
SQL: SHOW COLUMNS FROM `ocenter_weibo_crowd_member` [ RunTime:0.002695s ]
SQL: SELECT * FROM `ocenter_weibo_crowd_member` WHERE `uid` = 1 AND `status` = 1  [ RunTime:0.000287s ]
NOTIC: [2] unlink(./Runtime/Temp/0da9e2274394db85b64a73f45d47dc62.php): No such file or directory /Applications/XAMPP/xamppfiles/htdocs/yoyo/ThinkPHP/Library/Think/Cache/Driver/File.class.php 第 157 行.
NOTIC: [2] unlink(./Runtime/Temp/9603183ab4c46bfe3761f40dd3fee55f.php): No such file or directory /Applications/XAMPP/xamppfiles/htdocs/yoyo/ThinkPHP/Library/Think/Cache/Driver/File.class.php 第 157 行.
NOTIC: [2] Invalid argument supplied for foreach() /Applications/XAMPP/xamppfiles/htdocs/yoyo/Application/Weibo/Controller/IndexController.class.php 第 225 行.
INFO: [ view_parse ] --START--
INFO: [ template_filter ] --START--
INFO: Run Behavior\ContentReplaceBehavior [ RunTime:0.000664s ]
INFO: [ template_filter ] --END-- [ RunTime:0.000739s ]
INFO: [ syncMeta ] --START--
INFO: Run Addons\SyncLogin\SyncLoginAddon [ RunTime:0.001169s ]
INFO: [ syncMeta ] --END-- [ RunTime:0.001249s ]
SQL: SHOW COLUMNS FROM `ocenter_seo_rule` [ RunTime:0.003479s ]
NOTIC: [8192] mysql_escape_string(): This function is deprecated; use mysql_real_escape_string() instead. /Applications/XAMPP/xamppfiles/htdocs/yoyo/Application/Common/Model/SeoRuleModel.class.php 第 78 行.
NOTIC: [8192] mysql_escape_string(): This function is deprecated; use mysql_real_escape_string() instead. /Applications/XAMPP/xamppfiles/htdocs/yoyo/Application/Common/Model/SeoRuleModel.class.php 第 79 行.
NOTIC: [8192] mysql_escape_string(): This function is deprecated; use mysql_real_escape_string() instead. /Applications/XAMPP/xamppfiles/htdocs/yoyo/Application/Common/Model/SeoRuleModel.class.php 第 80 行.
SQL: SELECT * FROM `ocenter_seo_rule` WHERE ( (app='' or app='Weibo') and (controller='' or controller='Index') and (action='' or action='index') and status=1 ) ORDER BY sort asc  [ RunTime:0.000485s ]
INFO: [ view_parse ] --START--
INFO: [ template_filter ] --START--
INFO: Run Behavior\ContentReplaceBehavior [ RunTime:0.000031s ]
INFO: [ template_filter ] --END-- [ RunTime:-0.027922s ]
INFO: Run Behavior\ParseTemplateBehavior [ RunTime:0.001138s ]
INFO: [ view_parse ] --END-- [ RunTime:0.001191s ]
INFO: [ view_filter ] --START--
INFO: Run Behavior\WriteHtmlCacheBehavior [ RunTime:0.000150s ]
INFO: [ view_filter ] --END-- [ RunTime:0.000191s ]
INFO: [ view_parse ] --START--
INFO: [ template_filter ] --START--
INFO: Run Behavior\ContentReplaceBehavior [ RunTime:0.000020s ]
INFO: [ template_filter ] --END-- [ RunTime:-0.029224s ]
INFO: Run Behavior\ParseTemplateBehavior [ RunTime:0.000771s ]
INFO: [ view_parse ] --END-- [ RunTime:-0.000368s ]
INFO: [ view_filter ] --START--
INFO: Run Behavior\WriteHtmlCacheBehavior [ RunTime:0.000008s ]
INFO: [ view_filter ] --END-- [ RunTime:-0.000953s ]
INFO: [ view_parse ] --START--
INFO: [ template_filter ] --START--
INFO: Run Behavior\ContentReplaceBehavior [ RunTime:0.000028s ]
INFO: [ template_filter ] --END-- [ RunTime:-0.030410s ]
INFO: Run Behavior\ParseTemplateBehavior [ RunTime:0.001044s ]
INFO: [ view_parse ] --END-- [ RunTime:-0.001335s ]
INFO: [ view_filter ] --START--
INFO: Run Behavior\WriteHtmlCacheBehavior [ RunTime:0.000009s ]
INFO: [ view_filter ] --END-- [ RunTime:-0.002192s ]
SQL: SELECT `type`,`name`,`value` FROM `ocenter_config` WHERE `status` = 1  [ RunTime:0.000355s ]
SQL: SHOW COLUMNS FROM `ocenter_pushing` [ RunTime:0.001947s ]
ERR: 1146:Table 'yoyobit.ocenter_pushing' doesn't exist
 [ SQL语句 ] : SHOW COLUMNS FROM `ocenter_pushing`
SQL: SHOW COLUMNS FROM `ocenter_member` [ RunTime:0.002240s ]
SQL: SELECT `value` FROM `ocenter_config` WHERE `name` = '_CONFIG_LOGO' LIMIT 1   [ RunTime:0.000279s ]
SQL: SHOW COLUMNS FROM `ocenter_channel` [ RunTime:0.002442s ]
NOTIC: [8] Undefined index: _ /Applications/XAMPP/xamppfiles/htdocs/yoyo/Runtime/Cache/Weibo/c2993ac2a6b2be2fd3fb80417f33d2d4.php 第 142 行.
NOTIC: [8] Undefined index: _ /Applications/XAMPP/xamppfiles/htdocs/yoyo/Runtime/Cache/Weibo/c2993ac2a6b2be2fd3fb80417f33d2d4.php 第 142 行.
NOTIC: [8] Undefined index: _ /Applications/XAMPP/xamppfiles/htdocs/yoyo/Runtime/Cache/Weibo/c2993ac2a6b2be2fd3fb80417f33d2d4.php 第 142 行.
NOTIC: [8] Undefined index: _ /Applications/XAMPP/xamppfiles/htdocs/yoyo/Runtime/Cache/Weibo/c2993ac2a6b2be2fd3fb80417f33d2d4.php 第 142 行.
SQL: SHOW COLUMNS FROM `ocenter_member` [ RunTime:0.003296s ]
SQL: SELECT `reg_time` FROM `ocenter_member` WHERE `uid` = 1 LIMIT 1   [ RunTime:0.000207s ]
SQL: SELECT * FROM `ocenter_user_config` WHERE `uid` = 1 AND `name` = 'user_cover' AND `role_id` = 0 AND `model` = '' LIMIT 1   [ RunTime:0.000482s ]
SQL: SELECT * FROM `ocenter_picture` WHERE `status` = 1 AND `id` = null LIMIT 1   [ RunTime:0.000404s ]
NOTIC: [2] unlink(./Runtime/Temp/945c180f3240ad0e35d9eb8beb06401b.php): No such file or directory /Applications/XAMPP/xamppfiles/htdocs/yoyo/ThinkPHP/Library/Think/Cache/Driver/File.class.php 第 157 行.
NOTIC: [2] unlink(./Runtime/Temp/deec309cb1249b5b7776ac8c8f45123b.php): No such file or directory /Applications/XAMPP/xamppfiles/htdocs/yoyo/ThinkPHP/Library/Think/Cache/Driver/File.class.php 第 157 行.
SQL: SELECT `value` FROM `ocenter_config` WHERE `name` = '_USERCONFIG_LEVEL' LIMIT 1   [ RunTime:0.000335s ]
SQL: SELECT `value` FROM `ocenter_config` WHERE `name` = '_USERCONFIG_LEVEL' LIMIT 1   [ RunTime:0.000227s ]
NOTIC: [8] Undefined index: before_level_need /Applications/XAMPP/xamppfiles/htdocs/yoyo/Application/Ucenter/Model/TitleModel.class.php 第 67 行.
NOTIC: [2] Division by zero /Applications/XAMPP/xamppfiles/htdocs/yoyo/Application/Ucenter/Model/TitleModel.class.php 第 67 行.
SQL: SELECT `value` FROM `ocenter_config` WHERE `name` = '_WEIBO_WEIBO_INFO' LIMIT 1   [ RunTime:0.000230s ]
SQL: SELECT `value` FROM `ocenter_config` WHERE `name` = '_WEIBO_CAN_IMAGE' LIMIT 1   [ RunTime:0.000209s ]
SQL: SELECT `value` FROM `ocenter_config` WHERE `name` = '_WEIBO_CAN_TOPIC' LIMIT 1   [ RunTime:0.000257s ]
NOTIC: [8] Undefined variable: crowd_type /Applications/XAMPP/xamppfiles/htdocs/yoyo/Runtime/Cache/Weibo/c2993ac2a6b2be2fd3fb80417f33d2d4.php 第 503 行.
SQL: SELECT `value` FROM `ocenter_config` WHERE `name` = '_WEIBO_USE_TOPIC' LIMIT 1   [ RunTime:0.000444s ]
NOTIC: [8] Undefined variable: weibo /Applications/XAMPP/xamppfiles/htdocs/yoyo/Runtime/Cache/Weibo/c2993ac2a6b2be2fd3fb80417f33d2d4.php 第 590 行.
NOTIC: [8] Undefined variable: need_login_tab /Applications/XAMPP/xamppfiles/htdocs/yoyo/Runtime/Cache/Weibo/c2993ac2a6b2be2fd3fb80417f33d2d4.php 第 598 行.
NOTIC: [2] in_array() expects parameter 2 to be array, null given /Applications/XAMPP/xamppfiles/htdocs/yoyo/Runtime/Cache/Weibo/c2993ac2a6b2be2fd3fb80417f33d2d4.php 第 598 行.
NOTIC: [8] Undefined variable: need_login_tab /Applications/XAMPP/xamppfiles/htdocs/yoyo/Runtime/Cache/Weibo/c2993ac2a6b2be2fd3fb80417f33d2d4.php 第 598 行.
NOTIC: [2] in_array() expects parameter 2 to be array, null given /Applications/XAMPP/xamppfiles/htdocs/yoyo/Runtime/Cache/Weibo/c2993ac2a6b2be2fd3fb80417f33d2d4.php 第 598 行.
NOTIC: [8] Undefined variable: need_login_tab /Applications/XAMPP/xamppfiles/htdocs/yoyo/Runtime/Cache/Weibo/c2993ac2a6b2be2fd3fb80417f33d2d4.php 第 598 行.
NOTIC: [2] in_array() expects parameter 2 to be array, null given /Applications/XAMPP/xamppfiles/htdocs/yoyo/Runtime/Cache/Weibo/c2993ac2a6b2be2fd3fb80417f33d2d4.php 第 598 行.
NOTIC: [8] Undefined variable: need_login_tab /Applications/XAMPP/xamppfiles/htdocs/yoyo/Runtime/Cache/Weibo/c2993ac2a6b2be2fd3fb80417f33d2d4.php 第 598 行.
NOTIC: [2] in_array() expects parameter 2 to be array, null given /Applications/XAMPP/xamppfiles/htdocs/yoyo/Runtime/Cache/Weibo/c2993ac2a6b2be2fd3fb80417f33d2d4.php 第 598 行.
NOTIC: [8] Use of undefined constant concerned - assumed 'concerned' /Applications/XAMPP/xamppfiles/htdocs/yoyo/Runtime/Cache/Weibo/c2993ac2a6b2be2fd3fb80417f33d2d4.php 第 624 行.
NOTIC: [8] Undefined variable: invisible /Applications/XAMPP/xamppfiles/htdocs/yoyo/Runtime/Cache/Weibo/c2993ac2a6b2be2fd3fb80417f33d2d4.php 第 880 行.
SQL: SELECT `value` FROM `ocenter_config` WHERE `name` = '_USERCONFIG_LEVEL' LIMIT 1   [ RunTime:0.000261s ]
SQL: SELECT `value` FROM `ocenter_config` WHERE `name` = '_USERCONFIG_LEVEL' LIMIT 1   [ RunTime:0.000188s ]
NOTIC: [8] Undefined index: before_level_need /Applications/XAMPP/xamppfiles/htdocs/yoyo/Application/Ucenter/Model/TitleModel.class.php 第 67 行.
NOTIC: [2] Division by zero /Applications/XAMPP/xamppfiles/htdocs/yoyo/Application/Ucenter/Model/TitleModel.class.php 第 67 行.
NOTIC: [8] Undefined variable: module /Applications/XAMPP/xamppfiles/htdocs/yoyo/Application/Common/Common/role.php 第 178 行.
NOTIC: [8] Undefined variable: res /Applications/XAMPP/xamppfiles/htdocs/yoyo/Application/Common/Common/role.php 第 191 行.
INFO: [ checkIn ] --START--
SQL: SELECT * FROM `ocenter_checkin` WHERE `uid` = 1 AND `create_time` >= 1506096000 LIMIT 1   [ RunTime:0.000198s ]
NOTIC: [2] array_merge(): Argument #1 is not an array /Applications/XAMPP/xamppfiles/htdocs/yoyo/Addons/CheckIn/Model/CheckInModel.class.php 第 19 行.
NOTIC: [2] unlink(./Runtime/Temp/af417a1dcbc4f06e2578d32b8e6b1bd1.php): No such file or directory /Applications/XAMPP/xamppfiles/htdocs/yoyo/ThinkPHP/Library/Think/Cache/Driver/File.class.php 第 157 行.
NOTIC: [2] unlink(./Runtime/Temp/928e65e28a6ee5cc402df268483973d4.php): No such file or directory /Applications/XAMPP/xamppfiles/htdocs/yoyo/ThinkPHP/Library/Think/Cache/Driver/File.class.php 第 157 行.
INFO: [ view_parse ] --START--
INFO: [ template_filter ] --START--
INFO: Run Behavior\ContentReplaceBehavior [ RunTime:0.000032s ]
INFO: [ template_filter ] --END-- [ RunTime:-0.062521s ]
INFO: Run Behavior\ParseTemplateBehavior [ RunTime:0.002497s ]
INFO: [ view_parse ] --END-- [ RunTime:-0.032236s ]
INFO: [ view_filter ] --START--
INFO: Run Behavior\WriteHtmlCacheBehavior [ RunTime:0.000010s ]
INFO: [ view_filter ] --END-- [ RunTime:-0.034551s ]
INFO: Run Addons\CheckIn\CheckInAddon [ RunTime:0.003853s ]
INFO: [ checkIn ] --END-- [ RunTime:0.003877s ]
SQL: SELECT `type`,`name`,`value` FROM `ocenter_config` WHERE `status` = 1  [ RunTime:0.000824s ]
NOTIC: [8] Undefined variable: token /Applications/XAMPP/xamppfiles/htdocs/yoyo/Application/Common/Model/ModuleModel.class.php 第 242 行.
NOTIC: [8] Undefined variable: res /Applications/XAMPP/xamppfiles/htdocs/yoyo/Application/Common/Common/role.php 第 147 行.
INFO: [ action_begin ] --START--
INFO: Run Common\Behavior\InitModuleInfoBehavior [ RunTime:0.000012s ]
INFO: [ action_begin ] --END-- [ RunTime:-0.184243s ]
SQL: SHOW COLUMNS FROM `ocenter_adv_pos` [ RunTime:0.002467s ]
SQL: SELECT * FROM `ocenter_adv_pos` WHERE `name` = 'below_self_info' AND `path` = 'Weibo/Index/index' AND `status` = 1 LIMIT 1   [ RunTime:0.000417s ]
SQL: SHOW COLUMNS FROM `ocenter_adv` [ RunTime:0.002793s ]
SQL: SELECT * FROM `ocenter_adv` WHERE `pos_id` = 4 AND `status` = 1 AND `start_time` < 1506175019 AND `end_time` > 1506175019 ORDER BY sort asc  [ RunTime:0.000308s ]
NOTIC: [2] Invalid argument supplied for foreach() /Applications/XAMPP/xamppfiles/htdocs/yoyo/Application/Common/Model/AdvModel.class.php 第 31 行.
INFO: [ view_parse ] --START--
INFO: [ template_filter ] --START--
INFO: Run Behavior\ContentReplaceBehavior [ RunTime:0.000030s ]
INFO: [ template_filter ] --END-- [ RunTime:-0.076816s ]
INFO: Run Behavior\ParseTemplateBehavior [ RunTime:0.002414s ]
INFO: [ view_parse ] --END-- [ RunTime:-0.046962s ]
INFO: [ view_filter ] --START--
INFO: Run Behavior\WriteHtmlCacheBehavior [ RunTime:0.000011s ]
INFO: [ view_filter ] --END-- [ RunTime:-0.049215s ]
INFO: [ weiboSide ] --START--
NOTIC: [2] unlink(./Runtime/Temp/c589e0d7eccd0d0f914bc30da364fa34.php): No such file or directory /Applications/XAMPP/xamppfiles/htdocs/yoyo/ThinkPHP/Library/Think/Cache/Driver/File.class.php 第 157 行.
NOTIC: [2] unlink(./Runtime/Temp/a4cb3560e9865d9beedfa040de1c8519.php): No such file or directory /Applications/XAMPP/xamppfiles/htdocs/yoyo/ThinkPHP/Library/Think/Cache/Driver/File.class.php 第 157 行.
SQL: SHOW COLUMNS FROM `ocenter_addons` [ RunTime:0.002428s ]
SQL: SELECT * FROM `ocenter_addons` WHERE `name` = 'Recommend' LIMIT 1   [ RunTime:0.000386s ]
NOTIC: [2] array_diff(): Argument #1 is not an array /Applications/XAMPP/xamppfiles/htdocs/yoyo/Addons/Recommend/Common/function.php 第 25 行.
NOTIC: [2] sort() expects parameter 1 to be array, null given /Applications/XAMPP/xamppfiles/htdocs/yoyo/Addons/Recommend/Common/function.php 第 26 行.
INFO: Run Addons\Recommend\RecommendAddon [ RunTime:0.006117s ]
INFO: [ weiboSide ] --END-- [ RunTime:0.006157s ]
SQL: SELECT * FROM `ocenter_adv_pos` WHERE `name` = 'below_checkrank' AND `path` = 'Weibo/Index/index' AND `status` = 1 LIMIT 1   [ RunTime:0.000366s ]
SQL: SELECT * FROM `ocenter_adv` WHERE `pos_id` = 2 AND `status` = 1 AND `start_time` < 1506175019 AND `end_time` > 1506175019 ORDER BY sort asc  [ RunTime:0.000333s ]
NOTIC: [2] Invalid argument supplied for foreach() /Applications/XAMPP/xamppfiles/htdocs/yoyo/Application/Common/Model/AdvModel.class.php 第 31 行.
INFO: [ view_parse ] --START--
INFO: [ template_filter ] --START--
INFO: Run Behavior\ContentReplaceBehavior [ RunTime:0.000023s ]
INFO: [ template_filter ] --END-- [ RunTime:-0.087666s ]
INFO: Run Behavior\ParseTemplateBehavior [ RunTime:0.002273s ]
INFO: [ view_parse ] --END-- [ RunTime:-0.058351s ]
INFO: [ view_filter ] --START--
INFO: Run Behavior\WriteHtmlCacheBehavior [ RunTime:0.000011s ]
INFO: [ view_filter ] --END-- [ RunTime:-0.060461s ]
SQL: SELECT `type`,`name`,`value` FROM `ocenter_config` WHERE `status` = 1  [ RunTime:0.000540s ]
NOTIC: [8] Undefined variable: token /Applications/XAMPP/xamppfiles/htdocs/yoyo/Application/Common/Model/ModuleModel.class.php 第 242 行.
NOTIC: [8] Undefined variable: res /Applications/XAMPP/xamppfiles/htdocs/yoyo/Application/Common/Common/role.php 第 147 行.
INFO: [ action_begin ] --START--
INFO: Run Common\Behavior\InitModuleInfoBehavior [ RunTime:0.000006s ]
INFO: [ action_begin ] --END-- [ RunTime:-0.209216s ]
NOTIC: [2] Missing argument 1 for Common\Widget\SuperLinksWidget::superLinks() /Applications/XAMPP/xamppfiles/htdocs/yoyo/Application/Common/Widget/SuperLinksWidget.class.php 第 15 行.
SQL: SHOW COLUMNS FROM `ocenter_super_links` [ RunTime:0.001852s ]
SQL: SELECT * FROM `ocenter_super_links` WHERE ( status = 1 ) ORDER BY level desc,id asc  [ RunTime:0.000253s ]
NOTIC: [2] Invalid argument supplied for foreach() /Applications/XAMPP/xamppfiles/htdocs/yoyo/Application/Common/Model/SuperLinksModel.class.php 第 37 行.
NOTIC: [8] Undefined variable: data /Applications/XAMPP/xamppfiles/htdocs/yoyo/Application/Common/Model/SuperLinksModel.class.php 第 48 行.
NOTIC: [8] Undefined variable: param /Applications/XAMPP/xamppfiles/htdocs/yoyo/Application/Common/Widget/SuperLinksWidget.class.php 第 19 行.
INFO: [ view_parse ] --START--
INFO: [ template_filter ] --START--
INFO: Run Behavior\ContentReplaceBehavior [ RunTime:0.000075s ]
INFO: [ template_filter ] --END-- [ RunTime:-0.096902s ]
INFO: Run Behavior\ParseTemplateBehavior [ RunTime:0.003902s ]
INFO: [ view_parse ] --END-- [ RunTime:-0.065646s ]
INFO: [ view_filter ] --START--
INFO: Run Behavior\WriteHtmlCacheBehavior [ RunTime:0.000012s ]
INFO: [ view_filter ] --END-- [ RunTime:-0.069382s ]
SQL: SELECT `value` FROM `ocenter_config` WHERE `name` = '_CONFIG_QRCODE_BOTTOM' LIMIT 1   [ RunTime:0.000296s ]
NOTIC: [8] Undefined variable: site /Applications/XAMPP/xamppfiles/htdocs/yoyo/Runtime/Cache/Weibo/c2993ac2a6b2be2fd3fb80417f33d2d4.php 第 1239 行.
NOTIC: [2] reset() expects parameter 1 to be array, boolean given /Applications/XAMPP/xamppfiles/htdocs/yoyo/Runtime/Cache/Weibo/c2993ac2a6b2be2fd3fb80417f33d2d4.php 第 1258 行.
NOTIC: [8] Undefined variable: crowd_type /Applications/XAMPP/xamppfiles/htdocs/yoyo/Runtime/Cache/Weibo/c2993ac2a6b2be2fd3fb80417f33d2d4.php 第 1260 行.
INFO: [ pageFooter ] --START--
INFO: Run Addons\SuperLinks\SuperLinksAddon [ RunTime:0.000489s ]
INFO: [ pageFooter ] --END-- [ RunTime:0.000538s ]
SQL: SELECT `type`,`name`,`value` FROM `ocenter_config` WHERE `status` = 1  [ RunTime:0.000378s ]
NOTIC: [8] Undefined variable: token /Applications/XAMPP/xamppfiles/htdocs/yoyo/Application/Common/Model/ModuleModel.class.php 第 242 行.
NOTIC: [8] Undefined variable: res /Applications/XAMPP/xamppfiles/htdocs/yoyo/Application/Common/Common/role.php 第 147 行.
INFO: [ action_begin ] --START--
INFO: Run Common\Behavior\InitModuleInfoBehavior [ RunTime:0.000013s ]
INFO: [ action_begin ] --END-- [ RunTime:-0.219752s ]
SQL: SELECT `type`,`name`,`value` FROM `ocenter_config` WHERE `status` = 1  [ RunTime:0.000345s ]
NOTIC: [8] Undefined variable: token /Applications/XAMPP/xamppfiles/htdocs/yoyo/Application/Common/Model/ModuleModel.class.php 第 242 行.
NOTIC: [8] Undefined variable: res /Applications/XAMPP/xamppfiles/htdocs/yoyo/Application/Common/Common/role.php 第 147 行.
INFO: [ action_begin ] --START--
INFO: Run Common\Behavior\InitModuleInfoBehavior [ RunTime:0.000038s ]
INFO: [ action_begin ] --END-- [ RunTime:-0.221917s ]
INFO: [ view_parse ] --START--
INFO: [ template_filter ] --START--
INFO: Run Behavior\ContentReplaceBehavior [ RunTime:0.000047s ]
INFO: [ template_filter ] --END-- [ RunTime:-0.105843s ]
INFO: Run Behavior\ParseTemplateBehavior [ RunTime:0.002209s ]
INFO: [ view_parse ] --END-- [ RunTime:-0.075864s ]
INFO: [ view_filter ] --START--
INFO: Run Behavior\WriteHtmlCacheBehavior [ RunTime:0.000008s ]
INFO: [ view_filter ] --END-- [ RunTime:-0.077908s ]
INFO: Run Behavior\ParseTemplateBehavior [ RunTime:0.002402s ]
INFO: [ view_parse ] --END-- [ RunTime:-0.075864s ]
INFO: [ view_filter ] --START--
INFO: Run Behavior\WriteHtmlCacheBehavior [ RunTime:0.000004s ]
INFO: [ view_filter ] --END-- [ RunTime:-0.078080s ]
INFO: [ app_end ] --START--
INFO: Run Behavior\ShowPageTraceBehavior [ RunTime:0.000620s ]
INFO: [ app_end ] --END-- [ RunTime:0.000664s ]

[ 2017-09-23T21:56:59+08:00 ] 127.0.0.1 /yoyo/index.php?s=/weibo/index/loadweibo/uid/0.html&page=1&lastId=NaN&type=all&loadCount=1&crowd=&select=all_
INFO: [ app_init ] --START--
INFO: Run Behavior\BuildLiteBehavior [ RunTime:0.000013s ]
INFO: Run Common\Behavior\InitHookBehavior [ RunTime:0.001784s ]
INFO: [ app_init ] --END-- [ RunTime:0.002129s ]
NOTIC: [8] Undefined index: router /Applications/XAMPP/xamppfiles/htdocs/yoyo/Application/Common/Common/function.php 第 1936 行.
NOTIC: [8] Undefined index: router /Applications/XAMPP/xamppfiles/htdocs/yoyo/Application/Common/Common/function.php 第 1936 行.
NOTIC: [8] Undefined index: router /Applications/XAMPP/xamppfiles/htdocs/yoyo/Application/Common/Common/function.php 第 1936 行.
NOTIC: [8] Undefined index: router /Applications/XAMPP/xamppfiles/htdocs/yoyo/Application/Common/Common/function.php 第 1936 行.
NOTIC: [8] Undefined index: router /Applications/XAMPP/xamppfiles/htdocs/yoyo/Application/Common/Common/function.php 第 1936 行.
SQL: SHOW COLUMNS FROM `ocenter_config` [ RunTime:0.002410s ]
SQL: SELECT `type`,`name`,`value` FROM `ocenter_config` WHERE `status` = 1  [ RunTime:0.000493s ]
INFO: [ app_begin ] --START--
INFO: Run Behavior\ReadHtmlCacheBehavior [ RunTime:0.000598s ]
INFO: Run Behavior\CheckLangBehavior [ RunTime:0.017390s ]
INFO: [ app_begin ] --END-- [ RunTime:0.018068s ]
NOTIC: [8192] mysql_connect(): The mysql extension is deprecated and will be removed in the future: use mysqli or PDO instead /Applications/XAMPP/xamppfiles/htdocs/yoyo/ThinkPHP/Library/Think/Session/Driver/Db.class.php 第 95 行.
SQL: SHOW COLUMNS FROM `ocenter_module` [ RunTime:0.001729s ]
SQL: SELECT `type`,`name`,`value` FROM `ocenter_config` WHERE `status` = 1  [ RunTime:0.000427s ]
NOTIC: [8] Undefined variable: token /Applications/XAMPP/xamppfiles/htdocs/yoyo/Application/Common/Model/ModuleModel.class.php 第 242 行.
NOTIC: [8] Undefined variable: res /Applications/XAMPP/xamppfiles/htdocs/yoyo/Application/Common/Common/role.php 第 147 行.
INFO: [ action_begin ] --START--
INFO: Run Common\Behavior\InitModuleInfoBehavior [ RunTime:0.000171s ]
INFO: [ action_begin ] --END-- [ RunTime:0.000218s ]
SQL: SHOW COLUMNS FROM `ocenter_weibo` [ RunTime:0.002043s ]
SQL: SHOW COLUMNS FROM `ocenter_weibo_crowd` [ RunTime:0.004463s ]
SQL: SELECT * FROM `ocenter_weibo_crowd` WHERE `status` = 1 AND `invisible` = 1 AND `type` = 1  [ RunTime:0.000404s ]
NOTIC: [2] unlink(./Runtime/Temp/49bdab5028a82434e9bcd58c8dfa263c.php): No such file or directory /Applications/XAMPP/xamppfiles/htdocs/yoyo/ThinkPHP/Library/Think/Cache/Driver/File.class.php 第 157 行.
NOTIC: [2] unlink(./Runtime/Temp/c887ede2c62710b72c2d37a35af2ffbc.php): No such file or directory /Applications/XAMPP/xamppfiles/htdocs/yoyo/ThinkPHP/Library/Think/Cache/Driver/File.class.php 第 157 行.
SQL: SHOW COLUMNS FROM `ocenter_weibo` [ RunTime:0.003134s ]
SQL: SELECT MAX(id) AS tp_max FROM `ocenter_weibo` WHERE `status` = 1 AND `is_top` = 0 LIMIT 1   [ RunTime:0.000702s ]
SQL: SHOW COLUMNS FROM `ocenter_follow` [ RunTime:0.006902s ]
SQL: SELECT * FROM `ocenter_follow` WHERE `who_follow` = 1  [ RunTime:0.000342s ]
NOTIC: [2] Invalid argument supplied for foreach() /Applications/XAMPP/xamppfiles/htdocs/yoyo/Application/Common/Model/FollowModel.class.php 第 184 行.
SQL: SHOW COLUMNS FROM `ocenter_member` [ RunTime:0.003856s ]
SQL: SELECT `uid`,`fans` FROM `ocenter_member` WHERE `status` = 1 AND `uid` NOT IN ('1') AND `fans` > 0 ORDER BY fans desc,uid asc LIMIT 15   [ RunTime:0.000816s ]
NOTIC: [2] Invalid argument supplied for foreach() /Applications/XAMPP/xamppfiles/htdocs/yoyo/Application/Weibo/Model/WeiboModel.class.php 第 294 行.
NOTIC: [2] unlink(./Runtime/Temp/3ecb4137fee8bfea9128f12d11ccf7e8.php): No such file or directory /Applications/XAMPP/xamppfiles/htdocs/yoyo/ThinkPHP/Library/Think/Cache/Driver/File.class.php 第 157 行.
NOTIC: [2] unlink(./Runtime/Temp/c56f84da6e0e702b033aa7a3518befb4.php): No such file or directory /Applications/XAMPP/xamppfiles/htdocs/yoyo/ThinkPHP/Library/Think/Cache/Driver/File.class.php 第 157 行.
SQL: SELECT `id` FROM `ocenter_weibo` WHERE `status` = 1 AND `is_top` = 0 AND `id` < 0 ORDER BY create_time desc LIMIT 10   [ RunTime:0.000489s ]
NOTIC: [2] end() expects parameter 1 to be array, boolean given /Applications/XAMPP/xamppfiles/htdocs/yoyo/Application/Weibo/Controller/IndexController.class.php 第 392 行.
INFO: [ view_parse ] --START--
INFO: [ template_filter ] --START--
INFO: Run Behavior\ContentReplaceBehavior [ RunTime:0.000066s ]
INFO: [ template_filter ] --END-- [ RunTime:0.000117s ]
INFO: Run Behavior\ParseTemplateBehavior [ RunTime:0.016675s ]
INFO: [ view_parse ] --END-- [ RunTime:0.016729s ]
INFO: [ view_filter ] --START--
INFO: Run Behavior\WriteHtmlCacheBehavior [ RunTime:0.000109s ]
INFO: [ view_filter ] --END-- [ RunTime:0.000133s ]
INFO: [ app_end ] --START--
INFO: Run Behavior\ShowPageTraceBehavior [ RunTime:0.000350s ]
INFO: [ app_end ] --END-- [ RunTime:0.000396s ]

[ 2017-09-23T22:16:14+08:00 ] 127.0.0.1 /yoyo/index.php?s=/weibo/index/index.html
INFO: [ app_init ] --START--
INFO: Run Behavior\BuildLiteBehavior [ RunTime:0.000011s ]
INFO: Run Common\Behavior\InitHookBehavior [ RunTime:0.001146s ]
INFO: [ app_init ] --END-- [ RunTime:0.001283s ]
NOTIC: [8] Undefined index: router /Applications/XAMPP/xamppfiles/htdocs/yoyo/Application/Common/Common/function.php 第 1936 行.
NOTIC: [8] Undefined index: router /Applications/XAMPP/xamppfiles/htdocs/yoyo/Application/Common/Common/function.php 第 1936 行.
NOTIC: [8] Undefined index: router /Applications/XAMPP/xamppfiles/htdocs/yoyo/Application/Common/Common/function.php 第 1936 行.
NOTIC: [8] Undefined index: router /Applications/XAMPP/xamppfiles/htdocs/yoyo/Application/Common/Common/function.php 第 1936 行.
NOTIC: [8] Undefined index: router /Applications/XAMPP/xamppfiles/htdocs/yoyo/Application/Common/Common/function.php 第 1936 行.
SQL: SHOW COLUMNS FROM `ocenter_config` [ RunTime:0.003345s ]
SQL: SELECT `type`,`name`,`value` FROM `ocenter_config` WHERE `status` = 1  [ RunTime:0.000521s ]
INFO: [ app_begin ] --START--
INFO: Run Behavior\ReadHtmlCacheBehavior [ RunTime:0.000449s ]
INFO: Run Behavior\CheckLangBehavior [ RunTime:0.012392s ]
INFO: [ app_begin ] --END-- [ RunTime:0.012950s ]
NOTIC: [8192] mysql_connect(): The mysql extension is deprecated and will be removed in the future: use mysqli or PDO instead /Applications/XAMPP/xamppfiles/htdocs/yoyo/ThinkPHP/Library/Think/Session/Driver/Db.class.php 第 95 行.
SQL: SHOW COLUMNS FROM `ocenter_module` [ RunTime:0.002774s ]
SQL: SELECT `type`,`name`,`value` FROM `ocenter_config` WHERE `status` = 1  [ RunTime:0.000403s ]
NOTIC: [8] Undefined variable: token /Applications/XAMPP/xamppfiles/htdocs/yoyo/Application/Common/Model/ModuleModel.class.php 第 242 行.
NOTIC: [8] Undefined variable: res /Applications/XAMPP/xamppfiles/htdocs/yoyo/Application/Common/Common/role.php 第 147 行.
INFO: [ action_begin ] --START--
INFO: Run Common\Behavior\InitModuleInfoBehavior [ RunTime:0.000207s ]
INFO: [ action_begin ] --END-- [ RunTime:0.000269s ]
SQL: SHOW COLUMNS FROM `ocenter_checkin` [ RunTime:0.003053s ]
SQL: SELECT * FROM `ocenter_checkin` WHERE `uid` = 1 AND `create_time` >= 1506096000 LIMIT 1   [ RunTime:0.000302s ]
NOTIC: [2] array_merge(): Argument #1 is not an array /Applications/XAMPP/xamppfiles/htdocs/yoyo/Addons/CheckIn/Model/CheckInModel.class.php 第 19 行.
NOTIC: [2] unlink(./Runtime/Temp/af417a1dcbc4f06e2578d32b8e6b1bd1.php): No such file or directory /Applications/XAMPP/xamppfiles/htdocs/yoyo/ThinkPHP/Library/Think/Cache/Driver/File.class.php 第 157 行.
NOTIC: [2] unlink(./Runtime/Temp/928e65e28a6ee5cc402df268483973d4.php): No such file or directory /Applications/XAMPP/xamppfiles/htdocs/yoyo/ThinkPHP/Library/Think/Cache/Driver/File.class.php 第 157 行.
SQL: SHOW COLUMNS FROM `ocenter_weibo` [ RunTime:0.002102s ]
SQL: SELECT MAX(id) AS tp_max FROM `ocenter_weibo` WHERE `status` = 1 AND `is_top` = 0 LIMIT 1   [ RunTime:0.000235s ]
SQL: SHOW COLUMNS FROM `ocenter_weibo` [ RunTime:0.002593s ]
SQL: SHOW COLUMNS FROM `ocenter_follow` [ RunTime:0.002340s ]
SQL: SELECT * FROM `ocenter_follow` WHERE `who_follow` = 1  [ RunTime:0.000244s ]
NOTIC: [2] Invalid argument supplied for foreach() /Applications/XAMPP/xamppfiles/htdocs/yoyo/Application/Common/Model/FollowModel.class.php 第 184 行.
SQL: SHOW COLUMNS FROM `ocenter_member` [ RunTime:0.003396s ]
SQL: SELECT `uid`,`fans` FROM `ocenter_member` WHERE `status` = 1 AND `uid` NOT IN ('1') AND `fans` > 0 ORDER BY fans desc,uid asc LIMIT 15   [ RunTime:0.000309s ]
NOTIC: [2] Invalid argument supplied for foreach() /Applications/XAMPP/xamppfiles/htdocs/yoyo/Application/Weibo/Model/WeiboModel.class.php 第 294 行.
NOTIC: [2] unlink(./Runtime/Temp/3ecb4137fee8bfea9128f12d11ccf7e8.php): No such file or directory /Applications/XAMPP/xamppfiles/htdocs/yoyo/ThinkPHP/Library/Think/Cache/Driver/File.class.php 第 157 行.
NOTIC: [2] unlink(./Runtime/Temp/c56f84da6e0e702b033aa7a3518befb4.php): No such file or directory /Applications/XAMPP/xamppfiles/htdocs/yoyo/ThinkPHP/Library/Think/Cache/Driver/File.class.php 第 157 行.
SQL: SHOW COLUMNS FROM `ocenter_weibo_crowd` [ RunTime:0.002023s ]
SQL: SELECT * FROM `ocenter_weibo_crowd` WHERE `status` = 1 AND `invisible` = 1 AND `type` = 1  [ RunTime:0.000382s ]
NOTIC: [2] unlink(./Runtime/Temp/49bdab5028a82434e9bcd58c8dfa263c.php): No such file or directory /Applications/XAMPP/xamppfiles/htdocs/yoyo/ThinkPHP/Library/Think/Cache/Driver/File.class.php 第 157 行.
NOTIC: [2] unlink(./Runtime/Temp/c887ede2c62710b72c2d37a35af2ffbc.php): No such file or directory /Applications/XAMPP/xamppfiles/htdocs/yoyo/ThinkPHP/Library/Think/Cache/Driver/File.class.php 第 157 行.
SQL: SELECT * FROM `ocenter_weibo` WHERE `status` = 1 AND `is_top` = 1 ORDER BY create_time desc  [ RunTime:0.000266s ]
SQL: SELECT `id` FROM `ocenter_weibo` WHERE `status` = 1 AND `is_top` = 0 ORDER BY create_time desc LIMIT 10   [ RunTime:0.000235s ]
SQL: SELECT COUNT(*) AS tp_count FROM `ocenter_weibo` WHERE `status` = 1 AND `is_top` = 0 LIMIT 1   [ RunTime:0.000204s ]
SQL: SHOW COLUMNS FROM `ocenter_user_config` [ RunTime:0.001907s ]
SQL: SELECT * FROM `ocenter_user_config` WHERE `uid` = 1 AND `name` = 'user_cover' AND `role_id` = 0 AND `model` = '' LIMIT 1   [ RunTime:0.000272s ]
SQL: SHOW COLUMNS FROM `ocenter_picture` [ RunTime:0.004328s ]
SQL: SELECT * FROM `ocenter_picture` WHERE `status` = 1 AND `id` = null LIMIT 1   [ RunTime:0.000318s ]
NOTIC: [2] unlink(./Runtime/Temp/945c180f3240ad0e35d9eb8beb06401b.php): No such file or directory /Applications/XAMPP/xamppfiles/htdocs/yoyo/ThinkPHP/Library/Think/Cache/Driver/File.class.php 第 157 行.
NOTIC: [2] unlink(./Runtime/Temp/deec309cb1249b5b7776ac8c8f45123b.php): No such file or directory /Applications/XAMPP/xamppfiles/htdocs/yoyo/ThinkPHP/Library/Think/Cache/Driver/File.class.php 第 157 行.
SQL: SELECT `value` FROM `ocenter_config` WHERE `name` = '_WEIBO_RECOMMEND_TOPIC' LIMIT 1   [ RunTime:0.000261s ]
SQL: SELECT * FROM `ocenter_checkin` WHERE `uid` = 1 AND `create_time` >= 1506096000 LIMIT 1   [ RunTime:0.000505s ]
NOTIC: [2] array_merge(): Argument #1 is not an array /Applications/XAMPP/xamppfiles/htdocs/yoyo/Addons/CheckIn/Model/CheckInModel.class.php 第 19 行.
NOTIC: [2] unlink(./Runtime/Temp/af417a1dcbc4f06e2578d32b8e6b1bd1.php): No such file or directory /Applications/XAMPP/xamppfiles/htdocs/yoyo/ThinkPHP/Library/Think/Cache/Driver/File.class.php 第 157 行.
NOTIC: [2] unlink(./Runtime/Temp/928e65e28a6ee5cc402df268483973d4.php): No such file or directory /Applications/XAMPP/xamppfiles/htdocs/yoyo/ThinkPHP/Library/Think/Cache/Driver/File.class.php 第 157 行.
SQL: SHOW COLUMNS FROM `ocenter_score_log` [ RunTime:0.004919s ]
SQL: SELECT `value` FROM `ocenter_score_log` WHERE `uid` = 1 AND `type` = 1 AND `action` = 'inc' AND `create_time` BETWEEN 1506096000 AND 1506182400  [ RunTime:0.000968s ]
NOTIC: [2] Invalid argument supplied for foreach() /Applications/XAMPP/xamppfiles/htdocs/yoyo/Application/Weibo/Controller/IndexController.class.php 第 203 行.
SQL: SHOW COLUMNS FROM `ocenter_weibo_topic` [ RunTime:0.002076s ]
SQL: SELECT * FROM `ocenter_weibo_topic` WHERE `status` = 1 ORDER BY weibo_num desc LIMIT 10   [ RunTime:0.000252s ]
NOTIC: [2] unlink(./Runtime/Temp/93113cb49267a4cbb27767a6e1b635c1.php): No such file or directory /Applications/XAMPP/xamppfiles/htdocs/yoyo/ThinkPHP/Library/Think/Cache/Driver/File.class.php 第 157 行.
NOTIC: [2] unlink(./Runtime/Temp/108531d2299820ecd3c3d7bcc6bf9a7b.php): No such file or directory /Applications/XAMPP/xamppfiles/htdocs/yoyo/ThinkPHP/Library/Think/Cache/Driver/File.class.php 第 157 行.
SQL: SHOW COLUMNS FROM `ocenter_weibo_crowd` [ RunTime:0.004196s ]
SQL: SELECT * FROM `ocenter_weibo_crowd` WHERE `status` = 1 ORDER BY member_count desc LIMIT 5   [ RunTime:0.001164s ]
NOTIC: [2] unlink(./Runtime/Temp/92116dce6de6799c799aac6de4e6875f.php): No such file or directory /Applications/XAMPP/xamppfiles/htdocs/yoyo/ThinkPHP/Library/Think/Cache/Driver/File.class.php 第 157 行.
NOTIC: [2] unlink(./Runtime/Temp/2824230eb4cf16341de553387290a539.php): No such file or directory /Applications/XAMPP/xamppfiles/htdocs/yoyo/ThinkPHP/Library/Think/Cache/Driver/File.class.php 第 157 行.
NOTIC: [2] Invalid argument supplied for foreach() /Applications/XAMPP/xamppfiles/htdocs/yoyo/Application/Weibo/Controller/IndexController.class.php 第 217 行.
SQL: SHOW COLUMNS FROM `ocenter_weibo_crowd_member` [ RunTime:0.002129s ]
SQL: SELECT * FROM `ocenter_weibo_crowd_member` WHERE `uid` = 1 AND `status` = 1  [ RunTime:0.000302s ]
NOTIC: [2] unlink(./Runtime/Temp/0da9e2274394db85b64a73f45d47dc62.php): No such file or directory /Applications/XAMPP/xamppfiles/htdocs/yoyo/ThinkPHP/Library/Think/Cache/Driver/File.class.php 第 157 行.
NOTIC: [2] unlink(./Runtime/Temp/9603183ab4c46bfe3761f40dd3fee55f.php): No such file or directory /Applications/XAMPP/xamppfiles/htdocs/yoyo/ThinkPHP/Library/Think/Cache/Driver/File.class.php 第 157 行.
NOTIC: [2] Invalid argument supplied for foreach() /Applications/XAMPP/xamppfiles/htdocs/yoyo/Application/Weibo/Controller/IndexController.class.php 第 225 行.
INFO: [ view_parse ] --START--
INFO: [ template_filter ] --START--
INFO: Run Behavior\ContentReplaceBehavior [ RunTime:0.000745s ]
INFO: [ template_filter ] --END-- [ RunTime:0.000827s ]
INFO: [ syncMeta ] --START--
INFO: Run Addons\SyncLogin\SyncLoginAddon [ RunTime:0.000811s ]
INFO: [ syncMeta ] --END-- [ RunTime:0.000902s ]
SQL: SHOW COLUMNS FROM `ocenter_seo_rule` [ RunTime:0.002339s ]
INFO: [ view_parse ] --START--
INFO: Run Behavior\ParseTemplateBehavior [ RunTime:0.002687s ]
INFO: [ view_parse ] --END-- [ RunTime:0.002769s ]
INFO: [ view_filter ] --START--
INFO: Run Behavior\WriteHtmlCacheBehavior [ RunTime:0.000204s ]
INFO: [ view_filter ] --END-- [ RunTime:0.000253s ]
INFO: [ view_parse ] --START--
INFO: Run Behavior\ParseTemplateBehavior [ RunTime:0.001792s ]
INFO: [ view_parse ] --END-- [ RunTime:-0.001629s ]
INFO: [ view_filter ] --START--
INFO: Run Behavior\WriteHtmlCacheBehavior [ RunTime:0.000020s ]
INFO: [ view_filter ] --END-- [ RunTime:-0.003300s ]
INFO: [ view_parse ] --START--
INFO: Run Behavior\ParseTemplateBehavior [ RunTime:0.001303s ]
INFO: [ view_parse ] --END-- [ RunTime:-0.003937s ]
INFO: [ view_filter ] --START--
INFO: Run Behavior\WriteHtmlCacheBehavior [ RunTime:0.000011s ]
INFO: [ view_filter ] --END-- [ RunTime:-0.005044s ]
SQL: SELECT `type`,`name`,`value` FROM `ocenter_config` WHERE `status` = 1  [ RunTime:0.000436s ]
SQL: SHOW COLUMNS FROM `ocenter_pushing` [ RunTime:0.002052s ]
ERR: 1146:Table 'yoyobit.ocenter_pushing' doesn't exist
 [ SQL语句 ] : SHOW COLUMNS FROM `ocenter_pushing`
SQL: SHOW COLUMNS FROM `ocenter_member` [ RunTime:0.004528s ]
SQL: SELECT `value` FROM `ocenter_config` WHERE `name` = '_CONFIG_LOGO' LIMIT 1   [ RunTime:0.000357s ]
SQL: SHOW COLUMNS FROM `ocenter_channel` [ RunTime:0.002465s ]
NOTIC: [8] Undefined index: _ /Applications/XAMPP/xamppfiles/htdocs/yoyo/Runtime/Cache/Weibo/c2993ac2a6b2be2fd3fb80417f33d2d4.php 第 142 行.
NOTIC: [8] Undefined index: _ /Applications/XAMPP/xamppfiles/htdocs/yoyo/Runtime/Cache/Weibo/c2993ac2a6b2be2fd3fb80417f33d2d4.php 第 142 行.
NOTIC: [8] Undefined index: _ /Applications/XAMPP/xamppfiles/htdocs/yoyo/Runtime/Cache/Weibo/c2993ac2a6b2be2fd3fb80417f33d2d4.php 第 142 行.
NOTIC: [8] Undefined index: _ /Applications/XAMPP/xamppfiles/htdocs/yoyo/Runtime/Cache/Weibo/c2993ac2a6b2be2fd3fb80417f33d2d4.php 第 142 行.
SQL: SHOW COLUMNS FROM `ocenter_member` [ RunTime:0.003167s ]
SQL: SELECT `reg_time` FROM `ocenter_member` WHERE `uid` = 1 LIMIT 1   [ RunTime:0.000247s ]
SQL: SELECT * FROM `ocenter_user_config` WHERE `uid` = 1 AND `name` = 'user_cover' AND `role_id` = 0 AND `model` = '' LIMIT 1   [ RunTime:0.000297s ]
SQL: SELECT * FROM `ocenter_picture` WHERE `status` = 1 AND `id` = null LIMIT 1   [ RunTime:0.000245s ]
NOTIC: [2] unlink(./Runtime/Temp/945c180f3240ad0e35d9eb8beb06401b.php): No such file or directory /Applications/XAMPP/xamppfiles/htdocs/yoyo/ThinkPHP/Library/Think/Cache/Driver/File.class.php 第 157 行.
NOTIC: [2] unlink(./Runtime/Temp/deec309cb1249b5b7776ac8c8f45123b.php): No such file or directory /Applications/XAMPP/xamppfiles/htdocs/yoyo/ThinkPHP/Library/Think/Cache/Driver/File.class.php 第 157 行.
SQL: SELECT `value` FROM `ocenter_config` WHERE `name` = '_USERCONFIG_LEVEL' LIMIT 1   [ RunTime:0.000299s ]
SQL: SELECT `value` FROM `ocenter_config` WHERE `name` = '_USERCONFIG_LEVEL' LIMIT 1   [ RunTime:0.000355s ]
NOTIC: [8] Undefined index: before_level_need /Applications/XAMPP/xamppfiles/htdocs/yoyo/Application/Ucenter/Model/TitleModel.class.php 第 67 行.
NOTIC: [2] Division by zero /Applications/XAMPP/xamppfiles/htdocs/yoyo/Application/Ucenter/Model/TitleModel.class.php 第 67 行.
NOTIC: [8] Undefined variable: crowd_type /Applications/XAMPP/xamppfiles/htdocs/yoyo/Runtime/Cache/Weibo/c2993ac2a6b2be2fd3fb80417f33d2d4.php 第 503 行.
SQL: SELECT `value` FROM `ocenter_config` WHERE `name` = '_WEIBO_USE_TOPIC' LIMIT 1   [ RunTime:0.000301s ]
NOTIC: [8] Undefined variable: weibo /Applications/XAMPP/xamppfiles/htdocs/yoyo/Runtime/Cache/Weibo/c2993ac2a6b2be2fd3fb80417f33d2d4.php 第 590 行.
NOTIC: [8] Undefined variable: need_login_tab /Applications/XAMPP/xamppfiles/htdocs/yoyo/Runtime/Cache/Weibo/c2993ac2a6b2be2fd3fb80417f33d2d4.php 第 598 行.
NOTIC: [2] in_array() expects parameter 2 to be array, null given /Applications/XAMPP/xamppfiles/htdocs/yoyo/Runtime/Cache/Weibo/c2993ac2a6b2be2fd3fb80417f33d2d4.php 第 598 行.
NOTIC: [8] Undefined variable: need_login_tab /Applications/XAMPP/xamppfiles/htdocs/yoyo/Runtime/Cache/Weibo/c2993ac2a6b2be2fd3fb80417f33d2d4.php 第 598 行.
NOTIC: [2] in_array() expects parameter 2 to be array, null given /Applications/XAMPP/xamppfiles/htdocs/yoyo/Runtime/Cache/Weibo/c2993ac2a6b2be2fd3fb80417f33d2d4.php 第 598 行.
NOTIC: [8] Undefined variable: need_login_tab /Applications/XAMPP/xamppfiles/htdocs/yoyo/Runtime/Cache/Weibo/c2993ac2a6b2be2fd3fb80417f33d2d4.php 第 598 行.
NOTIC: [2] in_array() expects parameter 2 to be array, null given /Applications/XAMPP/xamppfiles/htdocs/yoyo/Runtime/Cache/Weibo/c2993ac2a6b2be2fd3fb80417f33d2d4.php 第 598 行.
NOTIC: [8] Undefined variable: need_login_tab /Applications/XAMPP/xamppfiles/htdocs/yoyo/Runtime/Cache/Weibo/c2993ac2a6b2be2fd3fb80417f33d2d4.php 第 598 行.
NOTIC: [2] in_array() expects parameter 2 to be array, null given /Applications/XAMPP/xamppfiles/htdocs/yoyo/Runtime/Cache/Weibo/c2993ac2a6b2be2fd3fb80417f33d2d4.php 第 598 行.
NOTIC: [8] Use of undefined constant concerned - assumed 'concerned' /Applications/XAMPP/xamppfiles/htdocs/yoyo/Runtime/Cache/Weibo/c2993ac2a6b2be2fd3fb80417f33d2d4.php 第 624 行.
NOTIC: [8] Undefined variable: invisible /Applications/XAMPP/xamppfiles/htdocs/yoyo/Runtime/Cache/Weibo/c2993ac2a6b2be2fd3fb80417f33d2d4.php 第 880 行.
SQL: SELECT `value` FROM `ocenter_config` WHERE `name` = '_USERCONFIG_LEVEL' LIMIT 1   [ RunTime:0.000283s ]
SQL: SELECT `value` FROM `ocenter_config` WHERE `name` = '_USERCONFIG_LEVEL' LIMIT 1   [ RunTime:0.000189s ]
NOTIC: [8] Undefined index: before_level_need /Applications/XAMPP/xamppfiles/htdocs/yoyo/Application/Ucenter/Model/TitleModel.class.php 第 67 行.
NOTIC: [2] Division by zero /Applications/XAMPP/xamppfiles/htdocs/yoyo/Application/Ucenter/Model/TitleModel.class.php 第 67 行.
NOTIC: [8] Undefined variable: module /Applications/XAMPP/xamppfiles/htdocs/yoyo/Application/Common/Common/role.php 第 178 行.
NOTIC: [8] Undefined variable: res /Applications/XAMPP/xamppfiles/htdocs/yoyo/Application/Common/Common/role.php 第 191 行.
INFO: [ checkIn ] --START--
SQL: SELECT * FROM `ocenter_checkin` WHERE `uid` = 1 AND `create_time` >= 1506096000 LIMIT 1   [ RunTime:0.000251s ]
NOTIC: [2] array_merge(): Argument #1 is not an array /Applications/XAMPP/xamppfiles/htdocs/yoyo/Addons/CheckIn/Model/CheckInModel.class.php 第 19 行.
NOTIC: [2] unlink(./Runtime/Temp/af417a1dcbc4f06e2578d32b8e6b1bd1.php): No such file or directory /Applications/XAMPP/xamppfiles/htdocs/yoyo/ThinkPHP/Library/Think/Cache/Driver/File.class.php 第 157 行.
NOTIC: [2] unlink(./Runtime/Temp/928e65e28a6ee5cc402df268483973d4.php): No such file or directory /Applications/XAMPP/xamppfiles/htdocs/yoyo/ThinkPHP/Library/Think/Cache/Driver/File.class.php 第 157 行.
INFO: [ view_parse ] --START--
INFO: [ template_filter ] --START--
INFO: Run Behavior\ContentReplaceBehavior [ RunTime:0.000057s ]
INFO: [ template_filter ] --END-- [ RunTime:-0.064029s ]
INFO: Run Behavior\ParseTemplateBehavior [ RunTime:0.003613s ]
INFO: [ view_parse ] --END-- [ RunTime:-0.039021s ]
INFO: [ view_filter ] --START--
INFO: Run Behavior\WriteHtmlCacheBehavior [ RunTime:0.000011s ]
INFO: [ view_filter ] --END-- [ RunTime:-0.042417s ]
INFO: Run Addons\CheckIn\CheckInAddon [ RunTime:0.006632s ]
INFO: [ checkIn ] --END-- [ RunTime:0.006666s ]
SQL: SELECT `type`,`name`,`value` FROM `ocenter_config` WHERE `status` = 1  [ RunTime:0.000416s ]
NOTIC: [8] Undefined variable: token /Applications/XAMPP/xamppfiles/htdocs/yoyo/Application/Common/Model/ModuleModel.class.php 第 242 行.
NOTIC: [8] Undefined variable: res /Applications/XAMPP/xamppfiles/htdocs/yoyo/Application/Common/Common/role.php 第 147 行.
INFO: [ action_begin ] --START--
INFO: Run Common\Behavior\InitModuleInfoBehavior [ RunTime:0.000010s ]
INFO: [ action_begin ] --END-- [ RunTime:-0.221601s ]
SQL: SHOW COLUMNS FROM `ocenter_adv_pos` [ RunTime:0.002532s ]
SQL: SHOW COLUMNS FROM `ocenter_adv` [ RunTime:0.002721s ]
SQL: SELECT * FROM `ocenter_adv` WHERE `pos_id` = 4 AND `status` = 1 AND `start_time` < 1506176174 AND `end_time` > 1506176174 ORDER BY sort asc  [ RunTime:0.000448s ]
NOTIC: [2] Invalid argument supplied for foreach() /Applications/XAMPP/xamppfiles/htdocs/yoyo/Application/Common/Model/AdvModel.class.php 第 31 行.
INFO: [ view_parse ] --START--
INFO: [ template_filter ] --START--
INFO: Run Behavior\ContentReplaceBehavior [ RunTime:0.000067s ]
INFO: [ template_filter ] --END-- [ RunTime:-0.085468s ]
INFO: Run Behavior\ParseTemplateBehavior [ RunTime:0.004365s ]
INFO: [ view_parse ] --END-- [ RunTime:-0.060577s ]
INFO: [ view_filter ] --START--
INFO: Run Behavior\WriteHtmlCacheBehavior [ RunTime:0.000012s ]
INFO: [ view_filter ] --END-- [ RunTime:-0.064747s ]
INFO: [ weiboSide ] --START--
NOTIC: [2] unlink(./Runtime/Temp/c589e0d7eccd0d0f914bc30da364fa34.php): No such file or directory /Applications/XAMPP/xamppfiles/htdocs/yoyo/ThinkPHP/Library/Think/Cache/Driver/File.class.php 第 157 行.
NOTIC: [2] unlink(./Runtime/Temp/a4cb3560e9865d9beedfa040de1c8519.php): No such file or directory /Applications/XAMPP/xamppfiles/htdocs/yoyo/ThinkPHP/Library/Think/Cache/Driver/File.class.php 第 157 行.
SQL: SHOW COLUMNS FROM `ocenter_addons` [ RunTime:0.002327s ]
SQL: SELECT * FROM `ocenter_addons` WHERE `name` = 'Recommend' LIMIT 1   [ RunTime:0.000265s ]
NOTIC: [2] array_diff(): Argument #1 is not an array /Applications/XAMPP/xamppfiles/htdocs/yoyo/Addons/Recommend/Common/function.php 第 25 行.
NOTIC: [2] sort() expects parameter 1 to be array, null given /Applications/XAMPP/xamppfiles/htdocs/yoyo/Addons/Recommend/Common/function.php 第 26 行.
INFO: Run Addons\Recommend\RecommendAddon [ RunTime:0.007438s ]
INFO: [ weiboSide ] --END-- [ RunTime:0.007476s ]
SQL: SELECT * FROM `ocenter_adv` WHERE `pos_id` = 2 AND `status` = 1 AND `start_time` < 1506176174 AND `end_time` > 1506176174 ORDER BY sort asc  [ RunTime:0.000343s ]
NOTIC: [2] Invalid argument supplied for foreach() /Applications/XAMPP/xamppfiles/htdocs/yoyo/Application/Common/Model/AdvModel.class.php 第 31 行.
INFO: [ view_parse ] --START--
INFO: [ template_filter ] --START--
INFO: Run Behavior\ContentReplaceBehavior [ RunTime:0.000038s ]
INFO: [ template_filter ] --END-- [ RunTime:-0.097921s ]
INFO: Run Behavior\ParseTemplateBehavior [ RunTime:0.002345s ]
INFO: [ view_parse ] --END-- [ RunTime:-0.074238s ]
INFO: [ view_filter ] --START--
INFO: Run Behavior\WriteHtmlCacheBehavior [ RunTime:0.000010s ]
INFO: [ view_filter ] --END-- [ RunTime:-0.076375s ]
SQL: SELECT `type`,`name`,`value` FROM `ocenter_config` WHERE `status` = 1  [ RunTime:0.000485s ]
NOTIC: [8] Undefined variable: token /Applications/XAMPP/xamppfiles/htdocs/yoyo/Application/Common/Model/ModuleModel.class.php 第 242 行.
NOTIC: [8] Undefined variable: res /Applications/XAMPP/xamppfiles/htdocs/yoyo/Application/Common/Common/role.php 第 147 行.
INFO: [ action_begin ] --START--
INFO: Run Common\Behavior\InitModuleInfoBehavior [ RunTime:0.000008s ]
INFO: [ action_begin ] --END-- [ RunTime:-0.255182s ]
NOTIC: [2] Missing argument 1 for Common\Widget\SuperLinksWidget::superLinks() /Applications/XAMPP/xamppfiles/htdocs/yoyo/Application/Common/Widget/SuperLinksWidget.class.php 第 15 行.
SQL: SHOW COLUMNS FROM `ocenter_super_links` [ RunTime:0.001900s ]
SQL: SELECT * FROM `ocenter_super_links` WHERE ( status = 1 ) ORDER BY level desc,id asc  [ RunTime:0.000212s ]
NOTIC: [2] Invalid argument supplied for foreach() /Applications/XAMPP/xamppfiles/htdocs/yoyo/Application/Common/Model/SuperLinksModel.class.php 第 37 行.
NOTIC: [8] Undefined variable: data /Applications/XAMPP/xamppfiles/htdocs/yoyo/Application/Common/Model/SuperLinksModel.class.php 第 48 行.
NOTIC: [8] Undefined variable: param /Applications/XAMPP/xamppfiles/htdocs/yoyo/Application/Common/Widget/SuperLinksWidget.class.php 第 19 行.
INFO: [ view_parse ] --START--
INFO: [ template_filter ] --START--
INFO: Run Behavior\ContentReplaceBehavior [ RunTime:0.000046s ]
INFO: [ template_filter ] --END-- [ RunTime:-0.107324s ]
INFO: Run Behavior\ParseTemplateBehavior [ RunTime:0.003911s ]
INFO: [ view_parse ] --END-- [ RunTime:-0.082156s ]
INFO: [ view_filter ] --START--
INFO: Run Behavior\WriteHtmlCacheBehavior [ RunTime:0.000012s ]
INFO: [ view_filter ] --END-- [ RunTime:-0.085857s ]
SQL: SELECT `value` FROM `ocenter_config` WHERE `name` = '_CONFIG_QRCODE_BOTTOM' LIMIT 1   [ RunTime:0.000340s ]
NOTIC: [8] Undefined variable: site /Applications/XAMPP/xamppfiles/htdocs/yoyo/Runtime/Cache/Weibo/c2993ac2a6b2be2fd3fb80417f33d2d4.php 第 1239 行.
NOTIC: [2] reset() expects parameter 1 to be array, boolean given /Applications/XAMPP/xamppfiles/htdocs/yoyo/Runtime/Cache/Weibo/c2993ac2a6b2be2fd3fb80417f33d2d4.php 第 1258 行.
NOTIC: [8] Undefined variable: crowd_type /Applications/XAMPP/xamppfiles/htdocs/yoyo/Runtime/Cache/Weibo/c2993ac2a6b2be2fd3fb80417f33d2d4.php 第 1260 行.
INFO: [ pageFooter ] --START--
INFO: Run Addons\SuperLinks\SuperLinksAddon [ RunTime:0.000487s ]
INFO: [ pageFooter ] --END-- [ RunTime:0.000526s ]
SQL: SELECT `type`,`name`,`value` FROM `ocenter_config` WHERE `status` = 1  [ RunTime:0.000344s ]
NOTIC: [8] Undefined variable: token /Applications/XAMPP/xamppfiles/htdocs/yoyo/Application/Common/Model/ModuleModel.class.php 第 242 行.
NOTIC: [8] Undefined variable: res /Applications/XAMPP/xamppfiles/htdocs/yoyo/Application/Common/Common/role.php 第 147 行.
INFO: [ action_begin ] --START--
INFO: Run Common\Behavior\InitModuleInfoBehavior [ RunTime:0.000008s ]
INFO: [ action_begin ] --END-- [ RunTime:-0.265953s ]
SQL: SELECT `type`,`name`,`value` FROM `ocenter_config` WHERE `status` = 1  [ RunTime:0.000514s ]
NOTIC: [8] Undefined variable: token /Applications/XAMPP/xamppfiles/htdocs/yoyo/Application/Common/Model/ModuleModel.class.php 第 242 行.
NOTIC: [8] Undefined variable: res /Applications/XAMPP/xamppfiles/htdocs/yoyo/Application/Common/Common/role.php 第 147 行.
INFO: [ action_begin ] --START--
INFO: Run Common\Behavior\InitModuleInfoBehavior [ RunTime:0.000008s ]
INFO: [ action_begin ] --END-- [ RunTime:-0.267889s ]
INFO: [ view_parse ] --START--
INFO: [ template_filter ] --START--
INFO: Run Behavior\ContentReplaceBehavior [ RunTime:0.000036s ]
INFO: [ template_filter ] --END-- [ RunTime:-0.115058s ]
INFO: Run Behavior\ParseTemplateBehavior [ RunTime:0.001594s ]
INFO: [ view_parse ] --END-- [ RunTime:-0.091653s ]
INFO: [ view_filter ] --START--
INFO: Run Behavior\WriteHtmlCacheBehavior [ RunTime:0.000012s ]
INFO: [ view_filter ] --END-- [ RunTime:-0.093033s ]
INFO: Run Behavior\ParseTemplateBehavior [ RunTime:0.001871s ]
INFO: [ view_parse ] --END-- [ RunTime:-0.091653s ]
INFO: [ view_filter ] --START--
INFO: Run Behavior\WriteHtmlCacheBehavior [ RunTime:0.000007s ]
INFO: [ view_filter ] --END-- [ RunTime:-0.093292s ]
INFO: [ app_end ] --START--
INFO: Run Behavior\ShowPageTraceBehavior [ RunTime:0.000589s ]
INFO: [ app_end ] --END-- [ RunTime:0.000645s ]

[ 2017-09-23T22:16:16+08:00 ] 127.0.0.1 /yoyo/index.php?s=/weibo/index/loadweibo/uid/0.html&page=1&lastId=NaN&type=all&loadCount=1&crowd=&select=all_
INFO: [ app_init ] --START--
INFO: Run Behavior\BuildLiteBehavior [ RunTime:0.000025s ]
INFO: Run Common\Behavior\InitHookBehavior [ RunTime:0.002363s ]
INFO: [ app_init ] --END-- [ RunTime:0.002570s ]
NOTIC: [8] Undefined index: router /Applications/XAMPP/xamppfiles/htdocs/yoyo/Application/Common/Common/function.php 第 1936 行.
NOTIC: [8] Undefined index: router /Applications/XAMPP/xamppfiles/htdocs/yoyo/Application/Common/Common/function.php 第 1936 行.
NOTIC: [8] Undefined index: router /Applications/XAMPP/xamppfiles/htdocs/yoyo/Application/Common/Common/function.php 第 1936 行.
NOTIC: [8] Undefined index: router /Applications/XAMPP/xamppfiles/htdocs/yoyo/Application/Common/Common/function.php 第 1936 行.
NOTIC: [8] Undefined index: router /Applications/XAMPP/xamppfiles/htdocs/yoyo/Application/Common/Common/function.php 第 1936 行.
SQL: SHOW COLUMNS FROM `ocenter_config` [ RunTime:0.002871s ]
SQL: SELECT `type`,`name`,`value` FROM `ocenter_config` WHERE `status` = 1  [ RunTime:0.001495s ]
INFO: [ app_begin ] --START--
INFO: Run Behavior\ReadHtmlCacheBehavior [ RunTime:0.000973s ]
INFO: Run Behavior\CheckLangBehavior [ RunTime:0.035944s ]
INFO: [ app_begin ] --END-- [ RunTime:0.037046s ]
NOTIC: [8192] mysql_connect(): The mysql extension is deprecated and will be removed in the future: use mysqli or PDO instead /Applications/XAMPP/xamppfiles/htdocs/yoyo/ThinkPHP/Library/Think/Session/Driver/Db.class.php 第 95 行.
SQL: SHOW COLUMNS FROM `ocenter_module` [ RunTime:0.002187s ]
SQL: SELECT `type`,`name`,`value` FROM `ocenter_config` WHERE `status` = 1  [ RunTime:0.000524s ]
NOTIC: [8] Undefined variable: token /Applications/XAMPP/xamppfiles/htdocs/yoyo/Application/Common/Model/ModuleModel.class.php 第 242 行.
NOTIC: [8] Undefined variable: res /Applications/XAMPP/xamppfiles/htdocs/yoyo/Application/Common/Common/role.php 第 147 行.
INFO: [ action_begin ] --START--
INFO: Run Common\Behavior\InitModuleInfoBehavior [ RunTime:0.000296s ]
INFO: [ action_begin ] --END-- [ RunTime:0.000359s ]
SQL: SHOW COLUMNS FROM `ocenter_weibo` [ RunTime:0.005096s ]
SQL: SHOW COLUMNS FROM `ocenter_weibo_crowd` [ RunTime:0.002105s ]
SQL: SELECT * FROM `ocenter_weibo_crowd` WHERE `status` = 1 AND `invisible` = 1 AND `type` = 1  [ RunTime:0.000329s ]
NOTIC: [2] unlink(./Runtime/Temp/49bdab5028a82434e9bcd58c8dfa263c.php): No such file or directory /Applications/XAMPP/xamppfiles/htdocs/yoyo/ThinkPHP/Library/Think/Cache/Driver/File.class.php 第 157 行.
NOTIC: [2] unlink(./Runtime/Temp/c887ede2c62710b72c2d37a35af2ffbc.php): No such file or directory /Applications/XAMPP/xamppfiles/htdocs/yoyo/ThinkPHP/Library/Think/Cache/Driver/File.class.php 第 157 行.
SQL: SHOW COLUMNS FROM `ocenter_weibo` [ RunTime:0.003449s ]
SQL: SELECT MAX(id) AS tp_max FROM `ocenter_weibo` WHERE `status` = 1 AND `is_top` = 0 LIMIT 1   [ RunTime:0.000666s ]
SQL: SHOW COLUMNS FROM `ocenter_follow` [ RunTime:0.005517s ]
SQL: SELECT * FROM `ocenter_follow` WHERE `who_follow` = 1  [ RunTime:0.000257s ]
NOTIC: [2] Invalid argument supplied for foreach() /Applications/XAMPP/xamppfiles/htdocs/yoyo/Application/Common/Model/FollowModel.class.php 第 184 行.
SQL: SHOW COLUMNS FROM `ocenter_member` [ RunTime:0.004885s ]
SQL: SELECT `uid`,`fans` FROM `ocenter_member` WHERE `status` = 1 AND `uid` NOT IN ('1') AND `fans` > 0 ORDER BY fans desc,uid asc LIMIT 15   [ RunTime:0.000855s ]
NOTIC: [2] Invalid argument supplied for foreach() /Applications/XAMPP/xamppfiles/htdocs/yoyo/Application/Weibo/Model/WeiboModel.class.php 第 294 行.
NOTIC: [2] unlink(./Runtime/Temp/3ecb4137fee8bfea9128f12d11ccf7e8.php): No such file or directory /Applications/XAMPP/xamppfiles/htdocs/yoyo/ThinkPHP/Library/Think/Cache/Driver/File.class.php 第 157 行.
NOTIC: [2] unlink(./Runtime/Temp/c56f84da6e0e702b033aa7a3518befb4.php): No such file or directory /Applications/XAMPP/xamppfiles/htdocs/yoyo/ThinkPHP/Library/Think/Cache/Driver/File.class.php 第 157 行.
SQL: SELECT `id` FROM `ocenter_weibo` WHERE `status` = 1 AND `is_top` = 0 AND `id` < 0 ORDER BY create_time desc LIMIT 10   [ RunTime:0.000529s ]
NOTIC: [2] end() expects parameter 1 to be array, boolean given /Applications/XAMPP/xamppfiles/htdocs/yoyo/Application/Weibo/Controller/IndexController.class.php 第 392 行.
INFO: [ view_parse ] --START--
INFO: [ template_filter ] --START--
INFO: Run Behavior\ContentReplaceBehavior [ RunTime:0.000054s ]
INFO: [ template_filter ] --END-- [ RunTime:0.000096s ]
INFO: Run Behavior\ParseTemplateBehavior [ RunTime:0.026747s ]
INFO: [ view_parse ] --END-- [ RunTime:0.026838s ]
INFO: [ view_filter ] --START--
INFO: Run Behavior\WriteHtmlCacheBehavior [ RunTime:0.000108s ]
INFO: [ view_filter ] --END-- [ RunTime:0.000132s ]
INFO: [ app_end ] --START--
INFO: Run Behavior\ShowPageTraceBehavior [ RunTime:0.001145s ]
INFO: [ app_end ] --END-- [ RunTime:0.001246s ]

