[ 2017-11-13T12:37:27+08:00 ] 127.0.0.1 /yoyo/question/index/index.html
INFO: [ app_init ] --START--
INFO: Run Behavior\BuildLiteBehavior [ RunTime:0.000009s ]
INFO: Run Common\Behavior\InitHookBehavior [ RunTime:0.001248s ]
INFO: [ app_init ] --END-- [ RunTime:0.001386s ]
NOTIC: [8] Undefined index: router /Applications/XAMPP/xamppfiles/htdocs/yoyo/Application/Common/Common/function.php 第 1936 行.
NOTIC: [8] Undefined index: router /Applications/XAMPP/xamppfiles/htdocs/yoyo/Application/Common/Common/function.php 第 1936 行.
NOTIC: [8] Undefined index: router /Applications/XAMPP/xamppfiles/htdocs/yoyo/Application/Common/Common/function.php 第 1936 行.
NOTIC: [8] Undefined index: router /Applications/XAMPP/xamppfiles/htdocs/yoyo/Application/Common/Common/function.php 第 1936 行.
NOTIC: [8] Undefined index: router /Applications/XAMPP/xamppfiles/htdocs/yoyo/Application/Common/Common/function.php 第 1936 行.
NOTIC: [8] Undefined index: router /Applications/XAMPP/xamppfiles/htdocs/yoyo/Application/Common/Common/function.php 第 1936 行.
SQL: SHOW COLUMNS FROM `ocenter_config` [ RunTime:0.003518s ]
SQL: SELECT `type`,`name`,`value` FROM `ocenter_config` WHERE `status` = 1  [ RunTime:0.000434s ]
INFO: [ app_begin ] --START--
INFO: Run Behavior\ReadHtmlCacheBehavior [ RunTime:0.000647s ]
INFO: Run Behavior\CheckLangBehavior [ RunTime:0.012811s ]
INFO: [ app_begin ] --END-- [ RunTime:0.013604s ]
NOTIC: [8192] mysql_connect(): The mysql extension is deprecated and will be removed in the future: use mysqli or PDO instead /Applications/XAMPP/xamppfiles/htdocs/yoyo/ThinkPHP/Library/Think/Session/Driver/Db.class.php 第 95 行.
SQL: SHOW COLUMNS FROM `ocenter_module` [ RunTime:0.002175s ]
SQL: SELECT `type`,`name`,`value` FROM `ocenter_config` WHERE `status` = 1  [ RunTime:0.000322s ]
NOTIC: [8] Undefined variable: res /Applications/XAMPP/xamppfiles/htdocs/yoyo/Application/Common/Common/role.php 第 147 行.
INFO: [ action_begin ] --START--
INFO: Run Common\Behavior\InitModuleInfoBehavior [ RunTime:0.000130s ]
INFO: [ action_begin ] --END-- [ RunTime:0.000163s ]
SQL: SHOW COLUMNS FROM `ocenter_question` [ RunTime:0.003543s ]
SQL: SHOW COLUMNS FROM `ocenter_question_answer` [ RunTime:0.004465s ]
SQL: SHOW COLUMNS FROM `ocenter_question_category` [ RunTime:0.002672s ]
SQL: SHOW COLUMNS FROM `ocenter_question_support` [ RunTime:0.010000s ]
SQL: SELECT `value` FROM `ocenter_config` WHERE `name` = '_QUESTION_PRESET' LIMIT 1   [ RunTime:0.000335s ]
SQL: SELECT `id`,`title`,`pid`,`sort`,`status` FROM `ocenter_question_category` WHERE `status` = 1 ORDER BY sort asc  [ RunTime:0.001161s ]
SQL: SHOW COLUMNS FROM `ocenter_question_answer` [ RunTime:0.003347s ]
SQL: SELECT * FROM `ocenter_question_answer` WHERE `uid` = 0 AND `status` >= 0 GROUP BY question_id  [ RunTime:0.001496s ]
SQL: SHOW COLUMNS FROM `ocenter_question` [ RunTime:0.002549s ]
SQL: SELECT COUNT(*) AS tp_count FROM `ocenter_question` WHERE `uid` = 0 AND `status` = 1 LIMIT 1   [ RunTime:0.001457s ]
SQL: SHOW COLUMNS FROM `ocenter_question_rank` [ RunTime:0.008285s ]
SQL: SELECT * FROM `ocenter_question_rank` WHERE `uid` = 0 LIMIT 1   [ RunTime:0.001942s ]
SQL: SELECT * FROM `ocenter_question_rank` ORDER BY answer_count desc LIMIT 10   [ RunTime:0.000332s ]
SQL: SHOW COLUMNS FROM `ocenter_question_topic` [ RunTime:0.005228s ]
SQL: SELECT * FROM `ocenter_question_topic` WHERE `status` = 1 ORDER BY num desc LIMIT 10   [ RunTime:0.001935s ]
SQL: SELECT COUNT(*) AS tp_count FROM `ocenter_question` WHERE `status` = 1 LIMIT 1   [ RunTime:0.000254s ]
SQL: SELECT * FROM `ocenter_question` WHERE `status` = 1 ORDER BY create_time desc LIMIT 0,15   [ RunTime:0.000298s ]
SQL: SHOW COLUMNS FROM `ocenter_question_answer` [ RunTime:0.003429s ]
SQL: SELECT COUNT(*) AS tp_count FROM `ocenter_question_answer` WHERE `question_id` = 1 AND `reply_id` = 0 AND `status` = 1 LIMIT 1   [ RunTime:0.000274s ]
SQL: SELECT `value` FROM `ocenter_config` WHERE `name` = '_SENSITIVE_OPEN_SENSITIVE' LIMIT 1   [ RunTime:0.001644s ]
SQL: SHOW COLUMNS FROM `ocenter_ucenter_score_type` [ RunTime:0.002951s ]
SQL: SELECT * FROM `ocenter_ucenter_score_type` WHERE `id` = 1 AND `status` = 1 LIMIT 1   [ RunTime:0.001528s ]
INFO: [ view_parse ] --START--
INFO: [ template_filter ] --START--
INFO: Run Behavior\ContentReplaceBehavior [ RunTime:0.000331s ]
INFO: [ template_filter ] --END-- [ RunTime:0.000436s ]
INFO: [ syncMeta ] --START--
INFO: Run Addons\SyncLogin\SyncLoginAddon [ RunTime:0.000734s ]
INFO: [ syncMeta ] --END-- [ RunTime:0.000785s ]
SQL: SHOW COLUMNS FROM `ocenter_seo_rule` [ RunTime:0.002420s ]
NOTIC: [8192] mysql_escape_string(): This function is deprecated; use mysql_real_escape_string() instead. /Applications/XAMPP/xamppfiles/htdocs/yoyo/Application/Common/Model/SeoRuleModel.class.php 第 78 行.
NOTIC: [8192] mysql_escape_string(): This function is deprecated; use mysql_real_escape_string() instead. /Applications/XAMPP/xamppfiles/htdocs/yoyo/Application/Common/Model/SeoRuleModel.class.php 第 79 行.
NOTIC: [8192] mysql_escape_string(): This function is deprecated; use mysql_real_escape_string() instead. /Applications/XAMPP/xamppfiles/htdocs/yoyo/Application/Common/Model/SeoRuleModel.class.php 第 80 行.
SQL: SELECT * FROM `ocenter_seo_rule` WHERE ( (app='' or app='Question') and (controller='' or controller='Index') and (action='' or action='index') and status=1 ) ORDER BY sort asc  [ RunTime:0.001598s ]
NOTIC: [8] Undefined index: keywords /Applications/XAMPP/xamppfiles/htdocs/yoyo/Application/Common/Model/SeoRuleModel.class.php 第 58 行.
NOTIC: [8] Undefined index: description /Applications/XAMPP/xamppfiles/htdocs/yoyo/Application/Common/Model/SeoRuleModel.class.php 第 61 行.
INFO: [ view_parse ] --START--
INFO: [ template_filter ] --START--
INFO: Run Behavior\ContentReplaceBehavior [ RunTime:0.000023s ]
INFO: [ template_filter ] --END-- [ RunTime:-0.013062s ]
INFO: Run Behavior\ParseTemplateBehavior [ RunTime:0.000746s ]
INFO: [ view_parse ] --END-- [ RunTime:0.000782s ]
INFO: [ view_filter ] --START--
INFO: Run Behavior\WriteHtmlCacheBehavior [ RunTime:0.000133s ]
INFO: [ view_filter ] --END-- [ RunTime:0.000157s ]
SQL: SELECT `type`,`name`,`value` FROM `ocenter_config` WHERE `status` = 1  [ RunTime:0.000343s ]
SQL: SHOW COLUMNS FROM `ocenter_pushing` [ RunTime:0.001833s ]
ERR: 1146:Table 'yoyobit.ocenter_pushing' doesn't exist
 [ SQL语句 ] : SHOW COLUMNS FROM `ocenter_pushing`
SQL: SHOW COLUMNS FROM `ocenter_member` [ RunTime:0.003751s ]
NOTIC: [8] Undefined offset: 1 /Applications/XAMPP/xamppfiles/htdocs/yoyo/Application/Common/Model/MemberModel.class.php 第 267 行.
SQL: SHOW COLUMNS FROM `ocenter_user_token` [ RunTime:0.002689s ]
SQL: SELECT * FROM `ocenter_user_token` WHERE `uid` = null LIMIT 1   [ RunTime:0.000253s ]
SQL: SHOW COLUMNS FROM `ocenter_channel` [ RunTime:0.002296s ]
NOTIC: [8] Undefined index: _ /Applications/XAMPP/xamppfiles/htdocs/yoyo/Runtime/Cache/Question/859f52d3b5e6b3cb9b3599179973aa82.php 第 150 行.
NOTIC: [8] Undefined index: _ /Applications/XAMPP/xamppfiles/htdocs/yoyo/Runtime/Cache/Question/859f52d3b5e6b3cb9b3599179973aa82.php 第 150 行.
NOTIC: [8] Undefined variable: module /Applications/XAMPP/xamppfiles/htdocs/yoyo/ThinkPHP/Common/functions.php 第 1052 行.
NOTIC: [8] Undefined variable: var /Applications/XAMPP/xamppfiles/htdocs/yoyo/ThinkPHP/Common/functions.php 第 1052 行.
NOTIC: [8] Undefined variable: varController /Applications/XAMPP/xamppfiles/htdocs/yoyo/ThinkPHP/Common/functions.php 第 1052 行.
NOTIC: [8] Undefined variable: var /Applications/XAMPP/xamppfiles/htdocs/yoyo/ThinkPHP/Common/functions.php 第 1052 行.
NOTIC: [8] Undefined variable: varAction /Applications/XAMPP/xamppfiles/htdocs/yoyo/ThinkPHP/Common/functions.php 第 1052 行.
NOTIC: [8] Undefined index: _ /Applications/XAMPP/xamppfiles/htdocs/yoyo/Runtime/Cache/Question/859f52d3b5e6b3cb9b3599179973aa82.php 第 150 行.
NOTIC: [8] Undefined variable: module /Applications/XAMPP/xamppfiles/htdocs/yoyo/ThinkPHP/Common/functions.php 第 1052 行.
NOTIC: [8] Undefined variable: var /Applications/XAMPP/xamppfiles/htdocs/yoyo/ThinkPHP/Common/functions.php 第 1052 行.
NOTIC: [8] Undefined variable: varController /Applications/XAMPP/xamppfiles/htdocs/yoyo/ThinkPHP/Common/functions.php 第 1052 行.
NOTIC: [8] Undefined variable: var /Applications/XAMPP/xamppfiles/htdocs/yoyo/ThinkPHP/Common/functions.php 第 1052 行.
NOTIC: [8] Undefined variable: varAction /Applications/XAMPP/xamppfiles/htdocs/yoyo/ThinkPHP/Common/functions.php 第 1052 行.
NOTIC: [8] Undefined index: _ /Applications/XAMPP/xamppfiles/htdocs/yoyo/Runtime/Cache/Question/859f52d3b5e6b3cb9b3599179973aa82.php 第 150 行.
NOTIC: [8] Undefined variable: module /Applications/XAMPP/xamppfiles/htdocs/yoyo/ThinkPHP/Common/functions.php 第 1052 行.
NOTIC: [8] Undefined variable: var /Applications/XAMPP/xamppfiles/htdocs/yoyo/ThinkPHP/Common/functions.php 第 1052 行.
NOTIC: [8] Undefined variable: varController /Applications/XAMPP/xamppfiles/htdocs/yoyo/ThinkPHP/Common/functions.php 第 1052 行.
NOTIC: [8] Undefined variable: var /Applications/XAMPP/xamppfiles/htdocs/yoyo/ThinkPHP/Common/functions.php 第 1052 行.
NOTIC: [8] Undefined variable: varAction /Applications/XAMPP/xamppfiles/htdocs/yoyo/ThinkPHP/Common/functions.php 第 1052 行.
NOTIC: [8] Undefined index: _ /Applications/XAMPP/xamppfiles/htdocs/yoyo/Runtime/Cache/Question/859f52d3b5e6b3cb9b3599179973aa82.php 第 150 行.
NOTIC: [8] Undefined index: _ /Applications/XAMPP/xamppfiles/htdocs/yoyo/Runtime/Cache/Question/859f52d3b5e6b3cb9b3599179973aa82.php 第 150 行.
NOTIC: [8] Undefined variable: module /Applications/XAMPP/xamppfiles/htdocs/yoyo/ThinkPHP/Common/functions.php 第 1052 行.
NOTIC: [8] Undefined variable: var /Applications/XAMPP/xamppfiles/htdocs/yoyo/ThinkPHP/Common/functions.php 第 1052 行.
NOTIC: [8] Undefined variable: varController /Applications/XAMPP/xamppfiles/htdocs/yoyo/ThinkPHP/Common/functions.php 第 1052 行.
NOTIC: [8] Undefined variable: var /Applications/XAMPP/xamppfiles/htdocs/yoyo/ThinkPHP/Common/functions.php 第 1052 行.
NOTIC: [8] Undefined variable: varAction /Applications/XAMPP/xamppfiles/htdocs/yoyo/ThinkPHP/Common/functions.php 第 1052 行.
NOTIC: [8] Undefined variable: module /Applications/XAMPP/xamppfiles/htdocs/yoyo/ThinkPHP/Common/functions.php 第 1052 行.
NOTIC: [8] Undefined variable: var /Applications/XAMPP/xamppfiles/htdocs/yoyo/ThinkPHP/Common/functions.php 第 1052 行.
NOTIC: [8] Undefined variable: varController /Applications/XAMPP/xamppfiles/htdocs/yoyo/ThinkPHP/Common/functions.php 第 1052 行.
NOTIC: [8] Undefined variable: var /Applications/XAMPP/xamppfiles/htdocs/yoyo/ThinkPHP/Common/functions.php 第 1052 行.
NOTIC: [8] Undefined variable: varAction /Applications/XAMPP/xamppfiles/htdocs/yoyo/ThinkPHP/Common/functions.php 第 1052 行.
NOTIC: [8] Undefined variable: module /Applications/XAMPP/xamppfiles/htdocs/yoyo/ThinkPHP/Common/functions.php 第 1052 行.
NOTIC: [8] Undefined variable: var /Applications/XAMPP/xamppfiles/htdocs/yoyo/ThinkPHP/Common/functions.php 第 1052 行.
NOTIC: [8] Undefined variable: varController /Applications/XAMPP/xamppfiles/htdocs/yoyo/ThinkPHP/Common/functions.php 第 1052 行.
NOTIC: [8] Undefined variable: var /Applications/XAMPP/xamppfiles/htdocs/yoyo/ThinkPHP/Common/functions.php 第 1052 行.
NOTIC: [8] Undefined variable: varAction /Applications/XAMPP/xamppfiles/htdocs/yoyo/ThinkPHP/Common/functions.php 第 1052 行.
NOTIC: [8] Undefined variable: module /Applications/XAMPP/xamppfiles/htdocs/yoyo/ThinkPHP/Common/functions.php 第 1052 行.
NOTIC: [8] Undefined variable: var /Applications/XAMPP/xamppfiles/htdocs/yoyo/ThinkPHP/Common/functions.php 第 1052 行.
NOTIC: [8] Undefined variable: varController /Applications/XAMPP/xamppfiles/htdocs/yoyo/ThinkPHP/Common/functions.php 第 1052 行.
NOTIC: [8] Undefined variable: var /Applications/XAMPP/xamppfiles/htdocs/yoyo/ThinkPHP/Common/functions.php 第 1052 行.
NOTIC: [8] Undefined variable: varAction /Applications/XAMPP/xamppfiles/htdocs/yoyo/ThinkPHP/Common/functions.php 第 1052 行.
SQL: SHOW COLUMNS FROM `ocenter_auth_rule` [ RunTime:0.002449s ]
SQL: SELECT * FROM `ocenter_auth_rule` WHERE `name` = 'Core/Admin/View' AND `status` = 1 LIMIT 1   [ RunTime:0.000451s ]
NOTIC: [8] Undefined variable: question_cate /Applications/XAMPP/xamppfiles/htdocs/yoyo/Runtime/Cache/Question/859f52d3b5e6b3cb9b3599179973aa82.php 第 418 行.
NOTIC: [8] Undefined variable: question_cate /Applications/XAMPP/xamppfiles/htdocs/yoyo/Runtime/Cache/Question/859f52d3b5e6b3cb9b3599179973aa82.php 第 421 行.
NOTIC: [8] Undefined variable: question_cate /Applications/XAMPP/xamppfiles/htdocs/yoyo/Runtime/Cache/Question/859f52d3b5e6b3cb9b3599179973aa82.php 第 421 行.
NOTIC: [8] Undefined variable: question_cate /Applications/XAMPP/xamppfiles/htdocs/yoyo/Runtime/Cache/Question/859f52d3b5e6b3cb9b3599179973aa82.php 第 421 行.
NOTIC: [8] Undefined variable: question_cate /Applications/XAMPP/xamppfiles/htdocs/yoyo/Runtime/Cache/Question/859f52d3b5e6b3cb9b3599179973aa82.php 第 421 行.
NOTIC: [8] Undefined variable: self /Applications/XAMPP/xamppfiles/htdocs/yoyo/Runtime/Cache/Question/859f52d3b5e6b3cb9b3599179973aa82.php 第 487 行.
NOTIC: [8] Undefined variable: self /Applications/XAMPP/xamppfiles/htdocs/yoyo/Runtime/Cache/Question/859f52d3b5e6b3cb9b3599179973aa82.php 第 488 行.
NOTIC: [8] Use of undefined constant q - assumed 'q' /Applications/XAMPP/xamppfiles/htdocs/yoyo/Runtime/Cache/Question/859f52d3b5e6b3cb9b3599179973aa82.php 第 493 行.
NOTIC: [8] Use of undefined constant a - assumed 'a' /Applications/XAMPP/xamppfiles/htdocs/yoyo/Runtime/Cache/Question/859f52d3b5e6b3cb9b3599179973aa82.php 第 497 行.
NOTIC: [8] Undefined variable: site /Applications/XAMPP/xamppfiles/htdocs/yoyo/Runtime/Cache/Question/859f52d3b5e6b3cb9b3599179973aa82.php 第 609 行.
NOTIC: [8] Undefined variable: child /Applications/XAMPP/xamppfiles/htdocs/yoyo/Runtime/Cache/Question/859f52d3b5e6b3cb9b3599179973aa82.php 第 622 行.
INFO: [ pageFooter ] --START--
INFO: Run Addons\SuperLinks\SuperLinksAddon [ RunTime:0.000320s ]
INFO: [ pageFooter ] --END-- [ RunTime:0.000350s ]
SQL: SELECT `type`,`name`,`value` FROM `ocenter_config` WHERE `status` = 1  [ RunTime:0.000327s ]
NOTIC: [8] Undefined variable: res /Applications/XAMPP/xamppfiles/htdocs/yoyo/Application/Common/Common/role.php 第 147 行.
INFO: [ action_begin ] --START--
INFO: Run Common\Behavior\InitModuleInfoBehavior [ RunTime:0.000006s ]
INFO: [ action_begin ] --END-- [ RunTime:-0.143913s ]
SQL: SELECT `type`,`name`,`value` FROM `ocenter_config` WHERE `status` = 1  [ RunTime:0.000368s ]
NOTIC: [8] Undefined variable: res /Applications/XAMPP/xamppfiles/htdocs/yoyo/Application/Common/Common/role.php 第 147 行.
INFO: [ action_begin ] --START--
INFO: Run Common\Behavior\InitModuleInfoBehavior [ RunTime:0.000006s ]
INFO: [ action_begin ] --END-- [ RunTime:-0.145324s ]
INFO: Run Behavior\ParseTemplateBehavior [ RunTime:0.025426s ]
INFO: [ view_parse ] --END-- [ RunTime:0.000782s ]
INFO: [ view_filter ] --START--
INFO: Run Behavior\WriteHtmlCacheBehavior [ RunTime:0.000005s ]
INFO: [ view_filter ] --END-- [ RunTime:-0.024506s ]
INFO: [ app_end ] --START--
INFO: Run Behavior\ShowPageTraceBehavior [ RunTime:0.000934s ]
INFO: [ app_end ] --END-- [ RunTime:0.001005s ]

