[ 2017-10-29T21:56:03+08:00 ] 127.0.0.1 /yoyo/question/index/index.html
INFO: [ app_init ] --START--
INFO: Run Behavior\BuildLiteBehavior [ RunTime:0.000008s ]
INFO: Run Common\Behavior\InitHookBehavior [ RunTime:0.000679s ]
INFO: [ app_init ] --END-- [ RunTime:0.000733s ]
NOTIC: [8] Undefined index: router /Applications/XAMPP/xamppfiles/htdocs/yoyo/Application/Common/Common/function.php 第 1936 行.
NOTIC: [8] Undefined index: router /Applications/XAMPP/xamppfiles/htdocs/yoyo/Application/Common/Common/function.php 第 1936 行.
NOTIC: [8] Undefined index: router /Applications/XAMPP/xamppfiles/htdocs/yoyo/Application/Common/Common/function.php 第 1936 行.
NOTIC: [8] Undefined index: router /Applications/XAMPP/xamppfiles/htdocs/yoyo/Application/Common/Common/function.php 第 1936 行.
NOTIC: [8] Undefined index: router /Applications/XAMPP/xamppfiles/htdocs/yoyo/Application/Common/Common/function.php 第 1936 行.
NOTIC: [8] Undefined index: router /Applications/XAMPP/xamppfiles/htdocs/yoyo/Application/Common/Common/function.php 第 1936 行.
SQL: SHOW COLUMNS FROM `ocenter_config` [ RunTime:0.004102s ]
SQL: SELECT `type`,`name`,`value` FROM `ocenter_config` WHERE `status` = 1  [ RunTime:0.000547s ]
INFO: [ app_begin ] --START--
INFO: Run Behavior\ReadHtmlCacheBehavior [ RunTime:0.000283s ]
INFO: Run Behavior\CheckLangBehavior [ RunTime:0.012569s ]
INFO: [ app_begin ] --END-- [ RunTime:0.012950s ]
NOTIC: [8192] mysql_connect(): The mysql extension is deprecated and will be removed in the future: use mysqli or PDO instead /Applications/XAMPP/xamppfiles/htdocs/yoyo/ThinkPHP/Library/Think/Session/Driver/Db.class.php 第 95 行.
SQL: SHOW COLUMNS FROM `ocenter_module` [ RunTime:0.003383s ]
SQL: SELECT `type`,`name`,`value` FROM `ocenter_config` WHERE `status` = 1  [ RunTime:0.000787s ]
NOTIC: [8] Undefined variable: res /Applications/XAMPP/xamppfiles/htdocs/yoyo/Application/Common/Common/role.php 第 147 行.
INFO: [ action_begin ] --START--
INFO: Run Common\Behavior\InitModuleInfoBehavior [ RunTime:0.000119s ]
INFO: [ action_begin ] --END-- [ RunTime:0.000149s ]
SQL: SHOW COLUMNS FROM `ocenter_question` [ RunTime:0.003232s ]
SQL: SHOW COLUMNS FROM `ocenter_question_answer` [ RunTime:0.004612s ]
SQL: SHOW COLUMNS FROM `ocenter_question_category` [ RunTime:0.004401s ]
SQL: SHOW COLUMNS FROM `ocenter_question_support` [ RunTime:0.003497s ]
SQL: SELECT `value` FROM `ocenter_config` WHERE `name` = '_QUESTION_PRESET' LIMIT 1   [ RunTime:0.000252s ]
SQL: SELECT `id`,`title`,`pid`,`sort`,`status` FROM `ocenter_question_category` WHERE `status` = 1 ORDER BY sort asc  [ RunTime:0.000192s ]
SQL: SHOW COLUMNS FROM `ocenter_question_answer` [ RunTime:0.004083s ]
SQL: SELECT COUNT(*) AS tp_count FROM `ocenter_question_answer` WHERE `uid` = 100 AND `status` >= 0 LIMIT 1   [ RunTime:0.000421s ]
SQL: SHOW COLUMNS FROM `ocenter_question` [ RunTime:0.002586s ]
SQL: SELECT COUNT(*) AS tp_count FROM `ocenter_question` WHERE `uid` = 100 AND `status` >= 0 LIMIT 1   [ RunTime:0.000970s ]
SQL: SHOW COLUMNS FROM `ocenter_question_rank` [ RunTime:0.002916s ]
SQL: SELECT * FROM `ocenter_question_rank` ORDER BY answer_count desc LIMIT 10   [ RunTime:0.000285s ]
NOTIC: [2] Invalid argument supplied for foreach() /Applications/XAMPP/xamppfiles/htdocs/yoyo/Application/Question/Controller/IndexController.class.php 第 41 行.
SQL: SHOW COLUMNS FROM `ocenter_question_topic` [ RunTime:0.002032s ]
SQL: SELECT * FROM `ocenter_question_topic` WHERE `status` = 1 ORDER BY num desc LIMIT 10   [ RunTime:0.000263s ]
SQL: SELECT COUNT(*) AS tp_count FROM `ocenter_question` WHERE `status` = 1 LIMIT 1   [ RunTime:0.000160s ]
NOTIC: [8] Undefined variable: list /Applications/XAMPP/xamppfiles/htdocs/yoyo/Application/Question/Model/QuestionModel.class.php 第 68 行.
NOTIC: [2] Invalid argument supplied for foreach() /Applications/XAMPP/xamppfiles/htdocs/yoyo/Application/Question/Controller/IndexController.class.php 第 83 行.
INFO: [ view_parse ] --START--
INFO: [ template_filter ] --START--
INFO: Run Behavior\ContentReplaceBehavior [ RunTime:0.000267s ]
INFO: [ template_filter ] --END-- [ RunTime:0.000302s ]
INFO: [ syncMeta ] --START--
INFO: Run Addons\SyncLogin\SyncLoginAddon [ RunTime:0.000557s ]
INFO: [ syncMeta ] --END-- [ RunTime:0.000599s ]
SQL: SHOW COLUMNS FROM `ocenter_seo_rule` [ RunTime:0.003329s ]
NOTIC: [8192] mysql_escape_string(): This function is deprecated; use mysql_real_escape_string() instead. /Applications/XAMPP/xamppfiles/htdocs/yoyo/Application/Common/Model/SeoRuleModel.class.php 第 78 行.
NOTIC: [8192] mysql_escape_string(): This function is deprecated; use mysql_real_escape_string() instead. /Applications/XAMPP/xamppfiles/htdocs/yoyo/Application/Common/Model/SeoRuleModel.class.php 第 79 行.
NOTIC: [8192] mysql_escape_string(): This function is deprecated; use mysql_real_escape_string() instead. /Applications/XAMPP/xamppfiles/htdocs/yoyo/Application/Common/Model/SeoRuleModel.class.php 第 80 行.
SQL: SELECT * FROM `ocenter_seo_rule` WHERE ( (app='' or app='Question') and (controller='' or controller='Index') and (action='' or action='index') and status=1 ) ORDER BY sort asc  [ RunTime:0.000575s ]
NOTIC: [8] Undefined index: keywords /Applications/XAMPP/xamppfiles/htdocs/yoyo/Application/Common/Model/SeoRuleModel.class.php 第 58 行.
NOTIC: [8] Undefined index: description /Applications/XAMPP/xamppfiles/htdocs/yoyo/Application/Common/Model/SeoRuleModel.class.php 第 61 行.
INFO: [ view_parse ] --START--
INFO: [ template_filter ] --START--
INFO: Run Behavior\ContentReplaceBehavior [ RunTime:0.000032s ]
INFO: [ template_filter ] --END-- [ RunTime:-0.013903s ]
INFO: Run Behavior\ParseTemplateBehavior [ RunTime:0.001029s ]
INFO: [ view_parse ] --END-- [ RunTime:0.001073s ]
INFO: [ view_filter ] --START--
INFO: Run Behavior\WriteHtmlCacheBehavior [ RunTime:0.000147s ]
INFO: [ view_filter ] --END-- [ RunTime:0.000176s ]
SQL: SELECT `type`,`name`,`value` FROM `ocenter_config` WHERE `status` = 1  [ RunTime:0.000466s ]
SQL: SHOW COLUMNS FROM `ocenter_pushing` [ RunTime:0.002653s ]
ERR: 1146:Table 'yoyobit.ocenter_pushing' doesn't exist
 [ SQL语句 ] : SHOW COLUMNS FROM `ocenter_pushing`
SQL: SHOW COLUMNS FROM `ocenter_member` [ RunTime:0.003464s ]
SQL: SHOW COLUMNS FROM `ocenter_channel` [ RunTime:0.003750s ]
NOTIC: [8] Undefined index: _ /Applications/XAMPP/xamppfiles/htdocs/yoyo/Runtime/Cache/Question/859f52d3b5e6b3cb9b3599179973aa82.php 第 150 行.
NOTIC: [8] Undefined index: _ /Applications/XAMPP/xamppfiles/htdocs/yoyo/Runtime/Cache/Question/859f52d3b5e6b3cb9b3599179973aa82.php 第 150 行.
NOTIC: [8] Undefined index: _ /Applications/XAMPP/xamppfiles/htdocs/yoyo/Runtime/Cache/Question/859f52d3b5e6b3cb9b3599179973aa82.php 第 150 行.
NOTIC: [8] Undefined variable: module /Applications/XAMPP/xamppfiles/htdocs/yoyo/ThinkPHP/Common/functions.php 第 1052 行.
NOTIC: [8] Undefined variable: var /Applications/XAMPP/xamppfiles/htdocs/yoyo/ThinkPHP/Common/functions.php 第 1052 行.
NOTIC: [8] Undefined variable: varController /Applications/XAMPP/xamppfiles/htdocs/yoyo/ThinkPHP/Common/functions.php 第 1052 行.
NOTIC: [8] Undefined variable: var /Applications/XAMPP/xamppfiles/htdocs/yoyo/ThinkPHP/Common/functions.php 第 1052 行.
NOTIC: [8] Undefined variable: varAction /Applications/XAMPP/xamppfiles/htdocs/yoyo/ThinkPHP/Common/functions.php 第 1052 行.
NOTIC: [8] Undefined index: _ /Applications/XAMPP/xamppfiles/htdocs/yoyo/Runtime/Cache/Question/859f52d3b5e6b3cb9b3599179973aa82.php 第 150 行.
NOTIC: [8] Undefined index: _ /Applications/XAMPP/xamppfiles/htdocs/yoyo/Runtime/Cache/Question/859f52d3b5e6b3cb9b3599179973aa82.php 第 150 行.
NOTIC: [8] Undefined variable: module /Applications/XAMPP/xamppfiles/htdocs/yoyo/ThinkPHP/Common/functions.php 第 1052 行.
NOTIC: [8] Undefined variable: var /Applications/XAMPP/xamppfiles/htdocs/yoyo/ThinkPHP/Common/functions.php 第 1052 行.
NOTIC: [8] Undefined variable: varController /Applications/XAMPP/xamppfiles/htdocs/yoyo/ThinkPHP/Common/functions.php 第 1052 行.
NOTIC: [8] Undefined variable: var /Applications/XAMPP/xamppfiles/htdocs/yoyo/ThinkPHP/Common/functions.php 第 1052 行.
NOTIC: [8] Undefined variable: varAction /Applications/XAMPP/xamppfiles/htdocs/yoyo/ThinkPHP/Common/functions.php 第 1052 行.
NOTIC: [8] Undefined variable: module /Applications/XAMPP/xamppfiles/htdocs/yoyo/ThinkPHP/Common/functions.php 第 1052 行.
NOTIC: [8] Undefined variable: var /Applications/XAMPP/xamppfiles/htdocs/yoyo/ThinkPHP/Common/functions.php 第 1052 行.
NOTIC: [8] Undefined variable: varController /Applications/XAMPP/xamppfiles/htdocs/yoyo/ThinkPHP/Common/functions.php 第 1052 行.
NOTIC: [8] Undefined variable: var /Applications/XAMPP/xamppfiles/htdocs/yoyo/ThinkPHP/Common/functions.php 第 1052 行.
NOTIC: [8] Undefined variable: varAction /Applications/XAMPP/xamppfiles/htdocs/yoyo/ThinkPHP/Common/functions.php 第 1052 行.
NOTIC: [8] Undefined variable: module /Applications/XAMPP/xamppfiles/htdocs/yoyo/ThinkPHP/Common/functions.php 第 1052 行.
NOTIC: [8] Undefined variable: var /Applications/XAMPP/xamppfiles/htdocs/yoyo/ThinkPHP/Common/functions.php 第 1052 行.
NOTIC: [8] Undefined variable: varController /Applications/XAMPP/xamppfiles/htdocs/yoyo/ThinkPHP/Common/functions.php 第 1052 行.
NOTIC: [8] Undefined variable: var /Applications/XAMPP/xamppfiles/htdocs/yoyo/ThinkPHP/Common/functions.php 第 1052 行.
NOTIC: [8] Undefined variable: varAction /Applications/XAMPP/xamppfiles/htdocs/yoyo/ThinkPHP/Common/functions.php 第 1052 行.
NOTIC: [8] Undefined variable: module /Applications/XAMPP/xamppfiles/htdocs/yoyo/ThinkPHP/Common/functions.php 第 1052 行.
NOTIC: [8] Undefined variable: var /Applications/XAMPP/xamppfiles/htdocs/yoyo/ThinkPHP/Common/functions.php 第 1052 行.
NOTIC: [8] Undefined variable: varController /Applications/XAMPP/xamppfiles/htdocs/yoyo/ThinkPHP/Common/functions.php 第 1052 行.
NOTIC: [8] Undefined variable: var /Applications/XAMPP/xamppfiles/htdocs/yoyo/ThinkPHP/Common/functions.php 第 1052 行.
NOTIC: [8] Undefined variable: varAction /Applications/XAMPP/xamppfiles/htdocs/yoyo/ThinkPHP/Common/functions.php 第 1052 行.
SQL: SHOW COLUMNS FROM `ocenter_member` [ RunTime:0.003886s ]
SQL: SELECT `reg_time` FROM `ocenter_member` WHERE `uid` = 100 LIMIT 1   [ RunTime:0.000839s ]
SQL: SHOW COLUMNS FROM `ocenter_user_config` [ RunTime:0.002115s ]
SQL: SELECT * FROM `ocenter_user_config` WHERE `uid` = 100 AND `name` = 'user_cover' AND `role_id` = 0 AND `model` = '' LIMIT 1   [ RunTime:0.000260s ]
SQL: SHOW COLUMNS FROM `ocenter_picture` [ RunTime:0.003649s ]
SQL: SELECT * FROM `ocenter_picture` WHERE `status` = 1 AND `id` = null LIMIT 1   [ RunTime:0.000515s ]
NOTIC: [2] unlink(./Runtime/Temp/945c180f3240ad0e35d9eb8beb06401b.php): No such file or directory /Applications/XAMPP/xamppfiles/htdocs/yoyo/ThinkPHP/Library/Think/Cache/Driver/File.class.php 第 157 行.
NOTIC: [2] unlink(./Runtime/Temp/deec309cb1249b5b7776ac8c8f45123b.php): No such file or directory /Applications/XAMPP/xamppfiles/htdocs/yoyo/ThinkPHP/Library/Think/Cache/Driver/File.class.php 第 157 行.
NOTIC: [8] Undefined index: space_url /Applications/XAMPP/xamppfiles/htdocs/yoyo/Runtime/Cache/Question/859f52d3b5e6b3cb9b3599179973aa82.php 第 223 行.
NOTIC: [8] Undefined index: score /Applications/XAMPP/xamppfiles/htdocs/yoyo/Runtime/Cache/Question/859f52d3b5e6b3cb9b3599179973aa82.php 第 255 行.
NOTIC: [8] Undefined index: score /Applications/XAMPP/xamppfiles/htdocs/yoyo/Runtime/Cache/Question/859f52d3b5e6b3cb9b3599179973aa82.php 第 267 行.
NOTIC: [8] Undefined variable: module /Applications/XAMPP/xamppfiles/htdocs/yoyo/ThinkPHP/Common/functions.php 第 1052 行.
NOTIC: [8] Undefined variable: var /Applications/XAMPP/xamppfiles/htdocs/yoyo/ThinkPHP/Common/functions.php 第 1052 行.
NOTIC: [8] Undefined variable: varController /Applications/XAMPP/xamppfiles/htdocs/yoyo/ThinkPHP/Common/functions.php 第 1052 行.
NOTIC: [8] Undefined variable: var /Applications/XAMPP/xamppfiles/htdocs/yoyo/ThinkPHP/Common/functions.php 第 1052 行.
NOTIC: [8] Undefined variable: varAction /Applications/XAMPP/xamppfiles/htdocs/yoyo/ThinkPHP/Common/functions.php 第 1052 行.
NOTIC: [8] Undefined variable: module /Applications/XAMPP/xamppfiles/htdocs/yoyo/ThinkPHP/Common/functions.php 第 1052 行.
NOTIC: [8] Undefined variable: var /Applications/XAMPP/xamppfiles/htdocs/yoyo/ThinkPHP/Common/functions.php 第 1052 行.
NOTIC: [8] Undefined variable: varController /Applications/XAMPP/xamppfiles/htdocs/yoyo/ThinkPHP/Common/functions.php 第 1052 行.
NOTIC: [8] Undefined variable: var /Applications/XAMPP/xamppfiles/htdocs/yoyo/ThinkPHP/Common/functions.php 第 1052 行.
NOTIC: [8] Undefined variable: varAction /Applications/XAMPP/xamppfiles/htdocs/yoyo/ThinkPHP/Common/functions.php 第 1052 行.
SQL: SHOW COLUMNS FROM `ocenter_auth_rule` [ RunTime:0.003726s ]
SQL: SELECT * FROM `ocenter_auth_rule` WHERE `name` = 'Admin/Index/index' AND `status` = 1 LIMIT 1   [ RunTime:0.000840s ]
SQL: SELECT * FROM `ocenter_auth_rule` WHERE `name` = 'Core/Admin/View' AND `status` = 1 LIMIT 1   [ RunTime:0.000388s ]
NOTIC: [8] Undefined variable: question_cate /Applications/XAMPP/xamppfiles/htdocs/yoyo/Runtime/Cache/Question/859f52d3b5e6b3cb9b3599179973aa82.php 第 418 行.
NOTIC: [8] Undefined variable: question_cate /Applications/XAMPP/xamppfiles/htdocs/yoyo/Runtime/Cache/Question/859f52d3b5e6b3cb9b3599179973aa82.php 第 421 行.
NOTIC: [8] Use of undefined constant q - assumed 'q' /Applications/XAMPP/xamppfiles/htdocs/yoyo/Runtime/Cache/Question/859f52d3b5e6b3cb9b3599179973aa82.php 第 493 行.
NOTIC: [8] Use of undefined constant a - assumed 'a' /Applications/XAMPP/xamppfiles/htdocs/yoyo/Runtime/Cache/Question/859f52d3b5e6b3cb9b3599179973aa82.php 第 497 行.
SQL: SELECT `type`,`name`,`value` FROM `ocenter_config` WHERE `status` = 1  [ RunTime:0.000326s ]
NOTIC: [8] Undefined variable: res /Applications/XAMPP/xamppfiles/htdocs/yoyo/Application/Common/Common/role.php 第 147 行.
INFO: [ action_begin ] --START--
INFO: Run Common\Behavior\InitModuleInfoBehavior [ RunTime:0.000007s ]
INFO: [ action_begin ] --END-- [ RunTime:-0.118379s ]
NOTIC: [2] Missing argument 1 for Common\Widget\SuperLinksWidget::superLinks() /Applications/XAMPP/xamppfiles/htdocs/yoyo/Application/Common/Widget/SuperLinksWidget.class.php 第 15 行.
SQL: SHOW COLUMNS FROM `ocenter_super_links` [ RunTime:0.002199s ]
SQL: SELECT * FROM `ocenter_super_links` WHERE ( status = 1 ) ORDER BY level desc,id asc  [ RunTime:0.000428s ]
NOTIC: [2] Invalid argument supplied for foreach() /Applications/XAMPP/xamppfiles/htdocs/yoyo/Application/Common/Model/SuperLinksModel.class.php 第 37 行.
NOTIC: [8] Undefined variable: data /Applications/XAMPP/xamppfiles/htdocs/yoyo/Application/Common/Model/SuperLinksModel.class.php 第 48 行.
NOTIC: [8] Undefined variable: param /Applications/XAMPP/xamppfiles/htdocs/yoyo/Application/Common/Widget/SuperLinksWidget.class.php 第 19 行.
INFO: [ view_parse ] --START--
INFO: [ template_filter ] --START--
INFO: Run Behavior\ContentReplaceBehavior [ RunTime:0.000039s ]
INFO: [ template_filter ] --END-- [ RunTime:-0.063301s ]
INFO: Run Behavior\ParseTemplateBehavior [ RunTime:0.003730s ]
INFO: [ view_parse ] --END-- [ RunTime:-0.046286s ]
INFO: [ view_filter ] --START--
INFO: Run Behavior\WriteHtmlCacheBehavior [ RunTime:0.000010s ]
INFO: [ view_filter ] --END-- [ RunTime:-0.049883s ]
SQL: SELECT `value` FROM `ocenter_config` WHERE `name` = '_CONFIG_QRCODE_BOTTOM' LIMIT 1   [ RunTime:0.000269s ]
NOTIC: [8] Undefined variable: site /Applications/XAMPP/xamppfiles/htdocs/yoyo/Runtime/Cache/Question/859f52d3b5e6b3cb9b3599179973aa82.php 第 587 行.
NOTIC: [8] Undefined variable: child /Applications/XAMPP/xamppfiles/htdocs/yoyo/Runtime/Cache/Question/859f52d3b5e6b3cb9b3599179973aa82.php 第 600 行.
INFO: [ pageFooter ] --START--
INFO: Run Addons\SuperLinks\SuperLinksAddon [ RunTime:0.000322s ]
INFO: [ pageFooter ] --END-- [ RunTime:0.000350s ]
SQL: SELECT `type`,`name`,`value` FROM `ocenter_config` WHERE `status` = 1  [ RunTime:0.000406s ]
NOTIC: [8] Undefined variable: res /Applications/XAMPP/xamppfiles/htdocs/yoyo/Application/Common/Common/role.php 第 147 行.
INFO: [ action_begin ] --START--
INFO: Run Common\Behavior\InitModuleInfoBehavior [ RunTime:0.000022s ]
INFO: [ action_begin ] --END-- [ RunTime:-0.130648s ]
SQL: SELECT `type`,`name`,`value` FROM `ocenter_config` WHERE `status` = 1  [ RunTime:0.000428s ]
NOTIC: [8] Undefined variable: res /Applications/XAMPP/xamppfiles/htdocs/yoyo/Application/Common/Common/role.php 第 147 行.
INFO: [ action_begin ] --START--
INFO: Run Common\Behavior\InitModuleInfoBehavior [ RunTime:0.000007s ]
INFO: [ action_begin ] --END-- [ RunTime:-0.133557s ]
INFO: [ view_parse ] --START--
INFO: [ template_filter ] --START--
INFO: Run Behavior\ContentReplaceBehavior [ RunTime:0.000021s ]
INFO: [ template_filter ] --END-- [ RunTime:-0.072946s ]
INFO: Run Behavior\ParseTemplateBehavior [ RunTime:0.000978s ]
INFO: [ view_parse ] --END-- [ RunTime:-0.057860s ]
INFO: [ view_filter ] --START--
INFO: Run Behavior\WriteHtmlCacheBehavior [ RunTime:0.000006s ]
INFO: [ view_filter ] --END-- [ RunTime:-0.058676s ]
INFO: Run Behavior\ParseTemplateBehavior [ RunTime:0.001147s ]
INFO: [ view_parse ] --END-- [ RunTime:-0.057860s ]
INFO: [ view_filter ] --START--
INFO: Run Behavior\WriteHtmlCacheBehavior [ RunTime:0.000004s ]
INFO: [ view_filter ] --END-- [ RunTime:-0.058841s ]
INFO: [ app_end ] --START--
INFO: Run Behavior\ShowPageTraceBehavior [ RunTime:0.000401s ]
INFO: [ app_end ] --END-- [ RunTime:0.000449s ]

[ 2017-10-29T21:56:25+08:00 ] 127.0.0.1 /yoyo/question/index/index.html
INFO: [ app_init ] --START--
INFO: Run Behavior\BuildLiteBehavior [ RunTime:0.000021s ]
INFO: Run Common\Behavior\InitHookBehavior [ RunTime:0.001500s ]
INFO: [ app_init ] --END-- [ RunTime:0.001703s ]
NOTIC: [8] Undefined index: router /Applications/XAMPP/xamppfiles/htdocs/yoyo/Application/Common/Common/function.php 第 1936 行.
NOTIC: [8] Undefined index: router /Applications/XAMPP/xamppfiles/htdocs/yoyo/Application/Common/Common/function.php 第 1936 行.
NOTIC: [8] Undefined index: router /Applications/XAMPP/xamppfiles/htdocs/yoyo/Application/Common/Common/function.php 第 1936 行.
NOTIC: [8] Undefined index: router /Applications/XAMPP/xamppfiles/htdocs/yoyo/Application/Common/Common/function.php 第 1936 行.
NOTIC: [8] Undefined index: router /Applications/XAMPP/xamppfiles/htdocs/yoyo/Application/Common/Common/function.php 第 1936 行.
NOTIC: [8] Undefined index: router /Applications/XAMPP/xamppfiles/htdocs/yoyo/Application/Common/Common/function.php 第 1936 行.
SQL: SHOW COLUMNS FROM `ocenter_config` [ RunTime:0.005530s ]
SQL: SELECT `type`,`name`,`value` FROM `ocenter_config` WHERE `status` = 1  [ RunTime:0.000708s ]
INFO: [ app_begin ] --START--
INFO: Run Behavior\ReadHtmlCacheBehavior [ RunTime:0.001335s ]
INFO: Run Behavior\CheckLangBehavior [ RunTime:0.031534s ]
INFO: [ app_begin ] --END-- [ RunTime:0.033120s ]
NOTIC: [8192] mysql_connect(): The mysql extension is deprecated and will be removed in the future: use mysqli or PDO instead /Applications/XAMPP/xamppfiles/htdocs/yoyo/ThinkPHP/Library/Think/Session/Driver/Db.class.php 第 95 行.
SQL: SHOW COLUMNS FROM `ocenter_module` [ RunTime:0.004499s ]
SQL: SELECT `type`,`name`,`value` FROM `ocenter_config` WHERE `status` = 1  [ RunTime:0.001297s ]
NOTIC: [8] Undefined variable: res /Applications/XAMPP/xamppfiles/htdocs/yoyo/Application/Common/Common/role.php 第 147 行.
INFO: [ action_begin ] --START--
INFO: Run Common\Behavior\InitModuleInfoBehavior [ RunTime:0.000198s ]
INFO: [ action_begin ] --END-- [ RunTime:0.000246s ]
SQL: SHOW COLUMNS FROM `ocenter_question` [ RunTime:0.004621s ]
SQL: SHOW COLUMNS FROM `ocenter_question_answer` [ RunTime:0.001524s ]
SQL: SHOW COLUMNS FROM `ocenter_question_category` [ RunTime:0.006600s ]
SQL: SHOW COLUMNS FROM `ocenter_question_support` [ RunTime:0.004978s ]
SQL: SELECT `value` FROM `ocenter_config` WHERE `name` = '_QUESTION_PRESET' LIMIT 1   [ RunTime:0.000838s ]
SQL: SELECT `id`,`title`,`pid`,`sort`,`status` FROM `ocenter_question_category` WHERE `status` = 1 ORDER BY sort asc  [ RunTime:0.000914s ]
SQL: SHOW COLUMNS FROM `ocenter_question_answer` [ RunTime:0.005363s ]
SQL: SELECT COUNT(*) AS tp_count FROM `ocenter_question_answer` WHERE `uid` = 100 AND `status` >= 0 LIMIT 1   [ RunTime:0.000331s ]
SQL: SHOW COLUMNS FROM `ocenter_question` [ RunTime:0.002214s ]
SQL: SELECT COUNT(*) AS tp_count FROM `ocenter_question` WHERE `uid` = 100 AND `status` >= 0 LIMIT 1   [ RunTime:0.000320s ]
SQL: SHOW COLUMNS FROM `ocenter_question_rank` [ RunTime:0.001868s ]
SQL: SELECT * FROM `ocenter_question_rank` ORDER BY answer_count desc LIMIT 10   [ RunTime:0.001019s ]
NOTIC: [2] Invalid argument supplied for foreach() /Applications/XAMPP/xamppfiles/htdocs/yoyo/Application/Question/Controller/IndexController.class.php 第 41 行.
SQL: SHOW COLUMNS FROM `ocenter_question_topic` [ RunTime:0.008358s ]
SQL: SELECT * FROM `ocenter_question_topic` WHERE `status` = 1 ORDER BY num desc LIMIT 10   [ RunTime:0.000402s ]
SQL: SELECT COUNT(*) AS tp_count FROM `ocenter_question` WHERE `status` = 1 LIMIT 1   [ RunTime:0.000251s ]
NOTIC: [8] Undefined variable: list /Applications/XAMPP/xamppfiles/htdocs/yoyo/Application/Question/Model/QuestionModel.class.php 第 68 行.
NOTIC: [2] Invalid argument supplied for foreach() /Applications/XAMPP/xamppfiles/htdocs/yoyo/Application/Question/Controller/IndexController.class.php 第 83 行.
INFO: [ view_parse ] --START--
INFO: [ template_filter ] --START--
INFO: Run Behavior\ContentReplaceBehavior [ RunTime:0.000548s ]
INFO: [ template_filter ] --END-- [ RunTime:0.000722s ]
INFO: [ syncMeta ] --START--
INFO: Run Addons\SyncLogin\SyncLoginAddon [ RunTime:0.001147s ]
INFO: [ syncMeta ] --END-- [ RunTime:0.001230s ]
SQL: SHOW COLUMNS FROM `ocenter_seo_rule` [ RunTime:0.006995s ]
INFO: [ view_parse ] --START--
INFO: Run Behavior\ParseTemplateBehavior [ RunTime:0.000192s ]
INFO: [ view_parse ] --END-- [ RunTime:0.000249s ]
INFO: [ view_filter ] --START--
INFO: Run Behavior\WriteHtmlCacheBehavior [ RunTime:0.000166s ]
INFO: [ view_filter ] --END-- [ RunTime:0.000226s ]
SQL: SELECT `type`,`name`,`value` FROM `ocenter_config` WHERE `status` = 1  [ RunTime:0.001035s ]
SQL: SHOW COLUMNS FROM `ocenter_pushing` [ RunTime:0.001599s ]
ERR: 1146:Table 'yoyobit.ocenter_pushing' doesn't exist
 [ SQL语句 ] : SHOW COLUMNS FROM `ocenter_pushing`
SQL: SHOW COLUMNS FROM `ocenter_member` [ RunTime:0.004624s ]
SQL: SHOW COLUMNS FROM `ocenter_channel` [ RunTime:0.001752s ]
NOTIC: [8] Undefined index: _ /Applications/XAMPP/xamppfiles/htdocs/yoyo/Runtime/Cache/Question/859f52d3b5e6b3cb9b3599179973aa82.php 第 150 行.
NOTIC: [8] Undefined index: _ /Applications/XAMPP/xamppfiles/htdocs/yoyo/Runtime/Cache/Question/859f52d3b5e6b3cb9b3599179973aa82.php 第 150 行.
NOTIC: [8] Undefined index: _ /Applications/XAMPP/xamppfiles/htdocs/yoyo/Runtime/Cache/Question/859f52d3b5e6b3cb9b3599179973aa82.php 第 150 行.
NOTIC: [8] Undefined variable: module /Applications/XAMPP/xamppfiles/htdocs/yoyo/ThinkPHP/Common/functions.php 第 1052 行.
NOTIC: [8] Undefined variable: var /Applications/XAMPP/xamppfiles/htdocs/yoyo/ThinkPHP/Common/functions.php 第 1052 行.
NOTIC: [8] Undefined variable: varController /Applications/XAMPP/xamppfiles/htdocs/yoyo/ThinkPHP/Common/functions.php 第 1052 行.
NOTIC: [8] Undefined variable: var /Applications/XAMPP/xamppfiles/htdocs/yoyo/ThinkPHP/Common/functions.php 第 1052 行.
NOTIC: [8] Undefined variable: varAction /Applications/XAMPP/xamppfiles/htdocs/yoyo/ThinkPHP/Common/functions.php 第 1052 行.
NOTIC: [8] Undefined index: _ /Applications/XAMPP/xamppfiles/htdocs/yoyo/Runtime/Cache/Question/859f52d3b5e6b3cb9b3599179973aa82.php 第 150 行.
NOTIC: [8] Undefined index: _ /Applications/XAMPP/xamppfiles/htdocs/yoyo/Runtime/Cache/Question/859f52d3b5e6b3cb9b3599179973aa82.php 第 150 行.
NOTIC: [8] Undefined variable: module /Applications/XAMPP/xamppfiles/htdocs/yoyo/ThinkPHP/Common/functions.php 第 1052 行.
NOTIC: [8] Undefined variable: var /Applications/XAMPP/xamppfiles/htdocs/yoyo/ThinkPHP/Common/functions.php 第 1052 行.
NOTIC: [8] Undefined variable: varController /Applications/XAMPP/xamppfiles/htdocs/yoyo/ThinkPHP/Common/functions.php 第 1052 行.
NOTIC: [8] Undefined variable: var /Applications/XAMPP/xamppfiles/htdocs/yoyo/ThinkPHP/Common/functions.php 第 1052 行.
NOTIC: [8] Undefined variable: varAction /Applications/XAMPP/xamppfiles/htdocs/yoyo/ThinkPHP/Common/functions.php 第 1052 行.
NOTIC: [8] Undefined variable: module /Applications/XAMPP/xamppfiles/htdocs/yoyo/ThinkPHP/Common/functions.php 第 1052 行.
NOTIC: [8] Undefined variable: var /Applications/XAMPP/xamppfiles/htdocs/yoyo/ThinkPHP/Common/functions.php 第 1052 行.
NOTIC: [8] Undefined variable: varController /Applications/XAMPP/xamppfiles/htdocs/yoyo/ThinkPHP/Common/functions.php 第 1052 行.
NOTIC: [8] Undefined variable: var /Applications/XAMPP/xamppfiles/htdocs/yoyo/ThinkPHP/Common/functions.php 第 1052 行.
NOTIC: [8] Undefined variable: varAction /Applications/XAMPP/xamppfiles/htdocs/yoyo/ThinkPHP/Common/functions.php 第 1052 行.
NOTIC: [8] Undefined variable: module /Applications/XAMPP/xamppfiles/htdocs/yoyo/ThinkPHP/Common/functions.php 第 1052 行.
NOTIC: [8] Undefined variable: var /Applications/XAMPP/xamppfiles/htdocs/yoyo/ThinkPHP/Common/functions.php 第 1052 行.
NOTIC: [8] Undefined variable: varController /Applications/XAMPP/xamppfiles/htdocs/yoyo/ThinkPHP/Common/functions.php 第 1052 行.
NOTIC: [8] Undefined variable: var /Applications/XAMPP/xamppfiles/htdocs/yoyo/ThinkPHP/Common/functions.php 第 1052 行.
NOTIC: [8] Undefined variable: varAction /Applications/XAMPP/xamppfiles/htdocs/yoyo/ThinkPHP/Common/functions.php 第 1052 行.
NOTIC: [8] Undefined variable: module /Applications/XAMPP/xamppfiles/htdocs/yoyo/ThinkPHP/Common/functions.php 第 1052 行.
NOTIC: [8] Undefined variable: var /Applications/XAMPP/xamppfiles/htdocs/yoyo/ThinkPHP/Common/functions.php 第 1052 行.
NOTIC: [8] Undefined variable: varController /Applications/XAMPP/xamppfiles/htdocs/yoyo/ThinkPHP/Common/functions.php 第 1052 行.
NOTIC: [8] Undefined variable: var /Applications/XAMPP/xamppfiles/htdocs/yoyo/ThinkPHP/Common/functions.php 第 1052 行.
NOTIC: [8] Undefined variable: varAction /Applications/XAMPP/xamppfiles/htdocs/yoyo/ThinkPHP/Common/functions.php 第 1052 行.
SQL: SHOW COLUMNS FROM `ocenter_member` [ RunTime:0.004264s ]
SQL: SELECT `reg_time` FROM `ocenter_member` WHERE `uid` = 100 LIMIT 1   [ RunTime:0.000757s ]
SQL: SHOW COLUMNS FROM `ocenter_user_config` [ RunTime:0.001961s ]
SQL: SELECT * FROM `ocenter_user_config` WHERE `uid` = 100 AND `name` = 'user_cover' AND `role_id` = 0 AND `model` = '' LIMIT 1   [ RunTime:0.000313s ]
SQL: SHOW COLUMNS FROM `ocenter_picture` [ RunTime:0.002451s ]
SQL: SELECT * FROM `ocenter_picture` WHERE `status` = 1 AND `id` = null LIMIT 1   [ RunTime:0.000336s ]
NOTIC: [2] unlink(./Runtime/Temp/945c180f3240ad0e35d9eb8beb06401b.php): No such file or directory /Applications/XAMPP/xamppfiles/htdocs/yoyo/ThinkPHP/Library/Think/Cache/Driver/File.class.php 第 157 行.
NOTIC: [2] unlink(./Runtime/Temp/deec309cb1249b5b7776ac8c8f45123b.php): No such file or directory /Applications/XAMPP/xamppfiles/htdocs/yoyo/ThinkPHP/Library/Think/Cache/Driver/File.class.php 第 157 行.
NOTIC: [8] Undefined index: space_url /Applications/XAMPP/xamppfiles/htdocs/yoyo/Runtime/Cache/Question/859f52d3b5e6b3cb9b3599179973aa82.php 第 223 行.
NOTIC: [8] Undefined index: score /Applications/XAMPP/xamppfiles/htdocs/yoyo/Runtime/Cache/Question/859f52d3b5e6b3cb9b3599179973aa82.php 第 255 行.
NOTIC: [8] Undefined index: score /Applications/XAMPP/xamppfiles/htdocs/yoyo/Runtime/Cache/Question/859f52d3b5e6b3cb9b3599179973aa82.php 第 267 行.
NOTIC: [8] Undefined variable: module /Applications/XAMPP/xamppfiles/htdocs/yoyo/ThinkPHP/Common/functions.php 第 1052 行.
NOTIC: [8] Undefined variable: var /Applications/XAMPP/xamppfiles/htdocs/yoyo/ThinkPHP/Common/functions.php 第 1052 行.
NOTIC: [8] Undefined variable: varController /Applications/XAMPP/xamppfiles/htdocs/yoyo/ThinkPHP/Common/functions.php 第 1052 行.
NOTIC: [8] Undefined variable: var /Applications/XAMPP/xamppfiles/htdocs/yoyo/ThinkPHP/Common/functions.php 第 1052 行.
NOTIC: [8] Undefined variable: varAction /Applications/XAMPP/xamppfiles/htdocs/yoyo/ThinkPHP/Common/functions.php 第 1052 行.
NOTIC: [8] Undefined variable: module /Applications/XAMPP/xamppfiles/htdocs/yoyo/ThinkPHP/Common/functions.php 第 1052 行.
NOTIC: [8] Undefined variable: var /Applications/XAMPP/xamppfiles/htdocs/yoyo/ThinkPHP/Common/functions.php 第 1052 行.
NOTIC: [8] Undefined variable: varController /Applications/XAMPP/xamppfiles/htdocs/yoyo/ThinkPHP/Common/functions.php 第 1052 行.
NOTIC: [8] Undefined variable: var /Applications/XAMPP/xamppfiles/htdocs/yoyo/ThinkPHP/Common/functions.php 第 1052 行.
NOTIC: [8] Undefined variable: varAction /Applications/XAMPP/xamppfiles/htdocs/yoyo/ThinkPHP/Common/functions.php 第 1052 行.
SQL: SHOW COLUMNS FROM `ocenter_auth_rule` [ RunTime:0.001700s ]
SQL: SELECT * FROM `ocenter_auth_rule` WHERE `name` = 'Admin/Index/index' AND `status` = 1 LIMIT 1   [ RunTime:0.000410s ]
SQL: SELECT * FROM `ocenter_auth_rule` WHERE `name` = 'Core/Admin/View' AND `status` = 1 LIMIT 1   [ RunTime:0.000799s ]
NOTIC: [8] Undefined variable: question_cate /Applications/XAMPP/xamppfiles/htdocs/yoyo/Runtime/Cache/Question/859f52d3b5e6b3cb9b3599179973aa82.php 第 418 行.
NOTIC: [8] Undefined variable: question_cate /Applications/XAMPP/xamppfiles/htdocs/yoyo/Runtime/Cache/Question/859f52d3b5e6b3cb9b3599179973aa82.php 第 421 行.
NOTIC: [8] Use of undefined constant q - assumed 'q' /Applications/XAMPP/xamppfiles/htdocs/yoyo/Runtime/Cache/Question/859f52d3b5e6b3cb9b3599179973aa82.php 第 493 行.
NOTIC: [8] Use of undefined constant a - assumed 'a' /Applications/XAMPP/xamppfiles/htdocs/yoyo/Runtime/Cache/Question/859f52d3b5e6b3cb9b3599179973aa82.php 第 497 行.
SQL: SELECT `type`,`name`,`value` FROM `ocenter_config` WHERE `status` = 1  [ RunTime:0.000636s ]
NOTIC: [8] Undefined variable: res /Applications/XAMPP/xamppfiles/htdocs/yoyo/Application/Common/Common/role.php 第 147 行.
INFO: [ action_begin ] --START--
INFO: Run Common\Behavior\InitModuleInfoBehavior [ RunTime:0.000025s ]
INFO: [ action_begin ] --END-- [ RunTime:-0.163657s ]
NOTIC: [2] Missing argument 1 for Common\Widget\SuperLinksWidget::superLinks() /Applications/XAMPP/xamppfiles/htdocs/yoyo/Application/Common/Widget/SuperLinksWidget.class.php 第 15 行.
SQL: SHOW COLUMNS FROM `ocenter_super_links` [ RunTime:0.003716s ]
SQL: SELECT * FROM `ocenter_super_links` WHERE ( status = 1 ) ORDER BY level desc,id asc  [ RunTime:0.000362s ]
NOTIC: [2] Invalid argument supplied for foreach() /Applications/XAMPP/xamppfiles/htdocs/yoyo/Application/Common/Model/SuperLinksModel.class.php 第 37 行.
NOTIC: [8] Undefined variable: data /Applications/XAMPP/xamppfiles/htdocs/yoyo/Application/Common/Model/SuperLinksModel.class.php 第 48 行.
NOTIC: [8] Undefined variable: param /Applications/XAMPP/xamppfiles/htdocs/yoyo/Application/Common/Widget/SuperLinksWidget.class.php 第 19 行.
INFO: [ view_parse ] --START--
INFO: [ template_filter ] --START--
INFO: Run Behavior\ContentReplaceBehavior [ RunTime:0.000080s ]
INFO: [ template_filter ] --END-- [ RunTime:-0.078741s ]
INFO: Run Behavior\ParseTemplateBehavior [ RunTime:0.005505s ]
INFO: [ view_parse ] --END-- [ RunTime:-0.051649s ]
INFO: [ view_filter ] --START--
INFO: Run Behavior\WriteHtmlCacheBehavior [ RunTime:0.000008s ]
INFO: [ view_filter ] --END-- [ RunTime:-0.056996s ]
SQL: SELECT `value` FROM `ocenter_config` WHERE `name` = '_CONFIG_QRCODE_BOTTOM' LIMIT 1   [ RunTime:0.000404s ]
NOTIC: [8] Undefined variable: site /Applications/XAMPP/xamppfiles/htdocs/yoyo/Runtime/Cache/Question/859f52d3b5e6b3cb9b3599179973aa82.php 第 587 行.
NOTIC: [8] Undefined variable: child /Applications/XAMPP/xamppfiles/htdocs/yoyo/Runtime/Cache/Question/859f52d3b5e6b3cb9b3599179973aa82.php 第 600 行.
INFO: [ pageFooter ] --START--
INFO: Run Addons\SuperLinks\SuperLinksAddon [ RunTime:0.003200s ]
INFO: [ pageFooter ] --END-- [ RunTime:0.003332s ]
SQL: SELECT `type`,`name`,`value` FROM `ocenter_config` WHERE `status` = 1  [ RunTime:0.000514s ]
NOTIC: [8] Undefined variable: res /Applications/XAMPP/xamppfiles/htdocs/yoyo/Application/Common/Common/role.php 第 147 行.
INFO: [ action_begin ] --START--
INFO: Run Common\Behavior\InitModuleInfoBehavior [ RunTime:0.000011s ]
INFO: [ action_begin ] --END-- [ RunTime:-0.185236s ]
SQL: SELECT `type`,`name`,`value` FROM `ocenter_config` WHERE `status` = 1  [ RunTime:0.000647s ]
NOTIC: [8] Undefined variable: res /Applications/XAMPP/xamppfiles/htdocs/yoyo/Application/Common/Common/role.php 第 147 行.
INFO: [ action_begin ] --START--
INFO: Run Common\Behavior\InitModuleInfoBehavior [ RunTime:0.000026s ]
INFO: [ action_begin ] --END-- [ RunTime:-0.189200s ]
INFO: [ view_parse ] --START--
INFO: [ template_filter ] --START--
INFO: Run Behavior\ContentReplaceBehavior [ RunTime:0.000158s ]
INFO: [ template_filter ] --END-- [ RunTime:-0.095920s ]
INFO: Run Behavior\ParseTemplateBehavior [ RunTime:0.002547s ]
INFO: [ view_parse ] --END-- [ RunTime:-0.071286s ]
INFO: [ view_filter ] --START--
INFO: Run Behavior\WriteHtmlCacheBehavior [ RunTime:0.000013s ]
INFO: [ view_filter ] --END-- [ RunTime:-0.073697s ]
INFO: Run Behavior\ParseTemplateBehavior [ RunTime:0.002866s ]
INFO: [ view_parse ] --END-- [ RunTime:-0.071286s ]
INFO: [ view_filter ] --START--
INFO: Run Behavior\WriteHtmlCacheBehavior [ RunTime:0.000009s ]
INFO: [ view_filter ] --END-- [ RunTime:-0.073999s ]
INFO: [ app_end ] --START--
INFO: Run Behavior\ShowPageTraceBehavior [ RunTime:0.000660s ]
INFO: [ app_end ] --END-- [ RunTime:0.000744s ]

[ 2017-10-29T21:56:34+08:00 ] 127.0.0.1 /yoyo/question/index/questions/category/1.html
INFO: [ app_init ] --START--
INFO: Run Behavior\BuildLiteBehavior [ RunTime:0.000028s ]
INFO: Run Common\Behavior\InitHookBehavior [ RunTime:0.003459s ]
INFO: [ app_init ] --END-- [ RunTime:0.003650s ]
NOTIC: [8] Undefined index: router /Applications/XAMPP/xamppfiles/htdocs/yoyo/Application/Common/Common/function.php 第 1936 行.
NOTIC: [8] Undefined index: router /Applications/XAMPP/xamppfiles/htdocs/yoyo/Application/Common/Common/function.php 第 1936 行.
NOTIC: [8] Undefined index: router /Applications/XAMPP/xamppfiles/htdocs/yoyo/Application/Common/Common/function.php 第 1936 行.
NOTIC: [8] Undefined index: router /Applications/XAMPP/xamppfiles/htdocs/yoyo/Application/Common/Common/function.php 第 1936 行.
NOTIC: [8] Undefined index: router /Applications/XAMPP/xamppfiles/htdocs/yoyo/Application/Common/Common/function.php 第 1936 行.
NOTIC: [8] Undefined index: router /Applications/XAMPP/xamppfiles/htdocs/yoyo/Application/Common/Common/function.php 第 1936 行.
SQL: SHOW COLUMNS FROM `ocenter_config` [ RunTime:0.005105s ]
SQL: SELECT `type`,`name`,`value` FROM `ocenter_config` WHERE `status` = 1  [ RunTime:0.001049s ]
INFO: [ app_begin ] --START--
INFO: Run Behavior\ReadHtmlCacheBehavior [ RunTime:0.000579s ]
INFO: Run Behavior\CheckLangBehavior [ RunTime:0.104696s ]
INFO: [ app_begin ] --END-- [ RunTime:0.105906s ]
NOTIC: [8192] mysql_connect(): The mysql extension is deprecated and will be removed in the future: use mysqli or PDO instead /Applications/XAMPP/xamppfiles/htdocs/yoyo/ThinkPHP/Library/Think/Session/Driver/Db.class.php 第 95 行.
SQL: SHOW COLUMNS FROM `ocenter_module` [ RunTime:0.004032s ]
SQL: SELECT `type`,`name`,`value` FROM `ocenter_config` WHERE `status` = 1  [ RunTime:0.001142s ]
NOTIC: [8] Undefined variable: res /Applications/XAMPP/xamppfiles/htdocs/yoyo/Application/Common/Common/role.php 第 147 行.
INFO: [ action_begin ] --START--
INFO: Run Common\Behavior\InitModuleInfoBehavior [ RunTime:0.000499s ]
INFO: [ action_begin ] --END-- [ RunTime:0.000638s ]
SQL: SHOW COLUMNS FROM `ocenter_question` [ RunTime:0.006681s ]
SQL: SHOW COLUMNS FROM `ocenter_question_answer` [ RunTime:0.002262s ]
SQL: SHOW COLUMNS FROM `ocenter_question_category` [ RunTime:0.003293s ]
SQL: SHOW COLUMNS FROM `ocenter_question_support` [ RunTime:0.002785s ]
SQL: SELECT * FROM `ocenter_question_category` WHERE `status` = 1 AND `pid` = 0 ORDER BY sort asc  [ RunTime:0.000359s ]
SQL: SELECT * FROM `ocenter_question_category` WHERE `status` = 1 AND `pid` = 1 ORDER BY sort asc  [ RunTime:0.000267s ]
SQL: SHOW COLUMNS FROM `ocenter_question_topic` [ RunTime:0.002217s ]
SQL: SELECT * FROM `ocenter_question_topic` WHERE `status` = 1 ORDER BY num desc LIMIT 20   [ RunTime:0.000418s ]
SQL: SELECT `id`,`title`,`pid`,`sort`,`status` FROM `ocenter_question_category` WHERE `pid` = 1 ORDER BY sort asc  [ RunTime:0.000255s ]
NOTIC: [2] array_column() expects parameter 1 to be array, null given /Applications/XAMPP/xamppfiles/htdocs/yoyo/Application/Question/Controller/IndexController.class.php 第 206 行.
NOTIC: [2] array_merge(): Argument #2 is not an array /Applications/XAMPP/xamppfiles/htdocs/yoyo/Application/Question/Controller/IndexController.class.php 第 207 行.
NOTIC: [8] Undefined variable: aTopic /Applications/XAMPP/xamppfiles/htdocs/yoyo/Application/Question/Controller/IndexController.class.php 第 215 行.
SQL: SELECT `title` FROM `ocenter_question_category` WHERE ( id=1 )  [ RunTime:0.000283s ]
NOTIC: [2] implode(): Invalid arguments passed /Applications/XAMPP/xamppfiles/htdocs/yoyo/ThinkPHP/Library/Think/Db.class.php 第 497 行.
SQL: SELECT COUNT(*) AS tp_count FROM `ocenter_question` WHERE `category` IN () AND `status` = 1 LIMIT 1   [ RunTime:0.000176s ]
ERR: 1064:You have an error in your SQL syntax; check the manual that corresponds to your MariaDB server version for the right syntax to use near ') AND `status` = 1 LIMIT 1' at line 1
 [ SQL语句 ] : SELECT COUNT(*) AS tp_count FROM `ocenter_question` WHERE `category` IN () AND `status` = 1 LIMIT 1  
NOTIC: [8] Undefined variable: list /Applications/XAMPP/xamppfiles/htdocs/yoyo/Application/Question/Model/QuestionModel.class.php 第 68 行.
NOTIC: [2] Invalid argument supplied for foreach() /Applications/XAMPP/xamppfiles/htdocs/yoyo/Application/Question/Controller/IndexController.class.php 第 559 行.
INFO: [ view_parse ] --START--
INFO: [ template_filter ] --START--
INFO: Run Behavior\ContentReplaceBehavior [ RunTime:0.000640s ]
INFO: [ template_filter ] --END-- [ RunTime:0.000733s ]
INFO: [ syncMeta ] --START--
INFO: Run Addons\SyncLogin\SyncLoginAddon [ RunTime:0.003534s ]
INFO: [ syncMeta ] --END-- [ RunTime:0.003665s ]
SQL: SHOW COLUMNS FROM `ocenter_seo_rule` [ RunTime:0.005933s ]
NOTIC: [8192] mysql_escape_string(): This function is deprecated; use mysql_real_escape_string() instead. /Applications/XAMPP/xamppfiles/htdocs/yoyo/Application/Common/Model/SeoRuleModel.class.php 第 78 行.
NOTIC: [8192] mysql_escape_string(): This function is deprecated; use mysql_real_escape_string() instead. /Applications/XAMPP/xamppfiles/htdocs/yoyo/Application/Common/Model/SeoRuleModel.class.php 第 79 行.
NOTIC: [8192] mysql_escape_string(): This function is deprecated; use mysql_real_escape_string() instead. /Applications/XAMPP/xamppfiles/htdocs/yoyo/Application/Common/Model/SeoRuleModel.class.php 第 80 行.
SQL: SELECT * FROM `ocenter_seo_rule` WHERE ( (app='' or app='Question') and (controller='' or controller='Index') and (action='' or action='questions') and status=1 ) ORDER BY sort asc  [ RunTime:0.002317s ]
SQL: SELECT `type`,`name`,`value` FROM `ocenter_config` WHERE `status` = 1  [ RunTime:0.000526s ]
SQL: SHOW COLUMNS FROM `ocenter_pushing` [ RunTime:0.002657s ]
ERR: 1146:Table 'yoyobit.ocenter_pushing' doesn't exist
 [ SQL语句 ] : SHOW COLUMNS FROM `ocenter_pushing`
SQL: SHOW COLUMNS FROM `ocenter_member` [ RunTime:0.008670s ]
SQL: SHOW COLUMNS FROM `ocenter_channel` [ RunTime:0.005475s ]
NOTIC: [8] Undefined index: _ /Applications/XAMPP/xamppfiles/htdocs/yoyo/Runtime/Cache/Question/adc9d5f6c1f0ff9fdd1092e93f1a54e5.php 第 150 行.
NOTIC: [8] Undefined index: _ /Applications/XAMPP/xamppfiles/htdocs/yoyo/Runtime/Cache/Question/adc9d5f6c1f0ff9fdd1092e93f1a54e5.php 第 150 行.
NOTIC: [8] Undefined index: _ /Applications/XAMPP/xamppfiles/htdocs/yoyo/Runtime/Cache/Question/adc9d5f6c1f0ff9fdd1092e93f1a54e5.php 第 150 行.
NOTIC: [8] Undefined variable: module /Applications/XAMPP/xamppfiles/htdocs/yoyo/ThinkPHP/Common/functions.php 第 1052 行.
NOTIC: [8] Undefined variable: var /Applications/XAMPP/xamppfiles/htdocs/yoyo/ThinkPHP/Common/functions.php 第 1052 行.
NOTIC: [8] Undefined variable: varController /Applications/XAMPP/xamppfiles/htdocs/yoyo/ThinkPHP/Common/functions.php 第 1052 行.
NOTIC: [8] Undefined variable: var /Applications/XAMPP/xamppfiles/htdocs/yoyo/ThinkPHP/Common/functions.php 第 1052 行.
NOTIC: [8] Undefined variable: varAction /Applications/XAMPP/xamppfiles/htdocs/yoyo/ThinkPHP/Common/functions.php 第 1052 行.
NOTIC: [8] Undefined index: _ /Applications/XAMPP/xamppfiles/htdocs/yoyo/Runtime/Cache/Question/adc9d5f6c1f0ff9fdd1092e93f1a54e5.php 第 150 行.
NOTIC: [8] Undefined index: _ /Applications/XAMPP/xamppfiles/htdocs/yoyo/Runtime/Cache/Question/adc9d5f6c1f0ff9fdd1092e93f1a54e5.php 第 150 行.
NOTIC: [8] Undefined variable: module /Applications/XAMPP/xamppfiles/htdocs/yoyo/ThinkPHP/Common/functions.php 第 1052 行.
NOTIC: [8] Undefined variable: var /Applications/XAMPP/xamppfiles/htdocs/yoyo/ThinkPHP/Common/functions.php 第 1052 行.
NOTIC: [8] Undefined variable: varController /Applications/XAMPP/xamppfiles/htdocs/yoyo/ThinkPHP/Common/functions.php 第 1052 行.
NOTIC: [8] Undefined variable: var /Applications/XAMPP/xamppfiles/htdocs/yoyo/ThinkPHP/Common/functions.php 第 1052 行.
NOTIC: [8] Undefined variable: varAction /Applications/XAMPP/xamppfiles/htdocs/yoyo/ThinkPHP/Common/functions.php 第 1052 行.
NOTIC: [8] Undefined variable: module /Applications/XAMPP/xamppfiles/htdocs/yoyo/ThinkPHP/Common/functions.php 第 1052 行.
NOTIC: [8] Undefined variable: var /Applications/XAMPP/xamppfiles/htdocs/yoyo/ThinkPHP/Common/functions.php 第 1052 行.
NOTIC: [8] Undefined variable: varController /Applications/XAMPP/xamppfiles/htdocs/yoyo/ThinkPHP/Common/functions.php 第 1052 行.
NOTIC: [8] Undefined variable: var /Applications/XAMPP/xamppfiles/htdocs/yoyo/ThinkPHP/Common/functions.php 第 1052 行.
NOTIC: [8] Undefined variable: varAction /Applications/XAMPP/xamppfiles/htdocs/yoyo/ThinkPHP/Common/functions.php 第 1052 行.
NOTIC: [8] Undefined variable: module /Applications/XAMPP/xamppfiles/htdocs/yoyo/ThinkPHP/Common/functions.php 第 1052 行.
NOTIC: [8] Undefined variable: var /Applications/XAMPP/xamppfiles/htdocs/yoyo/ThinkPHP/Common/functions.php 第 1052 行.
NOTIC: [8] Undefined variable: varController /Applications/XAMPP/xamppfiles/htdocs/yoyo/ThinkPHP/Common/functions.php 第 1052 行.
NOTIC: [8] Undefined variable: var /Applications/XAMPP/xamppfiles/htdocs/yoyo/ThinkPHP/Common/functions.php 第 1052 行.
NOTIC: [8] Undefined variable: varAction /Applications/XAMPP/xamppfiles/htdocs/yoyo/ThinkPHP/Common/functions.php 第 1052 行.
NOTIC: [8] Undefined variable: module /Applications/XAMPP/xamppfiles/htdocs/yoyo/ThinkPHP/Common/functions.php 第 1052 行.
NOTIC: [8] Undefined variable: var /Applications/XAMPP/xamppfiles/htdocs/yoyo/ThinkPHP/Common/functions.php 第 1052 行.
NOTIC: [8] Undefined variable: varController /Applications/XAMPP/xamppfiles/htdocs/yoyo/ThinkPHP/Common/functions.php 第 1052 行.
NOTIC: [8] Undefined variable: var /Applications/XAMPP/xamppfiles/htdocs/yoyo/ThinkPHP/Common/functions.php 第 1052 行.
NOTIC: [8] Undefined variable: varAction /Applications/XAMPP/xamppfiles/htdocs/yoyo/ThinkPHP/Common/functions.php 第 1052 行.
SQL: SHOW COLUMNS FROM `ocenter_member` [ RunTime:0.005370s ]
SQL: SELECT `reg_time` FROM `ocenter_member` WHERE `uid` = 100 LIMIT 1   [ RunTime:0.000352s ]
SQL: SHOW COLUMNS FROM `ocenter_user_config` [ RunTime:0.005083s ]
SQL: SELECT * FROM `ocenter_user_config` WHERE `uid` = 100 AND `name` = 'user_cover' AND `role_id` = 0 AND `model` = '' LIMIT 1   [ RunTime:0.010305s ]
SQL: SHOW COLUMNS FROM `ocenter_picture` [ RunTime:0.003713s ]
SQL: SELECT * FROM `ocenter_picture` WHERE `status` = 1 AND `id` = null LIMIT 1   [ RunTime:0.000339s ]
NOTIC: [2] unlink(./Runtime/Temp/945c180f3240ad0e35d9eb8beb06401b.php): No such file or directory /Applications/XAMPP/xamppfiles/htdocs/yoyo/ThinkPHP/Library/Think/Cache/Driver/File.class.php 第 157 行.
NOTIC: [2] unlink(./Runtime/Temp/deec309cb1249b5b7776ac8c8f45123b.php): No such file or directory /Applications/XAMPP/xamppfiles/htdocs/yoyo/ThinkPHP/Library/Think/Cache/Driver/File.class.php 第 157 行.
NOTIC: [8] Undefined index: space_url /Applications/XAMPP/xamppfiles/htdocs/yoyo/Runtime/Cache/Question/adc9d5f6c1f0ff9fdd1092e93f1a54e5.php 第 223 行.
NOTIC: [8] Undefined index: score /Applications/XAMPP/xamppfiles/htdocs/yoyo/Runtime/Cache/Question/adc9d5f6c1f0ff9fdd1092e93f1a54e5.php 第 255 行.
NOTIC: [8] Undefined index: score /Applications/XAMPP/xamppfiles/htdocs/yoyo/Runtime/Cache/Question/adc9d5f6c1f0ff9fdd1092e93f1a54e5.php 第 267 行.
NOTIC: [8] Undefined variable: module /Applications/XAMPP/xamppfiles/htdocs/yoyo/ThinkPHP/Common/functions.php 第 1052 行.
NOTIC: [8] Undefined variable: var /Applications/XAMPP/xamppfiles/htdocs/yoyo/ThinkPHP/Common/functions.php 第 1052 行.
NOTIC: [8] Undefined variable: varController /Applications/XAMPP/xamppfiles/htdocs/yoyo/ThinkPHP/Common/functions.php 第 1052 行.
NOTIC: [8] Undefined variable: var /Applications/XAMPP/xamppfiles/htdocs/yoyo/ThinkPHP/Common/functions.php 第 1052 行.
NOTIC: [8] Undefined variable: varAction /Applications/XAMPP/xamppfiles/htdocs/yoyo/ThinkPHP/Common/functions.php 第 1052 行.
NOTIC: [8] Undefined variable: module /Applications/XAMPP/xamppfiles/htdocs/yoyo/ThinkPHP/Common/functions.php 第 1052 行.
NOTIC: [8] Undefined variable: var /Applications/XAMPP/xamppfiles/htdocs/yoyo/ThinkPHP/Common/functions.php 第 1052 行.
NOTIC: [8] Undefined variable: varController /Applications/XAMPP/xamppfiles/htdocs/yoyo/ThinkPHP/Common/functions.php 第 1052 行.
NOTIC: [8] Undefined variable: var /Applications/XAMPP/xamppfiles/htdocs/yoyo/ThinkPHP/Common/functions.php 第 1052 行.
NOTIC: [8] Undefined variable: varAction /Applications/XAMPP/xamppfiles/htdocs/yoyo/ThinkPHP/Common/functions.php 第 1052 行.
SQL: SHOW COLUMNS FROM `ocenter_auth_rule` [ RunTime:0.002489s ]
SQL: SELECT * FROM `ocenter_auth_rule` WHERE `name` = 'Admin/Index/index' AND `status` = 1 LIMIT 1   [ RunTime:0.000400s ]
SQL: SELECT * FROM `ocenter_auth_rule` WHERE `name` = 'Core/Admin/View' AND `status` = 1 LIMIT 1   [ RunTime:0.000581s ]
NOTIC: [8] Undefined variable: sub_menu /Applications/XAMPP/xamppfiles/htdocs/yoyo/Runtime/Cache/Question/adc9d5f6c1f0ff9fdd1092e93f1a54e5.php 第 383 行.
SQL: SELECT `type`,`name`,`value` FROM `ocenter_config` WHERE `status` = 1  [ RunTime:0.000534s ]
NOTIC: [8] Undefined variable: res /Applications/XAMPP/xamppfiles/htdocs/yoyo/Application/Common/Common/role.php 第 147 行.
INFO: [ action_begin ] --START--
INFO: Run Common\Behavior\InitModuleInfoBehavior [ RunTime:0.000013s ]
INFO: [ action_begin ] --END-- [ RunTime:-0.424900s ]
INFO: [ view_parse ] --START--
INFO: [ template_filter ] --START--
INFO: Run Behavior\ContentReplaceBehavior [ RunTime:0.000075s ]
INFO: [ template_filter ] --END-- [ RunTime:-0.216684s ]
NOTIC: [8] Undefined index: icon /Applications/XAMPP/xamppfiles/htdocs/yoyo/Runtime/Cache/Question/7ac86ee1d16e058d630e77679d9f3d59.php 第 4 行.
INFO: Run Behavior\ParseTemplateBehavior [ RunTime:0.042440s ]
INFO: [ view_parse ] --END-- [ RunTime:0.042534s ]
INFO: [ view_filter ] --START--
INFO: Run Behavior\WriteHtmlCacheBehavior [ RunTime:0.001260s ]
INFO: [ view_filter ] --END-- [ RunTime:0.001400s ]
SQL: SELECT `type`,`name`,`value` FROM `ocenter_config` WHERE `status` = 1  [ RunTime:0.008900s ]
NOTIC: [8] Undefined variable: res /Applications/XAMPP/xamppfiles/htdocs/yoyo/Application/Common/Common/role.php 第 147 行.
INFO: [ action_begin ] --START--
INFO: Run Common\Behavior\InitModuleInfoBehavior [ RunTime:0.000011s ]
INFO: [ action_begin ] --END-- [ RunTime:-0.491905s ]
NOTIC: [2] Missing argument 1 for Common\Widget\SuperLinksWidget::superLinks() /Applications/XAMPP/xamppfiles/htdocs/yoyo/Application/Common/Widget/SuperLinksWidget.class.php 第 15 行.
SQL: SHOW COLUMNS FROM `ocenter_super_links` [ RunTime:0.003861s ]
SQL: SELECT * FROM `ocenter_super_links` WHERE ( status = 1 ) ORDER BY level desc,id asc  [ RunTime:0.001842s ]
NOTIC: [2] Invalid argument supplied for foreach() /Applications/XAMPP/xamppfiles/htdocs/yoyo/Application/Common/Model/SuperLinksModel.class.php 第 37 行.
NOTIC: [8] Undefined variable: data /Applications/XAMPP/xamppfiles/htdocs/yoyo/Application/Common/Model/SuperLinksModel.class.php 第 48 行.
NOTIC: [8] Undefined variable: param /Applications/XAMPP/xamppfiles/htdocs/yoyo/Application/Common/Widget/SuperLinksWidget.class.php 第 19 行.
INFO: [ view_parse ] --START--
INFO: [ template_filter ] --START--
INFO: Run Behavior\ContentReplaceBehavior [ RunTime:0.000191s ]
INFO: [ template_filter ] --END-- [ RunTime:-0.266229s ]
INFO: Run Behavior\ParseTemplateBehavior [ RunTime:0.010293s ]
INFO: [ view_parse ] --END-- [ RunTime:-0.032003s ]
INFO: [ view_filter ] --START--
INFO: Run Behavior\WriteHtmlCacheBehavior [ RunTime:0.000012s ]
INFO: [ view_filter ] --END-- [ RunTime:-0.040950s ]
SQL: SELECT `value` FROM `ocenter_config` WHERE `name` = '_CONFIG_QRCODE_BOTTOM' LIMIT 1   [ RunTime:0.002042s ]
NOTIC: [8] Undefined variable: site /Applications/XAMPP/xamppfiles/htdocs/yoyo/Runtime/Cache/Question/adc9d5f6c1f0ff9fdd1092e93f1a54e5.php 第 553 行.
INFO: [ pageFooter ] --START--
INFO: Run Addons\SuperLinks\SuperLinksAddon [ RunTime:0.000557s ]
INFO: [ pageFooter ] --END-- [ RunTime:0.000620s ]
SQL: SELECT `type`,`name`,`value` FROM `ocenter_config` WHERE `status` = 1  [ RunTime:0.000590s ]
NOTIC: [8] Undefined variable: res /Applications/XAMPP/xamppfiles/htdocs/yoyo/Application/Common/Common/role.php 第 147 行.
INFO: [ action_begin ] --START--
INFO: Run Common\Behavior\InitModuleInfoBehavior [ RunTime:0.000010s ]
INFO: [ action_begin ] --END-- [ RunTime:-0.608949s ]
SQL: SELECT `type`,`name`,`value` FROM `ocenter_config` WHERE `status` = 1  [ RunTime:0.000745s ]
NOTIC: [8] Undefined variable: res /Applications/XAMPP/xamppfiles/htdocs/yoyo/Application/Common/Common/role.php 第 147 行.
INFO: [ action_begin ] --START--
INFO: Run Common\Behavior\InitModuleInfoBehavior [ RunTime:0.000026s ]
INFO: [ action_begin ] --END-- [ RunTime:-0.614333s ]
INFO: [ view_parse ] --START--
INFO: [ template_filter ] --START--
INFO: Run Behavior\ContentReplaceBehavior [ RunTime:0.000114s ]
INFO: [ template_filter ] --END-- [ RunTime:-0.375801s ]
INFO: Run Behavior\ParseTemplateBehavior [ RunTime:0.003442s ]
INFO: [ view_parse ] --END-- [ RunTime:-0.146944s ]
INFO: [ view_filter ] --START--
INFO: Run Behavior\WriteHtmlCacheBehavior [ RunTime:0.000033s ]
INFO: [ view_filter ] --END-- [ RunTime:-0.149140s ]
INFO: Run Behavior\ParseTemplateBehavior [ RunTime:0.004212s ]
INFO: [ view_parse ] --END-- [ RunTime:-0.146944s ]
INFO: [ view_filter ] --START--
INFO: Run Behavior\WriteHtmlCacheBehavior [ RunTime:0.000027s ]
INFO: [ view_filter ] --END-- [ RunTime:-0.149887s ]
INFO: [ app_end ] --START--
INFO: Run Behavior\ShowPageTraceBehavior [ RunTime:0.001434s ]
INFO: [ app_end ] --END-- [ RunTime:0.002179s ]

[ 2017-10-29T21:56:37+08:00 ] 127.0.0.1 /yoyo/question/index/questions.html
INFO: [ app_init ] --START--
INFO: Run Behavior\BuildLiteBehavior [ RunTime:0.000030s ]
INFO: Run Common\Behavior\InitHookBehavior [ RunTime:0.003371s ]
INFO: [ app_init ] --END-- [ RunTime:0.003614s ]
NOTIC: [8] Undefined index: router /Applications/XAMPP/xamppfiles/htdocs/yoyo/Application/Common/Common/function.php 第 1936 行.
NOTIC: [8] Undefined index: router /Applications/XAMPP/xamppfiles/htdocs/yoyo/Application/Common/Common/function.php 第 1936 行.
NOTIC: [8] Undefined index: router /Applications/XAMPP/xamppfiles/htdocs/yoyo/Application/Common/Common/function.php 第 1936 行.
NOTIC: [8] Undefined index: router /Applications/XAMPP/xamppfiles/htdocs/yoyo/Application/Common/Common/function.php 第 1936 行.
NOTIC: [8] Undefined index: router /Applications/XAMPP/xamppfiles/htdocs/yoyo/Application/Common/Common/function.php 第 1936 行.
NOTIC: [8] Undefined index: router /Applications/XAMPP/xamppfiles/htdocs/yoyo/Application/Common/Common/function.php 第 1936 行.
SQL: SHOW COLUMNS FROM `ocenter_config` [ RunTime:0.003002s ]
SQL: SELECT `type`,`name`,`value` FROM `ocenter_config` WHERE `status` = 1  [ RunTime:0.000654s ]
INFO: [ app_begin ] --START--
INFO: Run Behavior\ReadHtmlCacheBehavior [ RunTime:0.000468s ]
INFO: Run Behavior\CheckLangBehavior [ RunTime:0.017013s ]
INFO: [ app_begin ] --END-- [ RunTime:0.017602s ]
NOTIC: [8192] mysql_connect(): The mysql extension is deprecated and will be removed in the future: use mysqli or PDO instead /Applications/XAMPP/xamppfiles/htdocs/yoyo/ThinkPHP/Library/Think/Session/Driver/Db.class.php 第 95 行.
SQL: SHOW COLUMNS FROM `ocenter_module` [ RunTime:0.005958s ]
SQL: SELECT `type`,`name`,`value` FROM `ocenter_config` WHERE `status` = 1  [ RunTime:0.001197s ]
NOTIC: [8] Undefined variable: res /Applications/XAMPP/xamppfiles/htdocs/yoyo/Application/Common/Common/role.php 第 147 行.
INFO: [ action_begin ] --START--
INFO: Run Common\Behavior\InitModuleInfoBehavior [ RunTime:0.000217s ]
INFO: [ action_begin ] --END-- [ RunTime:0.000278s ]
SQL: SHOW COLUMNS FROM `ocenter_question` [ RunTime:0.006967s ]
SQL: SHOW COLUMNS FROM `ocenter_question_answer` [ RunTime:0.005551s ]
SQL: SHOW COLUMNS FROM `ocenter_question_category` [ RunTime:0.002378s ]
SQL: SHOW COLUMNS FROM `ocenter_question_support` [ RunTime:0.005915s ]
SQL: SELECT * FROM `ocenter_question_category` WHERE `status` = 1 AND `pid` = 0 ORDER BY sort asc  [ RunTime:0.001020s ]
SQL: SELECT * FROM `ocenter_question_category` WHERE `status` = 1 AND `pid` = 1 ORDER BY sort asc  [ RunTime:0.000726s ]
SQL: SHOW COLUMNS FROM `ocenter_question_topic` [ RunTime:0.006059s ]
SQL: SELECT * FROM `ocenter_question_topic` WHERE `status` = 1 ORDER BY num desc LIMIT 20   [ RunTime:0.000466s ]
SQL: SELECT `title` FROM `ocenter_question_category` WHERE ( id=0 )  [ RunTime:0.000299s ]
SQL: SELECT COUNT(*) AS tp_count FROM `ocenter_question` WHERE `topic_id` like '0,%'or topic_id like '%,0,%' or topic_id like '%,0' AND `status` = 1 LIMIT 1   [ RunTime:0.000328s ]
NOTIC: [8] Undefined variable: list /Applications/XAMPP/xamppfiles/htdocs/yoyo/Application/Question/Model/QuestionModel.class.php 第 68 行.
NOTIC: [2] Invalid argument supplied for foreach() /Applications/XAMPP/xamppfiles/htdocs/yoyo/Application/Question/Controller/IndexController.class.php 第 559 行.
INFO: [ view_parse ] --START--
INFO: [ template_filter ] --START--
INFO: Run Behavior\ContentReplaceBehavior [ RunTime:0.002042s ]
INFO: [ template_filter ] --END-- [ RunTime:0.002157s ]
INFO: [ syncMeta ] --START--
INFO: Run Addons\SyncLogin\SyncLoginAddon [ RunTime:0.001784s ]
INFO: [ syncMeta ] --END-- [ RunTime:0.001889s ]
SQL: SHOW COLUMNS FROM `ocenter_seo_rule` [ RunTime:0.003963s ]
SQL: SELECT `type`,`name`,`value` FROM `ocenter_config` WHERE `status` = 1  [ RunTime:0.000556s ]
SQL: SHOW COLUMNS FROM `ocenter_pushing` [ RunTime:0.002606s ]
ERR: 1146:Table 'yoyobit.ocenter_pushing' doesn't exist
 [ SQL语句 ] : SHOW COLUMNS FROM `ocenter_pushing`
SQL: SHOW COLUMNS FROM `ocenter_member` [ RunTime:0.006083s ]
SQL: SHOW COLUMNS FROM `ocenter_channel` [ RunTime:0.002187s ]
NOTIC: [8] Undefined index: _ /Applications/XAMPP/xamppfiles/htdocs/yoyo/Runtime/Cache/Question/adc9d5f6c1f0ff9fdd1092e93f1a54e5.php 第 150 行.
NOTIC: [8] Undefined index: _ /Applications/XAMPP/xamppfiles/htdocs/yoyo/Runtime/Cache/Question/adc9d5f6c1f0ff9fdd1092e93f1a54e5.php 第 150 行.
NOTIC: [8] Undefined index: _ /Applications/XAMPP/xamppfiles/htdocs/yoyo/Runtime/Cache/Question/adc9d5f6c1f0ff9fdd1092e93f1a54e5.php 第 150 行.
NOTIC: [8] Undefined variable: module /Applications/XAMPP/xamppfiles/htdocs/yoyo/ThinkPHP/Common/functions.php 第 1052 行.
NOTIC: [8] Undefined variable: var /Applications/XAMPP/xamppfiles/htdocs/yoyo/ThinkPHP/Common/functions.php 第 1052 行.
NOTIC: [8] Undefined variable: varController /Applications/XAMPP/xamppfiles/htdocs/yoyo/ThinkPHP/Common/functions.php 第 1052 行.
NOTIC: [8] Undefined variable: var /Applications/XAMPP/xamppfiles/htdocs/yoyo/ThinkPHP/Common/functions.php 第 1052 行.
NOTIC: [8] Undefined variable: varAction /Applications/XAMPP/xamppfiles/htdocs/yoyo/ThinkPHP/Common/functions.php 第 1052 行.
NOTIC: [8] Undefined index: _ /Applications/XAMPP/xamppfiles/htdocs/yoyo/Runtime/Cache/Question/adc9d5f6c1f0ff9fdd1092e93f1a54e5.php 第 150 行.
NOTIC: [8] Undefined index: _ /Applications/XAMPP/xamppfiles/htdocs/yoyo/Runtime/Cache/Question/adc9d5f6c1f0ff9fdd1092e93f1a54e5.php 第 150 行.
NOTIC: [8] Undefined variable: module /Applications/XAMPP/xamppfiles/htdocs/yoyo/ThinkPHP/Common/functions.php 第 1052 行.
NOTIC: [8] Undefined variable: var /Applications/XAMPP/xamppfiles/htdocs/yoyo/ThinkPHP/Common/functions.php 第 1052 行.
NOTIC: [8] Undefined variable: varController /Applications/XAMPP/xamppfiles/htdocs/yoyo/ThinkPHP/Common/functions.php 第 1052 行.
NOTIC: [8] Undefined variable: var /Applications/XAMPP/xamppfiles/htdocs/yoyo/ThinkPHP/Common/functions.php 第 1052 行.
NOTIC: [8] Undefined variable: varAction /Applications/XAMPP/xamppfiles/htdocs/yoyo/ThinkPHP/Common/functions.php 第 1052 行.
NOTIC: [8] Undefined variable: module /Applications/XAMPP/xamppfiles/htdocs/yoyo/ThinkPHP/Common/functions.php 第 1052 行.
NOTIC: [8] Undefined variable: var /Applications/XAMPP/xamppfiles/htdocs/yoyo/ThinkPHP/Common/functions.php 第 1052 行.
NOTIC: [8] Undefined variable: varController /Applications/XAMPP/xamppfiles/htdocs/yoyo/ThinkPHP/Common/functions.php 第 1052 行.
NOTIC: [8] Undefined variable: var /Applications/XAMPP/xamppfiles/htdocs/yoyo/ThinkPHP/Common/functions.php 第 1052 行.
NOTIC: [8] Undefined variable: varAction /Applications/XAMPP/xamppfiles/htdocs/yoyo/ThinkPHP/Common/functions.php 第 1052 行.
NOTIC: [8] Undefined variable: module /Applications/XAMPP/xamppfiles/htdocs/yoyo/ThinkPHP/Common/functions.php 第 1052 行.
NOTIC: [8] Undefined variable: var /Applications/XAMPP/xamppfiles/htdocs/yoyo/ThinkPHP/Common/functions.php 第 1052 行.
NOTIC: [8] Undefined variable: varController /Applications/XAMPP/xamppfiles/htdocs/yoyo/ThinkPHP/Common/functions.php 第 1052 行.
NOTIC: [8] Undefined variable: var /Applications/XAMPP/xamppfiles/htdocs/yoyo/ThinkPHP/Common/functions.php 第 1052 行.
NOTIC: [8] Undefined variable: varAction /Applications/XAMPP/xamppfiles/htdocs/yoyo/ThinkPHP/Common/functions.php 第 1052 行.
NOTIC: [8] Undefined variable: module /Applications/XAMPP/xamppfiles/htdocs/yoyo/ThinkPHP/Common/functions.php 第 1052 行.
NOTIC: [8] Undefined variable: var /Applications/XAMPP/xamppfiles/htdocs/yoyo/ThinkPHP/Common/functions.php 第 1052 行.
NOTIC: [8] Undefined variable: varController /Applications/XAMPP/xamppfiles/htdocs/yoyo/ThinkPHP/Common/functions.php 第 1052 行.
NOTIC: [8] Undefined variable: var /Applications/XAMPP/xamppfiles/htdocs/yoyo/ThinkPHP/Common/functions.php 第 1052 行.
NOTIC: [8] Undefined variable: varAction /Applications/XAMPP/xamppfiles/htdocs/yoyo/ThinkPHP/Common/functions.php 第 1052 行.
SQL: SHOW COLUMNS FROM `ocenter_member` [ RunTime:0.003907s ]
SQL: SELECT `reg_time` FROM `ocenter_member` WHERE `uid` = 100 LIMIT 1   [ RunTime:0.001184s ]
SQL: SHOW COLUMNS FROM `ocenter_user_config` [ RunTime:0.002275s ]
SQL: SELECT * FROM `ocenter_user_config` WHERE `uid` = 100 AND `name` = 'user_cover' AND `role_id` = 0 AND `model` = '' LIMIT 1   [ RunTime:0.000304s ]
SQL: SHOW COLUMNS FROM `ocenter_picture` [ RunTime:0.001824s ]
SQL: SELECT * FROM `ocenter_picture` WHERE `status` = 1 AND `id` = null LIMIT 1   [ RunTime:0.001233s ]
NOTIC: [2] unlink(./Runtime/Temp/945c180f3240ad0e35d9eb8beb06401b.php): No such file or directory /Applications/XAMPP/xamppfiles/htdocs/yoyo/ThinkPHP/Library/Think/Cache/Driver/File.class.php 第 157 行.
NOTIC: [2] unlink(./Runtime/Temp/deec309cb1249b5b7776ac8c8f45123b.php): No such file or directory /Applications/XAMPP/xamppfiles/htdocs/yoyo/ThinkPHP/Library/Think/Cache/Driver/File.class.php 第 157 行.
NOTIC: [8] Undefined index: space_url /Applications/XAMPP/xamppfiles/htdocs/yoyo/Runtime/Cache/Question/adc9d5f6c1f0ff9fdd1092e93f1a54e5.php 第 223 行.
NOTIC: [8] Undefined index: score /Applications/XAMPP/xamppfiles/htdocs/yoyo/Runtime/Cache/Question/adc9d5f6c1f0ff9fdd1092e93f1a54e5.php 第 255 行.
NOTIC: [8] Undefined index: score /Applications/XAMPP/xamppfiles/htdocs/yoyo/Runtime/Cache/Question/adc9d5f6c1f0ff9fdd1092e93f1a54e5.php 第 267 行.
NOTIC: [8] Undefined variable: module /Applications/XAMPP/xamppfiles/htdocs/yoyo/ThinkPHP/Common/functions.php 第 1052 行.
NOTIC: [8] Undefined variable: var /Applications/XAMPP/xamppfiles/htdocs/yoyo/ThinkPHP/Common/functions.php 第 1052 行.
NOTIC: [8] Undefined variable: varController /Applications/XAMPP/xamppfiles/htdocs/yoyo/ThinkPHP/Common/functions.php 第 1052 行.
NOTIC: [8] Undefined variable: var /Applications/XAMPP/xamppfiles/htdocs/yoyo/ThinkPHP/Common/functions.php 第 1052 行.
NOTIC: [8] Undefined variable: varAction /Applications/XAMPP/xamppfiles/htdocs/yoyo/ThinkPHP/Common/functions.php 第 1052 行.
NOTIC: [8] Undefined variable: module /Applications/XAMPP/xamppfiles/htdocs/yoyo/ThinkPHP/Common/functions.php 第 1052 行.
NOTIC: [8] Undefined variable: var /Applications/XAMPP/xamppfiles/htdocs/yoyo/ThinkPHP/Common/functions.php 第 1052 行.
NOTIC: [8] Undefined variable: varController /Applications/XAMPP/xamppfiles/htdocs/yoyo/ThinkPHP/Common/functions.php 第 1052 行.
NOTIC: [8] Undefined variable: var /Applications/XAMPP/xamppfiles/htdocs/yoyo/ThinkPHP/Common/functions.php 第 1052 行.
NOTIC: [8] Undefined variable: varAction /Applications/XAMPP/xamppfiles/htdocs/yoyo/ThinkPHP/Common/functions.php 第 1052 行.
SQL: SHOW COLUMNS FROM `ocenter_auth_rule` [ RunTime:0.001856s ]
SQL: SELECT * FROM `ocenter_auth_rule` WHERE `name` = 'Admin/Index/index' AND `status` = 1 LIMIT 1   [ RunTime:0.000422s ]
SQL: SELECT * FROM `ocenter_auth_rule` WHERE `name` = 'Core/Admin/View' AND `status` = 1 LIMIT 1   [ RunTime:0.000577s ]
NOTIC: [8] Undefined variable: sub_menu /Applications/XAMPP/xamppfiles/htdocs/yoyo/Runtime/Cache/Question/adc9d5f6c1f0ff9fdd1092e93f1a54e5.php 第 383 行.
SQL: SELECT `type`,`name`,`value` FROM `ocenter_config` WHERE `status` = 1  [ RunTime:0.000562s ]
NOTIC: [8] Undefined variable: res /Applications/XAMPP/xamppfiles/htdocs/yoyo/Application/Common/Common/role.php 第 147 行.
INFO: [ action_begin ] --START--
INFO: Run Common\Behavior\InitModuleInfoBehavior [ RunTime:0.000011s ]
INFO: [ action_begin ] --END-- [ RunTime:-0.206849s ]
INFO: [ view_parse ] --START--
INFO: [ template_filter ] --START--
INFO: Run Behavior\ContentReplaceBehavior [ RunTime:0.000067s ]
INFO: [ template_filter ] --END-- [ RunTime:-0.136190s ]
NOTIC: [8] Undefined index: icon /Applications/XAMPP/xamppfiles/htdocs/yoyo/Runtime/Cache/Question/7ac86ee1d16e058d630e77679d9f3d59.php 第 4 行.
INFO: Run Behavior\ParseTemplateBehavior [ RunTime:0.045602s ]
INFO: [ view_parse ] --END-- [ RunTime:0.045653s ]
INFO: [ view_filter ] --START--
INFO: Run Behavior\WriteHtmlCacheBehavior [ RunTime:0.001837s ]
INFO: [ view_filter ] --END-- [ RunTime:0.001895s ]
SQL: SELECT `type`,`name`,`value` FROM `ocenter_config` WHERE `status` = 1  [ RunTime:0.006260s ]
NOTIC: [8] Undefined variable: res /Applications/XAMPP/xamppfiles/htdocs/yoyo/Application/Common/Common/role.php 第 147 行.
INFO: [ action_begin ] --START--
INFO: Run Common\Behavior\InitModuleInfoBehavior [ RunTime:0.000011s ]
INFO: [ action_begin ] --END-- [ RunTime:-0.285365s ]
NOTIC: [2] Missing argument 1 for Common\Widget\SuperLinksWidget::superLinks() /Applications/XAMPP/xamppfiles/htdocs/yoyo/Application/Common/Widget/SuperLinksWidget.class.php 第 15 行.
SQL: SHOW COLUMNS FROM `ocenter_super_links` [ RunTime:0.027989s ]
SQL: SELECT * FROM `ocenter_super_links` WHERE ( status = 1 ) ORDER BY level desc,id asc  [ RunTime:0.000390s ]
NOTIC: [2] Invalid argument supplied for foreach() /Applications/XAMPP/xamppfiles/htdocs/yoyo/Application/Common/Model/SuperLinksModel.class.php 第 37 行.
NOTIC: [8] Undefined variable: data /Applications/XAMPP/xamppfiles/htdocs/yoyo/Application/Common/Model/SuperLinksModel.class.php 第 48 行.
NOTIC: [8] Undefined variable: param /Applications/XAMPP/xamppfiles/htdocs/yoyo/Application/Common/Widget/SuperLinksWidget.class.php 第 19 行.
INFO: [ view_parse ] --START--
INFO: [ template_filter ] --START--
INFO: Run Behavior\ContentReplaceBehavior [ RunTime:0.000156s ]
INFO: [ template_filter ] --END-- [ RunTime:-0.232649s ]
INFO: Run Behavior\ParseTemplateBehavior [ RunTime:0.025060s ]
INFO: [ view_parse ] --END-- [ RunTime:-0.061985s ]
INFO: [ view_filter ] --START--
INFO: Run Behavior\WriteHtmlCacheBehavior [ RunTime:0.000031s ]
INFO: [ view_filter ] --END-- [ RunTime:-0.085286s ]
SQL: SELECT `value` FROM `ocenter_config` WHERE `name` = '_CONFIG_QRCODE_BOTTOM' LIMIT 1   [ RunTime:0.001238s ]
NOTIC: [8] Undefined variable: site /Applications/XAMPP/xamppfiles/htdocs/yoyo/Runtime/Cache/Question/adc9d5f6c1f0ff9fdd1092e93f1a54e5.php 第 553 行.
INFO: [ pageFooter ] --START--
INFO: Run Addons\SuperLinks\SuperLinksAddon [ RunTime:0.002193s ]
INFO: [ pageFooter ] --END-- [ RunTime:0.002443s ]
SQL: SELECT `type`,`name`,`value` FROM `ocenter_config` WHERE `status` = 1  [ RunTime:0.000740s ]
NOTIC: [8] Undefined variable: res /Applications/XAMPP/xamppfiles/htdocs/yoyo/Application/Common/Common/role.php 第 147 行.
INFO: [ action_begin ] --START--
INFO: Run Common\Behavior\InitModuleInfoBehavior [ RunTime:0.000012s ]
INFO: [ action_begin ] --END-- [ RunTime:-0.351627s ]
SQL: SELECT `type`,`name`,`value` FROM `ocenter_config` WHERE `status` = 1  [ RunTime:0.000574s ]
NOTIC: [8] Undefined variable: res /Applications/XAMPP/xamppfiles/htdocs/yoyo/Application/Common/Common/role.php 第 147 行.
INFO: [ action_begin ] --START--
INFO: Run Common\Behavior\InitModuleInfoBehavior [ RunTime:0.000011s ]
INFO: [ action_begin ] --END-- [ RunTime:-0.354394s ]
INFO: [ view_parse ] --START--
INFO: [ template_filter ] --START--
INFO: Run Behavior\ContentReplaceBehavior [ RunTime:0.000089s ]
INFO: [ template_filter ] --END-- [ RunTime:-0.253461s ]
INFO: Run Behavior\ParseTemplateBehavior [ RunTime:0.003214s ]
INFO: [ view_parse ] --END-- [ RunTime:-0.101728s ]
INFO: [ view_filter ] --START--
INFO: Run Behavior\WriteHtmlCacheBehavior [ RunTime:0.000028s ]
INFO: [ view_filter ] --END-- [ RunTime:-0.103209s ]
INFO: Run Behavior\ParseTemplateBehavior [ RunTime:0.003929s ]
INFO: [ view_parse ] --END-- [ RunTime:-0.101728s ]
INFO: [ view_filter ] --START--
INFO: Run Behavior\WriteHtmlCacheBehavior [ RunTime:0.000016s ]
INFO: [ view_filter ] --END-- [ RunTime:-0.103915s ]
INFO: [ app_end ] --START--
INFO: Run Behavior\ShowPageTraceBehavior [ RunTime:0.003375s ]
INFO: [ app_end ] --END-- [ RunTime:0.003522s ]

[ 2017-10-29T21:56:39+08:00 ] 127.0.0.1 /yoyo/question/index/questions/category/1.html
INFO: [ app_init ] --START--
INFO: Run Behavior\BuildLiteBehavior [ RunTime:0.000027s ]
INFO: Run Common\Behavior\InitHookBehavior [ RunTime:0.002389s ]
INFO: [ app_init ] --END-- [ RunTime:0.002554s ]
NOTIC: [8] Undefined index: router /Applications/XAMPP/xamppfiles/htdocs/yoyo/Application/Common/Common/function.php 第 1936 行.
NOTIC: [8] Undefined index: router /Applications/XAMPP/xamppfiles/htdocs/yoyo/Application/Common/Common/function.php 第 1936 行.
NOTIC: [8] Undefined index: router /Applications/XAMPP/xamppfiles/htdocs/yoyo/Application/Common/Common/function.php 第 1936 行.
NOTIC: [8] Undefined index: router /Applications/XAMPP/xamppfiles/htdocs/yoyo/Application/Common/Common/function.php 第 1936 行.
NOTIC: [8] Undefined index: router /Applications/XAMPP/xamppfiles/htdocs/yoyo/Application/Common/Common/function.php 第 1936 行.
NOTIC: [8] Undefined index: router /Applications/XAMPP/xamppfiles/htdocs/yoyo/Application/Common/Common/function.php 第 1936 行.
SQL: SHOW COLUMNS FROM `ocenter_config` [ RunTime:0.004855s ]
SQL: SELECT `type`,`name`,`value` FROM `ocenter_config` WHERE `status` = 1  [ RunTime:0.001440s ]
INFO: [ app_begin ] --START--
INFO: Run Behavior\ReadHtmlCacheBehavior [ RunTime:0.000607s ]
INFO: Run Behavior\CheckLangBehavior [ RunTime:0.029879s ]
INFO: [ app_begin ] --END-- [ RunTime:0.030694s ]
NOTIC: [8192] mysql_connect(): The mysql extension is deprecated and will be removed in the future: use mysqli or PDO instead /Applications/XAMPP/xamppfiles/htdocs/yoyo/ThinkPHP/Library/Think/Session/Driver/Db.class.php 第 95 行.
SQL: SHOW COLUMNS FROM `ocenter_module` [ RunTime:0.005809s ]
SQL: SELECT `type`,`name`,`value` FROM `ocenter_config` WHERE `status` = 1  [ RunTime:0.001335s ]
NOTIC: [8] Undefined variable: res /Applications/XAMPP/xamppfiles/htdocs/yoyo/Application/Common/Common/role.php 第 147 行.
INFO: [ action_begin ] --START--
INFO: Run Common\Behavior\InitModuleInfoBehavior [ RunTime:0.000262s ]
INFO: [ action_begin ] --END-- [ RunTime:0.000321s ]
SQL: SHOW COLUMNS FROM `ocenter_question` [ RunTime:0.003877s ]
SQL: SHOW COLUMNS FROM `ocenter_question_answer` [ RunTime:0.004840s ]
SQL: SHOW COLUMNS FROM `ocenter_question_category` [ RunTime:0.004734s ]
SQL: SHOW COLUMNS FROM `ocenter_question_support` [ RunTime:0.004408s ]
SQL: SELECT * FROM `ocenter_question_category` WHERE `status` = 1 AND `pid` = 0 ORDER BY sort asc  [ RunTime:0.000843s ]
SQL: SELECT * FROM `ocenter_question_category` WHERE `status` = 1 AND `pid` = 1 ORDER BY sort asc  [ RunTime:0.000508s ]
SQL: SHOW COLUMNS FROM `ocenter_question_topic` [ RunTime:0.003747s ]
SQL: SELECT * FROM `ocenter_question_topic` WHERE `status` = 1 ORDER BY num desc LIMIT 20   [ RunTime:0.001279s ]
SQL: SELECT `id`,`title`,`pid`,`sort`,`status` FROM `ocenter_question_category` WHERE `pid` = 1 ORDER BY sort asc  [ RunTime:0.000443s ]
NOTIC: [2] array_column() expects parameter 1 to be array, null given /Applications/XAMPP/xamppfiles/htdocs/yoyo/Application/Question/Controller/IndexController.class.php 第 206 行.
NOTIC: [2] array_merge(): Argument #2 is not an array /Applications/XAMPP/xamppfiles/htdocs/yoyo/Application/Question/Controller/IndexController.class.php 第 207 行.
NOTIC: [8] Undefined variable: aTopic /Applications/XAMPP/xamppfiles/htdocs/yoyo/Application/Question/Controller/IndexController.class.php 第 215 行.
SQL: SELECT `title` FROM `ocenter_question_category` WHERE ( id=1 )  [ RunTime:0.000239s ]
NOTIC: [2] implode(): Invalid arguments passed /Applications/XAMPP/xamppfiles/htdocs/yoyo/ThinkPHP/Library/Think/Db.class.php 第 497 行.
SQL: SELECT COUNT(*) AS tp_count FROM `ocenter_question` WHERE `category` IN () AND `status` = 1 LIMIT 1   [ RunTime:0.000102s ]
ERR: 1064:You have an error in your SQL syntax; check the manual that corresponds to your MariaDB server version for the right syntax to use near ') AND `status` = 1 LIMIT 1' at line 1
 [ SQL语句 ] : SELECT COUNT(*) AS tp_count FROM `ocenter_question` WHERE `category` IN () AND `status` = 1 LIMIT 1  
NOTIC: [8] Undefined variable: list /Applications/XAMPP/xamppfiles/htdocs/yoyo/Application/Question/Model/QuestionModel.class.php 第 68 行.
NOTIC: [2] Invalid argument supplied for foreach() /Applications/XAMPP/xamppfiles/htdocs/yoyo/Application/Question/Controller/IndexController.class.php 第 559 行.
INFO: [ view_parse ] --START--
INFO: [ template_filter ] --START--
INFO: Run Behavior\ContentReplaceBehavior [ RunTime:0.000417s ]
INFO: [ template_filter ] --END-- [ RunTime:0.000501s ]
INFO: [ syncMeta ] --START--
INFO: Run Addons\SyncLogin\SyncLoginAddon [ RunTime:0.001128s ]
INFO: [ syncMeta ] --END-- [ RunTime:0.001212s ]
SQL: SHOW COLUMNS FROM `ocenter_seo_rule` [ RunTime:0.003652s ]
SQL: SELECT `type`,`name`,`value` FROM `ocenter_config` WHERE `status` = 1  [ RunTime:0.000579s ]
SQL: SHOW COLUMNS FROM `ocenter_pushing` [ RunTime:0.002054s ]
ERR: 1146:Table 'yoyobit.ocenter_pushing' doesn't exist
 [ SQL语句 ] : SHOW COLUMNS FROM `ocenter_pushing`
SQL: SHOW COLUMNS FROM `ocenter_member` [ RunTime:0.003873s ]
SQL: SHOW COLUMNS FROM `ocenter_channel` [ RunTime:0.003722s ]
NOTIC: [8] Undefined index: _ /Applications/XAMPP/xamppfiles/htdocs/yoyo/Runtime/Cache/Question/adc9d5f6c1f0ff9fdd1092e93f1a54e5.php 第 150 行.
NOTIC: [8] Undefined index: _ /Applications/XAMPP/xamppfiles/htdocs/yoyo/Runtime/Cache/Question/adc9d5f6c1f0ff9fdd1092e93f1a54e5.php 第 150 行.
NOTIC: [8] Undefined index: _ /Applications/XAMPP/xamppfiles/htdocs/yoyo/Runtime/Cache/Question/adc9d5f6c1f0ff9fdd1092e93f1a54e5.php 第 150 行.
NOTIC: [8] Undefined variable: module /Applications/XAMPP/xamppfiles/htdocs/yoyo/ThinkPHP/Common/functions.php 第 1052 行.
NOTIC: [8] Undefined variable: var /Applications/XAMPP/xamppfiles/htdocs/yoyo/ThinkPHP/Common/functions.php 第 1052 行.
NOTIC: [8] Undefined variable: varController /Applications/XAMPP/xamppfiles/htdocs/yoyo/ThinkPHP/Common/functions.php 第 1052 行.
NOTIC: [8] Undefined variable: var /Applications/XAMPP/xamppfiles/htdocs/yoyo/ThinkPHP/Common/functions.php 第 1052 行.
NOTIC: [8] Undefined variable: varAction /Applications/XAMPP/xamppfiles/htdocs/yoyo/ThinkPHP/Common/functions.php 第 1052 行.
NOTIC: [8] Undefined index: _ /Applications/XAMPP/xamppfiles/htdocs/yoyo/Runtime/Cache/Question/adc9d5f6c1f0ff9fdd1092e93f1a54e5.php 第 150 行.
NOTIC: [8] Undefined index: _ /Applications/XAMPP/xamppfiles/htdocs/yoyo/Runtime/Cache/Question/adc9d5f6c1f0ff9fdd1092e93f1a54e5.php 第 150 行.
NOTIC: [8] Undefined variable: module /Applications/XAMPP/xamppfiles/htdocs/yoyo/ThinkPHP/Common/functions.php 第 1052 行.
NOTIC: [8] Undefined variable: var /Applications/XAMPP/xamppfiles/htdocs/yoyo/ThinkPHP/Common/functions.php 第 1052 行.
NOTIC: [8] Undefined variable: varController /Applications/XAMPP/xamppfiles/htdocs/yoyo/ThinkPHP/Common/functions.php 第 1052 行.
NOTIC: [8] Undefined variable: var /Applications/XAMPP/xamppfiles/htdocs/yoyo/ThinkPHP/Common/functions.php 第 1052 行.
NOTIC: [8] Undefined variable: varAction /Applications/XAMPP/xamppfiles/htdocs/yoyo/ThinkPHP/Common/functions.php 第 1052 行.
NOTIC: [8] Undefined variable: module /Applications/XAMPP/xamppfiles/htdocs/yoyo/ThinkPHP/Common/functions.php 第 1052 行.
NOTIC: [8] Undefined variable: var /Applications/XAMPP/xamppfiles/htdocs/yoyo/ThinkPHP/Common/functions.php 第 1052 行.
NOTIC: [8] Undefined variable: varController /Applications/XAMPP/xamppfiles/htdocs/yoyo/ThinkPHP/Common/functions.php 第 1052 行.
NOTIC: [8] Undefined variable: var /Applications/XAMPP/xamppfiles/htdocs/yoyo/ThinkPHP/Common/functions.php 第 1052 行.
NOTIC: [8] Undefined variable: varAction /Applications/XAMPP/xamppfiles/htdocs/yoyo/ThinkPHP/Common/functions.php 第 1052 行.
NOTIC: [8] Undefined variable: module /Applications/XAMPP/xamppfiles/htdocs/yoyo/ThinkPHP/Common/functions.php 第 1052 行.
NOTIC: [8] Undefined variable: var /Applications/XAMPP/xamppfiles/htdocs/yoyo/ThinkPHP/Common/functions.php 第 1052 行.
NOTIC: [8] Undefined variable: varController /Applications/XAMPP/xamppfiles/htdocs/yoyo/ThinkPHP/Common/functions.php 第 1052 行.
NOTIC: [8] Undefined variable: var /Applications/XAMPP/xamppfiles/htdocs/yoyo/ThinkPHP/Common/functions.php 第 1052 行.
NOTIC: [8] Undefined variable: varAction /Applications/XAMPP/xamppfiles/htdocs/yoyo/ThinkPHP/Common/functions.php 第 1052 行.
NOTIC: [8] Undefined variable: module /Applications/XAMPP/xamppfiles/htdocs/yoyo/ThinkPHP/Common/functions.php 第 1052 行.
NOTIC: [8] Undefined variable: var /Applications/XAMPP/xamppfiles/htdocs/yoyo/ThinkPHP/Common/functions.php 第 1052 行.
NOTIC: [8] Undefined variable: varController /Applications/XAMPP/xamppfiles/htdocs/yoyo/ThinkPHP/Common/functions.php 第 1052 行.
NOTIC: [8] Undefined variable: var /Applications/XAMPP/xamppfiles/htdocs/yoyo/ThinkPHP/Common/functions.php 第 1052 行.
NOTIC: [8] Undefined variable: varAction /Applications/XAMPP/xamppfiles/htdocs/yoyo/ThinkPHP/Common/functions.php 第 1052 行.
SQL: SHOW COLUMNS FROM `ocenter_member` [ RunTime:0.006005s ]
SQL: SELECT `reg_time` FROM `ocenter_member` WHERE `uid` = 100 LIMIT 1   [ RunTime:0.000319s ]
SQL: SHOW COLUMNS FROM `ocenter_user_config` [ RunTime:0.005280s ]
SQL: SELECT * FROM `ocenter_user_config` WHERE `uid` = 100 AND `name` = 'user_cover' AND `role_id` = 0 AND `model` = '' LIMIT 1   [ RunTime:0.001016s ]
SQL: SHOW COLUMNS FROM `ocenter_picture` [ RunTime:0.004691s ]
SQL: SELECT * FROM `ocenter_picture` WHERE `status` = 1 AND `id` = null LIMIT 1   [ RunTime:0.000332s ]
NOTIC: [2] unlink(./Runtime/Temp/945c180f3240ad0e35d9eb8beb06401b.php): No such file or directory /Applications/XAMPP/xamppfiles/htdocs/yoyo/ThinkPHP/Library/Think/Cache/Driver/File.class.php 第 157 行.
NOTIC: [2] unlink(./Runtime/Temp/deec309cb1249b5b7776ac8c8f45123b.php): No such file or directory /Applications/XAMPP/xamppfiles/htdocs/yoyo/ThinkPHP/Library/Think/Cache/Driver/File.class.php 第 157 行.
NOTIC: [8] Undefined index: space_url /Applications/XAMPP/xamppfiles/htdocs/yoyo/Runtime/Cache/Question/adc9d5f6c1f0ff9fdd1092e93f1a54e5.php 第 223 行.
NOTIC: [8] Undefined index: score /Applications/XAMPP/xamppfiles/htdocs/yoyo/Runtime/Cache/Question/adc9d5f6c1f0ff9fdd1092e93f1a54e5.php 第 255 行.
NOTIC: [8] Undefined index: score /Applications/XAMPP/xamppfiles/htdocs/yoyo/Runtime/Cache/Question/adc9d5f6c1f0ff9fdd1092e93f1a54e5.php 第 267 行.
NOTIC: [8] Undefined variable: module /Applications/XAMPP/xamppfiles/htdocs/yoyo/ThinkPHP/Common/functions.php 第 1052 行.
NOTIC: [8] Undefined variable: var /Applications/XAMPP/xamppfiles/htdocs/yoyo/ThinkPHP/Common/functions.php 第 1052 行.
NOTIC: [8] Undefined variable: varController /Applications/XAMPP/xamppfiles/htdocs/yoyo/ThinkPHP/Common/functions.php 第 1052 行.
NOTIC: [8] Undefined variable: var /Applications/XAMPP/xamppfiles/htdocs/yoyo/ThinkPHP/Common/functions.php 第 1052 行.
NOTIC: [8] Undefined variable: varAction /Applications/XAMPP/xamppfiles/htdocs/yoyo/ThinkPHP/Common/functions.php 第 1052 行.
NOTIC: [8] Undefined variable: module /Applications/XAMPP/xamppfiles/htdocs/yoyo/ThinkPHP/Common/functions.php 第 1052 行.
NOTIC: [8] Undefined variable: var /Applications/XAMPP/xamppfiles/htdocs/yoyo/ThinkPHP/Common/functions.php 第 1052 行.
NOTIC: [8] Undefined variable: varController /Applications/XAMPP/xamppfiles/htdocs/yoyo/ThinkPHP/Common/functions.php 第 1052 行.
NOTIC: [8] Undefined variable: var /Applications/XAMPP/xamppfiles/htdocs/yoyo/ThinkPHP/Common/functions.php 第 1052 行.
NOTIC: [8] Undefined variable: varAction /Applications/XAMPP/xamppfiles/htdocs/yoyo/ThinkPHP/Common/functions.php 第 1052 行.
SQL: SHOW COLUMNS FROM `ocenter_auth_rule` [ RunTime:0.003200s ]
SQL: SELECT * FROM `ocenter_auth_rule` WHERE `name` = 'Admin/Index/index' AND `status` = 1 LIMIT 1   [ RunTime:0.000407s ]
SQL: SELECT * FROM `ocenter_auth_rule` WHERE `name` = 'Core/Admin/View' AND `status` = 1 LIMIT 1   [ RunTime:0.000644s ]
NOTIC: [8] Undefined variable: sub_menu /Applications/XAMPP/xamppfiles/htdocs/yoyo/Runtime/Cache/Question/adc9d5f6c1f0ff9fdd1092e93f1a54e5.php 第 383 行.
SQL: SELECT `type`,`name`,`value` FROM `ocenter_config` WHERE `status` = 1  [ RunTime:0.000671s ]
NOTIC: [8] Undefined variable: res /Applications/XAMPP/xamppfiles/htdocs/yoyo/Application/Common/Common/role.php 第 147 行.
INFO: [ action_begin ] --START--
INFO: Run Common\Behavior\InitModuleInfoBehavior [ RunTime:0.000012s ]
INFO: [ action_begin ] --END-- [ RunTime:-0.149157s ]
INFO: [ view_parse ] --START--
INFO: [ template_filter ] --START--
INFO: Run Behavior\ContentReplaceBehavior [ RunTime:0.000083s ]
INFO: [ template_filter ] --END-- [ RunTime:-0.079935s ]
NOTIC: [8] Undefined index: icon /Applications/XAMPP/xamppfiles/htdocs/yoyo/Runtime/Cache/Question/7ac86ee1d16e058d630e77679d9f3d59.php 第 4 行.
INFO: Run Behavior\ParseTemplateBehavior [ RunTime:0.015969s ]
INFO: [ view_parse ] --END-- [ RunTime:0.016032s ]
INFO: [ view_filter ] --START--
INFO: Run Behavior\WriteHtmlCacheBehavior [ RunTime:0.000200s ]
INFO: [ view_filter ] --END-- [ RunTime:0.000240s ]
SQL: SELECT `type`,`name`,`value` FROM `ocenter_config` WHERE `status` = 1  [ RunTime:0.002079s ]
NOTIC: [8] Undefined variable: res /Applications/XAMPP/xamppfiles/htdocs/yoyo/Application/Common/Common/role.php 第 147 行.
INFO: [ action_begin ] --START--
INFO: Run Common\Behavior\InitModuleInfoBehavior [ RunTime:0.000012s ]
INFO: [ action_begin ] --END-- [ RunTime:-0.172822s ]
NOTIC: [2] Missing argument 1 for Common\Widget\SuperLinksWidget::superLinks() /Applications/XAMPP/xamppfiles/htdocs/yoyo/Application/Common/Widget/SuperLinksWidget.class.php 第 15 行.
SQL: SHOW COLUMNS FROM `ocenter_super_links` [ RunTime:0.003846s ]
SQL: SELECT * FROM `ocenter_super_links` WHERE ( status = 1 ) ORDER BY level desc,id asc  [ RunTime:0.000955s ]
NOTIC: [2] Invalid argument supplied for foreach() /Applications/XAMPP/xamppfiles/htdocs/yoyo/Application/Common/Model/SuperLinksModel.class.php 第 37 行.
NOTIC: [8] Undefined variable: data /Applications/XAMPP/xamppfiles/htdocs/yoyo/Application/Common/Model/SuperLinksModel.class.php 第 48 行.
NOTIC: [8] Undefined variable: param /Applications/XAMPP/xamppfiles/htdocs/yoyo/Application/Common/Widget/SuperLinksWidget.class.php 第 19 行.
INFO: [ view_parse ] --START--
INFO: [ template_filter ] --START--
INFO: Run Behavior\ContentReplaceBehavior [ RunTime:0.000052s ]
INFO: [ template_filter ] --END-- [ RunTime:-0.100246s ]
INFO: Run Behavior\ParseTemplateBehavior [ RunTime:0.004424s ]
INFO: [ view_parse ] --END-- [ RunTime:-0.013898s ]
INFO: [ view_filter ] --START--
INFO: Run Behavior\WriteHtmlCacheBehavior [ RunTime:0.000012s ]
INFO: [ view_filter ] --END-- [ RunTime:-0.018155s ]
SQL: SELECT `value` FROM `ocenter_config` WHERE `name` = '_CONFIG_QRCODE_BOTTOM' LIMIT 1   [ RunTime:0.000374s ]
NOTIC: [8] Undefined variable: site /Applications/XAMPP/xamppfiles/htdocs/yoyo/Runtime/Cache/Question/adc9d5f6c1f0ff9fdd1092e93f1a54e5.php 第 553 行.
INFO: [ pageFooter ] --START--
INFO: Run Addons\SuperLinks\SuperLinksAddon [ RunTime:0.000532s ]
INFO: [ pageFooter ] --END-- [ RunTime:0.000589s ]
SQL: SELECT `type`,`name`,`value` FROM `ocenter_config` WHERE `status` = 1  [ RunTime:0.000583s ]
NOTIC: [8] Undefined variable: res /Applications/XAMPP/xamppfiles/htdocs/yoyo/Application/Common/Common/role.php 第 147 行.
INFO: [ action_begin ] --START--
INFO: Run Common\Behavior\InitModuleInfoBehavior [ RunTime:0.000011s ]
INFO: [ action_begin ] --END-- [ RunTime:-0.188535s ]
SQL: SELECT `type`,`name`,`value` FROM `ocenter_config` WHERE `status` = 1  [ RunTime:0.000555s ]
NOTIC: [8] Undefined variable: res /Applications/XAMPP/xamppfiles/htdocs/yoyo/Application/Common/Common/role.php 第 147 行.
INFO: [ action_begin ] --START--
INFO: Run Common\Behavior\InitModuleInfoBehavior [ RunTime:0.000010s ]
INFO: [ action_begin ] --END-- [ RunTime:-0.191238s ]
INFO: [ view_parse ] --START--
INFO: [ template_filter ] --START--
INFO: Run Behavior\ContentReplaceBehavior [ RunTime:0.000042s ]
INFO: [ template_filter ] --END-- [ RunTime:-0.109583s ]
INFO: Run Behavior\ParseTemplateBehavior [ RunTime:0.001578s ]
INFO: [ view_parse ] --END-- [ RunTime:-0.025516s ]
INFO: [ view_filter ] --START--
INFO: Run Behavior\WriteHtmlCacheBehavior [ RunTime:0.000011s ]
INFO: [ view_filter ] --END-- [ RunTime:-0.026898s ]
INFO: Run Behavior\ParseTemplateBehavior [ RunTime:0.001845s ]
INFO: [ view_parse ] --END-- [ RunTime:-0.025516s ]
INFO: [ view_filter ] --START--
INFO: Run Behavior\WriteHtmlCacheBehavior [ RunTime:0.000008s ]
INFO: [ view_filter ] --END-- [ RunTime:-0.027146s ]
INFO: [ app_end ] --START--
INFO: Run Behavior\ShowPageTraceBehavior [ RunTime:0.000564s ]
INFO: [ app_end ] --END-- [ RunTime:0.000622s ]

[ 2017-10-29T21:56:41+08:00 ] 127.0.0.1 /yoyo/question/index/index.html
INFO: [ app_init ] --START--
INFO: Run Behavior\BuildLiteBehavior [ RunTime:0.000014s ]
INFO: Run Common\Behavior\InitHookBehavior [ RunTime:0.001281s ]
INFO: [ app_init ] --END-- [ RunTime:0.001394s ]
NOTIC: [8] Undefined index: router /Applications/XAMPP/xamppfiles/htdocs/yoyo/Application/Common/Common/function.php 第 1936 行.
NOTIC: [8] Undefined index: router /Applications/XAMPP/xamppfiles/htdocs/yoyo/Application/Common/Common/function.php 第 1936 行.
NOTIC: [8] Undefined index: router /Applications/XAMPP/xamppfiles/htdocs/yoyo/Application/Common/Common/function.php 第 1936 行.
NOTIC: [8] Undefined index: router /Applications/XAMPP/xamppfiles/htdocs/yoyo/Application/Common/Common/function.php 第 1936 行.
NOTIC: [8] Undefined index: router /Applications/XAMPP/xamppfiles/htdocs/yoyo/Application/Common/Common/function.php 第 1936 行.
NOTIC: [8] Undefined index: router /Applications/XAMPP/xamppfiles/htdocs/yoyo/Application/Common/Common/function.php 第 1936 行.
SQL: SHOW COLUMNS FROM `ocenter_config` [ RunTime:0.003734s ]
SQL: SELECT `type`,`name`,`value` FROM `ocenter_config` WHERE `status` = 1  [ RunTime:0.000568s ]
INFO: [ app_begin ] --START--
INFO: Run Behavior\ReadHtmlCacheBehavior [ RunTime:0.000456s ]
INFO: Run Behavior\CheckLangBehavior [ RunTime:0.027527s ]
INFO: [ app_begin ] --END-- [ RunTime:0.028102s ]
NOTIC: [8192] mysql_connect(): The mysql extension is deprecated and will be removed in the future: use mysqli or PDO instead /Applications/XAMPP/xamppfiles/htdocs/yoyo/ThinkPHP/Library/Think/Session/Driver/Db.class.php 第 95 行.
SQL: SHOW COLUMNS FROM `ocenter_module` [ RunTime:0.005532s ]
SQL: SELECT `type`,`name`,`value` FROM `ocenter_config` WHERE `status` = 1  [ RunTime:0.000525s ]
NOTIC: [8] Undefined variable: res /Applications/XAMPP/xamppfiles/htdocs/yoyo/Application/Common/Common/role.php 第 147 行.
INFO: [ action_begin ] --START--
INFO: Run Common\Behavior\InitModuleInfoBehavior [ RunTime:0.000194s ]
INFO: [ action_begin ] --END-- [ RunTime:0.000240s ]
SQL: SHOW COLUMNS FROM `ocenter_question` [ RunTime:0.003367s ]
SQL: SHOW COLUMNS FROM `ocenter_question_answer` [ RunTime:0.002463s ]
SQL: SHOW COLUMNS FROM `ocenter_question_category` [ RunTime:0.003320s ]
SQL: SHOW COLUMNS FROM `ocenter_question_support` [ RunTime:0.003192s ]
SQL: SELECT `value` FROM `ocenter_config` WHERE `name` = '_QUESTION_PRESET' LIMIT 1   [ RunTime:0.000367s ]
SQL: SELECT `id`,`title`,`pid`,`sort`,`status` FROM `ocenter_question_category` WHERE `status` = 1 ORDER BY sort asc  [ RunTime:0.000334s ]
SQL: SHOW COLUMNS FROM `ocenter_question_answer` [ RunTime:0.006180s ]
SQL: SELECT COUNT(*) AS tp_count FROM `ocenter_question_answer` WHERE `uid` = 100 AND `status` >= 0 LIMIT 1   [ RunTime:0.000283s ]
SQL: SHOW COLUMNS FROM `ocenter_question` [ RunTime:0.003498s ]
SQL: SELECT COUNT(*) AS tp_count FROM `ocenter_question` WHERE `uid` = 100 AND `status` >= 0 LIMIT 1   [ RunTime:0.000880s ]
SQL: SHOW COLUMNS FROM `ocenter_question_rank` [ RunTime:0.005132s ]
SQL: SELECT * FROM `ocenter_question_rank` ORDER BY answer_count desc LIMIT 10   [ RunTime:0.000376s ]
NOTIC: [2] Invalid argument supplied for foreach() /Applications/XAMPP/xamppfiles/htdocs/yoyo/Application/Question/Controller/IndexController.class.php 第 41 行.
SQL: SHOW COLUMNS FROM `ocenter_question_topic` [ RunTime:0.004019s ]
SQL: SELECT * FROM `ocenter_question_topic` WHERE `status` = 1 ORDER BY num desc LIMIT 10   [ RunTime:0.000387s ]
SQL: SELECT COUNT(*) AS tp_count FROM `ocenter_question` WHERE `status` = 1 LIMIT 1   [ RunTime:0.000266s ]
NOTIC: [8] Undefined variable: list /Applications/XAMPP/xamppfiles/htdocs/yoyo/Application/Question/Model/QuestionModel.class.php 第 68 行.
NOTIC: [2] Invalid argument supplied for foreach() /Applications/XAMPP/xamppfiles/htdocs/yoyo/Application/Question/Controller/IndexController.class.php 第 83 行.
INFO: [ view_parse ] --START--
INFO: [ template_filter ] --START--
INFO: Run Behavior\ContentReplaceBehavior [ RunTime:0.000715s ]
INFO: [ template_filter ] --END-- [ RunTime:0.000886s ]
INFO: [ syncMeta ] --START--
INFO: Run Addons\SyncLogin\SyncLoginAddon [ RunTime:0.000986s ]
INFO: [ syncMeta ] --END-- [ RunTime:0.001063s ]
SQL: SHOW COLUMNS FROM `ocenter_seo_rule` [ RunTime:0.003323s ]
INFO: [ view_parse ] --START--
INFO: Run Behavior\ParseTemplateBehavior [ RunTime:0.000208s ]
INFO: [ view_parse ] --END-- [ RunTime:0.000272s ]
INFO: [ view_filter ] --START--
INFO: Run Behavior\WriteHtmlCacheBehavior [ RunTime:0.000167s ]
INFO: [ view_filter ] --END-- [ RunTime:0.000209s ]
SQL: SELECT `type`,`name`,`value` FROM `ocenter_config` WHERE `status` = 1  [ RunTime:0.000613s ]
SQL: SHOW COLUMNS FROM `ocenter_pushing` [ RunTime:0.002243s ]
ERR: 1146:Table 'yoyobit.ocenter_pushing' doesn't exist
 [ SQL语句 ] : SHOW COLUMNS FROM `ocenter_pushing`
SQL: SHOW COLUMNS FROM `ocenter_member` [ RunTime:0.003700s ]
SQL: SHOW COLUMNS FROM `ocenter_channel` [ RunTime:0.003381s ]
NOTIC: [8] Undefined index: _ /Applications/XAMPP/xamppfiles/htdocs/yoyo/Runtime/Cache/Question/859f52d3b5e6b3cb9b3599179973aa82.php 第 150 行.
NOTIC: [8] Undefined index: _ /Applications/XAMPP/xamppfiles/htdocs/yoyo/Runtime/Cache/Question/859f52d3b5e6b3cb9b3599179973aa82.php 第 150 行.
NOTIC: [8] Undefined index: _ /Applications/XAMPP/xamppfiles/htdocs/yoyo/Runtime/Cache/Question/859f52d3b5e6b3cb9b3599179973aa82.php 第 150 行.
NOTIC: [8] Undefined variable: module /Applications/XAMPP/xamppfiles/htdocs/yoyo/ThinkPHP/Common/functions.php 第 1052 行.
NOTIC: [8] Undefined variable: var /Applications/XAMPP/xamppfiles/htdocs/yoyo/ThinkPHP/Common/functions.php 第 1052 行.
NOTIC: [8] Undefined variable: varController /Applications/XAMPP/xamppfiles/htdocs/yoyo/ThinkPHP/Common/functions.php 第 1052 行.
NOTIC: [8] Undefined variable: var /Applications/XAMPP/xamppfiles/htdocs/yoyo/ThinkPHP/Common/functions.php 第 1052 行.
NOTIC: [8] Undefined variable: varAction /Applications/XAMPP/xamppfiles/htdocs/yoyo/ThinkPHP/Common/functions.php 第 1052 行.
NOTIC: [8] Undefined index: _ /Applications/XAMPP/xamppfiles/htdocs/yoyo/Runtime/Cache/Question/859f52d3b5e6b3cb9b3599179973aa82.php 第 150 行.
NOTIC: [8] Undefined index: _ /Applications/XAMPP/xamppfiles/htdocs/yoyo/Runtime/Cache/Question/859f52d3b5e6b3cb9b3599179973aa82.php 第 150 行.
NOTIC: [8] Undefined variable: module /Applications/XAMPP/xamppfiles/htdocs/yoyo/ThinkPHP/Common/functions.php 第 1052 行.
NOTIC: [8] Undefined variable: var /Applications/XAMPP/xamppfiles/htdocs/yoyo/ThinkPHP/Common/functions.php 第 1052 行.
NOTIC: [8] Undefined variable: varController /Applications/XAMPP/xamppfiles/htdocs/yoyo/ThinkPHP/Common/functions.php 第 1052 行.
NOTIC: [8] Undefined variable: var /Applications/XAMPP/xamppfiles/htdocs/yoyo/ThinkPHP/Common/functions.php 第 1052 行.
NOTIC: [8] Undefined variable: varAction /Applications/XAMPP/xamppfiles/htdocs/yoyo/ThinkPHP/Common/functions.php 第 1052 行.
NOTIC: [8] Undefined variable: module /Applications/XAMPP/xamppfiles/htdocs/yoyo/ThinkPHP/Common/functions.php 第 1052 行.
NOTIC: [8] Undefined variable: var /Applications/XAMPP/xamppfiles/htdocs/yoyo/ThinkPHP/Common/functions.php 第 1052 行.
NOTIC: [8] Undefined variable: varController /Applications/XAMPP/xamppfiles/htdocs/yoyo/ThinkPHP/Common/functions.php 第 1052 行.
NOTIC: [8] Undefined variable: var /Applications/XAMPP/xamppfiles/htdocs/yoyo/ThinkPHP/Common/functions.php 第 1052 行.
NOTIC: [8] Undefined variable: varAction /Applications/XAMPP/xamppfiles/htdocs/yoyo/ThinkPHP/Common/functions.php 第 1052 行.
NOTIC: [8] Undefined variable: module /Applications/XAMPP/xamppfiles/htdocs/yoyo/ThinkPHP/Common/functions.php 第 1052 行.
NOTIC: [8] Undefined variable: var /Applications/XAMPP/xamppfiles/htdocs/yoyo/ThinkPHP/Common/functions.php 第 1052 行.
NOTIC: [8] Undefined variable: varController /Applications/XAMPP/xamppfiles/htdocs/yoyo/ThinkPHP/Common/functions.php 第 1052 行.
NOTIC: [8] Undefined variable: var /Applications/XAMPP/xamppfiles/htdocs/yoyo/ThinkPHP/Common/functions.php 第 1052 行.
NOTIC: [8] Undefined variable: varAction /Applications/XAMPP/xamppfiles/htdocs/yoyo/ThinkPHP/Common/functions.php 第 1052 行.
NOTIC: [8] Undefined variable: module /Applications/XAMPP/xamppfiles/htdocs/yoyo/ThinkPHP/Common/functions.php 第 1052 行.
NOTIC: [8] Undefined variable: var /Applications/XAMPP/xamppfiles/htdocs/yoyo/ThinkPHP/Common/functions.php 第 1052 行.
NOTIC: [8] Undefined variable: varController /Applications/XAMPP/xamppfiles/htdocs/yoyo/ThinkPHP/Common/functions.php 第 1052 行.
NOTIC: [8] Undefined variable: var /Applications/XAMPP/xamppfiles/htdocs/yoyo/ThinkPHP/Common/functions.php 第 1052 行.
NOTIC: [8] Undefined variable: varAction /Applications/XAMPP/xamppfiles/htdocs/yoyo/ThinkPHP/Common/functions.php 第 1052 行.
SQL: SHOW COLUMNS FROM `ocenter_member` [ RunTime:0.004378s ]
SQL: SELECT `reg_time` FROM `ocenter_member` WHERE `uid` = 100 LIMIT 1   [ RunTime:0.001294s ]
SQL: SHOW COLUMNS FROM `ocenter_user_config` [ RunTime:0.004879s ]
SQL: SELECT * FROM `ocenter_user_config` WHERE `uid` = 100 AND `name` = 'user_cover' AND `role_id` = 0 AND `model` = '' LIMIT 1   [ RunTime:0.001584s ]
SQL: SHOW COLUMNS FROM `ocenter_picture` [ RunTime:0.006199s ]
SQL: SELECT * FROM `ocenter_picture` WHERE `status` = 1 AND `id` = null LIMIT 1   [ RunTime:0.000342s ]
NOTIC: [2] unlink(./Runtime/Temp/945c180f3240ad0e35d9eb8beb06401b.php): No such file or directory /Applications/XAMPP/xamppfiles/htdocs/yoyo/ThinkPHP/Library/Think/Cache/Driver/File.class.php 第 157 行.
NOTIC: [2] unlink(./Runtime/Temp/deec309cb1249b5b7776ac8c8f45123b.php): No such file or directory /Applications/XAMPP/xamppfiles/htdocs/yoyo/ThinkPHP/Library/Think/Cache/Driver/File.class.php 第 157 行.
NOTIC: [8] Undefined index: space_url /Applications/XAMPP/xamppfiles/htdocs/yoyo/Runtime/Cache/Question/859f52d3b5e6b3cb9b3599179973aa82.php 第 223 行.
NOTIC: [8] Undefined index: score /Applications/XAMPP/xamppfiles/htdocs/yoyo/Runtime/Cache/Question/859f52d3b5e6b3cb9b3599179973aa82.php 第 255 行.
NOTIC: [8] Undefined index: score /Applications/XAMPP/xamppfiles/htdocs/yoyo/Runtime/Cache/Question/859f52d3b5e6b3cb9b3599179973aa82.php 第 267 行.
NOTIC: [8] Undefined variable: module /Applications/XAMPP/xamppfiles/htdocs/yoyo/ThinkPHP/Common/functions.php 第 1052 行.
NOTIC: [8] Undefined variable: var /Applications/XAMPP/xamppfiles/htdocs/yoyo/ThinkPHP/Common/functions.php 第 1052 行.
NOTIC: [8] Undefined variable: varController /Applications/XAMPP/xamppfiles/htdocs/yoyo/ThinkPHP/Common/functions.php 第 1052 行.
NOTIC: [8] Undefined variable: var /Applications/XAMPP/xamppfiles/htdocs/yoyo/ThinkPHP/Common/functions.php 第 1052 行.
NOTIC: [8] Undefined variable: varAction /Applications/XAMPP/xamppfiles/htdocs/yoyo/ThinkPHP/Common/functions.php 第 1052 行.
NOTIC: [8] Undefined variable: module /Applications/XAMPP/xamppfiles/htdocs/yoyo/ThinkPHP/Common/functions.php 第 1052 行.
NOTIC: [8] Undefined variable: var /Applications/XAMPP/xamppfiles/htdocs/yoyo/ThinkPHP/Common/functions.php 第 1052 行.
NOTIC: [8] Undefined variable: varController /Applications/XAMPP/xamppfiles/htdocs/yoyo/ThinkPHP/Common/functions.php 第 1052 行.
NOTIC: [8] Undefined variable: var /Applications/XAMPP/xamppfiles/htdocs/yoyo/ThinkPHP/Common/functions.php 第 1052 行.
NOTIC: [8] Undefined variable: varAction /Applications/XAMPP/xamppfiles/htdocs/yoyo/ThinkPHP/Common/functions.php 第 1052 行.
SQL: SHOW COLUMNS FROM `ocenter_auth_rule` [ RunTime:0.004311s ]
SQL: SELECT * FROM `ocenter_auth_rule` WHERE `name` = 'Admin/Index/index' AND `status` = 1 LIMIT 1   [ RunTime:0.000466s ]
SQL: SELECT * FROM `ocenter_auth_rule` WHERE `name` = 'Core/Admin/View' AND `status` = 1 LIMIT 1   [ RunTime:0.000618s ]
NOTIC: [8] Undefined variable: question_cate /Applications/XAMPP/xamppfiles/htdocs/yoyo/Runtime/Cache/Question/859f52d3b5e6b3cb9b3599179973aa82.php 第 418 行.
NOTIC: [8] Undefined variable: question_cate /Applications/XAMPP/xamppfiles/htdocs/yoyo/Runtime/Cache/Question/859f52d3b5e6b3cb9b3599179973aa82.php 第 421 行.
NOTIC: [8] Use of undefined constant q - assumed 'q' /Applications/XAMPP/xamppfiles/htdocs/yoyo/Runtime/Cache/Question/859f52d3b5e6b3cb9b3599179973aa82.php 第 493 行.
NOTIC: [8] Use of undefined constant a - assumed 'a' /Applications/XAMPP/xamppfiles/htdocs/yoyo/Runtime/Cache/Question/859f52d3b5e6b3cb9b3599179973aa82.php 第 497 行.
SQL: SELECT `type`,`name`,`value` FROM `ocenter_config` WHERE `status` = 1  [ RunTime:0.000566s ]
NOTIC: [8] Undefined variable: res /Applications/XAMPP/xamppfiles/htdocs/yoyo/Application/Common/Common/role.php 第 147 行.
INFO: [ action_begin ] --START--
INFO: Run Common\Behavior\InitModuleInfoBehavior [ RunTime:0.000009s ]
INFO: [ action_begin ] --END-- [ RunTime:-0.152671s ]
NOTIC: [2] Missing argument 1 for Common\Widget\SuperLinksWidget::superLinks() /Applications/XAMPP/xamppfiles/htdocs/yoyo/Application/Common/Widget/SuperLinksWidget.class.php 第 15 行.
SQL: SHOW COLUMNS FROM `ocenter_super_links` [ RunTime:0.003315s ]
SQL: SELECT * FROM `ocenter_super_links` WHERE ( status = 1 ) ORDER BY level desc,id asc  [ RunTime:0.000329s ]
NOTIC: [2] Invalid argument supplied for foreach() /Applications/XAMPP/xamppfiles/htdocs/yoyo/Application/Common/Model/SuperLinksModel.class.php 第 37 行.
NOTIC: [8] Undefined variable: data /Applications/XAMPP/xamppfiles/htdocs/yoyo/Application/Common/Model/SuperLinksModel.class.php 第 48 行.
NOTIC: [8] Undefined variable: param /Applications/XAMPP/xamppfiles/htdocs/yoyo/Application/Common/Widget/SuperLinksWidget.class.php 第 19 行.
INFO: [ view_parse ] --START--
INFO: [ template_filter ] --START--
INFO: Run Behavior\ContentReplaceBehavior [ RunTime:0.000044s ]
INFO: [ template_filter ] --END-- [ RunTime:-0.077327s ]
INFO: Run Behavior\ParseTemplateBehavior [ RunTime:0.003447s ]
INFO: [ view_parse ] --END-- [ RunTime:-0.059296s ]
INFO: [ view_filter ] --START--
INFO: Run Behavior\WriteHtmlCacheBehavior [ RunTime:0.000011s ]
INFO: [ view_filter ] --END-- [ RunTime:-0.062578s ]
SQL: SELECT `value` FROM `ocenter_config` WHERE `name` = '_CONFIG_QRCODE_BOTTOM' LIMIT 1   [ RunTime:0.000358s ]
NOTIC: [8] Undefined variable: site /Applications/XAMPP/xamppfiles/htdocs/yoyo/Runtime/Cache/Question/859f52d3b5e6b3cb9b3599179973aa82.php 第 587 行.
NOTIC: [8] Undefined variable: child /Applications/XAMPP/xamppfiles/htdocs/yoyo/Runtime/Cache/Question/859f52d3b5e6b3cb9b3599179973aa82.php 第 600 行.
INFO: [ pageFooter ] --START--
INFO: Run Addons\SuperLinks\SuperLinksAddon [ RunTime:0.000506s ]
INFO: [ pageFooter ] --END-- [ RunTime:0.000554s ]
SQL: SELECT `type`,`name`,`value` FROM `ocenter_config` WHERE `status` = 1  [ RunTime:0.000589s ]
NOTIC: [8] Undefined variable: res /Applications/XAMPP/xamppfiles/htdocs/yoyo/Application/Common/Common/role.php 第 147 行.
INFO: [ action_begin ] --START--
INFO: Run Common\Behavior\InitModuleInfoBehavior [ RunTime:0.000014s ]
INFO: [ action_begin ] --END-- [ RunTime:-0.165268s ]
SQL: SELECT `type`,`name`,`value` FROM `ocenter_config` WHERE `status` = 1  [ RunTime:0.000647s ]
NOTIC: [8] Undefined variable: res /Applications/XAMPP/xamppfiles/htdocs/yoyo/Application/Common/Common/role.php 第 147 行.
INFO: [ action_begin ] --START--
INFO: Run Common\Behavior\InitModuleInfoBehavior [ RunTime:0.000010s ]
INFO: [ action_begin ] --END-- [ RunTime:-0.168215s ]
INFO: [ view_parse ] --START--
INFO: [ template_filter ] --START--
INFO: Run Behavior\ContentReplaceBehavior [ RunTime:0.000290s ]
INFO: [ template_filter ] --END-- [ RunTime:-0.087055s ]
INFO: Run Behavior\ParseTemplateBehavior [ RunTime:0.004072s ]
INFO: [ view_parse ] --END-- [ RunTime:-0.070208s ]
INFO: [ view_filter ] --START--
INFO: Run Behavior\WriteHtmlCacheBehavior [ RunTime:0.000052s ]
INFO: [ view_filter ] --END-- [ RunTime:-0.074307s ]
INFO: Run Behavior\ParseTemplateBehavior [ RunTime:0.005353s ]
INFO: [ view_parse ] --END-- [ RunTime:-0.070208s ]
INFO: [ view_filter ] --START--
INFO: Run Behavior\WriteHtmlCacheBehavior [ RunTime:0.000018s ]
INFO: [ view_filter ] --END-- [ RunTime:-0.075528s ]
INFO: [ app_end ] --START--
INFO: Run Behavior\ShowPageTraceBehavior [ RunTime:0.000554s ]
INFO: [ app_end ] --END-- [ RunTime:0.000613s ]

