[ 2017-10-27T07:49:12+08:00 ] 127.0.0.1 /yoyo/index.php?s=/support/request/3/2017102610053505.html
INFO: [ app_init ] --START--
INFO: Run Behavior\BuildLiteBehavior [ RunTime:0.000011s ]
INFO: Run Common\Behavior\InitHookBehavior [ RunTime:0.001376s ]
INFO: [ app_init ] --END-- [ RunTime:0.001485s ]
NOTIC: [8] Undefined index: router /Applications/XAMPP/xamppfiles/htdocs/yoyo/Application/Common/Common/function.php 第 1936 行.
NOTIC: [8] Undefined index: router /Applications/XAMPP/xamppfiles/htdocs/yoyo/Application/Common/Common/function.php 第 1936 行.
NOTIC: [8] Undefined index: router /Applications/XAMPP/xamppfiles/htdocs/yoyo/Application/Common/Common/function.php 第 1936 行.
NOTIC: [8] Undefined index: router /Applications/XAMPP/xamppfiles/htdocs/yoyo/Application/Common/Common/function.php 第 1936 行.
NOTIC: [8] Undefined index: router /Applications/XAMPP/xamppfiles/htdocs/yoyo/Application/Common/Common/function.php 第 1936 行.
NOTIC: [8] Undefined index: router /Applications/XAMPP/xamppfiles/htdocs/yoyo/Application/Common/Common/function.php 第 1936 行.
SQL: SHOW COLUMNS FROM `ocenter_config` [ RunTime:0.001142s ]
SQL: SELECT `type`,`name`,`value` FROM `ocenter_config` WHERE `status` = 1  [ RunTime:0.000373s ]
INFO: [ app_begin ] --START--
INFO: Run Behavior\ReadHtmlCacheBehavior [ RunTime:0.000444s ]
INFO: Run Behavior\CheckLangBehavior [ RunTime:0.014773s ]
INFO: [ app_begin ] --END-- [ RunTime:0.015323s ]
NOTIC: [8192] mysql_connect(): The mysql extension is deprecated and will be removed in the future: use mysqli or PDO instead /Applications/XAMPP/xamppfiles/htdocs/yoyo/ThinkPHP/Library/Think/Session/Driver/Db.class.php 第 95 行.
SQL: SHOW COLUMNS FROM `ocenter_module` [ RunTime:0.003279s ]
SQL: SELECT `type`,`name`,`value` FROM `ocenter_config` WHERE `status` = 1  [ RunTime:0.000396s ]
NOTIC: [8] Undefined variable: token /Applications/XAMPP/xamppfiles/htdocs/yoyo/Application/Common/Model/ModuleModel.class.php 第 242 行.
NOTIC: [8] Undefined variable: res /Applications/XAMPP/xamppfiles/htdocs/yoyo/Application/Common/Common/role.php 第 147 行.
INFO: [ action_begin ] --START--
INFO: Run Common\Behavior\InitModuleInfoBehavior [ RunTime:0.000137s ]
INFO: [ action_begin ] --END-- [ RunTime:0.000173s ]
INFO: [ view_parse ] --START--
INFO: [ template_filter ] --START--
INFO: Run Behavior\ContentReplaceBehavior [ RunTime:0.000380s ]
INFO: [ template_filter ] --END-- [ RunTime:0.000445s ]
NOTIC: [2] chmod(): Operation not permitted /Applications/XAMPP/xamppfiles/htdocs/yoyo/ThinkPHP/Library/Think/Storage/Driver/File.class.php 第 49 行.
INFO: [ syncMeta ] --START--
INFO: Run Addons\SyncLogin\SyncLoginAddon [ RunTime:0.001798s ]
INFO: [ syncMeta ] --END-- [ RunTime:0.001906s ]
NOTIC: [8] Undefined variable: seo /Applications/XAMPP/xamppfiles/htdocs/yoyo/Runtime/Cache/Help/d2a3e8a3d00065f55fba09e850695d4f.php 第 9 行.
SQL: SHOW COLUMNS FROM `ocenter_seo_rule` [ RunTime:0.001210s ]
SQL: SELECT `type`,`name`,`value` FROM `ocenter_config` WHERE `status` = 1  [ RunTime:0.000374s ]
SQL: SHOW COLUMNS FROM `ocenter_pushing` [ RunTime:0.001932s ]
ERR: 1146:Table 'yoyobit.ocenter_pushing' doesn't exist
 [ SQL语句 ] : SHOW COLUMNS FROM `ocenter_pushing`
SQL: SHOW COLUMNS FROM `ocenter_member` [ RunTime:0.003493s ]
SQL: SHOW COLUMNS FROM `ocenter_channel` [ RunTime:0.003705s ]
NOTIC: [8] Undefined index: _ /Applications/XAMPP/xamppfiles/htdocs/yoyo/Runtime/Cache/Help/d2a3e8a3d00065f55fba09e850695d4f.php 第 151 行.
NOTIC: [8] Undefined index: _ /Applications/XAMPP/xamppfiles/htdocs/yoyo/Runtime/Cache/Help/d2a3e8a3d00065f55fba09e850695d4f.php 第 151 行.
NOTIC: [8] Undefined index: _ /Applications/XAMPP/xamppfiles/htdocs/yoyo/Runtime/Cache/Help/d2a3e8a3d00065f55fba09e850695d4f.php 第 151 行.
NOTIC: [8] Undefined index: _ /Applications/XAMPP/xamppfiles/htdocs/yoyo/Runtime/Cache/Help/d2a3e8a3d00065f55fba09e850695d4f.php 第 151 行.
NOTIC: [8] Undefined index: _ /Applications/XAMPP/xamppfiles/htdocs/yoyo/Runtime/Cache/Help/d2a3e8a3d00065f55fba09e850695d4f.php 第 151 行.
SQL: SHOW COLUMNS FROM `ocenter_member` [ RunTime:0.002400s ]
SQL: SELECT `reg_time` FROM `ocenter_member` WHERE `uid` = 100 LIMIT 1   [ RunTime:0.000253s ]
SQL: SHOW COLUMNS FROM `ocenter_user_config` [ RunTime:0.004196s ]
SQL: SELECT * FROM `ocenter_user_config` WHERE `uid` = 100 AND `name` = 'user_cover' AND `role_id` = 0 AND `model` = '' LIMIT 1   [ RunTime:0.000320s ]
SQL: SHOW COLUMNS FROM `ocenter_picture` [ RunTime:0.002883s ]
SQL: SELECT * FROM `ocenter_picture` WHERE `status` = 1 AND `id` = null LIMIT 1   [ RunTime:0.001201s ]
NOTIC: [2] unlink(./Runtime/Temp/945c180f3240ad0e35d9eb8beb06401b.php): No such file or directory /Applications/XAMPP/xamppfiles/htdocs/yoyo/ThinkPHP/Library/Think/Cache/Driver/File.class.php 第 157 行.
NOTIC: [2] unlink(./Runtime/Temp/deec309cb1249b5b7776ac8c8f45123b.php): No such file or directory /Applications/XAMPP/xamppfiles/htdocs/yoyo/ThinkPHP/Library/Think/Cache/Driver/File.class.php 第 157 行.
SQL: SHOW COLUMNS FROM `ocenter_auth_rule` [ RunTime:0.002089s ]
SQL: SELECT * FROM `ocenter_auth_rule` WHERE `name` = 'Admin/Index/index' AND `status` = 1 LIMIT 1   [ RunTime:0.000295s ]
SQL: SELECT * FROM `ocenter_auth_rule` WHERE `name` = 'Core/Admin/View' AND `status` = 1 LIMIT 1   [ RunTime:0.000390s ]
SQL: SELECT `type`,`name`,`value` FROM `ocenter_config` WHERE `status` = 1  [ RunTime:0.000546s ]
NOTIC: [8] Undefined variable: token /Applications/XAMPP/xamppfiles/htdocs/yoyo/Application/Common/Model/ModuleModel.class.php 第 242 行.
NOTIC: [8] Undefined variable: res /Applications/XAMPP/xamppfiles/htdocs/yoyo/Application/Common/Common/role.php 第 147 行.
INFO: [ action_begin ] --START--
INFO: Run Common\Behavior\InitModuleInfoBehavior [ RunTime:0.000014s ]
INFO: [ action_begin ] --END-- [ RunTime:-0.077726s ]
INFO: [ view_parse ] --START--
INFO: [ template_filter ] --START--
INFO: Run Behavior\ContentReplaceBehavior [ RunTime:0.000061s ]
INFO: [ template_filter ] --END-- [ RunTime:-0.059518s ]
NOTIC: [2] chmod(): Operation not permitted /Applications/XAMPP/xamppfiles/htdocs/yoyo/ThinkPHP/Library/Think/Storage/Driver/File.class.php 第 49 行.
NOTIC: [8] Undefined index: title /Applications/XAMPP/xamppfiles/htdocs/yoyo/Runtime/Cache/Help/7ac86ee1d16e058d630e77679d9f3d59.php 第 6 行.
NOTIC: [8] Undefined index: children /Applications/XAMPP/xamppfiles/htdocs/yoyo/Runtime/Cache/Help/7ac86ee1d16e058d630e77679d9f3d59.php 第 15 行.
NOTIC: [8] Undefined index: li_class /Applications/XAMPP/xamppfiles/htdocs/yoyo/Runtime/Cache/Help/7ac86ee1d16e058d630e77679d9f3d59.php 第 31 行.
NOTIC: [8] Undefined index: a_class /Applications/XAMPP/xamppfiles/htdocs/yoyo/Runtime/Cache/Help/7ac86ee1d16e058d630e77679d9f3d59.php 第 32 行.
NOTIC: [8] Undefined index: icon /Applications/XAMPP/xamppfiles/htdocs/yoyo/Runtime/Cache/Help/7ac86ee1d16e058d630e77679d9f3d59.php 第 33 行.
NOTIC: [8] Undefined index: children /Applications/XAMPP/xamppfiles/htdocs/yoyo/Runtime/Cache/Help/7ac86ee1d16e058d630e77679d9f3d59.php 第 15 行.
NOTIC: [8] Undefined index: li_class /Applications/XAMPP/xamppfiles/htdocs/yoyo/Runtime/Cache/Help/7ac86ee1d16e058d630e77679d9f3d59.php 第 31 行.
NOTIC: [8] Undefined index: a_class /Applications/XAMPP/xamppfiles/htdocs/yoyo/Runtime/Cache/Help/7ac86ee1d16e058d630e77679d9f3d59.php 第 32 行.
NOTIC: [8] Undefined index: icon /Applications/XAMPP/xamppfiles/htdocs/yoyo/Runtime/Cache/Help/7ac86ee1d16e058d630e77679d9f3d59.php 第 33 行.
NOTIC: [8] Undefined index: right /Applications/XAMPP/xamppfiles/htdocs/yoyo/Runtime/Cache/Help/7ac86ee1d16e058d630e77679d9f3d59.php 第 36 行.
INFO: Run Behavior\ParseTemplateBehavior [ RunTime:0.010515s ]
INFO: [ view_parse ] --END-- [ RunTime:0.010556s ]
INFO: [ view_filter ] --START--
INFO: Run Behavior\WriteHtmlCacheBehavior [ RunTime:0.000100s ]
INFO: [ view_filter ] --END-- [ RunTime:0.000120s ]
NOTIC: [8] Undefined variable: ad /Applications/XAMPP/xamppfiles/htdocs/yoyo/Runtime/Cache/Help/d2a3e8a3d00065f55fba09e850695d4f.php 第 453 行.
NOTIC: [8] Undefined variable: ad /Applications/XAMPP/xamppfiles/htdocs/yoyo/Runtime/Cache/Help/d2a3e8a3d00065f55fba09e850695d4f.php 第 464 行.
NOTIC: [8] Undefined variable: attest /Applications/XAMPP/xamppfiles/htdocs/yoyo/Runtime/Cache/Help/d2a3e8a3d00065f55fba09e850695d4f.php 第 479 行.
NOTIC: [8] Undefined variable: info /Applications/XAMPP/xamppfiles/htdocs/yoyo/Runtime/Cache/Help/d2a3e8a3d00065f55fba09e850695d4f.php 第 524 行.
SQL: SELECT `type`,`name`,`value` FROM `ocenter_config` WHERE `status` = 1  [ RunTime:0.000472s ]
NOTIC: [8] Undefined variable: token /Applications/XAMPP/xamppfiles/htdocs/yoyo/Application/Common/Model/ModuleModel.class.php 第 242 行.
NOTIC: [8] Undefined variable: res /Applications/XAMPP/xamppfiles/htdocs/yoyo/Application/Common/Common/role.php 第 147 行.
INFO: [ action_begin ] --START--
INFO: Run Common\Behavior\InitModuleInfoBehavior [ RunTime:0.000009s ]
INFO: [ action_begin ] --END-- [ RunTime:-0.090999s ]
NOTIC: [2] Missing argument 1 for Common\Widget\SuperLinksWidget::superLinks() /Applications/XAMPP/xamppfiles/htdocs/yoyo/Application/Common/Widget/SuperLinksWidget.class.php 第 15 行.
SQL: SHOW COLUMNS FROM `ocenter_super_links` [ RunTime:0.003776s ]
SQL: SELECT * FROM `ocenter_super_links` WHERE ( status = 1 ) ORDER BY level desc,id asc  [ RunTime:0.000440s ]
NOTIC: [2] Invalid argument supplied for foreach() /Applications/XAMPP/xamppfiles/htdocs/yoyo/Application/Common/Model/SuperLinksModel.class.php 第 37 行.
NOTIC: [8] Undefined variable: data /Applications/XAMPP/xamppfiles/htdocs/yoyo/Application/Common/Model/SuperLinksModel.class.php 第 48 行.
NOTIC: [8] Undefined variable: param /Applications/XAMPP/xamppfiles/htdocs/yoyo/Application/Common/Widget/SuperLinksWidget.class.php 第 19 行.
INFO: [ view_parse ] --START--
INFO: [ template_filter ] --START--
INFO: Run Behavior\ContentReplaceBehavior [ RunTime:0.000058s ]
INFO: [ template_filter ] --END-- [ RunTime:-0.070473s ]
NOTIC: [2] chmod(): Operation not permitted /Applications/XAMPP/xamppfiles/htdocs/yoyo/ThinkPHP/Library/Think/Storage/Driver/File.class.php 第 49 行.
INFO: Run Behavior\ParseTemplateBehavior [ RunTime:0.002747s ]
INFO: [ view_parse ] --END-- [ RunTime:-0.007378s ]
INFO: [ view_filter ] --START--
INFO: Run Behavior\WriteHtmlCacheBehavior [ RunTime:0.000015s ]
INFO: [ view_filter ] --END-- [ RunTime:-0.010082s ]
SQL: SELECT `value` FROM `ocenter_config` WHERE `name` = '_CONFIG_QRCODE_BOTTOM' LIMIT 1   [ RunTime:0.001437s ]
NOTIC: [8] Undefined variable: site /Applications/XAMPP/xamppfiles/htdocs/yoyo/Runtime/Cache/Help/d2a3e8a3d00065f55fba09e850695d4f.php 第 654 行.
INFO: [ pageFooter ] --START--
INFO: Run Addons\SuperLinks\SuperLinksAddon [ RunTime:0.000529s ]
INFO: [ pageFooter ] --END-- [ RunTime:0.000583s ]
SQL: SELECT `type`,`name`,`value` FROM `ocenter_config` WHERE `status` = 1  [ RunTime:0.000372s ]
NOTIC: [8] Undefined variable: token /Applications/XAMPP/xamppfiles/htdocs/yoyo/Application/Common/Model/ModuleModel.class.php 第 242 行.
NOTIC: [8] Undefined variable: res /Applications/XAMPP/xamppfiles/htdocs/yoyo/Application/Common/Common/role.php 第 147 行.
INFO: [ action_begin ] --START--
INFO: Run Common\Behavior\InitModuleInfoBehavior [ RunTime:0.000006s ]
INFO: [ action_begin ] --END-- [ RunTime:-0.104344s ]
SQL: SELECT `type`,`name`,`value` FROM `ocenter_config` WHERE `status` = 1  [ RunTime:0.000355s ]
NOTIC: [8] Undefined variable: token /Applications/XAMPP/xamppfiles/htdocs/yoyo/Application/Common/Model/ModuleModel.class.php 第 242 行.
NOTIC: [8] Undefined variable: res /Applications/XAMPP/xamppfiles/htdocs/yoyo/Application/Common/Common/role.php 第 147 行.
INFO: [ action_begin ] --START--
INFO: Run Common\Behavior\InitModuleInfoBehavior [ RunTime:0.000008s ]
INFO: [ action_begin ] --END-- [ RunTime:-0.106012s ]
INFO: [ view_parse ] --START--
INFO: [ template_filter ] --START--
INFO: Run Behavior\ContentReplaceBehavior [ RunTime:0.000028s ]
INFO: [ template_filter ] --END-- [ RunTime:-0.079691s ]
NOTIC: [2] chmod(): Operation not permitted /Applications/XAMPP/xamppfiles/htdocs/yoyo/ThinkPHP/Library/Think/Storage/Driver/File.class.php 第 49 行.
INFO: Run Behavior\ParseTemplateBehavior [ RunTime:0.001088s ]
INFO: [ view_parse ] --END-- [ RunTime:-0.017559s ]
INFO: [ view_filter ] --START--
INFO: Run Behavior\WriteHtmlCacheBehavior [ RunTime:0.000007s ]
INFO: [ view_filter ] --END-- [ RunTime:-0.018553s ]
INFO: Run Behavior\ParseTemplateBehavior [ RunTime:0.001261s ]
INFO: [ view_parse ] --END-- [ RunTime:-0.017559s ]
INFO: [ view_filter ] --START--
INFO: Run Behavior\WriteHtmlCacheBehavior [ RunTime:0.000004s ]
INFO: [ view_filter ] --END-- [ RunTime:-0.018722s ]
INFO: [ app_end ] --START--
INFO: Run Behavior\ShowPageTraceBehavior [ RunTime:0.000448s ]
INFO: [ app_end ] --END-- [ RunTime:0.000483s ]

[ 2017-10-27T07:49:24+08:00 ] 127.0.0.1 /yoyo/index.php?s=/support.html
INFO: [ app_init ] --START--
INFO: Run Behavior\BuildLiteBehavior [ RunTime:0.000008s ]
INFO: Run Common\Behavior\InitHookBehavior [ RunTime:0.000938s ]
INFO: [ app_init ] --END-- [ RunTime:0.001001s ]
NOTIC: [8] Undefined index: router /Applications/XAMPP/xamppfiles/htdocs/yoyo/Application/Common/Common/function.php 第 1936 行.
NOTIC: [8] Undefined index: router /Applications/XAMPP/xamppfiles/htdocs/yoyo/Application/Common/Common/function.php 第 1936 行.
NOTIC: [8] Undefined index: router /Applications/XAMPP/xamppfiles/htdocs/yoyo/Application/Common/Common/function.php 第 1936 行.
NOTIC: [8] Undefined index: router /Applications/XAMPP/xamppfiles/htdocs/yoyo/Application/Common/Common/function.php 第 1936 行.
NOTIC: [8] Undefined index: router /Applications/XAMPP/xamppfiles/htdocs/yoyo/Application/Common/Common/function.php 第 1936 行.
NOTIC: [8] Undefined index: router /Applications/XAMPP/xamppfiles/htdocs/yoyo/Application/Common/Common/function.php 第 1936 行.
SQL: SHOW COLUMNS FROM `ocenter_config` [ RunTime:0.012176s ]
SQL: SELECT `type`,`name`,`value` FROM `ocenter_config` WHERE `status` = 1  [ RunTime:0.000481s ]
INFO: [ app_begin ] --START--
INFO: Run Behavior\ReadHtmlCacheBehavior [ RunTime:0.000289s ]
INFO: Run Behavior\CheckLangBehavior [ RunTime:0.012164s ]
INFO: [ app_begin ] --END-- [ RunTime:0.012577s ]
NOTIC: [8192] mysql_connect(): The mysql extension is deprecated and will be removed in the future: use mysqli or PDO instead /Applications/XAMPP/xamppfiles/htdocs/yoyo/ThinkPHP/Library/Think/Session/Driver/Db.class.php 第 95 行.
SQL: SHOW COLUMNS FROM `ocenter_module` [ RunTime:0.008177s ]
SQL: SELECT `type`,`name`,`value` FROM `ocenter_config` WHERE `status` = 1  [ RunTime:0.000490s ]
NOTIC: [8] Undefined variable: token /Applications/XAMPP/xamppfiles/htdocs/yoyo/Application/Common/Model/ModuleModel.class.php 第 242 行.
NOTIC: [8] Undefined variable: res /Applications/XAMPP/xamppfiles/htdocs/yoyo/Application/Common/Common/role.php 第 147 行.
INFO: [ action_begin ] --START--
INFO: Run Common\Behavior\InitModuleInfoBehavior [ RunTime:0.000123s ]
INFO: [ action_begin ] --END-- [ RunTime:0.000154s ]
SQL: SHOW COLUMNS FROM `ocenter_ticket` [ RunTime:0.009490s ]
SQL: SELECT * FROM `ocenter_ticket` WHERE ( uid=100 )  [ RunTime:0.002389s ]
INFO: [ view_parse ] --START--
INFO: [ template_filter ] --START--
INFO: Run Behavior\ContentReplaceBehavior [ RunTime:0.000232s ]
INFO: [ template_filter ] --END-- [ RunTime:0.000269s ]
INFO: [ syncMeta ] --START--
INFO: Run Addons\SyncLogin\SyncLoginAddon [ RunTime:0.000697s ]
INFO: [ syncMeta ] --END-- [ RunTime:0.000743s ]
NOTIC: [8] Undefined variable: seo /Applications/XAMPP/xamppfiles/htdocs/yoyo/Runtime/Cache/Help/8de808a048f4baa71b1df727eabd75f6.php 第 9 行.
SQL: SHOW COLUMNS FROM `ocenter_seo_rule` [ RunTime:0.001205s ]
NOTIC: [8192] mysql_escape_string(): This function is deprecated; use mysql_real_escape_string() instead. /Applications/XAMPP/xamppfiles/htdocs/yoyo/Application/Common/Model/SeoRuleModel.class.php 第 78 行.
NOTIC: [8192] mysql_escape_string(): This function is deprecated; use mysql_real_escape_string() instead. /Applications/XAMPP/xamppfiles/htdocs/yoyo/Application/Common/Model/SeoRuleModel.class.php 第 79 行.
NOTIC: [8192] mysql_escape_string(): This function is deprecated; use mysql_real_escape_string() instead. /Applications/XAMPP/xamppfiles/htdocs/yoyo/Application/Common/Model/SeoRuleModel.class.php 第 80 行.
SQL: SELECT * FROM `ocenter_seo_rule` WHERE ( (app='' or app='Help') and (controller='' or controller='Index') and (action='' or action='support') and status=1 ) ORDER BY sort asc  [ RunTime:0.003209s ]
SQL: SELECT `type`,`name`,`value` FROM `ocenter_config` WHERE `status` = 1  [ RunTime:0.001017s ]
SQL: SHOW COLUMNS FROM `ocenter_pushing` [ RunTime:0.007662s ]
ERR: 1146:Table 'yoyobit.ocenter_pushing' doesn't exist
 [ SQL语句 ] : SHOW COLUMNS FROM `ocenter_pushing`
SQL: SHOW COLUMNS FROM `ocenter_member` [ RunTime:0.004717s ]
SQL: SHOW COLUMNS FROM `ocenter_channel` [ RunTime:0.001349s ]
NOTIC: [8] Undefined index: _ /Applications/XAMPP/xamppfiles/htdocs/yoyo/Runtime/Cache/Help/8de808a048f4baa71b1df727eabd75f6.php 第 151 行.
NOTIC: [8] Undefined index: _ /Applications/XAMPP/xamppfiles/htdocs/yoyo/Runtime/Cache/Help/8de808a048f4baa71b1df727eabd75f6.php 第 151 行.
NOTIC: [8] Undefined index: _ /Applications/XAMPP/xamppfiles/htdocs/yoyo/Runtime/Cache/Help/8de808a048f4baa71b1df727eabd75f6.php 第 151 行.
NOTIC: [8] Undefined index: _ /Applications/XAMPP/xamppfiles/htdocs/yoyo/Runtime/Cache/Help/8de808a048f4baa71b1df727eabd75f6.php 第 151 行.
NOTIC: [8] Undefined index: _ /Applications/XAMPP/xamppfiles/htdocs/yoyo/Runtime/Cache/Help/8de808a048f4baa71b1df727eabd75f6.php 第 151 行.
SQL: SHOW COLUMNS FROM `ocenter_member` [ RunTime:0.004328s ]
SQL: SELECT `reg_time` FROM `ocenter_member` WHERE `uid` = 100 LIMIT 1   [ RunTime:0.000312s ]
SQL: SHOW COLUMNS FROM `ocenter_user_config` [ RunTime:0.001921s ]
SQL: SELECT * FROM `ocenter_user_config` WHERE `uid` = 100 AND `name` = 'user_cover' AND `role_id` = 0 AND `model` = '' LIMIT 1   [ RunTime:0.000344s ]
SQL: SHOW COLUMNS FROM `ocenter_picture` [ RunTime:0.001503s ]
SQL: SELECT * FROM `ocenter_picture` WHERE `status` = 1 AND `id` = null LIMIT 1   [ RunTime:0.000246s ]
NOTIC: [2] unlink(./Runtime/Temp/945c180f3240ad0e35d9eb8beb06401b.php): No such file or directory /Applications/XAMPP/xamppfiles/htdocs/yoyo/ThinkPHP/Library/Think/Cache/Driver/File.class.php 第 157 行.
NOTIC: [2] unlink(./Runtime/Temp/deec309cb1249b5b7776ac8c8f45123b.php): No such file or directory /Applications/XAMPP/xamppfiles/htdocs/yoyo/ThinkPHP/Library/Think/Cache/Driver/File.class.php 第 157 行.
SQL: SHOW COLUMNS FROM `ocenter_auth_rule` [ RunTime:0.003156s ]
SQL: SELECT * FROM `ocenter_auth_rule` WHERE `name` = 'Admin/Index/index' AND `status` = 1 LIMIT 1   [ RunTime:0.000259s ]
SQL: SELECT * FROM `ocenter_auth_rule` WHERE `name` = 'Core/Admin/View' AND `status` = 1 LIMIT 1   [ RunTime:0.000321s ]
SQL: SELECT `type`,`name`,`value` FROM `ocenter_config` WHERE `status` = 1  [ RunTime:0.000293s ]
NOTIC: [8] Undefined variable: token /Applications/XAMPP/xamppfiles/htdocs/yoyo/Application/Common/Model/ModuleModel.class.php 第 242 行.
NOTIC: [8] Undefined variable: res /Applications/XAMPP/xamppfiles/htdocs/yoyo/Application/Common/Common/role.php 第 147 行.
INFO: [ action_begin ] --START--
INFO: Run Common\Behavior\InitModuleInfoBehavior [ RunTime:0.000008s ]
INFO: [ action_begin ] --END-- [ RunTime:-0.096736s ]
INFO: [ view_parse ] --START--
INFO: [ template_filter ] --START--
INFO: Run Behavior\ContentReplaceBehavior [ RunTime:0.000089s ]
INFO: [ template_filter ] --END-- [ RunTime:-0.066521s ]
NOTIC: [2] chmod(): Operation not permitted /Applications/XAMPP/xamppfiles/htdocs/yoyo/ThinkPHP/Library/Think/Storage/Driver/File.class.php 第 49 行.
NOTIC: [8] Undefined index: title /Applications/XAMPP/xamppfiles/htdocs/yoyo/Runtime/Cache/Help/7ac86ee1d16e058d630e77679d9f3d59.php 第 6 行.
NOTIC: [8] Undefined index: children /Applications/XAMPP/xamppfiles/htdocs/yoyo/Runtime/Cache/Help/7ac86ee1d16e058d630e77679d9f3d59.php 第 15 行.
NOTIC: [8] Undefined index: li_class /Applications/XAMPP/xamppfiles/htdocs/yoyo/Runtime/Cache/Help/7ac86ee1d16e058d630e77679d9f3d59.php 第 31 行.
NOTIC: [8] Undefined index: a_class /Applications/XAMPP/xamppfiles/htdocs/yoyo/Runtime/Cache/Help/7ac86ee1d16e058d630e77679d9f3d59.php 第 32 行.
NOTIC: [8] Undefined index: icon /Applications/XAMPP/xamppfiles/htdocs/yoyo/Runtime/Cache/Help/7ac86ee1d16e058d630e77679d9f3d59.php 第 33 行.
NOTIC: [8] Undefined index: children /Applications/XAMPP/xamppfiles/htdocs/yoyo/Runtime/Cache/Help/7ac86ee1d16e058d630e77679d9f3d59.php 第 15 行.
NOTIC: [8] Undefined index: li_class /Applications/XAMPP/xamppfiles/htdocs/yoyo/Runtime/Cache/Help/7ac86ee1d16e058d630e77679d9f3d59.php 第 31 行.
NOTIC: [8] Undefined index: a_class /Applications/XAMPP/xamppfiles/htdocs/yoyo/Runtime/Cache/Help/7ac86ee1d16e058d630e77679d9f3d59.php 第 32 行.
NOTIC: [8] Undefined index: icon /Applications/XAMPP/xamppfiles/htdocs/yoyo/Runtime/Cache/Help/7ac86ee1d16e058d630e77679d9f3d59.php 第 33 行.
NOTIC: [8] Undefined index: right /Applications/XAMPP/xamppfiles/htdocs/yoyo/Runtime/Cache/Help/7ac86ee1d16e058d630e77679d9f3d59.php 第 36 行.
INFO: Run Behavior\ParseTemplateBehavior [ RunTime:0.013840s ]
INFO: [ view_parse ] --END-- [ RunTime:0.013882s ]
INFO: [ view_filter ] --START--
INFO: Run Behavior\WriteHtmlCacheBehavior [ RunTime:0.000106s ]
INFO: [ view_filter ] --END-- [ RunTime:0.000127s ]
NOTIC: [8] Undefined variable: text /Applications/XAMPP/xamppfiles/htdocs/yoyo/Runtime/Cache/Help/8de808a048f4baa71b1df727eabd75f6.php 第 395 行.
NOTIC: [8] Undefined index: update_time /Applications/XAMPP/xamppfiles/htdocs/yoyo/Runtime/Cache/Help/8de808a048f4baa71b1df727eabd75f6.php 第 410 行.
NOTIC: [8] Undefined variable: update /Applications/XAMPP/xamppfiles/htdocs/yoyo/Runtime/Cache/Help/8de808a048f4baa71b1df727eabd75f6.php 第 415 行.
NOTIC: [8] Undefined index: update_time /Applications/XAMPP/xamppfiles/htdocs/yoyo/Runtime/Cache/Help/8de808a048f4baa71b1df727eabd75f6.php 第 410 行.
NOTIC: [8] Undefined variable: update /Applications/XAMPP/xamppfiles/htdocs/yoyo/Runtime/Cache/Help/8de808a048f4baa71b1df727eabd75f6.php 第 415 行.
SQL: SELECT `type`,`name`,`value` FROM `ocenter_config` WHERE `status` = 1  [ RunTime:0.000569s ]
NOTIC: [8] Undefined variable: token /Applications/XAMPP/xamppfiles/htdocs/yoyo/Application/Common/Model/ModuleModel.class.php 第 242 行.
NOTIC: [8] Undefined variable: res /Applications/XAMPP/xamppfiles/htdocs/yoyo/Application/Common/Common/role.php 第 147 行.
INFO: [ action_begin ] --START--
INFO: Run Common\Behavior\InitModuleInfoBehavior [ RunTime:0.000012s ]
INFO: [ action_begin ] --END-- [ RunTime:-0.113910s ]
NOTIC: [2] Missing argument 1 for Common\Widget\SuperLinksWidget::superLinks() /Applications/XAMPP/xamppfiles/htdocs/yoyo/Application/Common/Widget/SuperLinksWidget.class.php 第 15 行.
SQL: SHOW COLUMNS FROM `ocenter_super_links` [ RunTime:0.003557s ]
SQL: SELECT * FROM `ocenter_super_links` WHERE ( status = 1 ) ORDER BY level desc,id asc  [ RunTime:0.000251s ]
NOTIC: [2] Invalid argument supplied for foreach() /Applications/XAMPP/xamppfiles/htdocs/yoyo/Application/Common/Model/SuperLinksModel.class.php 第 37 行.
NOTIC: [8] Undefined variable: data /Applications/XAMPP/xamppfiles/htdocs/yoyo/Application/Common/Model/SuperLinksModel.class.php 第 48 行.
NOTIC: [8] Undefined variable: param /Applications/XAMPP/xamppfiles/htdocs/yoyo/Application/Common/Widget/SuperLinksWidget.class.php 第 19 行.
INFO: [ view_parse ] --START--
INFO: [ template_filter ] --START--
INFO: Run Behavior\ContentReplaceBehavior [ RunTime:0.000033s ]
INFO: [ template_filter ] --END-- [ RunTime:-0.082945s ]
NOTIC: [2] chmod(): Operation not permitted /Applications/XAMPP/xamppfiles/htdocs/yoyo/ThinkPHP/Library/Think/Storage/Driver/File.class.php 第 49 行.
INFO: Run Behavior\ParseTemplateBehavior [ RunTime:0.003054s ]
INFO: [ view_parse ] --END-- [ RunTime:-0.007691s ]
INFO: [ view_filter ] --START--
INFO: Run Behavior\WriteHtmlCacheBehavior [ RunTime:0.000011s ]
INFO: [ view_filter ] --END-- [ RunTime:-0.010675s ]
SQL: SELECT `value` FROM `ocenter_config` WHERE `name` = '_CONFIG_QRCODE_BOTTOM' LIMIT 1   [ RunTime:0.000297s ]
NOTIC: [8] Undefined variable: site /Applications/XAMPP/xamppfiles/htdocs/yoyo/Runtime/Cache/Help/8de808a048f4baa71b1df727eabd75f6.php 第 486 行.
INFO: [ pageFooter ] --START--
INFO: Run Addons\SuperLinks\SuperLinksAddon [ RunTime:0.000433s ]
INFO: [ pageFooter ] --END-- [ RunTime:0.000468s ]
SQL: SELECT `type`,`name`,`value` FROM `ocenter_config` WHERE `status` = 1  [ RunTime:0.000341s ]
NOTIC: [8] Undefined variable: token /Applications/XAMPP/xamppfiles/htdocs/yoyo/Application/Common/Model/ModuleModel.class.php 第 242 行.
NOTIC: [8] Undefined variable: res /Applications/XAMPP/xamppfiles/htdocs/yoyo/Application/Common/Common/role.php 第 147 行.
INFO: [ action_begin ] --START--
INFO: Run Common\Behavior\InitModuleInfoBehavior [ RunTime:0.000006s ]
INFO: [ action_begin ] --END-- [ RunTime:-0.125144s ]
SQL: SELECT `type`,`name`,`value` FROM `ocenter_config` WHERE `status` = 1  [ RunTime:0.000436s ]
NOTIC: [8] Undefined variable: token /Applications/XAMPP/xamppfiles/htdocs/yoyo/Application/Common/Model/ModuleModel.class.php 第 242 行.
NOTIC: [8] Undefined variable: res /Applications/XAMPP/xamppfiles/htdocs/yoyo/Application/Common/Common/role.php 第 147 行.
INFO: [ action_begin ] --START--
INFO: Run Common\Behavior\InitModuleInfoBehavior [ RunTime:0.000007s ]
INFO: [ action_begin ] --END-- [ RunTime:-0.126850s ]
INFO: [ view_parse ] --START--
INFO: [ template_filter ] --START--
INFO: Run Behavior\ContentReplaceBehavior [ RunTime:0.000029s ]
INFO: [ template_filter ] --END-- [ RunTime:-0.089788s ]
NOTIC: [2] chmod(): Operation not permitted /Applications/XAMPP/xamppfiles/htdocs/yoyo/ThinkPHP/Library/Think/Storage/Driver/File.class.php 第 49 行.
INFO: Run Behavior\ParseTemplateBehavior [ RunTime:0.002578s ]
INFO: [ view_parse ] --END-- [ RunTime:-0.015627s ]
INFO: [ view_filter ] --START--
INFO: Run Behavior\WriteHtmlCacheBehavior [ RunTime:0.000008s ]
INFO: [ view_filter ] --END-- [ RunTime:-0.018111s ]
INFO: Run Behavior\ParseTemplateBehavior [ RunTime:0.002760s ]
INFO: [ view_parse ] --END-- [ RunTime:-0.015627s ]
INFO: [ view_filter ] --START--
INFO: Run Behavior\WriteHtmlCacheBehavior [ RunTime:0.000005s ]
INFO: [ view_filter ] --END-- [ RunTime:-0.018278s ]
INFO: [ app_end ] --START--
INFO: Run Behavior\ShowPageTraceBehavior [ RunTime:0.000669s ]
INFO: [ app_end ] --END-- [ RunTime:0.000733s ]

