[ 2017-10-29T21:56:01+08:00 ] 127.0.0.1 /yoyo/forum/index
INFO: [ app_init ] --START--
INFO: Run Behavior\BuildLiteBehavior [ RunTime:0.000016s ]
INFO: Run Common\Behavior\InitHookBehavior [ RunTime:0.001174s ]
INFO: [ app_init ] --END-- [ RunTime:0.001300s ]
NOTIC: [8] Undefined index: router /Applications/XAMPP/xamppfiles/htdocs/yoyo/Application/Common/Common/function.php 第 1936 行.
NOTIC: [8] Undefined index: router /Applications/XAMPP/xamppfiles/htdocs/yoyo/Application/Common/Common/function.php 第 1936 行.
NOTIC: [8] Undefined index: router /Applications/XAMPP/xamppfiles/htdocs/yoyo/Application/Common/Common/function.php 第 1936 行.
NOTIC: [8] Undefined index: router /Applications/XAMPP/xamppfiles/htdocs/yoyo/Application/Common/Common/function.php 第 1936 行.
NOTIC: [8] Undefined index: router /Applications/XAMPP/xamppfiles/htdocs/yoyo/Application/Common/Common/function.php 第 1936 行.
NOTIC: [8] Undefined index: router /Applications/XAMPP/xamppfiles/htdocs/yoyo/Application/Common/Common/function.php 第 1936 行.
SQL: SHOW COLUMNS FROM `ocenter_config` [ RunTime:0.005499s ]
SQL: SELECT `type`,`name`,`value` FROM `ocenter_config` WHERE `status` = 1  [ RunTime:0.000423s ]
INFO: [ app_begin ] --START--
INFO: Run Behavior\ReadHtmlCacheBehavior [ RunTime:0.000320s ]
INFO: Run Behavior\CheckLangBehavior [ RunTime:0.015467s ]
INFO: [ app_begin ] --END-- [ RunTime:0.015862s ]
NOTIC: [8192] mysql_connect(): The mysql extension is deprecated and will be removed in the future: use mysqli or PDO instead /Applications/XAMPP/xamppfiles/htdocs/yoyo/ThinkPHP/Library/Think/Session/Driver/Db.class.php 第 95 行.
SQL: SHOW COLUMNS FROM `ocenter_module` [ RunTime:0.002268s ]
SQL: SELECT `type`,`name`,`value` FROM `ocenter_config` WHERE `status` = 1  [ RunTime:0.000320s ]
NOTIC: [8] Undefined variable: token /Applications/XAMPP/xamppfiles/htdocs/yoyo/Application/Common/Model/ModuleModel.class.php 第 242 行.
NOTIC: [8] Undefined variable: res /Applications/XAMPP/xamppfiles/htdocs/yoyo/Application/Common/Common/role.php 第 147 行.
INFO: [ action_begin ] --START--
INFO: Run Common\Behavior\InitModuleInfoBehavior [ RunTime:0.000134s ]
INFO: [ action_begin ] --END-- [ RunTime:0.000203s ]
SQL: SHOW COLUMNS FROM `ocenter_forum` [ RunTime:0.005143s ]
SQL: SELECT `value` FROM `ocenter_config` WHERE `name` = '_FORUM_CACHE_TIME' LIMIT 1   [ RunTime:0.000713s ]
SQL: SHOW COLUMNS FROM `ocenter_forum` [ RunTime:0.003327s ]
SQL: SELECT * FROM `ocenter_forum` WHERE `status` = 1 ORDER BY sort asc  [ RunTime:0.000693s ]
SQL: SHOW COLUMNS FROM `ocenter_forum_post` [ RunTime:0.002096s ]
SQL: SHOW COLUMNS FROM `ocenter_forum_post_reply` [ RunTime:0.003577s ]
SQL: SHOW COLUMNS FROM `ocenter_picture` [ RunTime:0.002600s ]
SQL: SELECT * FROM `ocenter_picture` WHERE `status` = 1 AND `id` = 123 LIMIT 1   [ RunTime:0.000340s ]
NOTIC: [2] unlink(./Runtime/Temp/e6d44ae3ac191192b59ba2a10589f6e2.php): No such file or directory /Applications/XAMPP/xamppfiles/htdocs/yoyo/ThinkPHP/Library/Think/Cache/Driver/File.class.php 第 157 行.
NOTIC: [2] unlink(./Runtime/Temp/25ed2f182623f0e5e1bbad5dbc82913b.php): No such file or directory /Applications/XAMPP/xamppfiles/htdocs/yoyo/ThinkPHP/Library/Think/Cache/Driver/File.class.php 第 157 行.
SQL: SELECT * FROM `ocenter_picture` WHERE `status` = 1 AND `id` = 133 LIMIT 1   [ RunTime:0.000200s ]
NOTIC: [2] unlink(./Runtime/Temp/cb4110b3e2f8aa0869b3bc1025ff4524.php): No such file or directory /Applications/XAMPP/xamppfiles/htdocs/yoyo/ThinkPHP/Library/Think/Cache/Driver/File.class.php 第 157 行.
NOTIC: [2] unlink(./Runtime/Temp/5e610e8e7e9fdffb5d557f701fba095c.php): No such file or directory /Applications/XAMPP/xamppfiles/htdocs/yoyo/ThinkPHP/Library/Think/Cache/Driver/File.class.php 第 157 行.
SQL: SELECT COUNT(*) AS tp_count FROM `ocenter_forum_post` WHERE `status` = 1 AND `forum_id` = 1 LIMIT 1   [ RunTime:0.000170s ]
SQL: SELECT `id` FROM `ocenter_forum_post` WHERE `forum_id` = 1  [ RunTime:0.000145s ]
NOTIC: [2] implode(): Invalid arguments passed /Applications/XAMPP/xamppfiles/htdocs/yoyo/Application/Forum/Model/ForumModel.class.php 第 71 行.
NOTIC: [2] implode(): Invalid arguments passed /Applications/XAMPP/xamppfiles/htdocs/yoyo/ThinkPHP/Library/Think/Db.class.php 第 497 行.
SQL: SELECT COUNT(*) AS tp_count FROM `ocenter_forum_post_reply` WHERE `status` = 1 AND `post_id` IN () LIMIT 1   [ RunTime:0.000136s ]
ERR: 1064:You have an error in your SQL syntax; check the manual that corresponds to your MariaDB server version for the right syntax to use near ') LIMIT 1' at line 1
 [ SQL语句 ] : SELECT COUNT(*) AS tp_count FROM `ocenter_forum_post_reply` WHERE `status` = 1 AND `post_id` IN () LIMIT 1  
SQL: SELECT * FROM `ocenter_picture` WHERE `status` = 1 AND `id` = 117 LIMIT 1   [ RunTime:0.000299s ]
NOTIC: [2] unlink(./Runtime/Temp/3f089998cb439b7fd2ba6899d3c1f05b.php): No such file or directory /Applications/XAMPP/xamppfiles/htdocs/yoyo/ThinkPHP/Library/Think/Cache/Driver/File.class.php 第 157 行.
NOTIC: [2] unlink(./Runtime/Temp/4fba539807615febee4a99a5d104301e.php): No such file or directory /Applications/XAMPP/xamppfiles/htdocs/yoyo/ThinkPHP/Library/Think/Cache/Driver/File.class.php 第 157 行.
SQL: SELECT * FROM `ocenter_picture` WHERE `status` = 1 AND `id` = 134 LIMIT 1   [ RunTime:0.000684s ]
NOTIC: [2] unlink(./Runtime/Temp/0e938c9c3a6a05031beadfc4543e6def.php): No such file or directory /Applications/XAMPP/xamppfiles/htdocs/yoyo/ThinkPHP/Library/Think/Cache/Driver/File.class.php 第 157 行.
NOTIC: [2] unlink(./Runtime/Temp/755d2d45c2411fe4fc803ca904647dac.php): No such file or directory /Applications/XAMPP/xamppfiles/htdocs/yoyo/ThinkPHP/Library/Think/Cache/Driver/File.class.php 第 157 行.
SQL: SELECT COUNT(*) AS tp_count FROM `ocenter_forum_post` WHERE `status` = 1 AND `forum_id` = 2 LIMIT 1   [ RunTime:0.000605s ]
SQL: SELECT `id` FROM `ocenter_forum_post` WHERE `forum_id` = 2  [ RunTime:0.000803s ]
NOTIC: [2] implode(): Invalid arguments passed /Applications/XAMPP/xamppfiles/htdocs/yoyo/Application/Forum/Model/ForumModel.class.php 第 71 行.
NOTIC: [2] implode(): Invalid arguments passed /Applications/XAMPP/xamppfiles/htdocs/yoyo/ThinkPHP/Library/Think/Db.class.php 第 497 行.
SQL: SELECT COUNT(*) AS tp_count FROM `ocenter_forum_post_reply` WHERE `status` = 1 AND `post_id` IN () LIMIT 1   [ RunTime:0.000242s ]
ERR: 1064:You have an error in your SQL syntax; check the manual that corresponds to your MariaDB server version for the right syntax to use near ') LIMIT 1' at line 1
 [ SQL语句 ] : SELECT COUNT(*) AS tp_count FROM `ocenter_forum_post_reply` WHERE `status` = 1 AND `post_id` IN () LIMIT 1  
SQL: SHOW COLUMNS FROM `ocenter_follow` [ RunTime:0.002302s ]
SQL: SELECT * FROM `ocenter_follow` WHERE `who_follow` = 100 AND `follow_who` = 1 LIMIT 1   [ RunTime:0.000621s ]
SQL: select nickname from `ocenter_member`,`ocenter_ucenter_member` where uid=id and uid=2 limit 1 [ RunTime:0.000532s ]
NOTIC: [8] Undefined offset: 0 /Applications/XAMPP/xamppfiles/htdocs/yoyo/Application/Common/Model/UserModel.class.php 第 72 行.
NOTIC: [2] Invalid argument supplied for foreach() /Applications/XAMPP/xamppfiles/htdocs/yoyo/Application/Common/Model/UserModel.class.php 第 567 行.
NOTIC: [8] Undefined index: nickname /Applications/XAMPP/xamppfiles/htdocs/yoyo/Application/Common/Model/UserModel.class.php 第 82 行.
SQL: SELECT * FROM `ocenter_follow` WHERE `who_follow` = 100 AND `follow_who` = 2 LIMIT 1   [ RunTime:0.000529s ]
SQL: SHOW COLUMNS FROM `ocenter_ucenter_short` [ RunTime:0.003611s ]
SQL: SELECT * FROM `ocenter_ucenter_short` WHERE `uid` = 2 AND `status` = 1 LIMIT 1   [ RunTime:0.000869s ]
NOTIC: [8] Undefined index: nickname /Applications/XAMPP/xamppfiles/htdocs/yoyo/Application/Common/Model/UserModel.class.php 第 449 行.
SQL: SELECT * FROM `ocenter_forum` WHERE `id` = 1 AND `status` = 1 LIMIT 1   [ RunTime:0.000808s ]
SQL: SHOW COLUMNS FROM `ocenter_auth_group_access` [ RunTime:0.002439s ]
SQL: SELECT * FROM `ocenter_auth_group_access` WHERE `uid` = 100  [ RunTime:0.000239s ]
SQL: SELECT * FROM `ocenter_forum` WHERE `id` = 2 AND `status` = 1 LIMIT 1   [ RunTime:0.000235s ]
SQL: SELECT * FROM `ocenter_auth_group_access` WHERE `uid` = 100  [ RunTime:0.000207s ]
SQL: SHOW COLUMNS FROM `ocenter_forum_type` [ RunTime:0.003713s ]
SQL: SELECT * FROM `ocenter_forum_type` WHERE `status` = 1 ORDER BY sort asc  [ RunTime:0.000610s ]
SQL: SELECT * FROM `ocenter_forum` WHERE `status` = 1 AND `type_id` = 1 ORDER BY sort asc  [ RunTime:0.000569s ]
SQL: SELECT * FROM `ocenter_picture` WHERE `status` = 1 AND `id` = 123 LIMIT 1   [ RunTime:0.000395s ]
NOTIC: [2] unlink(./Runtime/Temp/e6d44ae3ac191192b59ba2a10589f6e2.php): No such file or directory /Applications/XAMPP/xamppfiles/htdocs/yoyo/ThinkPHP/Library/Think/Cache/Driver/File.class.php 第 157 行.
NOTIC: [2] unlink(./Runtime/Temp/25ed2f182623f0e5e1bbad5dbc82913b.php): No such file or directory /Applications/XAMPP/xamppfiles/htdocs/yoyo/ThinkPHP/Library/Think/Cache/Driver/File.class.php 第 157 行.
SQL: SELECT * FROM `ocenter_picture` WHERE `status` = 1 AND `id` = 133 LIMIT 1   [ RunTime:0.000353s ]
NOTIC: [2] unlink(./Runtime/Temp/cb4110b3e2f8aa0869b3bc1025ff4524.php): No such file or directory /Applications/XAMPP/xamppfiles/htdocs/yoyo/ThinkPHP/Library/Think/Cache/Driver/File.class.php 第 157 行.
NOTIC: [2] unlink(./Runtime/Temp/5e610e8e7e9fdffb5d557f701fba095c.php): No such file or directory /Applications/XAMPP/xamppfiles/htdocs/yoyo/ThinkPHP/Library/Think/Cache/Driver/File.class.php 第 157 行.
SQL: SELECT COUNT(*) AS tp_count FROM `ocenter_forum_post` WHERE `status` = 1 AND `forum_id` = 1 LIMIT 1   [ RunTime:0.000148s ]
SQL: SELECT `id` FROM `ocenter_forum_post` WHERE `forum_id` = 1  [ RunTime:0.000152s ]
NOTIC: [2] implode(): Invalid arguments passed /Applications/XAMPP/xamppfiles/htdocs/yoyo/Application/Forum/Model/ForumModel.class.php 第 71 行.
NOTIC: [2] implode(): Invalid arguments passed /Applications/XAMPP/xamppfiles/htdocs/yoyo/ThinkPHP/Library/Think/Db.class.php 第 497 行.
SQL: SELECT COUNT(*) AS tp_count FROM `ocenter_forum_post_reply` WHERE `status` = 1 AND `post_id` IN () LIMIT 1   [ RunTime:0.000138s ]
ERR: 1064:You have an error in your SQL syntax; check the manual that corresponds to your MariaDB server version for the right syntax to use near ') LIMIT 1' at line 1
 [ SQL语句 ] : SELECT COUNT(*) AS tp_count FROM `ocenter_forum_post_reply` WHERE `status` = 1 AND `post_id` IN () LIMIT 1  
SQL: SELECT * FROM `ocenter_follow` WHERE `who_follow` = 100 AND `follow_who` = 1 LIMIT 1   [ RunTime:0.000693s ]
SQL: select nickname from `ocenter_member`,`ocenter_ucenter_member` where uid=id and uid=2 limit 1 [ RunTime:0.000437s ]
NOTIC: [8] Undefined offset: 0 /Applications/XAMPP/xamppfiles/htdocs/yoyo/Application/Common/Model/UserModel.class.php 第 72 行.
NOTIC: [2] Invalid argument supplied for foreach() /Applications/XAMPP/xamppfiles/htdocs/yoyo/Application/Common/Model/UserModel.class.php 第 567 行.
NOTIC: [8] Undefined index: nickname /Applications/XAMPP/xamppfiles/htdocs/yoyo/Application/Common/Model/UserModel.class.php 第 82 行.
SQL: SELECT * FROM `ocenter_follow` WHERE `who_follow` = 100 AND `follow_who` = 2 LIMIT 1   [ RunTime:0.000323s ]
SQL: SELECT * FROM `ocenter_forum` WHERE `status` = 1 AND `type_id` = 2 ORDER BY sort asc  [ RunTime:0.000272s ]
SQL: SELECT * FROM `ocenter_picture` WHERE `status` = 1 AND `id` = 117 LIMIT 1   [ RunTime:0.000180s ]
NOTIC: [2] unlink(./Runtime/Temp/3f089998cb439b7fd2ba6899d3c1f05b.php): No such file or directory /Applications/XAMPP/xamppfiles/htdocs/yoyo/ThinkPHP/Library/Think/Cache/Driver/File.class.php 第 157 行.
NOTIC: [2] unlink(./Runtime/Temp/4fba539807615febee4a99a5d104301e.php): No such file or directory /Applications/XAMPP/xamppfiles/htdocs/yoyo/ThinkPHP/Library/Think/Cache/Driver/File.class.php 第 157 行.
SQL: SELECT * FROM `ocenter_picture` WHERE `status` = 1 AND `id` = 134 LIMIT 1   [ RunTime:0.000168s ]
NOTIC: [2] unlink(./Runtime/Temp/0e938c9c3a6a05031beadfc4543e6def.php): No such file or directory /Applications/XAMPP/xamppfiles/htdocs/yoyo/ThinkPHP/Library/Think/Cache/Driver/File.class.php 第 157 行.
NOTIC: [2] unlink(./Runtime/Temp/755d2d45c2411fe4fc803ca904647dac.php): No such file or directory /Applications/XAMPP/xamppfiles/htdocs/yoyo/ThinkPHP/Library/Think/Cache/Driver/File.class.php 第 157 行.
SQL: SELECT COUNT(*) AS tp_count FROM `ocenter_forum_post` WHERE `status` = 1 AND `forum_id` = 2 LIMIT 1   [ RunTime:0.000199s ]
SQL: SELECT `id` FROM `ocenter_forum_post` WHERE `forum_id` = 2  [ RunTime:0.000148s ]
NOTIC: [2] implode(): Invalid arguments passed /Applications/XAMPP/xamppfiles/htdocs/yoyo/Application/Forum/Model/ForumModel.class.php 第 71 行.
NOTIC: [2] implode(): Invalid arguments passed /Applications/XAMPP/xamppfiles/htdocs/yoyo/ThinkPHP/Library/Think/Db.class.php 第 497 行.
SQL: SELECT COUNT(*) AS tp_count FROM `ocenter_forum_post_reply` WHERE `status` = 1 AND `post_id` IN () LIMIT 1   [ RunTime:0.000122s ]
ERR: 1064:You have an error in your SQL syntax; check the manual that corresponds to your MariaDB server version for the right syntax to use near ') LIMIT 1' at line 1
 [ SQL语句 ] : SELECT COUNT(*) AS tp_count FROM `ocenter_forum_post_reply` WHERE `status` = 1 AND `post_id` IN () LIMIT 1  
SQL: SHOW COLUMNS FROM `ocenter_forum_post` [ RunTime:0.001016s ]
SQL: SELECT COUNT(*) AS tp_count FROM `ocenter_forum_post` WHERE `uid` = 100 LIMIT 1   [ RunTime:0.000208s ]
SQL: SHOW COLUMNS FROM `ocenter_forum_post_reply` [ RunTime:0.003356s ]
SQL: SELECT COUNT(*) AS tp_count FROM `ocenter_forum_post_reply` WHERE `uid` = 100 LIMIT 1   [ RunTime:0.000336s ]
SQL: SHOW COLUMNS FROM `ocenter_member` [ RunTime:0.003354s ]
SQL: SELECT COUNT(*) AS tp_count FROM `ocenter_member` WHERE `status` = 1 LIMIT 1   [ RunTime:0.000252s ]
SQL: SELECT `uid` FROM `ocenter_member` WHERE `status` = 1 ORDER BY reg_time desc LIMIT 1   [ RunTime:0.000267s ]
SQL: SELECT * FROM `ocenter_follow` WHERE `who_follow` = 100 AND `follow_who` = 147 LIMIT 1   [ RunTime:0.000357s ]
SQL: SELECT COUNT(*) AS tp_count FROM `ocenter_forum_post` WHERE `create_time` BETWEEN 1509206400 AND 1509292800 LIMIT 1   [ RunTime:0.000269s ]
SQL: SELECT COUNT(*) AS tp_count FROM `ocenter_forum_post` WHERE `create_time` BETWEEN 1509120000 AND 1509206400 LIMIT 1   [ RunTime:0.000156s ]
SQL: SELECT COUNT(*) AS tp_count FROM `ocenter_forum` WHERE `status` = 1 LIMIT 1   [ RunTime:0.000247s ]
SQL: SELECT COUNT(*) AS tp_count FROM `ocenter_forum_post` WHERE `status` = 1 LIMIT 1   [ RunTime:0.000155s ]
SQL: SELECT COUNT(*) AS tp_count FROM `ocenter_forum_post_reply` WHERE `status` = 1 LIMIT 1   [ RunTime:0.000159s ]
SQL: SHOW COLUMNS FROM `ocenter_forum_lzl_reply` [ RunTime:0.002907s ]
SQL: SELECT COUNT(*) AS tp_count FROM `ocenter_forum_lzl_reply` LIMIT 1   [ RunTime:0.000204s ]
SQL: SELECT * FROM `ocenter_forum_post` WHERE (  status=1 AND is_top=2 ) ORDER BY last_reply_time desc  [ RunTime:0.000307s ]
SQL: SELECT * FROM `ocenter_follow` WHERE `who_follow` = 100 AND `follow_who` = 1 LIMIT 1   [ RunTime:0.000377s ]
SQL: select nickname from `ocenter_member`,`ocenter_ucenter_member` where uid=id and uid=2 limit 1 [ RunTime:0.000298s ]
NOTIC: [8] Undefined offset: 0 /Applications/XAMPP/xamppfiles/htdocs/yoyo/Application/Common/Model/UserModel.class.php 第 72 行.
NOTIC: [2] Invalid argument supplied for foreach() /Applications/XAMPP/xamppfiles/htdocs/yoyo/Application/Common/Model/UserModel.class.php 第 567 行.
NOTIC: [8] Undefined index: nickname /Applications/XAMPP/xamppfiles/htdocs/yoyo/Application/Common/Model/UserModel.class.php 第 82 行.
SQL: SELECT * FROM `ocenter_follow` WHERE `who_follow` = 100 AND `follow_who` = 2 LIMIT 1   [ RunTime:0.000277s ]
NOTIC: [2] Invalid argument supplied for foreach() /Applications/XAMPP/xamppfiles/htdocs/yoyo/Application/Forum/Model/ForumPostModel.class.php 第 124 行.
SQL: SELECT `value` FROM `ocenter_config` WHERE `name` = '_FORUM_FORM_POST_SHOW_NUM_INDEX' LIMIT 1   [ RunTime:0.000232s ]
SQL: SELECT * FROM `ocenter_forum_post` WHERE `status` = 1 ORDER BY last_reply_time desc LIMIT 0,5   [ RunTime:0.000251s ]
SQL: SELECT COUNT(*) AS tp_count FROM `ocenter_forum_post` WHERE `status` = 1 LIMIT 1   [ RunTime:0.000148s ]
SQL: SELECT * FROM `ocenter_follow` WHERE `who_follow` = 100 AND `follow_who` = 1 LIMIT 1   [ RunTime:0.000217s ]
SQL: select nickname from `ocenter_member`,`ocenter_ucenter_member` where uid=id and uid=2 limit 1 [ RunTime:0.000222s ]
NOTIC: [8] Undefined offset: 0 /Applications/XAMPP/xamppfiles/htdocs/yoyo/Application/Common/Model/UserModel.class.php 第 72 行.
NOTIC: [2] Invalid argument supplied for foreach() /Applications/XAMPP/xamppfiles/htdocs/yoyo/Application/Common/Model/UserModel.class.php 第 567 行.
NOTIC: [8] Undefined index: nickname /Applications/XAMPP/xamppfiles/htdocs/yoyo/Application/Common/Model/UserModel.class.php 第 82 行.
SQL: SELECT * FROM `ocenter_follow` WHERE `who_follow` = 100 AND `follow_who` = 2 LIMIT 1   [ RunTime:0.000194s ]
NOTIC: [2] Invalid argument supplied for foreach() /Applications/XAMPP/xamppfiles/htdocs/yoyo/Application/Forum/Model/ForumPostModel.class.php 第 124 行.
SQL: SELECT `value` FROM `ocenter_config` WHERE `name` = '_FORUM_SUGGESTION_POSTS' LIMIT 1   [ RunTime:0.000167s ]
SQL: SHOW COLUMNS FROM `ocenter_forum_post` [ RunTime:0.004486s ]
SQL: SELECT * FROM `ocenter_forum_post` WHERE `id` = 23 LIMIT 1   [ RunTime:0.000261s ]
NOTIC: [8] Undefined offset: 0 /Applications/XAMPP/xamppfiles/htdocs/yoyo/Application/Forum/Controller/IndexController.class.php 第 193 行.
NOTIC: [8] Undefined offset: 0 /Applications/XAMPP/xamppfiles/htdocs/yoyo/Application/Forum/Controller/IndexController.class.php 第 196 行.
NOTIC: [8] Undefined index: content /Applications/XAMPP/xamppfiles/htdocs/yoyo/Application/Forum/Controller/IndexController.class.php 第 176 行.
SQL: SELECT * FROM `ocenter_follow` WHERE `who_follow` = 100 AND `follow_who` = 1 LIMIT 1   [ RunTime:0.000256s ]
SQL: select nickname from `ocenter_member`,`ocenter_ucenter_member` where uid=id and uid=2 limit 1 [ RunTime:0.000186s ]
NOTIC: [8] Undefined offset: 0 /Applications/XAMPP/xamppfiles/htdocs/yoyo/Application/Common/Model/UserModel.class.php 第 72 行.
NOTIC: [2] Invalid argument supplied for foreach() /Applications/XAMPP/xamppfiles/htdocs/yoyo/Application/Common/Model/UserModel.class.php 第 567 行.
NOTIC: [8] Undefined index: nickname /Applications/XAMPP/xamppfiles/htdocs/yoyo/Application/Common/Model/UserModel.class.php 第 82 行.
SQL: SELECT * FROM `ocenter_follow` WHERE `who_follow` = 100 AND `follow_who` = 2 LIMIT 1   [ RunTime:0.000229s ]
SQL: SHOW COLUMNS FROM `ocenter_forum` [ RunTime:0.001464s ]
SQL: SELECT `value` FROM `ocenter_config` WHERE `name` = '_FORUM_HOT_FORUM' LIMIT 1   [ RunTime:0.000212s ]
SQL: SELECT * FROM `ocenter_forum` WHERE `id` IN ('1','2','3') AND `status` = 1 ORDER BY post_count desc  [ RunTime:0.000332s ]
SQL: SHOW COLUMNS FROM `ocenter_forum_follow` [ RunTime:0.003689s ]
SQL: SELECT COUNT(*) AS tp_count FROM `ocenter_forum_follow` WHERE `forum_id` = 2 AND `uid` = 100 LIMIT 1   [ RunTime:0.000276s ]
SQL: SELECT COUNT(*) AS tp_count FROM `ocenter_forum_follow` WHERE `forum_id` = 1 AND `uid` = 100 LIMIT 1   [ RunTime:0.000245s ]
SQL: SELECT `value` FROM `ocenter_config` WHERE `name` = '_FORUM_RECOMMAND_FORUM' LIMIT 1   [ RunTime:0.000186s ]
SQL: SELECT * FROM `ocenter_forum` WHERE `id` IN ('1','2','3') AND `status` = 1 ORDER BY post_count desc  [ RunTime:0.000453s ]
SQL: SELECT COUNT(*) AS tp_count FROM `ocenter_forum_follow` WHERE `forum_id` = 2 AND `uid` = 100 LIMIT 1   [ RunTime:0.000308s ]
SQL: SELECT COUNT(*) AS tp_count FROM `ocenter_forum_follow` WHERE `forum_id` = 1 AND `uid` = 100 LIMIT 1   [ RunTime:0.001054s ]
SQL: SELECT `uid`,count(id) as post_count FROM `ocenter_forum_post` GROUP BY uid ORDER BY post_count desc LIMIT 9   [ RunTime:0.000422s ]
NOTIC: [2] Invalid argument supplied for foreach() /Applications/XAMPP/xamppfiles/htdocs/yoyo/Application/Forum/Controller/IndexController.class.php 第 149 行.
NOTIC: [2] unlink(./Runtime/Temp/368847d097f3ba8fc0b32086c3d05e7a.php): No such file or directory /Applications/XAMPP/xamppfiles/htdocs/yoyo/ThinkPHP/Library/Think/Cache/Driver/File.class.php 第 157 行.
NOTIC: [2] unlink(./Runtime/Temp/5bfc07822515668d72181260089d2731.php): No such file or directory /Applications/XAMPP/xamppfiles/htdocs/yoyo/ThinkPHP/Library/Think/Cache/Driver/File.class.php 第 157 行.
INFO: [ view_parse ] --START--
INFO: [ template_filter ] --START--
INFO: Run Behavior\ContentReplaceBehavior [ RunTime:0.000228s ]
INFO: [ template_filter ] --END-- [ RunTime:0.000264s ]
INFO: [ syncMeta ] --START--
INFO: Run Addons\SyncLogin\SyncLoginAddon [ RunTime:0.000694s ]
INFO: [ syncMeta ] --END-- [ RunTime:0.000745s ]
NOTIC: [8] Undefined variable: seo /Applications/XAMPP/xamppfiles/htdocs/yoyo/Runtime/Cache/Forum/24ded19c358067d9efdb58e594ffbf10.php 第 9 行.
SQL: SHOW COLUMNS FROM `ocenter_seo_rule` [ RunTime:0.002042s ]
NOTIC: [8192] mysql_escape_string(): This function is deprecated; use mysql_real_escape_string() instead. /Applications/XAMPP/xamppfiles/htdocs/yoyo/Application/Common/Model/SeoRuleModel.class.php 第 78 行.
NOTIC: [8192] mysql_escape_string(): This function is deprecated; use mysql_real_escape_string() instead. /Applications/XAMPP/xamppfiles/htdocs/yoyo/Application/Common/Model/SeoRuleModel.class.php 第 79 行.
NOTIC: [8192] mysql_escape_string(): This function is deprecated; use mysql_real_escape_string() instead. /Applications/XAMPP/xamppfiles/htdocs/yoyo/Application/Common/Model/SeoRuleModel.class.php 第 80 行.
SQL: SELECT * FROM `ocenter_seo_rule` WHERE ( (app='' or app='Forum') and (controller='' or controller='Index') and (action='' or action='index') and status=1 ) ORDER BY sort asc  [ RunTime:0.000283s ]
SQL: SELECT `type`,`name`,`value` FROM `ocenter_config` WHERE `status` = 1  [ RunTime:0.000388s ]
SQL: SHOW COLUMNS FROM `ocenter_pushing` [ RunTime:0.002397s ]
ERR: 1146:Table 'yoyobit.ocenter_pushing' doesn't exist
 [ SQL语句 ] : SHOW COLUMNS FROM `ocenter_pushing`
SQL: SHOW COLUMNS FROM `ocenter_member` [ RunTime:0.003214s ]
SQL: SHOW COLUMNS FROM `ocenter_channel` [ RunTime:0.003287s ]
NOTIC: [8] Undefined index: _ /Applications/XAMPP/xamppfiles/htdocs/yoyo/Runtime/Cache/Forum/24ded19c358067d9efdb58e594ffbf10.php 第 150 行.
NOTIC: [8] Undefined index: _ /Applications/XAMPP/xamppfiles/htdocs/yoyo/Runtime/Cache/Forum/24ded19c358067d9efdb58e594ffbf10.php 第 150 行.
NOTIC: [8] Undefined index: _ /Applications/XAMPP/xamppfiles/htdocs/yoyo/Runtime/Cache/Forum/24ded19c358067d9efdb58e594ffbf10.php 第 150 行.
NOTIC: [8] Undefined variable: module /Applications/XAMPP/xamppfiles/htdocs/yoyo/ThinkPHP/Common/functions.php 第 1052 行.
NOTIC: [8] Undefined variable: var /Applications/XAMPP/xamppfiles/htdocs/yoyo/ThinkPHP/Common/functions.php 第 1052 行.
NOTIC: [8] Undefined variable: varController /Applications/XAMPP/xamppfiles/htdocs/yoyo/ThinkPHP/Common/functions.php 第 1052 行.
NOTIC: [8] Undefined variable: var /Applications/XAMPP/xamppfiles/htdocs/yoyo/ThinkPHP/Common/functions.php 第 1052 行.
NOTIC: [8] Undefined variable: varAction /Applications/XAMPP/xamppfiles/htdocs/yoyo/ThinkPHP/Common/functions.php 第 1052 行.
NOTIC: [8] Undefined index: _ /Applications/XAMPP/xamppfiles/htdocs/yoyo/Runtime/Cache/Forum/24ded19c358067d9efdb58e594ffbf10.php 第 150 行.
NOTIC: [8] Undefined index: _ /Applications/XAMPP/xamppfiles/htdocs/yoyo/Runtime/Cache/Forum/24ded19c358067d9efdb58e594ffbf10.php 第 150 行.
NOTIC: [8] Undefined variable: module /Applications/XAMPP/xamppfiles/htdocs/yoyo/ThinkPHP/Common/functions.php 第 1052 行.
NOTIC: [8] Undefined variable: var /Applications/XAMPP/xamppfiles/htdocs/yoyo/ThinkPHP/Common/functions.php 第 1052 行.
NOTIC: [8] Undefined variable: varController /Applications/XAMPP/xamppfiles/htdocs/yoyo/ThinkPHP/Common/functions.php 第 1052 行.
NOTIC: [8] Undefined variable: var /Applications/XAMPP/xamppfiles/htdocs/yoyo/ThinkPHP/Common/functions.php 第 1052 行.
NOTIC: [8] Undefined variable: varAction /Applications/XAMPP/xamppfiles/htdocs/yoyo/ThinkPHP/Common/functions.php 第 1052 行.
NOTIC: [8] Undefined variable: module /Applications/XAMPP/xamppfiles/htdocs/yoyo/ThinkPHP/Common/functions.php 第 1052 行.
NOTIC: [8] Undefined variable: var /Applications/XAMPP/xamppfiles/htdocs/yoyo/ThinkPHP/Common/functions.php 第 1052 行.
NOTIC: [8] Undefined variable: varController /Applications/XAMPP/xamppfiles/htdocs/yoyo/ThinkPHP/Common/functions.php 第 1052 行.
NOTIC: [8] Undefined variable: var /Applications/XAMPP/xamppfiles/htdocs/yoyo/ThinkPHP/Common/functions.php 第 1052 行.
NOTIC: [8] Undefined variable: varAction /Applications/XAMPP/xamppfiles/htdocs/yoyo/ThinkPHP/Common/functions.php 第 1052 行.
NOTIC: [8] Undefined variable: module /Applications/XAMPP/xamppfiles/htdocs/yoyo/ThinkPHP/Common/functions.php 第 1052 行.
NOTIC: [8] Undefined variable: var /Applications/XAMPP/xamppfiles/htdocs/yoyo/ThinkPHP/Common/functions.php 第 1052 行.
NOTIC: [8] Undefined variable: varController /Applications/XAMPP/xamppfiles/htdocs/yoyo/ThinkPHP/Common/functions.php 第 1052 行.
NOTIC: [8] Undefined variable: var /Applications/XAMPP/xamppfiles/htdocs/yoyo/ThinkPHP/Common/functions.php 第 1052 行.
NOTIC: [8] Undefined variable: varAction /Applications/XAMPP/xamppfiles/htdocs/yoyo/ThinkPHP/Common/functions.php 第 1052 行.
NOTIC: [8] Undefined variable: module /Applications/XAMPP/xamppfiles/htdocs/yoyo/ThinkPHP/Common/functions.php 第 1052 行.
NOTIC: [8] Undefined variable: var /Applications/XAMPP/xamppfiles/htdocs/yoyo/ThinkPHP/Common/functions.php 第 1052 行.
NOTIC: [8] Undefined variable: varController /Applications/XAMPP/xamppfiles/htdocs/yoyo/ThinkPHP/Common/functions.php 第 1052 行.
NOTIC: [8] Undefined variable: var /Applications/XAMPP/xamppfiles/htdocs/yoyo/ThinkPHP/Common/functions.php 第 1052 行.
NOTIC: [8] Undefined variable: varAction /Applications/XAMPP/xamppfiles/htdocs/yoyo/ThinkPHP/Common/functions.php 第 1052 行.
SQL: SELECT `reg_time` FROM `ocenter_member` WHERE `uid` = 100 LIMIT 1   [ RunTime:0.000479s ]
SQL: SHOW COLUMNS FROM `ocenter_user_config` [ RunTime:0.002115s ]
SQL: SELECT * FROM `ocenter_user_config` WHERE `uid` = 100 AND `name` = 'user_cover' AND `role_id` = 0 AND `model` = '' LIMIT 1   [ RunTime:0.000257s ]
SQL: SELECT * FROM `ocenter_picture` WHERE `status` = 1 AND `id` = null LIMIT 1   [ RunTime:0.000222s ]
NOTIC: [2] unlink(./Runtime/Temp/945c180f3240ad0e35d9eb8beb06401b.php): No such file or directory /Applications/XAMPP/xamppfiles/htdocs/yoyo/ThinkPHP/Library/Think/Cache/Driver/File.class.php 第 157 行.
NOTIC: [2] unlink(./Runtime/Temp/deec309cb1249b5b7776ac8c8f45123b.php): No such file or directory /Applications/XAMPP/xamppfiles/htdocs/yoyo/ThinkPHP/Library/Think/Cache/Driver/File.class.php 第 157 行.
NOTIC: [8] Undefined index: space_url /Applications/XAMPP/xamppfiles/htdocs/yoyo/Runtime/Cache/Forum/24ded19c358067d9efdb58e594ffbf10.php 第 223 行.
NOTIC: [8] Undefined index: score /Applications/XAMPP/xamppfiles/htdocs/yoyo/Runtime/Cache/Forum/24ded19c358067d9efdb58e594ffbf10.php 第 255 行.
NOTIC: [8] Undefined index: score /Applications/XAMPP/xamppfiles/htdocs/yoyo/Runtime/Cache/Forum/24ded19c358067d9efdb58e594ffbf10.php 第 267 行.
NOTIC: [8] Undefined variable: module /Applications/XAMPP/xamppfiles/htdocs/yoyo/ThinkPHP/Common/functions.php 第 1052 行.
NOTIC: [8] Undefined variable: var /Applications/XAMPP/xamppfiles/htdocs/yoyo/ThinkPHP/Common/functions.php 第 1052 行.
NOTIC: [8] Undefined variable: varController /Applications/XAMPP/xamppfiles/htdocs/yoyo/ThinkPHP/Common/functions.php 第 1052 行.
NOTIC: [8] Undefined variable: var /Applications/XAMPP/xamppfiles/htdocs/yoyo/ThinkPHP/Common/functions.php 第 1052 行.
NOTIC: [8] Undefined variable: varAction /Applications/XAMPP/xamppfiles/htdocs/yoyo/ThinkPHP/Common/functions.php 第 1052 行.
NOTIC: [8] Undefined variable: module /Applications/XAMPP/xamppfiles/htdocs/yoyo/ThinkPHP/Common/functions.php 第 1052 行.
NOTIC: [8] Undefined variable: var /Applications/XAMPP/xamppfiles/htdocs/yoyo/ThinkPHP/Common/functions.php 第 1052 行.
NOTIC: [8] Undefined variable: varController /Applications/XAMPP/xamppfiles/htdocs/yoyo/ThinkPHP/Common/functions.php 第 1052 行.
NOTIC: [8] Undefined variable: var /Applications/XAMPP/xamppfiles/htdocs/yoyo/ThinkPHP/Common/functions.php 第 1052 行.
NOTIC: [8] Undefined variable: varAction /Applications/XAMPP/xamppfiles/htdocs/yoyo/ThinkPHP/Common/functions.php 第 1052 行.
SQL: SHOW COLUMNS FROM `ocenter_auth_rule` [ RunTime:0.002070s ]
SQL: SELECT * FROM `ocenter_auth_rule` WHERE `name` = 'Admin/Index/index' AND `status` = 1 LIMIT 1   [ RunTime:0.000275s ]
SQL: SELECT * FROM `ocenter_auth_rule` WHERE `name` = 'Core/Admin/View' AND `status` = 1 LIMIT 1   [ RunTime:0.000357s ]
SQL: SELECT `value` FROM `ocenter_config` WHERE `name` = '_CONFIG_LOGO' LIMIT 1   [ RunTime:0.000183s ]
SQL: SELECT `type`,`name`,`value` FROM `ocenter_config` WHERE `status` = 1  [ RunTime:0.000335s ]
NOTIC: [8] Undefined variable: token /Applications/XAMPP/xamppfiles/htdocs/yoyo/Application/Common/Model/ModuleModel.class.php 第 242 行.
NOTIC: [8] Undefined variable: res /Applications/XAMPP/xamppfiles/htdocs/yoyo/Application/Common/Common/role.php 第 147 行.
INFO: [ action_begin ] --START--
INFO: Run Common\Behavior\InitModuleInfoBehavior [ RunTime:0.000007s ]
INFO: [ action_begin ] --END-- [ RunTime:-0.167503s ]
SQL: SHOW COLUMNS FROM `ocenter_adv_pos` [ RunTime:0.001937s ]
SQL: SELECT * FROM `ocenter_adv_pos` WHERE `name` = 'up_forum' AND `path` = 'Forum/Index/index' AND `status` = 1 LIMIT 1   [ RunTime:0.000251s ]
SQL: SHOW COLUMNS FROM `ocenter_adv` [ RunTime:0.001112s ]
SQL: SELECT * FROM `ocenter_adv` WHERE `pos_id` = 10000 AND `status` = 1 AND `start_time` < 1509285361 AND `end_time` > 1509285361 ORDER BY sort asc  [ RunTime:0.000240s ]
NOTIC: [2] Invalid argument supplied for foreach() /Applications/XAMPP/xamppfiles/htdocs/yoyo/Application/Common/Model/AdvModel.class.php 第 31 行.
INFO: [ view_parse ] --START--
INFO: [ template_filter ] --START--
INFO: Run Behavior\ContentReplaceBehavior [ RunTime:0.000021s ]
INFO: [ template_filter ] --END-- [ RunTime:-0.041329s ]
SQL: SELECT * FROM `ocenter_auth_rule` WHERE `name` = 'Admin/Adv/adv' AND `status` = 1 LIMIT 1   [ RunTime:0.000365s ]
INFO: Run Behavior\ParseTemplateBehavior [ RunTime:0.001781s ]
INFO: [ view_parse ] --END-- [ RunTime:0.001807s ]
INFO: [ view_filter ] --START--
INFO: Run Behavior\WriteHtmlCacheBehavior [ RunTime:0.000116s ]
INFO: [ view_filter ] --END-- [ RunTime:0.000136s ]
NOTIC: [8] Undefined offset: 1 /Applications/XAMPP/xamppfiles/htdocs/yoyo/Runtime/Cache/Forum/24ded19c358067d9efdb58e594ffbf10.php 第 503 行.
NOTIC: [8] Use of undefined constant id - assumed 'id' /Applications/XAMPP/xamppfiles/htdocs/yoyo/Runtime/Cache/Forum/24ded19c358067d9efdb58e594ffbf10.php 第 504 行.
NOTIC: [8] Undefined variable: add_suffix /Applications/XAMPP/xamppfiles/htdocs/yoyo/ThinkPHP/Common/functions.php 第 1095 行.
NOTIC: [8] Undefined offset: 2 /Applications/XAMPP/xamppfiles/htdocs/yoyo/Runtime/Cache/Forum/24ded19c358067d9efdb58e594ffbf10.php 第 503 行.
NOTIC: [8] Use of undefined constant id - assumed 'id' /Applications/XAMPP/xamppfiles/htdocs/yoyo/Runtime/Cache/Forum/24ded19c358067d9efdb58e594ffbf10.php 第 504 行.
NOTIC: [8] Undefined variable: add_suffix /Applications/XAMPP/xamppfiles/htdocs/yoyo/ThinkPHP/Common/functions.php 第 1095 行.
NOTIC: [8] Undefined offset: 3 /Applications/XAMPP/xamppfiles/htdocs/yoyo/Runtime/Cache/Forum/24ded19c358067d9efdb58e594ffbf10.php 第 503 行.
NOTIC: [8] Use of undefined constant id - assumed 'id' /Applications/XAMPP/xamppfiles/htdocs/yoyo/Runtime/Cache/Forum/24ded19c358067d9efdb58e594ffbf10.php 第 504 行.
NOTIC: [8] Undefined variable: add_suffix /Applications/XAMPP/xamppfiles/htdocs/yoyo/ThinkPHP/Common/functions.php 第 1095 行.
NOTIC: [8] Undefined offset: 4 /Applications/XAMPP/xamppfiles/htdocs/yoyo/Runtime/Cache/Forum/24ded19c358067d9efdb58e594ffbf10.php 第 503 行.
NOTIC: [8] Use of undefined constant id - assumed 'id' /Applications/XAMPP/xamppfiles/htdocs/yoyo/Runtime/Cache/Forum/24ded19c358067d9efdb58e594ffbf10.php 第 504 行.
NOTIC: [8] Undefined variable: add_suffix /Applications/XAMPP/xamppfiles/htdocs/yoyo/ThinkPHP/Common/functions.php 第 1095 行.
SQL: SELECT * FROM `ocenter_adv_pos` WHERE `name` = 'right_bottom_forum' AND `path` = 'Forum/Index/index' AND `status` = 1 LIMIT 1   [ RunTime:0.000305s ]
SQL: SELECT * FROM `ocenter_adv` WHERE `pos_id` = 10001 AND `status` = 1 AND `start_time` < 1509285361 AND `end_time` > 1509285361 ORDER BY sort asc  [ RunTime:0.000250s ]
NOTIC: [2] Invalid argument supplied for foreach() /Applications/XAMPP/xamppfiles/htdocs/yoyo/Application/Common/Model/AdvModel.class.php 第 31 行.
INFO: [ view_parse ] --START--
INFO: [ template_filter ] --START--
INFO: Run Behavior\ContentReplaceBehavior [ RunTime:0.000030s ]
INFO: [ template_filter ] --END-- [ RunTime:-0.046292s ]
SQL: SELECT * FROM `ocenter_auth_rule` WHERE `name` = 'Admin/Adv/adv' AND `status` = 1 LIMIT 1   [ RunTime:0.000398s ]
INFO: Run Behavior\ParseTemplateBehavior [ RunTime:0.001762s ]
INFO: [ view_parse ] --END-- [ RunTime:-0.003193s ]
INFO: [ view_filter ] --START--
INFO: Run Behavior\WriteHtmlCacheBehavior [ RunTime:0.000011s ]
INFO: [ view_filter ] --END-- [ RunTime:-0.004855s ]
SQL: SELECT `type`,`name`,`value` FROM `ocenter_config` WHERE `status` = 1  [ RunTime:0.000376s ]
NOTIC: [8] Undefined variable: token /Applications/XAMPP/xamppfiles/htdocs/yoyo/Application/Common/Model/ModuleModel.class.php 第 242 行.
NOTIC: [8] Undefined variable: res /Applications/XAMPP/xamppfiles/htdocs/yoyo/Application/Common/Common/role.php 第 147 行.
INFO: [ action_begin ] --START--
INFO: Run Common\Behavior\InitModuleInfoBehavior [ RunTime:0.000007s ]
INFO: [ action_begin ] --END-- [ RunTime:-0.181148s ]
NOTIC: [2] Missing argument 1 for Common\Widget\SuperLinksWidget::superLinks() /Applications/XAMPP/xamppfiles/htdocs/yoyo/Application/Common/Widget/SuperLinksWidget.class.php 第 15 行.
SQL: SHOW COLUMNS FROM `ocenter_super_links` [ RunTime:0.002147s ]
SQL: SELECT * FROM `ocenter_super_links` WHERE ( status = 1 ) ORDER BY level desc,id asc  [ RunTime:0.000232s ]
NOTIC: [2] Invalid argument supplied for foreach() /Applications/XAMPP/xamppfiles/htdocs/yoyo/Application/Common/Model/SuperLinksModel.class.php 第 37 行.
NOTIC: [8] Undefined variable: data /Applications/XAMPP/xamppfiles/htdocs/yoyo/Application/Common/Model/SuperLinksModel.class.php 第 48 行.
NOTIC: [8] Undefined variable: param /Applications/XAMPP/xamppfiles/htdocs/yoyo/Application/Common/Widget/SuperLinksWidget.class.php 第 19 行.
INFO: [ view_parse ] --START--
INFO: [ template_filter ] --START--
INFO: Run Behavior\ContentReplaceBehavior [ RunTime:0.000026s ]
INFO: [ template_filter ] --END-- [ RunTime:-0.053571s ]
INFO: Run Behavior\ParseTemplateBehavior [ RunTime:0.002045s ]
INFO: [ view_parse ] --END-- [ RunTime:-0.009816s ]
INFO: [ view_filter ] --START--
INFO: Run Behavior\WriteHtmlCacheBehavior [ RunTime:0.000007s ]
INFO: [ view_filter ] --END-- [ RunTime:-0.011753s ]
SQL: SELECT `value` FROM `ocenter_config` WHERE `name` = '_CONFIG_QRCODE_BOTTOM' LIMIT 1   [ RunTime:0.000257s ]
NOTIC: [8] Undefined variable: site /Applications/XAMPP/xamppfiles/htdocs/yoyo/Runtime/Cache/Forum/24ded19c358067d9efdb58e594ffbf10.php 第 584 行.
INFO: [ pageFooter ] --START--
INFO: Run Addons\SuperLinks\SuperLinksAddon [ RunTime:0.000315s ]
INFO: [ pageFooter ] --END-- [ RunTime:0.000343s ]
SQL: SELECT `type`,`name`,`value` FROM `ocenter_config` WHERE `status` = 1  [ RunTime:0.000342s ]
NOTIC: [8] Undefined variable: token /Applications/XAMPP/xamppfiles/htdocs/yoyo/Application/Common/Model/ModuleModel.class.php 第 242 行.
NOTIC: [8] Undefined variable: res /Applications/XAMPP/xamppfiles/htdocs/yoyo/Application/Common/Common/role.php 第 147 行.
INFO: [ action_begin ] --START--
INFO: Run Common\Behavior\InitModuleInfoBehavior [ RunTime:0.000006s ]
INFO: [ action_begin ] --END-- [ RunTime:-0.188940s ]
SQL: SELECT `type`,`name`,`value` FROM `ocenter_config` WHERE `status` = 1  [ RunTime:0.000339s ]
NOTIC: [8] Undefined variable: token /Applications/XAMPP/xamppfiles/htdocs/yoyo/Application/Common/Model/ModuleModel.class.php 第 242 行.
NOTIC: [8] Undefined variable: res /Applications/XAMPP/xamppfiles/htdocs/yoyo/Application/Common/Common/role.php 第 147 行.
INFO: [ action_begin ] --START--
INFO: Run Common\Behavior\InitModuleInfoBehavior [ RunTime:0.000006s ]
INFO: [ action_begin ] --END-- [ RunTime:-0.190304s ]
INFO: [ view_parse ] --START--
INFO: [ template_filter ] --START--
INFO: Run Behavior\ContentReplaceBehavior [ RunTime:0.000020s ]
INFO: [ template_filter ] --END-- [ RunTime:-0.058805s ]
INFO: Run Behavior\ParseTemplateBehavior [ RunTime:0.000969s ]
INFO: [ view_parse ] --END-- [ RunTime:-0.015818s ]
INFO: [ view_filter ] --START--
INFO: Run Behavior\WriteHtmlCacheBehavior [ RunTime:0.000006s ]
INFO: [ view_filter ] --END-- [ RunTime:-0.016673s ]
INFO: Run Behavior\ParseTemplateBehavior [ RunTime:0.001142s ]
INFO: [ view_parse ] --END-- [ RunTime:-0.015818s ]
INFO: [ view_filter ] --START--
INFO: Run Behavior\WriteHtmlCacheBehavior [ RunTime:0.000004s ]
INFO: [ view_filter ] --END-- [ RunTime:-0.016841s ]
INFO: [ app_end ] --START--
INFO: Run Behavior\ShowPageTraceBehavior [ RunTime:0.000594s ]
INFO: [ app_end ] --END-- [ RunTime:0.000652s ]

[ 2017-10-29T21:56:10+08:00 ] 127.0.0.1 /yoyo/forum/index
INFO: [ app_init ] --START--
INFO: Run Behavior\BuildLiteBehavior [ RunTime:0.000012s ]
INFO: Run Common\Behavior\InitHookBehavior [ RunTime:0.001401s ]
INFO: [ app_init ] --END-- [ RunTime:0.001515s ]
NOTIC: [8] Undefined index: router /Applications/XAMPP/xamppfiles/htdocs/yoyo/Application/Common/Common/function.php 第 1936 行.
NOTIC: [8] Undefined index: router /Applications/XAMPP/xamppfiles/htdocs/yoyo/Application/Common/Common/function.php 第 1936 行.
NOTIC: [8] Undefined index: router /Applications/XAMPP/xamppfiles/htdocs/yoyo/Application/Common/Common/function.php 第 1936 行.
NOTIC: [8] Undefined index: router /Applications/XAMPP/xamppfiles/htdocs/yoyo/Application/Common/Common/function.php 第 1936 行.
NOTIC: [8] Undefined index: router /Applications/XAMPP/xamppfiles/htdocs/yoyo/Application/Common/Common/function.php 第 1936 行.
NOTIC: [8] Undefined index: router /Applications/XAMPP/xamppfiles/htdocs/yoyo/Application/Common/Common/function.php 第 1936 行.
SQL: SHOW COLUMNS FROM `ocenter_config` [ RunTime:0.002230s ]
SQL: SELECT `type`,`name`,`value` FROM `ocenter_config` WHERE `status` = 1  [ RunTime:0.000414s ]
INFO: [ app_begin ] --START--
INFO: Run Behavior\ReadHtmlCacheBehavior [ RunTime:0.000292s ]
INFO: Run Behavior\CheckLangBehavior [ RunTime:0.017229s ]
INFO: [ app_begin ] --END-- [ RunTime:0.017613s ]
NOTIC: [8192] mysql_connect(): The mysql extension is deprecated and will be removed in the future: use mysqli or PDO instead /Applications/XAMPP/xamppfiles/htdocs/yoyo/ThinkPHP/Library/Think/Session/Driver/Db.class.php 第 95 行.
SQL: SHOW COLUMNS FROM `ocenter_module` [ RunTime:0.004285s ]
SQL: SELECT `type`,`name`,`value` FROM `ocenter_config` WHERE `status` = 1  [ RunTime:0.000606s ]
NOTIC: [8] Undefined variable: token /Applications/XAMPP/xamppfiles/htdocs/yoyo/Application/Common/Model/ModuleModel.class.php 第 242 行.
NOTIC: [8] Undefined variable: res /Applications/XAMPP/xamppfiles/htdocs/yoyo/Application/Common/Common/role.php 第 147 行.
INFO: [ action_begin ] --START--
INFO: Run Common\Behavior\InitModuleInfoBehavior [ RunTime:0.000671s ]
INFO: [ action_begin ] --END-- [ RunTime:0.000858s ]
SQL: SHOW COLUMNS FROM `ocenter_forum` [ RunTime:0.004749s ]
SQL: SHOW COLUMNS FROM `ocenter_follow` [ RunTime:0.005536s ]
SQL: SELECT * FROM `ocenter_follow` WHERE `who_follow` = 100 AND `follow_who` = 1 LIMIT 1   [ RunTime:0.000667s ]
SQL: select nickname from `ocenter_member`,`ocenter_ucenter_member` where uid=id and uid=2 limit 1 [ RunTime:0.000341s ]
NOTIC: [8] Undefined offset: 0 /Applications/XAMPP/xamppfiles/htdocs/yoyo/Application/Common/Model/UserModel.class.php 第 72 行.
NOTIC: [2] Invalid argument supplied for foreach() /Applications/XAMPP/xamppfiles/htdocs/yoyo/Application/Common/Model/UserModel.class.php 第 567 行.
NOTIC: [8] Undefined index: nickname /Applications/XAMPP/xamppfiles/htdocs/yoyo/Application/Common/Model/UserModel.class.php 第 82 行.
SQL: SELECT * FROM `ocenter_follow` WHERE `who_follow` = 100 AND `follow_who` = 2 LIMIT 1   [ RunTime:0.000358s ]
SQL: SELECT * FROM `ocenter_forum` WHERE `id` = 1 AND `status` = 1 LIMIT 1   [ RunTime:0.000979s ]
SQL: SHOW COLUMNS FROM `ocenter_auth_group_access` [ RunTime:0.004369s ]
SQL: SELECT * FROM `ocenter_auth_group_access` WHERE `uid` = 100  [ RunTime:0.000266s ]
SQL: SELECT * FROM `ocenter_forum` WHERE `id` = 2 AND `status` = 1 LIMIT 1   [ RunTime:0.000322s ]
SQL: SELECT * FROM `ocenter_auth_group_access` WHERE `uid` = 100  [ RunTime:0.000317s ]
SQL: SHOW COLUMNS FROM `ocenter_forum_type` [ RunTime:0.004189s ]
SQL: SELECT * FROM `ocenter_forum_type` WHERE `status` = 1 ORDER BY sort asc  [ RunTime:0.000780s ]
SQL: SELECT * FROM `ocenter_follow` WHERE `who_follow` = 100 AND `follow_who` = 1 LIMIT 1   [ RunTime:0.000682s ]
SQL: select nickname from `ocenter_member`,`ocenter_ucenter_member` where uid=id and uid=2 limit 1 [ RunTime:0.000337s ]
NOTIC: [8] Undefined offset: 0 /Applications/XAMPP/xamppfiles/htdocs/yoyo/Application/Common/Model/UserModel.class.php 第 72 行.
NOTIC: [2] Invalid argument supplied for foreach() /Applications/XAMPP/xamppfiles/htdocs/yoyo/Application/Common/Model/UserModel.class.php 第 567 行.
NOTIC: [8] Undefined index: nickname /Applications/XAMPP/xamppfiles/htdocs/yoyo/Application/Common/Model/UserModel.class.php 第 82 行.
SQL: SELECT * FROM `ocenter_follow` WHERE `who_follow` = 100 AND `follow_who` = 2 LIMIT 1   [ RunTime:0.001015s ]
SQL: SHOW COLUMNS FROM `ocenter_forum_post` [ RunTime:0.004548s ]
SQL: SHOW COLUMNS FROM `ocenter_forum_post` [ RunTime:0.005169s ]
SQL: SELECT COUNT(*) AS tp_count FROM `ocenter_forum_post` WHERE `uid` = 100 LIMIT 1   [ RunTime:0.000293s ]
SQL: SHOW COLUMNS FROM `ocenter_forum_post_reply` [ RunTime:0.004744s ]
SQL: SELECT COUNT(*) AS tp_count FROM `ocenter_forum_post_reply` WHERE `uid` = 100 LIMIT 1   [ RunTime:0.000240s ]
SQL: SHOW COLUMNS FROM `ocenter_member` [ RunTime:0.004522s ]
SQL: SELECT COUNT(*) AS tp_count FROM `ocenter_member` WHERE `status` = 1 LIMIT 1   [ RunTime:0.000840s ]
SQL: SELECT `uid` FROM `ocenter_member` WHERE `status` = 1 ORDER BY reg_time desc LIMIT 1   [ RunTime:0.000738s ]
SQL: SELECT * FROM `ocenter_follow` WHERE `who_follow` = 100 AND `follow_who` = 147 LIMIT 1   [ RunTime:0.000434s ]
SQL: SELECT COUNT(*) AS tp_count FROM `ocenter_forum_post` WHERE `create_time` BETWEEN 1509206400 AND 1509292800 LIMIT 1   [ RunTime:0.000329s ]
SQL: SELECT COUNT(*) AS tp_count FROM `ocenter_forum_post` WHERE `create_time` BETWEEN 1509120000 AND 1509206400 LIMIT 1   [ RunTime:0.000338s ]
SQL: SELECT COUNT(*) AS tp_count FROM `ocenter_forum` WHERE `status` = 1 LIMIT 1   [ RunTime:0.000303s ]
SQL: SELECT COUNT(*) AS tp_count FROM `ocenter_forum_post` WHERE `status` = 1 LIMIT 1   [ RunTime:0.000257s ]
SQL: SHOW COLUMNS FROM `ocenter_forum_post_reply` [ RunTime:0.002286s ]
SQL: SELECT COUNT(*) AS tp_count FROM `ocenter_forum_post_reply` WHERE `status` = 1 LIMIT 1   [ RunTime:0.000258s ]
SQL: SHOW COLUMNS FROM `ocenter_forum_lzl_reply` [ RunTime:0.002328s ]
SQL: SELECT COUNT(*) AS tp_count FROM `ocenter_forum_lzl_reply` LIMIT 1   [ RunTime:0.000924s ]
SQL: SELECT * FROM `ocenter_forum_post` WHERE (  status=1 AND is_top=2 ) ORDER BY last_reply_time desc  [ RunTime:0.000932s ]
SQL: SELECT * FROM `ocenter_follow` WHERE `who_follow` = 100 AND `follow_who` = 1 LIMIT 1   [ RunTime:0.000366s ]
SQL: select nickname from `ocenter_member`,`ocenter_ucenter_member` where uid=id and uid=2 limit 1 [ RunTime:0.000343s ]
NOTIC: [8] Undefined offset: 0 /Applications/XAMPP/xamppfiles/htdocs/yoyo/Application/Common/Model/UserModel.class.php 第 72 行.
NOTIC: [2] Invalid argument supplied for foreach() /Applications/XAMPP/xamppfiles/htdocs/yoyo/Application/Common/Model/UserModel.class.php 第 567 行.
NOTIC: [8] Undefined index: nickname /Applications/XAMPP/xamppfiles/htdocs/yoyo/Application/Common/Model/UserModel.class.php 第 82 行.
SQL: SELECT * FROM `ocenter_follow` WHERE `who_follow` = 100 AND `follow_who` = 2 LIMIT 1   [ RunTime:0.000352s ]
NOTIC: [2] Invalid argument supplied for foreach() /Applications/XAMPP/xamppfiles/htdocs/yoyo/Application/Forum/Model/ForumPostModel.class.php 第 124 行.
SQL: SELECT * FROM `ocenter_forum_post` WHERE `status` = 1 ORDER BY last_reply_time desc LIMIT 0,5   [ RunTime:0.000321s ]
SQL: SELECT COUNT(*) AS tp_count FROM `ocenter_forum_post` WHERE `status` = 1 LIMIT 1   [ RunTime:0.000248s ]
SQL: SELECT * FROM `ocenter_follow` WHERE `who_follow` = 100 AND `follow_who` = 1 LIMIT 1   [ RunTime:0.000329s ]
SQL: select nickname from `ocenter_member`,`ocenter_ucenter_member` where uid=id and uid=2 limit 1 [ RunTime:0.000310s ]
NOTIC: [8] Undefined offset: 0 /Applications/XAMPP/xamppfiles/htdocs/yoyo/Application/Common/Model/UserModel.class.php 第 72 行.
NOTIC: [2] Invalid argument supplied for foreach() /Applications/XAMPP/xamppfiles/htdocs/yoyo/Application/Common/Model/UserModel.class.php 第 567 行.
NOTIC: [8] Undefined index: nickname /Applications/XAMPP/xamppfiles/htdocs/yoyo/Application/Common/Model/UserModel.class.php 第 82 行.
SQL: SELECT * FROM `ocenter_follow` WHERE `who_follow` = 100 AND `follow_who` = 2 LIMIT 1   [ RunTime:0.000329s ]
NOTIC: [2] Invalid argument supplied for foreach() /Applications/XAMPP/xamppfiles/htdocs/yoyo/Application/Forum/Model/ForumPostModel.class.php 第 124 行.
SQL: SELECT * FROM `ocenter_follow` WHERE `who_follow` = 100 AND `follow_who` = 1 LIMIT 1   [ RunTime:0.000347s ]
SQL: select nickname from `ocenter_member`,`ocenter_ucenter_member` where uid=id and uid=2 limit 1 [ RunTime:0.000320s ]
NOTIC: [8] Undefined offset: 0 /Applications/XAMPP/xamppfiles/htdocs/yoyo/Application/Common/Model/UserModel.class.php 第 72 行.
NOTIC: [2] Invalid argument supplied for foreach() /Applications/XAMPP/xamppfiles/htdocs/yoyo/Application/Common/Model/UserModel.class.php 第 567 行.
NOTIC: [8] Undefined index: nickname /Applications/XAMPP/xamppfiles/htdocs/yoyo/Application/Common/Model/UserModel.class.php 第 82 行.
SQL: SELECT * FROM `ocenter_follow` WHERE `who_follow` = 100 AND `follow_who` = 2 LIMIT 1   [ RunTime:0.000331s ]
SQL: SHOW COLUMNS FROM `ocenter_forum_follow` [ RunTime:0.002199s ]
SQL: SELECT COUNT(*) AS tp_count FROM `ocenter_forum_follow` WHERE `forum_id` = 2 AND `uid` = 100 LIMIT 1   [ RunTime:0.000306s ]
SQL: SELECT COUNT(*) AS tp_count FROM `ocenter_forum_follow` WHERE `forum_id` = 1 AND `uid` = 100 LIMIT 1   [ RunTime:0.000264s ]
SQL: SELECT COUNT(*) AS tp_count FROM `ocenter_forum_follow` WHERE `forum_id` = 2 AND `uid` = 100 LIMIT 1   [ RunTime:0.000297s ]
SQL: SELECT COUNT(*) AS tp_count FROM `ocenter_forum_follow` WHERE `forum_id` = 1 AND `uid` = 100 LIMIT 1   [ RunTime:0.000325s ]
SQL: SHOW COLUMNS FROM `ocenter_forum_post` [ RunTime:0.004689s ]
SQL: SELECT `uid`,count(id) as post_count FROM `ocenter_forum_post` GROUP BY uid ORDER BY post_count desc LIMIT 9   [ RunTime:0.000282s ]
NOTIC: [2] Invalid argument supplied for foreach() /Applications/XAMPP/xamppfiles/htdocs/yoyo/Application/Forum/Controller/IndexController.class.php 第 149 行.
NOTIC: [2] unlink(./Runtime/Temp/368847d097f3ba8fc0b32086c3d05e7a.php): No such file or directory /Applications/XAMPP/xamppfiles/htdocs/yoyo/ThinkPHP/Library/Think/Cache/Driver/File.class.php 第 157 行.
NOTIC: [2] unlink(./Runtime/Temp/5bfc07822515668d72181260089d2731.php): No such file or directory /Applications/XAMPP/xamppfiles/htdocs/yoyo/ThinkPHP/Library/Think/Cache/Driver/File.class.php 第 157 行.
INFO: [ view_parse ] --START--
INFO: [ template_filter ] --START--
INFO: Run Behavior\ContentReplaceBehavior [ RunTime:0.000331s ]
INFO: [ template_filter ] --END-- [ RunTime:0.000386s ]
INFO: [ syncMeta ] --START--
INFO: Run Addons\SyncLogin\SyncLoginAddon [ RunTime:0.000838s ]
INFO: [ syncMeta ] --END-- [ RunTime:0.000896s ]
NOTIC: [8] Undefined variable: seo /Applications/XAMPP/xamppfiles/htdocs/yoyo/Runtime/Cache/Forum/24ded19c358067d9efdb58e594ffbf10.php 第 9 行.
SQL: SHOW COLUMNS FROM `ocenter_seo_rule` [ RunTime:0.001799s ]
SQL: SELECT `type`,`name`,`value` FROM `ocenter_config` WHERE `status` = 1  [ RunTime:0.000400s ]
SQL: SHOW COLUMNS FROM `ocenter_pushing` [ RunTime:0.001724s ]
ERR: 1146:Table 'yoyobit.ocenter_pushing' doesn't exist
 [ SQL语句 ] : SHOW COLUMNS FROM `ocenter_pushing`
SQL: SHOW COLUMNS FROM `ocenter_member` [ RunTime:0.002229s ]
SQL: SHOW COLUMNS FROM `ocenter_channel` [ RunTime:0.001839s ]
NOTIC: [8] Undefined index: _ /Applications/XAMPP/xamppfiles/htdocs/yoyo/Runtime/Cache/Forum/24ded19c358067d9efdb58e594ffbf10.php 第 150 行.
NOTIC: [8] Undefined index: _ /Applications/XAMPP/xamppfiles/htdocs/yoyo/Runtime/Cache/Forum/24ded19c358067d9efdb58e594ffbf10.php 第 150 行.
NOTIC: [8] Undefined index: _ /Applications/XAMPP/xamppfiles/htdocs/yoyo/Runtime/Cache/Forum/24ded19c358067d9efdb58e594ffbf10.php 第 150 行.
NOTIC: [8] Undefined variable: module /Applications/XAMPP/xamppfiles/htdocs/yoyo/ThinkPHP/Common/functions.php 第 1052 行.
NOTIC: [8] Undefined variable: var /Applications/XAMPP/xamppfiles/htdocs/yoyo/ThinkPHP/Common/functions.php 第 1052 行.
NOTIC: [8] Undefined variable: varController /Applications/XAMPP/xamppfiles/htdocs/yoyo/ThinkPHP/Common/functions.php 第 1052 行.
NOTIC: [8] Undefined variable: var /Applications/XAMPP/xamppfiles/htdocs/yoyo/ThinkPHP/Common/functions.php 第 1052 行.
NOTIC: [8] Undefined variable: varAction /Applications/XAMPP/xamppfiles/htdocs/yoyo/ThinkPHP/Common/functions.php 第 1052 行.
NOTIC: [8] Undefined index: _ /Applications/XAMPP/xamppfiles/htdocs/yoyo/Runtime/Cache/Forum/24ded19c358067d9efdb58e594ffbf10.php 第 150 行.
NOTIC: [8] Undefined index: _ /Applications/XAMPP/xamppfiles/htdocs/yoyo/Runtime/Cache/Forum/24ded19c358067d9efdb58e594ffbf10.php 第 150 行.
NOTIC: [8] Undefined variable: module /Applications/XAMPP/xamppfiles/htdocs/yoyo/ThinkPHP/Common/functions.php 第 1052 行.
NOTIC: [8] Undefined variable: var /Applications/XAMPP/xamppfiles/htdocs/yoyo/ThinkPHP/Common/functions.php 第 1052 行.
NOTIC: [8] Undefined variable: varController /Applications/XAMPP/xamppfiles/htdocs/yoyo/ThinkPHP/Common/functions.php 第 1052 行.
NOTIC: [8] Undefined variable: var /Applications/XAMPP/xamppfiles/htdocs/yoyo/ThinkPHP/Common/functions.php 第 1052 行.
NOTIC: [8] Undefined variable: varAction /Applications/XAMPP/xamppfiles/htdocs/yoyo/ThinkPHP/Common/functions.php 第 1052 行.
NOTIC: [8] Undefined variable: module /Applications/XAMPP/xamppfiles/htdocs/yoyo/ThinkPHP/Common/functions.php 第 1052 行.
NOTIC: [8] Undefined variable: var /Applications/XAMPP/xamppfiles/htdocs/yoyo/ThinkPHP/Common/functions.php 第 1052 行.
NOTIC: [8] Undefined variable: varController /Applications/XAMPP/xamppfiles/htdocs/yoyo/ThinkPHP/Common/functions.php 第 1052 行.
NOTIC: [8] Undefined variable: var /Applications/XAMPP/xamppfiles/htdocs/yoyo/ThinkPHP/Common/functions.php 第 1052 行.
NOTIC: [8] Undefined variable: varAction /Applications/XAMPP/xamppfiles/htdocs/yoyo/ThinkPHP/Common/functions.php 第 1052 行.
NOTIC: [8] Undefined variable: module /Applications/XAMPP/xamppfiles/htdocs/yoyo/ThinkPHP/Common/functions.php 第 1052 行.
NOTIC: [8] Undefined variable: var /Applications/XAMPP/xamppfiles/htdocs/yoyo/ThinkPHP/Common/functions.php 第 1052 行.
NOTIC: [8] Undefined variable: varController /Applications/XAMPP/xamppfiles/htdocs/yoyo/ThinkPHP/Common/functions.php 第 1052 行.
NOTIC: [8] Undefined variable: var /Applications/XAMPP/xamppfiles/htdocs/yoyo/ThinkPHP/Common/functions.php 第 1052 行.
NOTIC: [8] Undefined variable: varAction /Applications/XAMPP/xamppfiles/htdocs/yoyo/ThinkPHP/Common/functions.php 第 1052 行.
NOTIC: [8] Undefined variable: module /Applications/XAMPP/xamppfiles/htdocs/yoyo/ThinkPHP/Common/functions.php 第 1052 行.
NOTIC: [8] Undefined variable: var /Applications/XAMPP/xamppfiles/htdocs/yoyo/ThinkPHP/Common/functions.php 第 1052 行.
NOTIC: [8] Undefined variable: varController /Applications/XAMPP/xamppfiles/htdocs/yoyo/ThinkPHP/Common/functions.php 第 1052 行.
NOTIC: [8] Undefined variable: var /Applications/XAMPP/xamppfiles/htdocs/yoyo/ThinkPHP/Common/functions.php 第 1052 行.
NOTIC: [8] Undefined variable: varAction /Applications/XAMPP/xamppfiles/htdocs/yoyo/ThinkPHP/Common/functions.php 第 1052 行.
SQL: SELECT `reg_time` FROM `ocenter_member` WHERE `uid` = 100 LIMIT 1   [ RunTime:0.000262s ]
SQL: SHOW COLUMNS FROM `ocenter_user_config` [ RunTime:0.001649s ]
SQL: SELECT * FROM `ocenter_user_config` WHERE `uid` = 100 AND `name` = 'user_cover' AND `role_id` = 0 AND `model` = '' LIMIT 1   [ RunTime:0.000182s ]
SQL: SHOW COLUMNS FROM `ocenter_picture` [ RunTime:0.002284s ]
SQL: SELECT * FROM `ocenter_picture` WHERE `status` = 1 AND `id` = null LIMIT 1   [ RunTime:0.000313s ]
NOTIC: [2] unlink(./Runtime/Temp/945c180f3240ad0e35d9eb8beb06401b.php): No such file or directory /Applications/XAMPP/xamppfiles/htdocs/yoyo/ThinkPHP/Library/Think/Cache/Driver/File.class.php 第 157 行.
NOTIC: [2] unlink(./Runtime/Temp/deec309cb1249b5b7776ac8c8f45123b.php): No such file or directory /Applications/XAMPP/xamppfiles/htdocs/yoyo/ThinkPHP/Library/Think/Cache/Driver/File.class.php 第 157 行.
NOTIC: [8] Undefined index: space_url /Applications/XAMPP/xamppfiles/htdocs/yoyo/Runtime/Cache/Forum/24ded19c358067d9efdb58e594ffbf10.php 第 223 行.
NOTIC: [8] Undefined index: score /Applications/XAMPP/xamppfiles/htdocs/yoyo/Runtime/Cache/Forum/24ded19c358067d9efdb58e594ffbf10.php 第 255 行.
NOTIC: [8] Undefined index: score /Applications/XAMPP/xamppfiles/htdocs/yoyo/Runtime/Cache/Forum/24ded19c358067d9efdb58e594ffbf10.php 第 267 行.
NOTIC: [8] Undefined variable: module /Applications/XAMPP/xamppfiles/htdocs/yoyo/ThinkPHP/Common/functions.php 第 1052 行.
NOTIC: [8] Undefined variable: var /Applications/XAMPP/xamppfiles/htdocs/yoyo/ThinkPHP/Common/functions.php 第 1052 行.
NOTIC: [8] Undefined variable: varController /Applications/XAMPP/xamppfiles/htdocs/yoyo/ThinkPHP/Common/functions.php 第 1052 行.
NOTIC: [8] Undefined variable: var /Applications/XAMPP/xamppfiles/htdocs/yoyo/ThinkPHP/Common/functions.php 第 1052 行.
NOTIC: [8] Undefined variable: varAction /Applications/XAMPP/xamppfiles/htdocs/yoyo/ThinkPHP/Common/functions.php 第 1052 行.
NOTIC: [8] Undefined variable: module /Applications/XAMPP/xamppfiles/htdocs/yoyo/ThinkPHP/Common/functions.php 第 1052 行.
NOTIC: [8] Undefined variable: var /Applications/XAMPP/xamppfiles/htdocs/yoyo/ThinkPHP/Common/functions.php 第 1052 行.
NOTIC: [8] Undefined variable: varController /Applications/XAMPP/xamppfiles/htdocs/yoyo/ThinkPHP/Common/functions.php 第 1052 行.
NOTIC: [8] Undefined variable: var /Applications/XAMPP/xamppfiles/htdocs/yoyo/ThinkPHP/Common/functions.php 第 1052 行.
NOTIC: [8] Undefined variable: varAction /Applications/XAMPP/xamppfiles/htdocs/yoyo/ThinkPHP/Common/functions.php 第 1052 行.
SQL: SHOW COLUMNS FROM `ocenter_auth_rule` [ RunTime:0.002090s ]
SQL: SELECT * FROM `ocenter_auth_rule` WHERE `name` = 'Admin/Index/index' AND `status` = 1 LIMIT 1   [ RunTime:0.000304s ]
SQL: SELECT * FROM `ocenter_auth_rule` WHERE `name` = 'Core/Admin/View' AND `status` = 1 LIMIT 1   [ RunTime:0.000502s ]
SQL: SELECT `value` FROM `ocenter_config` WHERE `name` = '_CONFIG_LOGO' LIMIT 1   [ RunTime:0.000226s ]
SQL: SELECT `type`,`name`,`value` FROM `ocenter_config` WHERE `status` = 1  [ RunTime:0.000485s ]
NOTIC: [8] Undefined variable: token /Applications/XAMPP/xamppfiles/htdocs/yoyo/Application/Common/Model/ModuleModel.class.php 第 242 行.
NOTIC: [8] Undefined variable: res /Applications/XAMPP/xamppfiles/htdocs/yoyo/Application/Common/Common/role.php 第 147 行.
INFO: [ action_begin ] --START--
INFO: Run Common\Behavior\InitModuleInfoBehavior [ RunTime:0.000010s ]
INFO: [ action_begin ] --END-- [ RunTime:-0.164498s ]
SQL: SHOW COLUMNS FROM `ocenter_adv_pos` [ RunTime:0.002071s ]
SQL: SHOW COLUMNS FROM `ocenter_adv` [ RunTime:0.004473s ]
SQL: SELECT * FROM `ocenter_adv` WHERE `pos_id` = 10000 AND `status` = 1 AND `start_time` < 1509285370 AND `end_time` > 1509285370 ORDER BY sort asc  [ RunTime:0.000504s ]
NOTIC: [2] Invalid argument supplied for foreach() /Applications/XAMPP/xamppfiles/htdocs/yoyo/Application/Common/Model/AdvModel.class.php 第 31 行.
INFO: [ view_parse ] --START--
INFO: [ template_filter ] --START--
INFO: Run Behavior\ContentReplaceBehavior [ RunTime:0.000022s ]
INFO: [ template_filter ] --END-- [ RunTime:-0.045373s ]
SQL: SELECT * FROM `ocenter_auth_rule` WHERE `name` = 'Admin/Adv/adv' AND `status` = 1 LIMIT 1   [ RunTime:0.000351s ]
INFO: Run Behavior\ParseTemplateBehavior [ RunTime:0.001781s ]
INFO: [ view_parse ] --END-- [ RunTime:0.001808s ]
INFO: [ view_filter ] --START--
INFO: Run Behavior\WriteHtmlCacheBehavior [ RunTime:0.000120s ]
INFO: [ view_filter ] --END-- [ RunTime:0.000141s ]
NOTIC: [8] Undefined offset: 1 /Applications/XAMPP/xamppfiles/htdocs/yoyo/Runtime/Cache/Forum/24ded19c358067d9efdb58e594ffbf10.php 第 503 行.
NOTIC: [8] Use of undefined constant id - assumed 'id' /Applications/XAMPP/xamppfiles/htdocs/yoyo/Runtime/Cache/Forum/24ded19c358067d9efdb58e594ffbf10.php 第 504 行.
NOTIC: [8] Undefined variable: add_suffix /Applications/XAMPP/xamppfiles/htdocs/yoyo/ThinkPHP/Common/functions.php 第 1095 行.
NOTIC: [8] Undefined offset: 2 /Applications/XAMPP/xamppfiles/htdocs/yoyo/Runtime/Cache/Forum/24ded19c358067d9efdb58e594ffbf10.php 第 503 行.
NOTIC: [8] Use of undefined constant id - assumed 'id' /Applications/XAMPP/xamppfiles/htdocs/yoyo/Runtime/Cache/Forum/24ded19c358067d9efdb58e594ffbf10.php 第 504 行.
NOTIC: [8] Undefined variable: add_suffix /Applications/XAMPP/xamppfiles/htdocs/yoyo/ThinkPHP/Common/functions.php 第 1095 行.
NOTIC: [8] Undefined offset: 3 /Applications/XAMPP/xamppfiles/htdocs/yoyo/Runtime/Cache/Forum/24ded19c358067d9efdb58e594ffbf10.php 第 503 行.
NOTIC: [8] Use of undefined constant id - assumed 'id' /Applications/XAMPP/xamppfiles/htdocs/yoyo/Runtime/Cache/Forum/24ded19c358067d9efdb58e594ffbf10.php 第 504 行.
NOTIC: [8] Undefined variable: add_suffix /Applications/XAMPP/xamppfiles/htdocs/yoyo/ThinkPHP/Common/functions.php 第 1095 行.
NOTIC: [8] Undefined offset: 4 /Applications/XAMPP/xamppfiles/htdocs/yoyo/Runtime/Cache/Forum/24ded19c358067d9efdb58e594ffbf10.php 第 503 行.
NOTIC: [8] Use of undefined constant id - assumed 'id' /Applications/XAMPP/xamppfiles/htdocs/yoyo/Runtime/Cache/Forum/24ded19c358067d9efdb58e594ffbf10.php 第 504 行.
NOTIC: [8] Undefined variable: add_suffix /Applications/XAMPP/xamppfiles/htdocs/yoyo/ThinkPHP/Common/functions.php 第 1095 行.
SQL: SELECT * FROM `ocenter_adv` WHERE `pos_id` = 10001 AND `status` = 1 AND `start_time` < 1509285370 AND `end_time` > 1509285370 ORDER BY sort asc  [ RunTime:0.000261s ]
NOTIC: [2] Invalid argument supplied for foreach() /Applications/XAMPP/xamppfiles/htdocs/yoyo/Application/Common/Model/AdvModel.class.php 第 31 行.
INFO: [ view_parse ] --START--
INFO: [ template_filter ] --START--
INFO: Run Behavior\ContentReplaceBehavior [ RunTime:0.000022s ]
INFO: [ template_filter ] --END-- [ RunTime:-0.048738s ]
SQL: SELECT * FROM `ocenter_auth_rule` WHERE `name` = 'Admin/Adv/adv' AND `status` = 1 LIMIT 1   [ RunTime:0.000385s ]
INFO: Run Behavior\ParseTemplateBehavior [ RunTime:0.001853s ]
INFO: [ view_parse ] --END-- [ RunTime:-0.001571s ]
INFO: [ view_filter ] --START--
INFO: Run Behavior\WriteHtmlCacheBehavior [ RunTime:0.000011s ]
INFO: [ view_filter ] --END-- [ RunTime:-0.003328s ]
SQL: SELECT `type`,`name`,`value` FROM `ocenter_config` WHERE `status` = 1  [ RunTime:0.000799s ]
NOTIC: [8] Undefined variable: token /Applications/XAMPP/xamppfiles/htdocs/yoyo/Application/Common/Model/ModuleModel.class.php 第 242 行.
NOTIC: [8] Undefined variable: res /Applications/XAMPP/xamppfiles/htdocs/yoyo/Application/Common/Common/role.php 第 147 行.
INFO: [ action_begin ] --START--
INFO: Run Common\Behavior\InitModuleInfoBehavior [ RunTime:0.000015s ]
INFO: [ action_begin ] --END-- [ RunTime:-0.183388s ]
NOTIC: [2] Missing argument 1 for Common\Widget\SuperLinksWidget::superLinks() /Applications/XAMPP/xamppfiles/htdocs/yoyo/Application/Common/Widget/SuperLinksWidget.class.php 第 15 行.
SQL: SHOW COLUMNS FROM `ocenter_super_links` [ RunTime:0.002080s ]
SQL: SELECT * FROM `ocenter_super_links` WHERE ( status = 1 ) ORDER BY level desc,id asc  [ RunTime:0.000256s ]
NOTIC: [2] Invalid argument supplied for foreach() /Applications/XAMPP/xamppfiles/htdocs/yoyo/Application/Common/Model/SuperLinksModel.class.php 第 37 行.
NOTIC: [8] Undefined variable: data /Applications/XAMPP/xamppfiles/htdocs/yoyo/Application/Common/Model/SuperLinksModel.class.php 第 48 行.
NOTIC: [8] Undefined variable: param /Applications/XAMPP/xamppfiles/htdocs/yoyo/Application/Common/Widget/SuperLinksWidget.class.php 第 19 行.
INFO: [ view_parse ] --START--
INFO: [ template_filter ] --START--
INFO: Run Behavior\ContentReplaceBehavior [ RunTime:0.000026s ]
INFO: [ template_filter ] --END-- [ RunTime:-0.059562s ]
INFO: Run Behavior\ParseTemplateBehavior [ RunTime:0.002914s ]
INFO: [ view_parse ] --END-- [ RunTime:-0.010953s ]
INFO: [ view_filter ] --START--
INFO: Run Behavior\WriteHtmlCacheBehavior [ RunTime:0.000008s ]
INFO: [ view_filter ] --END-- [ RunTime:-0.013765s ]
SQL: SELECT `value` FROM `ocenter_config` WHERE `name` = '_CONFIG_QRCODE_BOTTOM' LIMIT 1   [ RunTime:0.000294s ]
NOTIC: [8] Undefined variable: site /Applications/XAMPP/xamppfiles/htdocs/yoyo/Runtime/Cache/Forum/24ded19c358067d9efdb58e594ffbf10.php 第 584 行.
INFO: [ pageFooter ] --START--
INFO: Run Addons\SuperLinks\SuperLinksAddon [ RunTime:0.000477s ]
INFO: [ pageFooter ] --END-- [ RunTime:0.000523s ]
SQL: SELECT `type`,`name`,`value` FROM `ocenter_config` WHERE `status` = 1  [ RunTime:0.000491s ]
NOTIC: [8] Undefined variable: token /Applications/XAMPP/xamppfiles/htdocs/yoyo/Application/Common/Model/ModuleModel.class.php 第 242 行.
NOTIC: [8] Undefined variable: res /Applications/XAMPP/xamppfiles/htdocs/yoyo/Application/Common/Common/role.php 第 147 行.
INFO: [ action_begin ] --START--
INFO: Run Common\Behavior\InitModuleInfoBehavior [ RunTime:0.000010s ]
INFO: [ action_begin ] --END-- [ RunTime:-0.193444s ]
SQL: SELECT `type`,`name`,`value` FROM `ocenter_config` WHERE `status` = 1  [ RunTime:0.000492s ]
NOTIC: [8] Undefined variable: token /Applications/XAMPP/xamppfiles/htdocs/yoyo/Application/Common/Model/ModuleModel.class.php 第 242 行.
NOTIC: [8] Undefined variable: res /Applications/XAMPP/xamppfiles/htdocs/yoyo/Application/Common/Common/role.php 第 147 行.
INFO: [ action_begin ] --START--
INFO: Run Common\Behavior\InitModuleInfoBehavior [ RunTime:0.000009s ]
INFO: [ action_begin ] --END-- [ RunTime:-0.195670s ]
INFO: [ view_parse ] --START--
INFO: [ template_filter ] --START--
INFO: Run Behavior\ContentReplaceBehavior [ RunTime:0.000027s ]
INFO: [ template_filter ] --END-- [ RunTime:-0.067010s ]
INFO: Run Behavior\ParseTemplateBehavior [ RunTime:0.001347s ]
INFO: [ view_parse ] --END-- [ RunTime:-0.019776s ]
INFO: [ view_filter ] --START--
INFO: Run Behavior\WriteHtmlCacheBehavior [ RunTime:0.000014s ]
INFO: [ view_filter ] --END-- [ RunTime:-0.021061s ]
INFO: Run Behavior\ParseTemplateBehavior [ RunTime:0.001703s ]
INFO: [ view_parse ] --END-- [ RunTime:-0.019776s ]
INFO: [ view_filter ] --START--
INFO: Run Behavior\WriteHtmlCacheBehavior [ RunTime:0.000011s ]
INFO: [ view_filter ] --END-- [ RunTime:-0.021390s ]
INFO: [ app_end ] --START--
INFO: Run Behavior\ShowPageTraceBehavior [ RunTime:0.000554s ]
INFO: [ app_end ] --END-- [ RunTime:0.000610s ]

[ 2017-10-29T21:56:12+08:00 ] 127.0.0.1 /yoyo/forum/index
INFO: [ app_init ] --START--
INFO: Run Behavior\BuildLiteBehavior [ RunTime:0.000009s ]
INFO: Run Common\Behavior\InitHookBehavior [ RunTime:0.000680s ]
INFO: [ app_init ] --END-- [ RunTime:0.000734s ]
NOTIC: [8] Undefined index: router /Applications/XAMPP/xamppfiles/htdocs/yoyo/Application/Common/Common/function.php 第 1936 行.
NOTIC: [8] Undefined index: router /Applications/XAMPP/xamppfiles/htdocs/yoyo/Application/Common/Common/function.php 第 1936 行.
NOTIC: [8] Undefined index: router /Applications/XAMPP/xamppfiles/htdocs/yoyo/Application/Common/Common/function.php 第 1936 行.
NOTIC: [8] Undefined index: router /Applications/XAMPP/xamppfiles/htdocs/yoyo/Application/Common/Common/function.php 第 1936 行.
NOTIC: [8] Undefined index: router /Applications/XAMPP/xamppfiles/htdocs/yoyo/Application/Common/Common/function.php 第 1936 行.
NOTIC: [8] Undefined index: router /Applications/XAMPP/xamppfiles/htdocs/yoyo/Application/Common/Common/function.php 第 1936 行.
SQL: SHOW COLUMNS FROM `ocenter_config` [ RunTime:0.005479s ]
SQL: SELECT `type`,`name`,`value` FROM `ocenter_config` WHERE `status` = 1  [ RunTime:0.000600s ]
INFO: [ app_begin ] --START--
INFO: Run Behavior\ReadHtmlCacheBehavior [ RunTime:0.000283s ]
INFO: Run Behavior\CheckLangBehavior [ RunTime:0.012700s ]
INFO: [ app_begin ] --END-- [ RunTime:0.013047s ]
NOTIC: [8192] mysql_connect(): The mysql extension is deprecated and will be removed in the future: use mysqli or PDO instead /Applications/XAMPP/xamppfiles/htdocs/yoyo/ThinkPHP/Library/Think/Session/Driver/Db.class.php 第 95 行.
SQL: SHOW COLUMNS FROM `ocenter_module` [ RunTime:0.003002s ]
SQL: SELECT `type`,`name`,`value` FROM `ocenter_config` WHERE `status` = 1  [ RunTime:0.000340s ]
NOTIC: [8] Undefined variable: token /Applications/XAMPP/xamppfiles/htdocs/yoyo/Application/Common/Model/ModuleModel.class.php 第 242 行.
NOTIC: [8] Undefined variable: res /Applications/XAMPP/xamppfiles/htdocs/yoyo/Application/Common/Common/role.php 第 147 行.
INFO: [ action_begin ] --START--
INFO: Run Common\Behavior\InitModuleInfoBehavior [ RunTime:0.000126s ]
INFO: [ action_begin ] --END-- [ RunTime:0.000153s ]
SQL: SHOW COLUMNS FROM `ocenter_forum` [ RunTime:0.002328s ]
SQL: SHOW COLUMNS FROM `ocenter_follow` [ RunTime:0.004657s ]
SQL: SELECT * FROM `ocenter_follow` WHERE `who_follow` = 100 AND `follow_who` = 1 LIMIT 1   [ RunTime:0.000265s ]
SQL: select nickname from `ocenter_member`,`ocenter_ucenter_member` where uid=id and uid=2 limit 1 [ RunTime:0.000189s ]
NOTIC: [8] Undefined offset: 0 /Applications/XAMPP/xamppfiles/htdocs/yoyo/Application/Common/Model/UserModel.class.php 第 72 行.
NOTIC: [2] Invalid argument supplied for foreach() /Applications/XAMPP/xamppfiles/htdocs/yoyo/Application/Common/Model/UserModel.class.php 第 567 行.
NOTIC: [8] Undefined index: nickname /Applications/XAMPP/xamppfiles/htdocs/yoyo/Application/Common/Model/UserModel.class.php 第 82 行.
SQL: SELECT * FROM `ocenter_follow` WHERE `who_follow` = 100 AND `follow_who` = 2 LIMIT 1   [ RunTime:0.000222s ]
SQL: SELECT * FROM `ocenter_forum` WHERE `id` = 1 AND `status` = 1 LIMIT 1   [ RunTime:0.000192s ]
SQL: SHOW COLUMNS FROM `ocenter_auth_group_access` [ RunTime:0.001962s ]
SQL: SELECT * FROM `ocenter_auth_group_access` WHERE `uid` = 100  [ RunTime:0.000563s ]
SQL: SELECT * FROM `ocenter_forum` WHERE `id` = 2 AND `status` = 1 LIMIT 1   [ RunTime:0.000661s ]
SQL: SELECT * FROM `ocenter_auth_group_access` WHERE `uid` = 100  [ RunTime:0.000506s ]
SQL: SHOW COLUMNS FROM `ocenter_forum_type` [ RunTime:0.002495s ]
SQL: SELECT * FROM `ocenter_forum_type` WHERE `status` = 1 ORDER BY sort asc  [ RunTime:0.000232s ]
SQL: SELECT * FROM `ocenter_follow` WHERE `who_follow` = 100 AND `follow_who` = 1 LIMIT 1   [ RunTime:0.000238s ]
SQL: select nickname from `ocenter_member`,`ocenter_ucenter_member` where uid=id and uid=2 limit 1 [ RunTime:0.000215s ]
NOTIC: [8] Undefined offset: 0 /Applications/XAMPP/xamppfiles/htdocs/yoyo/Application/Common/Model/UserModel.class.php 第 72 行.
NOTIC: [2] Invalid argument supplied for foreach() /Applications/XAMPP/xamppfiles/htdocs/yoyo/Application/Common/Model/UserModel.class.php 第 567 行.
NOTIC: [8] Undefined index: nickname /Applications/XAMPP/xamppfiles/htdocs/yoyo/Application/Common/Model/UserModel.class.php 第 82 行.
SQL: SELECT * FROM `ocenter_follow` WHERE `who_follow` = 100 AND `follow_who` = 2 LIMIT 1   [ RunTime:0.000272s ]
SQL: SHOW COLUMNS FROM `ocenter_forum_post` [ RunTime:0.002310s ]
SQL: SHOW COLUMNS FROM `ocenter_forum_post` [ RunTime:0.002527s ]
SQL: SELECT COUNT(*) AS tp_count FROM `ocenter_forum_post` WHERE `uid` = 100 LIMIT 1   [ RunTime:0.000192s ]
SQL: SHOW COLUMNS FROM `ocenter_forum_post_reply` [ RunTime:0.002052s ]
SQL: SELECT COUNT(*) AS tp_count FROM `ocenter_forum_post_reply` WHERE `uid` = 100 LIMIT 1   [ RunTime:0.000195s ]
SQL: SHOW COLUMNS FROM `ocenter_member` [ RunTime:0.003256s ]
SQL: SELECT COUNT(*) AS tp_count FROM `ocenter_member` WHERE `status` = 1 LIMIT 1   [ RunTime:0.000267s ]
SQL: SELECT `uid` FROM `ocenter_member` WHERE `status` = 1 ORDER BY reg_time desc LIMIT 1   [ RunTime:0.000267s ]
SQL: SELECT * FROM `ocenter_follow` WHERE `who_follow` = 100 AND `follow_who` = 147 LIMIT 1   [ RunTime:0.000254s ]
SQL: SELECT COUNT(*) AS tp_count FROM `ocenter_forum_post` WHERE `create_time` BETWEEN 1509206400 AND 1509292800 LIMIT 1   [ RunTime:0.000156s ]
SQL: SELECT COUNT(*) AS tp_count FROM `ocenter_forum_post` WHERE `create_time` BETWEEN 1509120000 AND 1509206400 LIMIT 1   [ RunTime:0.000158s ]
SQL: SELECT COUNT(*) AS tp_count FROM `ocenter_forum` WHERE `status` = 1 LIMIT 1   [ RunTime:0.000242s ]
SQL: SELECT COUNT(*) AS tp_count FROM `ocenter_forum_post` WHERE `status` = 1 LIMIT 1   [ RunTime:0.000198s ]
SQL: SHOW COLUMNS FROM `ocenter_forum_post_reply` [ RunTime:0.001909s ]
SQL: SELECT COUNT(*) AS tp_count FROM `ocenter_forum_post_reply` WHERE `status` = 1 LIMIT 1   [ RunTime:0.000221s ]
SQL: SHOW COLUMNS FROM `ocenter_forum_lzl_reply` [ RunTime:0.002226s ]
SQL: SELECT COUNT(*) AS tp_count FROM `ocenter_forum_lzl_reply` LIMIT 1   [ RunTime:0.000162s ]
SQL: SELECT * FROM `ocenter_forum_post` WHERE (  status=1 AND is_top=2 ) ORDER BY last_reply_time desc  [ RunTime:0.000244s ]
SQL: SELECT * FROM `ocenter_follow` WHERE `who_follow` = 100 AND `follow_who` = 1 LIMIT 1   [ RunTime:0.000242s ]
SQL: select nickname from `ocenter_member`,`ocenter_ucenter_member` where uid=id and uid=2 limit 1 [ RunTime:0.000188s ]
NOTIC: [8] Undefined offset: 0 /Applications/XAMPP/xamppfiles/htdocs/yoyo/Application/Common/Model/UserModel.class.php 第 72 行.
NOTIC: [2] Invalid argument supplied for foreach() /Applications/XAMPP/xamppfiles/htdocs/yoyo/Application/Common/Model/UserModel.class.php 第 567 行.
NOTIC: [8] Undefined index: nickname /Applications/XAMPP/xamppfiles/htdocs/yoyo/Application/Common/Model/UserModel.class.php 第 82 行.
SQL: SELECT * FROM `ocenter_follow` WHERE `who_follow` = 100 AND `follow_who` = 2 LIMIT 1   [ RunTime:0.000193s ]
NOTIC: [2] Invalid argument supplied for foreach() /Applications/XAMPP/xamppfiles/htdocs/yoyo/Application/Forum/Model/ForumPostModel.class.php 第 124 行.
SQL: SELECT * FROM `ocenter_forum_post` WHERE `status` = 1 ORDER BY last_reply_time desc LIMIT 0,5   [ RunTime:0.000181s ]
SQL: SELECT COUNT(*) AS tp_count FROM `ocenter_forum_post` WHERE `status` = 1 LIMIT 1   [ RunTime:0.000153s ]
SQL: SELECT * FROM `ocenter_follow` WHERE `who_follow` = 100 AND `follow_who` = 1 LIMIT 1   [ RunTime:0.000241s ]
SQL: select nickname from `ocenter_member`,`ocenter_ucenter_member` where uid=id and uid=2 limit 1 [ RunTime:0.000190s ]
NOTIC: [8] Undefined offset: 0 /Applications/XAMPP/xamppfiles/htdocs/yoyo/Application/Common/Model/UserModel.class.php 第 72 行.
NOTIC: [2] Invalid argument supplied for foreach() /Applications/XAMPP/xamppfiles/htdocs/yoyo/Application/Common/Model/UserModel.class.php 第 567 行.
NOTIC: [8] Undefined index: nickname /Applications/XAMPP/xamppfiles/htdocs/yoyo/Application/Common/Model/UserModel.class.php 第 82 行.
SQL: SELECT * FROM `ocenter_follow` WHERE `who_follow` = 100 AND `follow_who` = 2 LIMIT 1   [ RunTime:0.000227s ]
NOTIC: [2] Invalid argument supplied for foreach() /Applications/XAMPP/xamppfiles/htdocs/yoyo/Application/Forum/Model/ForumPostModel.class.php 第 124 行.
SQL: SELECT * FROM `ocenter_follow` WHERE `who_follow` = 100 AND `follow_who` = 1 LIMIT 1   [ RunTime:0.000238s ]
SQL: select nickname from `ocenter_member`,`ocenter_ucenter_member` where uid=id and uid=2 limit 1 [ RunTime:0.000187s ]
NOTIC: [8] Undefined offset: 0 /Applications/XAMPP/xamppfiles/htdocs/yoyo/Application/Common/Model/UserModel.class.php 第 72 行.
NOTIC: [2] Invalid argument supplied for foreach() /Applications/XAMPP/xamppfiles/htdocs/yoyo/Application/Common/Model/UserModel.class.php 第 567 行.
NOTIC: [8] Undefined index: nickname /Applications/XAMPP/xamppfiles/htdocs/yoyo/Application/Common/Model/UserModel.class.php 第 82 行.
SQL: SELECT * FROM `ocenter_follow` WHERE `who_follow` = 100 AND `follow_who` = 2 LIMIT 1   [ RunTime:0.000224s ]
SQL: SHOW COLUMNS FROM `ocenter_forum_follow` [ RunTime:0.002229s ]
SQL: SELECT COUNT(*) AS tp_count FROM `ocenter_forum_follow` WHERE `forum_id` = 2 AND `uid` = 100 LIMIT 1   [ RunTime:0.000249s ]
SQL: SELECT COUNT(*) AS tp_count FROM `ocenter_forum_follow` WHERE `forum_id` = 1 AND `uid` = 100 LIMIT 1   [ RunTime:0.000157s ]
SQL: SELECT COUNT(*) AS tp_count FROM `ocenter_forum_follow` WHERE `forum_id` = 2 AND `uid` = 100 LIMIT 1   [ RunTime:0.000157s ]
SQL: SELECT COUNT(*) AS tp_count FROM `ocenter_forum_follow` WHERE `forum_id` = 1 AND `uid` = 100 LIMIT 1   [ RunTime:0.000154s ]
SQL: SHOW COLUMNS FROM `ocenter_forum_post` [ RunTime:0.003715s ]
SQL: SELECT `uid`,count(id) as post_count FROM `ocenter_forum_post` GROUP BY uid ORDER BY post_count desc LIMIT 9   [ RunTime:0.000552s ]
NOTIC: [2] Invalid argument supplied for foreach() /Applications/XAMPP/xamppfiles/htdocs/yoyo/Application/Forum/Controller/IndexController.class.php 第 149 行.
NOTIC: [2] unlink(./Runtime/Temp/368847d097f3ba8fc0b32086c3d05e7a.php): No such file or directory /Applications/XAMPP/xamppfiles/htdocs/yoyo/ThinkPHP/Library/Think/Cache/Driver/File.class.php 第 157 行.
NOTIC: [2] unlink(./Runtime/Temp/5bfc07822515668d72181260089d2731.php): No such file or directory /Applications/XAMPP/xamppfiles/htdocs/yoyo/ThinkPHP/Library/Think/Cache/Driver/File.class.php 第 157 行.
INFO: [ view_parse ] --START--
INFO: [ template_filter ] --START--
INFO: Run Behavior\ContentReplaceBehavior [ RunTime:0.000250s ]
INFO: [ template_filter ] --END-- [ RunTime:0.000293s ]
INFO: [ syncMeta ] --START--
INFO: Run Addons\SyncLogin\SyncLoginAddon [ RunTime:0.000577s ]
INFO: [ syncMeta ] --END-- [ RunTime:0.000620s ]
NOTIC: [8] Undefined variable: seo /Applications/XAMPP/xamppfiles/htdocs/yoyo/Runtime/Cache/Forum/24ded19c358067d9efdb58e594ffbf10.php 第 9 行.
SQL: SHOW COLUMNS FROM `ocenter_seo_rule` [ RunTime:0.002229s ]
SQL: SELECT `type`,`name`,`value` FROM `ocenter_config` WHERE `status` = 1  [ RunTime:0.000336s ]
SQL: SHOW COLUMNS FROM `ocenter_pushing` [ RunTime:0.001744s ]
ERR: 1146:Table 'yoyobit.ocenter_pushing' doesn't exist
 [ SQL语句 ] : SHOW COLUMNS FROM `ocenter_pushing`
SQL: SHOW COLUMNS FROM `ocenter_member` [ RunTime:0.002082s ]
SQL: SHOW COLUMNS FROM `ocenter_channel` [ RunTime:0.002235s ]
NOTIC: [8] Undefined index: _ /Applications/XAMPP/xamppfiles/htdocs/yoyo/Runtime/Cache/Forum/24ded19c358067d9efdb58e594ffbf10.php 第 150 行.
NOTIC: [8] Undefined index: _ /Applications/XAMPP/xamppfiles/htdocs/yoyo/Runtime/Cache/Forum/24ded19c358067d9efdb58e594ffbf10.php 第 150 行.
NOTIC: [8] Undefined index: _ /Applications/XAMPP/xamppfiles/htdocs/yoyo/Runtime/Cache/Forum/24ded19c358067d9efdb58e594ffbf10.php 第 150 行.
NOTIC: [8] Undefined variable: module /Applications/XAMPP/xamppfiles/htdocs/yoyo/ThinkPHP/Common/functions.php 第 1052 行.
NOTIC: [8] Undefined variable: var /Applications/XAMPP/xamppfiles/htdocs/yoyo/ThinkPHP/Common/functions.php 第 1052 行.
NOTIC: [8] Undefined variable: varController /Applications/XAMPP/xamppfiles/htdocs/yoyo/ThinkPHP/Common/functions.php 第 1052 行.
NOTIC: [8] Undefined variable: var /Applications/XAMPP/xamppfiles/htdocs/yoyo/ThinkPHP/Common/functions.php 第 1052 行.
NOTIC: [8] Undefined variable: varAction /Applications/XAMPP/xamppfiles/htdocs/yoyo/ThinkPHP/Common/functions.php 第 1052 行.
NOTIC: [8] Undefined index: _ /Applications/XAMPP/xamppfiles/htdocs/yoyo/Runtime/Cache/Forum/24ded19c358067d9efdb58e594ffbf10.php 第 150 行.
NOTIC: [8] Undefined index: _ /Applications/XAMPP/xamppfiles/htdocs/yoyo/Runtime/Cache/Forum/24ded19c358067d9efdb58e594ffbf10.php 第 150 行.
NOTIC: [8] Undefined variable: module /Applications/XAMPP/xamppfiles/htdocs/yoyo/ThinkPHP/Common/functions.php 第 1052 行.
NOTIC: [8] Undefined variable: var /Applications/XAMPP/xamppfiles/htdocs/yoyo/ThinkPHP/Common/functions.php 第 1052 行.
NOTIC: [8] Undefined variable: varController /Applications/XAMPP/xamppfiles/htdocs/yoyo/ThinkPHP/Common/functions.php 第 1052 行.
NOTIC: [8] Undefined variable: var /Applications/XAMPP/xamppfiles/htdocs/yoyo/ThinkPHP/Common/functions.php 第 1052 行.
NOTIC: [8] Undefined variable: varAction /Applications/XAMPP/xamppfiles/htdocs/yoyo/ThinkPHP/Common/functions.php 第 1052 行.
NOTIC: [8] Undefined variable: module /Applications/XAMPP/xamppfiles/htdocs/yoyo/ThinkPHP/Common/functions.php 第 1052 行.
NOTIC: [8] Undefined variable: var /Applications/XAMPP/xamppfiles/htdocs/yoyo/ThinkPHP/Common/functions.php 第 1052 行.
NOTIC: [8] Undefined variable: varController /Applications/XAMPP/xamppfiles/htdocs/yoyo/ThinkPHP/Common/functions.php 第 1052 行.
NOTIC: [8] Undefined variable: var /Applications/XAMPP/xamppfiles/htdocs/yoyo/ThinkPHP/Common/functions.php 第 1052 行.
NOTIC: [8] Undefined variable: varAction /Applications/XAMPP/xamppfiles/htdocs/yoyo/ThinkPHP/Common/functions.php 第 1052 行.
NOTIC: [8] Undefined variable: module /Applications/XAMPP/xamppfiles/htdocs/yoyo/ThinkPHP/Common/functions.php 第 1052 行.
NOTIC: [8] Undefined variable: var /Applications/XAMPP/xamppfiles/htdocs/yoyo/ThinkPHP/Common/functions.php 第 1052 行.
NOTIC: [8] Undefined variable: varController /Applications/XAMPP/xamppfiles/htdocs/yoyo/ThinkPHP/Common/functions.php 第 1052 行.
NOTIC: [8] Undefined variable: var /Applications/XAMPP/xamppfiles/htdocs/yoyo/ThinkPHP/Common/functions.php 第 1052 行.
NOTIC: [8] Undefined variable: varAction /Applications/XAMPP/xamppfiles/htdocs/yoyo/ThinkPHP/Common/functions.php 第 1052 行.
NOTIC: [8] Undefined variable: module /Applications/XAMPP/xamppfiles/htdocs/yoyo/ThinkPHP/Common/functions.php 第 1052 行.
NOTIC: [8] Undefined variable: var /Applications/XAMPP/xamppfiles/htdocs/yoyo/ThinkPHP/Common/functions.php 第 1052 行.
NOTIC: [8] Undefined variable: varController /Applications/XAMPP/xamppfiles/htdocs/yoyo/ThinkPHP/Common/functions.php 第 1052 行.
NOTIC: [8] Undefined variable: var /Applications/XAMPP/xamppfiles/htdocs/yoyo/ThinkPHP/Common/functions.php 第 1052 行.
NOTIC: [8] Undefined variable: varAction /Applications/XAMPP/xamppfiles/htdocs/yoyo/ThinkPHP/Common/functions.php 第 1052 行.
SQL: SELECT `reg_time` FROM `ocenter_member` WHERE `uid` = 100 LIMIT 1   [ RunTime:0.000256s ]
SQL: SHOW COLUMNS FROM `ocenter_user_config` [ RunTime:0.002092s ]
SQL: SELECT * FROM `ocenter_user_config` WHERE `uid` = 100 AND `name` = 'user_cover' AND `role_id` = 0 AND `model` = '' LIMIT 1   [ RunTime:0.000234s ]
SQL: SHOW COLUMNS FROM `ocenter_picture` [ RunTime:0.002226s ]
SQL: SELECT * FROM `ocenter_picture` WHERE `status` = 1 AND `id` = null LIMIT 1   [ RunTime:0.000442s ]
NOTIC: [2] unlink(./Runtime/Temp/945c180f3240ad0e35d9eb8beb06401b.php): No such file or directory /Applications/XAMPP/xamppfiles/htdocs/yoyo/ThinkPHP/Library/Think/Cache/Driver/File.class.php 第 157 行.
NOTIC: [2] unlink(./Runtime/Temp/deec309cb1249b5b7776ac8c8f45123b.php): No such file or directory /Applications/XAMPP/xamppfiles/htdocs/yoyo/ThinkPHP/Library/Think/Cache/Driver/File.class.php 第 157 行.
NOTIC: [8] Undefined index: space_url /Applications/XAMPP/xamppfiles/htdocs/yoyo/Runtime/Cache/Forum/24ded19c358067d9efdb58e594ffbf10.php 第 223 行.
NOTIC: [8] Undefined index: score /Applications/XAMPP/xamppfiles/htdocs/yoyo/Runtime/Cache/Forum/24ded19c358067d9efdb58e594ffbf10.php 第 255 行.
NOTIC: [8] Undefined index: score /Applications/XAMPP/xamppfiles/htdocs/yoyo/Runtime/Cache/Forum/24ded19c358067d9efdb58e594ffbf10.php 第 267 行.
NOTIC: [8] Undefined variable: module /Applications/XAMPP/xamppfiles/htdocs/yoyo/ThinkPHP/Common/functions.php 第 1052 行.
NOTIC: [8] Undefined variable: var /Applications/XAMPP/xamppfiles/htdocs/yoyo/ThinkPHP/Common/functions.php 第 1052 行.
NOTIC: [8] Undefined variable: varController /Applications/XAMPP/xamppfiles/htdocs/yoyo/ThinkPHP/Common/functions.php 第 1052 行.
NOTIC: [8] Undefined variable: var /Applications/XAMPP/xamppfiles/htdocs/yoyo/ThinkPHP/Common/functions.php 第 1052 行.
NOTIC: [8] Undefined variable: varAction /Applications/XAMPP/xamppfiles/htdocs/yoyo/ThinkPHP/Common/functions.php 第 1052 行.
NOTIC: [8] Undefined variable: module /Applications/XAMPP/xamppfiles/htdocs/yoyo/ThinkPHP/Common/functions.php 第 1052 行.
NOTIC: [8] Undefined variable: var /Applications/XAMPP/xamppfiles/htdocs/yoyo/ThinkPHP/Common/functions.php 第 1052 行.
NOTIC: [8] Undefined variable: varController /Applications/XAMPP/xamppfiles/htdocs/yoyo/ThinkPHP/Common/functions.php 第 1052 行.
NOTIC: [8] Undefined variable: var /Applications/XAMPP/xamppfiles/htdocs/yoyo/ThinkPHP/Common/functions.php 第 1052 行.
NOTIC: [8] Undefined variable: varAction /Applications/XAMPP/xamppfiles/htdocs/yoyo/ThinkPHP/Common/functions.php 第 1052 行.
SQL: SHOW COLUMNS FROM `ocenter_auth_rule` [ RunTime:0.002135s ]
SQL: SELECT * FROM `ocenter_auth_rule` WHERE `name` = 'Admin/Index/index' AND `status` = 1 LIMIT 1   [ RunTime:0.000227s ]
SQL: SELECT * FROM `ocenter_auth_rule` WHERE `name` = 'Core/Admin/View' AND `status` = 1 LIMIT 1   [ RunTime:0.000350s ]
SQL: SELECT `value` FROM `ocenter_config` WHERE `name` = '_CONFIG_LOGO' LIMIT 1   [ RunTime:0.000186s ]
SQL: SELECT `type`,`name`,`value` FROM `ocenter_config` WHERE `status` = 1  [ RunTime:0.000345s ]
NOTIC: [8] Undefined variable: token /Applications/XAMPP/xamppfiles/htdocs/yoyo/Application/Common/Model/ModuleModel.class.php 第 242 行.
NOTIC: [8] Undefined variable: res /Applications/XAMPP/xamppfiles/htdocs/yoyo/Application/Common/Common/role.php 第 147 行.
INFO: [ action_begin ] --START--
INFO: Run Common\Behavior\InitModuleInfoBehavior [ RunTime:0.000015s ]
INFO: [ action_begin ] --END-- [ RunTime:-0.114644s ]
SQL: SHOW COLUMNS FROM `ocenter_adv_pos` [ RunTime:0.003812s ]
SQL: SHOW COLUMNS FROM `ocenter_adv` [ RunTime:0.002073s ]
SQL: SELECT * FROM `ocenter_adv` WHERE `pos_id` = 10000 AND `status` = 1 AND `start_time` < 1509285372 AND `end_time` > 1509285372 ORDER BY sort asc  [ RunTime:0.000290s ]
NOTIC: [2] Invalid argument supplied for foreach() /Applications/XAMPP/xamppfiles/htdocs/yoyo/Application/Common/Model/AdvModel.class.php 第 31 行.
INFO: [ view_parse ] --START--
INFO: [ template_filter ] --START--
INFO: Run Behavior\ContentReplaceBehavior [ RunTime:0.000023s ]
INFO: [ template_filter ] --END-- [ RunTime:-0.043200s ]
SQL: SELECT * FROM `ocenter_auth_rule` WHERE `name` = 'Admin/Adv/adv' AND `status` = 1 LIMIT 1   [ RunTime:0.000365s ]
INFO: Run Behavior\ParseTemplateBehavior [ RunTime:0.001788s ]
INFO: [ view_parse ] --END-- [ RunTime:0.001812s ]
INFO: [ view_filter ] --START--
INFO: Run Behavior\WriteHtmlCacheBehavior [ RunTime:0.000115s ]
INFO: [ view_filter ] --END-- [ RunTime:0.000135s ]
NOTIC: [8] Undefined offset: 1 /Applications/XAMPP/xamppfiles/htdocs/yoyo/Runtime/Cache/Forum/24ded19c358067d9efdb58e594ffbf10.php 第 503 行.
NOTIC: [8] Use of undefined constant id - assumed 'id' /Applications/XAMPP/xamppfiles/htdocs/yoyo/Runtime/Cache/Forum/24ded19c358067d9efdb58e594ffbf10.php 第 504 行.
NOTIC: [8] Undefined variable: add_suffix /Applications/XAMPP/xamppfiles/htdocs/yoyo/ThinkPHP/Common/functions.php 第 1095 行.
NOTIC: [8] Undefined offset: 2 /Applications/XAMPP/xamppfiles/htdocs/yoyo/Runtime/Cache/Forum/24ded19c358067d9efdb58e594ffbf10.php 第 503 行.
NOTIC: [8] Use of undefined constant id - assumed 'id' /Applications/XAMPP/xamppfiles/htdocs/yoyo/Runtime/Cache/Forum/24ded19c358067d9efdb58e594ffbf10.php 第 504 行.
NOTIC: [8] Undefined variable: add_suffix /Applications/XAMPP/xamppfiles/htdocs/yoyo/ThinkPHP/Common/functions.php 第 1095 行.
NOTIC: [8] Undefined offset: 3 /Applications/XAMPP/xamppfiles/htdocs/yoyo/Runtime/Cache/Forum/24ded19c358067d9efdb58e594ffbf10.php 第 503 行.
NOTIC: [8] Use of undefined constant id - assumed 'id' /Applications/XAMPP/xamppfiles/htdocs/yoyo/Runtime/Cache/Forum/24ded19c358067d9efdb58e594ffbf10.php 第 504 行.
NOTIC: [8] Undefined variable: add_suffix /Applications/XAMPP/xamppfiles/htdocs/yoyo/ThinkPHP/Common/functions.php 第 1095 行.
NOTIC: [8] Undefined offset: 4 /Applications/XAMPP/xamppfiles/htdocs/yoyo/Runtime/Cache/Forum/24ded19c358067d9efdb58e594ffbf10.php 第 503 行.
NOTIC: [8] Use of undefined constant id - assumed 'id' /Applications/XAMPP/xamppfiles/htdocs/yoyo/Runtime/Cache/Forum/24ded19c358067d9efdb58e594ffbf10.php 第 504 行.
NOTIC: [8] Undefined variable: add_suffix /Applications/XAMPP/xamppfiles/htdocs/yoyo/ThinkPHP/Common/functions.php 第 1095 行.
SQL: SELECT * FROM `ocenter_adv` WHERE `pos_id` = 10001 AND `status` = 1 AND `start_time` < 1509285372 AND `end_time` > 1509285372 ORDER BY sort asc  [ RunTime:0.000255s ]
NOTIC: [2] Invalid argument supplied for foreach() /Applications/XAMPP/xamppfiles/htdocs/yoyo/Application/Common/Model/AdvModel.class.php 第 31 行.
INFO: [ view_parse ] --START--
INFO: [ template_filter ] --START--
INFO: Run Behavior\ContentReplaceBehavior [ RunTime:0.000021s ]
INFO: [ template_filter ] --END-- [ RunTime:-0.046437s ]
SQL: SELECT * FROM `ocenter_auth_rule` WHERE `name` = 'Admin/Adv/adv' AND `status` = 1 LIMIT 1   [ RunTime:0.000365s ]
INFO: Run Behavior\ParseTemplateBehavior [ RunTime:0.001682s ]
INFO: [ view_parse ] --END-- [ RunTime:-0.001510s ]
INFO: [ view_filter ] --START--
INFO: Run Behavior\WriteHtmlCacheBehavior [ RunTime:0.000007s ]
INFO: [ view_filter ] --END-- [ RunTime:-0.003077s ]
SQL: SELECT `type`,`name`,`value` FROM `ocenter_config` WHERE `status` = 1  [ RunTime:0.000346s ]
NOTIC: [8] Undefined variable: token /Applications/XAMPP/xamppfiles/htdocs/yoyo/Application/Common/Model/ModuleModel.class.php 第 242 行.
NOTIC: [8] Undefined variable: res /Applications/XAMPP/xamppfiles/htdocs/yoyo/Application/Common/Common/role.php 第 147 行.
INFO: [ action_begin ] --START--
INFO: Run Common\Behavior\InitModuleInfoBehavior [ RunTime:0.000006s ]
INFO: [ action_begin ] --END-- [ RunTime:-0.129355s ]
NOTIC: [2] Missing argument 1 for Common\Widget\SuperLinksWidget::superLinks() /Applications/XAMPP/xamppfiles/htdocs/yoyo/Application/Common/Widget/SuperLinksWidget.class.php 第 15 行.
SQL: SHOW COLUMNS FROM `ocenter_super_links` [ RunTime:0.002475s ]
SQL: SELECT * FROM `ocenter_super_links` WHERE ( status = 1 ) ORDER BY level desc,id asc  [ RunTime:0.000206s ]
NOTIC: [2] Invalid argument supplied for foreach() /Applications/XAMPP/xamppfiles/htdocs/yoyo/Application/Common/Model/SuperLinksModel.class.php 第 37 行.
NOTIC: [8] Undefined variable: data /Applications/XAMPP/xamppfiles/htdocs/yoyo/Application/Common/Model/SuperLinksModel.class.php 第 48 行.
NOTIC: [8] Undefined variable: param /Applications/XAMPP/xamppfiles/htdocs/yoyo/Application/Common/Widget/SuperLinksWidget.class.php 第 19 行.
INFO: [ view_parse ] --START--
INFO: [ template_filter ] --START--
INFO: Run Behavior\ContentReplaceBehavior [ RunTime:0.000026s ]
INFO: [ template_filter ] --END-- [ RunTime:-0.053760s ]
INFO: Run Behavior\ParseTemplateBehavior [ RunTime:0.002014s ]
INFO: [ view_parse ] --END-- [ RunTime:-0.008141s ]
INFO: [ view_filter ] --START--
INFO: Run Behavior\WriteHtmlCacheBehavior [ RunTime:0.000008s ]
INFO: [ view_filter ] --END-- [ RunTime:-0.010048s ]
SQL: SELECT `value` FROM `ocenter_config` WHERE `name` = '_CONFIG_QRCODE_BOTTOM' LIMIT 1   [ RunTime:0.000253s ]
NOTIC: [8] Undefined variable: site /Applications/XAMPP/xamppfiles/htdocs/yoyo/Runtime/Cache/Forum/24ded19c358067d9efdb58e594ffbf10.php 第 584 行.
INFO: [ pageFooter ] --START--
INFO: Run Addons\SuperLinks\SuperLinksAddon [ RunTime:0.000357s ]
INFO: [ pageFooter ] --END-- [ RunTime:0.000389s ]
SQL: SELECT `type`,`name`,`value` FROM `ocenter_config` WHERE `status` = 1  [ RunTime:0.000363s ]
NOTIC: [8] Undefined variable: token /Applications/XAMPP/xamppfiles/htdocs/yoyo/Application/Common/Model/ModuleModel.class.php 第 242 行.
NOTIC: [8] Undefined variable: res /Applications/XAMPP/xamppfiles/htdocs/yoyo/Application/Common/Common/role.php 第 147 行.
INFO: [ action_begin ] --START--
INFO: Run Common\Behavior\InitModuleInfoBehavior [ RunTime:0.000007s ]
INFO: [ action_begin ] --END-- [ RunTime:-0.137409s ]
SQL: SELECT `type`,`name`,`value` FROM `ocenter_config` WHERE `status` = 1  [ RunTime:0.000389s ]
NOTIC: [8] Undefined variable: token /Applications/XAMPP/xamppfiles/htdocs/yoyo/Application/Common/Model/ModuleModel.class.php 第 242 行.
NOTIC: [8] Undefined variable: res /Applications/XAMPP/xamppfiles/htdocs/yoyo/Application/Common/Common/role.php 第 147 行.
INFO: [ action_begin ] --START--
INFO: Run Common\Behavior\InitModuleInfoBehavior [ RunTime:0.000007s ]
INFO: [ action_begin ] --END-- [ RunTime:-0.139169s ]
INFO: [ view_parse ] --START--
INFO: [ template_filter ] --START--
INFO: Run Behavior\ContentReplaceBehavior [ RunTime:0.000021s ]
INFO: [ template_filter ] --END-- [ RunTime:-0.059544s ]
INFO: Run Behavior\ParseTemplateBehavior [ RunTime:0.000983s ]
INFO: [ view_parse ] --END-- [ RunTime:-0.014664s ]
INFO: [ view_filter ] --START--
INFO: Run Behavior\WriteHtmlCacheBehavior [ RunTime:0.000006s ]
INFO: [ view_filter ] --END-- [ RunTime:-0.015536s ]
INFO: Run Behavior\ParseTemplateBehavior [ RunTime:0.001170s ]
INFO: [ view_parse ] --END-- [ RunTime:-0.014664s ]
INFO: [ view_filter ] --START--
INFO: Run Behavior\WriteHtmlCacheBehavior [ RunTime:0.000006s ]
INFO: [ view_filter ] --END-- [ RunTime:-0.015718s ]
INFO: [ app_end ] --START--
INFO: Run Behavior\ShowPageTraceBehavior [ RunTime:0.000663s ]
INFO: [ app_end ] --END-- [ RunTime:0.000725s ]

