[ 2017-10-25T10:57:16+08:00 ] 127.0.0.1 /yoyo/index.php?s=/forum/index/index.html
INFO: [ app_init ] --START--
INFO: Run Behavior\BuildLiteBehavior [ RunTime:0.000008s ]
INFO: Run Common\Behavior\InitHookBehavior [ RunTime:0.000739s ]
INFO: [ app_init ] --END-- [ RunTime:0.000800s ]
NOTIC: [8] Undefined index: router /Applications/XAMPP/xamppfiles/htdocs/yoyo/Application/Common/Common/function.php 第 1936 行.
NOTIC: [8] Undefined index: router /Applications/XAMPP/xamppfiles/htdocs/yoyo/Application/Common/Common/function.php 第 1936 行.
NOTIC: [8] Undefined index: router /Applications/XAMPP/xamppfiles/htdocs/yoyo/Application/Common/Common/function.php 第 1936 行.
NOTIC: [8] Undefined index: router /Applications/XAMPP/xamppfiles/htdocs/yoyo/Application/Common/Common/function.php 第 1936 行.
NOTIC: [8] Undefined index: router /Applications/XAMPP/xamppfiles/htdocs/yoyo/Application/Common/Common/function.php 第 1936 行.
NOTIC: [8] Undefined index: router /Applications/XAMPP/xamppfiles/htdocs/yoyo/Application/Common/Common/function.php 第 1936 行.
SQL: SHOW COLUMNS FROM `ocenter_config` [ RunTime:0.003303s ]
SQL: SELECT `type`,`name`,`value` FROM `ocenter_config` WHERE `status` = 1  [ RunTime:0.000379s ]
INFO: [ app_begin ] --START--
INFO: Run Behavior\ReadHtmlCacheBehavior [ RunTime:0.000339s ]
INFO: Run Behavior\CheckLangBehavior [ RunTime:0.015954s ]
INFO: [ app_begin ] --END-- [ RunTime:0.016380s ]
NOTIC: [8192] mysql_connect(): The mysql extension is deprecated and will be removed in the future: use mysqli or PDO instead /Applications/XAMPP/xamppfiles/htdocs/yoyo/ThinkPHP/Library/Think/Session/Driver/Db.class.php 第 95 行.
SQL: SHOW COLUMNS FROM `ocenter_module` [ RunTime:0.002212s ]
SQL: SELECT `type`,`name`,`value` FROM `ocenter_config` WHERE `status` = 1  [ RunTime:0.001081s ]
NOTIC: [8] Undefined variable: token /Applications/XAMPP/xamppfiles/htdocs/yoyo/Application/Common/Model/ModuleModel.class.php 第 242 行.
NOTIC: [8] Undefined variable: res /Applications/XAMPP/xamppfiles/htdocs/yoyo/Application/Common/Common/role.php 第 147 行.
INFO: [ action_begin ] --START--
INFO: Run Common\Behavior\InitModuleInfoBehavior [ RunTime:0.000125s ]
INFO: [ action_begin ] --END-- [ RunTime:0.000156s ]
SQL: SHOW COLUMNS FROM `ocenter_forum` [ RunTime:0.003539s ]
SQL: SELECT `value` FROM `ocenter_config` WHERE `name` = '_FORUM_CACHE_TIME' LIMIT 1   [ RunTime:0.000501s ]
SQL: SHOW COLUMNS FROM `ocenter_forum` [ RunTime:0.002935s ]
SQL: SELECT * FROM `ocenter_forum` WHERE `status` = 1 ORDER BY sort asc  [ RunTime:0.001530s ]
SQL: SHOW COLUMNS FROM `ocenter_forum_post` [ RunTime:0.004166s ]
SQL: SHOW COLUMNS FROM `ocenter_forum_post_reply` [ RunTime:0.003925s ]
SQL: SHOW COLUMNS FROM `ocenter_picture` [ RunTime:0.003767s ]
SQL: SELECT * FROM `ocenter_picture` WHERE `status` = 1 AND `id` = 123 LIMIT 1   [ RunTime:0.000878s ]
NOTIC: [2] unlink(./Runtime/Temp/e6d44ae3ac191192b59ba2a10589f6e2.php): No such file or directory /Applications/XAMPP/xamppfiles/htdocs/yoyo/ThinkPHP/Library/Think/Cache/Driver/File.class.php 第 157 行.
NOTIC: [2] unlink(./Runtime/Temp/25ed2f182623f0e5e1bbad5dbc82913b.php): No such file or directory /Applications/XAMPP/xamppfiles/htdocs/yoyo/ThinkPHP/Library/Think/Cache/Driver/File.class.php 第 157 行.
SQL: SELECT * FROM `ocenter_picture` WHERE `status` = 1 AND `id` = 133 LIMIT 1   [ RunTime:0.000702s ]
NOTIC: [2] unlink(./Runtime/Temp/cb4110b3e2f8aa0869b3bc1025ff4524.php): No such file or directory /Applications/XAMPP/xamppfiles/htdocs/yoyo/ThinkPHP/Library/Think/Cache/Driver/File.class.php 第 157 行.
NOTIC: [2] unlink(./Runtime/Temp/5e610e8e7e9fdffb5d557f701fba095c.php): No such file or directory /Applications/XAMPP/xamppfiles/htdocs/yoyo/ThinkPHP/Library/Think/Cache/Driver/File.class.php 第 157 行.
SQL: SELECT COUNT(*) AS tp_count FROM `ocenter_forum_post` WHERE `status` = 1 AND `forum_id` = 1 LIMIT 1   [ RunTime:0.000720s ]
SQL: SELECT `id` FROM `ocenter_forum_post` WHERE `forum_id` = 1  [ RunTime:0.000392s ]
NOTIC: [2] implode(): Invalid arguments passed /Applications/XAMPP/xamppfiles/htdocs/yoyo/Application/Forum/Model/ForumModel.class.php 第 71 行.
NOTIC: [2] implode(): Invalid arguments passed /Applications/XAMPP/xamppfiles/htdocs/yoyo/ThinkPHP/Library/Think/Db.class.php 第 497 行.
SQL: SELECT COUNT(*) AS tp_count FROM `ocenter_forum_post_reply` WHERE `status` = 1 AND `post_id` IN () LIMIT 1   [ RunTime:0.000137s ]
ERR: 1064:You have an error in your SQL syntax; check the manual that corresponds to your MariaDB server version for the right syntax to use near ') LIMIT 1' at line 1
 [ SQL语句 ] : SELECT COUNT(*) AS tp_count FROM `ocenter_forum_post_reply` WHERE `status` = 1 AND `post_id` IN () LIMIT 1  
SQL: SELECT * FROM `ocenter_picture` WHERE `status` = 1 AND `id` = 117 LIMIT 1   [ RunTime:0.000202s ]
NOTIC: [2] unlink(./Runtime/Temp/3f089998cb439b7fd2ba6899d3c1f05b.php): No such file or directory /Applications/XAMPP/xamppfiles/htdocs/yoyo/ThinkPHP/Library/Think/Cache/Driver/File.class.php 第 157 行.
NOTIC: [2] unlink(./Runtime/Temp/4fba539807615febee4a99a5d104301e.php): No such file or directory /Applications/XAMPP/xamppfiles/htdocs/yoyo/ThinkPHP/Library/Think/Cache/Driver/File.class.php 第 157 行.
SQL: SELECT * FROM `ocenter_picture` WHERE `status` = 1 AND `id` = 134 LIMIT 1   [ RunTime:0.000177s ]
NOTIC: [2] unlink(./Runtime/Temp/0e938c9c3a6a05031beadfc4543e6def.php): No such file or directory /Applications/XAMPP/xamppfiles/htdocs/yoyo/ThinkPHP/Library/Think/Cache/Driver/File.class.php 第 157 行.
NOTIC: [2] unlink(./Runtime/Temp/755d2d45c2411fe4fc803ca904647dac.php): No such file or directory /Applications/XAMPP/xamppfiles/htdocs/yoyo/ThinkPHP/Library/Think/Cache/Driver/File.class.php 第 157 行.
SQL: SELECT COUNT(*) AS tp_count FROM `ocenter_forum_post` WHERE `status` = 1 AND `forum_id` = 2 LIMIT 1   [ RunTime:0.000161s ]
SQL: SELECT `id` FROM `ocenter_forum_post` WHERE `forum_id` = 2  [ RunTime:0.000148s ]
NOTIC: [2] implode(): Invalid arguments passed /Applications/XAMPP/xamppfiles/htdocs/yoyo/Application/Forum/Model/ForumModel.class.php 第 71 行.
NOTIC: [2] implode(): Invalid arguments passed /Applications/XAMPP/xamppfiles/htdocs/yoyo/ThinkPHP/Library/Think/Db.class.php 第 497 行.
SQL: SELECT COUNT(*) AS tp_count FROM `ocenter_forum_post_reply` WHERE `status` = 1 AND `post_id` IN () LIMIT 1   [ RunTime:0.000121s ]
ERR: 1064:You have an error in your SQL syntax; check the manual that corresponds to your MariaDB server version for the right syntax to use near ') LIMIT 1' at line 1
 [ SQL语句 ] : SELECT COUNT(*) AS tp_count FROM `ocenter_forum_post_reply` WHERE `status` = 1 AND `post_id` IN () LIMIT 1  
SQL: SHOW COLUMNS FROM `ocenter_follow` [ RunTime:0.003289s ]
SQL: SELECT * FROM `ocenter_follow` WHERE `who_follow` = 100 AND `follow_who` = 1 LIMIT 1   [ RunTime:0.000572s ]
SQL: select nickname from `ocenter_member`,`ocenter_ucenter_member` where uid=id and uid=2 limit 1 [ RunTime:0.000503s ]
NOTIC: [8] Undefined offset: 0 /Applications/XAMPP/xamppfiles/htdocs/yoyo/Application/Common/Model/UserModel.class.php 第 72 行.
NOTIC: [2] Invalid argument supplied for foreach() /Applications/XAMPP/xamppfiles/htdocs/yoyo/Application/Common/Model/UserModel.class.php 第 567 行.
NOTIC: [8] Undefined index: nickname /Applications/XAMPP/xamppfiles/htdocs/yoyo/Application/Common/Model/UserModel.class.php 第 82 行.
SQL: SELECT * FROM `ocenter_follow` WHERE `who_follow` = 100 AND `follow_who` = 2 LIMIT 1   [ RunTime:0.000413s ]
SQL: SHOW COLUMNS FROM `ocenter_ucenter_short` [ RunTime:0.005355s ]
SQL: SELECT * FROM `ocenter_ucenter_short` WHERE `uid` = 2 AND `status` = 1 LIMIT 1   [ RunTime:0.000241s ]
NOTIC: [8] Undefined index: nickname /Applications/XAMPP/xamppfiles/htdocs/yoyo/Application/Common/Model/UserModel.class.php 第 449 行.
SQL: SELECT * FROM `ocenter_forum` WHERE `id` = 1 AND `status` = 1 LIMIT 1   [ RunTime:0.000280s ]
SQL: SHOW COLUMNS FROM `ocenter_auth_group_access` [ RunTime:0.001085s ]
SQL: SELECT * FROM `ocenter_auth_group_access` WHERE `uid` = 100  [ RunTime:0.000256s ]
SQL: SELECT * FROM `ocenter_forum` WHERE `id` = 2 AND `status` = 1 LIMIT 1   [ RunTime:0.000210s ]
SQL: SELECT * FROM `ocenter_auth_group_access` WHERE `uid` = 100  [ RunTime:0.000232s ]
SQL: SHOW COLUMNS FROM `ocenter_forum_type` [ RunTime:0.003557s ]
SQL: SELECT * FROM `ocenter_forum_type` WHERE `status` = 1 ORDER BY sort asc  [ RunTime:0.001608s ]
SQL: SELECT * FROM `ocenter_forum` WHERE `status` = 1 AND `type_id` = 1 ORDER BY sort asc  [ RunTime:0.001174s ]
SQL: SELECT * FROM `ocenter_picture` WHERE `status` = 1 AND `id` = 123 LIMIT 1   [ RunTime:0.000615s ]
NOTIC: [2] unlink(./Runtime/Temp/e6d44ae3ac191192b59ba2a10589f6e2.php): No such file or directory /Applications/XAMPP/xamppfiles/htdocs/yoyo/ThinkPHP/Library/Think/Cache/Driver/File.class.php 第 157 行.
NOTIC: [2] unlink(./Runtime/Temp/25ed2f182623f0e5e1bbad5dbc82913b.php): No such file or directory /Applications/XAMPP/xamppfiles/htdocs/yoyo/ThinkPHP/Library/Think/Cache/Driver/File.class.php 第 157 行.
SQL: SELECT * FROM `ocenter_picture` WHERE `status` = 1 AND `id` = 133 LIMIT 1   [ RunTime:0.000639s ]
NOTIC: [2] unlink(./Runtime/Temp/cb4110b3e2f8aa0869b3bc1025ff4524.php): No such file or directory /Applications/XAMPP/xamppfiles/htdocs/yoyo/ThinkPHP/Library/Think/Cache/Driver/File.class.php 第 157 行.
NOTIC: [2] unlink(./Runtime/Temp/5e610e8e7e9fdffb5d557f701fba095c.php): No such file or directory /Applications/XAMPP/xamppfiles/htdocs/yoyo/ThinkPHP/Library/Think/Cache/Driver/File.class.php 第 157 行.
SQL: SELECT COUNT(*) AS tp_count FROM `ocenter_forum_post` WHERE `status` = 1 AND `forum_id` = 1 LIMIT 1   [ RunTime:0.000277s ]
SQL: SELECT `id` FROM `ocenter_forum_post` WHERE `forum_id` = 1  [ RunTime:0.000151s ]
NOTIC: [2] implode(): Invalid arguments passed /Applications/XAMPP/xamppfiles/htdocs/yoyo/Application/Forum/Model/ForumModel.class.php 第 71 行.
NOTIC: [2] implode(): Invalid arguments passed /Applications/XAMPP/xamppfiles/htdocs/yoyo/ThinkPHP/Library/Think/Db.class.php 第 497 行.
SQL: SELECT COUNT(*) AS tp_count FROM `ocenter_forum_post_reply` WHERE `status` = 1 AND `post_id` IN () LIMIT 1   [ RunTime:0.000129s ]
ERR: 1064:You have an error in your SQL syntax; check the manual that corresponds to your MariaDB server version for the right syntax to use near ') LIMIT 1' at line 1
 [ SQL语句 ] : SELECT COUNT(*) AS tp_count FROM `ocenter_forum_post_reply` WHERE `status` = 1 AND `post_id` IN () LIMIT 1  
SQL: SELECT * FROM `ocenter_follow` WHERE `who_follow` = 100 AND `follow_who` = 1 LIMIT 1   [ RunTime:0.000223s ]
SQL: select nickname from `ocenter_member`,`ocenter_ucenter_member` where uid=id and uid=2 limit 1 [ RunTime:0.000187s ]
NOTIC: [8] Undefined offset: 0 /Applications/XAMPP/xamppfiles/htdocs/yoyo/Application/Common/Model/UserModel.class.php 第 72 行.
NOTIC: [2] Invalid argument supplied for foreach() /Applications/XAMPP/xamppfiles/htdocs/yoyo/Application/Common/Model/UserModel.class.php 第 567 行.
NOTIC: [8] Undefined index: nickname /Applications/XAMPP/xamppfiles/htdocs/yoyo/Application/Common/Model/UserModel.class.php 第 82 行.
SQL: SELECT * FROM `ocenter_follow` WHERE `who_follow` = 100 AND `follow_who` = 2 LIMIT 1   [ RunTime:0.000235s ]
SQL: SELECT * FROM `ocenter_forum` WHERE `status` = 1 AND `type_id` = 2 ORDER BY sort asc  [ RunTime:0.000223s ]
SQL: SELECT * FROM `ocenter_picture` WHERE `status` = 1 AND `id` = 117 LIMIT 1   [ RunTime:0.000186s ]
NOTIC: [2] unlink(./Runtime/Temp/3f089998cb439b7fd2ba6899d3c1f05b.php): No such file or directory /Applications/XAMPP/xamppfiles/htdocs/yoyo/ThinkPHP/Library/Think/Cache/Driver/File.class.php 第 157 行.
NOTIC: [2] unlink(./Runtime/Temp/4fba539807615febee4a99a5d104301e.php): No such file or directory /Applications/XAMPP/xamppfiles/htdocs/yoyo/ThinkPHP/Library/Think/Cache/Driver/File.class.php 第 157 行.
SQL: SELECT * FROM `ocenter_picture` WHERE `status` = 1 AND `id` = 134 LIMIT 1   [ RunTime:0.000185s ]
NOTIC: [2] unlink(./Runtime/Temp/0e938c9c3a6a05031beadfc4543e6def.php): No such file or directory /Applications/XAMPP/xamppfiles/htdocs/yoyo/ThinkPHP/Library/Think/Cache/Driver/File.class.php 第 157 行.
NOTIC: [2] unlink(./Runtime/Temp/755d2d45c2411fe4fc803ca904647dac.php): No such file or directory /Applications/XAMPP/xamppfiles/htdocs/yoyo/ThinkPHP/Library/Think/Cache/Driver/File.class.php 第 157 行.
SQL: SELECT COUNT(*) AS tp_count FROM `ocenter_forum_post` WHERE `status` = 1 AND `forum_id` = 2 LIMIT 1   [ RunTime:0.000168s ]
SQL: SELECT `id` FROM `ocenter_forum_post` WHERE `forum_id` = 2  [ RunTime:0.000150s ]
NOTIC: [2] implode(): Invalid arguments passed /Applications/XAMPP/xamppfiles/htdocs/yoyo/Application/Forum/Model/ForumModel.class.php 第 71 行.
NOTIC: [2] implode(): Invalid arguments passed /Applications/XAMPP/xamppfiles/htdocs/yoyo/ThinkPHP/Library/Think/Db.class.php 第 497 行.
SQL: SELECT COUNT(*) AS tp_count FROM `ocenter_forum_post_reply` WHERE `status` = 1 AND `post_id` IN () LIMIT 1   [ RunTime:0.000122s ]
ERR: 1064:You have an error in your SQL syntax; check the manual that corresponds to your MariaDB server version for the right syntax to use near ') LIMIT 1' at line 1
 [ SQL语句 ] : SELECT COUNT(*) AS tp_count FROM `ocenter_forum_post_reply` WHERE `status` = 1 AND `post_id` IN () LIMIT 1  
SQL: SHOW COLUMNS FROM `ocenter_forum_post` [ RunTime:0.002652s ]
SQL: SELECT COUNT(*) AS tp_count FROM `ocenter_forum_post` WHERE `uid` = 100 LIMIT 1   [ RunTime:0.000434s ]
SQL: SHOW COLUMNS FROM `ocenter_forum_post_reply` [ RunTime:0.003638s ]
SQL: SELECT COUNT(*) AS tp_count FROM `ocenter_forum_post_reply` WHERE `uid` = 100 LIMIT 1   [ RunTime:0.000244s ]
SQL: SHOW COLUMNS FROM `ocenter_member` [ RunTime:0.003509s ]
SQL: SELECT COUNT(*) AS tp_count FROM `ocenter_member` WHERE `status` = 1 LIMIT 1   [ RunTime:0.000267s ]
SQL: SELECT `uid` FROM `ocenter_member` WHERE `status` = 1 ORDER BY reg_time desc LIMIT 1   [ RunTime:0.000222s ]
SQL: SELECT * FROM `ocenter_follow` WHERE `who_follow` = 100 AND `follow_who` = 147 LIMIT 1   [ RunTime:0.000262s ]
SQL: SELECT COUNT(*) AS tp_count FROM `ocenter_forum_post` WHERE `create_time` BETWEEN 1508860800 AND 1508947200 LIMIT 1   [ RunTime:0.000179s ]
SQL: SELECT COUNT(*) AS tp_count FROM `ocenter_forum_post` WHERE `create_time` BETWEEN 1508774400 AND 1508860800 LIMIT 1   [ RunTime:0.000308s ]
SQL: SELECT COUNT(*) AS tp_count FROM `ocenter_forum` WHERE `status` = 1 LIMIT 1   [ RunTime:0.000341s ]
SQL: SELECT COUNT(*) AS tp_count FROM `ocenter_forum_post` WHERE `status` = 1 LIMIT 1   [ RunTime:0.000188s ]
SQL: SELECT COUNT(*) AS tp_count FROM `ocenter_forum_post_reply` WHERE `status` = 1 LIMIT 1   [ RunTime:0.000203s ]
SQL: SHOW COLUMNS FROM `ocenter_forum_lzl_reply` [ RunTime:0.003575s ]
SQL: SELECT COUNT(*) AS tp_count FROM `ocenter_forum_lzl_reply` LIMIT 1   [ RunTime:0.000187s ]
SQL: SELECT * FROM `ocenter_forum_post` WHERE (  status=1 AND is_top=2 ) ORDER BY last_reply_time desc  [ RunTime:0.000315s ]
SQL: SELECT * FROM `ocenter_follow` WHERE `who_follow` = 100 AND `follow_who` = 1 LIMIT 1   [ RunTime:0.000290s ]
SQL: select nickname from `ocenter_member`,`ocenter_ucenter_member` where uid=id and uid=2 limit 1 [ RunTime:0.000219s ]
NOTIC: [8] Undefined offset: 0 /Applications/XAMPP/xamppfiles/htdocs/yoyo/Application/Common/Model/UserModel.class.php 第 72 行.
NOTIC: [2] Invalid argument supplied for foreach() /Applications/XAMPP/xamppfiles/htdocs/yoyo/Application/Common/Model/UserModel.class.php 第 567 行.
NOTIC: [8] Undefined index: nickname /Applications/XAMPP/xamppfiles/htdocs/yoyo/Application/Common/Model/UserModel.class.php 第 82 行.
SQL: SELECT * FROM `ocenter_follow` WHERE `who_follow` = 100 AND `follow_who` = 2 LIMIT 1   [ RunTime:0.000250s ]
NOTIC: [2] Invalid argument supplied for foreach() /Applications/XAMPP/xamppfiles/htdocs/yoyo/Application/Forum/Model/ForumPostModel.class.php 第 124 行.
SQL: SELECT `value` FROM `ocenter_config` WHERE `name` = '_FORUM_FORM_POST_SHOW_NUM_INDEX' LIMIT 1   [ RunTime:0.000192s ]
SQL: SELECT * FROM `ocenter_forum_post` WHERE `status` = 1 ORDER BY last_reply_time desc LIMIT 0,5   [ RunTime:0.000255s ]
SQL: SELECT COUNT(*) AS tp_count FROM `ocenter_forum_post` WHERE `status` = 1 LIMIT 1   [ RunTime:0.000161s ]
SQL: SELECT * FROM `ocenter_follow` WHERE `who_follow` = 100 AND `follow_who` = 1 LIMIT 1   [ RunTime:0.000213s ]
SQL: select nickname from `ocenter_member`,`ocenter_ucenter_member` where uid=id and uid=2 limit 1 [ RunTime:0.000195s ]
NOTIC: [8] Undefined offset: 0 /Applications/XAMPP/xamppfiles/htdocs/yoyo/Application/Common/Model/UserModel.class.php 第 72 行.
NOTIC: [2] Invalid argument supplied for foreach() /Applications/XAMPP/xamppfiles/htdocs/yoyo/Application/Common/Model/UserModel.class.php 第 567 行.
NOTIC: [8] Undefined index: nickname /Applications/XAMPP/xamppfiles/htdocs/yoyo/Application/Common/Model/UserModel.class.php 第 82 行.
SQL: SELECT * FROM `ocenter_follow` WHERE `who_follow` = 100 AND `follow_who` = 2 LIMIT 1   [ RunTime:0.000263s ]
NOTIC: [2] Invalid argument supplied for foreach() /Applications/XAMPP/xamppfiles/htdocs/yoyo/Application/Forum/Model/ForumPostModel.class.php 第 124 行.
SQL: SELECT `value` FROM `ocenter_config` WHERE `name` = '_FORUM_SUGGESTION_POSTS' LIMIT 1   [ RunTime:0.000183s ]
SQL: SHOW COLUMNS FROM `ocenter_forum_post` [ RunTime:0.001521s ]
SQL: SELECT * FROM `ocenter_forum_post` WHERE `id` = 23 LIMIT 1   [ RunTime:0.000236s ]
NOTIC: [8] Undefined offset: 0 /Applications/XAMPP/xamppfiles/htdocs/yoyo/Application/Forum/Controller/IndexController.class.php 第 193 行.
NOTIC: [8] Undefined offset: 0 /Applications/XAMPP/xamppfiles/htdocs/yoyo/Application/Forum/Controller/IndexController.class.php 第 196 行.
NOTIC: [8] Undefined index: content /Applications/XAMPP/xamppfiles/htdocs/yoyo/Application/Forum/Controller/IndexController.class.php 第 176 行.
SQL: SELECT * FROM `ocenter_follow` WHERE `who_follow` = 100 AND `follow_who` = 1 LIMIT 1   [ RunTime:0.000268s ]
SQL: select nickname from `ocenter_member`,`ocenter_ucenter_member` where uid=id and uid=2 limit 1 [ RunTime:0.000199s ]
NOTIC: [8] Undefined offset: 0 /Applications/XAMPP/xamppfiles/htdocs/yoyo/Application/Common/Model/UserModel.class.php 第 72 行.
NOTIC: [2] Invalid argument supplied for foreach() /Applications/XAMPP/xamppfiles/htdocs/yoyo/Application/Common/Model/UserModel.class.php 第 567 行.
NOTIC: [8] Undefined index: nickname /Applications/XAMPP/xamppfiles/htdocs/yoyo/Application/Common/Model/UserModel.class.php 第 82 行.
SQL: SELECT * FROM `ocenter_follow` WHERE `who_follow` = 100 AND `follow_who` = 2 LIMIT 1   [ RunTime:0.000239s ]
SQL: SHOW COLUMNS FROM `ocenter_forum` [ RunTime:0.002677s ]
SQL: SELECT `value` FROM `ocenter_config` WHERE `name` = '_FORUM_HOT_FORUM' LIMIT 1   [ RunTime:0.000232s ]
SQL: SELECT * FROM `ocenter_forum` WHERE `id` IN ('1','2','3') AND `status` = 1 ORDER BY post_count desc  [ RunTime:0.000327s ]
SQL: SHOW COLUMNS FROM `ocenter_forum_follow` [ RunTime:0.001460s ]
SQL: SELECT COUNT(*) AS tp_count FROM `ocenter_forum_follow` WHERE `forum_id` = 2 AND `uid` = 100 LIMIT 1   [ RunTime:0.000195s ]
SQL: SELECT COUNT(*) AS tp_count FROM `ocenter_forum_follow` WHERE `forum_id` = 1 AND `uid` = 100 LIMIT 1   [ RunTime:0.000158s ]
SQL: SELECT `value` FROM `ocenter_config` WHERE `name` = '_FORUM_RECOMMAND_FORUM' LIMIT 1   [ RunTime:0.000166s ]
SQL: SELECT * FROM `ocenter_forum` WHERE `id` IN ('1','2','3') AND `status` = 1 ORDER BY post_count desc  [ RunTime:0.000323s ]
SQL: SELECT COUNT(*) AS tp_count FROM `ocenter_forum_follow` WHERE `forum_id` = 2 AND `uid` = 100 LIMIT 1   [ RunTime:0.001068s ]
SQL: SELECT COUNT(*) AS tp_count FROM `ocenter_forum_follow` WHERE `forum_id` = 1 AND `uid` = 100 LIMIT 1   [ RunTime:0.000565s ]
SQL: SELECT `uid`,count(id) as post_count FROM `ocenter_forum_post` GROUP BY uid ORDER BY post_count desc LIMIT 9   [ RunTime:0.000529s ]
NOTIC: [2] Invalid argument supplied for foreach() /Applications/XAMPP/xamppfiles/htdocs/yoyo/Application/Forum/Controller/IndexController.class.php 第 149 行.
NOTIC: [2] unlink(./Runtime/Temp/368847d097f3ba8fc0b32086c3d05e7a.php): No such file or directory /Applications/XAMPP/xamppfiles/htdocs/yoyo/ThinkPHP/Library/Think/Cache/Driver/File.class.php 第 157 行.
NOTIC: [2] unlink(./Runtime/Temp/5bfc07822515668d72181260089d2731.php): No such file or directory /Applications/XAMPP/xamppfiles/htdocs/yoyo/ThinkPHP/Library/Think/Cache/Driver/File.class.php 第 157 行.
INFO: [ view_parse ] --START--
INFO: [ template_filter ] --START--
INFO: Run Behavior\ContentReplaceBehavior [ RunTime:0.000355s ]
INFO: [ template_filter ] --END-- [ RunTime:0.000405s ]
INFO: [ syncMeta ] --START--
INFO: Run Addons\SyncLogin\SyncLoginAddon [ RunTime:0.000555s ]
INFO: [ syncMeta ] --END-- [ RunTime:0.000596s ]
NOTIC: [8] Undefined variable: seo /Applications/XAMPP/xamppfiles/htdocs/yoyo/Runtime/Cache/Forum/24ded19c358067d9efdb58e594ffbf10.php 第 9 行.
SQL: SHOW COLUMNS FROM `ocenter_seo_rule` [ RunTime:0.002416s ]
NOTIC: [8192] mysql_escape_string(): This function is deprecated; use mysql_real_escape_string() instead. /Applications/XAMPP/xamppfiles/htdocs/yoyo/Application/Common/Model/SeoRuleModel.class.php 第 78 行.
NOTIC: [8192] mysql_escape_string(): This function is deprecated; use mysql_real_escape_string() instead. /Applications/XAMPP/xamppfiles/htdocs/yoyo/Application/Common/Model/SeoRuleModel.class.php 第 79 行.
NOTIC: [8192] mysql_escape_string(): This function is deprecated; use mysql_real_escape_string() instead. /Applications/XAMPP/xamppfiles/htdocs/yoyo/Application/Common/Model/SeoRuleModel.class.php 第 80 行.
SQL: SELECT * FROM `ocenter_seo_rule` WHERE ( (app='' or app='Forum') and (controller='' or controller='Index') and (action='' or action='index') and status=1 ) ORDER BY sort asc  [ RunTime:0.000326s ]
SQL: SELECT `type`,`name`,`value` FROM `ocenter_config` WHERE `status` = 1  [ RunTime:0.000395s ]
SQL: SHOW COLUMNS FROM `ocenter_pushing` [ RunTime:0.002034s ]
ERR: 1146:Table 'yoyobit.ocenter_pushing' doesn't exist
 [ SQL语句 ] : SHOW COLUMNS FROM `ocenter_pushing`
SQL: SHOW COLUMNS FROM `ocenter_member` [ RunTime:0.003898s ]
SQL: SHOW COLUMNS FROM `ocenter_channel` [ RunTime:0.003466s ]
NOTIC: [8] Undefined index: _ /Applications/XAMPP/xamppfiles/htdocs/yoyo/Runtime/Cache/Forum/24ded19c358067d9efdb58e594ffbf10.php 第 149 行.
NOTIC: [8] Undefined index: _ /Applications/XAMPP/xamppfiles/htdocs/yoyo/Runtime/Cache/Forum/24ded19c358067d9efdb58e594ffbf10.php 第 149 行.
NOTIC: [8] Undefined index: _ /Applications/XAMPP/xamppfiles/htdocs/yoyo/Runtime/Cache/Forum/24ded19c358067d9efdb58e594ffbf10.php 第 149 行.
NOTIC: [8] Undefined index: _ /Applications/XAMPP/xamppfiles/htdocs/yoyo/Runtime/Cache/Forum/24ded19c358067d9efdb58e594ffbf10.php 第 149 行.
NOTIC: [8] Undefined index: _ /Applications/XAMPP/xamppfiles/htdocs/yoyo/Runtime/Cache/Forum/24ded19c358067d9efdb58e594ffbf10.php 第 149 行.
SQL: SELECT `reg_time` FROM `ocenter_member` WHERE `uid` = 100 LIMIT 1   [ RunTime:0.000251s ]
SQL: SHOW COLUMNS FROM `ocenter_user_config` [ RunTime:0.003896s ]
SQL: SELECT * FROM `ocenter_user_config` WHERE `uid` = 100 AND `name` = 'user_cover' AND `role_id` = 0 AND `model` = '' LIMIT 1   [ RunTime:0.000466s ]
SQL: SELECT * FROM `ocenter_picture` WHERE `status` = 1 AND `id` = null LIMIT 1   [ RunTime:0.000366s ]
NOTIC: [2] unlink(./Runtime/Temp/945c180f3240ad0e35d9eb8beb06401b.php): No such file or directory /Applications/XAMPP/xamppfiles/htdocs/yoyo/ThinkPHP/Library/Think/Cache/Driver/File.class.php 第 157 行.
NOTIC: [2] unlink(./Runtime/Temp/deec309cb1249b5b7776ac8c8f45123b.php): No such file or directory /Applications/XAMPP/xamppfiles/htdocs/yoyo/ThinkPHP/Library/Think/Cache/Driver/File.class.php 第 157 行.
SQL: SHOW COLUMNS FROM `ocenter_auth_rule` [ RunTime:0.002164s ]
SQL: SELECT * FROM `ocenter_auth_rule` WHERE `name` = 'Admin/Index/index' AND `status` = 1 LIMIT 1   [ RunTime:0.000284s ]
SQL: SELECT * FROM `ocenter_auth_rule` WHERE `name` = 'Core/Admin/View' AND `status` = 1 LIMIT 1   [ RunTime:0.000296s ]
SQL: SELECT `value` FROM `ocenter_config` WHERE `name` = '_CONFIG_LOGO' LIMIT 1   [ RunTime:0.000180s ]
SQL: SELECT `type`,`name`,`value` FROM `ocenter_config` WHERE `status` = 1  [ RunTime:0.000341s ]
NOTIC: [8] Undefined variable: token /Applications/XAMPP/xamppfiles/htdocs/yoyo/Application/Common/Model/ModuleModel.class.php 第 242 行.
NOTIC: [8] Undefined variable: res /Applications/XAMPP/xamppfiles/htdocs/yoyo/Application/Common/Common/role.php 第 147 行.
INFO: [ action_begin ] --START--
INFO: Run Common\Behavior\InitModuleInfoBehavior [ RunTime:0.000006s ]
INFO: [ action_begin ] --END-- [ RunTime:-0.182197s ]
SQL: SHOW COLUMNS FROM `ocenter_adv_pos` [ RunTime:0.003344s ]
SQL: SELECT * FROM `ocenter_adv_pos` WHERE `name` = 'up_forum' AND `path` = 'Forum/Index/index' AND `status` = 1 LIMIT 1   [ RunTime:0.000312s ]
SQL: SHOW COLUMNS FROM `ocenter_adv` [ RunTime:0.001401s ]
SQL: SELECT * FROM `ocenter_adv` WHERE `pos_id` = 10000 AND `status` = 1 AND `start_time` < 1508900236 AND `end_time` > 1508900236 ORDER BY sort asc  [ RunTime:0.000258s ]
NOTIC: [2] Invalid argument supplied for foreach() /Applications/XAMPP/xamppfiles/htdocs/yoyo/Application/Common/Model/AdvModel.class.php 第 31 行.
INFO: [ view_parse ] --START--
INFO: [ template_filter ] --START--
INFO: Run Behavior\ContentReplaceBehavior [ RunTime:0.000021s ]
INFO: [ template_filter ] --END-- [ RunTime:-0.044153s ]
SQL: SELECT * FROM `ocenter_auth_rule` WHERE `name` = 'Admin/Adv/adv' AND `status` = 1 LIMIT 1   [ RunTime:0.000392s ]
INFO: Run Behavior\ParseTemplateBehavior [ RunTime:0.001842s ]
INFO: [ view_parse ] --END-- [ RunTime:0.001869s ]
INFO: [ view_filter ] --START--
INFO: Run Behavior\WriteHtmlCacheBehavior [ RunTime:0.000121s ]
INFO: [ view_filter ] --END-- [ RunTime:0.000143s ]
NOTIC: [8] Undefined offset: 1 /Applications/XAMPP/xamppfiles/htdocs/yoyo/Runtime/Cache/Forum/24ded19c358067d9efdb58e594ffbf10.php 第 502 行.
NOTIC: [8] Use of undefined constant id - assumed 'id' /Applications/XAMPP/xamppfiles/htdocs/yoyo/Runtime/Cache/Forum/24ded19c358067d9efdb58e594ffbf10.php 第 503 行.
NOTIC: [8] Undefined offset: 2 /Applications/XAMPP/xamppfiles/htdocs/yoyo/Runtime/Cache/Forum/24ded19c358067d9efdb58e594ffbf10.php 第 502 行.
NOTIC: [8] Use of undefined constant id - assumed 'id' /Applications/XAMPP/xamppfiles/htdocs/yoyo/Runtime/Cache/Forum/24ded19c358067d9efdb58e594ffbf10.php 第 503 行.
NOTIC: [8] Undefined offset: 3 /Applications/XAMPP/xamppfiles/htdocs/yoyo/Runtime/Cache/Forum/24ded19c358067d9efdb58e594ffbf10.php 第 502 行.
NOTIC: [8] Use of undefined constant id - assumed 'id' /Applications/XAMPP/xamppfiles/htdocs/yoyo/Runtime/Cache/Forum/24ded19c358067d9efdb58e594ffbf10.php 第 503 行.
NOTIC: [8] Undefined offset: 4 /Applications/XAMPP/xamppfiles/htdocs/yoyo/Runtime/Cache/Forum/24ded19c358067d9efdb58e594ffbf10.php 第 502 行.
NOTIC: [8] Use of undefined constant id - assumed 'id' /Applications/XAMPP/xamppfiles/htdocs/yoyo/Runtime/Cache/Forum/24ded19c358067d9efdb58e594ffbf10.php 第 503 行.
SQL: SELECT * FROM `ocenter_adv_pos` WHERE `name` = 'right_bottom_forum' AND `path` = 'Forum/Index/index' AND `status` = 1 LIMIT 1   [ RunTime:0.000260s ]
SQL: SELECT * FROM `ocenter_adv` WHERE `pos_id` = 10001 AND `status` = 1 AND `start_time` < 1508900236 AND `end_time` > 1508900236 ORDER BY sort asc  [ RunTime:0.000271s ]
NOTIC: [2] Invalid argument supplied for foreach() /Applications/XAMPP/xamppfiles/htdocs/yoyo/Application/Common/Model/AdvModel.class.php 第 31 行.
INFO: [ view_parse ] --START--
INFO: [ template_filter ] --START--
INFO: Run Behavior\ContentReplaceBehavior [ RunTime:0.000023s ]
INFO: [ template_filter ] --END-- [ RunTime:-0.049274s ]
SQL: SELECT * FROM `ocenter_auth_rule` WHERE `name` = 'Admin/Adv/adv' AND `status` = 1 LIMIT 1   [ RunTime:0.000415s ]
INFO: Run Behavior\ParseTemplateBehavior [ RunTime:0.001976s ]
INFO: [ view_parse ] --END-- [ RunTime:-0.003211s ]
INFO: [ view_filter ] --START--
INFO: Run Behavior\WriteHtmlCacheBehavior [ RunTime:0.000007s ]
INFO: [ view_filter ] --END-- [ RunTime:-0.005069s ]
SQL: SELECT `type`,`name`,`value` FROM `ocenter_config` WHERE `status` = 1  [ RunTime:0.000350s ]
NOTIC: [8] Undefined variable: token /Applications/XAMPP/xamppfiles/htdocs/yoyo/Application/Common/Model/ModuleModel.class.php 第 242 行.
NOTIC: [8] Undefined variable: res /Applications/XAMPP/xamppfiles/htdocs/yoyo/Application/Common/Common/role.php 第 147 行.
INFO: [ action_begin ] --START--
INFO: Run Common\Behavior\InitModuleInfoBehavior [ RunTime:0.000006s ]
INFO: [ action_begin ] --END-- [ RunTime:-0.197868s ]
NOTIC: [2] Missing argument 1 for Common\Widget\SuperLinksWidget::superLinks() /Applications/XAMPP/xamppfiles/htdocs/yoyo/Application/Common/Widget/SuperLinksWidget.class.php 第 15 行.
SQL: SHOW COLUMNS FROM `ocenter_super_links` [ RunTime:0.002179s ]
SQL: SELECT * FROM `ocenter_super_links` WHERE ( status = 1 ) ORDER BY level desc,id asc  [ RunTime:0.000228s ]
NOTIC: [2] Invalid argument supplied for foreach() /Applications/XAMPP/xamppfiles/htdocs/yoyo/Application/Common/Model/SuperLinksModel.class.php 第 37 行.
NOTIC: [8] Undefined variable: data /Applications/XAMPP/xamppfiles/htdocs/yoyo/Application/Common/Model/SuperLinksModel.class.php 第 48 行.
NOTIC: [8] Undefined variable: param /Applications/XAMPP/xamppfiles/htdocs/yoyo/Application/Common/Widget/SuperLinksWidget.class.php 第 19 行.
INFO: [ view_parse ] --START--
INFO: [ template_filter ] --START--
INFO: Run Behavior\ContentReplaceBehavior [ RunTime:0.000025s ]
INFO: [ template_filter ] --END-- [ RunTime:-0.056450s ]
INFO: Run Behavior\ParseTemplateBehavior [ RunTime:0.002076s ]
INFO: [ view_parse ] --END-- [ RunTime:-0.009786s ]
INFO: [ view_filter ] --START--
INFO: Run Behavior\WriteHtmlCacheBehavior [ RunTime:0.000006s ]
INFO: [ view_filter ] --END-- [ RunTime:-0.011745s ]
SQL: SELECT `value` FROM `ocenter_config` WHERE `name` = '_CONFIG_QRCODE_BOTTOM' LIMIT 1   [ RunTime:0.000262s ]
NOTIC: [8] Undefined variable: site /Applications/XAMPP/xamppfiles/htdocs/yoyo/Runtime/Cache/Forum/24ded19c358067d9efdb58e594ffbf10.php 第 583 行.
INFO: [ pageFooter ] --START--
INFO: Run Addons\SuperLinks\SuperLinksAddon [ RunTime:0.000323s ]
INFO: [ pageFooter ] --END-- [ RunTime:0.000350s ]
SQL: SELECT `type`,`name`,`value` FROM `ocenter_config` WHERE `status` = 1  [ RunTime:0.000351s ]
NOTIC: [8] Undefined variable: token /Applications/XAMPP/xamppfiles/htdocs/yoyo/Application/Common/Model/ModuleModel.class.php 第 242 行.
NOTIC: [8] Undefined variable: res /Applications/XAMPP/xamppfiles/htdocs/yoyo/Application/Common/Common/role.php 第 147 行.
INFO: [ action_begin ] --START--
INFO: Run Common\Behavior\InitModuleInfoBehavior [ RunTime:0.000008s ]
INFO: [ action_begin ] --END-- [ RunTime:-0.205577s ]
SQL: SELECT `type`,`name`,`value` FROM `ocenter_config` WHERE `status` = 1  [ RunTime:0.000542s ]
NOTIC: [8] Undefined variable: token /Applications/XAMPP/xamppfiles/htdocs/yoyo/Application/Common/Model/ModuleModel.class.php 第 242 行.
NOTIC: [8] Undefined variable: res /Applications/XAMPP/xamppfiles/htdocs/yoyo/Application/Common/Common/role.php 第 147 行.
INFO: [ action_begin ] --START--
INFO: Run Common\Behavior\InitModuleInfoBehavior [ RunTime:0.000007s ]
INFO: [ action_begin ] --END-- [ RunTime:-0.207244s ]
INFO: [ view_parse ] --START--
INFO: [ template_filter ] --START--
INFO: Run Behavior\ContentReplaceBehavior [ RunTime:0.000020s ]
INFO: [ template_filter ] --END-- [ RunTime:-0.062047s ]
INFO: Run Behavior\ParseTemplateBehavior [ RunTime:0.001012s ]
INFO: [ view_parse ] --END-- [ RunTime:-0.016164s ]
INFO: [ view_filter ] --START--
INFO: Run Behavior\WriteHtmlCacheBehavior [ RunTime:0.000006s ]
INFO: [ view_filter ] --END-- [ RunTime:-0.017053s ]
INFO: Run Behavior\ParseTemplateBehavior [ RunTime:0.001198s ]
INFO: [ view_parse ] --END-- [ RunTime:-0.016164s ]
INFO: [ view_filter ] --START--
INFO: Run Behavior\WriteHtmlCacheBehavior [ RunTime:0.000004s ]
INFO: [ view_filter ] --END-- [ RunTime:-0.017234s ]
INFO: [ app_end ] --START--
INFO: Run Behavior\ShowPageTraceBehavior [ RunTime:0.000387s ]
INFO: [ app_end ] --END-- [ RunTime:0.000420s ]

[ 2017-10-25T10:57:51+08:00 ] 127.0.0.1 /yoyo/index.php?s=/forum/index/index.html
INFO: [ app_init ] --START--
INFO: Run Behavior\BuildLiteBehavior [ RunTime:0.000014s ]
INFO: Run Common\Behavior\InitHookBehavior [ RunTime:0.000961s ]
INFO: [ app_init ] --END-- [ RunTime:0.001047s ]
NOTIC: [8] Undefined index: router /Applications/XAMPP/xamppfiles/htdocs/yoyo/Application/Common/Common/function.php 第 1936 行.
NOTIC: [8] Undefined index: router /Applications/XAMPP/xamppfiles/htdocs/yoyo/Application/Common/Common/function.php 第 1936 行.
NOTIC: [8] Undefined index: router /Applications/XAMPP/xamppfiles/htdocs/yoyo/Application/Common/Common/function.php 第 1936 行.
NOTIC: [8] Undefined index: router /Applications/XAMPP/xamppfiles/htdocs/yoyo/Application/Common/Common/function.php 第 1936 行.
NOTIC: [8] Undefined index: router /Applications/XAMPP/xamppfiles/htdocs/yoyo/Application/Common/Common/function.php 第 1936 行.
NOTIC: [8] Undefined index: router /Applications/XAMPP/xamppfiles/htdocs/yoyo/Application/Common/Common/function.php 第 1936 行.
SQL: SHOW COLUMNS FROM `ocenter_config` [ RunTime:0.001998s ]
SQL: SELECT `type`,`name`,`value` FROM `ocenter_config` WHERE `status` = 1  [ RunTime:0.000610s ]
INFO: [ app_begin ] --START--
INFO: Run Behavior\ReadHtmlCacheBehavior [ RunTime:0.000609s ]
INFO: Run Behavior\CheckLangBehavior [ RunTime:0.014268s ]
INFO: [ app_begin ] --END-- [ RunTime:0.014988s ]
NOTIC: [8192] mysql_connect(): The mysql extension is deprecated and will be removed in the future: use mysqli or PDO instead /Applications/XAMPP/xamppfiles/htdocs/yoyo/ThinkPHP/Library/Think/Session/Driver/Db.class.php 第 95 行.
SQL: SHOW COLUMNS FROM `ocenter_module` [ RunTime:0.004246s ]
SQL: SELECT `type`,`name`,`value` FROM `ocenter_config` WHERE `status` = 1  [ RunTime:0.000524s ]
NOTIC: [8] Undefined variable: token /Applications/XAMPP/xamppfiles/htdocs/yoyo/Application/Common/Model/ModuleModel.class.php 第 242 行.
NOTIC: [8] Undefined variable: res /Applications/XAMPP/xamppfiles/htdocs/yoyo/Application/Common/Common/role.php 第 147 行.
INFO: [ action_begin ] --START--
INFO: Run Common\Behavior\InitModuleInfoBehavior [ RunTime:0.000125s ]
INFO: [ action_begin ] --END-- [ RunTime:0.000154s ]
SQL: SHOW COLUMNS FROM `ocenter_forum` [ RunTime:0.002114s ]
SQL: SHOW COLUMNS FROM `ocenter_follow` [ RunTime:0.003911s ]
SQL: SELECT * FROM `ocenter_follow` WHERE `who_follow` = 100 AND `follow_who` = 1 LIMIT 1   [ RunTime:0.000366s ]
SQL: select nickname from `ocenter_member`,`ocenter_ucenter_member` where uid=id and uid=2 limit 1 [ RunTime:0.000282s ]
NOTIC: [8] Undefined offset: 0 /Applications/XAMPP/xamppfiles/htdocs/yoyo/Application/Common/Model/UserModel.class.php 第 72 行.
NOTIC: [2] Invalid argument supplied for foreach() /Applications/XAMPP/xamppfiles/htdocs/yoyo/Application/Common/Model/UserModel.class.php 第 567 行.
NOTIC: [8] Undefined index: nickname /Applications/XAMPP/xamppfiles/htdocs/yoyo/Application/Common/Model/UserModel.class.php 第 82 行.
SQL: SELECT * FROM `ocenter_follow` WHERE `who_follow` = 100 AND `follow_who` = 2 LIMIT 1   [ RunTime:0.000361s ]
SQL: SELECT * FROM `ocenter_forum` WHERE `id` = 1 AND `status` = 1 LIMIT 1   [ RunTime:0.001288s ]
SQL: SHOW COLUMNS FROM `ocenter_auth_group_access` [ RunTime:0.003968s ]
SQL: SELECT * FROM `ocenter_auth_group_access` WHERE `uid` = 100  [ RunTime:0.000234s ]
SQL: SELECT * FROM `ocenter_forum` WHERE `id` = 2 AND `status` = 1 LIMIT 1   [ RunTime:0.000246s ]
SQL: SELECT * FROM `ocenter_auth_group_access` WHERE `uid` = 100  [ RunTime:0.000194s ]
SQL: SHOW COLUMNS FROM `ocenter_forum_type` [ RunTime:0.001953s ]
SQL: SELECT * FROM `ocenter_forum_type` WHERE `status` = 1 ORDER BY sort asc  [ RunTime:0.000221s ]
SQL: SELECT * FROM `ocenter_follow` WHERE `who_follow` = 100 AND `follow_who` = 1 LIMIT 1   [ RunTime:0.000234s ]
SQL: select nickname from `ocenter_member`,`ocenter_ucenter_member` where uid=id and uid=2 limit 1 [ RunTime:0.000185s ]
NOTIC: [8] Undefined offset: 0 /Applications/XAMPP/xamppfiles/htdocs/yoyo/Application/Common/Model/UserModel.class.php 第 72 行.
NOTIC: [2] Invalid argument supplied for foreach() /Applications/XAMPP/xamppfiles/htdocs/yoyo/Application/Common/Model/UserModel.class.php 第 567 行.
NOTIC: [8] Undefined index: nickname /Applications/XAMPP/xamppfiles/htdocs/yoyo/Application/Common/Model/UserModel.class.php 第 82 行.
SQL: SELECT * FROM `ocenter_follow` WHERE `who_follow` = 100 AND `follow_who` = 2 LIMIT 1   [ RunTime:0.000254s ]
SQL: SHOW COLUMNS FROM `ocenter_forum_post` [ RunTime:0.003715s ]
SQL: SHOW COLUMNS FROM `ocenter_forum_post` [ RunTime:0.003309s ]
SQL: SELECT COUNT(*) AS tp_count FROM `ocenter_forum_post` WHERE `uid` = 100 LIMIT 1   [ RunTime:0.000732s ]
SQL: SHOW COLUMNS FROM `ocenter_forum_post_reply` [ RunTime:0.002598s ]
SQL: SELECT COUNT(*) AS tp_count FROM `ocenter_forum_post_reply` WHERE `uid` = 100 LIMIT 1   [ RunTime:0.000229s ]
SQL: SHOW COLUMNS FROM `ocenter_member` [ RunTime:0.003006s ]
SQL: SELECT COUNT(*) AS tp_count FROM `ocenter_member` WHERE `status` = 1 LIMIT 1   [ RunTime:0.000894s ]
SQL: SELECT `uid` FROM `ocenter_member` WHERE `status` = 1 ORDER BY reg_time desc LIMIT 1   [ RunTime:0.000903s ]
SQL: SELECT * FROM `ocenter_follow` WHERE `who_follow` = 100 AND `follow_who` = 147 LIMIT 1   [ RunTime:0.000552s ]
SQL: SELECT COUNT(*) AS tp_count FROM `ocenter_forum_post` WHERE `create_time` BETWEEN 1508860800 AND 1508947200 LIMIT 1   [ RunTime:0.000432s ]
SQL: SELECT COUNT(*) AS tp_count FROM `ocenter_forum_post` WHERE `create_time` BETWEEN 1508774400 AND 1508860800 LIMIT 1   [ RunTime:0.000339s ]
SQL: SELECT COUNT(*) AS tp_count FROM `ocenter_forum` WHERE `status` = 1 LIMIT 1   [ RunTime:0.000819s ]
SQL: SELECT COUNT(*) AS tp_count FROM `ocenter_forum_post` WHERE `status` = 1 LIMIT 1   [ RunTime:0.000987s ]
SQL: SHOW COLUMNS FROM `ocenter_forum_post_reply` [ RunTime:0.002863s ]
SQL: SELECT COUNT(*) AS tp_count FROM `ocenter_forum_post_reply` WHERE `status` = 1 LIMIT 1   [ RunTime:0.000286s ]
SQL: SHOW COLUMNS FROM `ocenter_forum_lzl_reply` [ RunTime:0.003105s ]
SQL: SELECT COUNT(*) AS tp_count FROM `ocenter_forum_lzl_reply` LIMIT 1   [ RunTime:0.000203s ]
SQL: SELECT * FROM `ocenter_forum_post` WHERE (  status=1 AND is_top=2 ) ORDER BY last_reply_time desc  [ RunTime:0.000769s ]
SQL: SELECT * FROM `ocenter_follow` WHERE `who_follow` = 100 AND `follow_who` = 1 LIMIT 1   [ RunTime:0.000891s ]
SQL: select nickname from `ocenter_member`,`ocenter_ucenter_member` where uid=id and uid=2 limit 1 [ RunTime:0.000510s ]
NOTIC: [8] Undefined offset: 0 /Applications/XAMPP/xamppfiles/htdocs/yoyo/Application/Common/Model/UserModel.class.php 第 72 行.
NOTIC: [2] Invalid argument supplied for foreach() /Applications/XAMPP/xamppfiles/htdocs/yoyo/Application/Common/Model/UserModel.class.php 第 567 行.
NOTIC: [8] Undefined index: nickname /Applications/XAMPP/xamppfiles/htdocs/yoyo/Application/Common/Model/UserModel.class.php 第 82 行.
SQL: SELECT * FROM `ocenter_follow` WHERE `who_follow` = 100 AND `follow_who` = 2 LIMIT 1   [ RunTime:0.000398s ]
NOTIC: [2] Invalid argument supplied for foreach() /Applications/XAMPP/xamppfiles/htdocs/yoyo/Application/Forum/Model/ForumPostModel.class.php 第 124 行.
SQL: SELECT * FROM `ocenter_forum_post` WHERE `status` = 1 ORDER BY last_reply_time desc LIMIT 0,5   [ RunTime:0.000285s ]
SQL: SELECT COUNT(*) AS tp_count FROM `ocenter_forum_post` WHERE `status` = 1 LIMIT 1   [ RunTime:0.000192s ]
SQL: SELECT * FROM `ocenter_follow` WHERE `who_follow` = 100 AND `follow_who` = 1 LIMIT 1   [ RunTime:0.001407s ]
SQL: select nickname from `ocenter_member`,`ocenter_ucenter_member` where uid=id and uid=2 limit 1 [ RunTime:0.000700s ]
NOTIC: [8] Undefined offset: 0 /Applications/XAMPP/xamppfiles/htdocs/yoyo/Application/Common/Model/UserModel.class.php 第 72 行.
NOTIC: [2] Invalid argument supplied for foreach() /Applications/XAMPP/xamppfiles/htdocs/yoyo/Application/Common/Model/UserModel.class.php 第 567 行.
NOTIC: [8] Undefined index: nickname /Applications/XAMPP/xamppfiles/htdocs/yoyo/Application/Common/Model/UserModel.class.php 第 82 行.
SQL: SELECT * FROM `ocenter_follow` WHERE `who_follow` = 100 AND `follow_who` = 2 LIMIT 1   [ RunTime:0.000692s ]
NOTIC: [2] Invalid argument supplied for foreach() /Applications/XAMPP/xamppfiles/htdocs/yoyo/Application/Forum/Model/ForumPostModel.class.php 第 124 行.
SQL: SELECT * FROM `ocenter_follow` WHERE `who_follow` = 100 AND `follow_who` = 1 LIMIT 1   [ RunTime:0.000330s ]
SQL: select nickname from `ocenter_member`,`ocenter_ucenter_member` where uid=id and uid=2 limit 1 [ RunTime:0.000242s ]
NOTIC: [8] Undefined offset: 0 /Applications/XAMPP/xamppfiles/htdocs/yoyo/Application/Common/Model/UserModel.class.php 第 72 行.
NOTIC: [2] Invalid argument supplied for foreach() /Applications/XAMPP/xamppfiles/htdocs/yoyo/Application/Common/Model/UserModel.class.php 第 567 行.
NOTIC: [8] Undefined index: nickname /Applications/XAMPP/xamppfiles/htdocs/yoyo/Application/Common/Model/UserModel.class.php 第 82 行.
SQL: SELECT * FROM `ocenter_follow` WHERE `who_follow` = 100 AND `follow_who` = 2 LIMIT 1   [ RunTime:0.000278s ]
SQL: SHOW COLUMNS FROM `ocenter_forum_follow` [ RunTime:0.002051s ]
SQL: SELECT COUNT(*) AS tp_count FROM `ocenter_forum_follow` WHERE `forum_id` = 2 AND `uid` = 100 LIMIT 1   [ RunTime:0.000230s ]
SQL: SELECT COUNT(*) AS tp_count FROM `ocenter_forum_follow` WHERE `forum_id` = 1 AND `uid` = 100 LIMIT 1   [ RunTime:0.000198s ]
SQL: SELECT COUNT(*) AS tp_count FROM `ocenter_forum_follow` WHERE `forum_id` = 2 AND `uid` = 100 LIMIT 1   [ RunTime:0.000529s ]
SQL: SELECT COUNT(*) AS tp_count FROM `ocenter_forum_follow` WHERE `forum_id` = 1 AND `uid` = 100 LIMIT 1   [ RunTime:0.000563s ]
SQL: SHOW COLUMNS FROM `ocenter_forum_post` [ RunTime:0.003881s ]
SQL: SELECT `uid`,count(id) as post_count FROM `ocenter_forum_post` GROUP BY uid ORDER BY post_count desc LIMIT 9   [ RunTime:0.000251s ]
NOTIC: [2] Invalid argument supplied for foreach() /Applications/XAMPP/xamppfiles/htdocs/yoyo/Application/Forum/Controller/IndexController.class.php 第 149 行.
NOTIC: [2] unlink(./Runtime/Temp/368847d097f3ba8fc0b32086c3d05e7a.php): No such file or directory /Applications/XAMPP/xamppfiles/htdocs/yoyo/ThinkPHP/Library/Think/Cache/Driver/File.class.php 第 157 行.
NOTIC: [2] unlink(./Runtime/Temp/5bfc07822515668d72181260089d2731.php): No such file or directory /Applications/XAMPP/xamppfiles/htdocs/yoyo/ThinkPHP/Library/Think/Cache/Driver/File.class.php 第 157 行.
INFO: [ view_parse ] --START--
INFO: [ template_filter ] --START--
INFO: Run Behavior\ContentReplaceBehavior [ RunTime:0.000254s ]
INFO: [ template_filter ] --END-- [ RunTime:0.000298s ]
INFO: [ syncMeta ] --START--
INFO: Run Addons\SyncLogin\SyncLoginAddon [ RunTime:0.001006s ]
INFO: [ syncMeta ] --END-- [ RunTime:0.001104s ]
NOTIC: [8] Undefined variable: seo /Applications/XAMPP/xamppfiles/htdocs/yoyo/Runtime/Cache/Forum/24ded19c358067d9efdb58e594ffbf10.php 第 9 行.
SQL: SHOW COLUMNS FROM `ocenter_seo_rule` [ RunTime:0.002587s ]
SQL: SELECT `type`,`name`,`value` FROM `ocenter_config` WHERE `status` = 1  [ RunTime:0.000363s ]
SQL: SHOW COLUMNS FROM `ocenter_pushing` [ RunTime:0.002128s ]
ERR: 1146:Table 'yoyobit.ocenter_pushing' doesn't exist
 [ SQL语句 ] : SHOW COLUMNS FROM `ocenter_pushing`
SQL: SHOW COLUMNS FROM `ocenter_member` [ RunTime:0.004622s ]
SQL: SHOW COLUMNS FROM `ocenter_channel` [ RunTime:0.004029s ]
NOTIC: [8] Undefined index: _ /Applications/XAMPP/xamppfiles/htdocs/yoyo/Runtime/Cache/Forum/24ded19c358067d9efdb58e594ffbf10.php 第 149 行.
NOTIC: [8] Undefined index: _ /Applications/XAMPP/xamppfiles/htdocs/yoyo/Runtime/Cache/Forum/24ded19c358067d9efdb58e594ffbf10.php 第 149 行.
NOTIC: [8] Undefined index: _ /Applications/XAMPP/xamppfiles/htdocs/yoyo/Runtime/Cache/Forum/24ded19c358067d9efdb58e594ffbf10.php 第 149 行.
NOTIC: [8] Undefined index: _ /Applications/XAMPP/xamppfiles/htdocs/yoyo/Runtime/Cache/Forum/24ded19c358067d9efdb58e594ffbf10.php 第 149 行.
NOTIC: [8] Undefined index: _ /Applications/XAMPP/xamppfiles/htdocs/yoyo/Runtime/Cache/Forum/24ded19c358067d9efdb58e594ffbf10.php 第 149 行.
SQL: SELECT `reg_time` FROM `ocenter_member` WHERE `uid` = 100 LIMIT 1   [ RunTime:0.000347s ]
SQL: SHOW COLUMNS FROM `ocenter_user_config` [ RunTime:0.001990s ]
SQL: SELECT * FROM `ocenter_user_config` WHERE `uid` = 100 AND `name` = 'user_cover' AND `role_id` = 0 AND `model` = '' LIMIT 1   [ RunTime:0.000222s ]
SQL: SHOW COLUMNS FROM `ocenter_picture` [ RunTime:0.003514s ]
SQL: SELECT * FROM `ocenter_picture` WHERE `status` = 1 AND `id` = null LIMIT 1   [ RunTime:0.000598s ]
NOTIC: [2] unlink(./Runtime/Temp/945c180f3240ad0e35d9eb8beb06401b.php): No such file or directory /Applications/XAMPP/xamppfiles/htdocs/yoyo/ThinkPHP/Library/Think/Cache/Driver/File.class.php 第 157 行.
NOTIC: [2] unlink(./Runtime/Temp/deec309cb1249b5b7776ac8c8f45123b.php): No such file or directory /Applications/XAMPP/xamppfiles/htdocs/yoyo/ThinkPHP/Library/Think/Cache/Driver/File.class.php 第 157 行.
SQL: SHOW COLUMNS FROM `ocenter_auth_rule` [ RunTime:0.004101s ]
SQL: SELECT * FROM `ocenter_auth_rule` WHERE `name` = 'Admin/Index/index' AND `status` = 1 LIMIT 1   [ RunTime:0.000754s ]
SQL: SELECT * FROM `ocenter_auth_rule` WHERE `name` = 'Core/Admin/View' AND `status` = 1 LIMIT 1   [ RunTime:0.000455s ]
SQL: SELECT `value` FROM `ocenter_config` WHERE `name` = '_CONFIG_LOGO' LIMIT 1   [ RunTime:0.000281s ]
SQL: SELECT `type`,`name`,`value` FROM `ocenter_config` WHERE `status` = 1  [ RunTime:0.000408s ]
NOTIC: [8] Undefined variable: token /Applications/XAMPP/xamppfiles/htdocs/yoyo/Application/Common/Model/ModuleModel.class.php 第 242 行.
NOTIC: [8] Undefined variable: res /Applications/XAMPP/xamppfiles/htdocs/yoyo/Application/Common/Common/role.php 第 147 行.
INFO: [ action_begin ] --START--
INFO: Run Common\Behavior\InitModuleInfoBehavior [ RunTime:0.000007s ]
INFO: [ action_begin ] --END-- [ RunTime:-0.157251s ]
SQL: SHOW COLUMNS FROM `ocenter_adv_pos` [ RunTime:0.003821s ]
SQL: SHOW COLUMNS FROM `ocenter_adv` [ RunTime:0.005451s ]
SQL: SELECT * FROM `ocenter_adv` WHERE `pos_id` = 10000 AND `status` = 1 AND `start_time` < 1508900271 AND `end_time` > 1508900271 ORDER BY sort asc  [ RunTime:0.000523s ]
NOTIC: [2] Invalid argument supplied for foreach() /Applications/XAMPP/xamppfiles/htdocs/yoyo/Application/Common/Model/AdvModel.class.php 第 31 行.
INFO: [ view_parse ] --START--
INFO: [ template_filter ] --START--
INFO: Run Behavior\ContentReplaceBehavior [ RunTime:0.000026s ]
INFO: [ template_filter ] --END-- [ RunTime:-0.064226s ]
SQL: SELECT * FROM `ocenter_auth_rule` WHERE `name` = 'Admin/Adv/adv' AND `status` = 1 LIMIT 1   [ RunTime:0.000404s ]
INFO: Run Behavior\ParseTemplateBehavior [ RunTime:0.002080s ]
INFO: [ view_parse ] --END-- [ RunTime:0.002112s ]
INFO: [ view_filter ] --START--
INFO: Run Behavior\WriteHtmlCacheBehavior [ RunTime:0.000123s ]
INFO: [ view_filter ] --END-- [ RunTime:0.000146s ]
NOTIC: [8] Undefined offset: 1 /Applications/XAMPP/xamppfiles/htdocs/yoyo/Runtime/Cache/Forum/24ded19c358067d9efdb58e594ffbf10.php 第 502 行.
NOTIC: [8] Use of undefined constant id - assumed 'id' /Applications/XAMPP/xamppfiles/htdocs/yoyo/Runtime/Cache/Forum/24ded19c358067d9efdb58e594ffbf10.php 第 503 行.
NOTIC: [8] Undefined offset: 2 /Applications/XAMPP/xamppfiles/htdocs/yoyo/Runtime/Cache/Forum/24ded19c358067d9efdb58e594ffbf10.php 第 502 行.
NOTIC: [8] Use of undefined constant id - assumed 'id' /Applications/XAMPP/xamppfiles/htdocs/yoyo/Runtime/Cache/Forum/24ded19c358067d9efdb58e594ffbf10.php 第 503 行.
NOTIC: [8] Undefined offset: 3 /Applications/XAMPP/xamppfiles/htdocs/yoyo/Runtime/Cache/Forum/24ded19c358067d9efdb58e594ffbf10.php 第 502 行.
NOTIC: [8] Use of undefined constant id - assumed 'id' /Applications/XAMPP/xamppfiles/htdocs/yoyo/Runtime/Cache/Forum/24ded19c358067d9efdb58e594ffbf10.php 第 503 行.
NOTIC: [8] Undefined offset: 4 /Applications/XAMPP/xamppfiles/htdocs/yoyo/Runtime/Cache/Forum/24ded19c358067d9efdb58e594ffbf10.php 第 502 行.
NOTIC: [8] Use of undefined constant id - assumed 'id' /Applications/XAMPP/xamppfiles/htdocs/yoyo/Runtime/Cache/Forum/24ded19c358067d9efdb58e594ffbf10.php 第 503 行.
SQL: SELECT * FROM `ocenter_adv` WHERE `pos_id` = 10001 AND `status` = 1 AND `start_time` < 1508900271 AND `end_time` > 1508900271 ORDER BY sort asc  [ RunTime:0.000297s ]
NOTIC: [2] Invalid argument supplied for foreach() /Applications/XAMPP/xamppfiles/htdocs/yoyo/Application/Common/Model/AdvModel.class.php 第 31 行.
INFO: [ view_parse ] --START--
INFO: [ template_filter ] --START--
INFO: Run Behavior\ContentReplaceBehavior [ RunTime:0.000037s ]
INFO: [ template_filter ] --END-- [ RunTime:-0.068322s ]
SQL: SELECT * FROM `ocenter_auth_rule` WHERE `name` = 'Admin/Adv/adv' AND `status` = 1 LIMIT 1   [ RunTime:0.001035s ]
INFO: Run Behavior\ParseTemplateBehavior [ RunTime:0.003800s ]
INFO: [ view_parse ] --END-- [ RunTime:-0.001573s ]
INFO: [ view_filter ] --START--
INFO: Run Behavior\WriteHtmlCacheBehavior [ RunTime:0.000018s ]
INFO: [ view_filter ] --END-- [ RunTime:-0.005279s ]
SQL: SELECT `type`,`name`,`value` FROM `ocenter_config` WHERE `status` = 1  [ RunTime:0.000721s ]
NOTIC: [8] Undefined variable: token /Applications/XAMPP/xamppfiles/htdocs/yoyo/Application/Common/Model/ModuleModel.class.php 第 242 行.
NOTIC: [8] Undefined variable: res /Applications/XAMPP/xamppfiles/htdocs/yoyo/Application/Common/Common/role.php 第 147 行.
INFO: [ action_begin ] --START--
INFO: Run Common\Behavior\InitModuleInfoBehavior [ RunTime:0.000006s ]
INFO: [ action_begin ] --END-- [ RunTime:-0.181518s ]
NOTIC: [2] Missing argument 1 for Common\Widget\SuperLinksWidget::superLinks() /Applications/XAMPP/xamppfiles/htdocs/yoyo/Application/Common/Widget/SuperLinksWidget.class.php 第 15 行.
SQL: SHOW COLUMNS FROM `ocenter_super_links` [ RunTime:0.004642s ]
SQL: SELECT * FROM `ocenter_super_links` WHERE ( status = 1 ) ORDER BY level desc,id asc  [ RunTime:0.000347s ]
NOTIC: [2] Invalid argument supplied for foreach() /Applications/XAMPP/xamppfiles/htdocs/yoyo/Application/Common/Model/SuperLinksModel.class.php 第 37 行.
NOTIC: [8] Undefined variable: data /Applications/XAMPP/xamppfiles/htdocs/yoyo/Application/Common/Model/SuperLinksModel.class.php 第 48 行.
NOTIC: [8] Undefined variable: param /Applications/XAMPP/xamppfiles/htdocs/yoyo/Application/Common/Widget/SuperLinksWidget.class.php 第 19 行.
INFO: [ view_parse ] --START--
INFO: [ template_filter ] --START--
INFO: Run Behavior\ContentReplaceBehavior [ RunTime:0.000028s ]
INFO: [ template_filter ] --END-- [ RunTime:-0.082218s ]
INFO: Run Behavior\ParseTemplateBehavior [ RunTime:0.002881s ]
INFO: [ view_parse ] --END-- [ RunTime:-0.014713s ]
INFO: [ view_filter ] --START--
INFO: Run Behavior\WriteHtmlCacheBehavior [ RunTime:0.000008s ]
INFO: [ view_filter ] --END-- [ RunTime:-0.017495s ]
SQL: SELECT `value` FROM `ocenter_config` WHERE `name` = '_CONFIG_QRCODE_BOTTOM' LIMIT 1   [ RunTime:0.000331s ]
NOTIC: [8] Undefined variable: site /Applications/XAMPP/xamppfiles/htdocs/yoyo/Runtime/Cache/Forum/24ded19c358067d9efdb58e594ffbf10.php 第 583 行.
INFO: [ pageFooter ] --START--
INFO: Run Addons\SuperLinks\SuperLinksAddon [ RunTime:0.000391s ]
INFO: [ pageFooter ] --END-- [ RunTime:0.000433s ]
SQL: SELECT `type`,`name`,`value` FROM `ocenter_config` WHERE `status` = 1  [ RunTime:0.001145s ]
NOTIC: [8] Undefined variable: token /Applications/XAMPP/xamppfiles/htdocs/yoyo/Application/Common/Model/ModuleModel.class.php 第 242 行.
NOTIC: [8] Undefined variable: res /Applications/XAMPP/xamppfiles/htdocs/yoyo/Application/Common/Common/role.php 第 147 行.
INFO: [ action_begin ] --START--
INFO: Run Common\Behavior\InitModuleInfoBehavior [ RunTime:0.000016s ]
INFO: [ action_begin ] --END-- [ RunTime:-0.196123s ]
SQL: SELECT `type`,`name`,`value` FROM `ocenter_config` WHERE `status` = 1  [ RunTime:0.000703s ]
NOTIC: [8] Undefined variable: token /Applications/XAMPP/xamppfiles/htdocs/yoyo/Application/Common/Model/ModuleModel.class.php 第 242 行.
NOTIC: [8] Undefined variable: res /Applications/XAMPP/xamppfiles/htdocs/yoyo/Application/Common/Common/role.php 第 147 行.
INFO: [ action_begin ] --START--
INFO: Run Common\Behavior\InitModuleInfoBehavior [ RunTime:0.000025s ]
INFO: [ action_begin ] --END-- [ RunTime:-0.199110s ]
INFO: [ view_parse ] --START--
INFO: [ template_filter ] --START--
INFO: Run Behavior\ContentReplaceBehavior [ RunTime:0.000142s ]
INFO: [ template_filter ] --END-- [ RunTime:-0.095080s ]
INFO: Run Behavior\ParseTemplateBehavior [ RunTime:0.002856s ]
INFO: [ view_parse ] --END-- [ RunTime:-0.027734s ]
INFO: [ view_filter ] --START--
INFO: Run Behavior\WriteHtmlCacheBehavior [ RunTime:0.000009s ]
INFO: [ view_filter ] --END-- [ RunTime:-0.030522s ]
INFO: Run Behavior\ParseTemplateBehavior [ RunTime:0.003089s ]
INFO: [ view_parse ] --END-- [ RunTime:-0.027734s ]
INFO: [ view_filter ] --START--
INFO: Run Behavior\WriteHtmlCacheBehavior [ RunTime:0.000005s ]
INFO: [ view_filter ] --END-- [ RunTime:-0.030717s ]
INFO: [ app_end ] --START--
INFO: Run Behavior\ShowPageTraceBehavior [ RunTime:0.000457s ]
INFO: [ app_end ] --END-- [ RunTime:0.000493s ]

[ 2017-10-25T11:07:50+08:00 ] 127.0.0.1 /yoyo/index.php?s=/forum/index/index.html
INFO: [ app_init ] --START--
INFO: Run Behavior\BuildLiteBehavior [ RunTime:0.000008s ]
INFO: Run Common\Behavior\InitHookBehavior [ RunTime:0.000766s ]
INFO: [ app_init ] --END-- [ RunTime:0.000825s ]
NOTIC: [8] Undefined index: router /Applications/XAMPP/xamppfiles/htdocs/yoyo/Application/Common/Common/function.php 第 1936 行.
NOTIC: [8] Undefined index: router /Applications/XAMPP/xamppfiles/htdocs/yoyo/Application/Common/Common/function.php 第 1936 行.
NOTIC: [8] Undefined index: router /Applications/XAMPP/xamppfiles/htdocs/yoyo/Application/Common/Common/function.php 第 1936 行.
NOTIC: [8] Undefined index: router /Applications/XAMPP/xamppfiles/htdocs/yoyo/Application/Common/Common/function.php 第 1936 行.
NOTIC: [8] Undefined index: router /Applications/XAMPP/xamppfiles/htdocs/yoyo/Application/Common/Common/function.php 第 1936 行.
NOTIC: [8] Undefined index: router /Applications/XAMPP/xamppfiles/htdocs/yoyo/Application/Common/Common/function.php 第 1936 行.
SQL: SHOW COLUMNS FROM `ocenter_config` [ RunTime:0.002631s ]
SQL: SELECT `type`,`name`,`value` FROM `ocenter_config` WHERE `status` = 1  [ RunTime:0.000572s ]
INFO: [ app_begin ] --START--
INFO: Run Behavior\ReadHtmlCacheBehavior [ RunTime:0.000376s ]
INFO: Run Behavior\CheckLangBehavior [ RunTime:0.012439s ]
INFO: [ app_begin ] --END-- [ RunTime:0.012937s ]
NOTIC: [8192] mysql_connect(): The mysql extension is deprecated and will be removed in the future: use mysqli or PDO instead /Applications/XAMPP/xamppfiles/htdocs/yoyo/ThinkPHP/Library/Think/Session/Driver/Db.class.php 第 95 行.
SQL: SHOW COLUMNS FROM `ocenter_module` [ RunTime:0.004283s ]
SQL: SELECT `type`,`name`,`value` FROM `ocenter_config` WHERE `status` = 1  [ RunTime:0.000346s ]
NOTIC: [8] Undefined variable: token /Applications/XAMPP/xamppfiles/htdocs/yoyo/Application/Common/Model/ModuleModel.class.php 第 242 行.
NOTIC: [8] Undefined variable: res /Applications/XAMPP/xamppfiles/htdocs/yoyo/Application/Common/Common/role.php 第 147 行.
INFO: [ action_begin ] --START--
INFO: Run Common\Behavior\InitModuleInfoBehavior [ RunTime:0.000122s ]
INFO: [ action_begin ] --END-- [ RunTime:0.000150s ]
SQL: SHOW COLUMNS FROM `ocenter_forum` [ RunTime:0.002157s ]
SQL: SHOW COLUMNS FROM `ocenter_forum` [ RunTime:0.003290s ]
SQL: SELECT * FROM `ocenter_forum` WHERE `status` = 1 ORDER BY sort asc  [ RunTime:0.000583s ]
SQL: SHOW COLUMNS FROM `ocenter_forum_post` [ RunTime:0.002309s ]
SQL: SHOW COLUMNS FROM `ocenter_forum_post_reply` [ RunTime:0.004042s ]
SQL: SHOW COLUMNS FROM `ocenter_picture` [ RunTime:0.001987s ]
SQL: SELECT * FROM `ocenter_picture` WHERE `status` = 1 AND `id` = 123 LIMIT 1   [ RunTime:0.000242s ]
NOTIC: [2] unlink(./Runtime/Temp/e6d44ae3ac191192b59ba2a10589f6e2.php): No such file or directory /Applications/XAMPP/xamppfiles/htdocs/yoyo/ThinkPHP/Library/Think/Cache/Driver/File.class.php 第 157 行.
NOTIC: [2] unlink(./Runtime/Temp/25ed2f182623f0e5e1bbad5dbc82913b.php): No such file or directory /Applications/XAMPP/xamppfiles/htdocs/yoyo/ThinkPHP/Library/Think/Cache/Driver/File.class.php 第 157 行.
SQL: SELECT * FROM `ocenter_picture` WHERE `status` = 1 AND `id` = 133 LIMIT 1   [ RunTime:0.000189s ]
NOTIC: [2] unlink(./Runtime/Temp/cb4110b3e2f8aa0869b3bc1025ff4524.php): No such file or directory /Applications/XAMPP/xamppfiles/htdocs/yoyo/ThinkPHP/Library/Think/Cache/Driver/File.class.php 第 157 行.
NOTIC: [2] unlink(./Runtime/Temp/5e610e8e7e9fdffb5d557f701fba095c.php): No such file or directory /Applications/XAMPP/xamppfiles/htdocs/yoyo/ThinkPHP/Library/Think/Cache/Driver/File.class.php 第 157 行.
SQL: SELECT COUNT(*) AS tp_count FROM `ocenter_forum_post` WHERE `status` = 1 AND `forum_id` = 1 LIMIT 1   [ RunTime:0.000167s ]
SQL: SELECT `id` FROM `ocenter_forum_post` WHERE `forum_id` = 1  [ RunTime:0.000182s ]
NOTIC: [2] implode(): Invalid arguments passed /Applications/XAMPP/xamppfiles/htdocs/yoyo/Application/Forum/Model/ForumModel.class.php 第 71 行.
NOTIC: [2] implode(): Invalid arguments passed /Applications/XAMPP/xamppfiles/htdocs/yoyo/ThinkPHP/Library/Think/Db.class.php 第 497 行.
SQL: SELECT COUNT(*) AS tp_count FROM `ocenter_forum_post_reply` WHERE `status` = 1 AND `post_id` IN () LIMIT 1   [ RunTime:0.000133s ]
ERR: 1064:You have an error in your SQL syntax; check the manual that corresponds to your MariaDB server version for the right syntax to use near ') LIMIT 1' at line 1
 [ SQL语句 ] : SELECT COUNT(*) AS tp_count FROM `ocenter_forum_post_reply` WHERE `status` = 1 AND `post_id` IN () LIMIT 1  
SQL: SELECT * FROM `ocenter_picture` WHERE `status` = 1 AND `id` = 117 LIMIT 1   [ RunTime:0.000199s ]
NOTIC: [2] unlink(./Runtime/Temp/3f089998cb439b7fd2ba6899d3c1f05b.php): No such file or directory /Applications/XAMPP/xamppfiles/htdocs/yoyo/ThinkPHP/Library/Think/Cache/Driver/File.class.php 第 157 行.
NOTIC: [2] unlink(./Runtime/Temp/4fba539807615febee4a99a5d104301e.php): No such file or directory /Applications/XAMPP/xamppfiles/htdocs/yoyo/ThinkPHP/Library/Think/Cache/Driver/File.class.php 第 157 行.
SQL: SELECT * FROM `ocenter_picture` WHERE `status` = 1 AND `id` = 134 LIMIT 1   [ RunTime:0.000447s ]
NOTIC: [2] unlink(./Runtime/Temp/0e938c9c3a6a05031beadfc4543e6def.php): No such file or directory /Applications/XAMPP/xamppfiles/htdocs/yoyo/ThinkPHP/Library/Think/Cache/Driver/File.class.php 第 157 行.
NOTIC: [2] unlink(./Runtime/Temp/755d2d45c2411fe4fc803ca904647dac.php): No such file or directory /Applications/XAMPP/xamppfiles/htdocs/yoyo/ThinkPHP/Library/Think/Cache/Driver/File.class.php 第 157 行.
SQL: SELECT COUNT(*) AS tp_count FROM `ocenter_forum_post` WHERE `status` = 1 AND `forum_id` = 2 LIMIT 1   [ RunTime:0.000279s ]
SQL: SELECT `id` FROM `ocenter_forum_post` WHERE `forum_id` = 2  [ RunTime:0.000244s ]
NOTIC: [2] implode(): Invalid arguments passed /Applications/XAMPP/xamppfiles/htdocs/yoyo/Application/Forum/Model/ForumModel.class.php 第 71 行.
NOTIC: [2] implode(): Invalid arguments passed /Applications/XAMPP/xamppfiles/htdocs/yoyo/ThinkPHP/Library/Think/Db.class.php 第 497 行.
SQL: SELECT COUNT(*) AS tp_count FROM `ocenter_forum_post_reply` WHERE `status` = 1 AND `post_id` IN () LIMIT 1   [ RunTime:0.000231s ]
ERR: 1064:You have an error in your SQL syntax; check the manual that corresponds to your MariaDB server version for the right syntax to use near ') LIMIT 1' at line 1
 [ SQL语句 ] : SELECT COUNT(*) AS tp_count FROM `ocenter_forum_post_reply` WHERE `status` = 1 AND `post_id` IN () LIMIT 1  
SQL: SHOW COLUMNS FROM `ocenter_follow` [ RunTime:0.002786s ]
SQL: SELECT * FROM `ocenter_follow` WHERE `who_follow` = 100 AND `follow_who` = 1 LIMIT 1   [ RunTime:0.000850s ]
SQL: select nickname from `ocenter_member`,`ocenter_ucenter_member` where uid=id and uid=2 limit 1 [ RunTime:0.000755s ]
NOTIC: [8] Undefined offset: 0 /Applications/XAMPP/xamppfiles/htdocs/yoyo/Application/Common/Model/UserModel.class.php 第 72 行.
NOTIC: [2] Invalid argument supplied for foreach() /Applications/XAMPP/xamppfiles/htdocs/yoyo/Application/Common/Model/UserModel.class.php 第 567 行.
NOTIC: [8] Undefined index: nickname /Applications/XAMPP/xamppfiles/htdocs/yoyo/Application/Common/Model/UserModel.class.php 第 82 行.
SQL: SELECT * FROM `ocenter_follow` WHERE `who_follow` = 100 AND `follow_who` = 2 LIMIT 1   [ RunTime:0.000312s ]
SQL: SELECT * FROM `ocenter_forum` WHERE `id` = 1 AND `status` = 1 LIMIT 1   [ RunTime:0.000225s ]
SQL: SHOW COLUMNS FROM `ocenter_auth_group_access` [ RunTime:0.001840s ]
SQL: SELECT * FROM `ocenter_auth_group_access` WHERE `uid` = 100  [ RunTime:0.000308s ]
SQL: SELECT * FROM `ocenter_forum` WHERE `id` = 2 AND `status` = 1 LIMIT 1   [ RunTime:0.000212s ]
SQL: SELECT * FROM `ocenter_auth_group_access` WHERE `uid` = 100  [ RunTime:0.000178s ]
SQL: SHOW COLUMNS FROM `ocenter_forum_type` [ RunTime:0.003653s ]
SQL: SELECT * FROM `ocenter_forum_type` WHERE `status` = 1 ORDER BY sort asc  [ RunTime:0.000515s ]
SQL: SELECT * FROM `ocenter_forum` WHERE `status` = 1 AND `type_id` = 1 ORDER BY sort asc  [ RunTime:0.000558s ]
SQL: SELECT * FROM `ocenter_picture` WHERE `status` = 1 AND `id` = 123 LIMIT 1   [ RunTime:0.000303s ]
NOTIC: [2] unlink(./Runtime/Temp/e6d44ae3ac191192b59ba2a10589f6e2.php): No such file or directory /Applications/XAMPP/xamppfiles/htdocs/yoyo/ThinkPHP/Library/Think/Cache/Driver/File.class.php 第 157 行.
NOTIC: [2] unlink(./Runtime/Temp/25ed2f182623f0e5e1bbad5dbc82913b.php): No such file or directory /Applications/XAMPP/xamppfiles/htdocs/yoyo/ThinkPHP/Library/Think/Cache/Driver/File.class.php 第 157 行.
SQL: SELECT * FROM `ocenter_picture` WHERE `status` = 1 AND `id` = 133 LIMIT 1   [ RunTime:0.000988s ]
NOTIC: [2] unlink(./Runtime/Temp/cb4110b3e2f8aa0869b3bc1025ff4524.php): No such file or directory /Applications/XAMPP/xamppfiles/htdocs/yoyo/ThinkPHP/Library/Think/Cache/Driver/File.class.php 第 157 行.
NOTIC: [2] unlink(./Runtime/Temp/5e610e8e7e9fdffb5d557f701fba095c.php): No such file or directory /Applications/XAMPP/xamppfiles/htdocs/yoyo/ThinkPHP/Library/Think/Cache/Driver/File.class.php 第 157 行.
SQL: SELECT COUNT(*) AS tp_count FROM `ocenter_forum_post` WHERE `status` = 1 AND `forum_id` = 1 LIMIT 1   [ RunTime:0.000711s ]
SQL: SELECT `id` FROM `ocenter_forum_post` WHERE `forum_id` = 1  [ RunTime:0.000648s ]
NOTIC: [2] implode(): Invalid arguments passed /Applications/XAMPP/xamppfiles/htdocs/yoyo/Application/Forum/Model/ForumModel.class.php 第 71 行.
NOTIC: [2] implode(): Invalid arguments passed /Applications/XAMPP/xamppfiles/htdocs/yoyo/ThinkPHP/Library/Think/Db.class.php 第 497 行.
SQL: SELECT COUNT(*) AS tp_count FROM `ocenter_forum_post_reply` WHERE `status` = 1 AND `post_id` IN () LIMIT 1   [ RunTime:0.000451s ]
ERR: 1064:You have an error in your SQL syntax; check the manual that corresponds to your MariaDB server version for the right syntax to use near ') LIMIT 1' at line 1
 [ SQL语句 ] : SELECT COUNT(*) AS tp_count FROM `ocenter_forum_post_reply` WHERE `status` = 1 AND `post_id` IN () LIMIT 1  
SQL: SELECT * FROM `ocenter_follow` WHERE `who_follow` = 100 AND `follow_who` = 1 LIMIT 1   [ RunTime:0.000275s ]
SQL: select nickname from `ocenter_member`,`ocenter_ucenter_member` where uid=id and uid=2 limit 1 [ RunTime:0.000185s ]
NOTIC: [8] Undefined offset: 0 /Applications/XAMPP/xamppfiles/htdocs/yoyo/Application/Common/Model/UserModel.class.php 第 72 行.
NOTIC: [2] Invalid argument supplied for foreach() /Applications/XAMPP/xamppfiles/htdocs/yoyo/Application/Common/Model/UserModel.class.php 第 567 行.
NOTIC: [8] Undefined index: nickname /Applications/XAMPP/xamppfiles/htdocs/yoyo/Application/Common/Model/UserModel.class.php 第 82 行.
SQL: SELECT * FROM `ocenter_follow` WHERE `who_follow` = 100 AND `follow_who` = 2 LIMIT 1   [ RunTime:0.000192s ]
SQL: SELECT * FROM `ocenter_forum` WHERE `status` = 1 AND `type_id` = 2 ORDER BY sort asc  [ RunTime:0.000228s ]
SQL: SELECT * FROM `ocenter_picture` WHERE `status` = 1 AND `id` = 117 LIMIT 1   [ RunTime:0.000185s ]
NOTIC: [2] unlink(./Runtime/Temp/3f089998cb439b7fd2ba6899d3c1f05b.php): No such file or directory /Applications/XAMPP/xamppfiles/htdocs/yoyo/ThinkPHP/Library/Think/Cache/Driver/File.class.php 第 157 行.
NOTIC: [2] unlink(./Runtime/Temp/4fba539807615febee4a99a5d104301e.php): No such file or directory /Applications/XAMPP/xamppfiles/htdocs/yoyo/ThinkPHP/Library/Think/Cache/Driver/File.class.php 第 157 行.
SQL: SELECT * FROM `ocenter_picture` WHERE `status` = 1 AND `id` = 134 LIMIT 1   [ RunTime:0.000183s ]
NOTIC: [2] unlink(./Runtime/Temp/0e938c9c3a6a05031beadfc4543e6def.php): No such file or directory /Applications/XAMPP/xamppfiles/htdocs/yoyo/ThinkPHP/Library/Think/Cache/Driver/File.class.php 第 157 行.
NOTIC: [2] unlink(./Runtime/Temp/755d2d45c2411fe4fc803ca904647dac.php): No such file or directory /Applications/XAMPP/xamppfiles/htdocs/yoyo/ThinkPHP/Library/Think/Cache/Driver/File.class.php 第 157 行.
SQL: SELECT COUNT(*) AS tp_count FROM `ocenter_forum_post` WHERE `status` = 1 AND `forum_id` = 2 LIMIT 1   [ RunTime:0.000170s ]
SQL: SELECT `id` FROM `ocenter_forum_post` WHERE `forum_id` = 2  [ RunTime:0.000150s ]
NOTIC: [2] implode(): Invalid arguments passed /Applications/XAMPP/xamppfiles/htdocs/yoyo/Application/Forum/Model/ForumModel.class.php 第 71 行.
NOTIC: [2] implode(): Invalid arguments passed /Applications/XAMPP/xamppfiles/htdocs/yoyo/ThinkPHP/Library/Think/Db.class.php 第 497 行.
SQL: SELECT COUNT(*) AS tp_count FROM `ocenter_forum_post_reply` WHERE `status` = 1 AND `post_id` IN () LIMIT 1   [ RunTime:0.000140s ]
ERR: 1064:You have an error in your SQL syntax; check the manual that corresponds to your MariaDB server version for the right syntax to use near ') LIMIT 1' at line 1
 [ SQL语句 ] : SELECT COUNT(*) AS tp_count FROM `ocenter_forum_post_reply` WHERE `status` = 1 AND `post_id` IN () LIMIT 1  
SQL: SHOW COLUMNS FROM `ocenter_forum_post` [ RunTime:0.004081s ]
SQL: SELECT COUNT(*) AS tp_count FROM `ocenter_forum_post` WHERE `uid` = 100 LIMIT 1   [ RunTime:0.000471s ]
SQL: SHOW COLUMNS FROM `ocenter_forum_post_reply` [ RunTime:0.002208s ]
SQL: SELECT COUNT(*) AS tp_count FROM `ocenter_forum_post_reply` WHERE `uid` = 100 LIMIT 1   [ RunTime:0.000762s ]
SQL: SHOW COLUMNS FROM `ocenter_member` [ RunTime:0.003129s ]
SQL: SELECT COUNT(*) AS tp_count FROM `ocenter_member` WHERE `status` = 1 LIMIT 1   [ RunTime:0.000212s ]
SQL: SELECT `uid` FROM `ocenter_member` WHERE `status` = 1 ORDER BY reg_time desc LIMIT 1   [ RunTime:0.000219s ]
SQL: SELECT * FROM `ocenter_follow` WHERE `who_follow` = 100 AND `follow_who` = 147 LIMIT 1   [ RunTime:0.000288s ]
SQL: SELECT COUNT(*) AS tp_count FROM `ocenter_forum_post` WHERE `create_time` BETWEEN 1508860800 AND 1508947200 LIMIT 1   [ RunTime:0.000252s ]
SQL: SELECT COUNT(*) AS tp_count FROM `ocenter_forum_post` WHERE `create_time` BETWEEN 1508774400 AND 1508860800 LIMIT 1   [ RunTime:0.000233s ]
SQL: SELECT COUNT(*) AS tp_count FROM `ocenter_forum` WHERE `status` = 1 LIMIT 1   [ RunTime:0.000438s ]
SQL: SELECT COUNT(*) AS tp_count FROM `ocenter_forum_post` WHERE `status` = 1 LIMIT 1   [ RunTime:0.000266s ]
SQL: SELECT COUNT(*) AS tp_count FROM `ocenter_forum_post_reply` WHERE `status` = 1 LIMIT 1   [ RunTime:0.000244s ]
SQL: SHOW COLUMNS FROM `ocenter_forum_lzl_reply` [ RunTime:0.003000s ]
SQL: SELECT COUNT(*) AS tp_count FROM `ocenter_forum_lzl_reply` LIMIT 1   [ RunTime:0.000154s ]
SQL: SELECT * FROM `ocenter_forum_post` WHERE (  status=1 AND is_top=2 ) ORDER BY last_reply_time desc  [ RunTime:0.000360s ]
SQL: SELECT * FROM `ocenter_follow` WHERE `who_follow` = 100 AND `follow_who` = 1 LIMIT 1   [ RunTime:0.000860s ]
SQL: select nickname from `ocenter_member`,`ocenter_ucenter_member` where uid=id and uid=2 limit 1 [ RunTime:0.000540s ]
NOTIC: [8] Undefined offset: 0 /Applications/XAMPP/xamppfiles/htdocs/yoyo/Application/Common/Model/UserModel.class.php 第 72 行.
NOTIC: [2] Invalid argument supplied for foreach() /Applications/XAMPP/xamppfiles/htdocs/yoyo/Application/Common/Model/UserModel.class.php 第 567 行.
NOTIC: [8] Undefined index: nickname /Applications/XAMPP/xamppfiles/htdocs/yoyo/Application/Common/Model/UserModel.class.php 第 82 行.
SQL: SELECT * FROM `ocenter_follow` WHERE `who_follow` = 100 AND `follow_who` = 2 LIMIT 1   [ RunTime:0.000517s ]
NOTIC: [2] Invalid argument supplied for foreach() /Applications/XAMPP/xamppfiles/htdocs/yoyo/Application/Forum/Model/ForumPostModel.class.php 第 124 行.
SQL: SELECT * FROM `ocenter_forum_post` WHERE `status` = 1 ORDER BY last_reply_time desc LIMIT 0,5   [ RunTime:0.000166s ]
SQL: SELECT COUNT(*) AS tp_count FROM `ocenter_forum_post` WHERE `status` = 1 LIMIT 1   [ RunTime:0.000106s ]
SQL: SELECT * FROM `ocenter_follow` WHERE `who_follow` = 100 AND `follow_who` = 1 LIMIT 1   [ RunTime:0.000308s ]
SQL: select nickname from `ocenter_member`,`ocenter_ucenter_member` where uid=id and uid=2 limit 1 [ RunTime:0.000208s ]
NOTIC: [8] Undefined offset: 0 /Applications/XAMPP/xamppfiles/htdocs/yoyo/Application/Common/Model/UserModel.class.php 第 72 行.
NOTIC: [2] Invalid argument supplied for foreach() /Applications/XAMPP/xamppfiles/htdocs/yoyo/Application/Common/Model/UserModel.class.php 第 567 行.
NOTIC: [8] Undefined index: nickname /Applications/XAMPP/xamppfiles/htdocs/yoyo/Application/Common/Model/UserModel.class.php 第 82 行.
SQL: SELECT * FROM `ocenter_follow` WHERE `who_follow` = 100 AND `follow_who` = 2 LIMIT 1   [ RunTime:0.000249s ]
NOTIC: [2] Invalid argument supplied for foreach() /Applications/XAMPP/xamppfiles/htdocs/yoyo/Application/Forum/Model/ForumPostModel.class.php 第 124 行.
SQL: SHOW COLUMNS FROM `ocenter_forum_post` [ RunTime:0.003182s ]
SQL: SELECT * FROM `ocenter_forum_post` WHERE `id` = 23 LIMIT 1   [ RunTime:0.000733s ]
NOTIC: [8] Undefined offset: 0 /Applications/XAMPP/xamppfiles/htdocs/yoyo/Application/Forum/Controller/IndexController.class.php 第 193 行.
NOTIC: [8] Undefined offset: 0 /Applications/XAMPP/xamppfiles/htdocs/yoyo/Application/Forum/Controller/IndexController.class.php 第 196 行.
NOTIC: [8] Undefined index: content /Applications/XAMPP/xamppfiles/htdocs/yoyo/Application/Forum/Controller/IndexController.class.php 第 176 行.
SQL: SELECT * FROM `ocenter_follow` WHERE `who_follow` = 100 AND `follow_who` = 1 LIMIT 1   [ RunTime:0.000745s ]
SQL: select nickname from `ocenter_member`,`ocenter_ucenter_member` where uid=id and uid=2 limit 1 [ RunTime:0.000504s ]
NOTIC: [8] Undefined offset: 0 /Applications/XAMPP/xamppfiles/htdocs/yoyo/Application/Common/Model/UserModel.class.php 第 72 行.
NOTIC: [2] Invalid argument supplied for foreach() /Applications/XAMPP/xamppfiles/htdocs/yoyo/Application/Common/Model/UserModel.class.php 第 567 行.
NOTIC: [8] Undefined index: nickname /Applications/XAMPP/xamppfiles/htdocs/yoyo/Application/Common/Model/UserModel.class.php 第 82 行.
SQL: SELECT * FROM `ocenter_follow` WHERE `who_follow` = 100 AND `follow_who` = 2 LIMIT 1   [ RunTime:0.000582s ]
SQL: SHOW COLUMNS FROM `ocenter_forum_follow` [ RunTime:0.001344s ]
SQL: SELECT COUNT(*) AS tp_count FROM `ocenter_forum_follow` WHERE `forum_id` = 2 AND `uid` = 100 LIMIT 1   [ RunTime:0.000290s ]
SQL: SELECT COUNT(*) AS tp_count FROM `ocenter_forum_follow` WHERE `forum_id` = 1 AND `uid` = 100 LIMIT 1   [ RunTime:0.000288s ]
SQL: SELECT COUNT(*) AS tp_count FROM `ocenter_forum_follow` WHERE `forum_id` = 2 AND `uid` = 100 LIMIT 1   [ RunTime:0.000278s ]
SQL: SELECT COUNT(*) AS tp_count FROM `ocenter_forum_follow` WHERE `forum_id` = 1 AND `uid` = 100 LIMIT 1   [ RunTime:0.000262s ]
SQL: SELECT `uid`,count(id) as post_count FROM `ocenter_forum_post` GROUP BY uid ORDER BY post_count desc LIMIT 9   [ RunTime:0.000169s ]
NOTIC: [2] Invalid argument supplied for foreach() /Applications/XAMPP/xamppfiles/htdocs/yoyo/Application/Forum/Controller/IndexController.class.php 第 149 行.
NOTIC: [2] unlink(./Runtime/Temp/368847d097f3ba8fc0b32086c3d05e7a.php): No such file or directory /Applications/XAMPP/xamppfiles/htdocs/yoyo/ThinkPHP/Library/Think/Cache/Driver/File.class.php 第 157 行.
NOTIC: [2] unlink(./Runtime/Temp/5bfc07822515668d72181260089d2731.php): No such file or directory /Applications/XAMPP/xamppfiles/htdocs/yoyo/ThinkPHP/Library/Think/Cache/Driver/File.class.php 第 157 行.
INFO: [ view_parse ] --START--
INFO: [ template_filter ] --START--
INFO: Run Behavior\ContentReplaceBehavior [ RunTime:0.000264s ]
INFO: [ template_filter ] --END-- [ RunTime:0.000303s ]
INFO: [ syncMeta ] --START--
INFO: Run Addons\SyncLogin\SyncLoginAddon [ RunTime:0.002010s ]
INFO: [ syncMeta ] --END-- [ RunTime:0.002103s ]
NOTIC: [8] Undefined variable: seo /Applications/XAMPP/xamppfiles/htdocs/yoyo/Runtime/Cache/Forum/24ded19c358067d9efdb58e594ffbf10.php 第 9 行.
SQL: SHOW COLUMNS FROM `ocenter_seo_rule` [ RunTime:0.002284s ]
SQL: SELECT `type`,`name`,`value` FROM `ocenter_config` WHERE `status` = 1  [ RunTime:0.000327s ]
SQL: SHOW COLUMNS FROM `ocenter_pushing` [ RunTime:0.001661s ]
ERR: 1146:Table 'yoyobit.ocenter_pushing' doesn't exist
 [ SQL语句 ] : SHOW COLUMNS FROM `ocenter_pushing`
SQL: SHOW COLUMNS FROM `ocenter_member` [ RunTime:0.004121s ]
SQL: SHOW COLUMNS FROM `ocenter_channel` [ RunTime:0.004338s ]
NOTIC: [8] Undefined index: _ /Applications/XAMPP/xamppfiles/htdocs/yoyo/Runtime/Cache/Forum/24ded19c358067d9efdb58e594ffbf10.php 第 149 行.
NOTIC: [8] Undefined index: _ /Applications/XAMPP/xamppfiles/htdocs/yoyo/Runtime/Cache/Forum/24ded19c358067d9efdb58e594ffbf10.php 第 149 行.
NOTIC: [8] Undefined index: _ /Applications/XAMPP/xamppfiles/htdocs/yoyo/Runtime/Cache/Forum/24ded19c358067d9efdb58e594ffbf10.php 第 149 行.
NOTIC: [8] Undefined index: _ /Applications/XAMPP/xamppfiles/htdocs/yoyo/Runtime/Cache/Forum/24ded19c358067d9efdb58e594ffbf10.php 第 149 行.
NOTIC: [8] Undefined index: _ /Applications/XAMPP/xamppfiles/htdocs/yoyo/Runtime/Cache/Forum/24ded19c358067d9efdb58e594ffbf10.php 第 149 行.
SQL: SELECT `reg_time` FROM `ocenter_member` WHERE `uid` = 100 LIMIT 1   [ RunTime:0.000359s ]
SQL: SHOW COLUMNS FROM `ocenter_user_config` [ RunTime:0.002128s ]
SQL: SELECT * FROM `ocenter_user_config` WHERE `uid` = 100 AND `name` = 'user_cover' AND `role_id` = 0 AND `model` = '' LIMIT 1   [ RunTime:0.000221s ]
SQL: SELECT * FROM `ocenter_picture` WHERE `status` = 1 AND `id` = null LIMIT 1   [ RunTime:0.000152s ]
NOTIC: [2] unlink(./Runtime/Temp/945c180f3240ad0e35d9eb8beb06401b.php): No such file or directory /Applications/XAMPP/xamppfiles/htdocs/yoyo/ThinkPHP/Library/Think/Cache/Driver/File.class.php 第 157 行.
NOTIC: [2] unlink(./Runtime/Temp/deec309cb1249b5b7776ac8c8f45123b.php): No such file or directory /Applications/XAMPP/xamppfiles/htdocs/yoyo/ThinkPHP/Library/Think/Cache/Driver/File.class.php 第 157 行.
SQL: SHOW COLUMNS FROM `ocenter_auth_rule` [ RunTime:0.002042s ]
SQL: SELECT * FROM `ocenter_auth_rule` WHERE `name` = 'Admin/Index/index' AND `status` = 1 LIMIT 1   [ RunTime:0.000273s ]
SQL: SELECT * FROM `ocenter_auth_rule` WHERE `name` = 'Core/Admin/View' AND `status` = 1 LIMIT 1   [ RunTime:0.000430s ]
SQL: SELECT `value` FROM `ocenter_config` WHERE `name` = '_CONFIG_LOGO' LIMIT 1   [ RunTime:0.000198s ]
SQL: SELECT `type`,`name`,`value` FROM `ocenter_config` WHERE `status` = 1  [ RunTime:0.000401s ]
NOTIC: [8] Undefined variable: token /Applications/XAMPP/xamppfiles/htdocs/yoyo/Application/Common/Model/ModuleModel.class.php 第 242 行.
NOTIC: [8] Undefined variable: res /Applications/XAMPP/xamppfiles/htdocs/yoyo/Application/Common/Common/role.php 第 147 行.
INFO: [ action_begin ] --START--
INFO: Run Common\Behavior\InitModuleInfoBehavior [ RunTime:0.000008s ]
INFO: [ action_begin ] --END-- [ RunTime:-0.158147s ]
SQL: SHOW COLUMNS FROM `ocenter_adv_pos` [ RunTime:0.002143s ]
SQL: SHOW COLUMNS FROM `ocenter_adv` [ RunTime:0.004048s ]
SQL: SELECT * FROM `ocenter_adv` WHERE `pos_id` = 10000 AND `status` = 1 AND `start_time` < 1508900869 AND `end_time` > 1508900869 ORDER BY sort asc  [ RunTime:0.000273s ]
NOTIC: [2] Invalid argument supplied for foreach() /Applications/XAMPP/xamppfiles/htdocs/yoyo/Application/Common/Model/AdvModel.class.php 第 31 行.
INFO: [ view_parse ] --START--
INFO: [ template_filter ] --START--
INFO: Run Behavior\ContentReplaceBehavior [ RunTime:0.000022s ]
INFO: [ template_filter ] --END-- [ RunTime:-0.049873s ]
SQL: SELECT * FROM `ocenter_auth_rule` WHERE `name` = 'Admin/Adv/adv' AND `status` = 1 LIMIT 1   [ RunTime:0.000458s ]
INFO: Run Behavior\ParseTemplateBehavior [ RunTime:0.002096s ]
INFO: [ view_parse ] --END-- [ RunTime:0.002122s ]
INFO: [ view_filter ] --START--
INFO: Run Behavior\WriteHtmlCacheBehavior [ RunTime:0.000145s ]
INFO: [ view_filter ] --END-- [ RunTime:0.000168s ]
NOTIC: [8] Undefined offset: 1 /Applications/XAMPP/xamppfiles/htdocs/yoyo/Runtime/Cache/Forum/24ded19c358067d9efdb58e594ffbf10.php 第 502 行.
NOTIC: [8] Use of undefined constant id - assumed 'id' /Applications/XAMPP/xamppfiles/htdocs/yoyo/Runtime/Cache/Forum/24ded19c358067d9efdb58e594ffbf10.php 第 503 行.
NOTIC: [8] Undefined offset: 2 /Applications/XAMPP/xamppfiles/htdocs/yoyo/Runtime/Cache/Forum/24ded19c358067d9efdb58e594ffbf10.php 第 502 行.
NOTIC: [8] Use of undefined constant id - assumed 'id' /Applications/XAMPP/xamppfiles/htdocs/yoyo/Runtime/Cache/Forum/24ded19c358067d9efdb58e594ffbf10.php 第 503 行.
NOTIC: [8] Undefined offset: 3 /Applications/XAMPP/xamppfiles/htdocs/yoyo/Runtime/Cache/Forum/24ded19c358067d9efdb58e594ffbf10.php 第 502 行.
NOTIC: [8] Use of undefined constant id - assumed 'id' /Applications/XAMPP/xamppfiles/htdocs/yoyo/Runtime/Cache/Forum/24ded19c358067d9efdb58e594ffbf10.php 第 503 行.
NOTIC: [8] Undefined offset: 4 /Applications/XAMPP/xamppfiles/htdocs/yoyo/Runtime/Cache/Forum/24ded19c358067d9efdb58e594ffbf10.php 第 502 行.
NOTIC: [8] Use of undefined constant id - assumed 'id' /Applications/XAMPP/xamppfiles/htdocs/yoyo/Runtime/Cache/Forum/24ded19c358067d9efdb58e594ffbf10.php 第 503 行.
SQL: SELECT * FROM `ocenter_adv` WHERE `pos_id` = 10001 AND `status` = 1 AND `start_time` < 1508900869 AND `end_time` > 1508900869 ORDER BY sort asc  [ RunTime:0.000411s ]
NOTIC: [2] Invalid argument supplied for foreach() /Applications/XAMPP/xamppfiles/htdocs/yoyo/Application/Common/Model/AdvModel.class.php 第 31 行.
INFO: [ view_parse ] --START--
INFO: [ template_filter ] --START--
INFO: Run Behavior\ContentReplaceBehavior [ RunTime:0.000031s ]
INFO: [ template_filter ] --END-- [ RunTime:-0.054474s ]
SQL: SELECT * FROM `ocenter_auth_rule` WHERE `name` = 'Admin/Adv/adv' AND `status` = 1 LIMIT 1   [ RunTime:0.000841s ]
INFO: Run Behavior\ParseTemplateBehavior [ RunTime:0.003044s ]
INFO: [ view_parse ] --END-- [ RunTime:-0.002289s ]
INFO: [ view_filter ] --START--
INFO: Run Behavior\WriteHtmlCacheBehavior [ RunTime:0.000014s ]
INFO: [ view_filter ] --END-- [ RunTime:-0.005264s ]
SQL: SELECT `type`,`name`,`value` FROM `ocenter_config` WHERE `status` = 1  [ RunTime:0.000504s ]
NOTIC: [8] Undefined variable: token /Applications/XAMPP/xamppfiles/htdocs/yoyo/Application/Common/Model/ModuleModel.class.php 第 242 行.
NOTIC: [8] Undefined variable: res /Applications/XAMPP/xamppfiles/htdocs/yoyo/Application/Common/Common/role.php 第 147 行.
INFO: [ action_begin ] --START--
INFO: Run Common\Behavior\InitModuleInfoBehavior [ RunTime:0.000011s ]
INFO: [ action_begin ] --END-- [ RunTime:-0.176865s ]
NOTIC: [2] Missing argument 1 for Common\Widget\SuperLinksWidget::superLinks() /Applications/XAMPP/xamppfiles/htdocs/yoyo/Application/Common/Widget/SuperLinksWidget.class.php 第 15 行.
SQL: SHOW COLUMNS FROM `ocenter_super_links` [ RunTime:0.003647s ]
SQL: SELECT * FROM `ocenter_super_links` WHERE ( status = 1 ) ORDER BY level desc,id asc  [ RunTime:0.000400s ]
NOTIC: [2] Invalid argument supplied for foreach() /Applications/XAMPP/xamppfiles/htdocs/yoyo/Application/Common/Model/SuperLinksModel.class.php 第 37 行.
NOTIC: [8] Undefined variable: data /Applications/XAMPP/xamppfiles/htdocs/yoyo/Application/Common/Model/SuperLinksModel.class.php 第 48 行.
NOTIC: [8] Undefined variable: param /Applications/XAMPP/xamppfiles/htdocs/yoyo/Application/Common/Widget/SuperLinksWidget.class.php 第 19 行.
INFO: [ view_parse ] --START--
INFO: [ template_filter ] --START--
INFO: Run Behavior\ContentReplaceBehavior [ RunTime:0.000045s ]
INFO: [ template_filter ] --END-- [ RunTime:-0.066026s ]
INFO: Run Behavior\ParseTemplateBehavior [ RunTime:0.003301s ]
INFO: [ view_parse ] --END-- [ RunTime:-0.012561s ]
INFO: [ view_filter ] --START--
INFO: Run Behavior\WriteHtmlCacheBehavior [ RunTime:0.000010s ]
INFO: [ view_filter ] --END-- [ RunTime:-0.015764s ]
SQL: SELECT `value` FROM `ocenter_config` WHERE `name` = '_CONFIG_QRCODE_BOTTOM' LIMIT 1   [ RunTime:0.000283s ]
NOTIC: [8] Undefined variable: site /Applications/XAMPP/xamppfiles/htdocs/yoyo/Runtime/Cache/Forum/24ded19c358067d9efdb58e594ffbf10.php 第 583 行.
INFO: [ pageFooter ] --START--
INFO: Run Addons\SuperLinks\SuperLinksAddon [ RunTime:0.000335s ]
INFO: [ pageFooter ] --END-- [ RunTime:0.000364s ]
SQL: SELECT `type`,`name`,`value` FROM `ocenter_config` WHERE `status` = 1  [ RunTime:0.000510s ]
NOTIC: [8] Undefined variable: token /Applications/XAMPP/xamppfiles/htdocs/yoyo/Application/Common/Model/ModuleModel.class.php 第 242 行.
NOTIC: [8] Undefined variable: res /Applications/XAMPP/xamppfiles/htdocs/yoyo/Application/Common/Common/role.php 第 147 行.
INFO: [ action_begin ] --START--
INFO: Run Common\Behavior\InitModuleInfoBehavior [ RunTime:0.000008s ]
INFO: [ action_begin ] --END-- [ RunTime:-0.188609s ]
SQL: SELECT `type`,`name`,`value` FROM `ocenter_config` WHERE `status` = 1  [ RunTime:0.000732s ]
NOTIC: [8] Undefined variable: token /Applications/XAMPP/xamppfiles/htdocs/yoyo/Application/Common/Model/ModuleModel.class.php 第 242 行.
NOTIC: [8] Undefined variable: res /Applications/XAMPP/xamppfiles/htdocs/yoyo/Application/Common/Common/role.php 第 147 行.
INFO: [ action_begin ] --START--
INFO: Run Common\Behavior\InitModuleInfoBehavior [ RunTime:0.000012s ]
INFO: [ action_begin ] --END-- [ RunTime:-0.191250s ]
INFO: [ view_parse ] --START--
INFO: [ template_filter ] --START--
INFO: Run Behavior\ContentReplaceBehavior [ RunTime:0.000030s ]
INFO: [ template_filter ] --END-- [ RunTime:-0.074255s ]
INFO: Run Behavior\ParseTemplateBehavior [ RunTime:0.001331s ]
INFO: [ view_parse ] --END-- [ RunTime:-0.022226s ]
INFO: [ view_filter ] --START--
INFO: Run Behavior\WriteHtmlCacheBehavior [ RunTime:0.000008s ]
INFO: [ view_filter ] --END-- [ RunTime:-0.023425s ]
INFO: Run Behavior\ParseTemplateBehavior [ RunTime:0.001611s ]
INFO: [ view_parse ] --END-- [ RunTime:-0.022226s ]
INFO: [ view_filter ] --START--
INFO: Run Behavior\WriteHtmlCacheBehavior [ RunTime:0.000004s ]
INFO: [ view_filter ] --END-- [ RunTime:-0.023696s ]
INFO: [ app_end ] --START--
INFO: Run Behavior\ShowPageTraceBehavior [ RunTime:0.000511s ]
INFO: [ app_end ] --END-- [ RunTime:0.000563s ]

[ 2017-10-25T11:07:59+08:00 ] 127.0.0.1 /yoyo/index.php?s=/forum/index/edit.html
INFO: [ app_init ] --START--
INFO: Run Behavior\BuildLiteBehavior [ RunTime:0.000011s ]
INFO: Run Common\Behavior\InitHookBehavior [ RunTime:0.000852s ]
INFO: [ app_init ] --END-- [ RunTime:0.000927s ]
NOTIC: [8] Undefined index: router /Applications/XAMPP/xamppfiles/htdocs/yoyo/Application/Common/Common/function.php 第 1936 行.
NOTIC: [8] Undefined index: router /Applications/XAMPP/xamppfiles/htdocs/yoyo/Application/Common/Common/function.php 第 1936 行.
NOTIC: [8] Undefined index: router /Applications/XAMPP/xamppfiles/htdocs/yoyo/Application/Common/Common/function.php 第 1936 行.
NOTIC: [8] Undefined index: router /Applications/XAMPP/xamppfiles/htdocs/yoyo/Application/Common/Common/function.php 第 1936 行.
NOTIC: [8] Undefined index: router /Applications/XAMPP/xamppfiles/htdocs/yoyo/Application/Common/Common/function.php 第 1936 行.
NOTIC: [8] Undefined index: router /Applications/XAMPP/xamppfiles/htdocs/yoyo/Application/Common/Common/function.php 第 1936 行.
SQL: SHOW COLUMNS FROM `ocenter_config` [ RunTime:0.002753s ]
SQL: SELECT `type`,`name`,`value` FROM `ocenter_config` WHERE `status` = 1  [ RunTime:0.000522s ]
INFO: [ app_begin ] --START--
INFO: Run Behavior\ReadHtmlCacheBehavior [ RunTime:0.000398s ]
INFO: Run Behavior\CheckLangBehavior [ RunTime:0.014156s ]
INFO: [ app_begin ] --END-- [ RunTime:0.014650s ]
NOTIC: [8192] mysql_connect(): The mysql extension is deprecated and will be removed in the future: use mysqli or PDO instead /Applications/XAMPP/xamppfiles/htdocs/yoyo/ThinkPHP/Library/Think/Session/Driver/Db.class.php 第 95 行.
SQL: SHOW COLUMNS FROM `ocenter_module` [ RunTime:0.003886s ]
SQL: SELECT `type`,`name`,`value` FROM `ocenter_config` WHERE `status` = 1  [ RunTime:0.000357s ]
NOTIC: [8] Undefined variable: token /Applications/XAMPP/xamppfiles/htdocs/yoyo/Application/Common/Model/ModuleModel.class.php 第 242 行.
NOTIC: [8] Undefined variable: res /Applications/XAMPP/xamppfiles/htdocs/yoyo/Application/Common/Common/role.php 第 147 行.
INFO: [ action_begin ] --START--
INFO: Run Common\Behavior\InitModuleInfoBehavior [ RunTime:0.000120s ]
INFO: [ action_begin ] --END-- [ RunTime:0.000148s ]
SQL: SHOW COLUMNS FROM `ocenter_forum` [ RunTime:0.002312s ]
SQL: SHOW COLUMNS FROM `ocenter_follow` [ RunTime:0.002454s ]
SQL: SELECT * FROM `ocenter_follow` WHERE `who_follow` = 100 AND `follow_who` = 1 LIMIT 1   [ RunTime:0.000939s ]
SQL: select nickname from `ocenter_member`,`ocenter_ucenter_member` where uid=id and uid=2 limit 1 [ RunTime:0.000755s ]
NOTIC: [8] Undefined offset: 0 /Applications/XAMPP/xamppfiles/htdocs/yoyo/Application/Common/Model/UserModel.class.php 第 72 行.
NOTIC: [2] Invalid argument supplied for foreach() /Applications/XAMPP/xamppfiles/htdocs/yoyo/Application/Common/Model/UserModel.class.php 第 567 行.
NOTIC: [8] Undefined index: nickname /Applications/XAMPP/xamppfiles/htdocs/yoyo/Application/Common/Model/UserModel.class.php 第 82 行.
SQL: SELECT * FROM `ocenter_follow` WHERE `who_follow` = 100 AND `follow_who` = 2 LIMIT 1   [ RunTime:0.000356s ]
SQL: SELECT * FROM `ocenter_forum` WHERE `id` = 1 AND `status` = 1 LIMIT 1   [ RunTime:0.000298s ]
SQL: SHOW COLUMNS FROM `ocenter_auth_group_access` [ RunTime:0.001677s ]
SQL: SELECT * FROM `ocenter_auth_group_access` WHERE `uid` = 100  [ RunTime:0.000221s ]
SQL: SELECT * FROM `ocenter_forum` WHERE `id` = 2 AND `status` = 1 LIMIT 1   [ RunTime:0.000198s ]
SQL: SELECT * FROM `ocenter_auth_group_access` WHERE `uid` = 100  [ RunTime:0.000149s ]
SQL: SHOW COLUMNS FROM `ocenter_forum_type` [ RunTime:0.005017s ]
SQL: SELECT * FROM `ocenter_forum_type` WHERE `status` = 1 ORDER BY sort asc  [ RunTime:0.000408s ]
SQL: SELECT * FROM `ocenter_follow` WHERE `who_follow` = 100 AND `follow_who` = 1 LIMIT 1   [ RunTime:0.000246s ]
SQL: select nickname from `ocenter_member`,`ocenter_ucenter_member` where uid=id and uid=2 limit 1 [ RunTime:0.000394s ]
NOTIC: [8] Undefined offset: 0 /Applications/XAMPP/xamppfiles/htdocs/yoyo/Application/Common/Model/UserModel.class.php 第 72 行.
NOTIC: [2] Invalid argument supplied for foreach() /Applications/XAMPP/xamppfiles/htdocs/yoyo/Application/Common/Model/UserModel.class.php 第 567 行.
NOTIC: [8] Undefined index: nickname /Applications/XAMPP/xamppfiles/htdocs/yoyo/Application/Common/Model/UserModel.class.php 第 82 行.
SQL: SELECT * FROM `ocenter_follow` WHERE `who_follow` = 100 AND `follow_who` = 2 LIMIT 1   [ RunTime:0.000829s ]
SQL: SHOW COLUMNS FROM `ocenter_forum_post` [ RunTime:0.002241s ]
SQL: SHOW COLUMNS FROM `ocenter_forum_lzl_reply` [ RunTime:0.002915s ]
SQL: SELECT * FROM `ocenter_forum_lzl_reply` WHERE `id` = 0 LIMIT 1   [ RunTime:0.000260s ]
SQL: SELECT * FROM `ocenter_forum_post` WHERE `id` = null AND `status` = 1 LIMIT 1   [ RunTime:0.000217s ]
SQL: SELECT * FROM `ocenter_forum` LIMIT 1   [ RunTime:0.000243s ]
SQL: SHOW COLUMNS FROM `ocenter_auth_rule` [ RunTime:0.002374s ]
SQL: SELECT * FROM `ocenter_auth_rule` WHERE `name` = 'Forum/Index/addPost' AND `status` = 1 LIMIT 1   [ RunTime:0.000510s ]
SQL: SHOW COLUMNS FROM ocenter_auth_group_access a [ RunTime:0.000166s ]
ERR: 1064:You have an error in your SQL syntax; check the manual that corresponds to your MariaDB server version for the right syntax to use near 'a' at line 1
 [ SQL语句 ] : SHOW COLUMNS FROM ocenter_auth_group_access a
SQL: SELECT `rules` FROM ocenter_auth_group_access a INNER JOIN ocenter_auth_group g on a.group_id=g.id and g.end_time>1508900879  WHERE ( a.uid='100' and g.status='1' )  [ RunTime:0.001984s ]
SQL: SHOW COLUMNS FROM `ocenter_auth_rule` [ RunTime:0.004188s ]
SQL: SELECT `condition`,`name` FROM `ocenter_auth_rule` WHERE `id` IN ('338','340','341','344','10004','10007','10008','10010','10015','10016') AND `type` = '没有权限发表帖子！' AND `status` = 1  [ RunTime:0.001459s ]
NOTIC: [2] Invalid argument supplied for foreach() /Applications/XAMPP/xamppfiles/htdocs/yoyo/ThinkPHP/Library/Think/Auth.class.php 第 198 行.
SQL: SHOW COLUMNS FROM `ocenter_ucenter_score_type` [ RunTime:0.003548s ]
SQL: SELECT * FROM `ocenter_ucenter_score_type`  [ RunTime:0.001651s ]
INFO: [ view_parse ] --START--
INFO: [ template_filter ] --START--
INFO: Run Behavior\ContentReplaceBehavior [ RunTime:0.000393s ]
INFO: [ template_filter ] --END-- [ RunTime:0.000482s ]
INFO: [ syncMeta ] --START--
INFO: Run Addons\SyncLogin\SyncLoginAddon [ RunTime:0.000761s ]
INFO: [ syncMeta ] --END-- [ RunTime:0.000843s ]
NOTIC: [8] Undefined variable: seo /Applications/XAMPP/xamppfiles/htdocs/yoyo/Runtime/Cache/Forum/bd317b46b4798306b841a0e2ba0a5ab5.php 第 9 行.
SQL: SHOW COLUMNS FROM `ocenter_seo_rule` [ RunTime:0.002033s ]
NOTIC: [8192] mysql_escape_string(): This function is deprecated; use mysql_real_escape_string() instead. /Applications/XAMPP/xamppfiles/htdocs/yoyo/Application/Common/Model/SeoRuleModel.class.php 第 78 行.
NOTIC: [8192] mysql_escape_string(): This function is deprecated; use mysql_real_escape_string() instead. /Applications/XAMPP/xamppfiles/htdocs/yoyo/Application/Common/Model/SeoRuleModel.class.php 第 79 行.
NOTIC: [8192] mysql_escape_string(): This function is deprecated; use mysql_real_escape_string() instead. /Applications/XAMPP/xamppfiles/htdocs/yoyo/Application/Common/Model/SeoRuleModel.class.php 第 80 行.
SQL: SELECT * FROM `ocenter_seo_rule` WHERE ( (app='' or app='Forum') and (controller='' or controller='Index') and (action='' or action='edit') and status=1 ) ORDER BY sort asc  [ RunTime:0.001853s ]
SQL: SELECT `type`,`name`,`value` FROM `ocenter_config` WHERE `status` = 1  [ RunTime:0.000862s ]
SQL: SHOW COLUMNS FROM `ocenter_pushing` [ RunTime:0.002122s ]
ERR: 1146:Table 'yoyobit.ocenter_pushing' doesn't exist
 [ SQL语句 ] : SHOW COLUMNS FROM `ocenter_pushing`
SQL: SHOW COLUMNS FROM `ocenter_member` [ RunTime:0.003573s ]
SQL: SHOW COLUMNS FROM `ocenter_channel` [ RunTime:0.002366s ]
NOTIC: [8] Undefined index: _ /Applications/XAMPP/xamppfiles/htdocs/yoyo/Runtime/Cache/Forum/bd317b46b4798306b841a0e2ba0a5ab5.php 第 149 行.
NOTIC: [8] Undefined index: _ /Applications/XAMPP/xamppfiles/htdocs/yoyo/Runtime/Cache/Forum/bd317b46b4798306b841a0e2ba0a5ab5.php 第 149 行.
NOTIC: [8] Undefined index: _ /Applications/XAMPP/xamppfiles/htdocs/yoyo/Runtime/Cache/Forum/bd317b46b4798306b841a0e2ba0a5ab5.php 第 149 行.
NOTIC: [8] Undefined index: _ /Applications/XAMPP/xamppfiles/htdocs/yoyo/Runtime/Cache/Forum/bd317b46b4798306b841a0e2ba0a5ab5.php 第 149 行.
NOTIC: [8] Undefined index: _ /Applications/XAMPP/xamppfiles/htdocs/yoyo/Runtime/Cache/Forum/bd317b46b4798306b841a0e2ba0a5ab5.php 第 149 行.
SQL: SHOW COLUMNS FROM `ocenter_member` [ RunTime:0.002797s ]
SQL: SELECT `reg_time` FROM `ocenter_member` WHERE `uid` = 100 LIMIT 1   [ RunTime:0.000275s ]
SQL: SHOW COLUMNS FROM `ocenter_user_config` [ RunTime:0.001729s ]
SQL: SELECT * FROM `ocenter_user_config` WHERE `uid` = 100 AND `name` = 'user_cover' AND `role_id` = 0 AND `model` = '' LIMIT 1   [ RunTime:0.000210s ]
SQL: SHOW COLUMNS FROM `ocenter_picture` [ RunTime:0.001925s ]
SQL: SELECT * FROM `ocenter_picture` WHERE `status` = 1 AND `id` = null LIMIT 1   [ RunTime:0.000250s ]
NOTIC: [2] unlink(./Runtime/Temp/945c180f3240ad0e35d9eb8beb06401b.php): No such file or directory /Applications/XAMPP/xamppfiles/htdocs/yoyo/ThinkPHP/Library/Think/Cache/Driver/File.class.php 第 157 行.
NOTIC: [2] unlink(./Runtime/Temp/deec309cb1249b5b7776ac8c8f45123b.php): No such file or directory /Applications/XAMPP/xamppfiles/htdocs/yoyo/ThinkPHP/Library/Think/Cache/Driver/File.class.php 第 157 行.
SQL: SELECT * FROM `ocenter_auth_rule` WHERE `name` = 'Admin/Index/index' AND `status` = 1 LIMIT 1   [ RunTime:0.000375s ]
SQL: SELECT * FROM `ocenter_auth_rule` WHERE `name` = 'Core/Admin/View' AND `status` = 1 LIMIT 1   [ RunTime:0.000316s ]
SQL: SELECT `value` FROM `ocenter_config` WHERE `name` = '_CONFIG_LOGO' LIMIT 1   [ RunTime:0.000162s ]
NOTIC: [8] Undefined index: id /Applications/XAMPP/xamppfiles/htdocs/yoyo/Runtime/Cache/Forum/bd317b46b4798306b841a0e2ba0a5ab5.php 第 426 行.
NOTIC: [8] Undefined index: title /Applications/XAMPP/xamppfiles/htdocs/yoyo/Runtime/Cache/Forum/bd317b46b4798306b841a0e2ba0a5ab5.php 第 437 行.
NOTIC: [8] Undefined index: content /Applications/XAMPP/xamppfiles/htdocs/yoyo/Runtime/Cache/Forum/bd317b46b4798306b841a0e2ba0a5ab5.php 第 441 行.
SQL: SELECT `type`,`name`,`value` FROM `ocenter_config` WHERE `status` = 1  [ RunTime:0.000352s ]
NOTIC: [8] Undefined variable: token /Applications/XAMPP/xamppfiles/htdocs/yoyo/Application/Common/Model/ModuleModel.class.php 第 242 行.
NOTIC: [8] Undefined variable: res /Applications/XAMPP/xamppfiles/htdocs/yoyo/Application/Common/Common/role.php 第 147 行.
INFO: [ action_begin ] --START--
INFO: Run Common\Behavior\InitModuleInfoBehavior [ RunTime:0.000006s ]
INFO: [ action_begin ] --END-- [ RunTime:-0.123110s ]
INFO: [ view_parse ] --START--
INFO: [ template_filter ] --START--
INFO: Run Behavior\ContentReplaceBehavior [ RunTime:0.000086s ]
INFO: [ template_filter ] --END-- [ RunTime:-0.045829s ]
NOTIC: [8] Undefined index: adminEditor /Applications/XAMPP/xamppfiles/htdocs/yoyo/ThinkPHP/Library/Think/Hook.class.php 第 71 行.
NOTIC: [8] Undefined index: editor /Applications/XAMPP/xamppfiles/htdocs/yoyo/ThinkPHP/Library/Think/Hook.class.php 第 71 行.
NOTIC: [8] Undefined index: is_load_script /Applications/XAMPP/xamppfiles/htdocs/yoyo/Runtime/Cache/Forum/1ee98e571a31610121ae8c974017cfbb.php 第 28 行.
INFO: Run Behavior\ParseTemplateBehavior [ RunTime:0.006659s ]
INFO: [ view_parse ] --END-- [ RunTime:0.006705s ]
INFO: [ view_filter ] --START--
INFO: Run Behavior\WriteHtmlCacheBehavior [ RunTime:0.000157s ]
INFO: [ view_filter ] --END-- [ RunTime:0.000197s ]
SQL: SHOW COLUMNS FROM `ocenter_module` [ RunTime:0.001993s ]
SQL: SELECT `type`,`name`,`value` FROM `ocenter_config` WHERE `status` = 1  [ RunTime:0.000337s ]
NOTIC: [8] Undefined variable: token /Applications/XAMPP/xamppfiles/htdocs/yoyo/Application/Common/Model/ModuleModel.class.php 第 242 行.
NOTIC: [8] Undefined variable: res /Applications/XAMPP/xamppfiles/htdocs/yoyo/Application/Common/Common/role.php 第 147 行.
INFO: [ action_begin ] --START--
INFO: Run Common\Behavior\InitModuleInfoBehavior [ RunTime:0.000009s ]
INFO: [ action_begin ] --END-- [ RunTime:-0.134673s ]
NOTIC: [2] Missing argument 1 for Common\Widget\SuperLinksWidget::superLinks() /Applications/XAMPP/xamppfiles/htdocs/yoyo/Application/Common/Widget/SuperLinksWidget.class.php 第 15 行.
SQL: SHOW COLUMNS FROM `ocenter_super_links` [ RunTime:0.003516s ]
SQL: SELECT * FROM `ocenter_super_links` WHERE ( status = 1 ) ORDER BY level desc,id asc  [ RunTime:0.000308s ]
NOTIC: [2] Invalid argument supplied for foreach() /Applications/XAMPP/xamppfiles/htdocs/yoyo/Application/Common/Model/SuperLinksModel.class.php 第 37 行.
NOTIC: [8] Undefined variable: data /Applications/XAMPP/xamppfiles/htdocs/yoyo/Application/Common/Model/SuperLinksModel.class.php 第 48 行.
NOTIC: [8] Undefined variable: param /Applications/XAMPP/xamppfiles/htdocs/yoyo/Application/Common/Widget/SuperLinksWidget.class.php 第 19 行.
INFO: [ view_parse ] --START--
INFO: [ template_filter ] --START--
INFO: Run Behavior\ContentReplaceBehavior [ RunTime:0.000043s ]
INFO: [ template_filter ] --END-- [ RunTime:-0.061265s ]
INFO: Run Behavior\ParseTemplateBehavior [ RunTime:0.003655s ]
INFO: [ view_parse ] --END-- [ RunTime:-0.009699s ]
INFO: [ view_filter ] --START--
INFO: Run Behavior\WriteHtmlCacheBehavior [ RunTime:0.000022s ]
INFO: [ view_filter ] --END-- [ RunTime:-0.013277s ]
SQL: SELECT `value` FROM `ocenter_config` WHERE `name` = '_CONFIG_QRCODE_BOTTOM' LIMIT 1   [ RunTime:0.000805s ]
NOTIC: [8] Undefined variable: site /Applications/XAMPP/xamppfiles/htdocs/yoyo/Runtime/Cache/Forum/bd317b46b4798306b841a0e2ba0a5ab5.php 第 554 行.
INFO: [ pageFooter ] --START--
INFO: Run Addons\SuperLinks\SuperLinksAddon [ RunTime:0.000663s ]
INFO: [ pageFooter ] --END-- [ RunTime:0.000738s ]
SQL: SELECT `type`,`name`,`value` FROM `ocenter_config` WHERE `status` = 1  [ RunTime:0.000401s ]
NOTIC: [8] Undefined variable: token /Applications/XAMPP/xamppfiles/htdocs/yoyo/Application/Common/Model/ModuleModel.class.php 第 242 行.
NOTIC: [8] Undefined variable: res /Applications/XAMPP/xamppfiles/htdocs/yoyo/Application/Common/Common/role.php 第 147 行.
INFO: [ action_begin ] --START--
INFO: Run Common\Behavior\InitModuleInfoBehavior [ RunTime:0.000006s ]
INFO: [ action_begin ] --END-- [ RunTime:-0.148027s ]
SQL: SELECT `type`,`name`,`value` FROM `ocenter_config` WHERE `status` = 1  [ RunTime:0.000489s ]
NOTIC: [8] Undefined variable: token /Applications/XAMPP/xamppfiles/htdocs/yoyo/Application/Common/Model/ModuleModel.class.php 第 242 行.
NOTIC: [8] Undefined variable: res /Applications/XAMPP/xamppfiles/htdocs/yoyo/Application/Common/Common/role.php 第 147 行.
INFO: [ action_begin ] --START--
INFO: Run Common\Behavior\InitModuleInfoBehavior [ RunTime:0.000006s ]
INFO: [ action_begin ] --END-- [ RunTime:-0.149596s ]
INFO: [ view_parse ] --START--
INFO: [ template_filter ] --START--
INFO: Run Behavior\ContentReplaceBehavior [ RunTime:0.000021s ]
INFO: [ template_filter ] --END-- [ RunTime:-0.070070s ]
INFO: Run Behavior\ParseTemplateBehavior [ RunTime:0.001061s ]
INFO: [ view_parse ] --END-- [ RunTime:-0.019715s ]
INFO: [ view_filter ] --START--
INFO: Run Behavior\WriteHtmlCacheBehavior [ RunTime:0.000008s ]
INFO: [ view_filter ] --END-- [ RunTime:-0.020605s ]
INFO: Run Behavior\ParseTemplateBehavior [ RunTime:0.001253s ]
INFO: [ view_parse ] --END-- [ RunTime:-0.019715s ]
INFO: [ view_filter ] --START--
INFO: Run Behavior\WriteHtmlCacheBehavior [ RunTime:0.000006s ]
INFO: [ view_filter ] --END-- [ RunTime:-0.020782s ]
INFO: [ app_end ] --START--
INFO: Run Behavior\ShowPageTraceBehavior [ RunTime:0.000623s ]
INFO: [ app_end ] --END-- [ RunTime:0.000695s ]

