[ 2017-11-10T20:42:08+08:00 ] 127.0.0.1 /yoyo/forum/index
INFO: [ app_init ] --START--
INFO: Run Behavior\BuildLiteBehavior [ RunTime:0.000013s ]
INFO: Run Common\Behavior\InitHookBehavior [ RunTime:0.001063s ]
INFO: [ app_init ] --END-- [ RunTime:0.001150s ]
NOTIC: [8] Undefined index: router /Applications/XAMPP/xamppfiles/htdocs/yoyo/Application/Common/Common/function.php 第 1936 行.
NOTIC: [8] Undefined index: router /Applications/XAMPP/xamppfiles/htdocs/yoyo/Application/Common/Common/function.php 第 1936 行.
NOTIC: [8] Undefined index: router /Applications/XAMPP/xamppfiles/htdocs/yoyo/Application/Common/Common/function.php 第 1936 行.
NOTIC: [8] Undefined index: router /Applications/XAMPP/xamppfiles/htdocs/yoyo/Application/Common/Common/function.php 第 1936 行.
NOTIC: [8] Undefined index: router /Applications/XAMPP/xamppfiles/htdocs/yoyo/Application/Common/Common/function.php 第 1936 行.
NOTIC: [8] Undefined index: router /Applications/XAMPP/xamppfiles/htdocs/yoyo/Application/Common/Common/function.php 第 1936 行.
SQL: SHOW COLUMNS FROM `ocenter_config` [ RunTime:0.002363s ]
SQL: SELECT `type`,`name`,`value` FROM `ocenter_config` WHERE `status` = 1  [ RunTime:0.000416s ]
INFO: [ app_begin ] --START--
INFO: Run Behavior\ReadHtmlCacheBehavior [ RunTime:0.000324s ]
INFO: Run Behavior\CheckLangBehavior [ RunTime:0.011830s ]
INFO: [ app_begin ] --END-- [ RunTime:0.012222s ]
NOTIC: [8192] mysql_connect(): The mysql extension is deprecated and will be removed in the future: use mysqli or PDO instead /Applications/XAMPP/xamppfiles/htdocs/yoyo/ThinkPHP/Library/Think/Session/Driver/Db.class.php 第 95 行.
SQL: SHOW COLUMNS FROM `ocenter_module` [ RunTime:0.001903s ]
SQL: SELECT `type`,`name`,`value` FROM `ocenter_config` WHERE `status` = 1  [ RunTime:0.000318s ]
NOTIC: [8] Undefined variable: token /Applications/XAMPP/xamppfiles/htdocs/yoyo/Application/Common/Model/ModuleModel.class.php 第 242 行.
NOTIC: [8] Undefined variable: res /Applications/XAMPP/xamppfiles/htdocs/yoyo/Application/Common/Common/role.php 第 147 行.
INFO: [ action_begin ] --START--
INFO: Run Common\Behavior\InitModuleInfoBehavior [ RunTime:0.000293s ]
INFO: [ action_begin ] --END-- [ RunTime:0.000352s ]
SQL: SELECT `value` FROM `ocenter_config` WHERE `name` = '_MOB_JUMP_MOB' LIMIT 1   [ RunTime:0.000267s ]
SQL: SHOW COLUMNS FROM `ocenter_forum` [ RunTime:0.002391s ]
SQL: SELECT `value` FROM `ocenter_config` WHERE `name` = '_FORUM_CACHE_TIME' LIMIT 1   [ RunTime:0.000297s ]
SQL: SHOW COLUMNS FROM `ocenter_forum` [ RunTime:0.001412s ]
SQL: SELECT * FROM `ocenter_forum` WHERE `status` = 1 ORDER BY sort asc  [ RunTime:0.001685s ]
SQL: SHOW COLUMNS FROM `ocenter_forum_post` [ RunTime:0.004701s ]
SQL: SHOW COLUMNS FROM `ocenter_forum_post_reply` [ RunTime:0.002427s ]
SQL: SHOW COLUMNS FROM `ocenter_picture` [ RunTime:0.002158s ]
SQL: SELECT * FROM `ocenter_picture` WHERE `status` = 1 AND `id` = 123 LIMIT 1   [ RunTime:0.000356s ]
NOTIC: [2] unlink(./Runtime/Temp/e6d44ae3ac191192b59ba2a10589f6e2.php): No such file or directory /Applications/XAMPP/xamppfiles/htdocs/yoyo/ThinkPHP/Library/Think/Cache/Driver/File.class.php 第 157 行.
NOTIC: [2] unlink(./Runtime/Temp/25ed2f182623f0e5e1bbad5dbc82913b.php): No such file or directory /Applications/XAMPP/xamppfiles/htdocs/yoyo/ThinkPHP/Library/Think/Cache/Driver/File.class.php 第 157 行.
SQL: SELECT * FROM `ocenter_picture` WHERE `status` = 1 AND `id` = 133 LIMIT 1   [ RunTime:0.000233s ]
NOTIC: [2] unlink(./Runtime/Temp/cb4110b3e2f8aa0869b3bc1025ff4524.php): No such file or directory /Applications/XAMPP/xamppfiles/htdocs/yoyo/ThinkPHP/Library/Think/Cache/Driver/File.class.php 第 157 行.
NOTIC: [2] unlink(./Runtime/Temp/5e610e8e7e9fdffb5d557f701fba095c.php): No such file or directory /Applications/XAMPP/xamppfiles/htdocs/yoyo/ThinkPHP/Library/Think/Cache/Driver/File.class.php 第 157 行.
SQL: SELECT COUNT(*) AS tp_count FROM `ocenter_forum_post` WHERE `status` = 1 AND `forum_id` = 1 LIMIT 1   [ RunTime:0.000251s ]
SQL: SELECT `id` FROM `ocenter_forum_post` WHERE `forum_id` = 1  [ RunTime:0.000199s ]
NOTIC: [2] implode(): Invalid arguments passed /Applications/XAMPP/xamppfiles/htdocs/yoyo/Application/Forum/Model/ForumModel.class.php 第 71 行.
NOTIC: [2] implode(): Invalid arguments passed /Applications/XAMPP/xamppfiles/htdocs/yoyo/ThinkPHP/Library/Think/Db.class.php 第 497 行.
SQL: SELECT COUNT(*) AS tp_count FROM `ocenter_forum_post_reply` WHERE `status` = 1 AND `post_id` IN () LIMIT 1   [ RunTime:0.000132s ]
ERR: 1064:You have an error in your SQL syntax; check the manual that corresponds to your MariaDB server version for the right syntax to use near ') LIMIT 1' at line 1
 [ SQL语句 ] : SELECT COUNT(*) AS tp_count FROM `ocenter_forum_post_reply` WHERE `status` = 1 AND `post_id` IN () LIMIT 1  
SQL: SELECT * FROM `ocenter_picture` WHERE `status` = 1 AND `id` = 117 LIMIT 1   [ RunTime:0.000229s ]
NOTIC: [2] unlink(./Runtime/Temp/3f089998cb439b7fd2ba6899d3c1f05b.php): No such file or directory /Applications/XAMPP/xamppfiles/htdocs/yoyo/ThinkPHP/Library/Think/Cache/Driver/File.class.php 第 157 行.
NOTIC: [2] unlink(./Runtime/Temp/4fba539807615febee4a99a5d104301e.php): No such file or directory /Applications/XAMPP/xamppfiles/htdocs/yoyo/ThinkPHP/Library/Think/Cache/Driver/File.class.php 第 157 行.
SQL: SELECT * FROM `ocenter_picture` WHERE `status` = 1 AND `id` = 134 LIMIT 1   [ RunTime:0.000199s ]
NOTIC: [2] unlink(./Runtime/Temp/0e938c9c3a6a05031beadfc4543e6def.php): No such file or directory /Applications/XAMPP/xamppfiles/htdocs/yoyo/ThinkPHP/Library/Think/Cache/Driver/File.class.php 第 157 行.
NOTIC: [2] unlink(./Runtime/Temp/755d2d45c2411fe4fc803ca904647dac.php): No such file or directory /Applications/XAMPP/xamppfiles/htdocs/yoyo/ThinkPHP/Library/Think/Cache/Driver/File.class.php 第 157 行.
SQL: SELECT COUNT(*) AS tp_count FROM `ocenter_forum_post` WHERE `status` = 1 AND `forum_id` = 2 LIMIT 1   [ RunTime:0.000189s ]
SQL: SELECT `id` FROM `ocenter_forum_post` WHERE `forum_id` = 2  [ RunTime:0.000200s ]
NOTIC: [2] implode(): Invalid arguments passed /Applications/XAMPP/xamppfiles/htdocs/yoyo/Application/Forum/Model/ForumModel.class.php 第 71 行.
NOTIC: [2] implode(): Invalid arguments passed /Applications/XAMPP/xamppfiles/htdocs/yoyo/ThinkPHP/Library/Think/Db.class.php 第 497 行.
SQL: SELECT COUNT(*) AS tp_count FROM `ocenter_forum_post_reply` WHERE `status` = 1 AND `post_id` IN () LIMIT 1   [ RunTime:0.000123s ]
ERR: 1064:You have an error in your SQL syntax; check the manual that corresponds to your MariaDB server version for the right syntax to use near ') LIMIT 1' at line 1
 [ SQL语句 ] : SELECT COUNT(*) AS tp_count FROM `ocenter_forum_post_reply` WHERE `status` = 1 AND `post_id` IN () LIMIT 1  
SQL: select nickname from `ocenter_member`,`ocenter_ucenter_member` where uid=id and uid=2 limit 1 [ RunTime:0.000299s ]
NOTIC: [8] Undefined offset: 0 /Applications/XAMPP/xamppfiles/htdocs/yoyo/Application/Common/Model/UserModel.class.php 第 72 行.
NOTIC: [2] Invalid argument supplied for foreach() /Applications/XAMPP/xamppfiles/htdocs/yoyo/Application/Common/Model/UserModel.class.php 第 567 行.
NOTIC: [8] Undefined index: nickname /Applications/XAMPP/xamppfiles/htdocs/yoyo/Application/Common/Model/UserModel.class.php 第 82 行.
SQL: SHOW COLUMNS FROM `ocenter_follow` [ RunTime:0.002344s ]
SQL: SELECT * FROM `ocenter_follow` WHERE `who_follow` = 1 AND `follow_who` = 2 LIMIT 1   [ RunTime:0.000248s ]
SQL: SHOW COLUMNS FROM `ocenter_ucenter_short` [ RunTime:0.002446s ]
SQL: SELECT * FROM `ocenter_ucenter_short` WHERE `uid` = 2 AND `status` = 1 LIMIT 1   [ RunTime:0.000221s ]
NOTIC: [8] Undefined index: nickname /Applications/XAMPP/xamppfiles/htdocs/yoyo/Application/Common/Model/UserModel.class.php 第 449 行.
SQL: SHOW COLUMNS FROM `ocenter_forum_type` [ RunTime:0.002823s ]
SQL: SELECT * FROM `ocenter_forum_type` WHERE `status` = 1 ORDER BY sort asc  [ RunTime:0.001490s ]
SQL: SELECT * FROM `ocenter_forum` WHERE `status` = 1 AND `type_id` = 1 ORDER BY sort asc  [ RunTime:0.000319s ]
SQL: SELECT * FROM `ocenter_picture` WHERE `status` = 1 AND `id` = 123 LIMIT 1   [ RunTime:0.000302s ]
NOTIC: [2] unlink(./Runtime/Temp/e6d44ae3ac191192b59ba2a10589f6e2.php): No such file or directory /Applications/XAMPP/xamppfiles/htdocs/yoyo/ThinkPHP/Library/Think/Cache/Driver/File.class.php 第 157 行.
NOTIC: [2] unlink(./Runtime/Temp/25ed2f182623f0e5e1bbad5dbc82913b.php): No such file or directory /Applications/XAMPP/xamppfiles/htdocs/yoyo/ThinkPHP/Library/Think/Cache/Driver/File.class.php 第 157 行.
SQL: SELECT * FROM `ocenter_picture` WHERE `status` = 1 AND `id` = 133 LIMIT 1   [ RunTime:0.000186s ]
NOTIC: [2] unlink(./Runtime/Temp/cb4110b3e2f8aa0869b3bc1025ff4524.php): No such file or directory /Applications/XAMPP/xamppfiles/htdocs/yoyo/ThinkPHP/Library/Think/Cache/Driver/File.class.php 第 157 行.
NOTIC: [2] unlink(./Runtime/Temp/5e610e8e7e9fdffb5d557f701fba095c.php): No such file or directory /Applications/XAMPP/xamppfiles/htdocs/yoyo/ThinkPHP/Library/Think/Cache/Driver/File.class.php 第 157 行.
SQL: SELECT COUNT(*) AS tp_count FROM `ocenter_forum_post` WHERE `status` = 1 AND `forum_id` = 1 LIMIT 1   [ RunTime:0.000203s ]
SQL: SELECT `id` FROM `ocenter_forum_post` WHERE `forum_id` = 1  [ RunTime:0.000153s ]
NOTIC: [2] implode(): Invalid arguments passed /Applications/XAMPP/xamppfiles/htdocs/yoyo/Application/Forum/Model/ForumModel.class.php 第 71 行.
NOTIC: [2] implode(): Invalid arguments passed /Applications/XAMPP/xamppfiles/htdocs/yoyo/ThinkPHP/Library/Think/Db.class.php 第 497 行.
SQL: SELECT COUNT(*) AS tp_count FROM `ocenter_forum_post_reply` WHERE `status` = 1 AND `post_id` IN () LIMIT 1   [ RunTime:0.000126s ]
ERR: 1064:You have an error in your SQL syntax; check the manual that corresponds to your MariaDB server version for the right syntax to use near ') LIMIT 1' at line 1
 [ SQL语句 ] : SELECT COUNT(*) AS tp_count FROM `ocenter_forum_post_reply` WHERE `status` = 1 AND `post_id` IN () LIMIT 1  
SQL: select nickname from `ocenter_member`,`ocenter_ucenter_member` where uid=id and uid=2 limit 1 [ RunTime:0.000260s ]
NOTIC: [8] Undefined offset: 0 /Applications/XAMPP/xamppfiles/htdocs/yoyo/Application/Common/Model/UserModel.class.php 第 72 行.
NOTIC: [2] Invalid argument supplied for foreach() /Applications/XAMPP/xamppfiles/htdocs/yoyo/Application/Common/Model/UserModel.class.php 第 567 行.
NOTIC: [8] Undefined index: nickname /Applications/XAMPP/xamppfiles/htdocs/yoyo/Application/Common/Model/UserModel.class.php 第 82 行.
SQL: SELECT * FROM `ocenter_follow` WHERE `who_follow` = 1 AND `follow_who` = 2 LIMIT 1   [ RunTime:0.000264s ]
SQL: SELECT * FROM `ocenter_forum` WHERE `status` = 1 AND `type_id` = 2 ORDER BY sort asc  [ RunTime:0.000272s ]
SQL: SELECT * FROM `ocenter_picture` WHERE `status` = 1 AND `id` = 117 LIMIT 1   [ RunTime:0.000184s ]
NOTIC: [2] unlink(./Runtime/Temp/3f089998cb439b7fd2ba6899d3c1f05b.php): No such file or directory /Applications/XAMPP/xamppfiles/htdocs/yoyo/ThinkPHP/Library/Think/Cache/Driver/File.class.php 第 157 行.
NOTIC: [2] unlink(./Runtime/Temp/4fba539807615febee4a99a5d104301e.php): No such file or directory /Applications/XAMPP/xamppfiles/htdocs/yoyo/ThinkPHP/Library/Think/Cache/Driver/File.class.php 第 157 行.
SQL: SELECT * FROM `ocenter_picture` WHERE `status` = 1 AND `id` = 134 LIMIT 1   [ RunTime:0.000169s ]
NOTIC: [2] unlink(./Runtime/Temp/0e938c9c3a6a05031beadfc4543e6def.php): No such file or directory /Applications/XAMPP/xamppfiles/htdocs/yoyo/ThinkPHP/Library/Think/Cache/Driver/File.class.php 第 157 行.
NOTIC: [2] unlink(./Runtime/Temp/755d2d45c2411fe4fc803ca904647dac.php): No such file or directory /Applications/XAMPP/xamppfiles/htdocs/yoyo/ThinkPHP/Library/Think/Cache/Driver/File.class.php 第 157 行.
SQL: SELECT COUNT(*) AS tp_count FROM `ocenter_forum_post` WHERE `status` = 1 AND `forum_id` = 2 LIMIT 1   [ RunTime:0.000157s ]
SQL: SELECT `id` FROM `ocenter_forum_post` WHERE `forum_id` = 2  [ RunTime:0.000189s ]
NOTIC: [2] implode(): Invalid arguments passed /Applications/XAMPP/xamppfiles/htdocs/yoyo/Application/Forum/Model/ForumModel.class.php 第 71 行.
NOTIC: [2] implode(): Invalid arguments passed /Applications/XAMPP/xamppfiles/htdocs/yoyo/ThinkPHP/Library/Think/Db.class.php 第 497 行.
SQL: SELECT COUNT(*) AS tp_count FROM `ocenter_forum_post_reply` WHERE `status` = 1 AND `post_id` IN () LIMIT 1   [ RunTime:0.000114s ]
ERR: 1064:You have an error in your SQL syntax; check the manual that corresponds to your MariaDB server version for the right syntax to use near ') LIMIT 1' at line 1
 [ SQL语句 ] : SELECT COUNT(*) AS tp_count FROM `ocenter_forum_post_reply` WHERE `status` = 1 AND `post_id` IN () LIMIT 1  
SQL: SHOW COLUMNS FROM `ocenter_forum_post` [ RunTime:0.001050s ]
SQL: SELECT COUNT(*) AS tp_count FROM `ocenter_forum_post` WHERE `uid` = 1 LIMIT 1   [ RunTime:0.000191s ]
SQL: SHOW COLUMNS FROM `ocenter_forum_post_reply` [ RunTime:0.001865s ]
SQL: SELECT COUNT(*) AS tp_count FROM `ocenter_forum_post_reply` WHERE `uid` = 1 LIMIT 1   [ RunTime:0.000180s ]
SQL: SHOW COLUMNS FROM `ocenter_member` [ RunTime:0.003439s ]
SQL: SELECT COUNT(*) AS tp_count FROM `ocenter_member` WHERE `status` = 1 LIMIT 1   [ RunTime:0.000245s ]
SQL: SELECT `uid` FROM `ocenter_member` WHERE `status` = 1 ORDER BY reg_time desc LIMIT 1   [ RunTime:0.000248s ]
SQL: SELECT * FROM `ocenter_follow` WHERE `who_follow` = 1 AND `follow_who` = 152 LIMIT 1   [ RunTime:0.000309s ]
SQL: SELECT COUNT(*) AS tp_count FROM `ocenter_forum_post` WHERE `create_time` BETWEEN 1510243200 AND 1510329600 LIMIT 1   [ RunTime:0.000210s ]
SQL: SELECT COUNT(*) AS tp_count FROM `ocenter_forum_post` WHERE `create_time` BETWEEN 1510156800 AND 1510243200 LIMIT 1   [ RunTime:0.000197s ]
SQL: SELECT COUNT(*) AS tp_count FROM `ocenter_forum` WHERE `id` = 2 AND `status` = 1 LIMIT 1   [ RunTime:0.000212s ]
SQL: SELECT COUNT(*) AS tp_count FROM `ocenter_forum_post` WHERE `status` = 1 LIMIT 1   [ RunTime:0.000152s ]
SQL: SELECT COUNT(*) AS tp_count FROM `ocenter_forum_post_reply` WHERE `status` = 1 LIMIT 1   [ RunTime:0.000151s ]
SQL: SHOW COLUMNS FROM `ocenter_forum_lzl_reply` [ RunTime:0.002355s ]
SQL: SELECT COUNT(*) AS tp_count FROM `ocenter_forum_lzl_reply` LIMIT 1   [ RunTime:0.000167s ]
SQL: SELECT * FROM `ocenter_forum_post` WHERE (  status=1 AND is_top=2 ) ORDER BY last_reply_time desc  [ RunTime:0.000212s ]
SQL: select nickname from `ocenter_member`,`ocenter_ucenter_member` where uid=id and uid=2 limit 1 [ RunTime:0.000256s ]
NOTIC: [8] Undefined offset: 0 /Applications/XAMPP/xamppfiles/htdocs/yoyo/Application/Common/Model/UserModel.class.php 第 72 行.
NOTIC: [2] Invalid argument supplied for foreach() /Applications/XAMPP/xamppfiles/htdocs/yoyo/Application/Common/Model/UserModel.class.php 第 567 行.
NOTIC: [8] Undefined index: nickname /Applications/XAMPP/xamppfiles/htdocs/yoyo/Application/Common/Model/UserModel.class.php 第 82 行.
SQL: SELECT * FROM `ocenter_follow` WHERE `who_follow` = 1 AND `follow_who` = 2 LIMIT 1   [ RunTime:0.000193s ]
NOTIC: [2] Invalid argument supplied for foreach() /Applications/XAMPP/xamppfiles/htdocs/yoyo/Application/Forum/Model/ForumPostModel.class.php 第 124 行.
SQL: SELECT `value` FROM `ocenter_config` WHERE `name` = '_FORUM_FORM_POST_SHOW_NUM_INDEX' LIMIT 1   [ RunTime:0.000209s ]
SQL: SELECT * FROM `ocenter_forum_post` WHERE `status` = 1 ORDER BY last_reply_time desc LIMIT 0,5   [ RunTime:0.000232s ]
SQL: SELECT COUNT(*) AS tp_count FROM `ocenter_forum_post` WHERE `status` = 1 LIMIT 1   [ RunTime:0.000206s ]
SQL: select nickname from `ocenter_member`,`ocenter_ucenter_member` where uid=id and uid=2 limit 1 [ RunTime:0.000256s ]
NOTIC: [8] Undefined offset: 0 /Applications/XAMPP/xamppfiles/htdocs/yoyo/Application/Common/Model/UserModel.class.php 第 72 行.
NOTIC: [2] Invalid argument supplied for foreach() /Applications/XAMPP/xamppfiles/htdocs/yoyo/Application/Common/Model/UserModel.class.php 第 567 行.
NOTIC: [8] Undefined index: nickname /Applications/XAMPP/xamppfiles/htdocs/yoyo/Application/Common/Model/UserModel.class.php 第 82 行.
SQL: SELECT * FROM `ocenter_follow` WHERE `who_follow` = 1 AND `follow_who` = 2 LIMIT 1   [ RunTime:0.000322s ]
NOTIC: [2] Invalid argument supplied for foreach() /Applications/XAMPP/xamppfiles/htdocs/yoyo/Application/Forum/Model/ForumPostModel.class.php 第 124 行.
SQL: SELECT `value` FROM `ocenter_config` WHERE `name` = '_FORUM_SUGGESTION_POSTS' LIMIT 1   [ RunTime:0.000184s ]
SQL: SHOW COLUMNS FROM `ocenter_forum_post` [ RunTime:0.001535s ]
SQL: SELECT * FROM `ocenter_forum_post` WHERE `id` = 23 LIMIT 1   [ RunTime:0.000221s ]
NOTIC: [8] Undefined offset: 0 /Applications/XAMPP/xamppfiles/htdocs/yoyo/Application/Forum/Controller/IndexController.class.php 第 193 行.
NOTIC: [8] Undefined offset: 0 /Applications/XAMPP/xamppfiles/htdocs/yoyo/Application/Forum/Controller/IndexController.class.php 第 196 行.
NOTIC: [8] Undefined index: content /Applications/XAMPP/xamppfiles/htdocs/yoyo/Application/Forum/Controller/IndexController.class.php 第 176 行.
SQL: select nickname from `ocenter_member`,`ocenter_ucenter_member` where uid=id and uid=2 limit 1 [ RunTime:0.000265s ]
NOTIC: [8] Undefined offset: 0 /Applications/XAMPP/xamppfiles/htdocs/yoyo/Application/Common/Model/UserModel.class.php 第 72 行.
NOTIC: [2] Invalid argument supplied for foreach() /Applications/XAMPP/xamppfiles/htdocs/yoyo/Application/Common/Model/UserModel.class.php 第 567 行.
NOTIC: [8] Undefined index: nickname /Applications/XAMPP/xamppfiles/htdocs/yoyo/Application/Common/Model/UserModel.class.php 第 82 行.
SQL: SELECT * FROM `ocenter_follow` WHERE `who_follow` = 1 AND `follow_who` = 2 LIMIT 1   [ RunTime:0.000224s ]
SQL: SHOW COLUMNS FROM `ocenter_forum` [ RunTime:0.002116s ]
SQL: SELECT `value` FROM `ocenter_config` WHERE `name` = '_FORUM_HOT_FORUM' LIMIT 1   [ RunTime:0.000221s ]
SQL: SELECT * FROM `ocenter_forum` WHERE `id` IN ('1','2','3') AND `status` = 1 ORDER BY post_count desc  [ RunTime:0.000359s ]
SQL: SHOW COLUMNS FROM `ocenter_forum_follow` [ RunTime:0.002642s ]
SQL: SELECT COUNT(*) AS tp_count FROM `ocenter_forum_follow` WHERE `forum_id` = 2 AND `uid` = 1 LIMIT 1   [ RunTime:0.000187s ]
SQL: SELECT COUNT(*) AS tp_count FROM `ocenter_forum_follow` WHERE `forum_id` = 1 AND `uid` = 1 LIMIT 1   [ RunTime:0.000161s ]
SQL: SELECT `value` FROM `ocenter_config` WHERE `name` = '_FORUM_RECOMMAND_FORUM' LIMIT 1   [ RunTime:0.000180s ]
SQL: SELECT * FROM `ocenter_forum` WHERE `id` IN ('1','2','3') AND `status` = 1 ORDER BY post_count desc  [ RunTime:0.000356s ]
SQL: SELECT COUNT(*) AS tp_count FROM `ocenter_forum_follow` WHERE `forum_id` = 2 AND `uid` = 1 LIMIT 1   [ RunTime:0.000216s ]
SQL: SELECT COUNT(*) AS tp_count FROM `ocenter_forum_follow` WHERE `forum_id` = 1 AND `uid` = 1 LIMIT 1   [ RunTime:0.000159s ]
SQL: SELECT `uid`,count(id) as post_count FROM `ocenter_forum_post` GROUP BY uid ORDER BY post_count desc LIMIT 9   [ RunTime:0.000156s ]
NOTIC: [2] Invalid argument supplied for foreach() /Applications/XAMPP/xamppfiles/htdocs/yoyo/Application/Forum/Controller/IndexController.class.php 第 149 行.
NOTIC: [2] unlink(./Runtime/Temp/368847d097f3ba8fc0b32086c3d05e7a.php): No such file or directory /Applications/XAMPP/xamppfiles/htdocs/yoyo/ThinkPHP/Library/Think/Cache/Driver/File.class.php 第 157 行.
NOTIC: [2] unlink(./Runtime/Temp/5bfc07822515668d72181260089d2731.php): No such file or directory /Applications/XAMPP/xamppfiles/htdocs/yoyo/ThinkPHP/Library/Think/Cache/Driver/File.class.php 第 157 行.
INFO: [ view_parse ] --START--
INFO: [ template_filter ] --START--
INFO: Run Behavior\ContentReplaceBehavior [ RunTime:0.000237s ]
INFO: [ template_filter ] --END-- [ RunTime:0.000279s ]
INFO: [ syncMeta ] --START--
INFO: Run Addons\SyncLogin\SyncLoginAddon [ RunTime:0.003913s ]
INFO: [ syncMeta ] --END-- [ RunTime:0.003974s ]
NOTIC: [8] Undefined variable: seo /Applications/XAMPP/xamppfiles/htdocs/yoyo/Runtime/Cache/Forum/24ded19c358067d9efdb58e594ffbf10.php 第 9 行.
SQL: SHOW COLUMNS FROM `ocenter_seo_rule` [ RunTime:0.002177s ]
NOTIC: [8192] mysql_escape_string(): This function is deprecated; use mysql_real_escape_string() instead. /Applications/XAMPP/xamppfiles/htdocs/yoyo/Application/Common/Model/SeoRuleModel.class.php 第 78 行.
NOTIC: [8192] mysql_escape_string(): This function is deprecated; use mysql_real_escape_string() instead. /Applications/XAMPP/xamppfiles/htdocs/yoyo/Application/Common/Model/SeoRuleModel.class.php 第 79 行.
NOTIC: [8192] mysql_escape_string(): This function is deprecated; use mysql_real_escape_string() instead. /Applications/XAMPP/xamppfiles/htdocs/yoyo/Application/Common/Model/SeoRuleModel.class.php 第 80 行.
SQL: SELECT * FROM `ocenter_seo_rule` WHERE ( (app='' or app='Forum') and (controller='' or controller='Index') and (action='' or action='index') and status=1 ) ORDER BY sort asc  [ RunTime:0.000299s ]
SQL: SELECT `type`,`name`,`value` FROM `ocenter_config` WHERE `status` = 1  [ RunTime:0.000540s ]
SQL: SHOW COLUMNS FROM `ocenter_pushing` [ RunTime:0.001846s ]
ERR: 1146:Table 'yoyobit.ocenter_pushing' doesn't exist
 [ SQL语句 ] : SHOW COLUMNS FROM `ocenter_pushing`
SQL: SHOW COLUMNS FROM `ocenter_member` [ RunTime:0.002239s ]
SQL: SHOW COLUMNS FROM `ocenter_channel` [ RunTime:0.001916s ]
NOTIC: [8] Undefined index: _ /Applications/XAMPP/xamppfiles/htdocs/yoyo/Runtime/Cache/Forum/24ded19c358067d9efdb58e594ffbf10.php 第 150 行.
NOTIC: [8] Undefined index: _ /Applications/XAMPP/xamppfiles/htdocs/yoyo/Runtime/Cache/Forum/24ded19c358067d9efdb58e594ffbf10.php 第 150 行.
NOTIC: [8] Undefined variable: module /Applications/XAMPP/xamppfiles/htdocs/yoyo/ThinkPHP/Common/functions.php 第 1052 行.
NOTIC: [8] Undefined variable: var /Applications/XAMPP/xamppfiles/htdocs/yoyo/ThinkPHP/Common/functions.php 第 1052 行.
NOTIC: [8] Undefined variable: varController /Applications/XAMPP/xamppfiles/htdocs/yoyo/ThinkPHP/Common/functions.php 第 1052 行.
NOTIC: [8] Undefined variable: var /Applications/XAMPP/xamppfiles/htdocs/yoyo/ThinkPHP/Common/functions.php 第 1052 行.
NOTIC: [8] Undefined variable: varAction /Applications/XAMPP/xamppfiles/htdocs/yoyo/ThinkPHP/Common/functions.php 第 1052 行.
NOTIC: [8] Undefined index: _ /Applications/XAMPP/xamppfiles/htdocs/yoyo/Runtime/Cache/Forum/24ded19c358067d9efdb58e594ffbf10.php 第 150 行.
NOTIC: [8] Undefined variable: module /Applications/XAMPP/xamppfiles/htdocs/yoyo/ThinkPHP/Common/functions.php 第 1052 行.
NOTIC: [8] Undefined variable: var /Applications/XAMPP/xamppfiles/htdocs/yoyo/ThinkPHP/Common/functions.php 第 1052 行.
NOTIC: [8] Undefined variable: varController /Applications/XAMPP/xamppfiles/htdocs/yoyo/ThinkPHP/Common/functions.php 第 1052 行.
NOTIC: [8] Undefined variable: var /Applications/XAMPP/xamppfiles/htdocs/yoyo/ThinkPHP/Common/functions.php 第 1052 行.
NOTIC: [8] Undefined variable: varAction /Applications/XAMPP/xamppfiles/htdocs/yoyo/ThinkPHP/Common/functions.php 第 1052 行.
NOTIC: [8] Undefined index: _ /Applications/XAMPP/xamppfiles/htdocs/yoyo/Runtime/Cache/Forum/24ded19c358067d9efdb58e594ffbf10.php 第 150 行.
NOTIC: [8] Undefined variable: module /Applications/XAMPP/xamppfiles/htdocs/yoyo/ThinkPHP/Common/functions.php 第 1052 行.
NOTIC: [8] Undefined variable: var /Applications/XAMPP/xamppfiles/htdocs/yoyo/ThinkPHP/Common/functions.php 第 1052 行.
NOTIC: [8] Undefined variable: varController /Applications/XAMPP/xamppfiles/htdocs/yoyo/ThinkPHP/Common/functions.php 第 1052 行.
NOTIC: [8] Undefined variable: var /Applications/XAMPP/xamppfiles/htdocs/yoyo/ThinkPHP/Common/functions.php 第 1052 行.
NOTIC: [8] Undefined variable: varAction /Applications/XAMPP/xamppfiles/htdocs/yoyo/ThinkPHP/Common/functions.php 第 1052 行.
NOTIC: [8] Undefined index: _ /Applications/XAMPP/xamppfiles/htdocs/yoyo/Runtime/Cache/Forum/24ded19c358067d9efdb58e594ffbf10.php 第 150 行.
NOTIC: [8] Undefined index: _ /Applications/XAMPP/xamppfiles/htdocs/yoyo/Runtime/Cache/Forum/24ded19c358067d9efdb58e594ffbf10.php 第 150 行.
NOTIC: [8] Undefined variable: module /Applications/XAMPP/xamppfiles/htdocs/yoyo/ThinkPHP/Common/functions.php 第 1052 行.
NOTIC: [8] Undefined variable: var /Applications/XAMPP/xamppfiles/htdocs/yoyo/ThinkPHP/Common/functions.php 第 1052 行.
NOTIC: [8] Undefined variable: varController /Applications/XAMPP/xamppfiles/htdocs/yoyo/ThinkPHP/Common/functions.php 第 1052 行.
NOTIC: [8] Undefined variable: var /Applications/XAMPP/xamppfiles/htdocs/yoyo/ThinkPHP/Common/functions.php 第 1052 行.
NOTIC: [8] Undefined variable: varAction /Applications/XAMPP/xamppfiles/htdocs/yoyo/ThinkPHP/Common/functions.php 第 1052 行.
NOTIC: [8] Undefined variable: module /Applications/XAMPP/xamppfiles/htdocs/yoyo/ThinkPHP/Common/functions.php 第 1052 行.
NOTIC: [8] Undefined variable: var /Applications/XAMPP/xamppfiles/htdocs/yoyo/ThinkPHP/Common/functions.php 第 1052 行.
NOTIC: [8] Undefined variable: varController /Applications/XAMPP/xamppfiles/htdocs/yoyo/ThinkPHP/Common/functions.php 第 1052 行.
NOTIC: [8] Undefined variable: var /Applications/XAMPP/xamppfiles/htdocs/yoyo/ThinkPHP/Common/functions.php 第 1052 行.
NOTIC: [8] Undefined variable: varAction /Applications/XAMPP/xamppfiles/htdocs/yoyo/ThinkPHP/Common/functions.php 第 1052 行.
NOTIC: [8] Undefined variable: module /Applications/XAMPP/xamppfiles/htdocs/yoyo/ThinkPHP/Common/functions.php 第 1052 行.
NOTIC: [8] Undefined variable: var /Applications/XAMPP/xamppfiles/htdocs/yoyo/ThinkPHP/Common/functions.php 第 1052 行.
NOTIC: [8] Undefined variable: varController /Applications/XAMPP/xamppfiles/htdocs/yoyo/ThinkPHP/Common/functions.php 第 1052 行.
NOTIC: [8] Undefined variable: var /Applications/XAMPP/xamppfiles/htdocs/yoyo/ThinkPHP/Common/functions.php 第 1052 行.
NOTIC: [8] Undefined variable: varAction /Applications/XAMPP/xamppfiles/htdocs/yoyo/ThinkPHP/Common/functions.php 第 1052 行.
NOTIC: [8] Undefined variable: module /Applications/XAMPP/xamppfiles/htdocs/yoyo/ThinkPHP/Common/functions.php 第 1052 行.
NOTIC: [8] Undefined variable: var /Applications/XAMPP/xamppfiles/htdocs/yoyo/ThinkPHP/Common/functions.php 第 1052 行.
NOTIC: [8] Undefined variable: varController /Applications/XAMPP/xamppfiles/htdocs/yoyo/ThinkPHP/Common/functions.php 第 1052 行.
NOTIC: [8] Undefined variable: var /Applications/XAMPP/xamppfiles/htdocs/yoyo/ThinkPHP/Common/functions.php 第 1052 行.
NOTIC: [8] Undefined variable: varAction /Applications/XAMPP/xamppfiles/htdocs/yoyo/ThinkPHP/Common/functions.php 第 1052 行.
SQL: SELECT `reg_time` FROM `ocenter_member` WHERE `uid` = 1 LIMIT 1   [ RunTime:0.000351s ]
SQL: SHOW COLUMNS FROM `ocenter_user_config` [ RunTime:0.003723s ]
SQL: SELECT * FROM `ocenter_user_config` WHERE `uid` = 1 AND `name` = 'user_cover' AND `role_id` = 0 AND `model` = '' LIMIT 1   [ RunTime:0.000316s ]
SQL: SELECT * FROM `ocenter_picture` WHERE `status` = 1 AND `id` = null LIMIT 1   [ RunTime:0.000278s ]
NOTIC: [2] unlink(./Runtime/Temp/945c180f3240ad0e35d9eb8beb06401b.php): No such file or directory /Applications/XAMPP/xamppfiles/htdocs/yoyo/ThinkPHP/Library/Think/Cache/Driver/File.class.php 第 157 行.
NOTIC: [2] unlink(./Runtime/Temp/deec309cb1249b5b7776ac8c8f45123b.php): No such file or directory /Applications/XAMPP/xamppfiles/htdocs/yoyo/ThinkPHP/Library/Think/Cache/Driver/File.class.php 第 157 行.
NOTIC: [8] Undefined index: space_url /Applications/XAMPP/xamppfiles/htdocs/yoyo/Runtime/Cache/Forum/24ded19c358067d9efdb58e594ffbf10.php 第 223 行.
NOTIC: [8] Undefined index: score /Applications/XAMPP/xamppfiles/htdocs/yoyo/Runtime/Cache/Forum/24ded19c358067d9efdb58e594ffbf10.php 第 255 行.
NOTIC: [8] Undefined index: score /Applications/XAMPP/xamppfiles/htdocs/yoyo/Runtime/Cache/Forum/24ded19c358067d9efdb58e594ffbf10.php 第 267 行.
NOTIC: [8] Undefined variable: module /Applications/XAMPP/xamppfiles/htdocs/yoyo/ThinkPHP/Common/functions.php 第 1052 行.
NOTIC: [8] Undefined variable: var /Applications/XAMPP/xamppfiles/htdocs/yoyo/ThinkPHP/Common/functions.php 第 1052 行.
NOTIC: [8] Undefined variable: varController /Applications/XAMPP/xamppfiles/htdocs/yoyo/ThinkPHP/Common/functions.php 第 1052 行.
NOTIC: [8] Undefined variable: var /Applications/XAMPP/xamppfiles/htdocs/yoyo/ThinkPHP/Common/functions.php 第 1052 行.
NOTIC: [8] Undefined variable: varAction /Applications/XAMPP/xamppfiles/htdocs/yoyo/ThinkPHP/Common/functions.php 第 1052 行.
NOTIC: [8] Undefined variable: module /Applications/XAMPP/xamppfiles/htdocs/yoyo/ThinkPHP/Common/functions.php 第 1052 行.
NOTIC: [8] Undefined variable: var /Applications/XAMPP/xamppfiles/htdocs/yoyo/ThinkPHP/Common/functions.php 第 1052 行.
NOTIC: [8] Undefined variable: varController /Applications/XAMPP/xamppfiles/htdocs/yoyo/ThinkPHP/Common/functions.php 第 1052 行.
NOTIC: [8] Undefined variable: var /Applications/XAMPP/xamppfiles/htdocs/yoyo/ThinkPHP/Common/functions.php 第 1052 行.
NOTIC: [8] Undefined variable: varAction /Applications/XAMPP/xamppfiles/htdocs/yoyo/ThinkPHP/Common/functions.php 第 1052 行.
SQL: SELECT `value` FROM `ocenter_config` WHERE `name` = '_CONFIG_LOGO' LIMIT 1   [ RunTime:0.000261s ]
SQL: SELECT `type`,`name`,`value` FROM `ocenter_config` WHERE `status` = 1  [ RunTime:0.000581s ]
NOTIC: [8] Undefined variable: token /Applications/XAMPP/xamppfiles/htdocs/yoyo/Application/Common/Model/ModuleModel.class.php 第 242 行.
NOTIC: [8] Undefined variable: res /Applications/XAMPP/xamppfiles/htdocs/yoyo/Application/Common/Common/role.php 第 147 行.
INFO: [ action_begin ] --START--
INFO: Run Common\Behavior\InitModuleInfoBehavior [ RunTime:0.000006s ]
INFO: [ action_begin ] --END-- [ RunTime:-0.194085s ]
SQL: SHOW COLUMNS FROM `ocenter_adv_pos` [ RunTime:0.002150s ]
SQL: SELECT * FROM `ocenter_adv_pos` WHERE `name` = 'up_forum' AND `path` = 'Forum/Index/index' AND `status` = 1 LIMIT 1   [ RunTime:0.001457s ]
SQL: SHOW COLUMNS FROM `ocenter_adv` [ RunTime:0.002176s ]
SQL: SELECT * FROM `ocenter_adv` WHERE `pos_id` = 10000 AND `status` = 1 AND `start_time` < 1510317728 AND `end_time` > 1510317728 ORDER BY sort asc  [ RunTime:0.000257s ]
NOTIC: [2] Invalid argument supplied for foreach() /Applications/XAMPP/xamppfiles/htdocs/yoyo/Application/Common/Model/AdvModel.class.php 第 31 行.
INFO: [ view_parse ] --START--
INFO: [ template_filter ] --START--
INFO: Run Behavior\ContentReplaceBehavior [ RunTime:0.000025s ]
INFO: [ template_filter ] --END-- [ RunTime:-0.063555s ]
INFO: Run Behavior\ParseTemplateBehavior [ RunTime:0.002758s ]
INFO: [ view_parse ] --END-- [ RunTime:0.002798s ]
INFO: [ view_filter ] --START--
INFO: Run Behavior\WriteHtmlCacheBehavior [ RunTime:0.000579s ]
INFO: [ view_filter ] --END-- [ RunTime:0.000615s ]
NOTIC: [8] Undefined offset: 1 /Applications/XAMPP/xamppfiles/htdocs/yoyo/Runtime/Cache/Forum/24ded19c358067d9efdb58e594ffbf10.php 第 503 行.
NOTIC: [8] Use of undefined constant id - assumed 'id' /Applications/XAMPP/xamppfiles/htdocs/yoyo/Runtime/Cache/Forum/24ded19c358067d9efdb58e594ffbf10.php 第 504 行.
NOTIC: [8] Undefined variable: add_suffix /Applications/XAMPP/xamppfiles/htdocs/yoyo/ThinkPHP/Common/functions.php 第 1095 行.
NOTIC: [8] Undefined offset: 2 /Applications/XAMPP/xamppfiles/htdocs/yoyo/Runtime/Cache/Forum/24ded19c358067d9efdb58e594ffbf10.php 第 503 行.
NOTIC: [8] Use of undefined constant id - assumed 'id' /Applications/XAMPP/xamppfiles/htdocs/yoyo/Runtime/Cache/Forum/24ded19c358067d9efdb58e594ffbf10.php 第 504 行.
NOTIC: [8] Undefined variable: add_suffix /Applications/XAMPP/xamppfiles/htdocs/yoyo/ThinkPHP/Common/functions.php 第 1095 行.
NOTIC: [8] Undefined offset: 3 /Applications/XAMPP/xamppfiles/htdocs/yoyo/Runtime/Cache/Forum/24ded19c358067d9efdb58e594ffbf10.php 第 503 行.
NOTIC: [8] Use of undefined constant id - assumed 'id' /Applications/XAMPP/xamppfiles/htdocs/yoyo/Runtime/Cache/Forum/24ded19c358067d9efdb58e594ffbf10.php 第 504 行.
NOTIC: [8] Undefined variable: add_suffix /Applications/XAMPP/xamppfiles/htdocs/yoyo/ThinkPHP/Common/functions.php 第 1095 行.
NOTIC: [8] Undefined offset: 4 /Applications/XAMPP/xamppfiles/htdocs/yoyo/Runtime/Cache/Forum/24ded19c358067d9efdb58e594ffbf10.php 第 503 行.
NOTIC: [8] Use of undefined constant id - assumed 'id' /Applications/XAMPP/xamppfiles/htdocs/yoyo/Runtime/Cache/Forum/24ded19c358067d9efdb58e594ffbf10.php 第 504 行.
NOTIC: [8] Undefined variable: add_suffix /Applications/XAMPP/xamppfiles/htdocs/yoyo/ThinkPHP/Common/functions.php 第 1095 行.
SQL: SELECT * FROM `ocenter_adv_pos` WHERE `name` = 'right_bottom_forum' AND `path` = 'Forum/Index/index' AND `status` = 1 LIMIT 1   [ RunTime:0.000651s ]
SQL: SELECT * FROM `ocenter_adv` WHERE `pos_id` = 10001 AND `status` = 1 AND `start_time` < 1510317728 AND `end_time` > 1510317728 ORDER BY sort asc  [ RunTime:0.000290s ]
NOTIC: [2] Invalid argument supplied for foreach() /Applications/XAMPP/xamppfiles/htdocs/yoyo/Application/Common/Model/AdvModel.class.php 第 31 行.
INFO: [ view_parse ] --START--
INFO: [ template_filter ] --START--
INFO: Run Behavior\ContentReplaceBehavior [ RunTime:0.000023s ]
INFO: [ template_filter ] --END-- [ RunTime:-0.070151s ]
INFO: Run Behavior\ParseTemplateBehavior [ RunTime:0.001409s ]
INFO: [ view_parse ] --END-- [ RunTime:-0.004704s ]
INFO: [ view_filter ] --START--
INFO: Run Behavior\WriteHtmlCacheBehavior [ RunTime:0.000005s ]
INFO: [ view_filter ] --END-- [ RunTime:-0.005522s ]
NOTIC: [8] Undefined variable: site /Applications/XAMPP/xamppfiles/htdocs/yoyo/Runtime/Cache/Forum/24ded19c358067d9efdb58e594ffbf10.php 第 606 行.
INFO: [ pageFooter ] --START--
INFO: Run Addons\SuperLinks\SuperLinksAddon [ RunTime:0.000594s ]
INFO: [ pageFooter ] --END-- [ RunTime:0.000631s ]
SQL: SELECT `type`,`name`,`value` FROM `ocenter_config` WHERE `status` = 1  [ RunTime:0.000385s ]
NOTIC: [8] Undefined variable: token /Applications/XAMPP/xamppfiles/htdocs/yoyo/Application/Common/Model/ModuleModel.class.php 第 242 行.
NOTIC: [8] Undefined variable: res /Applications/XAMPP/xamppfiles/htdocs/yoyo/Application/Common/Common/role.php 第 147 行.
INFO: [ action_begin ] --START--
INFO: Run Common\Behavior\InitModuleInfoBehavior [ RunTime:0.000012s ]
INFO: [ action_begin ] --END-- [ RunTime:-0.217902s ]
SQL: SELECT `type`,`name`,`value` FROM `ocenter_config` WHERE `status` = 1  [ RunTime:0.000383s ]
NOTIC: [8] Undefined variable: token /Applications/XAMPP/xamppfiles/htdocs/yoyo/Application/Common/Model/ModuleModel.class.php 第 242 行.
NOTIC: [8] Undefined variable: res /Applications/XAMPP/xamppfiles/htdocs/yoyo/Application/Common/Common/role.php 第 147 行.
INFO: [ action_begin ] --START--
INFO: Run Common\Behavior\InitModuleInfoBehavior [ RunTime:0.000006s ]
INFO: [ action_begin ] --END-- [ RunTime:-0.220952s ]
INFO: [ view_parse ] --START--
INFO: [ template_filter ] --START--
INFO: Run Behavior\ContentReplaceBehavior [ RunTime:0.000025s ]
INFO: [ template_filter ] --END-- [ RunTime:-0.080574s ]
INFO: Run Behavior\ParseTemplateBehavior [ RunTime:0.002350s ]
INFO: [ view_parse ] --END-- [ RunTime:-0.014008s ]
INFO: [ view_filter ] --START--
INFO: Run Behavior\WriteHtmlCacheBehavior [ RunTime:0.000007s ]
INFO: [ view_filter ] --END-- [ RunTime:-0.015765s ]
INFO: Run Behavior\ParseTemplateBehavior [ RunTime:0.002534s ]
INFO: [ view_parse ] --END-- [ RunTime:-0.014008s ]
INFO: [ view_filter ] --START--
INFO: Run Behavior\WriteHtmlCacheBehavior [ RunTime:0.000004s ]
INFO: [ view_filter ] --END-- [ RunTime:-0.015941s ]
INFO: [ app_end ] --START--
INFO: Run Behavior\ShowPageTraceBehavior [ RunTime:0.000856s ]
INFO: [ app_end ] --END-- [ RunTime:0.000929s ]

