[ 2017-10-26T09:12:41+08:00 ] 127.0.0.1 /yoyo/index.php?s=/forum/index/index.html
INFO: [ app_init ] --START--
INFO: Run Behavior\BuildLiteBehavior [ RunTime:0.000000s ]
INFO: Run Common\Behavior\InitHookBehavior [ RunTime:0.004000s ]
INFO: [ app_init ] --END-- [ RunTime:0.004000s ]
NOTIC: [8] Undefined index: router F:\wamp64\www\yoyo\Application\Common\Common\function.php 第 1936 行.
NOTIC: [8] Undefined index: router F:\wamp64\www\yoyo\Application\Common\Common\function.php 第 1936 行.
NOTIC: [8] Undefined index: router F:\wamp64\www\yoyo\Application\Common\Common\function.php 第 1936 行.
NOTIC: [8] Undefined index: router F:\wamp64\www\yoyo\Application\Common\Common\function.php 第 1936 行.
NOTIC: [8] Undefined index: router F:\wamp64\www\yoyo\Application\Common\Common\function.php 第 1936 行.
NOTIC: [8] Undefined index: router F:\wamp64\www\yoyo\Application\Common\Common\function.php 第 1936 行.
SQL: SHOW COLUMNS FROM `ocenter_config` [ RunTime:0.001000s ]
SQL: SELECT `type`,`name`,`value` FROM `ocenter_config` WHERE `status` = 1  [ RunTime:0.000000s ]
INFO: [ app_begin ] --START--
INFO: Run Behavior\ReadHtmlCacheBehavior [ RunTime:0.000000s ]
INFO: Run Behavior\CheckLangBehavior [ RunTime:0.015000s ]
INFO: [ app_begin ] --END-- [ RunTime:0.016000s ]
NOTIC: [8192] mysql_connect(): The mysql extension is deprecated and will be removed in the future: use mysqli or PDO instead F:\wamp64\www\yoyo\ThinkPHP\Library\Think\Session\Driver\Db.class.php 第 95 行.
SQL: SHOW COLUMNS FROM `ocenter_module` [ RunTime:0.001000s ]
SQL: SELECT `type`,`name`,`value` FROM `ocenter_config` WHERE `status` = 1  [ RunTime:0.001000s ]
NOTIC: [8] Undefined variable: token F:\wamp64\www\yoyo\Application\Common\Model\ModuleModel.class.php 第 242 行.
NOTIC: [8] Undefined variable: res F:\wamp64\www\yoyo\Application\Common\Common\role.php 第 147 行.
INFO: [ action_begin ] --START--
INFO: Run Common\Behavior\InitModuleInfoBehavior [ RunTime:0.001000s ]
INFO: [ action_begin ] --END-- [ RunTime:0.001000s ]
SQL: SHOW COLUMNS FROM `ocenter_forum` [ RunTime:0.000000s ]
NOTIC: [8] unserialize(): Error at offset 0 of 1055 bytes F:\wamp64\www\yoyo\ThinkPHP\Library\Think\Cache\Driver\File.class.php 第 104 行.
NOTIC: [8] unserialize(): Error at offset 0 of 8 bytes F:\wamp64\www\yoyo\ThinkPHP\Library\Think\Cache\Driver\File.class.php 第 104 行.
SQL: SELECT `value` FROM `ocenter_config` WHERE `name` = '_FORUM_CACHE_TIME' LIMIT 1   [ RunTime:0.000000s ]
SQL: SHOW COLUMNS FROM `ocenter_forum` [ RunTime:0.001000s ]
SQL: SELECT * FROM `ocenter_forum` WHERE `status` = 1 ORDER BY sort asc  [ RunTime:0.000000s ]
SQL: SHOW COLUMNS FROM `ocenter_forum_post` [ RunTime:0.001000s ]
SQL: SHOW COLUMNS FROM `ocenter_forum_post_reply` [ RunTime:0.008000s ]
SQL: SHOW COLUMNS FROM `ocenter_picture` [ RunTime:0.001000s ]
SQL: SELECT * FROM `ocenter_picture` WHERE `status` = 1 AND `id` = 123 LIMIT 1   [ RunTime:0.001000s ]
NOTIC: [2] unlink(./Runtime/Temp/e6d44ae3ac191192b59ba2a10589f6e2.php): No such file or directory F:\wamp64\www\yoyo\ThinkPHP\Library\Think\Cache\Driver\File.class.php 第 157 行.
NOTIC: [2] unlink(./Runtime/Temp/25ed2f182623f0e5e1bbad5dbc82913b.php): No such file or directory F:\wamp64\www\yoyo\ThinkPHP\Library\Think\Cache\Driver\File.class.php 第 157 行.
SQL: SELECT * FROM `ocenter_picture` WHERE `status` = 1 AND `id` = 133 LIMIT 1   [ RunTime:0.001000s ]
NOTIC: [2] unlink(./Runtime/Temp/cb4110b3e2f8aa0869b3bc1025ff4524.php): No such file or directory F:\wamp64\www\yoyo\ThinkPHP\Library\Think\Cache\Driver\File.class.php 第 157 行.
NOTIC: [2] unlink(./Runtime/Temp/5e610e8e7e9fdffb5d557f701fba095c.php): No such file or directory F:\wamp64\www\yoyo\ThinkPHP\Library\Think\Cache\Driver\File.class.php 第 157 行.
SQL: SELECT COUNT(*) AS tp_count FROM `ocenter_forum_post` WHERE `status` = 1 AND `forum_id` = 1 LIMIT 1   [ RunTime:0.000000s ]
SQL: SELECT `id` FROM `ocenter_forum_post` WHERE `forum_id` = 1  [ RunTime:0.000000s ]
NOTIC: [2] implode(): Invalid arguments passed F:\wamp64\www\yoyo\Application\Forum\Model\ForumModel.class.php 第 71 行.
NOTIC: [2] implode(): Invalid arguments passed F:\wamp64\www\yoyo\ThinkPHP\Library\Think\Db.class.php 第 497 行.
SQL: SELECT COUNT(*) AS tp_count FROM `ocenter_forum_post_reply` WHERE `status` = 1 AND `post_id` IN () LIMIT 1   [ RunTime:0.003000s ]
ERR: 1064:You have an error in your SQL syntax; check the manual that corresponds to your MySQL server version for the right syntax to use near ') LIMIT 1' at line 1
 [ SQL语句 ] : SELECT COUNT(*) AS tp_count FROM `ocenter_forum_post_reply` WHERE `status` = 1 AND `post_id` IN () LIMIT 1  
SQL: SELECT * FROM `ocenter_picture` WHERE `status` = 1 AND `id` = 117 LIMIT 1   [ RunTime:0.001000s ]
NOTIC: [2] unlink(./Runtime/Temp/3f089998cb439b7fd2ba6899d3c1f05b.php): No such file or directory F:\wamp64\www\yoyo\ThinkPHP\Library\Think\Cache\Driver\File.class.php 第 157 行.
NOTIC: [2] unlink(./Runtime/Temp/4fba539807615febee4a99a5d104301e.php): No such file or directory F:\wamp64\www\yoyo\ThinkPHP\Library\Think\Cache\Driver\File.class.php 第 157 行.
SQL: SELECT * FROM `ocenter_picture` WHERE `status` = 1 AND `id` = 134 LIMIT 1   [ RunTime:0.001000s ]
NOTIC: [2] unlink(./Runtime/Temp/0e938c9c3a6a05031beadfc4543e6def.php): No such file or directory F:\wamp64\www\yoyo\ThinkPHP\Library\Think\Cache\Driver\File.class.php 第 157 行.
NOTIC: [2] unlink(./Runtime/Temp/755d2d45c2411fe4fc803ca904647dac.php): No such file or directory F:\wamp64\www\yoyo\ThinkPHP\Library\Think\Cache\Driver\File.class.php 第 157 行.
SQL: SELECT COUNT(*) AS tp_count FROM `ocenter_forum_post` WHERE `status` = 1 AND `forum_id` = 2 LIMIT 1   [ RunTime:0.000000s ]
SQL: SELECT `id` FROM `ocenter_forum_post` WHERE `forum_id` = 2  [ RunTime:0.000000s ]
NOTIC: [2] implode(): Invalid arguments passed F:\wamp64\www\yoyo\Application\Forum\Model\ForumModel.class.php 第 71 行.
NOTIC: [2] implode(): Invalid arguments passed F:\wamp64\www\yoyo\ThinkPHP\Library\Think\Db.class.php 第 497 行.
SQL: SELECT COUNT(*) AS tp_count FROM `ocenter_forum_post_reply` WHERE `status` = 1 AND `post_id` IN () LIMIT 1   [ RunTime:0.000000s ]
ERR: 1064:You have an error in your SQL syntax; check the manual that corresponds to your MySQL server version for the right syntax to use near ') LIMIT 1' at line 1
 [ SQL语句 ] : SELECT COUNT(*) AS tp_count FROM `ocenter_forum_post_reply` WHERE `status` = 1 AND `post_id` IN () LIMIT 1  
NOTIC: [8] unserialize(): Error at offset 0 of 270 bytes F:\wamp64\www\yoyo\ThinkPHP\Library\Think\Cache\Driver\File.class.php 第 104 行.
SQL: select nickname from `ocenter_member`,`ocenter_ucenter_member` where uid=id and uid=2 limit 1 [ RunTime:0.001000s ]
NOTIC: [8] Undefined offset: 0 F:\wamp64\www\yoyo\Application\Common\Model\UserModel.class.php 第 72 行.
NOTIC: [2] Invalid argument supplied for foreach() F:\wamp64\www\yoyo\Application\Common\Model\UserModel.class.php 第 567 行.
NOTIC: [8] Undefined index: nickname F:\wamp64\www\yoyo\Application\Common\Model\UserModel.class.php 第 82 行.
SQL: SHOW COLUMNS FROM `ocenter_ucenter_short` [ RunTime:0.001000s ]
SQL: SELECT * FROM `ocenter_ucenter_short` WHERE `uid` = 2 AND `status` = 1 LIMIT 1   [ RunTime:0.000000s ]
NOTIC: [8] Undefined index: nickname F:\wamp64\www\yoyo\Application\Common\Model\UserModel.class.php 第 449 行.
SQL: select uid,nickname from `ocenter_member`,`ocenter_ucenter_member` where uid=id and uid=0 limit 1 [ RunTime:0.000000s ]
NOTIC: [8] Undefined offset: 0 F:\wamp64\www\yoyo\Application\Common\Model\UserModel.class.php 第 72 行.
NOTIC: [2] Invalid argument supplied for foreach() F:\wamp64\www\yoyo\Application\Common\Model\UserModel.class.php 第 567 行.
NOTIC: [8] Undefined index: nickname F:\wamp64\www\yoyo\Application\Common\Model\UserModel.class.php 第 82 行.
SQL: SELECT `type`,`name`,`value` FROM `ocenter_config` WHERE `status` = 1  [ RunTime:0.001000s ]
NOTIC: [8] Undefined variable: token F:\wamp64\www\yoyo\Application\Common\Model\ModuleModel.class.php 第 242 行.
NOTIC: [8] Undefined variable: res F:\wamp64\www\yoyo\Application\Common\Common\role.php 第 147 行.
INFO: [ action_begin ] --START--
INFO: Run Common\Behavior\InitModuleInfoBehavior [ RunTime:0.000000s ]
INFO: [ action_begin ] --END-- [ RunTime:-0.070000s ]
SQL: SHOW COLUMNS FROM `ocenter_avatar` [ RunTime:0.000000s ]
SQL: SELECT * FROM `ocenter_avatar` WHERE `uid` = 0 AND `status` = 1 AND `is_temp` = 0 LIMIT 1   [ RunTime:0.000000s ]
SQL: SHOW COLUMNS FROM `ocenter_member` [ RunTime:0.000000s ]
SQL: SELECT `show_role` FROM `ocenter_member` WHERE ( uid=0 )  [ RunTime:0.001000s ]
SQL: SHOW COLUMNS FROM `ocenter_role_config` [ RunTime:0.002000s ]
SQL: SELECT `value` FROM `ocenter_role_config` WHERE `role_id` = null AND `category` = '' AND `name` = 'avatar' LIMIT 1   [ RunTime:0.000000s ]
NOTIC: [2] unlink(./Runtime/Temp/4c976605de8f9f3c994314ba71cd9f1a.php): No such file or directory F:\wamp64\www\yoyo\ThinkPHP\Library\Think\Cache\Driver\File.class.php 第 157 行.
NOTIC: [2] unlink(./Runtime/Temp/aa865da09c645adc3b0196a274c83d04.php): No such file or directory F:\wamp64\www\yoyo\ThinkPHP\Library\Think\Cache\Driver\File.class.php 第 157 行.
SQL: SELECT * FROM `ocenter_avatar` WHERE `uid` = 0 AND `status` = 1 AND `is_temp` = 0 LIMIT 1   [ RunTime:0.001000s ]
SQL: SELECT `show_role` FROM `ocenter_member` WHERE ( uid=0 )  [ RunTime:0.000000s ]
SQL: SELECT `value` FROM `ocenter_role_config` WHERE `role_id` = null AND `category` = '' AND `name` = 'avatar' LIMIT 1   [ RunTime:0.001000s ]
NOTIC: [2] unlink(./Runtime/Temp/4c976605de8f9f3c994314ba71cd9f1a.php): No such file or directory F:\wamp64\www\yoyo\ThinkPHP\Library\Think\Cache\Driver\File.class.php 第 157 行.
NOTIC: [2] unlink(./Runtime/Temp/aa865da09c645adc3b0196a274c83d04.php): No such file or directory F:\wamp64\www\yoyo\ThinkPHP\Library\Think\Cache\Driver\File.class.php 第 157 行.
SQL: SELECT * FROM `ocenter_avatar` WHERE `uid` = 0 AND `status` = 1 AND `is_temp` = 0 LIMIT 1   [ RunTime:0.001000s ]
SQL: SELECT `show_role` FROM `ocenter_member` WHERE ( uid=0 )  [ RunTime:0.001000s ]
SQL: SELECT `value` FROM `ocenter_role_config` WHERE `role_id` = null AND `category` = '' AND `name` = 'avatar' LIMIT 1   [ RunTime:0.000000s ]
NOTIC: [2] unlink(./Runtime/Temp/4c976605de8f9f3c994314ba71cd9f1a.php): No such file or directory F:\wamp64\www\yoyo\ThinkPHP\Library\Think\Cache\Driver\File.class.php 第 157 行.
NOTIC: [2] unlink(./Runtime/Temp/aa865da09c645adc3b0196a274c83d04.php): No such file or directory F:\wamp64\www\yoyo\ThinkPHP\Library\Think\Cache\Driver\File.class.php 第 157 行.
SQL: SELECT * FROM `ocenter_avatar` WHERE `uid` = 0 AND `status` = 1 AND `is_temp` = 0 LIMIT 1   [ RunTime:0.000000s ]
SQL: SELECT `show_role` FROM `ocenter_member` WHERE ( uid=0 )  [ RunTime:0.000000s ]
SQL: SELECT `value` FROM `ocenter_role_config` WHERE `role_id` = null AND `category` = '' AND `name` = 'avatar' LIMIT 1   [ RunTime:0.001000s ]
NOTIC: [2] unlink(./Runtime/Temp/4c976605de8f9f3c994314ba71cd9f1a.php): No such file or directory F:\wamp64\www\yoyo\ThinkPHP\Library\Think\Cache\Driver\File.class.php 第 157 行.
NOTIC: [2] unlink(./Runtime/Temp/aa865da09c645adc3b0196a274c83d04.php): No such file or directory F:\wamp64\www\yoyo\ThinkPHP\Library\Think\Cache\Driver\File.class.php 第 157 行.
SQL: SELECT * FROM `ocenter_avatar` WHERE `uid` = 0 AND `status` = 1 AND `is_temp` = 0 LIMIT 1   [ RunTime:0.001000s ]
SQL: SELECT `show_role` FROM `ocenter_member` WHERE ( uid=0 )  [ RunTime:0.000000s ]
SQL: SELECT `value` FROM `ocenter_role_config` WHERE `role_id` = null AND `category` = '' AND `name` = 'avatar' LIMIT 1   [ RunTime:0.001000s ]
NOTIC: [2] unlink(./Runtime/Temp/4c976605de8f9f3c994314ba71cd9f1a.php): No such file or directory F:\wamp64\www\yoyo\ThinkPHP\Library\Think\Cache\Driver\File.class.php 第 157 行.
NOTIC: [2] unlink(./Runtime/Temp/aa865da09c645adc3b0196a274c83d04.php): No such file or directory F:\wamp64\www\yoyo\ThinkPHP\Library\Think\Cache\Driver\File.class.php 第 157 行.
SQL: SELECT * FROM `ocenter_ucenter_short` WHERE `uid` = 0 AND `status` = 1 LIMIT 1   [ RunTime:0.000000s ]
NOTIC: [8] Undefined index: nickname F:\wamp64\www\yoyo\Application\Common\Model\UserModel.class.php 第 449 行.
SQL: SHOW COLUMNS FROM `ocenter_forum_type` [ RunTime:0.001000s ]
SQL: SELECT * FROM `ocenter_forum_type` WHERE `status` = 1 ORDER BY sort asc  [ RunTime:0.001000s ]
NOTIC: [8] unserialize(): Error at offset 0 of 567 bytes F:\wamp64\www\yoyo\ThinkPHP\Library\Think\Cache\Driver\File.class.php 第 104 行.
SQL: SELECT * FROM `ocenter_forum` WHERE `status` = 1 AND `type_id` = 1 ORDER BY sort asc  [ RunTime:0.001000s ]
SQL: SELECT * FROM `ocenter_picture` WHERE `status` = 1 AND `id` = 123 LIMIT 1   [ RunTime:0.000000s ]
NOTIC: [2] unlink(./Runtime/Temp/e6d44ae3ac191192b59ba2a10589f6e2.php): No such file or directory F:\wamp64\www\yoyo\ThinkPHP\Library\Think\Cache\Driver\File.class.php 第 157 行.
NOTIC: [2] unlink(./Runtime/Temp/25ed2f182623f0e5e1bbad5dbc82913b.php): No such file or directory F:\wamp64\www\yoyo\ThinkPHP\Library\Think\Cache\Driver\File.class.php 第 157 行.
SQL: SELECT * FROM `ocenter_picture` WHERE `status` = 1 AND `id` = 133 LIMIT 1   [ RunTime:0.000000s ]
NOTIC: [2] unlink(./Runtime/Temp/cb4110b3e2f8aa0869b3bc1025ff4524.php): No such file or directory F:\wamp64\www\yoyo\ThinkPHP\Library\Think\Cache\Driver\File.class.php 第 157 行.
NOTIC: [2] unlink(./Runtime/Temp/5e610e8e7e9fdffb5d557f701fba095c.php): No such file or directory F:\wamp64\www\yoyo\ThinkPHP\Library\Think\Cache\Driver\File.class.php 第 157 行.
SQL: SELECT COUNT(*) AS tp_count FROM `ocenter_forum_post` WHERE `status` = 1 AND `forum_id` = 1 LIMIT 1   [ RunTime:0.000000s ]
SQL: SELECT `id` FROM `ocenter_forum_post` WHERE `forum_id` = 1  [ RunTime:0.000000s ]
NOTIC: [2] implode(): Invalid arguments passed F:\wamp64\www\yoyo\Application\Forum\Model\ForumModel.class.php 第 71 行.
NOTIC: [2] implode(): Invalid arguments passed F:\wamp64\www\yoyo\ThinkPHP\Library\Think\Db.class.php 第 497 行.
SQL: SELECT COUNT(*) AS tp_count FROM `ocenter_forum_post_reply` WHERE `status` = 1 AND `post_id` IN () LIMIT 1   [ RunTime:0.001000s ]
ERR: 1064:You have an error in your SQL syntax; check the manual that corresponds to your MySQL server version for the right syntax to use near ') LIMIT 1' at line 1
 [ SQL语句 ] : SELECT COUNT(*) AS tp_count FROM `ocenter_forum_post_reply` WHERE `status` = 1 AND `post_id` IN () LIMIT 1  
SQL: select nickname from `ocenter_member`,`ocenter_ucenter_member` where uid=id and uid=2 limit 1 [ RunTime:0.000000s ]
NOTIC: [8] Undefined offset: 0 F:\wamp64\www\yoyo\Application\Common\Model\UserModel.class.php 第 72 行.
NOTIC: [2] Invalid argument supplied for foreach() F:\wamp64\www\yoyo\Application\Common\Model\UserModel.class.php 第 567 行.
NOTIC: [8] Undefined index: nickname F:\wamp64\www\yoyo\Application\Common\Model\UserModel.class.php 第 82 行.
NOTIC: [8] unserialize(): Error at offset 0 of 496 bytes F:\wamp64\www\yoyo\ThinkPHP\Library\Think\Cache\Driver\File.class.php 第 104 行.
SQL: SELECT * FROM `ocenter_forum` WHERE `status` = 1 AND `type_id` = 2 ORDER BY sort asc  [ RunTime:0.000000s ]
SQL: SELECT * FROM `ocenter_picture` WHERE `status` = 1 AND `id` = 117 LIMIT 1   [ RunTime:0.000000s ]
NOTIC: [2] unlink(./Runtime/Temp/3f089998cb439b7fd2ba6899d3c1f05b.php): No such file or directory F:\wamp64\www\yoyo\ThinkPHP\Library\Think\Cache\Driver\File.class.php 第 157 行.
NOTIC: [2] unlink(./Runtime/Temp/4fba539807615febee4a99a5d104301e.php): No such file or directory F:\wamp64\www\yoyo\ThinkPHP\Library\Think\Cache\Driver\File.class.php 第 157 行.
SQL: SELECT * FROM `ocenter_picture` WHERE `status` = 1 AND `id` = 134 LIMIT 1   [ RunTime:0.000000s ]
NOTIC: [2] unlink(./Runtime/Temp/0e938c9c3a6a05031beadfc4543e6def.php): No such file or directory F:\wamp64\www\yoyo\ThinkPHP\Library\Think\Cache\Driver\File.class.php 第 157 行.
NOTIC: [2] unlink(./Runtime/Temp/755d2d45c2411fe4fc803ca904647dac.php): No such file or directory F:\wamp64\www\yoyo\ThinkPHP\Library\Think\Cache\Driver\File.class.php 第 157 行.
SQL: SELECT COUNT(*) AS tp_count FROM `ocenter_forum_post` WHERE `status` = 1 AND `forum_id` = 2 LIMIT 1   [ RunTime:0.000000s ]
SQL: SELECT `id` FROM `ocenter_forum_post` WHERE `forum_id` = 2  [ RunTime:0.001000s ]
NOTIC: [2] implode(): Invalid arguments passed F:\wamp64\www\yoyo\Application\Forum\Model\ForumModel.class.php 第 71 行.
NOTIC: [2] implode(): Invalid arguments passed F:\wamp64\www\yoyo\ThinkPHP\Library\Think\Db.class.php 第 497 行.
SQL: SELECT COUNT(*) AS tp_count FROM `ocenter_forum_post_reply` WHERE `status` = 1 AND `post_id` IN () LIMIT 1   [ RunTime:0.000000s ]
ERR: 1064:You have an error in your SQL syntax; check the manual that corresponds to your MySQL server version for the right syntax to use near ') LIMIT 1' at line 1
 [ SQL语句 ] : SELECT COUNT(*) AS tp_count FROM `ocenter_forum_post_reply` WHERE `status` = 1 AND `post_id` IN () LIMIT 1  
SQL: select uid,nickname from `ocenter_member`,`ocenter_ucenter_member` where uid=id and uid=0 limit 1 [ RunTime:0.000000s ]
NOTIC: [8] Undefined offset: 0 F:\wamp64\www\yoyo\Application\Common\Model\UserModel.class.php 第 72 行.
NOTIC: [2] Invalid argument supplied for foreach() F:\wamp64\www\yoyo\Application\Common\Model\UserModel.class.php 第 567 行.
NOTIC: [8] Undefined index: nickname F:\wamp64\www\yoyo\Application\Common\Model\UserModel.class.php 第 82 行.
SQL: SHOW COLUMNS FROM `ocenter_forum_post` [ RunTime:0.001000s ]
SQL: SELECT COUNT(*) AS tp_count FROM `ocenter_forum_post` WHERE `uid` = 0 LIMIT 1   [ RunTime:0.000000s ]
SQL: SHOW COLUMNS FROM `ocenter_forum_post_reply` [ RunTime:0.001000s ]
SQL: SELECT COUNT(*) AS tp_count FROM `ocenter_forum_post_reply` WHERE `uid` = 0 LIMIT 1   [ RunTime:0.001000s ]
SQL: SHOW COLUMNS FROM `ocenter_member` [ RunTime:0.000000s ]
SQL: SELECT COUNT(*) AS tp_count FROM `ocenter_member` WHERE `status` = 1 LIMIT 1   [ RunTime:0.000000s ]
SQL: SELECT `uid` FROM `ocenter_member` WHERE `status` = 1 ORDER BY reg_time desc LIMIT 1   [ RunTime:0.000000s ]
SQL: SELECT COUNT(*) AS tp_count FROM `ocenter_forum_post` WHERE `create_time` BETWEEN 1508947200 AND 1509033600 LIMIT 1   [ RunTime:0.000000s ]
SQL: SELECT COUNT(*) AS tp_count FROM `ocenter_forum_post` WHERE `create_time` BETWEEN 1508860800 AND 1508947200 LIMIT 1   [ RunTime:0.000000s ]
SQL: SELECT COUNT(*) AS tp_count FROM `ocenter_forum` WHERE `status` = 1 LIMIT 1   [ RunTime:0.000000s ]
SQL: SELECT COUNT(*) AS tp_count FROM `ocenter_forum_post` WHERE `status` = 1 LIMIT 1   [ RunTime:0.001000s ]
SQL: SELECT COUNT(*) AS tp_count FROM `ocenter_forum_post_reply` WHERE `status` = 1 LIMIT 1   [ RunTime:0.000000s ]
SQL: SHOW COLUMNS FROM `ocenter_forum_lzl_reply` [ RunTime:0.001000s ]
SQL: SELECT COUNT(*) AS tp_count FROM `ocenter_forum_lzl_reply` LIMIT 1   [ RunTime:0.000000s ]
SQL: SELECT * FROM `ocenter_forum_post` WHERE (  status=1 AND is_top=2 ) ORDER BY last_reply_time desc  [ RunTime:0.000000s ]
SQL: select nickname from `ocenter_member`,`ocenter_ucenter_member` where uid=id and uid=2 limit 1 [ RunTime:0.000000s ]
NOTIC: [8] Undefined offset: 0 F:\wamp64\www\yoyo\Application\Common\Model\UserModel.class.php 第 72 行.
NOTIC: [2] Invalid argument supplied for foreach() F:\wamp64\www\yoyo\Application\Common\Model\UserModel.class.php 第 567 行.
NOTIC: [8] Undefined index: nickname F:\wamp64\www\yoyo\Application\Common\Model\UserModel.class.php 第 82 行.
NOTIC: [2] Invalid argument supplied for foreach() F:\wamp64\www\yoyo\Application\Forum\Model\ForumPostModel.class.php 第 124 行.
NOTIC: [8] unserialize(): Error at offset 0 of 6 bytes F:\wamp64\www\yoyo\ThinkPHP\Library\Think\Cache\Driver\File.class.php 第 104 行.
SQL: SELECT `value` FROM `ocenter_config` WHERE `name` = '_FORUM_FORM_POST_SHOW_NUM_INDEX' LIMIT 1   [ RunTime:0.001000s ]
SQL: SELECT * FROM `ocenter_forum_post` WHERE `status` = 1 ORDER BY last_reply_time desc LIMIT 0,5   [ RunTime:0.000000s ]
SQL: SELECT COUNT(*) AS tp_count FROM `ocenter_forum_post` WHERE `status` = 1 LIMIT 1   [ RunTime:0.000000s ]
SQL: select nickname from `ocenter_member`,`ocenter_ucenter_member` where uid=id and uid=2 limit 1 [ RunTime:0.000000s ]
NOTIC: [8] Undefined offset: 0 F:\wamp64\www\yoyo\Application\Common\Model\UserModel.class.php 第 72 行.
NOTIC: [2] Invalid argument supplied for foreach() F:\wamp64\www\yoyo\Application\Common\Model\UserModel.class.php 第 567 行.
NOTIC: [8] Undefined index: nickname F:\wamp64\www\yoyo\Application\Common\Model\UserModel.class.php 第 82 行.
NOTIC: [2] Invalid argument supplied for foreach() F:\wamp64\www\yoyo\Application\Forum\Model\ForumPostModel.class.php 第 124 行.
NOTIC: [8] unserialize(): Error at offset 0 of 56 bytes F:\wamp64\www\yoyo\ThinkPHP\Library\Think\Cache\Driver\File.class.php 第 104 行.
NOTIC: [8] unserialize(): Error at offset 0 of 24 bytes F:\wamp64\www\yoyo\ThinkPHP\Library\Think\Cache\Driver\File.class.php 第 104 行.
SQL: SELECT `value` FROM `ocenter_config` WHERE `name` = '_FORUM_SUGGESTION_POSTS' LIMIT 1   [ RunTime:0.001000s ]
SQL: SHOW COLUMNS FROM `ocenter_forum_post` [ RunTime:0.000000s ]
SQL: SELECT * FROM `ocenter_forum_post` WHERE `id` = 23 LIMIT 1   [ RunTime:0.001000s ]
NOTIC: [8] Undefined offset: 0 F:\wamp64\www\yoyo\Application\Forum\Controller\IndexController.class.php 第 193 行.
NOTIC: [8] Undefined offset: 0 F:\wamp64\www\yoyo\Application\Forum\Controller\IndexController.class.php 第 196 行.
NOTIC: [8] Undefined index: content F:\wamp64\www\yoyo\Application\Forum\Controller\IndexController.class.php 第 176 行.
SQL: select nickname from `ocenter_member`,`ocenter_ucenter_member` where uid=id and uid=2 limit 1 [ RunTime:0.000000s ]
NOTIC: [8] Undefined offset: 0 F:\wamp64\www\yoyo\Application\Common\Model\UserModel.class.php 第 72 行.
NOTIC: [2] Invalid argument supplied for foreach() F:\wamp64\www\yoyo\Application\Common\Model\UserModel.class.php 第 567 行.
NOTIC: [8] Undefined index: nickname F:\wamp64\www\yoyo\Application\Common\Model\UserModel.class.php 第 82 行.
NOTIC: [8] unserialize(): Error at offset 0 of 821 bytes F:\wamp64\www\yoyo\ThinkPHP\Library\Think\Cache\Driver\File.class.php 第 104 行.
SQL: SHOW COLUMNS FROM `ocenter_forum` [ RunTime:0.001000s ]
NOTIC: [8] unserialize(): Error at offset 0 of 14 bytes F:\wamp64\www\yoyo\ThinkPHP\Library\Think\Cache\Driver\File.class.php 第 104 行.
SQL: SELECT `value` FROM `ocenter_config` WHERE `name` = '_FORUM_HOT_FORUM' LIMIT 1   [ RunTime:0.001000s ]
SQL: SELECT * FROM `ocenter_forum` WHERE `id` IN ('1','2','3') AND `status` = 1 ORDER BY post_count desc  [ RunTime:0.000000s ]
SQL: SHOW COLUMNS FROM `ocenter_forum_follow` [ RunTime:0.001000s ]
SQL: SELECT COUNT(*) AS tp_count FROM `ocenter_forum_follow` WHERE `forum_id` = 2 AND `uid` = 0 LIMIT 1   [ RunTime:0.000000s ]
SQL: SELECT COUNT(*) AS tp_count FROM `ocenter_forum_follow` WHERE `forum_id` = 1 AND `uid` = 0 LIMIT 1   [ RunTime:0.001000s ]
NOTIC: [8] unserialize(): Error at offset 0 of 821 bytes F:\wamp64\www\yoyo\ThinkPHP\Library\Think\Cache\Driver\File.class.php 第 104 行.
NOTIC: [8] unserialize(): Error at offset 0 of 14 bytes F:\wamp64\www\yoyo\ThinkPHP\Library\Think\Cache\Driver\File.class.php 第 104 行.
SQL: SELECT `value` FROM `ocenter_config` WHERE `name` = '_FORUM_RECOMMAND_FORUM' LIMIT 1   [ RunTime:0.000000s ]
SQL: SELECT * FROM `ocenter_forum` WHERE `id` IN ('1','2','3') AND `status` = 1 ORDER BY post_count desc  [ RunTime:0.000000s ]
SQL: SELECT COUNT(*) AS tp_count FROM `ocenter_forum_follow` WHERE `forum_id` = 2 AND `uid` = 0 LIMIT 1   [ RunTime:0.000000s ]
SQL: SELECT COUNT(*) AS tp_count FROM `ocenter_forum_follow` WHERE `forum_id` = 1 AND `uid` = 0 LIMIT 1   [ RunTime:0.000000s ]
SQL: SELECT `uid`,count(id) as post_count FROM `ocenter_forum_post` GROUP BY uid ORDER BY post_count desc LIMIT 9   [ RunTime:0.000000s ]
NOTIC: [2] Invalid argument supplied for foreach() F:\wamp64\www\yoyo\Application\Forum\Controller\IndexController.class.php 第 149 行.
NOTIC: [2] unlink(./Runtime/Temp/368847d097f3ba8fc0b32086c3d05e7a.php): No such file or directory F:\wamp64\www\yoyo\ThinkPHP\Library\Think\Cache\Driver\File.class.php 第 157 行.
NOTIC: [2] unlink(./Runtime/Temp/5bfc07822515668d72181260089d2731.php): No such file or directory F:\wamp64\www\yoyo\ThinkPHP\Library\Think\Cache\Driver\File.class.php 第 157 行.
INFO: [ view_parse ] --START--
INFO: [ template_filter ] --START--
INFO: Run Behavior\ContentReplaceBehavior [ RunTime:0.000000s ]
INFO: [ template_filter ] --END-- [ RunTime:0.001000s ]
INFO: [ syncMeta ] --START--
INFO: Run Addons\SyncLogin\SyncLoginAddon [ RunTime:0.002000s ]
INFO: [ syncMeta ] --END-- [ RunTime:0.002000s ]
NOTIC: [8] Undefined variable: seo F:\wamp64\www\yoyo\Runtime\Cache\Forum\24ded19c358067d9efdb58e594ffbf10.php 第 9 行.
SQL: SHOW COLUMNS FROM `ocenter_seo_rule` [ RunTime:0.001000s ]
NOTIC: [8] unserialize(): Error at offset 0 of 75 bytes F:\wamp64\www\yoyo\ThinkPHP\Library\Think\Cache\Driver\File.class.php 第 104 行.
NOTIC: [8192] mysql_escape_string(): This function is deprecated; use mysql_real_escape_string() instead. F:\wamp64\www\yoyo\Application\Common\Model\SeoRuleModel.class.php 第 78 行.
NOTIC: [8192] mysql_escape_string(): This function is deprecated; use mysql_real_escape_string() instead. F:\wamp64\www\yoyo\Application\Common\Model\SeoRuleModel.class.php 第 79 行.
NOTIC: [8192] mysql_escape_string(): This function is deprecated; use mysql_real_escape_string() instead. F:\wamp64\www\yoyo\Application\Common\Model\SeoRuleModel.class.php 第 80 行.
SQL: SELECT * FROM `ocenter_seo_rule` WHERE ( (app='' or app='Forum') and (controller='' or controller='Index') and (action='' or action='index') and status=1 ) ORDER BY sort asc  [ RunTime:0.001000s ]
SQL: SELECT `type`,`name`,`value` FROM `ocenter_config` WHERE `status` = 1  [ RunTime:0.000000s ]
SQL: SHOW COLUMNS FROM `ocenter_pushing` [ RunTime:0.001000s ]
ERR: 1146:Table 'yoyobit.ocenter_pushing' doesn't exist
 [ SQL语句 ] : SHOW COLUMNS FROM `ocenter_pushing`
SQL: SHOW COLUMNS FROM `ocenter_member` [ RunTime:0.000000s ]
NOTIC: [8] Undefined offset: 1 F:\wamp64\www\yoyo\Application\Common\Model\MemberModel.class.php 第 267 行.
SQL: SHOW COLUMNS FROM `ocenter_user_token` [ RunTime:0.000000s ]
SQL: SELECT * FROM `ocenter_user_token` WHERE `uid` = null LIMIT 1   [ RunTime:0.000000s ]
SQL: SHOW COLUMNS FROM `ocenter_channel` [ RunTime:0.000000s ]
NOTIC: [8] Undefined index: _ F:\wamp64\www\yoyo\Runtime\Cache\Forum\24ded19c358067d9efdb58e594ffbf10.php 第 149 行.
NOTIC: [8] Undefined index: _ F:\wamp64\www\yoyo\Runtime\Cache\Forum\24ded19c358067d9efdb58e594ffbf10.php 第 149 行.
NOTIC: [8] Undefined index: _ F:\wamp64\www\yoyo\Runtime\Cache\Forum\24ded19c358067d9efdb58e594ffbf10.php 第 149 行.
NOTIC: [8] Undefined index: _ F:\wamp64\www\yoyo\Runtime\Cache\Forum\24ded19c358067d9efdb58e594ffbf10.php 第 149 行.
NOTIC: [8] Undefined index: _ F:\wamp64\www\yoyo\Runtime\Cache\Forum\24ded19c358067d9efdb58e594ffbf10.php 第 149 行.
SQL: SHOW COLUMNS FROM `ocenter_auth_rule` [ RunTime:0.000000s ]
SQL: SELECT * FROM `ocenter_auth_rule` WHERE `name` = 'Core/Admin/View' AND `status` = 1 LIMIT 1   [ RunTime:0.000000s ]
SQL: SELECT `value` FROM `ocenter_config` WHERE `name` = '_CONFIG_LOGO' LIMIT 1   [ RunTime:0.000000s ]
SQL: SELECT `type`,`name`,`value` FROM `ocenter_config` WHERE `status` = 1  [ RunTime:0.000000s ]
NOTIC: [8] Undefined variable: token F:\wamp64\www\yoyo\Application\Common\Model\ModuleModel.class.php 第 242 行.
NOTIC: [8] Undefined variable: res F:\wamp64\www\yoyo\Application\Common\Common\role.php 第 147 行.
INFO: [ action_begin ] --START--
INFO: Run Common\Behavior\InitModuleInfoBehavior [ RunTime:0.000000s ]
INFO: [ action_begin ] --END-- [ RunTime:-0.345000s ]
SQL: SHOW COLUMNS FROM `ocenter_adv_pos` [ RunTime:0.001000s ]
NOTIC: [8] unserialize(): Error at offset 0 of 296 bytes F:\wamp64\www\yoyo\ThinkPHP\Library\Think\Cache\Driver\File.class.php 第 104 行.
SQL: SELECT * FROM `ocenter_adv_pos` WHERE `name` = 'up_forum' AND `path` = 'Forum/Index/index' AND `status` = 1 LIMIT 1   [ RunTime:0.000000s ]
SQL: SHOW COLUMNS FROM `ocenter_adv` [ RunTime:0.001000s ]
NOTIC: [8] unserialize(): Error at offset 0 of 6 bytes F:\wamp64\www\yoyo\ThinkPHP\Library\Think\Cache\Driver\File.class.php 第 104 行.
SQL: SELECT * FROM `ocenter_adv` WHERE `pos_id` = 10000 AND `status` = 1 AND `start_time` < 1508980361 AND `end_time` > 1508980361 ORDER BY sort asc  [ RunTime:0.001000s ]
NOTIC: [2] Invalid argument supplied for foreach() F:\wamp64\www\yoyo\Application\Common\Model\AdvModel.class.php 第 31 行.
INFO: [ view_parse ] --START--
INFO: [ template_filter ] --START--
INFO: Run Behavior\ContentReplaceBehavior [ RunTime:0.000000s ]
INFO: [ template_filter ] --END-- [ RunTime:-0.065000s ]
SQL: SELECT * FROM `ocenter_auth_rule` WHERE `name` = 'Admin/Adv/adv' AND `status` = 1 LIMIT 1   [ RunTime:0.000000s ]
INFO: Run Behavior\ParseTemplateBehavior [ RunTime:0.005000s ]
INFO: [ view_parse ] --END-- [ RunTime:0.007000s ]
INFO: [ view_filter ] --START--
INFO: Run Behavior\WriteHtmlCacheBehavior [ RunTime:0.000000s ]
INFO: [ view_filter ] --END-- [ RunTime:0.000000s ]
NOTIC: [8] Undefined index: uid F:\wamp64\www\yoyo\Runtime\Cache\Forum\24ded19c358067d9efdb58e594ffbf10.php 第 473 行.
NOTIC: [8] Undefined index: nickname F:\wamp64\www\yoyo\Runtime\Cache\Forum\24ded19c358067d9efdb58e594ffbf10.php 第 473 行.
NOTIC: [8] Undefined index: uid F:\wamp64\www\yoyo\Runtime\Cache\Forum\24ded19c358067d9efdb58e594ffbf10.php 第 476 行.
NOTIC: [8] Undefined index: uid F:\wamp64\www\yoyo\Runtime\Cache\Forum\24ded19c358067d9efdb58e594ffbf10.php 第 480 行.
NOTIC: [8] Undefined offset: 1 F:\wamp64\www\yoyo\Runtime\Cache\Forum\24ded19c358067d9efdb58e594ffbf10.php 第 502 行.
NOTIC: [8] Use of undefined constant id - assumed 'id' F:\wamp64\www\yoyo\Runtime\Cache\Forum\24ded19c358067d9efdb58e594ffbf10.php 第 503 行.
NOTIC: [8] Undefined offset: 2 F:\wamp64\www\yoyo\Runtime\Cache\Forum\24ded19c358067d9efdb58e594ffbf10.php 第 502 行.
NOTIC: [8] Use of undefined constant id - assumed 'id' F:\wamp64\www\yoyo\Runtime\Cache\Forum\24ded19c358067d9efdb58e594ffbf10.php 第 503 行.
NOTIC: [8] Undefined offset: 3 F:\wamp64\www\yoyo\Runtime\Cache\Forum\24ded19c358067d9efdb58e594ffbf10.php 第 502 行.
NOTIC: [8] Use of undefined constant id - assumed 'id' F:\wamp64\www\yoyo\Runtime\Cache\Forum\24ded19c358067d9efdb58e594ffbf10.php 第 503 行.
NOTIC: [8] Undefined offset: 4 F:\wamp64\www\yoyo\Runtime\Cache\Forum\24ded19c358067d9efdb58e594ffbf10.php 第 502 行.
NOTIC: [8] Use of undefined constant id - assumed 'id' F:\wamp64\www\yoyo\Runtime\Cache\Forum\24ded19c358067d9efdb58e594ffbf10.php 第 503 行.
NOTIC: [8] unserialize(): Error at offset 0 of 307 bytes F:\wamp64\www\yoyo\ThinkPHP\Library\Think\Cache\Driver\File.class.php 第 104 行.
SQL: SELECT * FROM `ocenter_adv_pos` WHERE `name` = 'right_bottom_forum' AND `path` = 'Forum/Index/index' AND `status` = 1 LIMIT 1   [ RunTime:0.001000s ]
NOTIC: [8] unserialize(): Error at offset 0 of 6 bytes F:\wamp64\www\yoyo\ThinkPHP\Library\Think\Cache\Driver\File.class.php 第 104 行.
SQL: SELECT * FROM `ocenter_adv` WHERE `pos_id` = 10001 AND `status` = 1 AND `start_time` < 1508980361 AND `end_time` > 1508980361 ORDER BY sort asc  [ RunTime:0.000000s ]
NOTIC: [2] Invalid argument supplied for foreach() F:\wamp64\www\yoyo\Application\Common\Model\AdvModel.class.php 第 31 行.
INFO: [ view_parse ] --START--
INFO: [ template_filter ] --START--
INFO: Run Behavior\ContentReplaceBehavior [ RunTime:0.001000s ]
INFO: [ template_filter ] --END-- [ RunTime:-0.086000s ]
SQL: SELECT * FROM `ocenter_auth_rule` WHERE `name` = 'Admin/Adv/adv' AND `status` = 1 LIMIT 1   [ RunTime:0.001000s ]
INFO: Run Behavior\ParseTemplateBehavior [ RunTime:0.009000s ]
INFO: [ view_parse ] --END-- [ RunTime:-0.014000s ]
INFO: [ view_filter ] --START--
INFO: Run Behavior\WriteHtmlCacheBehavior [ RunTime:0.000000s ]
INFO: [ view_filter ] --END-- [ RunTime:-0.023000s ]
SQL: SELECT `type`,`name`,`value` FROM `ocenter_config` WHERE `status` = 1  [ RunTime:0.000000s ]
NOTIC: [8] Undefined variable: token F:\wamp64\www\yoyo\Application\Common\Model\ModuleModel.class.php 第 242 行.
NOTIC: [8] Undefined variable: res F:\wamp64\www\yoyo\Application\Common\Common\role.php 第 147 行.
INFO: [ action_begin ] --START--
INFO: Run Common\Behavior\InitModuleInfoBehavior [ RunTime:0.000000s ]
INFO: [ action_begin ] --END-- [ RunTime:-0.391000s ]
NOTIC: [2] Missing argument 1 for Common\Widget\SuperLinksWidget::superLinks() F:\wamp64\www\yoyo\Application\Common\Widget\SuperLinksWidget.class.php 第 15 行.
SQL: SHOW COLUMNS FROM `ocenter_super_links` [ RunTime:0.000000s ]
SQL: SELECT * FROM `ocenter_super_links` WHERE ( status = 1 ) ORDER BY level desc,id asc  [ RunTime:0.000000s ]
NOTIC: [2] Invalid argument supplied for foreach() F:\wamp64\www\yoyo\Application\Common\Model\SuperLinksModel.class.php 第 37 行.
NOTIC: [8] Undefined variable: data F:\wamp64\www\yoyo\Application\Common\Model\SuperLinksModel.class.php 第 48 行.
NOTIC: [8] Undefined variable: param F:\wamp64\www\yoyo\Application\Common\Widget\SuperLinksWidget.class.php 第 19 行.
INFO: [ view_parse ] --START--
INFO: [ template_filter ] --START--
INFO: Run Behavior\ContentReplaceBehavior [ RunTime:0.000000s ]
INFO: [ template_filter ] --END-- [ RunTime:-0.109000s ]
INFO: Run Behavior\ParseTemplateBehavior [ RunTime:0.011000s ]
INFO: [ view_parse ] --END-- [ RunTime:-0.033000s ]
INFO: [ view_filter ] --START--
INFO: Run Behavior\WriteHtmlCacheBehavior [ RunTime:0.000000s ]
INFO: [ view_filter ] --END-- [ RunTime:-0.045000s ]
SQL: SELECT `value` FROM `ocenter_config` WHERE `name` = '_CONFIG_QRCODE_BOTTOM' LIMIT 1   [ RunTime:0.001000s ]
NOTIC: [8] Undefined variable: site F:\wamp64\www\yoyo\Runtime\Cache\Forum\24ded19c358067d9efdb58e594ffbf10.php 第 583 行.
INFO: [ pageFooter ] --START--
INFO: Run Addons\SuperLinks\SuperLinksAddon [ RunTime:0.001000s ]
INFO: [ pageFooter ] --END-- [ RunTime:0.001000s ]
SQL: SELECT `type`,`name`,`value` FROM `ocenter_config` WHERE `status` = 1  [ RunTime:0.001000s ]
NOTIC: [8] Undefined variable: token F:\wamp64\www\yoyo\Application\Common\Model\ModuleModel.class.php 第 242 行.
NOTIC: [8] Undefined variable: res F:\wamp64\www\yoyo\Application\Common\Common\role.php 第 147 行.
INFO: [ action_begin ] --START--
INFO: Run Common\Behavior\InitModuleInfoBehavior [ RunTime:0.000000s ]
INFO: [ action_begin ] --END-- [ RunTime:-0.417000s ]
SQL: SELECT `type`,`name`,`value` FROM `ocenter_config` WHERE `status` = 1  [ RunTime:0.001000s ]
NOTIC: [8] Undefined variable: token F:\wamp64\www\yoyo\Application\Common\Model\ModuleModel.class.php 第 242 行.
NOTIC: [8] Undefined variable: res F:\wamp64\www\yoyo\Application\Common\Common\role.php 第 147 行.
INFO: [ action_begin ] --START--
INFO: Run Common\Behavior\InitModuleInfoBehavior [ RunTime:0.000000s ]
INFO: [ action_begin ] --END-- [ RunTime:-0.423000s ]
INFO: Run Behavior\ParseTemplateBehavior [ RunTime:0.027000s ]
INFO: [ view_parse ] --END-- [ RunTime:-0.033000s ]
INFO: [ view_filter ] --START--
INFO: Run Behavior\WriteHtmlCacheBehavior [ RunTime:0.000000s ]
INFO: [ view_filter ] --END-- [ RunTime:-0.062000s ]
INFO: [ app_end ] --START--
INFO: Run Behavior\ShowPageTraceBehavior [ RunTime:0.001000s ]
INFO: [ app_end ] --END-- [ RunTime:0.001000s ]

